In file included from /usr/lib/python2.7/dist-packages/numpy/core/include/numpy/ndarraytypes.h:1761:0,
                 from /usr/lib/python2.7/dist-packages/numpy/core/include/numpy/ndarrayobject.h:17,
                 from /usr/lib/python2.7/dist-packages/numpy/core/include/numpy/arrayobject.h:4,
                 from /home/pinojc/.cache/scipy/python27_compiled/sc_9bade30717731f645b30a512f757f0fa1208.cpp:22:
/usr/lib/python2.7/dist-packages/numpy/core/include/numpy/npy_1_7_deprecated_api.h:15:2: warning: #warning "Using deprecated NumPy API, disable it by " "#defining NPY_NO_DEPRECATED_API NPY_1_7_API_VERSION" [-Wcpp]
 #warning "Using deprecated NumPy API, disable it by " \
  ^
gen	evals	avg    	std   	min    	max    
0  	100  	807.679	379.91	33.8957	1690.99 (33.895679604883682,)
1  	100  	791.619	368.028	27.6234	1503.52 (27.623370203451884,)
2  	100  	769.134	367.457	28.8965	1691.2  (27.623370203451884,)
3  	100  	749.353	345.89 	32.6692	1449.2  (27.623370203451884,)
4  	100  	701.631	341.914	27.8587	1510.09 (27.623370203451884,)
5  	100  	654.054	340.695	33.5234	1489.97 (27.623370203451884,)
6  	100  	616.614	336.133	32.789 	1422.82 (27.623370203451884,)
7  	100  	570.586	334.131	27.2458	1446.06 (27.245771368248334,)
8  	100  	534.498	362.403	21.2149	1482    (21.214908502133714,)
9  	100  	491.826	388.213	17.9066	1642.14 (17.906599458608561,)
10 	100  	475.06 	374.165	19.0581	1545.1  (17.906599458608561,)
11 	100  	460.694	364.495	16.5031	1564.61 (16.503091054913643,)
12 	100  	414.128	333.602	15.6109	1472.68 (15.61089387264472,)
13 	100  	343.711	341.428	14.1547	1457.07 (14.154722973094234,)
14 	100  	334.006	340.69 	12.6259	1294.68 (12.625882103449502,)
15 	100  	288.341	320.317	13.1515	1426.55 (12.625882103449502,)
16 	100  	248.521	300.162	11.1801	1264.96 (11.180134970710334,)
17 	100  	228.727	316.983	11.7983	1474.06 (11.180134970710334,)
18 	100  	216.675	313.976	11.8782	1284.97 (11.180134970710334,)
19 	100  	200.486	303.909	11.4796	1441.69 (11.180134970710334,)
20 	100  	173.897	284.019	11.1194	1395.25 (11.119442982292448,)
21 	100  	194.233	326.683	9.95302	1350.09 (9.9530228491950936,)
22 	100  	182.543	308.647	8.81749	1432.74 (8.8174940771927091,)
23 	100  	183.887	308.866	8.29594	1340.75 (8.2959426449107543,)
24 	100  	167.781	288.04 	9.01501	1390.97 (8.2959426449107543,)
25 	100  	166.189	277.332	8.4766 	1433.34 (8.2959426449107543,)
26 	100  	158.133	272.687	7.98413	1321.2  (7.9841339563896403,)
27 	100  	160.077	268.682	7.37065	1280.26 (7.3706530219430428,)
28 	100  	148.305	258.655	8.30049	1198.96 (7.3706530219430428,)
29 	100  	144.685	243.972	7.50099	1171.89 (7.3706530219430428,)
30 	100  	146.024	237.606	6.35148	1221.21 (6.3514795128684831,)
31 	100  	150.696	244.423	6.39453	1427.19 (6.3514795128684831,)
32 	100  	155.969	242.475	7.24591	1206.92 (6.3514795128684831,)
33 	100  	156.104	244.879	6.42679	1219.06 (6.3514795128684831,)
34 	100  	142.889	242.351	6.45398	1275.66 (6.3514795128684831,)
35 	100  	147.574	236.501	5.86779	1113.64 (5.8677899464838017,)
36 	100  	144.814	254.215	6.47046	1301.28 (5.8677899464838017,)
37 	100  	137.51 	252.066	6.21071	1299.33 (5.8677899464838017,)
38 	100  	144.47 	245.023	6.36315	1272.13 (5.8677899464838017,)
39 	100  	144.551	244.918	7.34947	1225.97 (5.8677899464838017,)
40 	100  	141.992	252.326	6.17709	1248.67 (5.8677899464838017,)
41 	100  	131.727	242.71 	5.89121	1232.28 (5.8677899464838017,)
42 	100  	146.816	257.335	5.95905	1329.61 (5.8677899464838017,)
43 	100  	134.708	241.857	6.07726	1303.51 (5.8677899464838017,)
44 	100  	136.076	239.486	5.11445	1267.4  (5.1144471991355482,)
45 	100  	119.175	238.957	5.47147	1126.64 (5.1144471991355482,)
46 	100  	130.989	259.875	5.40419	1339.26 (5.1144471991355482,)
47 	100  	136.355	256.392	5.41687	1269.05 (5.1144471991355482,)
48 	100  	135.528	241.864	7.08221	1079.42 (5.1144471991355482,)
49 	100  	136.857	243.56 	4.73852	1171.74 (4.7385226576039878,)
50 	100  	144.525	249.956	5.16359	1199.24 (4.7385226576039878,)
51 	100  	139.013	254.942	4.9952 	1258.37 (4.7385226576039878,)
52 	100  	133.33 	251.585	4.44978	1268.63 (4.4497819023301899,)
53 	100  	131.425	248.528	5.24443	1351.02 (4.4497819023301899,)
54 	100  	126.196	229.464	5.23177	1290.59 (4.4497819023301899,)
55 	100  	136.517	257.536	4.73367	1425.87 (4.4497819023301899,)
56 	100  	135.65 	261.745	4.58064	1382.34 (4.4497819023301899,)
57 	100  	136.22 	255.764	4.92257	1400.46 (4.4497819023301899,)
58 	100  	125.077	242.918	4.86538	1374.01 (4.4497819023301899,)
59 	100  	124.1  	247.815	4.46186	1254.21 (4.4497819023301899,)
60 	100  	130.336	248.136	5.17402	1255.33 (4.4497819023301899,)
61 	100  	128.141	244.621	4.20121	1199.28 (4.2012077778139476,)
62 	100  	132.101	237.222	4.27635	1368.94 (4.2012077778139476,)
63 	100  	128.551	239.733	4.54893	1370.55 (4.2012077778139476,)
64 	100  	135.699	239.819	4.66011	1310.38 (4.2012077778139476,)
65 	100  	124.865	225.341	4.52883	1197.54 (4.2012077778139476,)
66 	100  	133.876	235.67 	4.2293 	1206.47 (4.2012077778139476,)
67 	100  	125.013	226.925	4.4433 	1201.88 (4.2012077778139476,)
68 	100  	129.735	238.142	4.48357	1437.01 (4.2012077778139476,)
69 	100  	121.622	223.364	5.35663	1264.41 (4.2012077778139476,)
70 	100  	126.723	225.968	4.34294	1180.23 (4.2012077778139476,)
71 	100  	118.644	218.58 	4.41689	1257.35 (4.2012077778139476,)
72 	100  	130.009	217.812	4.11403	1291.06 (4.1140320901013716,)
73 	100  	126.394	224.719	4.31838	1281.05 (4.1140320901013716,)
74 	100  	105.351	213.03 	4.36294	1285.15 (4.1140320901013716,)
75 	100  	134.98 	230.087	4.33345	1394.86 (4.1140320901013716,)
76 	100  	125.27 	222.28 	4.39061	1461.25 (4.1140320901013716,)
77 	100  	120.936	224.979	4.0747 	1494.44 (4.0746990714826854,)
78 	100  	115.262	223.738	3.89072	1425.95 (3.8907214719386252,)
79 	100  	113.096	215.442	3.87439	1425.92 (3.8743878279297679,)
80 	100  	110.714	214.398	3.66418	1206.32 (3.6641801498414361,)
81 	100  	107.574	223.607	3.95593	1211.9  (3.6641801498414361,)
82 	100  	100.68 	210.444	4.00381	1244.4  (3.6641801498414361,)
83 	100  	102.789	210.448	3.70371	1179.89 (3.6641801498414361,)
84 	100  	112.962	209.392	3.82266	1104.93 (3.6641801498414361,)
85 	100  	115.846	198.872	3.84168	1159.19 (3.6641801498414361,)
86 	100  	118.495	201.533	4.16362	1066.31 (3.6641801498414361,)
87 	100  	119.282	207.57 	4.52801	1211.05 (3.6641801498414361,)
88 	100  	118.693	213.919	3.99762	1251.51 (3.6641801498414361,)
89 	100  	109.53 	201.31 	3.81147	1213.7  (3.6641801498414361,)
90 	100  	125.979	216.747	4.46363	1150.5  (3.6641801498414361,)
91 	100  	123.178	207.036	3.48692	1172.94 (3.4869167638882077,)
92 	100  	116.298	220.662	4.1762 	1310.14 (3.4869167638882077,)
93 	100  	120.334	222.83 	3.75368	1331.75 (3.4869167638882077,)
94 	100  	115.861	214.504	3.26994	1314.05 (3.2699443306754712,)
95 	100  	116.142	214.352	3.91169	1297.16 (3.2699443306754712,)
96 	100  	115.103	215.354	4.05918	1336.78 (3.2699443306754712,)
97 	100  	109.622	213.636	3.57904	1351.67 (3.2699443306754712,)
98 	100  	113.556	205.704	3.92898	1272.13 (3.2699443306754712,)
99 	100  	118.047	207.764	3.68902	1188.24 (3.2699443306754712,)
100	100  	115.116	223.798	3.64261	1204.23 (3.2699443306754712,)
101	100  	117.136	214.225	3.78636	1224.84 (3.2699443306754712,)
102	100  	118.694	210.693	3.53762	1181.2  (3.2699443306754712,)
103	100  	120.297	218.312	3.99556	1232.64 (3.2699443306754712,)
104	100  	112.589	218.756	4.10644	1236.91 (3.2699443306754712,)
105	100  	106.375	218.984	3.38018	1242.25 (3.2699443306754712,)
106	100  	116.101	226.093	4.23415	1261.61 (3.2699443306754712,)
107	100  	124.178	218.736	4.76855	1298.3  (3.2699443306754712,)
108	100  	119.065	219.879	3.87107	1218.74 (3.2699443306754712,)
109	100  	120.445	221.134	3.715  	1229.64 (3.2699443306754712,)
110	100  	118.043	208.716	3.56719	1072.34 (3.2699443306754712,)
111	100  	121.538	214.349	3.79605	1062.85 (3.2699443306754712,)
112	100  	124.037	228.511	3.56881	1329.62 (3.2699443306754712,)
113	100  	115.057	216.893	3.08571	1346.33 (3.0857059895021703,)
114	100  	106.189	216.309	3.10828	1270.93 (3.0857059895021703,)
115	100  	119.656	226.372	3.51884	1324.34 (3.0857059895021703,)
116	100  	121.148	219.813	3.8546 	1193.3  (3.0857059895021703,)
117	100  	114.897	218.041	3.38252	1095.61 (3.0857059895021703,)
118	100  	122.376	210.464	3.8179 	1143.75 (3.0857059895021703,)
119	100  	118.373	210.637	3.60358	1137.07 (3.0857059895021703,)
120	100  	127.939	217.386	3.21869	1260.63 (3.0857059895021703,)
121	100  	113.019	217.674	4.12984	1321.27 (3.0857059895021703,)
122	100  	118.277	228.802	3.86952	1356.33 (3.0857059895021703,)
123	100  	123.225	238.609	4.14114	1400.15 (3.0857059895021703,)
124	100  	114.874	222.454	3.64573	1342.07 (3.0857059895021703,)
125	100  	115.135	236.534	3.40776	1262.95 (3.0857059895021703,)
126	100  	113.223	234.006	3.13351	1223.01 (3.0857059895021703,)
127	100  	124.15 	237.575	3.73128	1179.16 (3.0857059895021703,)
128	100  	122.89 	232.981	4.42921	1311.73 (3.0857059895021703,)
129	100  	121.814	227.701	4.32612	1318.26 (3.0857059895021703,)
130	100  	128.228	238.41 	3.31224	1286.28 (3.0857059895021703,)
131	100  	119.395	219.441	3.77449	1147.57 (3.0857059895021703,)
132	100  	120.941	221.775	3.52764	1175.98 (3.0857059895021703,)
133	100  	113.08 	222.322	3.32736	1205.24 (3.0857059895021703,)
134	100  	119.613	229.671	3.05002	1131.86 (3.0500245250217355,)
135	100  	118.75 	217.615	2.93148	1106.02 (2.9314787459037941,)
136	100  	113.191	212.753	3.33194	1092.03 (2.9314787459037941,)
137	100  	112.025	213.109	3.62796	1083.86 (2.9314787459037941,)
138	100  	116.824	211.835	3.53659	1231.2  (2.9314787459037941,)
139	100  	105.147	210.639	3.35095	1227.57 (2.9314787459037941,)
140	100  	125.721	214.894	4.18015	1201.07 (2.9314787459037941,)
141	100  	117.529	231.409	2.72895	1274.23 (2.7289508708589447,)
142	100  	109.461	228.577	2.97318	1317.68 (2.7289508708589447,)
143	100  	109.127	225.253	3.75268	1352.51 (2.7289508708589447,)
144	100  	115.076	225.715	2.48546	1426.95 (2.4854632197144451,)
145	100  	110.711	212.761	3.25756	1387.55 (2.4854632197144451,)
146	100  	112.04 	237.119	2.6903 	1463.8  (2.4854632197144451,)
147	100  	108.942	219.12 	2.77126	1379.25 (2.4854632197144451,)
148	100  	113.195	194.591	3.23412	1318.78 (2.4854632197144451,)
149	100  	116.786	205.613	3.00824	1293.08 (2.4854632197144451,)
150	100  	109.63 	219.435	2.83454	1373.68 (2.4854632197144451,)
151	100  	112.444	222.662	3.01088	1248.44 (2.4854632197144451,)
152	100  	113.153	210.082	3.03174	1225.32 (2.4854632197144451,)
153	100  	110.392	212.856	3.19621	1167.29 (2.4854632197144451,)
154	100  	113.102	205.386	3.10068	1308.5  (2.4854632197144451,)
155	100  	109.165	220.83 	2.67712	1303.38 (2.4854632197144451,)
156	100  	130.56 	224.014	2.97795	1331.3  (2.4854632197144451,)
157	100  	122.984	215.228	2.76704	1301.55 (2.4854632197144451,)
158	100  	130.483	204.751	3.126  	1230.43 (2.4854632197144451,)
159	100  	114.247	211.36 	2.55542	1244.18 (2.4854632197144451,)
160	100  	115.694	207.909	2.63347	1283.26 (2.4854632197144451,)
161	100  	119.043	188.001	3.14275	1178.8  (2.4854632197144451,)
162	100  	103.028	184.589	3.11224	1086.87 (2.4854632197144451,)
163	100  	110.694	199.234	3.26904	1229.97 (2.4854632197144451,)
164	100  	113.282	217.04 	2.84077	1286.07 (2.4854632197144451,)
165	100  	104.773	228.368	3.30864	1320.76 (2.4854632197144451,)
166	100  	114.378	234.884	3.8192 	1423.09 (2.4854632197144451,)
167	100  	117.115	238.62 	2.98854	1413.99 (2.4854632197144451,)
168	100  	122.157	238.87 	2.42741	1411.91 (2.4274099184491211,)
169	100  	125.919	235.11 	2.5027 	1291.88 (2.4274099184491211,)
170	100  	124.606	221.774	2.67159	1384.55 (2.4274099184491211,)
171	100  	115.383	227.655	2.72918	1278.67 (2.4274099184491211,)
172	100  	118.299	234.399	2.35606	1351.06 (2.3560594111794608,)
173	100  	112.784	226.818	2.87587	1364.18 (2.3560594111794608,)
174	100  	113.581	221.636	2.7537 	1268.77 (2.3560594111794608,)
175	100  	118.548	227.17 	3.03236	1322.48 (2.3560594111794608,)
176	100  	119.2  	221.734	3.74491	1355.49 (2.3560594111794608,)
177	100  	115.413	207.463	2.54312	1248.34 (2.3560594111794608,)
178	100  	121.598	216.116	2.28757	1193.97 (2.2875657982226865,)
179	100  	115.823	221.187	2.56363	1192.63 (2.2875657982226865,)
180	100  	109.001	221.221	2.58765	1190.03 (2.2875657982226865,)
181	100  	116.523	215.224	2.59492	1248.61 (2.2875657982226865,)
182	100  	114.648	217.968	3.49775	1250.87 (2.2875657982226865,)
183	100  	114.146	209.383	2.75452	1197.89 (2.2875657982226865,)
184	100  	111.067	218.834	2.26284	1305.85 (2.2628351122140273,)
185	100  	119.417	231.977	2.2068 	1341.98 (2.2068026491361956,)
186	100  	115.732	216.132	2.82135	1265.94 (2.2068026491361956,)
187	100  	116.664	220.843	2.99543	1144.65 (2.2068026491361956,)
188	100  	115.087	223.226	4.14117	1285.22 (2.2068026491361956,)
189	100  	117.902	218.975	2.66239	1304.75 (2.2068026491361956,)
190	100  	111.987	206.785	2.52237	1224.19 (2.2068026491361956,)
191	100  	121.764	223.99 	2.61627	1242.05 (2.2068026491361956,)
192	100  	110.912	220.221	2.66903	1285.79 (2.2068026491361956,)
193	100  	124.963	215.729	2.83721	1291.24 (2.2068026491361956,)
194	100  	125.929	221.111	2.8749 	1300.51 (2.2068026491361956,)
195	100  	106.45 	207.592	2.07379	1183.17 (2.0737858106601483,)
196	100  	116.796	222.819	2.24144	1200.85 (2.0737858106601483,)
197	100  	123.503	238.852	2.55983	1282.62 (2.0737858106601483,)
198	100  	120.131	227.455	2.28587	1232.24 (2.0737858106601483,)
199	100  	122.388	216.182	2.59637	1199.68 (2.0737858106601483,)
200	100  	115.785	221.217	2.4513 	1339.78 (2.0737858106601483,)
201	100  	113.864	232.912	2.12335	1357.06 (2.0737858106601483,)
202	100  	117.208	225.881	2.10655	1436.82 (2.0737858106601483,)
203	100  	117.581	240.01 	2.28272	1486.58 (2.0737858106601483,)
204	100  	116.414	227.853	1.91946	1447.98 (1.919461787605905,)
205	100  	117.189	230.071	3.03991	1319.7  (1.919461787605905,)
206	100  	120.788	228.893	2.26965	1281.12 (1.919461787605905,)
207	100  	119.112	224.903	2.22499	1320.6  (1.919461787605905,)
208	100  	127.461	232.805	2.3204 	1264.47 (1.919461787605905,)
209	100  	122.249	224.188	2.38965	1154.86 (1.919461787605905,)
210	100  	108.907	206.826	2.96513	1076.15 (1.919461787605905,)
211	100  	111.198	198.272	2.30658	1124.17 (1.919461787605905,)
212	100  	111.249	206.169	2.20019	1248.38 (1.919461787605905,)
213	100  	113.11 	217.722	2.06165	1203.14 (1.919461787605905,)
214	100  	111.392	217.922	2.4144 	1242.31 (1.919461787605905,)
215	100  	115.302	216.99 	2.43828	1202.6  (1.919461787605905,)
216	100  	116.87 	211.136	2.20382	1173.31 (1.919461787605905,)
217	100  	119.731	224.512	2.87919	1273.7  (1.919461787605905,)
218	100  	125.546	223.523	2.13928	1289.69 (1.919461787605905,)
219	100  	117.155	219.17 	2.13962	1183.2  (1.919461787605905,)
220	100  	107.527	215.763	2.3167 	1265.66 (1.919461787605905,)
221	100  	115.656	221.424	2.12418	1168.76 (1.919461787605905,)
222	100  	122.541	237.336	2.20832	1211    (1.919461787605905,)
223	100  	120.812	228.781	2.11056	1361.7  (1.919461787605905,)
224	100  	114.032	219.524	2.43664	1250.87 (1.919461787605905,)
225	100  	118.065	224.892	2.20538	1239.61 (1.919461787605905,)
226	100  	114.051	222.037	2.38126	1271.43 (1.919461787605905,)
227	100  	122.626	212.38 	2.55985	1054.2  (1.919461787605905,)
228	100  	117.207	224.278	2.25739	1172.68 (1.919461787605905,)
229	100  	115.527	227.827	2.2454 	1282.26 (1.919461787605905,)
230	100  	116.512	230.531	1.77249	1314.78 (1.7724928908667339,)
231	100  	116.942	205.876	2.56892	1144.12 (1.7724928908667339,)
232	100  	127.739	225.294	1.90673	1176.26 (1.7724928908667339,)
233	100  	123.431	222.896	2.22827	1268.97 (1.7724928908667339,)
234	100  	111.578	216.08 	2.1677 	1284.44 (1.7724928908667339,)
235	100  	121.702	215.076	1.74067	1280.96 (1.7406720460520297,)
236	100  	127.318	212.128	2.1489 	1326.98 (1.7406720460520297,)
237	100  	110.11 	204.524	2.01286	1294.89 (1.7406720460520297,)
238	100  	106.6  	199.558	1.98237	1151.6  (1.7406720460520297,)
239	100  	112.926	216.844	2.08722	1262.28 (1.7406720460520297,)
240	100  	114.146	212.744	2.139  	1253.07 (1.7406720460520297,)
241	100  	116.815	233.32 	1.86029	1273.37 (1.7406720460520297,)
242	100  	119.807	212.46 	1.82551	1133.88 (1.7406720460520297,)
243	100  	126.494	217.599	2.04118	1240.55 (1.7406720460520297,)
244	100  	112.681	208.607	1.95036	1140.84 (1.7406720460520297,)
245	100  	119.487	217.142	2.08524	1207.87 (1.7406720460520297,)
246	100  	118.877	216.023	2.11868	1358.12 (1.7406720460520297,)
247	100  	121.48 	219.715	2.60971	1298.52 (1.7406720460520297,)
248	100  	119.015	219.938	2.22091	1246.91 (1.7406720460520297,)
249	100  	121.042	207.632	2.12497	1053.86 (1.7406720460520297,)
