In file included from /usr/lib/python2.7/dist-packages/numpy/core/include/numpy/ndarraytypes.h:1761:0,
                 from /usr/lib/python2.7/dist-packages/numpy/core/include/numpy/ndarrayobject.h:17,
                 from /usr/lib/python2.7/dist-packages/numpy/core/include/numpy/arrayobject.h:4,
                 from /home/pinojc/.cache/scipy/python27_compiled/sc_9bade30717731f645b30a512f757f0fa1239.cpp:22:
/usr/lib/python2.7/dist-packages/numpy/core/include/numpy/npy_1_7_deprecated_api.h:15:2: warning: #warning "Using deprecated NumPy API, disable it by " "#defining NPY_NO_DEPRECATED_API NPY_1_7_API_VERSION" [-Wcpp]
 #warning "Using deprecated NumPy API, disable it by " \
  ^
gen	evals	avg    	std   	min   	max    
0  	100  	881.969	384.07	68.271	1774.79 (68.270968101035066,)
1  	100  	866.925	403.201	77.4683	1698.89 (68.270968101035066,)
2  	100  	792.417	394.64 	116.161	1688.37 (68.270968101035066,)
3  	100  	744.287	418.178	41.6738	1683.16 (41.673754567821824,)
4  	100  	695.093	422.006	21.708 	1636.01 (21.708029837509162,)
5  	100  	611.359	400.012	67.3993	1552.46 (21.708029837509162,)
6  	100  	523.05 	378.217	23.4586	1405.13 (21.708029837509162,)
7  	100  	443.346	346.05 	33.6183	1342.31 (21.708029837509162,)
8  	100  	385.905	333.11 	19.5146	1353.01 (19.514559918016843,)
9  	100  	299.779	263.662	18.9556	1242.68 (18.955557337377471,)
10 	100  	254.216	238.637	15.7085	1074.69 (15.708511988983327,)
11 	100  	222.36 	218.698	21.0777	1056.57 (15.708511988983327,)
12 	100  	172.469	190.384	15.9804	958.616 (15.708511988983327,)
13 	100  	140.632	161.742	16.9471	957.26  (15.708511988983327,)
14 	100  	107.709	151.307	15.6588	984.811 (15.658822164594755,)
15 	100  	81.4176	124.373	13.5908	956.52  (13.590820850140888,)
16 	100  	79.9662	133.087	12.8228	958.179 (12.822826102876698,)
17 	100  	74.7558	126.8  	12.5544	938.222 (12.554420763566059,)
18 	100  	69.2732	121.371	11.0342	966.644 (11.034151825548708,)
19 	100  	62.6589	124.535	10.2396	944.834 (10.239592252857062,)
20 	100  	64.1491	116.597	9.90245	976.573 (9.9024455354782006,)
21 	100  	63.6455	123.087	8.98755	942.563 (8.9875500696645307,)
22 	100  	59.569 	123.62 	10.2496	947.721 (8.9875500696645307,)
23 	100  	66.2099	129.401	9.58821	947.871 (8.9875500696645307,)
24 	100  	62.036 	120.791	8.8898 	940.65  (8.8898027394824997,)
25 	100  	59.9586	120.111	8.16366	946.04  (8.1636644896677346,)
26 	100  	58.7695	115.858	8.63436	921.428 (8.1636644896677346,)
27 	100  	64.1407	121.828	9.33387	935.561 (8.1636644896677346,)
28 	100  	64.6885	121.164	8.49057	926.402 (8.1636644896677346,)
29 	100  	58.6494	118.387	7.82918	963.533 (7.8291770130620755,)
30 	100  	63.5157	113.019	7.74052	963.956 (7.7405221247366116,)
31 	100  	61.2145	114.265	7.53   	978.95  (7.5299992230215356,)
32 	100  	56.4145	114.592	7.13653	966.248 (7.1365306785948377,)
33 	100  	59.7257	125.184	7.59054	974.35  (7.1365306785948377,)
34 	100  	59.4387	112.086	6.86375	955.794 (6.8637515246508691,)
35 	100  	51.6214	106.205	7.36942	979.489 (6.8637515246508691,)
36 	100  	58.6608	116.035	7.18366	999.839 (6.8637515246508691,)
37 	100  	55.2983	110.728	7.79748	991.44  (6.8637515246508691,)
38 	100  	53.2345	111.162	6.57531	968.592 (6.5753054736837511,)
39 	100  	58.6652	116.735	6.49027	932.793 (6.4902688443997896,)
40 	100  	60.2138	119.018	7.18337	944.451 (6.4902688443997896,)
41 	100  	57.2201	110.097	6.02743	943.499 (6.0274303648350447,)
42 	100  	57.1587	113.228	6.48909	948.037 (6.0274303648350447,)
43 	100  	55.3878	115.605	6.95118	961.78  (6.0274303648350447,)
44 	100  	59.0818	115.216	6.6164 	943.085 (6.0274303648350447,)
45 	100  	50.7943	101.953	6.42759	923.558 (6.0274303648350447,)
46 	100  	47.8802	106.493	6.49857	940.514 (6.0274303648350447,)
47 	100  	46.5466	118.06 	6.30172	957.101 (6.0274303648350447,)
48 	100  	48.7966	114.897	5.93448	934.36  (5.9344766282996684,)
49 	100  	50.9518	116.873	5.43574	970.849 (5.4357444333262723,)
50 	100  	50.6261	124.086	5.37855	940.586 (5.3785511784788724,)
51 	100  	54.1436	109.753	5.64927	928.226 (5.3785511784788724,)
52 	100  	51.9581	108.916	5.80205	962.224 (5.3785511784788724,)
53 	100  	56.2327	105.853	6.29873	925.011 (5.3785511784788724,)
54 	100  	55.779 	105.315	6.15797	919.06  (5.3785511784788724,)
55 	100  	57.8146	109.713	5.76791	930.746 (5.3785511784788724,)
56 	100  	48.509 	107.727	5.62849	939.765 (5.3785511784788724,)
57 	100  	57.4912	116.207	5.42598	954.188 (5.3785511784788724,)
58 	100  	57.3474	124.805	5.58789	980.437 (5.3785511784788724,)
59 	100  	50.4956	107.587	5.36149	981.89  (5.3614940735520173,)
60 	100  	48.7303	109.485	5.56678	980.555 (5.3614940735520173,)
61 	100  	45.6368	110.468	5.19708	979.439 (5.1970752254313908,)
62 	100  	56.1018	111.844	6.20682	986.29  (5.1970752254313908,)
63 	100  	51.1404	116.175	6.16466	971.974 (5.1970752254313908,)
64 	100  	50.4924	118.021	5.10653	981.599 (5.1065313451689729,)
65 	100  	47.8182	109.041	5.27725	956.669 (5.1065313451689729,)
66 	100  	44.2426	107.814	5.18649	934.149 (5.1065313451689729,)
67 	100  	53.988 	110.248	5.71982	944.251 (5.1065313451689729,)
68 	100  	50.6981	106.598	5.92651	945.329 (5.1065313451689729,)
69 	100  	53.4198	122.553	5.42156	942.018 (5.1065313451689729,)
70 	100  	52.5979	107.942	4.67112	946.419 (4.6711175139188068,)
71 	100  	56.622 	114.494	4.99422	954.927 (4.6711175139188068,)
72 	100  	56.9077	112.31 	4.83056	951.443 (4.6711175139188068,)
73 	100  	53.5538	107.714	5.69692	941.53  (4.6711175139188068,)
74 	100  	57.5253	112.04 	4.69567	966.859 (4.6711175139188068,)
75 	100  	55.3436	114.187	5.08583	961.955 (4.6711175139188068,)
76 	100  	50.8634	106.554	5.17355	945.168 (4.6711175139188068,)
77 	100  	47.7452	109.743	4.67481	950.095 (4.6711175139188068,)
78 	100  	51.4006	118.936	4.62166	950.035 (4.6216565076411511,)
79 	100  	52.1487	114.286	4.86582	979.926 (4.6216565076411511,)
80 	100  	52.7094	110.947	5.28008	966.439 (4.6216565076411511,)
81 	100  	58.9076	111.153	4.27549	991.971 (4.2754902844518767,)
82 	100  	56.3717	111.223	5.02196	965.37  (4.2754902844518767,)
83 	100  	54.7391	108.313	4.64359	935.933 (4.2754902844518767,)
84 	100  	55.8691	111.369	4.77445	958.546 (4.2754902844518767,)
85 	100  	55.3223	120.66 	5.19243	995.759 (4.2754902844518767,)
86 	100  	58.2953	117.949	4.58446	987.992 (4.2754902844518767,)
87 	100  	50.5406	111.078	5.24192	975.682 (4.2754902844518767,)
88 	100  	58.2483	110.406	4.7577 	971.591 (4.2754902844518767,)
89 	100  	56.8773	114.734	4.27169	946.978 (4.2716864507810612,)
90 	100  	55.866 	108.295	4.79155	940.926 (4.2716864507810612,)
91 	100  	59.2127	103.302	4.66805	939.985 (4.2716864507810612,)
92 	100  	52.4653	109.063	5.09687	929.64  (4.2716864507810612,)
93 	100  	55.6089	110.493	3.83034	910.5   (3.8303352086283691,)
94 	100  	53.0859	108.821	3.82747	940.056 (3.8274661588160743,)
95 	100  	46.369 	105.221	4.25089	959.761 (3.8274661588160743,)
96 	100  	48.6508	112.103	4.27654	980.433 (3.8274661588160743,)
97 	100  	52.7847	110.871	4.85237	956.748 (3.8274661588160743,)
98 	100  	54.197 	103.904	4.40583	957.063 (3.8274661588160743,)
99 	100  	47.9402	108.275	4.21263	962.647 (3.8274661588160743,)
100	100  	52.3734	101.542	4.10753	944.477 (3.8274661588160743,)
101	100  	52.9527	116.289	4.75408	973.238 (3.8274661588160743,)
102	100  	48.9373	110.634	3.96922	973.277 (3.8274661588160743,)
103	100  	53.0914	117.671	4.52756	982.722 (3.8274661588160743,)
104	100  	54.07  	114.762	4.04483	961.062 (3.8274661588160743,)
105	100  	47.862 	112.195	4.08946	949.945 (3.8274661588160743,)
106	100  	49.2644	104.613	4.01459	950.169 (3.8274661588160743,)
107	100  	59.3623	117.999	3.52834	984.474 (3.528339260979843,)
108	100  	55.9832	110.49 	4.36539	987.044 (3.528339260979843,)
109	100  	54.6421	112.982	3.46501	973.896 (3.4650081017992242,)
110	100  	54.2451	115.096	4.05207	968.545 (3.4650081017992242,)
111	100  	53.4774	110.384	3.85594	962.968 (3.4650081017992242,)
112	100  	52.1404	114.662	4.49074	991.295 (3.4650081017992242,)
113	100  	46.809 	109.894	3.72065	960.346 (3.4650081017992242,)
114	100  	57.1067	112.249	3.84981	983.107 (3.4650081017992242,)
115	100  	55.0455	112.905	5.15475	992.213 (3.4650081017992242,)
116	100  	51.7557	110.244	3.89485	970.029 (3.4650081017992242,)
117	100  	53.4571	118.794	4.06335	996.645 (3.4650081017992242,)
118	100  	50.5712	109.647	3.82311	974.318 (3.4650081017992242,)
119	100  	50.3564	109.824	3.90678	991.116 (3.4650081017992242,)
120	100  	52.0025	112.04 	3.5302 	973.573 (3.4650081017992242,)
121	100  	50.4804	103.24 	4.39149	951.115 (3.4650081017992242,)
122	100  	50.2302	102.153	3.44549	945.408 (3.4454873993611694,)
123	100  	53.5888	108.204	3.48155	977.415 (3.4454873993611694,)
124	100  	48.2431	102.997	3.72261	969.63  (3.4454873993611694,)
125	100  	50.4345	104.939	4.34013	951.003 (3.4454873993611694,)
126	100  	52.4156	106.176	3.77475	946.979 (3.4454873993611694,)
127	100  	50.1437	106.197	4.25172	955.473 (3.4454873993611694,)
128	100  	55.2995	109.05 	4.1616 	966.353 (3.4454873993611694,)
129	100  	52.9542	107.873	3.69383	984.695 (3.4454873993611694,)
130	100  	54.2523	113.684	3.45385	984.439 (3.4454873993611694,)
131	100  	55.5128	110.112	3.80519	979.869 (3.4454873993611694,)
132	100  	53.2834	109.389	3.2352 	995.287 (3.2351970291003664,)
133	100  	51.0913	116.065	3.04493	1016.34 (3.0449294570857077,)
134	100  	55.5962	127.413	3.41366	1065.89 (3.0449294570857077,)
135	100  	49.5498	114.881	3.87921	976.791 (3.0449294570857077,)
136	100  	50.1903	111.215	3.28662	973.638 (3.0449294570857077,)
137	100  	55.0921	114.523	3.71618	971.884 (3.0449294570857077,)
138	100  	57.4534	113.922	3.79935	973.791 (3.0449294570857077,)
139	100  	51.015 	109.308	4.0541 	989.915 (3.0449294570857077,)
140	100  	51.7316	114.331	3.55594	973.282 (3.0449294570857077,)
141	100  	56.0205	112.255	3.73698	962.58  (3.0449294570857077,)
142	100  	56.1524	116.379	3.40027	963.312 (3.0449294570857077,)
143	100  	55.5216	113.536	3.82471	960.671 (3.0449294570857077,)
144	100  	54.7832	114.559	3.32884	973.668 (3.0449294570857077,)
145	100  	50.8325	115.56 	3.41685	981.187 (3.0449294570857077,)
146	100  	52.0443	104.091	3.4286 	960.49  (3.0449294570857077,)
147	100  	50.5144	106.232	3.06995	962.694 (3.0449294570857077,)
148	100  	51.4531	104.19 	3.25971	972.97  (3.0449294570857077,)
149	100  	53.1214	109.584	3.66705	996.866 (3.0449294570857077,)
150	100  	56.8187	116.469	2.97354	1022.4  (2.9735440954044825,)
151	100  	48.634 	110.28 	3.49972	1009.65 (2.9735440954044825,)
152	100  	49.6428	110.157	3.39448	976.579 (2.9735440954044825,)
153	100  	60.5561	107.538	4.01942	953.532 (2.9735440954044825,)
154	100  	50.9705	101.518	3.01401	956.756 (2.9735440954044825,)
155	100  	43.5501	104.844	2.63606	965.076 (2.6360584181732185,)
156	100  	49.4113	114.827	3.61284	977.62  (2.6360584181732185,)
157	100  	51.2692	113.088	3.25677	965.31  (2.6360584181732185,)
158	100  	54.9802	109.271	3.05844	932.498 (2.6360584181732185,)
159	100  	46.4238	109.392	2.58754	953.813 (2.5875428017730009,)
160	100  	52.3198	107.371	3.09308	953.527 (2.5875428017730009,)
161	100  	49.1188	103.246	2.67071	952.894 (2.5875428017730009,)
162	100  	56.1035	113.383	3.37586	946.214 (2.5875428017730009,)
163	100  	57.9717	119.179	2.99299	949.991 (2.5875428017730009,)
164	100  	53.3591	114.13 	3.41532	955.747 (2.5875428017730009,)
165	100  	58.9863	117.638	2.69788	955.166 (2.5875428017730009,)
166	100  	56.3716	112.08 	3.22401	939.764 (2.5875428017730009,)
167	100  	56.8863	110.636	2.70051	941.565 (2.5875428017730009,)
168	100  	60.3012	117.951	2.84445	968.999 (2.5875428017730009,)
169	100  	55.3868	110.713	2.86882	945.57  (2.5875428017730009,)
170	100  	56.3103	111.849	2.91782	974.571 (2.5875428017730009,)
171	100  	54.6422	115.043	2.82835	987.325 (2.5875428017730009,)
172	100  	57.4207	110.817	3.09851	991.896 (2.5875428017730009,)
173	100  	54.3044	107.094	3.05433	992.481 (2.5875428017730009,)
174	100  	53.6598	117.148	2.95694	996.653 (2.5875428017730009,)
175	100  	52.4016	111.709	3.29298	998.271 (2.5875428017730009,)
176	100  	55.0944	107.572	2.70129	982.621 (2.5875428017730009,)
177	100  	53.3993	110.71 	2.86231	1005.07 (2.5875428017730009,)
178	100  	64.4349	111.743	2.98781	988.848 (2.5875428017730009,)
179	100  	62.5583	117.383	3.16705	966.67  (2.5875428017730009,)
180	100  	53.7169	112.142	2.93275	967.944 (2.5875428017730009,)
181	100  	50.6472	110.249	2.94023	967.672 (2.5875428017730009,)
182	100  	56.7889	123.31 	2.72977	960.154 (2.5875428017730009,)
183	100  	58.9722	112.451	3.11713	928.783 (2.5875428017730009,)
184	100  	53.0124	112.413	3.55715	917.755 (2.5875428017730009,)
185	100  	57.7885	118.199	3.09313	942.557 (2.5875428017730009,)
186	100  	58.6112	114.13 	2.7428 	936.144 (2.5875428017730009,)
187	100  	54.3692	109.453	2.84118	915.911 (2.5875428017730009,)
188	100  	61.4245	117.004	3.20592	922.731 (2.5875428017730009,)
189	100  	54.5255	112.971	3.43224	929.246 (2.5875428017730009,)
190	100  	58.1218	114.175	2.85742	949.444 (2.5875428017730009,)
191	100  	51.9274	116.173	2.64857	969.962 (2.5875428017730009,)
192	100  	47.2345	110.923	2.77327	990.335 (2.5875428017730009,)
193	100  	52.9721	114.337	2.79564	995.832 (2.5875428017730009,)
194	100  	50.6617	111.203	3.10733	974.252 (2.5875428017730009,)
195	100  	51.2988	113.589	3.12793	979.948 (2.5875428017730009,)
196	100  	52.7498	111.763	3.29364	969.912 (2.5875428017730009,)
197	100  	48.4436	113.224	3.17882	973.242 (2.5875428017730009,)
198	100  	58.5568	117.844	2.90374	946.083 (2.5875428017730009,)
199	100  	55.2176	114.096	2.56099	940.034 (2.5609932633592569,)
200	100  	55.7665	100.238	2.69283	922.553 (2.5609932633592569,)
201	100  	54.1957	103.893	2.59934	940.357 (2.5609932633592569,)
202	100  	50.1584	107.482	3.63519	935.406 (2.5609932633592569,)
203	100  	55.3485	116.025	2.73379	962.47  (2.5609932633592569,)
204	100  	61.3945	111.161	3.023  	953.392 (2.5609932633592569,)
205	100  	61.9721	118.286	3.3874 	962.018 (2.5609932633592569,)
206	100  	52.2679	105.746	2.91791	980.11  (2.5609932633592569,)
207	100  	52.8498	109.715	3.04763	954.774 (2.5609932633592569,)
208	100  	54.1959	112.824	2.71258	954.815 (2.5609932633592569,)
209	100  	56.8272	116.249	2.45949	956.87  (2.4594914716211456,)
210	100  	47.9675	117.415	2.95011	979.056 (2.4594914716211456,)
211	100  	49.3992	117.334	2.5697 	974.875 (2.4594914716211456,)
212	100  	54.4165	115.83 	2.97001	982.095 (2.4594914716211456,)
213	100  	61.4931	113.956	3.08499	986.222 (2.4594914716211456,)
214	100  	59.1756	123.318	3.00226	983.21  (2.4594914716211456,)
215	100  	52.2096	109.47 	3.37329	979.706 (2.4594914716211456,)
216	100  	51.0678	114.553	2.72338	1002.72 (2.4594914716211456,)
217	100  	51.2122	113.503	2.61536	1005.97 (2.4594914716211456,)
218	100  	47.6413	111.474	2.82463	1000.15 (2.4594914716211456,)
219	100  	50.3616	133.784	3.44683	1194.94 (2.4594914716211456,)
220	100  	50.3955	109.006	2.88024	989.108 (2.4594914716211456,)
221	100  	58.3108	110.473	2.81177	989.823 (2.4594914716211456,)
222	100  	58.6827	115.106	3.59691	1007.88 (2.4594914716211456,)
223	100  	55.3221	110.952	3.3554 	991.213 (2.4594914716211456,)
224	100  	51.6934	114.691	2.82764	1003.74 (2.4594914716211456,)
225	100  	53.8369	110.85 	2.76898	986.139 (2.4594914716211456,)
226	100  	56.2211	110.341	2.80177	965.648 (2.4594914716211456,)
227	100  	62.305 	113.35 	3.22242	952.861 (2.4594914716211456,)
228	100  	54.5649	119.024	2.85635	937.457 (2.4594914716211456,)
229	100  	47.5235	111.501	2.92072	951.76  (2.4594914716211456,)
230	100  	53.6065	107.147	3.40111	939.087 (2.4594914716211456,)
231	100  	44.1688	102.339	2.74885	924.648 (2.4594914716211456,)
232	100  	50.938 	111.731	3.0752 	950.101 (2.4594914716211456,)
233	100  	52.6583	111.94 	3.39686	947.713 (2.4594914716211456,)
234	100  	52.5518	108.552	2.70649	965.753 (2.4594914716211456,)
235	100  	53.0284	112.757	3.04554	960.063 (2.4594914716211456,)
236	100  	60.1124	112.86 	2.76511	989.193 (2.4594914716211456,)
237	100  	64.9973	113.51 	2.11577	968.871 (2.115768755569488,)
238	100  	59.1875	110.491	2.86394	949.582 (2.115768755569488,)
239	100  	55.7175	115.775	2.36499	947.651 (2.115768755569488,)
240	100  	53.1339	109.281	2.30313	978.498 (2.115768755569488,)
241	100  	60.4881	117.168	2.40216	975.839 (2.115768755569488,)
242	100  	59.3752	117.677	2.31115	1002.25 (2.115768755569488,)
243	100  	54.7061	111.653	2.40522	980.434 (2.115768755569488,)
244	100  	55.6932	109.535	2.30849	961.562 (2.115768755569488,)
245	100  	54.7046	121.203	2.37538	973.882 (2.115768755569488,)
246	100  	53.3107	117.181	3.11373	948.376 (2.115768755569488,)
247	100  	56.8603	109.388	2.78652	944.488 (2.115768755569488,)
248	100  	54.891 	111.715	2.62821	948.413 (2.115768755569488,)
249	100  	65.229 	112.248	2.37535	959.092 (2.115768755569488,)
