In file included from /usr/lib/python2.7/dist-packages/numpy/core/include/numpy/ndarraytypes.h:1761:0,
                 from /usr/lib/python2.7/dist-packages/numpy/core/include/numpy/ndarrayobject.h:17,
                 from /usr/lib/python2.7/dist-packages/numpy/core/include/numpy/arrayobject.h:4,
                 from /home/pinojc/.cache/scipy/python27_compiled/sc_9bade30717731f645b30a512f757f0fa1322.cpp:22:
/usr/lib/python2.7/dist-packages/numpy/core/include/numpy/npy_1_7_deprecated_api.h:15:2: warning: #warning "Using deprecated NumPy API, disable it by " "#defining NPY_NO_DEPRECATED_API NPY_1_7_API_VERSION" [-Wcpp]
 #warning "Using deprecated NumPy API, disable it by " \
  ^
gen	evals	avg   	std    	min    	max    
0  	100  	878.24	375.451	112.101	1664.46 (112.10081688255079,)
1  	100  	842.825	377.479	121.589	1713.15 (112.10081688255079,)
2  	100  	778.762	391.541	52.9187	1755.11 (52.918696881773833,)
3  	100  	715.19 	371.248	60.7731	1472.53 (52.918696881773833,)
4  	100  	688.076	380.433	100.614	1573.4  (52.918696881773833,)
5  	100  	631.023	368.984	53.6899	1660.33 (52.918696881773833,)
6  	100  	611.468	359.447	61.3806	1632.09 (52.918696881773833,)
7  	100  	577.448	342.018	48.0132	1507.86 (48.013186246393289,)
8  	100  	490.515	347.262	26.8402	1583.68 (26.840203333839529,)
9  	100  	436.667	355.113	14.3868	1643.83 (14.386819504252776,)
10 	100  	405.179	362.915	13.7808	1679.1  (13.780818820204043,)
11 	100  	346.556	309.819	15.3731	1238.43 (13.780818820204043,)
12 	100  	302.486	300.923	12.9738	1216.79 (12.97381541286056,)
13 	100  	269.748	310.426	11.5548	1549.96 (11.554761801647174,)
14 	100  	233.999	298.858	11.6154	1509.65 (11.554761801647174,)
15 	100  	218.771	279.809	12.6285	1100.18 (11.554761801647174,)
16 	100  	202.404	276.138	11.5485	1343.82 (11.548498989763942,)
17 	100  	187.143	285.748	11.0796	1292.55 (11.079565825218385,)
18 	100  	207.937	262.411	13.8274	1370.16 (11.079565825218385,)
19 	100  	190.306	287.589	11.1005	1465.75 (11.079565825218385,)
20 	100  	182.466	284.904	10.4744	1241.49 (10.474440325248638,)
21 	100  	174.84 	288.154	10.801 	1349.42 (10.474440325248638,)
22 	100  	163.507	290.585	11.0479	1349.79 (10.474440325248638,)
23 	100  	165.558	290.78 	10.2068	1417.03 (10.206849975680411,)
24 	100  	168.26 	301.681	9.36331	1363.51 (9.3633069661711996,)
25 	100  	160.136	306.017	9.26585	1448.48 (9.2658499526400764,)
26 	100  	167.605	309.442	8.22114	1541.1  (8.2211428110768736,)
27 	100  	171.07 	321.14 	9.14076	1465.79 (8.2211428110768736,)
28 	100  	166.669	288.369	8.31697	1344.12 (8.2211428110768736,)
29 	100  	161.772	310.603	8.69253	1495.24 (8.2211428110768736,)
30 	100  	163.978	314.362	8.78163	1615.87 (8.2211428110768736,)
31 	100  	143.793	275.397	8.25774	1405    (8.2211428110768736,)
32 	100  	150.719	278.515	8.78408	1375.76 (8.2211428110768736,)
33 	100  	140.344	274.633	8.42169	1397.46 (8.2211428110768736,)
34 	100  	153.503	298.741	7.78875	1530.26 (7.7887503816669739,)
35 	100  	163.522	314.042	7.33259	1570.27 (7.3325880922342153,)
36 	100  	160.225	301.045	7.61548	1455.95 (7.3325880922342153,)
37 	100  	163.963	307.022	7.28958	1378.63 (7.2895763518228112,)
38 	100  	165.325	303.69 	8.39975	1458.99 (7.2895763518228112,)
39 	100  	156.102	282.733	7.67265	1312.28 (7.2895763518228112,)
40 	100  	151.759	263.734	7.71878	1142.7  (7.2895763518228112,)
41 	100  	143.719	268.142	7.97631	1161.61 (7.2895763518228112,)
42 	100  	138.34 	254.949	7.61115	997.399 (7.2895763518228112,)
43 	100  	129.649	247.764	7.59085	1032.28 (7.2895763518228112,)
44 	100  	130.668	245.473	7.00224	1041.03 (7.0022443007937687,)
45 	100  	132.321	241.63 	7.66911	1006.7  (7.0022443007937687,)
46 	100  	135.722	251.096	7.15754	1077.11 (7.0022443007937687,)
47 	100  	138.809	261.704	6.92489	1035.36 (6.9248894716672318,)
48 	100  	146.928	258.749	7.65244	1145.62 (6.9248894716672318,)
49 	100  	140.998	251.074	7.06959	1047.99 (6.9248894716672318,)
50 	100  	137.633	240.185	6.8335 	1131.3  (6.8334995525327109,)
51 	100  	144.626	249.619	6.68287	1056.23 (6.6828677496739211,)
52 	100  	139.236	252.296	6.58248	1141.11 (6.582483003498603,)
53 	100  	130.817	257.853	6.49126	1170.78 (6.4912574298506023,)
54 	100  	120.528	225.163	6.56824	1082.36 (6.4912574298506023,)
55 	100  	119.018	229.881	6.4626 	1086.71 (6.4626034503040897,)
56 	100  	126.629	235.372	6.35506	1065.07 (6.3550617590441334,)
57 	100  	130.49 	245.196	6.82543	1202.24 (6.3550617590441334,)
58 	100  	125.105	244.498	6.18917	1080.11 (6.1891726547858745,)
59 	100  	126.416	240.93 	6.19726	1076.88 (6.1891726547858745,)
60 	100  	130.326	241.15 	6.55985	1088.57 (6.1891726547858745,)
61 	100  	115.559	242.239	5.88248	1099.65 (5.8824755015648869,)
62 	100  	130.833	259.535	6.36847	1158.95 (5.8824755015648869,)
63 	100  	133.484	251.134	6.02182	1184.67 (5.8824755015648869,)
64 	100  	130.034	250.988	5.64917	1119.24 (5.6491704129738256,)
65 	100  	129.007	247.315	5.50903	1171.41 (5.5090348330794354,)
66 	100  	133.443	254.131	6.27055	1140.48 (5.5090348330794354,)
67 	100  	137.654	259.872	6.44437	1142.61 (5.5090348330794354,)
68 	100  	127.396	245.971	6.79959	1112.34 (5.5090348330794354,)
69 	100  	118.42 	234.875	5.46276	1079.64 (5.4627634995479459,)
70 	100  	120.471	242.408	5.26963	1054.76 (5.2696335169797495,)
71 	100  	114.361	243.351	4.83272	1195.52 (4.8327194270616776,)
72 	100  	126.554	252.848	5.7859 	1122.35 (4.8327194270616776,)
73 	100  	124.248	239.952	5.5586 	1035.56 (4.8327194270616776,)
74 	100  	121.382	234.57 	5.2333 	1069.72 (4.8327194270616776,)
75 	100  	122.658	246.668	4.95892	1072.69 (4.8327194270616776,)
76 	100  	125.102	250.593	5.0166 	1140.04 (4.8327194270616776,)
77 	100  	125.981	261.409	5.23393	1074.43 (4.8327194270616776,)
78 	100  	122.18 	245.214	5.07139	1053.84 (4.8327194270616776,)
79 	100  	117.821	247.626	4.64775	1144.77 (4.6477468821304404,)
80 	100  	123.587	250.916	4.80643	1112.64 (4.6477468821304404,)
81 	100  	111.974	238.442	5.02828	1098.27 (4.6477468821304404,)
82 	100  	116.76 	244.91 	4.76631	1030.5  (4.6477468821304404,)
83 	100  	117.146	233.293	4.57039	1056.25 (4.5703931258210506,)
84 	100  	110.586	239.796	5.12486	1127.44 (4.5703931258210506,)
85 	100  	115.253	240.244	4.33815	1107.08 (4.3381539802752513,)
86 	100  	118.078	242.773	4.91698	1072.63 (4.3381539802752513,)
87 	100  	124.72 	255.612	4.89363	1067.59 (4.3381539802752513,)
88 	100  	121.787	233.741	4.78514	1027.06 (4.3381539802752513,)
89 	100  	119.625	242.947	4.48785	1090.98 (4.3381539802752513,)
90 	100  	114.459	237.228	4.85997	1060.62 (4.3381539802752513,)
91 	100  	120.773	232.345	4.56656	1046.77 (4.3381539802752513,)
92 	100  	115.869	232.86 	5.02746	1047.47 (4.3381539802752513,)
93 	100  	116.632	238.28 	4.1041 	1026.85 (4.104103873909895,)
94 	100  	121.744	238.314	4.09212	1097.03 (4.0921207302234821,)
95 	100  	110.62 	243.742	4.49844	1129.21 (4.0921207302234821,)
96 	100  	118.371	241.793	4.26959	1136.26 (4.0921207302234821,)
97 	100  	120.849	249.35 	4.28441	1183.74 (4.0921207302234821,)
98 	100  	127.677	245.713	4.30426	1181.33 (4.0921207302234821,)
99 	100  	125.578	261.52 	4.26175	1216.37 (4.0921207302234821,)
100	100  	124.782	248.325	3.962  	1203.04 (3.9619961554719239,)
101	100  	122.131	249.571	4.34049	1138.26 (3.9619961554719239,)
102	100  	116.741	245.251	4.20999	1083.74 (3.9619961554719239,)
103	100  	112.891	251.782	4.17727	1124.16 (3.9619961554719239,)
104	100  	117.472	257.909	4.41296	1220    (3.9619961554719239,)
105	100  	113.055	237.988	4.16526	1118.73 (3.9619961554719239,)
106	100  	114.218	236.059	4.42758	1195.31 (3.9619961554719239,)
107	100  	111.847	240.645	4.4999 	1250.75 (3.9619961554719239,)
108	100  	100.174	230.454	4.42766	1208.1  (3.9619961554719239,)
109	100  	103.536	235.315	4.29941	1173.92 (3.9619961554719239,)
110	100  	106.961	246.155	3.92931	1173.6  (3.9293112654065654,)
111	100  	122.039	250.989	4.75712	1183.55 (3.9293112654065654,)
112	100  	121.194	243.989	4.51257	1163.34 (3.9293112654065654,)
113	100  	118.274	242.794	3.93875	1193.1  (3.9293112654065654,)
114	100  	118.706	242.053	3.83353	1150.57 (3.8335297987044235,)
115	100  	115.528	239.29 	4.27649	1142.84 (3.8335297987044235,)
116	100  	120.99 	236.424	3.88145	1155.37 (3.8335297987044235,)
117	100  	112.42 	234.233	3.7247 	1085.36 (3.7247048175309976,)
118	100  	113.511	220.714	5.06149	1087.01 (3.7247048175309976,)
119	100  	118.573	235.282	3.65729	1136.99 (3.657289752794973,)
120	100  	118.494	234.147	4.15114	1155.45 (3.657289752794973,)
121	100  	116.964	237.321	3.96132	1226.87 (3.657289752794973,)
122	100  	121.277	247.064	3.891  	1191.37 (3.657289752794973,)
123	100  	127.207	244.198	4.22649	1128.71 (3.657289752794973,)
124	100  	123.784	250.931	4.15551	1165.07 (3.657289752794973,)
125	100  	127.63 	239.395	3.77491	1115.86 (3.657289752794973,)
126	100  	125.679	243.789	4.12392	1051.57 (3.657289752794973,)
127	100  	126.514	244.096	3.21618	1184.53 (3.2161823972589643,)
128	100  	117.22 	244.077	4.00033	1069.78 (3.2161823972589643,)
129	100  	127.586	258.717	4.06288	1152.78 (3.2161823972589643,)
130	100  	119.299	246.828	3.16165	1120.26 (3.1616546274323385,)
131	100  	119.982	260.966	3.49741	1196.34 (3.1616546274323385,)
132	100  	124.023	251.224	3.34339	1208.28 (3.1616546274323385,)
133	100  	116.748	233.592	3.57124	1110.85 (3.1616546274323385,)
134	100  	117.018	229.534	3.01639	1145.54 (3.0163885128454297,)
135	100  	112.283	236.806	3.51496	1199.16 (3.0163885128454297,)
136	100  	118.437	240.066	3.93567	1126.09 (3.0163885128454297,)
137	100  	115.398	232.009	2.93002	1081.08 (2.9300224226652851,)
138	100  	120.485	232.567	3.22846	1050.41 (2.9300224226652851,)
139	100  	109.637	226.249	3.2693 	1109.42 (2.9300224226652851,)
140	100  	111.55 	232.998	3.75814	1182.48 (2.9300224226652851,)
141	100  	109.532	225.7  	3.34115	1172.11 (2.9300224226652851,)
142	100  	114.873	217.626	2.97503	1106.28 (2.9300224226652851,)
143	100  	110.622	222.515	3.33343	1122.58 (2.9300224226652851,)
144	100  	110.796	229.687	2.92909	1088.1  (2.9290907156870456,)
145	100  	116.34 	230.731	3.31626	1076.32 (2.9290907156870456,)
146	100  	117.662	224.973	3.26469	1091.29 (2.9290907156870456,)
147	100  	119.413	240.576	3.18427	1132.82 (2.9290907156870456,)
148	100  	105.265	222.041	3.58453	1082.8  (2.9290907156870456,)
149	100  	109.123	222.256	3.61518	1029.59 (2.9290907156870456,)
150	100  	112.713	224.055	3.40025	1068.29 (2.9290907156870456,)
151	100  	103.418	226.675	2.97325	1156.93 (2.9290907156870456,)
152	100  	108.211	234.571	2.97777	1135.39 (2.9290907156870456,)
153	100  	107.262	227.239	2.98467	1108.02 (2.9290907156870456,)
154	100  	105.944	209.852	2.72544	1138.91 (2.7254406353326264,)
155	100  	101.672	212.817	3.46607	1049.68 (2.7254406353326264,)
156	100  	105.421	222.269	2.92048	1104.64 (2.7254406353326264,)
157	100  	107.932	227.637	3.1088 	1144.66 (2.7254406353326264,)
158	100  	109.439	232.293	3.51453	1145.2  (2.7254406353326264,)
159	100  	112.775	221.005	2.91678	1030.12 (2.7254406353326264,)
160	100  	107.108	219.536	2.89802	1057.82 (2.7254406353326264,)
161	100  	105.968	226.543	3.2517 	1131.23 (2.7254406353326264,)
162	100  	109.155	234.748	2.81587	1155.08 (2.7254406353326264,)
163	100  	115.583	223.891	3.18652	1140.65 (2.7254406353326264,)
164	100  	110.416	222.842	3.09726	1136.07 (2.7254406353326264,)
165	100  	105.23 	219.586	2.93828	1151.07 (2.7254406353326264,)
166	100  	103.665	212.74 	2.73122	1064.96 (2.7254406353326264,)
167	100  	100.623	226.72 	3.07053	1121.6  (2.7254406353326264,)
168	100  	108.203	236.077	3.1958 	1132.92 (2.7254406353326264,)
169	100  	110.015	234.548	2.71325	1141.03 (2.7132482199565886,)
170	100  	111.697	228.384	2.99223	1171.07 (2.7132482199565886,)
171	100  	100.996	215.205	2.88192	1121.16 (2.7132482199565886,)
172	100  	110.641	223.095	2.96125	1114.63 (2.7132482199565886,)
173	100  	111.361	223.968	3.05515	1112.02 (2.7132482199565886,)
174	100  	105.651	228.244	3.26184	1161.97 (2.7132482199565886,)
175	100  	109.387	233.751	2.8138 	1173.68 (2.7132482199565886,)
176	100  	118.57 	238.771	3.49908	1118.44 (2.7132482199565886,)
177	100  	108.473	235.396	3.01003	1116.92 (2.7132482199565886,)
178	100  	103.913	214.274	2.81026	1118.81 (2.7132482199565886,)
179	100  	105.571	224.568	2.7309 	1118.25 (2.7132482199565886,)
180	100  	109.596	220.055	3.14373	1084.4  (2.7132482199565886,)
181	100  	107.359	225.839	2.95649	1222.27 (2.7132482199565886,)
182	100  	102.797	213.745	2.84296	1229.31 (2.7132482199565886,)
183	100  	100.593	212.943	3.20501	1172.82 (2.7132482199565886,)
184	100  	105.201	214.791	2.95294	1089.14 (2.7132482199565886,)
185	100  	101.668	216.738	2.99361	1151.06 (2.7132482199565886,)
186	100  	107.321	220.533	2.81811	1127.27 (2.7132482199565886,)
187	100  	100.136	228.464	3.80022	1128.17 (2.7132482199565886,)
188	100  	104.326	235.926	3.16422	1169.23 (2.7132482199565886,)
189	100  	109.051	242.807	2.83636	1120.46 (2.7132482199565886,)
190	100  	106.614	224.911	2.72118	1092.25 (2.7132482199565886,)
191	100  	102.521	226.514	3.01597	1083.76 (2.7132482199565886,)
192	100  	107.065	239.127	3.08148	1140.39 (2.7132482199565886,)
193	100  	102.821	237.736	2.56308	1266.22 (2.5630849342227577,)
194	100  	102.529	218.599	3.00547	1129.25 (2.5630849342227577,)
195	100  	100.17 	211.719	2.74669	1055.88 (2.5630849342227577,)
196	100  	102.187	199.982	3.2787 	1085.95 (2.5630849342227577,)
197	100  	108.542	219.259	2.54606	1079.94 (2.5460564553747869,)
198	100  	110.407	211.551	2.87016	1141.4  (2.5460564553747869,)
199	100  	118.052	225.142	2.97402	1186.21 (2.5460564553747869,)
200	100  	112.18 	227.824	3.35041	1178.38 (2.5460564553747869,)
201	100  	120.865	236.528	2.94336	1234.2  (2.5460564553747869,)
202	100  	107.055	232.35 	2.77064	1255.68 (2.5460564553747869,)
203	100  	105.737	225.349	3.04645	1179.72 (2.5460564553747869,)
204	100  	99.3853	219.242	2.65733	1088.07 (2.5460564553747869,)
205	100  	106.568	224.486	3.24631	1080.8  (2.5460564553747869,)
206	100  	116.888	228.442	2.75842	1085.31 (2.5460564553747869,)
207	100  	103.257	217.323	3.15975	1056.1  (2.5460564553747869,)
208	100  	103.037	222.103	3.91943	1113.99 (2.5460564553747869,)
209	100  	116.666	236.93 	3.28006	1230.76 (2.5460564553747869,)
210	100  	108.777	216.001	2.40013	1196.58 (2.4001319139204114,)
211	100  	106.1  	216.457	2.68117	1155.33 (2.4001319139204114,)
212	100  	107.269	212.445	2.6632 	1119.11 (2.4001319139204114,)
213	100  	107.828	223.658	2.68538	1134.56 (2.4001319139204114,)
214	100  	111.932	229.077	2.90358	1171.38 (2.4001319139204114,)
215	100  	111.819	222.12 	3.11484	1129.4  (2.4001319139204114,)
216	100  	104.527	217.461	2.47278	1153.34 (2.4001319139204114,)
217	100  	104.642	217.774	2.70421	1066.93 (2.4001319139204114,)
218	100  	111.261	224.35 	2.78736	1108.86 (2.4001319139204114,)
219	100  	114.665	208.784	3.12377	1060.44 (2.4001319139204114,)
220	100  	105.379	207.412	2.81615	971.748 (2.4001319139204114,)
221	100  	102.288	205.939	2.7046 	1016.62 (2.4001319139204114,)
222	100  	98.4457	214.627	2.90832	1127.8  (2.4001319139204114,)
223	100  	101.762	214.692	2.61273	1197.57 (2.4001319139204114,)
224	100  	107.115	225.066	2.6434 	1227.87 (2.4001319139204114,)
225	100  	106.804	224.127	2.58185	1196    (2.4001319139204114,)
226	100  	109.996	215.14 	2.3323 	1068.21 (2.3323012829561867,)
227	100  	104.863	226.468	2.83348	1082.42 (2.3323012829561867,)
228	100  	105.886	223.969	2.45892	1071.76 (2.3323012829561867,)
229	100  	104.174	229.1  	2.47496	1127    (2.3323012829561867,)
230	100  	107.664	229.805	2.44749	1210.97 (2.3323012829561867,)
231	100  	106.808	230.64 	3.05184	1250.12 (2.3323012829561867,)
232	100  	103.325	215.179	2.36776	1231.32 (2.3323012829561867,)
233	100  	99.1291	220.166	2.44142	1191.82 (2.3323012829561867,)
234	100  	111.887	229.296	3.32284	1130.71 (2.3323012829561867,)
235	100  	106.309	223.306	2.79181	1136.45 (2.3323012829561867,)
236	100  	100.273	207.857	2.4049 	1121.49 (2.3323012829561867,)
237	100  	105.956	227.474	2.70207	1165.66 (2.3323012829561867,)
238	100  	98.4539	227.527	2.55646	1157.49 (2.3323012829561867,)
239	100  	100.652	222.312	2.4428 	1060.28 (2.3323012829561867,)
240	100  	96.1948	216.847	2.63528	1090.67 (2.3323012829561867,)
241	100  	90.1997	203.78 	2.29457	1005.81 (2.2945679189382466,)
242	100  	99.5769	220.079	2.41019	1053.52 (2.2945679189382466,)
243	100  	99.1179	218.755	2.69246	1129.91 (2.2945679189382466,)
244	100  	108.054	228.073	2.39942	1181.9  (2.2945679189382466,)
245	100  	101.543	214.676	2.5446 	1114.73 (2.2945679189382466,)
246	100  	105.032	220.614	2.45082	1093.05 (2.2945679189382466,)
247	100  	103.055	197.882	2.26055	1065.23 (2.2605502803042312,)
248	100  	93.4005	199.979	2.38646	1095.82 (2.2605502803042312,)
249	100  	84.6604	205.048	2.51522	1128.77 (2.2605502803042312,)
