In file included from /usr/lib/python2.7/dist-packages/numpy/core/include/numpy/ndarraytypes.h:1761:0,
                 from /usr/lib/python2.7/dist-packages/numpy/core/include/numpy/ndarrayobject.h:17,
                 from /usr/lib/python2.7/dist-packages/numpy/core/include/numpy/arrayobject.h:4,
                 from /home/pinojc/.cache/scipy/python27_compiled/sc_9bade30717731f645b30a512f757f0fa1329.cpp:22:
/usr/lib/python2.7/dist-packages/numpy/core/include/numpy/npy_1_7_deprecated_api.h:15:2: warning: #warning "Using deprecated NumPy API, disable it by " "#defining NPY_NO_DEPRECATED_API NPY_1_7_API_VERSION" [-Wcpp]
 #warning "Using deprecated NumPy API, disable it by " \
  ^
gen	evals	avg	std	min	max
0  	100  	nan	nan	nan	nan (77.058828171254817,)
1  	100  	843.515	397.511	22.5319	1635.37 (22.531851615493611,)
2  	100  	843.491	418.212	60.7432	1649.32 (22.531851615493611,)
3  	100  	823.195	444.783	23.5113	1617.58 (22.531851615493611,)
4  	100  	807.35 	437.669	41.1099	1637.97 (22.531851615493611,)
5  	100  	814.315	451.252	57.3161	1735.41 (22.531851615493611,)
6  	100  	795.489	454.418	30.0656	1657.63 (22.531851615493611,)
7  	100  	789.608	462.985	16.7068	1639.86 (16.706787443908755,)
8  	100  	741.999	435.576	17.7445	1558.84 (16.706787443908755,)
9  	100  	673.632	416.102	20.2282	1538.5  (16.706787443908755,)
10 	100  	593.635	395.23 	19.5323	1500.52 (16.706787443908755,)
11 	100  	545.431	395.314	16.4381	1509.6  (16.438107663515368,)
12 	100  	489.059	404.148	14.4494	1562.5  (14.449448066037396,)
13 	100  	417.817	347.515	9.86533	1491.47 (9.865331325367567,)
14 	100  	380.711	390.34 	7.23974	1497.66 (7.2397392846194268,)
15 	100  	369.045	409.692	5.89343	1522.34 (5.8934256160932073,)
16 	100  	364.456	394.123	7.43275	1461.44 (5.8934256160932073,)
17 	100  	344.037	419.39 	8.33892	1688.88 (5.8934256160932073,)
18 	100  	321.215	417.653	5.78428	1707.63 (5.7842769553190942,)
19 	100  	302.446	421.22 	7.17653	1701.1  (5.7842769553190942,)
20 	100  	294.763	414.903	6.15939	1603.17 (5.7842769553190942,)
21 	100  	290.955	405.713	6.19602	1453.01 (5.7842769553190942,)
22 	100  	279.458	390.55 	5.3929 	1380.05 (5.3928993575340236,)
23 	100  	273.738	381.299	5.39141	1482.33 (5.3914053292161501,)
24 	100  	255.168	375.22 	4.20003	1378.85 (4.2000263200886518,)
25 	100  	250.911	381.061	5.23077	1640.39 (4.2000263200886518,)
26 	100  	237.336	344.319	4.53678	1269.71 (4.2000263200886518,)
27 	100  	234.509	352.115	4.84375	1501.95 (4.2000263200886518,)
28 	100  	237.007	346.922	5.89938	1614.34 (4.2000263200886518,)
29 	100  	227.042	355.726	5.31802	1468.82 (4.2000263200886518,)
30 	100  	211.473	332.152	4.81402	1472.93 (4.2000263200886518,)
31 	100  	211.041	323.972	4.07773	1428.46 (4.0777346606956213,)
32 	100  	203.787	327.266	5.31146	1422.01 (4.0777346606956213,)
33 	100  	211.324	325.494	4.62033	1305.41 (4.0777346606956213,)
34 	100  	209.433	340.779	5.09145	1502.74 (4.0777346606956213,)
35 	100  	200.816	333.318	4.76661	1390.48 (4.0777346606956213,)
36 	100  	197.926	333.025	5.18422	1268.95 (4.0777346606956213,)
37 	100  	196.041	308.947	3.97545	1265.17 (3.9754484913406785,)
38 	100  	188.05 	295.644	3.89519	1296.79 (3.8951941711154454,)
39 	100  	190.767	289.948	4.42248	1246.12 (3.8951941711154454,)
40 	100  	178.099	289.265	3.71566	1299.12 (3.7156636286063209,)
41 	100  	178.644	301.351	4.05344	1285.44 (3.7156636286063209,)
42 	100  	178.267	294.765	4.47218	1288.21 (3.7156636286063209,)
43 	100  	178.385	317.841	4.01991	1328.42 (3.7156636286063209,)
44 	100  	185.38 	304.109	3.67126	1286.61 (3.6712581840992482,)
45 	100  	167.665	300.356	3.58562	1238.28 (3.5856153613116253,)
46 	100  	171.939	289.368	3.72103	1234.64 (3.5856153613116253,)
47 	100  	174.963	286.088	3.24203	1249.37 (3.2420263541755254,)
48 	100  	167.857	295.68 	2.53649	1330.96 (2.5364903715241591,)
49 	100  	172.811	314.866	4.29079	1316.64 (2.5364903715241591,)
50 	100  	178.191	310.236	3.30449	1323.63 (2.5364903715241591,)
51 	100  	178.293	300.934	3.56685	1272.7  (2.5364903715241591,)
52 	100  	182.992	314.309	3.45975	1282.54 (2.5364903715241591,)
53 	100  	179.183	308.513	2.95976	1278.79 (2.5364903715241591,)
54 	100  	159.089	291.05 	3.07321	1295.75 (2.5364903715241591,)
55 	100  	162.419	304.454	3.55509	1306.22 (2.5364903715241591,)
56 	100  	155.34 	276.285	3.37687	1316.14 (2.5364903715241591,)
57 	100  	162.223	288.166	3.16215	1241.29 (2.5364903715241591,)
58 	100  	154.493	292.109	3.05974	1337.07 (2.5364903715241591,)
59 	100  	155.449	295.329	2.96256	1286.77 (2.5364903715241591,)
60 	100  	163.986	293.792	3.17017	1316.14 (2.5364903715241591,)
61 	100  	163.876	283.42 	2.96237	1324.3  (2.5364903715241591,)
62 	100  	150.635	268.155	4.18931	1346.15 (2.5364903715241591,)
63 	100  	157.338	279.15 	4.15232	1314.48 (2.5364903715241591,)
64 	100  	175.157	286.189	3.71767	1286.65 (2.5364903715241591,)
65 	100  	158.527	281.506	3.11653	1294.81 (2.5364903715241591,)
66 	100  	159.913	293.445	2.79622	1262.49 (2.5364903715241591,)
67 	100  	157.295	294.299	2.65647	1251.35 (2.5364903715241591,)
68 	100  	159.783	310.65 	2.20863	1404.52 (2.2086256384097247,)
69 	100  	164.018	301.767	2.80368	1400.74 (2.2086256384097247,)
70 	100  	158.204	280.217	2.85436	1379.57 (2.2086256384097247,)
71 	100  	160.498	299.735	3.32609	1382.14 (2.2086256384097247,)
72 	100  	156.283	284.818	2.74849	1301.43 (2.2086256384097247,)
73 	100  	161.54 	282.687	2.48819	1343.49 (2.2086256384097247,)
74 	100  	160.861	308.607	2.39934	1351.48 (2.2086256384097247,)
75 	100  	159.665	291.272	2.24166	1321.31 (2.2086256384097247,)
76 	100  	148.818	272.75 	2.49891	1307.83 (2.2086256384097247,)
77 	100  	153.993	297.985	2.72135	1281.45 (2.2086256384097247,)
78 	100  	168.925	298.682	2.69573	1293.81 (2.2086256384097247,)
79 	100  	151.332	294.57 	3.15119	1290.73 (2.2086256384097247,)
80 	100  	141.174	254.246	3.09895	1260.49 (2.2086256384097247,)
81 	100  	146.652	272.172	2.45965	1226.15 (2.2086256384097247,)
82 	100  	154.822	281.789	2.73511	1396.35 (2.2086256384097247,)
83 	100  	144.347	281.76 	2.5669 	1266.12 (2.2086256384097247,)
84 	100  	139.17 	276.181	2.565  	1302.56 (2.2086256384097247,)
85 	100  	135.991	262.076	2.83552	1304.36 (2.2086256384097247,)
86 	100  	156.451	276.633	2.2543 	1226.31 (2.2086256384097247,)
87 	100  	147.792	261.163	2.72794	1310.08 (2.2086256384097247,)
88 	100  	150.724	268.197	3.27287	1269.84 (2.2086256384097247,)
89 	100  	138.475	250.827	2.58498	1305.55 (2.2086256384097247,)
90 	100  	145.084	263.793	2.37161	1215.5  (2.2086256384097247,)
91 	100  	140.21 	255.901	3.57949	1244.37 (2.2086256384097247,)
92 	100  	140.824	262.26 	2.49386	1241.12 (2.2086256384097247,)
93 	100  	132.339	266.855	3.02599	1196.28 (2.2086256384097247,)
94 	100  	147.117	269.586	2.37279	1231.88 (2.2086256384097247,)
95 	100  	136.88 	261.983	2.2229 	1246.36 (2.2086256384097247,)
96 	100  	130.03 	257.099	3.48231	1289.57 (2.2086256384097247,)
97 	100  	139.452	266.366	3.29084	1260.94 (2.2086256384097247,)
98 	100  	141.795	264.081	3.47041	1327.9  (2.2086256384097247,)
99 	100  	147.098	286.145	2.60125	1323.25 (2.2086256384097247,)
100	100  	151.997	281.325	2.85027	1391.05 (2.2086256384097247,)
101	100  	133.401	265.551	2.68171	1282.03 (2.2086256384097247,)
102	100  	122.485	252.776	2.38076	1217.54 (2.2086256384097247,)
103	100  	128.367	249.637	2.07774	1186.98 (2.0777425102001224,)
104	100  	150.324	267.781	3.41682	1251.03 (2.0777425102001224,)
105	100  	151.947	261.551	3.10571	1175.68 (2.0777425102001224,)
106	100  	157.241	259.677	2.86618	1192.57 (2.0777425102001224,)
107	100  	136.616	259.599	2.84565	1240.24 (2.0777425102001224,)
108	100  	146.384	274.528	2.41048	1421.31 (2.0777425102001224,)
109	100  	128.036	246.564	2.57865	1258.94 (2.0777425102001224,)
110	100  	127.521	230.534	2.55783	1171.65 (2.0777425102001224,)
111	100  	124.591	253.649	2.40312	1199.1  (2.0777425102001224,)
112	100  	121.185	233.395	2.4268 	1156.88 (2.0777425102001224,)
113	100  	123.065	227.303	3.47612	1104.13 (2.0777425102001224,)
114	100  	116.038	217.219	2.96678	1143.04 (2.0777425102001224,)
115	100  	121.577	240.371	2.6436 	1187.8  (2.0777425102001224,)
116	100  	117.539	231.968	2.95217	1239.59 (2.0777425102001224,)
117	100  	121.927	236.616	2.79557	1205.42 (2.0777425102001224,)
118	100  	115.428	240.076	2.77074	1242.36 (2.0777425102001224,)
119	100  	126.138	238.09 	2.64503	1207.27 (2.0777425102001224,)
120	100  	134.495	250.778	2.74853	1237.46 (2.0777425102001224,)
121	100  	130.911	253.088	2.36817	1194.15 (2.0777425102001224,)
122	100  	138.477	255.432	2.82584	1308.45 (2.0777425102001224,)
123	100  	130.22 	242.381	3.11156	1182.23 (2.0777425102001224,)
124	100  	127.569	244.697	2.47126	1220.21 (2.0777425102001224,)
125	100  	121.747	232.577	2.11152	1187.53 (2.0777425102001224,)
126	100  	139.079	256.768	3.34501	1292.55 (2.0777425102001224,)
127	100  	131.757	256.922	2.99196	1394.81 (2.0777425102001224,)
128	100  	133.371	250.821	2.91506	1423.32 (2.0777425102001224,)
129	100  	139.792	263.403	4.12165	1380.71 (2.0777425102001224,)
130	100  	129.401	259.772	2.5951 	1270.46 (2.0777425102001224,)
131	100  	139.139	223.942	2.97247	1108.87 (2.0777425102001224,)
132	100  	126.348	219.483	2.49648	1115.17 (2.0777425102001224,)
133	100  	143.033	246.741	2.37874	1226.18 (2.0777425102001224,)
134	100  	135.345	260.985	2.79432	1157.9  (2.0777425102001224,)
135	100  	139.126	256.108	3.06694	1235.69 (2.0777425102001224,)
136	100  	138.694	261.629	2.77564	1199.94 (2.0777425102001224,)
137	100  	134.636	263.265	2.54219	1364.84 (2.0777425102001224,)
138	100  	132.813	261.949	2.38675	1399.76 (2.0777425102001224,)
139	100  	130.857	256.266	2.66259	1260.98 (2.0777425102001224,)
140	100  	126.409	242.222	3.29546	1290.15 (2.0777425102001224,)
141	100  	130.242	253.585	2.90232	1334.35 (2.0777425102001224,)
142	100  	123.731	248.801	2.81638	1342.77 (2.0777425102001224,)
143	100  	122.145	234.639	3.11455	1297.41 (2.0777425102001224,)
144	100  	121.756	237.011	3.18928	1250.42 (2.0777425102001224,)
145	100  	118.348	223.415	2.22368	1191.06 (2.0777425102001224,)
146	100  	117.346	225.539	2.08788	1195.99 (2.0777425102001224,)
147	100  	111.247	218.148	2.66649	1182.13 (2.0777425102001224,)
148	100  	119.659	217.446	2.51792	1137.21 (2.0777425102001224,)
149	100  	129.564	244.588	3.14641	1248.03 (2.0777425102001224,)
150	100  	124.823	253.281	2.06694	1245.22 (2.0669376668274397,)
151	100  	122.415	243.167	2.09829	1289.58 (2.0669376668274397,)
152	100  	121.384	231.426	2.33704	1325.18 (2.0669376668274397,)
153	100  	122.466	239.905	2.4991 	1225.19 (2.0669376668274397,)
154	100  	124.532	253.378	2.49684	1247.5  (2.0669376668274397,)
155	100  	132.124	260.329	2.47679	1196.32 (2.0669376668274397,)
156	100  	118.125	244.771	2.11844	1213.75 (2.0669376668274397,)
157	100  	130.273	239.534	2.63272	1227.08 (2.0669376668274397,)
158	100  	132.223	245.82 	3.22617	1191.02 (2.0669376668274397,)
159	100  	125.484	234.388	2.39213	1205.14 (2.0669376668274397,)
160	100  	138.142	239.737	2.59892	1266.03 (2.0669376668274397,)
161	100  	137.077	248.025	2.27517	1315.46 (2.0669376668274397,)
162	100  	133.737	250.417	2.80456	1238.52 (2.0669376668274397,)
163	100  	140.755	261.25 	2.63004	1322.24 (2.0669376668274397,)
164	100  	134.922	246.706	2.76036	1294.37 (2.0669376668274397,)
165	100  	133.646	246.262	2.74198	1221.42 (2.0669376668274397,)
166	100  	125.826	231.198	2.77824	1252.66 (2.0669376668274397,)
167	100  	130.2  	236.068	2.55582	1259.76 (2.0669376668274397,)
168	100  	133.989	254.579	2.58088	1270.03 (2.0669376668274397,)
169	100  	132.306	253.815	3.1887 	1196.35 (2.0669376668274397,)
170	100  	135.257	246.678	2.22071	1212.02 (2.0669376668274397,)
171	100  	139.562	244.948	4.74095	1251.44 (2.0669376668274397,)
172	100  	127.903	233.091	2.22231	1302.45 (2.0669376668274397,)
173	100  	127.633	239.833	2.18392	1272.63 (2.0669376668274397,)
174	100  	124.225	234.956	3.05969	1170.53 (2.0669376668274397,)
175	100  	109.022	222.423	2.63285	1226.24 (2.0669376668274397,)
176	100  	112.629	222.767	2.27649	1281.24 (2.0669376668274397,)
177	100  	116.442	221.81 	3.48758	1269.55 (2.0669376668274397,)
178	100  	118.337	236.087	2.43541	1350.62 (2.0669376668274397,)
179	100  	121.167	231.517	3.07515	1401.55 (2.0669376668274397,)
180	100  	121.18 	232.082	2.59269	1350.17 (2.0669376668274397,)
181	100  	127.796	246.932	2.18644	1321.28 (2.0669376668274397,)
182	100  	123.434	229.044	2.81411	1248.73 (2.0669376668274397,)
183	100  	136.258	252.424	4.96205	1318.17 (2.0669376668274397,)
184	100  	120.177	234.286	2.06717	1147.1  (2.0669376668274397,)
185	100  	127.811	243.556	2.49305	1200.92 (2.0669376668274397,)
186	100  	122.433	244.58 	2.29106	1295.18 (2.0669376668274397,)
187	100  	120.337	228.228	3.08595	1312.84 (2.0669376668274397,)
188	100  	118.362	233.542	2.10584	1303.1  (2.0669376668274397,)
189	100  	127.688	237.768	2.74152	1256.04 (2.0669376668274397,)
190	100  	121.925	236.835	2.81931	1224.82 (2.0669376668274397,)
191	100  	130.698	233.86 	2.32917	1173.59 (2.0669376668274397,)
192	100  	122.827	234.477	2.68508	1202.5  (2.0669376668274397,)
193	100  	117.131	216.678	2.07649	1183.37 (2.0669376668274397,)
194	100  	126.104	245.743	2.89   	1190.85 (2.0669376668274397,)
195	100  	124.289	244.014	2.33981	1222.14 (2.0669376668274397,)
196	100  	123.94 	231.223	2.72396	1329.9  (2.0669376668274397,)
197	100  	123.044	225.33 	1.96542	1248.12 (1.965416175360404,)
198	100  	115.284	224.346	2.62016	1260.55 (1.965416175360404,)
199	100  	117.706	243.867	1.99316	1282.54 (1.965416175360404,)
200	100  	111.879	226.509	2.68535	1208.32 (1.965416175360404,)
201	100  	128.25 	220.958	2.51899	1178.29 (1.965416175360404,)
202	100  	122.529	211.239	2.32783	1255.13 (1.965416175360404,)
203	100  	121.163	218.114	2.7107 	1269.23 (1.965416175360404,)
204	100  	111.753	200.933	2.15464	1372.62 (1.965416175360404,)
205	100  	118.06 	215.595	1.75554	1222.5  (1.7555363770425794,)
206	100  	118.331	240.571	1.87886	1172.54 (1.7555363770425794,)
207	100  	114.068	221.756	2.25145	1166.28 (1.7555363770425794,)
208	100  	124.145	223.445	2.95069	1117.54 (1.7555363770425794,)
209	100  	109.078	221.136	2.08361	1162.86 (1.7555363770425794,)
210	100  	114.146	222.623	2.22836	1218.82 (1.7555363770425794,)
211	100  	127.204	248.953	2.78405	1188.18 (1.7555363770425794,)
212	100  	115.772	226.981	2.23323	1204.42 (1.7555363770425794,)
213	100  	132.223	248.287	2.30399	1274.54 (1.7555363770425794,)
214	100  	121.253	242.71 	2.181  	1237.8  (1.7555363770425794,)
215	100  	123.477	237.086	2.40959	1222.5  (1.7555363770425794,)
216	100  	131.269	246.205	2.10654	1302.18 (1.7555363770425794,)
217	100  	129.075	247.692	2.26596	1277.11 (1.7555363770425794,)
218	100  	110.904	233.447	2.83234	1209.4  (1.7555363770425794,)
219	100  	121.467	245.146	1.91182	1425.62 (1.7555363770425794,)
220	100  	122.761	238.399	1.94659	1275.38 (1.7555363770425794,)
221	100  	119.85 	247.07 	2.53262	1242.62 (1.7555363770425794,)
222	100  	118.413	227.823	2.68811	1198.53 (1.7555363770425794,)
223	100  	116.478	234.613	2.19426	1197.79 (1.7555363770425794,)
224	100  	124.3  	236.354	2.33673	1262.66 (1.7555363770425794,)
225	100  	125.592	223.522	3.23584	1189.31 (1.7555363770425794,)
226	100  	118.969	227.169	2.36214	1293.71 (1.7555363770425794,)
227	100  	122.142	236.151	1.63651	1201.88 (1.6365111345215062,)
228	100  	122.796	251.24 	2.09902	1243.01 (1.6365111345215062,)
229	100  	119.693	255.096	2.33813	1402.88 (1.6365111345215062,)
230	100  	118.245	233.727	1.94711	1229.22 (1.6365111345215062,)
231	100  	126.187	241.217	1.82932	1226.18 (1.6365111345215062,)
232	100  	126.711	241.55 	1.85378	1224.97 (1.6365111345215062,)
233	100  	134.128	250.463	2.083  	1408.78 (1.6365111345215062,)
234	100  	128.048	244.279	2.61721	1272.81 (1.6365111345215062,)
235	100  	124.974	238.86 	2.69311	1304.22 (1.6365111345215062,)
236	100  	131.152	245.095	2.13315	1231.19 (1.6365111345215062,)
237	100  	120.464	230.159	2.00387	1235.12 (1.6365111345215062,)
238	100  	120.875	235.891	2.32204	1237.22 (1.6365111345215062,)
239	100  	117.229	231.434	1.74426	1308.75 (1.6365111345215062,)
240	100  	120.273	230.515	2.08767	1323.77 (1.6365111345215062,)
241	100  	125.263	233.124	1.71932	1209.08 (1.6365111345215062,)
242	100  	114.911	234.718	1.99087	1246.11 (1.6365111345215062,)
243	100  	112.32 	229.798	2.40884	1145.6  (1.6365111345215062,)
244	100  	112.31 	230.242	2.02629	1140.18 (1.6365111345215062,)
245	100  	125.788	250.021	1.79904	1341.09 (1.6365111345215062,)
246	100  	110.464	213.021	2.61533	1114.49 (1.6365111345215062,)
247	100  	113.86 	223.571	1.98984	1174.63 (1.6365111345215062,)
248	100  	107.764	228.63 	2.08764	1294.28 (1.6365111345215062,)
249	100  	117.363	232.979	2.16336	1182.8  (1.6365111345215062,)
