In file included from /usr/lib/python2.7/dist-packages/numpy/core/include/numpy/ndarraytypes.h:1761:0,
                 from /usr/lib/python2.7/dist-packages/numpy/core/include/numpy/ndarrayobject.h:17,
                 from /usr/lib/python2.7/dist-packages/numpy/core/include/numpy/arrayobject.h:4,
                 from /home/pinojc/.cache/scipy/python27_compiled/sc_9bade30717731f645b30a512f757f0fa1156.cpp:22:
/usr/lib/python2.7/dist-packages/numpy/core/include/numpy/npy_1_7_deprecated_api.h:15:2: warning: #warning "Using deprecated NumPy API, disable it by " "#defining NPY_NO_DEPRECATED_API NPY_1_7_API_VERSION" [-Wcpp]
 #warning "Using deprecated NumPy API, disable it by " \
  ^
gen	evals	avg    	std    	min   	max    
0  	100  	824.756	373.122	51.183	1850.12 (51.183034800169914,)
1  	100  	812.452	390.007	49.7123	1765.44 (49.712288500025892,)
2  	100  	806.64 	402.358	44.7748	1804.38 (44.774774569505141,)
3  	100  	803.024	413.934	74.2525	1843.98 (44.774774569505141,)
4  	100  	814.173	427.084	35.1235	1813.74 (35.123491891493302,)
5  	100  	820.672	427.695	34.2215	1783.41 (34.221471829650973,)
6  	100  	813.44 	431.889	51.215 	1848.68 (34.221471829650973,)
7  	100  	808.637	420.79 	42.1891	1849.29 (34.221471829650973,)
8  	100  	791.277	408.833	50.6885	1728.98 (34.221471829650973,)
9  	100  	782.055	417.788	33.4255	1705.37 (33.425548248247658,)
10 	100  	791.571	410.224	38.8831	1699.92 (33.425548248247658,)
11 	100  	805.505	415.272	31.0345	1701.92 (31.034522310134744,)
12 	100  	752.302	422.54 	23.8167	1756.77 (23.816749882858982,)
13 	100  	710.953	424.916	47.1089	1814.66 (23.816749882858982,)
14 	100  	676.255	417.43 	20.0676	1684.61 (20.067620645305222,)
15 	100  	650.719	420.68 	45.1348	1807.32 (20.067620645305222,)
16 	100  	626.109	412.905	36.1163	1710.98 (20.067620645305222,)
17 	100  	588.887	398.3  	23.9478	1439.92 (20.067620645305222,)
18 	100  	562.122	386.493	17.5483	1450.62 (17.548314931554273,)
19 	100  	541.395	384.552	18.0598	1463.24 (17.548314931554273,)
20 	100  	526.267	386.443	20.7895	1488.79 (17.548314931554273,)
21 	100  	513.961	388.583	18.127 	1459.47 (17.548314931554273,)
22 	100  	497.734	385.222	19.1216	1371.87 (17.548314931554273,)
23 	100  	481.288	377.285	18.3089	1391.33 (17.548314931554273,)
24 	100  	467.476	389.434	18.4458	1451.61 (17.548314931554273,)
25 	100  	446.308	383.097	17.0145	1489.92 (17.014523775430668,)
26 	100  	420.415	370.035	16.7747	1393.57 (16.774664202487529,)
27 	100  	398.383	363.564	17.3524	1422.1  (16.774664202487529,)
28 	100  	391.58 	361.235	17.5829	1325.28 (16.774664202487529,)
29 	100  	372.413	362.338	16.6277	1516.08 (16.627714545929425,)
30 	100  	352.244	357.533	15.7102	1348.04 (15.71024888064604,)
31 	100  	328.951	366.295	15.6674	1393.72 (15.667375276444659,)
32 	100  	304.813	367.069	15.8187	1458.57 (15.667375276444659,)
33 	100  	290.902	364.442	14.0425	1368.31 (14.042534963379785,)
34 	100  	275.386	362.084	14.1624	1525.21 (14.042534963379785,)
35 	100  	256.278	357.599	13.5871	1440.66 (13.587075343486555,)
36 	100  	253.633	366.039	13.3405	1665.31 (13.340541936366732,)
37 	100  	244.177	370.292	11.7412	1710.16 (11.741203521447826,)
38 	100  	225.988	358.916	10.9904	1689.14 (10.990358230796897,)
39 	100  	205.354	343.666	11.3874	1470.33 (10.990358230796897,)
40 	100  	202.184	349.266	10.8697	1436.74 (10.869651617524749,)
41 	100  	202.335	342.33 	10.3774	1406.44 (10.377437052608268,)
42 	100  	196.005	355.278	10.3999	1607.96 (10.377437052608268,)
43 	100  	195.734	353.495	10.702 	1697.38 (10.377437052608268,)
44 	100  	190.529	341.963	10.0124	1586.4  (10.012367018715262,)
45 	100  	186.103	334.389	10.0109	1427.47 (10.010931772219248,)
46 	100  	173.283	328.493	9.19597	1514.37 (9.195973856019247,)
47 	100  	176.96 	330.204	8.64422	1430.16 (8.6442173241564451,)
48 	100  	177.503	337.75 	8.87166	1551.55 (8.6442173241564451,)
49 	100  	180.81 	346.384	8.5871 	1624.67 (8.587099084995204,)
50 	100  	176.887	338.865	8.47698	1440.38 (8.4769762103642456,)
51 	100  	170.684	334.023	7.9964 	1536.97 (7.996402572003257,)
52 	100  	167.088	321.071	8.07422	1470.6  (7.996402572003257,)
53 	100  	164.686	326.578	7.42989	1627.91 (7.4298906115352361,)
54 	100  	163.173	326.953	7.1961 	1617.65 (7.1961023462994929,)
55 	100  	164.299	329.683	6.98892	1534.82 (6.9889152664246375,)
56 	100  	164.346	335.488	6.88573	1656.93 (6.8857274339945436,)
57 	100  	164.488	336.065	6.94987	1528.81 (6.8857274339945436,)
58 	100  	154.798	335.474	6.99707	1683.79 (6.8857274339945436,)
59 	100  	159.137	345.832	6.81072	1561.52 (6.8107239651005163,)
60 	100  	162.372	347.36 	7.10416	1765.32 (6.8107239651005163,)
61 	100  	159.188	335.75 	6.53383	1454.3  (6.5338274851680973,)
62 	100  	158.834	326.916	6.19562	1466.42 (6.1956233851290277,)
63 	100  	153.792	326.348	6.45898	1520.78 (6.1956233851290277,)
64 	100  	158.429	321.56 	6.5855 	1424.93 (6.1956233851290277,)
65 	100  	153.414	317.571	6.28955	1405.89 (6.1956233851290277,)
66 	100  	155.844	324.209	6.3089 	1469.26 (6.1956233851290277,)
67 	100  	162.895	333.083	6.13168	1611.35 (6.1316800814730357,)
68 	100  	161.234	342.826	6.61879	1670.69 (6.1316800814730357,)
69 	100  	161.569	340.729	5.93183	1625.69 (5.9318252533329447,)
70 	100  	163.349	343.504	6.01945	1641.64 (5.9318252533329447,)
71 	100  	152.141	319.315	5.76002	1375.43 (5.7600184757466408,)
72 	100  	149.244	312.226	5.52588	1334.7  (5.5258784977892814,)
73 	100  	149.877	302.343	5.83803	1298.64 (5.5258784977892814,)
74 	100  	163.928	326.73 	5.76726	1406.11 (5.5258784977892814,)
75 	100  	162.096	316.044	5.5899 	1462.01 (5.5258784977892814,)
76 	100  	165.399	329.812	5.58039	1401.15 (5.5258784977892814,)
77 	100  	158.96 	324.757	5.3225 	1542.23 (5.3224973263395761,)
78 	100  	150.305	314.844	5.33725	1451.03 (5.3224973263395761,)
79 	100  	149.663	311.624	5.41113	1460.42 (5.3224973263395761,)
80 	100  	150.334	318.014	5.43493	1448.96 (5.3224973263395761,)
81 	100  	152.544	313.518	5.31608	1429.54 (5.3160806936485185,)
82 	100  	147.273	295.771	5.18402	1441.67 (5.1840243549499316,)
83 	100  	145.951	305.662	5.0931 	1469.55 (5.0930983117240114,)
84 	100  	150.247	311.954	5.40311	1596.2  (5.0930983117240114,)
85 	100  	146.212	305.526	4.98659	1434.17 (4.9865900812000845,)
86 	100  	144.78 	304.377	5.31478	1506.23 (4.9865900812000845,)
87 	100  	148.394	315.983	4.90558	1439.59 (4.9055817413949825,)
88 	100  	147.323	318.038	4.83245	1491.65 (4.8324508929918704,)
89 	100  	142.491	313.818	4.73653	1430.69 (4.7365268218372503,)
90 	100  	136.785	305.191	4.98279	1415.74 (4.7365268218372503,)
91 	100  	140.61 	305.117	5.02644	1548.7  (4.7365268218372503,)
92 	100  	146.797	316.492	4.76792	1484.58 (4.7365268218372503,)
93 	100  	143.096	312.895	4.69645	1637.83 (4.6964497201645656,)
94 	100  	145.663	312.1  	4.84189	1608.42 (4.6964497201645656,)
95 	100  	142.227	313.154	4.65235	1571.07 (4.6523464501075242,)
96 	100  	141.867	311.627	4.63402	1624.87 (4.6340158083709602,)
97 	100  	141.914	307.497	4.51874	1682.43 (4.5187387559215848,)
98 	100  	136.485	297.379	4.31671	1470.69 (4.3167136176901613,)
99 	100  	132.682	297.151	4.2874 	1397.1  (4.2873998280535854,)
100	100  	131.315	289.95 	4.24656	1370.64 (4.2465584751823879,)
101	100  	136.306	296.05 	3.9925 	1405.13 (3.9925041488603443,)
102	100  	130.132	296.694	4.18497	1594.24 (3.9925041488603443,)
103	100  	128.116	279.846	3.84819	1390.56 (3.8481922912346334,)
104	100  	124.614	280.331	4.14413	1387.32 (3.8481922912346334,)
105	100  	118.884	279.041	4.34616	1380.97 (3.8481922912346334,)
106	100  	121.399	285.834	4.05214	1409.56 (3.8481922912346334,)
107	100  	122.113	281.956	4.33713	1340.91 (3.8481922912346334,)
108	100  	119.924	273.147	4.2531 	1316.55 (3.8481922912346334,)
109	100  	123.59 	282.545	3.97756	1378.68 (3.8481922912346334,)
110	100  	118.379	270.452	3.82548	1314.77 (3.8254780695317216,)
111	100  	120.348	279.835	4.11832	1331.51 (3.8254780695317216,)
112	100  	124.197	286.744	4.299  	1521.65 (3.8254780695317216,)
113	100  	130.544	296.69 	3.85894	1646.96 (3.8254780695317216,)
114	100  	118.611	282.661	3.61971	1417.08 (3.6197070346041267,)
115	100  	125.43 	288.889	3.73562	1399.27 (3.6197070346041267,)
116	100  	115.91 	287.511	3.52961	1479.96 (3.529613592867074,)
117	100  	116.149	301.432	3.65919	1731.67 (3.529613592867074,)
118	100  	119.269	295.325	3.54771	1545.59 (3.529613592867074,)
119	100  	118.956	296.919	3.59098	1561.96 (3.529613592867074,)
120	100  	118.325	282.883	3.75218	1360.75 (3.529613592867074,)
121	100  	123.015	300.97 	3.5847 	1435.01 (3.529613592867074,)
122	100  	129.085	309.419	3.59988	1421.82 (3.529613592867074,)
123	100  	120.236	294.149	3.48263	1501.59 (3.4826308010480034,)
124	100  	113.724	291.764	3.77015	1537.79 (3.4826308010480034,)
125	100  	116.736	294.795	3.41835	1455.01 (3.4183528815783317,)
126	100  	119.955	288.987	3.42717	1380.8  (3.4183528815783317,)
127	100  	118.851	295.873	3.36969	1417.31 (3.3696925902732429,)
128	100  	120.258	298.744	3.46442	1427.12 (3.3696925902732429,)
129	100  	118.595	295.364	3.53542	1447.56 (3.3696925902732429,)
130	100  	120.167	300.686	3.57847	1538.01 (3.3696925902732429,)
131	100  	120.157	300.914	3.58396	1462.07 (3.3696925902732429,)
132	100  	119.629	294.28 	3.46858	1440.49 (3.3696925902732429,)
133	100  	128.645	319.239	3.26288	1682.73 (3.2628779904195668,)
134	100  	128.147	310.951	3.24407	1545.24 (3.2440671128252161,)
135	100  	127.212	299.023	3.49812	1372.76 (3.2440671128252161,)
136	100  	126.663	287.343	3.35441	1396.87 (3.2440671128252161,)
137	100  	127.8  	284.615	3.27246	1405.75 (3.2440671128252161,)
138	100  	126.981	291.874	3.26352	1407.17 (3.2440671128252161,)
139	100  	123.058	292.701	3.1664 	1424.69 (3.1664032790904675,)
140	100  	121.334	292.39 	3.28259	1483.68 (3.1664032790904675,)
141	100  	127.58 	304.264	3.28791	1438.46 (3.1664032790904675,)
142	100  	127.665	308.035	3.49807	1491.98 (3.1664032790904675,)
143	100  	128.218	303.344	3.23148	1513.38 (3.1664032790904675,)
144	100  	130.723	314.556	3.3119 	1657.96 (3.1664032790904675,)
145	100  	123.77 	302.287	3.24732	1662.46 (3.1664032790904675,)
146	100  	125.515	298.354	3.35773	1552.21 (3.1664032790904675,)
147	100  	126.564	298.092	3.09982	1508.78 (3.0998192414884502,)
148	100  	126.209	306.352	3.43852	1578.31 (3.0998192414884502,)
149	100  	121.738	303.868	3.07733	1734.77 (3.0773281930408101,)
150	100  	123.598	313.007	3.18477	1771.83 (3.0773281930408101,)
151	100  	123.922	317.218	3.16944	1751.71 (3.0773281930408101,)
152	100  	119.763	309.362	3.16469	1729.08 (3.0773281930408101,)
153	100  	116.234	304.135	3.18499	1577.7  (3.0773281930408101,)
154	100  	116.479	299.209	3.17843	1570.56 (3.0773281930408101,)
155	100  	122.891	294.101	3.25537	1458.72 (3.0773281930408101,)
156	100  	111.929	277.691	3.45135	1392.2  (3.0773281930408101,)
157	100  	108.562	256.3  	3.68479	1336.65 (3.0773281930408101,)
158	100  	107.025	256.717	3.07832	1317.74 (3.0773281930408101,)
159	100  	104.907	257.582	3.16997	1332    (3.0773281930408101,)
160	100  	112.035	279.979	3.2003 	1365.67 (3.0773281930408101,)
161	100  	111.392	287.762	3.06786	1414.12 (3.067864307046436,)
162	100  	110.95 	276.412	3.05587	1434.41 (3.0558723585697174,)
163	100  	110.371	278.81 	2.97886	1483.44 (2.97885587879383,)
164	100  	111.722	274.937	3.09672	1482.27 (2.97885587879383,)
165	100  	115.249	287.928	2.86453	1415.92 (2.8645281133551936,)
166	100  	110.253	269.499	3.1075 	1412.85 (2.8645281133551936,)
167	100  	106.259	270.467	2.87398	1427.75 (2.8645281133551936,)
168	100  	113.682	269.664	3.26368	1433.41 (2.8645281133551936,)
169	100  	107.525	275.061	2.95564	1474.54 (2.8645281133551936,)
170	100  	111.196	275.756	3.12514	1474.93 (2.8645281133551936,)
171	100  	107.846	279.774	3.21086	1528.41 (2.8645281133551936,)
172	100  	111.442	288.671	2.89992	1485.07 (2.8645281133551936,)
173	100  	109.582	280.486	2.86118	1487    (2.8611787217389009,)
174	100  	101.997	274.842	2.84269	1477.15 (2.8426870899732455,)
175	100  	109.1  	279.338	2.90456	1543.84 (2.8426870899732455,)
176	100  	107.546	288.038	2.95344	1447.58 (2.8426870899732455,)
177	100  	111.685	281.697	3.02738	1441.19 (2.8426870899732455,)
178	100  	111.185	281.818	3.04799	1423.48 (2.8426870899732455,)
179	100  	114.037	306.304	2.92757	1671.86 (2.8426870899732455,)
180	100  	115.005	304.364	3.25299	1693.51 (2.8426870899732455,)
181	100  	115.311	316.988	2.87099	1720.13 (2.8426870899732455,)
182	100  	108.51 	289.472	2.93075	1463.25 (2.8426870899732455,)
183	100  	105.131	277.345	2.94561	1417.92 (2.8426870899732455,)
184	100  	112.53 	305.792	2.81396	1697.2  (2.8139630303897913,)
185	100  	109.329	282.501	2.84161	1408.46 (2.8139630303897913,)
186	100  	112.705	285.649	3.11168	1401.06 (2.8139630303897913,)
187	100  	107.576	284.969	2.84594	1438.24 (2.8139630303897913,)
188	100  	103.82 	277.419	2.83866	1298.17 (2.8139630303897913,)
189	100  	108.547	280.962	2.95259	1411.91 (2.8139630303897913,)
190	100  	110.621	288.101	3.07152	1408.08 (2.8139630303897913,)
191	100  	108.917	288.241	2.99645	1596.44 (2.8139630303897913,)
192	100  	109.861	290.276	2.89262	1539.47 (2.8139630303897913,)
193	100  	116.236	305.579	3.01181	1658.12 (2.8139630303897913,)
194	100  	113.032	288.019	2.79893	1513.97 (2.7989318917733232,)
195	100  	113.458	284.626	2.75476	1594.87 (2.7547593441396208,)
196	100  	104.375	274.252	2.70984	1369.03 (2.7098354178676125,)
197	100  	97.2502	258.909	2.60045	1328.78 (2.6004490373940579,)
198	100  	98.9953	243.006	2.94496	1291.27 (2.6004490373940579,)
199	100  	103.409	255.976	2.77025	1333.48 (2.6004490373940579,)
200	100  	106.238	269.419	2.72582	1398.9  (2.6004490373940579,)
201	100  	108.879	282.277	2.68349	1461.09 (2.6004490373940579,)
202	100  	106.587	286.687	2.77724	1636.28 (2.6004490373940579,)
203	100  	103.234	274.77 	2.85787	1544.29 (2.6004490373940579,)
204	100  	108.572	282.317	2.6941 	1575.03 (2.6004490373940579,)
205	100  	109.08 	281.865	2.81735	1554.08 (2.6004490373940579,)
206	100  	105.584	274.223	2.98816	1415.17 (2.6004490373940579,)
207	100  	105.842	281.831	2.76491	1393.48 (2.6004490373940579,)
208	100  	105.175	272.063	2.59568	1392.36 (2.595684883737611,)
209	100  	105.772	275.485	2.81689	1421.05 (2.595684883737611,)
210	100  	108.071	265.204	2.82456	1402.86 (2.595684883737611,)
211	100  	105.488	265.493	2.82688	1449.84 (2.595684883737611,)
212	100  	111.587	272.498	2.73625	1412.69 (2.595684883737611,)
213	100  	106.891	279.921	2.79229	1429.31 (2.595684883737611,)
214	100  	108.135	282.245	2.85492	1499.38 (2.595684883737611,)
215	100  	106.91 	278.3  	2.62813	1340.68 (2.595684883737611,)
216	100  	102.263	259.127	2.66982	1319.9  (2.595684883737611,)
217	100  	99.7862	250.787	2.67327	1277.64 (2.595684883737611,)
218	100  	95.6545	245.813	2.69434	1308.21 (2.595684883737611,)
219	100  	102.235	241.756	2.99963	1285.06 (2.595684883737611,)
220	100  	102.604	248.365	2.67925	1317.24 (2.595684883737611,)
221	100  	99.9358	258.475	2.71782	1331.31 (2.595684883737611,)
222	100  	105.344	266.963	2.77878	1381.28 (2.595684883737611,)
223	100  	104.73 	265.652	2.9155 	1415.48 (2.595684883737611,)
224	100  	103.274	267.536	2.84122	1401.61 (2.595684883737611,)
225	100  	104.35 	270.279	2.6943 	1405.13 (2.595684883737611,)
226	100  	106.724	281.8  	2.57473	1440.03 (2.574726822781741,)
227	100  	103.524	263.307	2.65676	1368.05 (2.574726822781741,)
228	100  	106.122	263.789	2.66527	1370.55 (2.574726822781741,)
229	100  	110.731	275.707	2.87898	1381.7  (2.574726822781741,)
230	100  	109.37 	280.493	2.40233	1407.29 (2.4023313420156209,)
231	100  	106.533	265.814	2.5221 	1379.07 (2.4023313420156209,)
232	100  	103.716	268.721	2.62081	1380.45 (2.4023313420156209,)
233	100  	105.611	278.043	2.58307	1410.38 (2.4023313420156209,)
234	100  	104.632	269.117	2.46269	1408.67 (2.4023313420156209,)
235	100  	107.552	280.174	2.33277	1474.68 (2.3327668285638681,)
236	100  	107.85 	272.319	2.21979	1452.86 (2.2197893895575231,)
237	100  	110.42 	283.163	2.76377	1608.22 (2.2197893895575231,)
238	100  	111.454	285.536	2.26102	1692.49 (2.2197893895575231,)
239	100  	110.319	285.671	2.24814	1429.61 (2.2197893895575231,)
240	100  	111.019	284.485	2.49189	1518.17 (2.2197893895575231,)
241	100  	110.842	273.335	2.42951	1503.53 (2.2197893895575231,)
242	100  	110.109	279.041	2.33983	1402.73 (2.2197893895575231,)
243	100  	102.795	274.3  	2.3387 	1390.69 (2.2197893895575231,)
244	100  	107.491	279.465	2.41916	1479.45 (2.2197893895575231,)
245	100  	106.78 	281.078	2.24136	1521.51 (2.2197893895575231,)
246	100  	108.31 	287.347	2.13942	1644.95 (2.1394246649924811,)
247	100  	107.29 	274.675	2.36942	1498.96 (2.1394246649924811,)
248	100  	107.601	283.241	2.35274	1440.72 (2.1394246649924811,)
249	100  	106.735	269.27 	2.61002	1326.71 (2.1394246649924811,)
