In file included from /usr/local/lib/python2.7/dist-packages/numpy/core/include/numpy/ndarraytypes.h:1804:0,
                 from /usr/local/lib/python2.7/dist-packages/numpy/core/include/numpy/ndarrayobject.h:17,
                 from /usr/local/lib/python2.7/dist-packages/numpy/core/include/numpy/arrayobject.h:4,
                 from /home/pinojc/.cache/scipy/python27_compiled/sc_9bade30717731f645b30a512f757f0fa898.cpp:22:
/usr/local/lib/python2.7/dist-packages/numpy/core/include/numpy/npy_1_7_deprecated_api.h:15:2: warning: #warning "Using deprecated NumPy API, disable it by " "#defining NPY_NO_DEPRECATED_API NPY_1_7_API_VERSION" [-Wcpp]
 #warning "Using deprecated NumPy API, disable it by " \
  ^
gen	evals	avg    	std    	min   	max    
0  	25   	590.153	313.111	45.648	1392.57 (45.64803516329269,)
1  	25   	377.906	289.795	21.6264	1034.26 (21.626394432845764,)
2  	25   	347.178	255.889	92.3759	1023.46 (21.626394432845764,)
3  	25   	401.888	367.19 	37.7213	1178.18 (21.626394432845764,)
4  	25   	296.543	295.333	21.1707	1311.93 (21.170722132718318,)
5  	25   	345.518	358.004	16.488 	1508.56 (16.48801442469717,)
6  	25   	283.002	285.395	28.0561	1325.98 (16.48801442469717,)
7  	25   	223.626	179.959	22.0681	624.217 (16.48801442469717,)
8  	25   	187.711	156.909	37.3012	616.747 (16.48801442469717,)
9  	25   	268.669	218.417	30.1506	853.166 (16.48801442469717,)
10 	25   	213.026	235.478	19.9227	1195.87 (16.48801442469717,)
11 	25   	203.453	177.722	20.2988	811.301 (16.48801442469717,)
12 	25   	212.316	188.951	35.2925	643.376 (16.48801442469717,)
13 	25   	231.978	214.496	18.7276	770.965 (16.48801442469717,)
14 	25   	197.569	208.318	18.5568	1065.13 (16.48801442469717,)
15 	25   	202.94 	153.655	14.9198	575.32  (14.919848735442379,)
16 	25   	187.563	166.491	27.4298	826.57  (14.919848735442379,)
17 	25   	234.947	175.707	15.5941	581.58  (14.919848735442379,)
18 	25   	306.361	240.852	44.7488	797.47  (14.919848735442379,)
19 	25   	204.164	162.349	19.6672	651.077 (14.919848735442379,)
20 	25   	302.152	320.022	26.4827	1558.97 (14.919848735442379,)
21 	25   	315.165	214.399	17.9753	775.581 (14.919848735442379,)
22 	25   	299.255	241.151	23.5824	852.149 (14.919848735442379,)
23 	25   	237.725	157.177	23.2041	609.41  (14.919848735442379,)
24 	25   	316.948	255.021	14.0821	894.181 (14.082135118008061,)
25 	25   	246.889	232.972	30.6585	1105.73 (14.082135118008061,)
26 	25   	430.376	336.363	28.3539	1338.58 (14.082135118008061,)
27 	25   	312.262	317.933	25.3657	1513.41 (14.082135118008061,)
28 	25   	253.819	173.094	38.495 	716.705 (14.082135118008061,)
29 	25   	264.486	196.718	16.0092	685.282 (14.082135118008061,)
30 	25   	255.783	210.067	20.1339	892.87  (14.082135118008061,)
31 	25   	219.945	150.459	27.3327	504.933 (14.082135118008061,)
32 	25   	203.283	177.856	15.4042	622.643 (14.082135118008061,)
33 	25   	252.088	328.637	29.9545	1328.71 (14.082135118008061,)
34 	25   	239.035	154.46 	22.2685	508.296 (14.082135118008061,)
35 	25   	225.877	189.654	17.1012	812.796 (14.082135118008061,)
36 	25   	191.725	158.015	23.9568	634.142 (14.082135118008061,)
37 	25   	250.046	204.223	17.6688	689.452 (14.082135118008061,)
38 	25   	256.641	316.809	22.9167	1540.92 (14.082135118008061,)
39 	25   	204.084	230.475	13.151 	991.449 (13.151031779283525,)
40 	25   	180.952	197.027	18.4363	917.998 (13.151031779283525,)
41 	25   	261.459	225.968	21.1957	782.79  (13.151031779283525,)
42 	25   	203.928	208.963	18.6295	1075.26 (13.151031779283525,)
43 	25   	180.57 	194.528	11.0166	740.008 (11.016645261870815,)
44 	25   	224.932	255.381	21.5495	1098.35 (11.016645261870815,)
45 	25   	217.456	180.358	21.8712	658.857 (11.016645261870815,)
46 	25   	240.596	196.537	16.5023	842.168 (11.016645261870815,)
47 	25   	367.012	362.184	22.056 	1284.3  (11.016645261870815,)
48 	25   	276.466	223.445	23.5046	812.472 (11.016645261870815,)
49 	25   	290.665	213.974	10.9304	707.766 (10.930372922042181,)
50 	25   	321.237	310.992	12.5147	1325.88 (10.930372922042181,)
51 	25   	296.584	269.811	25.1855	1044.96 (10.930372922042181,)
52 	25   	252.224	187.048	20.7964	759.819 (10.930372922042181,)
53 	25   	295.156	242.198	53.2823	948.078 (10.930372922042181,)
54 	25   	213.493	204.303	15.8486	688.446 (10.930372922042181,)
55 	25   	303.824	239.478	11.9098	841.493 (10.930372922042181,)
56 	25   	287.372	396.526	30.5578	1700.55 (10.930372922042181,)
57 	25   	191.574	138.194	11.6991	475.612 (10.930372922042181,)
58 	25   	233.809	266.238	17.2168	1176.81 (10.930372922042181,)
59 	25   	286.507	331.454	10.808 	1335.48 (10.80798342961382,)
60 	25   	192.413	139.622	26.3724	527.548 (10.80798342961382,)
61 	25   	258.199	186.338	15.2036	705.468 (10.80798342961382,)
62 	25   	208.288	175.639	9.39209	747.482 (9.3920911590379657,)
63 	25   	201.087	170.788	37.0619	622.361 (9.3920911590379657,)
64 	25   	233.803	199.863	17.5691	654.316 (9.3920911590379657,)
65 	25   	235.674	244.202	14.547 	1073.18 (9.3920911590379657,)
66 	25   	261.976	226.623	15.0372	778.53  (9.3920911590379657,)
67 	25   	244.796	225.835	14.2874	767.603 (9.3920911590379657,)
68 	25   	277.688	295.356	15.9192	1352.18 (9.3920911590379657,)
69 	25   	224.955	214.624	13.6385	816.377 (9.3920911590379657,)
70 	25   	286.217	264.606	20.0566	1006.39 (9.3920911590379657,)
71 	25   	210.959	171.72 	16.9963	651.5   (9.3920911590379657,)
72 	25   	252.842	184.476	45.239 	623.012 (9.3920911590379657,)
73 	25   	258.631	305.789	12.5008	1387.34 (9.3920911590379657,)
74 	25   	262.282	189.938	12.6361	664.205 (9.3920911590379657,)
75 	25   	245.371	222.134	14.5804	997.224 (9.3920911590379657,)
76 	25   	279.89 	172.165	16.7572	690.998 (9.3920911590379657,)
77 	25   	210.829	189.188	13.9374	672.497 (9.3920911590379657,)
78 	25   	223.452	155.861	8.89275	576.827 (8.8927543987555921,)
79 	25   	311.34 	299.749	17.9963	995.83  (8.8927543987555921,)
80 	25   	324.246	255.702	63.8575	990.182 (8.8927543987555921,)
81 	25   	285.593	208.011	28.2379	660.669 (8.8927543987555921,)
82 	25   	282.189	196.947	14.5865	786.793 (8.8927543987555921,)
83 	25   	290.358	290.534	10.5172	950.45  (8.8927543987555921,)
84 	25   	278.252	242.702	21.9807	960.663 (8.8927543987555921,)
85 	25   	330.749	360.325	14.3657	1612.33 (8.8927543987555921,)
86 	25   	228.277	181.911	18.247 	607.654 (8.8927543987555921,)
87 	25   	237.16 	186.449	23.7375	758.2   (8.8927543987555921,)
88 	25   	156.592	137.867	21.4708	617.978 (8.8927543987555921,)
89 	25   	266.518	293.846	13.861 	1439.69 (8.8927543987555921,)
90 	25   	195.938	182.001	10.9563	570.558 (8.8927543987555921,)
91 	25   	228.912	240.623	13.1907	896.542 (8.8927543987555921,)
92 	25   	162.217	142.28 	9.34674	585.729 (8.8927543987555921,)
93 	25   	237.156	225.575	20.497 	881.835 (8.8927543987555921,)
94 	25   	251.967	212.957	22.8563	660.761 (8.8927543987555921,)
95 	25   	210.147	233.928	11.4041	1049.32 (8.8927543987555921,)
96 	25   	249.866	209.177	17.5192	787.483 (8.8927543987555921,)
97 	25   	263.122	244.533	14.6606	1109.17 (8.8927543987555921,)
98 	25   	214.815	154.155	12.5578	560.842 (8.8927543987555921,)
99 	25   	213.885	241.392	10.0829	1102.54 (8.8927543987555921,)
100	25   	216.834	165.039	12.3232	556.764 (8.8927543987555921,)
101	25   	222.795	165.753	17.6967	667.655 (8.8927543987555921,)
102	25   	276.371	218.614	23.5423	1056.82 (8.8927543987555921,)
103	25   	207.017	166.324	19.0009	631.141 (8.8927543987555921,)
104	25   	186.357	182.665	16.4283	608.112 (8.8927543987555921,)
105	25   	234.498	190.923	11.5464	730.16  (8.8927543987555921,)
106	25   	197.618	231.818	12.2778	972.029 (8.8927543987555921,)
107	25   	273.847	182.782	14.3926	672.895 (8.8927543987555921,)
108	25   	253.431	209.938	22.6914	707.155 (8.8927543987555921,)
109	25   	187.082	150.677	18.5688	551.055 (8.8927543987555921,)
110	25   	171.399	157.806	10.2553	672.674 (8.8927543987555921,)
111	25   	274.935	294.793	17.1793	1314.72 (8.8927543987555921,)
112	25   	190.536	146.526	11.4502	480.585 (8.8927543987555921,)
113	25   	241.414	253.952	12.4317	1035    (8.8927543987555921,)
114	25   	254.251	211.057	8.15778	675.434 (8.1577782672747912,)
115	25   	235.762	215.313	19.4907	915.114 (8.1577782672747912,)
116	25   	192.543	160.517	10.6357	677.064 (8.1577782672747912,)
117	25   	236.998	178.581	30.7713	631.517 (8.1577782672747912,)
118	25   	262.234	190.132	15.4173	643.279 (8.1577782672747912,)
119	25   	276.322	256.758	23.4629	1098.9  (8.1577782672747912,)
120	25   	296.806	261.032	12.2853	1001.22 (8.1577782672747912,)
121	25   	257.813	182.962	14.0874	569.066 (8.1577782672747912,)
122	25   	230.968	159.641	23.4123	570.751 (8.1577782672747912,)
123	25   	327.322	274.238	30.1221	1235.02 (8.1577782672747912,)
124	25   	322.448	223.874	12.956 	808.107 (8.1577782672747912,)
125	25   	287.728	248.097	11.3295	1037.22 (8.1577782672747912,)
126	25   	367.195	272.216	19.3464	882.368 (8.1577782672747912,)
127	25   	219.007	195.507	11.1817	650.293 (8.1577782672747912,)
128	25   	295.82 	319.749	17.5014	1318.49 (8.1577782672747912,)
129	25   	290.742	213.22 	17.749 	648.326 (8.1577782672747912,)
130	25   	326.017	335.498	15.5197	1277.39 (8.1577782672747912,)
131	25   	277.285	185.02 	19.4562	811.46  (8.1577782672747912,)
132	25   	307.253	231.408	11.6088	881.824 (8.1577782672747912,)
133	25   	379.003	271.602	21.0223	974.518 (8.1577782672747912,)
134	25   	320.441	248.715	15.4528	902.401 (8.1577782672747912,)
135	25   	332.241	283.511	15.2314	1212.32 (8.1577782672747912,)
136	25   	282.12 	186.389	13.7044	700.814 (8.1577782672747912,)
137	25   	219.195	291.448	16.3164	1291.14 (8.1577782672747912,)
138	25   	320.844	259.13 	22.2272	955.066 (8.1577782672747912,)
139	25   	280.793	231.464	9.81051	784.528 (8.1577782672747912,)
140	25   	394.685	351.877	31.1143	1490.03 (8.1577782672747912,)
141	25   	318.75 	218.163	11.5641	710.161 (8.1577782672747912,)
142	25   	381.613	365.125	23.0064	1574.87 (8.1577782672747912,)
143	25   	263.664	235.196	17.9945	1068.5  (8.1577782672747912,)
144	25   	244.517	289.398	15.2016	1284.46 (8.1577782672747912,)
145	25   	339.323	323.622	11.8386	1275.04 (8.1577782672747912,)
146	25   	300.975	280.669	9.58887	1077.34 (8.1577782672747912,)
147	25   	348.873	218.013	21.099 	777.398 (8.1577782672747912,)
148	25   	264.869	286.866	15.8873	1290.99 (8.1577782672747912,)
149	25   	268.576	199.717	30.9187	693.484 (8.1577782672747912,)
150	25   	289.305	302.18 	10.1203	1288.04 (8.1577782672747912,)
151	25   	211.415	199.654	13.4481	774.262 (8.1577782672747912,)
152	25   	243.513	232.923	12.8469	896.75  (8.1577782672747912,)
153	25   	215.528	217.328	25.5518	952.223 (8.1577782672747912,)
154	25   	282.256	295.97 	10.4555	1178.75 (8.1577782672747912,)
155	25   	255.776	265.045	8.86004	1000.92 (8.1577782672747912,)
156	25   	331.119	256.285	14.8046	916.513 (8.1577782672747912,)
157	25   	196.994	173.301	21.6007	657.192 (8.1577782672747912,)
158	25   	268.6  	259.494	10.8931	945.663 (8.1577782672747912,)
159	25   	324.696	263.555	20.958 	912.512 (8.1577782672747912,)
160	25   	265.086	253.388	11.6978	1078.36 (8.1577782672747912,)
161	25   	294.809	242.618	16.3766	870.045 (8.1577782672747912,)
162	25   	210.929	167.462	13.1946	494.286 (8.1577782672747912,)
163	25   	313.016	234.801	31.7896	1032.69 (8.1577782672747912,)
164	25   	286.591	260.015	22.2832	1253.02 (8.1577782672747912,)
165	25   	359.278	278.919	17.3697	979.13  (8.1577782672747912,)
166	25   	245.256	224.012	18.6555	837.653 (8.1577782672747912,)
167	25   	236.061	261.55 	6.78028	979.387 (6.7802824414661256,)
168	25   	290.96 	221.994	16.1339	801.934 (6.7802824414661256,)
169	25   	215.374	146.158	20.6131	600.654 (6.7802824414661256,)
170	25   	243.831	279.68 	7.88871	1106.09 (6.7802824414661256,)
171	25   	236.923	171.864	12.0559	601.683 (6.7802824414661256,)
172	25   	247.096	218.959	13.5358	971.973 (6.7802824414661256,)
173	25   	401.198	443.331	22.3109	1597.48 (6.7802824414661256,)
174	25   	267.091	234.053	13.1601	961.109 (6.7802824414661256,)
175	25   	243.613	226.708	20.2951	856.892 (6.7802824414661256,)
176	25   	369.742	335.622	8.73227	1041.42 (6.7802824414661256,)
177	25   	326.466	336.61 	14.5164	1554.56 (6.7802824414661256,)
178	25   	246.681	198.055	17.5723	810.218 (6.7802824414661256,)
179	25   	259.823	289.713	12.3902	1200.62 (6.7802824414661256,)
180	25   	216.433	186.044	8.38802	770.804 (6.7802824414661256,)
181	25   	196.543	198.81 	12.0635	747.789 (6.7802824414661256,)
182	25   	132.733	163.691	6.92022	593.575 (6.7802824414661256,)
183	25   	194.371	137.341	12.0521	524.337 (6.7802824414661256,)
184	25   	220.06 	156.166	11.3517	601.782 (6.7802824414661256,)
185	25   	336.013	343.946	7.50666	1475.05 (6.7802824414661256,)
186	25   	323.61 	319.398	12.9151	1629.01 (6.7802824414661256,)
187	25   	312.775	315.204	9.96523	1174.36 (6.7802824414661256,)
188	25   	277.358	277.197	28.2122	1150.05 (6.7802824414661256,)
189	25   	279.091	253.426	14.183 	1003.78 (6.7802824414661256,)
190	25   	272.388	315.838	15.6503	1411.44 (6.7802824414661256,)
191	25   	212.485	242.206	7.65144	1074.73 (6.7802824414661256,)
192	25   	326.181	255.739	12.2012	935.407 (6.7802824414661256,)
193	25   	352.781	329.503	9.09972	1462.07 (6.7802824414661256,)
194	25   	317.549	320.13 	10.677 	1382.06 (6.7802824414661256,)
195	25   	286.853	270.35 	8.43552	1210.59 (6.7802824414661256,)
196	25   	386.613	310.435	16.6768	1161.8  (6.7802824414661256,)
197	25   	304.112	232.992	14.9268	954.504 (6.7802824414661256,)
198	25   	249.881	244.286	11.3204	879.628 (6.7802824414661256,)
199	25   	175.7  	125.932	10.7591	447.314 (6.7802824414661256,)
200	25   	220.896	181.193	7.10501	780.71  (6.7802824414661256,)
201	25   	308.493	286.424	20.9948	1065.76 (6.7802824414661256,)
202	25   	299.732	225.047	12.6774	820.585 (6.7802824414661256,)
203	25   	259.926	199.863	16.9322	870.418 (6.7802824414661256,)
204	25   	228.949	211.148	9.87233	721.85  (6.7802824414661256,)
205	25   	282.856	254.001	19.805 	1106.15 (6.7802824414661256,)
206	25   	208.202	196.374	10.3258	794.13  (6.7802824414661256,)
207	25   	265.233	349.481	9.64352	1436.08 (6.7802824414661256,)
208	25   	199.767	177.825	7.09444	650.257 (6.7802824414661256,)
209	25   	292.329	244.492	10.9698	760.372 (6.7802824414661256,)
210	25   	280.456	328.716	11.3177	1381.81 (6.7802824414661256,)
211	25   	225.841	202.176	20.1894	697.567 (6.7802824414661256,)
212	25   	249.555	236.808	9.98111	1026.98 (6.7802824414661256,)
213	25   	282.356	314.734	11.9551	1443.09 (6.7802824414661256,)
214	25   	324.545	290.34 	24.1585	1052.76 (6.7802824414661256,)
215	25   	357.486	349.822	13.8092	1553.36 (6.7802824414661256,)
216	25   	332.17 	265.471	12.0205	919.85  (6.7802824414661256,)
217	25   	260.392	219.1  	12.0029	809.134 (6.7802824414661256,)
218	25   	289.634	267.678	13.021 	1277.25 (6.7802824414661256,)
219	25   	224.03 	151.615	7.82921	504.21  (6.7802824414661256,)
220	25   	320.833	228.381	32.4818	917.216 (6.7802824414661256,)
221	25   	373.132	341.328	27.1498	1454.83 (6.7802824414661256,)
222	25   	389.895	314.964	87.3382	1605.36 (6.7802824414661256,)
223	25   	347.223	281.043	35.0247	1162.23 (6.7802824414661256,)
224	25   	242.659	196.357	9.22376	602.367 (6.7802824414661256,)
225	25   	319.98 	275.724	14.3719	1162.51 (6.7802824414661256,)
226	25   	229.995	195.628	18.4979	736     (6.7802824414661256,)
227	25   	162.661	149.957	10.6429	603.93  (6.7802824414661256,)
228	25   	279.402	238.438	16.7419	847.809 (6.7802824414661256,)
229	25   	277.272	234.887	20.9203	891.729 (6.7802824414661256,)
230	25   	234.314	196.187	24.9659	699.609 (6.7802824414661256,)
231	25   	291.914	224.479	19.5573	778.282 (6.7802824414661256,)
232	25   	301.655	254.433	11.3335	989.54  (6.7802824414661256,)
233	25   	207.011	197.714	9.71945	955.297 (6.7802824414661256,)
234	25   	272.594	193.358	13.6101	724.26  (6.7802824414661256,)
235	25   	288.152	294.701	10.7622	1057.31 (6.7802824414661256,)
236	25   	377.289	219.205	23.3848	865.471 (6.7802824414661256,)
237	25   	324.567	266.358	14.1476	1094.4  (6.7802824414661256,)
238	25   	294.662	214.572	35.6135	736.307 (6.7802824414661256,)
239	25   	261.62 	257.723	14.5751	838.519 (6.7802824414661256,)
240	25   	342.372	247.821	12.0852	767.54  (6.7802824414661256,)
241	25   	268.182	237.011	21.0582	950.763 (6.7802824414661256,)
242	25   	227.235	183.387	6.92155	646.584 (6.7802824414661256,)
243	25   	277.131	253.084	8.5623 	1195.03 (6.7802824414661256,)
244	25   	297.324	213.773	26.1867	762.617 (6.7802824414661256,)
245	25   	245.487	210.522	17.0981	906.862 (6.7802824414661256,)
246	25   	284.375	296.75 	20.639 	1081.76 (6.7802824414661256,)
247	25   	280.066	260.205	14.7321	1208.74 (6.7802824414661256,)
248	25   	316.496	366.089	9.26496	1482.64 (6.7802824414661256,)
249	25   	243.947	163.116	9.09393	597.588 (6.7802824414661256,)
250	25   	335.056	254.929	13.4617	843.595 (6.7802824414661256,)
251	25   	199.635	193.881	10.9621	770.048 (6.7802824414661256,)
252	25   	191.681	216.888	9.0701 	819.989 (6.7802824414661256,)
253	25   	270.246	215.393	13.4424	857.176 (6.7802824414661256,)
254	25   	310.88 	254.025	11.8298	1000.92 (6.7802824414661256,)
255	25   	330.307	317.293	18.8456	1619.8  (6.7802824414661256,)
256	25   	276.88 	270.253	11.2657	1248.54 (6.7802824414661256,)
257	25   	324.954	275.546	23.4241	1389.96 (6.7802824414661256,)
258	25   	281.663	188.374	13.4489	685.695 (6.7802824414661256,)
259	25   	230.353	183.804	16.7794	705.753 (6.7802824414661256,)
260	25   	273.544	246.539	10.0548	963.242 (6.7802824414661256,)
261	25   	310.147	379.056	8.31075	1692.92 (6.7802824414661256,)
262	25   	249.603	162.004	42.4495	610.539 (6.7802824414661256,)
263	25   	179.939	165.55 	13.5228	544.818 (6.7802824414661256,)
264	25   	215.983	187.975	9.26114	766.29  (6.7802824414661256,)
265	25   	243.39 	195.678	19.7762	661.229 (6.7802824414661256,)
266	25   	197.537	184.883	10.1901	714.957 (6.7802824414661256,)
267	25   	430.128	404.351	57.6839	1550.92 (6.7802824414661256,)
268	25   	299.413	267.761	8.90042	885.642 (6.7802824414661256,)
269	25   	254.235	228.258	12.1952	773.785 (6.7802824414661256,)
270	25   	278.929	221.253	24.1428	773.392 (6.7802824414661256,)
271	25   	285.643	254.71 	11.5424	815.785 (6.7802824414661256,)
272	25   	314.88 	254.242	17.9313	1137.78 (6.7802824414661256,)
273	25   	195.516	146.124	14.7972	470.482 (6.7802824414661256,)
274	25   	217.569	199.372	10.699 	835.053 (6.7802824414661256,)
275	25   	178.554	147.673	16.8708	562.332 (6.7802824414661256,)
276	25   	231.838	152.877	19.9081	579.664 (6.7802824414661256,)
277	25   	225.215	175.856	14.4812	645.36  (6.7802824414661256,)
278	25   	253.834	227.107	14.1244	898.986 (6.7802824414661256,)
279	25   	282.197	293.327	14.4771	1337.19 (6.7802824414661256,)
280	25   	261.45 	265.354	16.9712	995.655 (6.7802824414661256,)
281	25   	233.685	184.257	12.6856	613.09  (6.7802824414661256,)
282	25   	304.53 	238.904	27.0685	773.904 (6.7802824414661256,)
283	25   	318.28 	313.98 	13.1999	1470.92 (6.7802824414661256,)
284	25   	330.051	267.966	13.9268	1111.55 (6.7802824414661256,)
285	25   	275.711	192.198	11.8772	773.481 (6.7802824414661256,)
286	25   	280.153	273.685	17.2813	1359.23 (6.7802824414661256,)
287	25   	261.641	220.794	14.6636	845.079 (6.7802824414661256,)
288	25   	323.619	229.381	16.9495	921.28  (6.7802824414661256,)
289	25   	268.648	203.421	11.0632	740.035 (6.7802824414661256,)
290	25   	270.378	241.074	20.3954	1008.79 (6.7802824414661256,)
291	25   	244.874	159.747	25.43  	642.497 (6.7802824414661256,)
292	25   	247.078	237.712	28.7069	1166.46 (6.7802824414661256,)
293	25   	241.472	211.935	9.99387	893.111 (6.7802824414661256,)
294	25   	330.245	233.987	33.9713	1001.38 (6.7802824414661256,)
295	25   	159.666	155.712	8.46129	545.693 (6.7802824414661256,)
296	25   	234.649	217.777	23.0108	873.886 (6.7802824414661256,)
297	25   	293.865	261.554	16.748 	1011.93 (6.7802824414661256,)
298	25   	180.086	169.838	13.2427	603.115 (6.7802824414661256,)
299	25   	212.174	229.5  	20.1445	1048.16 (6.7802824414661256,)
300	25   	216.728	179.227	10.8649	659.107 (6.7802824414661256,)
301	25   	258.995	254.236	16.9855	1064.14 (6.7802824414661256,)
302	25   	251.107	208.26 	14.3451	700.574 (6.7802824414661256,)
303	25   	247.697	172.598	22.4912	718.925 (6.7802824414661256,)
304	25   	196.589	162.453	9.97842	656.137 (6.7802824414661256,)
305	25   	226.024	231.955	11.381 	887.282 (6.7802824414661256,)
306	25   	205.275	172.473	8.10406	629.708 (6.7802824414661256,)
307	25   	234.753	175.218	9.99821	604.602 (6.7802824414661256,)
308	25   	291.927	165.65 	17.8861	529.494 (6.7802824414661256,)
309	25   	268.833	247.542	8.59225	859.634 (6.7802824414661256,)
310	25   	237.372	209.377	7.30149	877.839 (6.7802824414661256,)
311	25   	259.133	231.297	21.1294	915.467 (6.7802824414661256,)
312	25   	274.971	292.503	7.85185	1186.51 (6.7802824414661256,)
313	25   	251.909	261.495	8.74518	887.256 (6.7802824414661256,)
314	25   	287.23 	248.886	19.8896	833.051 (6.7802824414661256,)
315	25   	404.088	288.684	13.6479	1069.96 (6.7802824414661256,)
316	25   	239.787	201.132	9.30386	812.794 (6.7802824414661256,)
317	25   	275.597	256.106	9.041  	1150.41 (6.7802824414661256,)
318	25   	192.737	162.344	6.45188	542.436 (6.4518758284879452,)
319	25   	245.025	214.115	10.6464	704.398 (6.4518758284879452,)
320	25   	215.653	168.831	5.7148 	573.473 (5.7148030002926928,)
321	25   	161.039	187.643	6.63093	802.003 (5.7148030002926928,)
322	25   	182.708	119.482	14.6803	370.733 (5.7148030002926928,)
323	25   	313.815	316.939	13.3843	1272.88 (5.7148030002926928,)
324	25   	255.929	201.342	6.91992	826.988 (5.7148030002926928,)
325	25   	221.454	163.144	6.47261	555.251 (5.7148030002926928,)
326	25   	170.379	120.457	8.47849	427.342 (5.7148030002926928,)
327	25   	248.751	238.072	8.36645	1078.52 (5.7148030002926928,)
328	25   	190.394	186.803	10.2674	684.028 (5.7148030002926928,)
329	25   	255.082	193.252	25.157 	816.016 (5.7148030002926928,)
330	25   	181.806	123.136	7.43557	520.381 (5.7148030002926928,)
331	25   	229.551	230.343	8.81434	1049.4  (5.7148030002926928,)
332	25   	226.89 	171.518	18.5461	665.832 (5.7148030002926928,)
333	25   	357.625	283.6  	13.5141	1390.93 (5.7148030002926928,)
334	25   	288.367	250.582	9.83455	836.656 (5.7148030002926928,)
335	25   	300.665	324.722	9.48502	1191.36 (5.7148030002926928,)
336	25   	305.143	140.619	50.7479	543.127 (5.7148030002926928,)
337	25   	230.172	197.324	10.2153	664.766 (5.7148030002926928,)
338	25   	257.809	217.826	9.69383	727.061 (5.7148030002926928,)
339	25   	259.214	292.405	10.7065	1019.91 (5.7148030002926928,)
340	25   	301.338	242.749	22.0951	850.29  (5.7148030002926928,)
341	25   	269.598	307.135	15.1803	1586.49 (5.7148030002926928,)
342	25   	249.483	167.773	12.6153	635.567 (5.7148030002926928,)
343	25   	166.665	140.846	13.1258	560.279 (5.7148030002926928,)
344	25   	215.715	183.289	8.95366	672.738 (5.7148030002926928,)
345	25   	222.156	205.416	7.35821	645.526 (5.7148030002926928,)
346	25   	211.518	238.245	12.9216	1105.18 (5.7148030002926928,)
347	25   	201.067	155.108	24.5828	523.073 (5.7148030002926928,)
348	25   	310.965	307.004	21.0972	1161.36 (5.7148030002926928,)
349	25   	288.1  	259.579	8.06858	1254.72 (5.7148030002926928,)
350	25   	359.966	362.656	18.1613	1454.07 (5.7148030002926928,)
351	25   	322.584	238.541	18.548 	1097.18 (5.7148030002926928,)
352	25   	234.692	189.31 	11.8229	712.96  (5.7148030002926928,)
353	25   	267.833	253.86 	14.774 	1141.36 (5.7148030002926928,)
354	25   	338.924	353.762	11.273 	1587.2  (5.7148030002926928,)
355	25   	259.488	237.135	13.6396	935.829 (5.7148030002926928,)
356	25   	238.682	228.569	9.92369	872.004 (5.7148030002926928,)
357	25   	198.679	143.859	14.1151	460.87  (5.7148030002926928,)
358	25   	263.291	208.393	18.2604	909.589 (5.7148030002926928,)
359	25   	184.865	151.114	8.23491	593.074 (5.7148030002926928,)
360	25   	232.883	267.005	7.97955	944.03  (5.7148030002926928,)
361	25   	187.772	192.582	14.1454	738.157 (5.7148030002926928,)
362	25   	237.952	235.36 	24.9033	931.623 (5.7148030002926928,)
363	25   	234.161	173.23 	25.3873	656.227 (5.7148030002926928,)
364	25   	208.697	188.22 	9.69114	677.678 (5.7148030002926928,)
365	25   	201.506	241.704	11.077 	950.092 (5.7148030002926928,)
366	25   	202.38 	125.885	9.07974	453.879 (5.7148030002926928,)
367	25   	157.4  	118.903	12.0104	505.084 (5.7148030002926928,)
368	25   	195.972	148.146	10.6807	531.681 (5.7148030002926928,)
369	25   	217.832	215.14 	13.3406	794.553 (5.7148030002926928,)
370	25   	281.112	260.432	7.42476	1190.19 (5.7148030002926928,)
371	25   	216.208	193.943	6.16486	743.21  (5.7148030002926928,)
372	25   	254.957	212.553	9.59395	851.313 (5.7148030002926928,)
373	25   	277.916	259.293	6.16674	1253.08 (5.7148030002926928,)
374	25   	239.893	176.511	16.7551	673.541 (5.7148030002926928,)
375	25   	244.986	158.917	7.77501	537.824 (5.7148030002926928,)
376	25   	213.639	181.091	7.85571	592.956 (5.7148030002926928,)
377	25   	249.191	194.338	11.715 	636.712 (5.7148030002926928,)
378	25   	228.388	196.977	12.1896	816.129 (5.7148030002926928,)
379	25   	305.012	205.688	9.35034	708.353 (5.7148030002926928,)
380	25   	349.49 	249.749	21.2388	1009.76 (5.7148030002926928,)
381	25   	297.921	263.701	21.611 	1104.72 (5.7148030002926928,)
382	25   	295.825	265.498	31.8102	919.808 (5.7148030002926928,)
383	25   	366.305	282.639	10.7977	1011.39 (5.7148030002926928,)
384	25   	389.2  	364.118	15.2106	1489.4  (5.7148030002926928,)
385	25   	405.485	361.884	23.8551	1562.9  (5.7148030002926928,)
386	25   	298.373	253.333	9.21754	983.696 (5.7148030002926928,)
387	25   	217.6  	169.59 	9.49531	740.2   (5.7148030002926928,)
388	25   	250.639	256.196	9.24126	1186.32 (5.7148030002926928,)
389	25   	259.503	212.507	19.997 	836.222 (5.7148030002926928,)
390	25   	276.096	261.984	9.53898	865.466 (5.7148030002926928,)
391	25   	285.885	254.777	9.1661 	995.083 (5.7148030002926928,)
392	25   	228.918	218.825	6.08239	746.328 (5.7148030002926928,)
393	25   	171.601	148.922	9.52632	568.626 (5.7148030002926928,)
394	25   	174.817	142.544	8.57926	523.952 (5.7148030002926928,)
395	25   	211.797	222.051	14.3811	956.332 (5.7148030002926928,)
396	25   	180.927	134.895	15.7011	435.11  (5.7148030002926928,)
397	25   	201.881	215.355	19.1278	874.201 (5.7148030002926928,)
398	25   	279.707	283.422	7.10058	1278.13 (5.7148030002926928,)
399	25   	195.909	151.872	10.3587	722.841 (5.7148030002926928,)
400	25   	206.569	198.126	6.30408	594.384 (5.7148030002926928,)
401	25   	173.916	126.679	15.242 	436.529 (5.7148030002926928,)
402	25   	155.663	150.92 	7.64127	561.22  (5.7148030002926928,)
403	25   	191.284	135.877	19.3469	410.824 (5.7148030002926928,)
404	25   	196.066	199.765	13.6271	725.501 (5.7148030002926928,)
405	25   	315.479	225.498	13.0392	786.848 (5.7148030002926928,)
406	25   	277.133	222.779	30.7819	809.241 (5.7148030002926928,)
407	25   	140.369	97.5978	23.5474	422.226 (5.7148030002926928,)
408	25   	139.162	99.2116	16.2233	396.284 (5.7148030002926928,)
409	25   	211.303	187.758	8.99609	660.264 (5.7148030002926928,)
410	25   	180.107	166.309	12.4305	620.015 (5.7148030002926928,)
411	25   	363.066	335.828	16.5177	1272.86 (5.7148030002926928,)
412	25   	218.642	193.659	7.26209	652.243 (5.7148030002926928,)
413	25   	294.838	252.785	16.5751	1025.77 (5.7148030002926928,)
414	25   	150.492	136.081	6.21917	402.915 (5.7148030002926928,)
415	25   	290.438	243.035	12.7139	861.923 (5.7148030002926928,)
416	25   	355.501	419.034	9.41492	1474.41 (5.7148030002926928,)
417	25   	239.784	206.265	9.59089	756.765 (5.7148030002926928,)
418	25   	250.437	349.686	27.774 	1516.98 (5.7148030002926928,)
419	25   	157.777	160.964	8.57147	649.929 (5.7148030002926928,)
420	25   	230.583	226.123	9.45417	819.608 (5.7148030002926928,)
421	25   	221.584	167.774	5.35225	673.749 (5.3522536456102294,)
422	25   	200.581	203.108	9.28517	841.537 (5.3522536456102294,)
423	25   	231.954	253.57 	7.84765	1129.98 (5.3522536456102294,)
424	25   	231.534	231.233	16.7334	1076.89 (5.3522536456102294,)
425	25   	258.996	208.112	6.63498	658.077 (5.3522536456102294,)
426	25   	358.183	300.846	31.304 	1114.65 (5.3522536456102294,)
427	25   	274.867	264.174	27.9191	1368.37 (5.3522536456102294,)
428	25   	303.078	287.502	7.55547	1284.25 (5.3522536456102294,)
429	25   	330.825	320.17 	20.5166	1563.31 (5.3522536456102294,)
430	25   	185.138	151.749	6.06791	545.482 (5.3522536456102294,)
431	25   	197.623	228.561	8.91826	842.14  (5.3522536456102294,)
432	25   	259.099	168.199	12.8534	731.517 (5.3522536456102294,)
433	25   	238.884	198.892	8.86946	872.393 (5.3522536456102294,)
434	25   	242.4  	274.458	5.92421	1296.3  (5.3522536456102294,)
435	25   	162.615	161.099	10.1816	611.466 (5.3522536456102294,)
436	25   	255.997	212.7  	10.9009	749.647 (5.3522536456102294,)
437	25   	193.066	195.467	18.5623	811.333 (5.3522536456102294,)
438	25   	234.766	279.705	6.63902	1113.95 (5.3522536456102294,)
439	25   	210.543	188.134	17.4747	801.817 (5.3522536456102294,)
440	25   	325.564	244.942	9.39026	1017.51 (5.3522536456102294,)
441	25   	271.656	169.95 	20.3074	677.12  (5.3522536456102294,)
442	25   	244.301	166.978	16.9348	806.118 (5.3522536456102294,)
443	25   	214.011	164.051	10.3101	591.002 (5.3522536456102294,)
444	25   	233.275	174.377	33.6726	716.362 (5.3522536456102294,)
445	25   	203.395	171.188	11.8702	559.271 (5.3522536456102294,)
446	25   	239.824	180.346	9.37306	763.577 (5.3522536456102294,)
447	25   	176.158	139.728	19.8532	480.38  (5.3522536456102294,)
448	25   	175.315	172.719	7.01848	537.261 (5.3522536456102294,)
449	25   	256.952	304.611	17.4291	1219.92 (5.3522536456102294,)
450	25   	233.613	221.462	7.23619	741.54  (5.3522536456102294,)
451	25   	289.712	315.689	17.5069	1623.27 (5.3522536456102294,)
452	25   	211.908	172.199	13.8266	651.735 (5.3522536456102294,)
453	25   	226.892	218.031	12.8402	719.461 (5.3522536456102294,)
454	25   	166.643	151.224	6.67721	658.538 (5.3522536456102294,)
455	25   	157.913	165.751	5.31047	641.59  (5.3104673278770909,)
456	25   	172.427	149.732	7.42912	561.167 (5.3104673278770909,)
457	25   	226.086	191.272	6.60427	765.916 (5.3104673278770909,)
458	25   	234.382	171.184	27.2   	544.349 (5.3104673278770909,)
459	25   	274.941	156.417	31.8224	582.866 (5.3104673278770909,)
460	25   	272.066	204.398	14.6661	755.525 (5.3104673278770909,)
461	25   	230.988	299.095	11.0893	1536.98 (5.3104673278770909,)
462	25   	217.789	129.085	7.51683	453.916 (5.3104673278770909,)
463	25   	263.451	267.479	5.98003	1105.17 (5.3104673278770909,)
464	25   	248.145	176.782	27.4075	604.112 (5.3104673278770909,)
465	25   	300.911	211.32 	23.1976	682.291 (5.3104673278770909,)
466	25   	223.965	187.494	14.631 	676.421 (5.3104673278770909,)
467	25   	232.804	191.953	10.6117	739.372 (5.3104673278770909,)
468	25   	300.371	246.395	12.963 	878.724 (5.3104673278770909,)
469	25   	227.657	202.998	8.40081	664.108 (5.3104673278770909,)
470	25   	156.872	126.713	7.97174	568.747 (5.3104673278770909,)
471	25   	213.115	136.974	12.8479	475.451 (5.3104673278770909,)
472	25   	163.705	153.47 	6.66541	502.227 (5.3104673278770909,)
473	25   	173.454	164.894	8.6009 	597.916 (5.3104673278770909,)
474	25   	299.569	283.24 	14.2556	1289.13 (5.3104673278770909,)
475	25   	200.608	214.413	14.6601	889.01  (5.3104673278770909,)
476	25   	250.7  	261.82 	8.35373	1235.79 (5.3104673278770909,)
477	25   	185.894	124.642	19.8819	432.153 (5.3104673278770909,)
478	25   	224.847	287.409	11.3405	1494.56 (5.3104673278770909,)
479	25   	206.347	147.008	20.4954	542.504 (5.3104673278770909,)
480	25   	193.846	230.402	8.06356	1054.13 (5.3104673278770909,)
481	25   	197.197	190.041	6.28576	691.492 (5.3104673278770909,)
482	25   	208.84 	182.7  	8.05377	707.895 (5.3104673278770909,)
483	25   	219.222	192.018	10.6561	861.68  (5.3104673278770909,)
484	25   	277.1  	268.718	8.85668	899.038 (5.3104673278770909,)
485	25   	290.521	213.026	7.1099 	688.969 (5.3104673278770909,)
486	25   	193.661	178.73 	17.1562	765.548 (5.3104673278770909,)
487	25   	177.2  	156.899	8.73717	677.908 (5.3104673278770909,)
488	25   	196.264	152.546	11.0212	613.797 (5.3104673278770909,)
489	25   	212.963	174.947	8.13357	640.974 (5.3104673278770909,)
490	25   	297.676	256.304	20.9196	973.125 (5.3104673278770909,)
491	25   	252.389	208.556	9.64863	726.405 (5.3104673278770909,)
492	25   	220.226	185.93 	7.8691 	598.948 (5.3104673278770909,)
493	25   	277.868	295.518	20.2334	1430.14 (5.3104673278770909,)
494	25   	274.57 	206.552	26.1611	861.2   (5.3104673278770909,)
495	25   	243.524	158.41 	26.1901	542.078 (5.3104673278770909,)
496	25   	262.546	173.406	7.42811	763.528 (5.3104673278770909,)
497	25   	205.078	135.227	8.38841	570.036 (5.3104673278770909,)
498	25   	172.652	154.071	10.4655	584.549 (5.3104673278770909,)
499	25   	168.723	146.549	11.3708	484.56  (5.3104673278770909,)
