In file included from /usr/local/lib/python2.7/dist-packages/numpy/core/include/numpy/ndarraytypes.h:1804:0,
                 from /usr/local/lib/python2.7/dist-packages/numpy/core/include/numpy/ndarrayobject.h:17,
                 from /usr/local/lib/python2.7/dist-packages/numpy/core/include/numpy/arrayobject.h:4,
                 from /home/pinojc/.cache/scipy/python27_compiled/sc_9bade30717731f645b30a512f757f0fa915.cpp:22:
/usr/local/lib/python2.7/dist-packages/numpy/core/include/numpy/npy_1_7_deprecated_api.h:15:2: warning: #warning "Using deprecated NumPy API, disable it by " "#defining NPY_NO_DEPRECATED_API NPY_1_7_API_VERSION" [-Wcpp]
 #warning "Using deprecated NumPy API, disable it by " \
  ^
gen	evals	avg    	std    	min    	max    
0  	25   	692.088	333.023	166.592	1278.79 (166.59228208003583,)
1  	25   	429.102	244.306	104.44 	1057.48 (104.44016666821491,)
2  	25   	283.703	263.62 	33.7767	1081.56 (33.776652170700935,)
3  	25   	253.686	180.472	40.8943	692.278 (33.776652170700935,)
4  	25   	352.492	349.725	18.2494	1220.9  (18.249389101269845,)
5  	25   	329.94 	313.174	15.3754	1383.29 (15.375375551784952,)
6  	25   	362.612	273.269	25.4624	1190.41 (15.375375551784952,)
7  	25   	437.574	361.696	17.9821	1445.36 (15.375375551784952,)
8  	25   	386.708	416.97 	18.7068	1598.83 (15.375375551784952,)
9  	25   	321.786	309.186	23.1927	1225.09 (15.375375551784952,)
10 	25   	429.211	373.267	20.3125	1412.09 (15.375375551784952,)
11 	25   	352.237	199.37 	23.7657	797.066 (15.375375551784952,)
12 	25   	349.24 	301.887	45.3783	1221.55 (15.375375551784952,)
13 	25   	429.641	405.233	63.8821	1612.45 (15.375375551784952,)
14 	25   	536.74 	455.4  	17.3875	1527.02 (15.375375551784952,)
15 	25   	372.744	391.145	18.6657	1460.76 (15.375375551784952,)
16 	25   	304.54 	289.674	24.0064	1168.23 (15.375375551784952,)
17 	25   	294.379	233.161	37.7426	1086.53 (15.375375551784952,)
18 	25   	273.157	316.958	16.3989	1214.63 (15.375375551784952,)
19 	25   	261.539	209.614	22.4166	699.658 (15.375375551784952,)
20 	25   	386.402	318.737	33.4549	1191.1  (15.375375551784952,)
21 	25   	358.743	417.057	20.18  	1649.77 (15.375375551784952,)
22 	25   	281.88 	316.344	22.0483	1226.85 (15.375375551784952,)
23 	25   	402.738	400.525	22.0806	1590.29 (15.375375551784952,)
24 	25   	432.101	390.17 	33.4199	1558.93 (15.375375551784952,)
25 	25   	403.687	388.881	29.6151	1572.12 (15.375375551784952,)
26 	25   	359.916	320.184	49.3883	1270.17 (15.375375551784952,)
27 	25   	322.44 	345.337	19.2083	1544.47 (15.375375551784952,)
28 	25   	286.918	323.106	31.2594	1682.78 (15.375375551784952,)
29 	25   	329.756	318.829	23.5688	1262.99 (15.375375551784952,)
30 	25   	305.228	251.914	28.9698	913.353 (15.375375551784952,)
31 	25   	386.359	349.986	29.1565	1513.4  (15.375375551784952,)
32 	25   	334.943	314.106	44.2606	1241.88 (15.375375551784952,)
33 	25   	287.518	236.807	26.0038	1000.82 (15.375375551784952,)
34 	25   	326.392	276.425	38.9033	966.482 (15.375375551784952,)
35 	25   	274.832	259.593	18.9933	941.213 (15.375375551784952,)
36 	25   	283.568	226.001	22.9122	831.306 (15.375375551784952,)
37 	25   	410.691	392.55 	37.3268	1635.94 (15.375375551784952,)
38 	25   	324.188	239.187	30.8372	827.904 (15.375375551784952,)
39 	25   	389.414	323.4  	42.2707	1361.19 (15.375375551784952,)
40 	25   	352.094	228.041	46.9231	1013.13 (15.375375551784952,)
41 	25   	352.3  	320.001	25.5224	1479.07 (15.375375551784952,)
42 	25   	377.712	368.449	18.7114	1474.21 (15.375375551784952,)
43 	25   	426.334	338.79 	25.3718	1066.14 (15.375375551784952,)
44 	25   	379.996	323.654	29.9269	1329.07 (15.375375551784952,)
45 	25   	473.906	361.505	30.8397	1634.56 (15.375375551784952,)
46 	25   	544.685	470.344	55.5162	1558.13 (15.375375551784952,)
47 	25   	503.649	383.285	25.7842	1392.24 (15.375375551784952,)
48 	25   	525.158	438.693	30.4997	1529.92 (15.375375551784952,)
49 	25   	368.18 	319.928	18.2611	1156.55 (15.375375551784952,)
50 	25   	344.392	418.151	32.5249	1689.59 (15.375375551784952,)
51 	25   	303.293	223.49 	23.6198	853.642 (15.375375551784952,)
52 	25   	335.76 	316.949	27.4974	1292.86 (15.375375551784952,)
53 	25   	360.865	242.672	63.9253	1187.23 (15.375375551784952,)
54 	25   	286.517	223.443	18.5686	850.357 (15.375375551784952,)
55 	25   	241.837	248.398	23.3314	1156.33 (15.375375551784952,)
56 	25   	370.288	329.171	15.713 	1145.38 (15.375375551784952,)
57 	25   	324.912	339.351	24.4107	1413.16 (15.375375551784952,)
58 	25   	285.658	191.684	38.311 	662.174 (15.375375551784952,)
59 	25   	288.4  	272.49 	19.1729	1181    (15.375375551784952,)
60 	25   	337.368	317.807	22.5328	1259.8  (15.375375551784952,)
61 	25   	302.867	217.463	18.7571	813.886 (15.375375551784952,)
62 	25   	328.979	339.571	37.1347	1645.95 (15.375375551784952,)
63 	25   	259.718	213.074	36.5286	818.789 (15.375375551784952,)
64 	25   	309.351	289.176	38.1394	1208.53 (15.375375551784952,)
65 	25   	332.427	332.846	36.3532	1458.4  (15.375375551784952,)
66 	25   	392.298	393.888	13.852 	1299.46 (13.851990042501543,)
67 	25   	519.004	535.342	20.5978	1588.5  (13.851990042501543,)
68 	25   	307.087	225.445	16.4669	737.601 (13.851990042501543,)
69 	25   	374.563	322.057	19.1014	1252.39 (13.851990042501543,)
70 	25   	352.197	339.601	20.556 	1685.2  (13.851990042501543,)
71 	25   	386.214	338.566	18.8177	1471.04 (13.851990042501543,)
72 	25   	386.082	338.076	29.2116	1608.25 (13.851990042501543,)
73 	25   	332.541	297.883	29.4133	1421.03 (13.851990042501543,)
74 	25   	368.766	374.594	20.2638	1691.66 (13.851990042501543,)
75 	25   	284.414	303.585	22.1046	1431.46 (13.851990042501543,)
76 	25   	315.338	305.998	12.4622	1391.58 (12.462244680996836,)
77 	25   	350.722	346.822	21.7576	1494.18 (12.462244680996836,)
78 	25   	353.362	301.263	19.2239	1362.93 (12.462244680996836,)
79 	25   	221.293	285.125	27.0243	1476.15 (12.462244680996836,)
80 	25   	280.597	233.146	33.9741	972.153 (12.462244680996836,)
81 	25   	363.882	301.078	35.8997	1065.64 (12.462244680996836,)
82 	25   	315.975	250.222	21.65  	921.37  (12.462244680996836,)
83 	25   	386.58 	342.416	19.5646	1317.62 (12.462244680996836,)
84 	25   	328.716	308.782	33.6908	1103.12 (12.462244680996836,)
85 	25   	307.611	274.35 	20.907 	947.171 (12.462244680996836,)
86 	25   	306.904	261.142	14.262 	1076.04 (12.462244680996836,)
87 	25   	220.941	203.852	12.0949	751.235 (12.094906405618849,)
88 	25   	273.693	304.856	13.7114	1374.89 (12.094906405618849,)
89 	25   	212.431	185.377	35.1864	727.129 (12.094906405618849,)
90 	25   	210.373	204.893	21.7923	699.548 (12.094906405618849,)
91 	25   	321.212	272.41 	16.9065	1032.49 (12.094906405618849,)
92 	25   	267.851	267.628	19.7205	1026.14 (12.094906405618849,)
93 	25   	306.649	315.311	25.7673	1364.6  (12.094906405618849,)
94 	25   	258.23 	195.062	35.2728	675.669 (12.094906405618849,)
95 	25   	339.485	343.757	21.6055	1359.76 (12.094906405618849,)
96 	25   	296.323	285.024	15.5671	1100.67 (12.094906405618849,)
97 	25   	228.708	260.298	22.5967	1350.79 (12.094906405618849,)
98 	25   	255.009	194.136	10.9379	694.432 (10.937929259010847,)
99 	25   	350.998	388.212	17.9811	1493.62 (10.937929259010847,)
100	25   	316.479	220.44 	32.6657	748.713 (10.937929259010847,)
101	25   	347.229	422.903	19.6928	1479.43 (10.937929259010847,)
102	25   	265.674	241.497	18.1932	879.631 (10.937929259010847,)
103	25   	379.104	429.954	14.8441	1548.7  (10.937929259010847,)
104	25   	250.598	227.666	17.5595	1033.32 (10.937929259010847,)
105	25   	325.52 	357.211	13.38  	1303.04 (10.937929259010847,)
106	25   	345.901	286.681	18.8191	1112    (10.937929259010847,)
107	25   	334.558	296.915	39.7316	1296.03 (10.937929259010847,)
108	25   	331.526	257.834	22.2507	947.853 (10.937929259010847,)
109	25   	420.162	338.973	16.5164	1253.94 (10.937929259010847,)
110	25   	234.488	166.16 	23.7037	556.807 (10.937929259010847,)
111	25   	272.328	215.119	28.5077	813.293 (10.937929259010847,)
112	25   	210.937	231.679	16.4514	1082.12 (10.937929259010847,)
113	25   	379.427	380.261	30.2264	1448.99 (10.937929259010847,)
114	25   	349.981	360.845	16.0968	1509.51 (10.937929259010847,)
115	25   	306.292	250.785	23.4615	1039.87 (10.937929259010847,)
116	25   	302.929	323.662	23.8647	1208.41 (10.937929259010847,)
117	25   	250.503	254.544	16.3846	1002.55 (10.937929259010847,)
118	25   	202.69 	163.353	12.981 	631.144 (10.937929259010847,)
119	25   	202.532	299.484	23.5949	1552.39 (10.937929259010847,)
120	25   	279.201	314.095	13.3639	1415.79 (10.937929259010847,)
121	25   	353.24 	386.157	20.2221	1333.42 (10.937929259010847,)
122	25   	282.234	358.805	16.9106	1469.76 (10.937929259010847,)
123	25   	306.671	330.011	13.1057	1138.06 (10.937929259010847,)
124	25   	244.453	158.024	30.1175	672.674 (10.937929259010847,)
125	25   	360.314	328.686	16.0206	1303.4  (10.937929259010847,)
126	25   	226.998	210.688	15.8769	790.928 (10.937929259010847,)
127	25   	244.872	255.798	20.133 	1134.57 (10.937929259010847,)
128	25   	324.29 	327.432	32.3509	1393.25 (10.937929259010847,)
129	25   	285.444	218.242	14.5026	703.951 (10.937929259010847,)
130	25   	217.033	167.204	28.5386	607.792 (10.937929259010847,)
131	25   	261.033	194.98 	24.4782	804.805 (10.937929259010847,)
132	25   	213.397	194.281	18.4837	794.608 (10.937929259010847,)
133	25   	272.806	221.894	32.4219	721.237 (10.937929259010847,)
134	25   	273.339	321.42 	22.7436	1600.67 (10.937929259010847,)
135	25   	423.128	380.618	15.6632	1355.58 (10.937929259010847,)
136	25   	443.607	405.529	17.4289	1689.16 (10.937929259010847,)
137	25   	390.124	385.519	21.0087	1696.18 (10.937929259010847,)
138	25   	308.539	246.872	19.8788	845.956 (10.937929259010847,)
139	25   	326.423	279.95 	19.5477	1111.86 (10.937929259010847,)
140	25   	172.294	153.523	16.0988	723.005 (10.937929259010847,)
141	25   	311.139	286.742	15.4232	1066.54 (10.937929259010847,)
142	25   	231.748	255.37 	25.5392	1096.78 (10.937929259010847,)
143	25   	304.62 	260.651	24.796 	1007.34 (10.937929259010847,)
144	25   	303.189	304.49 	17.1104	1443.06 (10.937929259010847,)
145	25   	188.882	147.475	20.9561	550.08  (10.937929259010847,)
146	25   	281.931	317.292	18.2766	1133.26 (10.937929259010847,)
147	25   	254.684	299.604	8.32805	1271.01 (8.3280470361728138,)
148	25   	332.743	337.447	20.1464	1441.07 (8.3280470361728138,)
149	25   	275.257	298.269	24.4851	1409.37 (8.3280470361728138,)
150	25   	295.644	216.56 	34.2919	912.573 (8.3280470361728138,)
151	25   	304.768	332.283	22.3007	1384.35 (8.3280470361728138,)
152	25   	322.235	411.033	12.7343	1656.19 (8.3280470361728138,)
153	25   	244.312	176.726	17.974 	641.32  (8.3280470361728138,)
154	25   	173.344	137.391	10.9334	648.683 (8.3280470361728138,)
155	25   	361.179	271.78 	47.6918	904.492 (8.3280470361728138,)
156	25   	231.042	203.19 	13.1227	837.458 (8.3280470361728138,)
157	25   	280.315	258.181	15.2709	1005.86 (8.3280470361728138,)
158	25   	267.674	211.043	25.2157	888.163 (8.3280470361728138,)
159	25   	180.687	146.834	9.12575	564.255 (8.3280470361728138,)
160	25   	267.149	302.189	9.67886	1451.65 (8.3280470361728138,)
161	25   	319.397	257.969	18.7114	958.559 (8.3280470361728138,)
162	25   	273.088	312.64 	16.6155	1378.61 (8.3280470361728138,)
163	25   	225.63 	266.447	14.5504	1124.33 (8.3280470361728138,)
164	25   	284.679	266.82 	14.6942	1169.22 (8.3280470361728138,)
165	25   	338.568	361.724	9.50216	1381.88 (8.3280470361728138,)
166	25   	238.959	218.562	10.6092	808.389 (8.3280470361728138,)
167	25   	223.07 	209.162	18.4983	849.498 (8.3280470361728138,)
168	25   	303.454	332.087	10.9853	1237.2  (8.3280470361728138,)
169	25   	215.47 	154.815	25.5651	495.694 (8.3280470361728138,)
170	25   	284.917	299.491	16.3276	1340.3  (8.3280470361728138,)
171	25   	346.717	386.015	19.3806	1584.39 (8.3280470361728138,)
172	25   	302.237	314.587	51.4692	1542.36 (8.3280470361728138,)
173	25   	284.558	261.536	19.2007	1348.27 (8.3280470361728138,)
174	25   	291.846	280.344	20.1955	1245.32 (8.3280470361728138,)
175	25   	310.697	315    	26.5522	1313.82 (8.3280470361728138,)
176	25   	249.827	234.852	13.0792	944.895 (8.3280470361728138,)
177	25   	273.754	234.421	11.8983	772.212 (8.3280470361728138,)
178	25   	318.102	302.388	9.85762	1390.01 (8.3280470361728138,)
179	25   	303.856	306.365	17.0081	1569.87 (8.3280470361728138,)
180	25   	380.772	343.295	35.5298	1465.44 (8.3280470361728138,)
181	25   	302.295	317.148	19.613 	1271.04 (8.3280470361728138,)
182	25   	279.116	239.669	15.5825	935.822 (8.3280470361728138,)
183	25   	269.076	227.269	18.9516	1068.39 (8.3280470361728138,)
184	25   	329.125	357.016	12.7858	1580.62 (8.3280470361728138,)
185	25   	322.438	348.727	23.4117	1487.77 (8.3280470361728138,)
186	25   	311.199	219.396	13.8659	771.52  (8.3280470361728138,)
187	25   	384.196	293.872	40.7473	986.326 (8.3280470361728138,)
188	25   	335.208	329.234	11.8367	1613.69 (8.3280470361728138,)
189	25   	383.634	326.415	11.9694	1313.75 (8.3280470361728138,)
190	25   	280.981	361.841	15.8476	1550.04 (8.3280470361728138,)
191	25   	229.049	180.074	20.4122	665.28  (8.3280470361728138,)
192	25   	460.14 	360.914	19.125 	1377.64 (8.3280470361728138,)
193	25   	339.009	365.718	19.6604	1481.11 (8.3280470361728138,)
194	25   	433.952	413.26 	54.0572	1519.27 (8.3280470361728138,)
195	25   	340.259	345.417	10.8758	1257.17 (8.3280470361728138,)
196	25   	234.236	220.742	12.5148	813.05  (8.3280470361728138,)
197	25   	245.1  	233.334	25.6233	862.233 (8.3280470361728138,)
198	25   	314.168	294.678	44.2463	1310.95 (8.3280470361728138,)
199	25   	205.532	192.855	18.4555	739.53  (8.3280470361728138,)
200	25   	205.481	168.42 	14.116 	625.347 (8.3280470361728138,)
201	25   	224.924	172.588	26.1637	802.334 (8.3280470361728138,)
202	25   	386.668	444.066	21.5799	1491.45 (8.3280470361728138,)
203	25   	375.186	313.162	49.8508	1436.81 (8.3280470361728138,)
204	25   	377.889	403.206	11.3578	1574.14 (8.3280470361728138,)
205	25   	183.231	170.384	11.5797	654.317 (8.3280470361728138,)
206	25   	317.884	342.728	47.2557	1599.05 (8.3280470361728138,)
207	25   	316.49 	366.004	10.4914	1246.11 (8.3280470361728138,)
208	25   	260.54 	259.885	10.3051	1125.15 (8.3280470361728138,)
209	25   	327.964	280.504	28.9543	916.334 (8.3280470361728138,)
210	25   	248.898	217.449	26.1205	1038.43 (8.3280470361728138,)
211	25   	423.512	408.909	32.3215	1508.39 (8.3280470361728138,)
212	25   	324.087	301.642	42.0068	1575.03 (8.3280470361728138,)
213	25   	334.484	320.432	27.1393	1533.83 (8.3280470361728138,)
214	25   	323.662	314.545	14.9309	1407.94 (8.3280470361728138,)
215	25   	285.513	277.219	27.697 	1035.54 (8.3280470361728138,)
216	25   	242.151	197.478	13.12  	749.215 (8.3280470361728138,)
217	25   	230.117	172.694	12.952 	742.352 (8.3280470361728138,)
218	25   	264.961	307.887	15.3033	1219.93 (8.3280470361728138,)
219	25   	269.47 	234.803	27.7075	887.237 (8.3280470361728138,)
220	25   	284.762	300.537	40.7837	1453.05 (8.3280470361728138,)
221	25   	250.618	170.883	18.4167	606.02  (8.3280470361728138,)
222	25   	231.003	212.532	13.4974	632.837 (8.3280470361728138,)
223	25   	187.245	139.169	22.3446	501.461 (8.3280470361728138,)
224	25   	184.54 	151.914	17.055 	501.41  (8.3280470361728138,)
225	25   	276.414	305.488	21.4786	1320.26 (8.3280470361728138,)
226	25   	360.744	403.939	22.7291	1597.19 (8.3280470361728138,)
227	25   	217.045	207.569	14.2281	861.202 (8.3280470361728138,)
228	25   	258.142	239.871	29.1195	979.969 (8.3280470361728138,)
229	25   	301.432	341.387	18.3951	1285.56 (8.3280470361728138,)
230	25   	289.793	260.456	17.2598	894.861 (8.3280470361728138,)
231	25   	305.398	249.713	11.5413	1294.15 (8.3280470361728138,)
232	25   	234.455	266.029	12.3315	988.854 (8.3280470361728138,)
233	25   	191.208	161.826	10.5978	735.428 (8.3280470361728138,)
234	25   	241.378	264.286	16.945 	1004.41 (8.3280470361728138,)
235	25   	194.541	189.776	10.7319	831.679 (8.3280470361728138,)
236	25   	170.185	162.316	12.4317	640.409 (8.3280470361728138,)
237	25   	288.637	285.213	12.8058	1127.71 (8.3280470361728138,)
238	25   	342.673	264.041	14.3305	1034.9  (8.3280470361728138,)
239	25   	248.777	204.44 	14.6089	918.544 (8.3280470361728138,)
240	25   	267.148	272.059	12.0037	1257.75 (8.3280470361728138,)
241	25   	313.726	292.983	35.6756	1307.28 (8.3280470361728138,)
242	25   	251.355	198.139	16.4053	679.093 (8.3280470361728138,)
243	25   	266.546	311.815	14.6221	1353.39 (8.3280470361728138,)
244	25   	302.834	197.656	16.9579	759.42  (8.3280470361728138,)
245	25   	279.531	247.463	13.6674	894.832 (8.3280470361728138,)
246	25   	290.907	187.842	23.3468	646.454 (8.3280470361728138,)
247	25   	240.561	294.85 	20.2696	1115.55 (8.3280470361728138,)
248	25   	324.624	337.587	10.8555	1514.89 (8.3280470361728138,)
249	25   	228.512	191.185	19.3418	713.505 (8.3280470361728138,)
250	25   	360.322	280.468	43.2806	1059.28 (8.3280470361728138,)
251	25   	180.032	124.692	28.4558	432.986 (8.3280470361728138,)
252	25   	306.1  	249.85 	13.957 	1037.17 (8.3280470361728138,)
253	25   	233.412	226.276	20.3888	844.026 (8.3280470361728138,)
254	25   	254.585	244.371	21.8728	982.223 (8.3280470361728138,)
255	25   	286.696	321.169	14.7081	1417.53 (8.3280470361728138,)
256	25   	220.149	211.53 	25.2031	981.614 (8.3280470361728138,)
257	25   	242.307	233.093	19.6934	1044.17 (8.3280470361728138,)
258	25   	229.336	231.207	10.8429	1064.03 (8.3280470361728138,)
259	25   	292.387	320.041	9.24909	1535.87 (8.3280470361728138,)
260	25   	234.728	175.035	42.4543	805.04  (8.3280470361728138,)
261	25   	285.982	300.995	42.4133	1494.78 (8.3280470361728138,)
262	25   	276.213	244.739	26.2826	1181.11 (8.3280470361728138,)
263	25   	218.736	205.485	9.37705	974.806 (8.3280470361728138,)
264	25   	282.156	261.216	12.8356	1099.52 (8.3280470361728138,)
265	25   	213.489	227.86 	15.1193	1119.72 (8.3280470361728138,)
266	25   	273.537	243.608	18.6313	884.761 (8.3280470361728138,)
267	25   	275.536	234.871	16.9416	949.102 (8.3280470361728138,)
268	25   	222.958	189.853	39.6076	691.17  (8.3280470361728138,)
269	25   	232.76 	192.08 	30.2297	855.891 (8.3280470361728138,)
270	25   	262.713	278.359	10.9657	1357.69 (8.3280470361728138,)
271	25   	265.22 	265.525	22.2625	1147.37 (8.3280470361728138,)
272	25   	207.552	146.941	15.4421	559.607 (8.3280470361728138,)
273	25   	305.843	326.306	17.5024	1421.22 (8.3280470361728138,)
274	25   	280.83 	253.533	38.7899	1057.68 (8.3280470361728138,)
275	25   	370.366	261.49 	38.1175	1022.58 (8.3280470361728138,)
276	25   	265.984	242.217	12.4446	1094.75 (8.3280470361728138,)
277	25   	322.616	262.426	14.2142	843.865 (8.3280470361728138,)
278	25   	294.787	223.242	31.5274	861.472 (8.3280470361728138,)
279	25   	288.235	310.387	13.3697	1229.2  (8.3280470361728138,)
280	25   	311.567	266.497	17.3433	868.966 (8.3280470361728138,)
281	25   	275.285	295.319	11.136 	1247.59 (8.3280470361728138,)
282	25   	354    	305.818	22.3521	1300.48 (8.3280470361728138,)
283	25   	289.41 	204.147	16.1349	796.275 (8.3280470361728138,)
284	25   	294.157	310.671	13.6174	1572.59 (8.3280470361728138,)
285	25   	212.264	297.945	21.254 	1385.98 (8.3280470361728138,)
286	25   	265.371	259.498	31.4671	979.419 (8.3280470361728138,)
287	25   	257.684	300.514	23.4027	1093.17 (8.3280470361728138,)
288	25   	298.642	330.771	13.7115	1510.56 (8.3280470361728138,)
289	25   	235.147	205.368	11.5386	770.168 (8.3280470361728138,)
290	25   	297.28 	298.172	26.2375	1153.04 (8.3280470361728138,)
291	25   	272.018	202.125	42.6162	712.224 (8.3280470361728138,)
292	25   	317.894	324.383	30.5144	1488.08 (8.3280470361728138,)
293	25   	264.611	184.681	28.7062	616.684 (8.3280470361728138,)
294	25   	333.983	314.691	12.8188	1036.31 (8.3280470361728138,)
295	25   	267.056	197.786	41.1391	760.757 (8.3280470361728138,)
296	25   	297.532	392.486	13.8747	1541.23 (8.3280470361728138,)
297	25   	298.65 	317.759	21.0697	1298.64 (8.3280470361728138,)
298	25   	327.621	346.118	7.77507	1462.53 (7.7750685782276472,)
299	25   	291.324	272.286	27.3065	1245.83 (7.7750685782276472,)
300	25   	253.125	199.364	36.3524	635.34  (7.7750685782276472,)
301	25   	246.814	241.8  	14.8848	858.8   (7.7750685782276472,)
302	25   	260.762	289.636	18.7919	1103.8  (7.7750685782276472,)
303	25   	295.181	254.165	9.18089	1066.89 (7.7750685782276472,)
304	25   	282.772	259.679	11.9033	1063.63 (7.7750685782276472,)
305	25   	313.897	359.004	28.3001	1626.22 (7.7750685782276472,)
306	25   	323.227	332.738	21.8533	1608.06 (7.7750685782276472,)
307	25   	300.124	206.019	20.783 	708.727 (7.7750685782276472,)
308	25   	226.481	259.768	9.57919	1203.71 (7.7750685782276472,)
309	25   	316.494	338.006	15.1586	1295.35 (7.7750685782276472,)
310	25   	223.856	188.082	32.391 	729.776 (7.7750685782276472,)
311	25   	249.319	274.434	12.6891	1243.93 (7.7750685782276472,)
312	25   	248.416	228.768	15.206 	924.267 (7.7750685782276472,)
313	25   	367.122	285.185	7.4105 	1047.54 (7.410502213332661,)
314	25   	243.19 	328.556	20.4587	1550.96 (7.410502213332661,)
315	25   	304.275	224.967	78.3018	1105.61 (7.410502213332661,)
316	25   	279.455	285.09 	12.6916	964.052 (7.410502213332661,)
317	25   	241.773	192.808	26.7955	945.3   (7.410502213332661,)
318	25   	306.558	316.751	15.7277	1369.31 (7.410502213332661,)
319	25   	341.603	287.151	68.1566	1435.21 (7.410502213332661,)
320	25   	307.257	341.929	19.4513	1441.38 (7.410502213332661,)
321	25   	325.673	255.335	15.293 	961.051 (7.410502213332661,)
322	25   	289.456	238.342	17.0548	925.889 (7.410502213332661,)
323	25   	363.97 	251.613	34.4762	997.858 (7.410502213332661,)
324	25   	263.818	210.306	9.9731 	861.812 (7.410502213332661,)
325	25   	207.695	118.021	18.7906	460.992 (7.410502213332661,)
326	25   	212.163	175.433	20.543 	623.096 (7.410502213332661,)
327	25   	341.851	249.414	13.4138	1015.91 (7.410502213332661,)
328	25   	244.292	274.023	29.6798	1375.13 (7.410502213332661,)
329	25   	225.962	189.904	17.378 	707.062 (7.410502213332661,)
330	25   	322.165	360.124	15.0904	1128.14 (7.410502213332661,)
331	25   	308.243	261.806	11.5603	1099.92 (7.410502213332661,)
332	25   	378.387	358.749	18.3968	1278.79 (7.410502213332661,)
333	25   	396.4  	352.26 	10.1912	1475.45 (7.410502213332661,)
334	25   	339.603	302.069	23.9655	1054.09 (7.410502213332661,)
335	25   	271.99 	227.505	21.4746	823.617 (7.410502213332661,)
336	25   	351.114	291.273	14.0291	975.17  (7.410502213332661,)
337	25   	350.047	255.261	11.9105	1276.75 (7.410502213332661,)
338	25   	349.056	362.716	14.3315	1508.43 (7.410502213332661,)
339	25   	281.892	246.314	8.63878	915.901 (7.410502213332661,)
340	25   	196.328	128.351	7.66414	562.144 (7.410502213332661,)
341	25   	263.502	213.471	18.3947	945.549 (7.410502213332661,)
342	25   	221.426	158.574	16.5955	577.477 (7.410502213332661,)
343	25   	378.876	285.967	28.0876	1107.45 (7.410502213332661,)
344	25   	321.712	271.014	18.1179	1062.88 (7.410502213332661,)
345	25   	321.007	279.912	22.2886	1225.74 (7.410502213332661,)
346	25   	297.391	357.961	15.7867	1446.35 (7.410502213332661,)
347	25   	232.068	176.295	10.3066	562.227 (7.410502213332661,)
348	25   	234.261	190.013	26.0301	858.838 (7.410502213332661,)
349	25   	263.288	221.519	17.5717	817.925 (7.410502213332661,)
350	25   	322.845	237.019	34.0795	1126.06 (7.410502213332661,)
351	25   	395.354	363.785	29.5205	1516.28 (7.410502213332661,)
352	25   	372.504	286.03 	23.3086	937.728 (7.410502213332661,)
353	25   	287.802	186.924	11.6869	765.785 (7.410502213332661,)
354	25   	355.809	340.001	36.8885	1565.9  (7.410502213332661,)
355	25   	226.143	171.149	9.68055	623.359 (7.410502213332661,)
356	25   	226.546	286.585	14.5053	1152.34 (7.410502213332661,)
357	25   	235.436	224.369	21.3293	801.18  (7.410502213332661,)
358	25   	252.499	233.684	39.4296	1180.75 (7.410502213332661,)
359	25   	239.077	177.484	15.7722	750.352 (7.410502213332661,)
360	25   	256.216	268.703	22.1523	1365    (7.410502213332661,)
361	25   	198.258	175.179	10.6349	592.063 (7.410502213332661,)
362	25   	219.659	240.994	16.8304	1282.34 (7.410502213332661,)
363	25   	282.581	245.689	22.6253	958.139 (7.410502213332661,)
364	25   	276.696	299.062	19.7576	1320.74 (7.410502213332661,)
365	25   	258.977	310.591	12.9159	1532.47 (7.410502213332661,)
366	25   	224.821	241.304	21.9509	887.95  (7.410502213332661,)
367	25   	322.653	344.746	23.6437	1348.71 (7.410502213332661,)
368	25   	230.5  	181.749	11.9134	706.607 (7.410502213332661,)
369	25   	249.302	159.324	11.3143	629.962 (7.410502213332661,)
370	25   	353.353	337.043	11.4063	1397.43 (7.410502213332661,)
371	25   	209.289	190.046	9.80644	819.111 (7.410502213332661,)
372	25   	188.409	174.539	7.84112	649.4   (7.410502213332661,)
373	25   	194.089	171.647	19.6757	619.623 (7.410502213332661,)
374	25   	192.394	183.691	16.408 	794.944 (7.410502213332661,)
375	25   	327.014	373.017	20.8791	1471.41 (7.410502213332661,)
376	25   	319.092	204.929	13.4158	670.488 (7.410502213332661,)
377	25   	311.947	262.976	10.7507	1067.08 (7.410502213332661,)
378	25   	303.191	253.212	12.8668	982.791 (7.410502213332661,)
379	25   	285.689	251.676	24.7711	948.228 (7.410502213332661,)
380	25   	337.325	312.286	13.2681	1209.93 (7.410502213332661,)
381	25   	312.997	274.356	26.045 	1233.35 (7.410502213332661,)
382	25   	244.945	151.919	32.1139	610.95  (7.410502213332661,)
383	25   	274.029	233.663	12.2605	1113.27 (7.410502213332661,)
384	25   	239.407	272.76 	17.7187	1408.1  (7.410502213332661,)
385	25   	283.812	239.287	9.89295	1085.64 (7.410502213332661,)
386	25   	195.923	162.168	10.3922	532.237 (7.410502213332661,)
387	25   	256.328	235.129	13.1641	1150.44 (7.410502213332661,)
388	25   	270.976	310.128	20.0808	1297.53 (7.410502213332661,)
389	25   	239.86 	203.057	12.7873	780.31  (7.410502213332661,)
390	25   	276.834	220.279	20.315 	930.395 (7.410502213332661,)
391	25   	252.236	247.843	26.9209	1205.95 (7.410502213332661,)
392	25   	223.114	189.717	26.0174	803.215 (7.410502213332661,)
393	25   	241.683	243.805	13.9581	1244.67 (7.410502213332661,)
394	25   	248.223	236.866	16.2083	862.683 (7.410502213332661,)
395	25   	305.825	346.864	11.3947	1598.49 (7.410502213332661,)
396	25   	227.396	167.629	14.4785	632.843 (7.410502213332661,)
397	25   	319.944	310.379	37.4165	1594.27 (7.410502213332661,)
398	25   	267.269	302.275	15.0229	1419.49 (7.410502213332661,)
399	25   	260.7  	298.193	22.6899	1486.08 (7.410502213332661,)
400	25   	257.057	259.393	12.4107	1106.52 (7.410502213332661,)
401	25   	297.485	217.181	23.7948	901.288 (7.410502213332661,)
402	25   	278.626	232.047	13.4124	870.421 (7.410502213332661,)
403	25   	197.633	205.625	27.6484	962.559 (7.410502213332661,)
404	25   	207.114	182.234	11.2673	839.78  (7.410502213332661,)
405	25   	222.913	178.015	24.1207	616.848 (7.410502213332661,)
406	25   	253.396	253.326	17.5183	817.909 (7.410502213332661,)
407	25   	172.447	131.015	17.5731	489.629 (7.410502213332661,)
408	25   	208.461	170.637	20.7522	705.78  (7.410502213332661,)
409	25   	260.332	219.818	9.40068	926.714 (7.410502213332661,)
410	25   	282.422	366.594	21.0518	1625.69 (7.410502213332661,)
411	25   	318.279	210.8  	9.15809	761.076 (7.410502213332661,)
412	25   	398.608	353.453	10.6419	1233.49 (7.410502213332661,)
413	25   	290.37 	195.572	25.4289	914.938 (7.410502213332661,)
414	25   	378.464	385.546	33.9355	1589.98 (7.410502213332661,)
415	25   	271.183	288.118	14.9139	1418.57 (7.410502213332661,)
416	25   	295.313	236.989	12.0108	815.22  (7.410502213332661,)
417	25   	281.626	235.817	16.1407	1025.73 (7.410502213332661,)
418	25   	270.78 	365.349	18.7577	1524.34 (7.410502213332661,)
419	25   	275.716	205.537	27.0743	898.626 (7.410502213332661,)
420	25   	290.929	279.18 	10.2708	998.046 (7.410502213332661,)
421	25   	214.684	148.618	21.2004	553.727 (7.410502213332661,)
422	25   	223.252	191.802	12.8187	656.675 (7.410502213332661,)
423	25   	264.747	271.337	10.2466	1190.47 (7.410502213332661,)
424	25   	197.133	163.088	14.2895	689.423 (7.410502213332661,)
425	25   	311.094	331.618	23.5558	1416.57 (7.410502213332661,)
426	25   	256.292	195.081	13.1988	685.988 (7.410502213332661,)
427	25   	328.585	300.022	9.64021	1245.64 (7.410502213332661,)
428	25   	342.244	282.367	11.6774	1487.94 (7.410502213332661,)
429	25   	348.408	381.392	22.0533	1544.29 (7.410502213332661,)
430	25   	217.112	177.968	10.1327	753.938 (7.410502213332661,)
431	25   	243.707	300.61 	10.9479	1453.06 (7.410502213332661,)
432	25   	228.153	175.876	15.3335	778.123 (7.410502213332661,)
433	25   	294.707	335.261	15.5501	1427.89 (7.410502213332661,)
434	25   	255.57 	221.831	9.66435	893.817 (7.410502213332661,)
435	25   	346.019	398.265	16.6744	1557.37 (7.410502213332661,)
436	25   	243.428	201.842	10.8361	848.318 (7.410502213332661,)
437	25   	303.097	333.965	13.4979	1253.27 (7.410502213332661,)
438	25   	365.417	302.467	22.5621	1188.15 (7.410502213332661,)
439	25   	225.281	204.566	18.7166	883.267 (7.410502213332661,)
440	25   	263.978	187.012	22.1232	832.638 (7.410502213332661,)
441	25   	303.782	233.143	20.4868	1025.3  (7.410502213332661,)
442	25   	175.729	193.914	16.9763	932.855 (7.410502213332661,)
443	25   	257.988	222.254	15.0564	805.973 (7.410502213332661,)
444	25   	317.58 	260.912	46.7035	922.065 (7.410502213332661,)
445	25   	331.954	303.594	14.9698	1459.48 (7.410502213332661,)
446	25   	211.897	225.025	10.0149	1100.97 (7.410502213332661,)
447	25   	230.501	196.098	13.2293	848.933 (7.410502213332661,)
448	25   	261.398	246.607	17.2696	1026.63 (7.410502213332661,)
449	25   	212.554	224.881	12.1742	1056.87 (7.410502213332661,)
450	25   	267.919	382.961	13.7076	1580.29 (7.410502213332661,)
451	25   	218.897	218.863	11.5763	683.879 (7.410502213332661,)
452	25   	265.629	181.351	17.0038	740.358 (7.410502213332661,)
453	25   	294.015	272.829	13.6586	1021.17 (7.410502213332661,)
454	25   	265.919	322.889	7.53319	1456.99 (7.410502213332661,)
455	25   	306.225	265.028	30.3276	894.822 (7.410502213332661,)
456	25   	262.327	205.638	17.1755	796.273 (7.410502213332661,)
457	25   	204.773	265.759	12.9459	1282.74 (7.410502213332661,)
458	25   	229.904	168.365	18.5673	560.969 (7.410502213332661,)
459	25   	218.322	162.558	12.486 	646.683 (7.410502213332661,)
460	25   	295.294	241.742	13.9372	1042.55 (7.410502213332661,)
461	25   	212.594	173.764	9.97394	646.423 (7.410502213332661,)
462	25   	233.381	147.651	8.3625 	560.765 (7.410502213332661,)
463	25   	236.274	179.206	14.1556	839.042 (7.410502213332661,)
464	25   	307.12 	212.944	13.3632	939.186 (7.410502213332661,)
465	25   	306.699	294.526	11.2549	1133.11 (7.410502213332661,)
466	25   	228.999	147.507	24.0908	577.666 (7.410502213332661,)
467	25   	158.942	106.532	8.90668	402.112 (7.410502213332661,)
468	25   	299.552	281.955	12.534 	841.608 (7.410502213332661,)
469	25   	248.723	279.85 	18.6636	1325.53 (7.410502213332661,)
470	25   	283.216	248.853	16.7414	802.267 (7.410502213332661,)
471	25   	254.578	275.267	11.2065	1263.89 (7.410502213332661,)
472	25   	185.875	142.124	18.304 	498.147 (7.410502213332661,)
473	25   	211.288	272.412	18.7978	1354.46 (7.410502213332661,)
474	25   	230.78 	233.135	11.8333	990.019 (7.410502213332661,)
475	25   	274.77 	280.821	12.8018	1120.79 (7.410502213332661,)
476	25   	219.85 	182.595	9.30332	652.909 (7.410502213332661,)
477	25   	366.485	357.545	8.49545	1296.46 (7.410502213332661,)
478	25   	255.255	170.148	8.97109	604.807 (7.410502213332661,)
479	25   	271.068	248.461	11.2652	892.826 (7.410502213332661,)
480	25   	195.908	118.935	24.6581	470.51  (7.410502213332661,)
481	25   	305.679	281.738	21.0852	1255.63 (7.410502213332661,)
482	25   	170.661	137.014	17.2007	467.382 (7.410502213332661,)
483	25   	262.12 	255.941	13.5875	1097.31 (7.410502213332661,)
484	25   	309.68 	354.329	13.3456	1399.37 (7.410502213332661,)
485	25   	291.888	260.222	42.0448	1183.9  (7.410502213332661,)
486	25   	193.139	254.142	11.0782	844.993 (7.410502213332661,)
487	25   	217.13 	241.337	18.325 	1101.59 (7.410502213332661,)
488	25   	313.633	266.924	9.32663	1023.65 (7.410502213332661,)
489	25   	395.234	342.786	17.0419	1336.26 (7.410502213332661,)
490	25   	326.352	234.037	20.7406	949.643 (7.410502213332661,)
491	25   	353.465	373.919	18.5383	1430.57 (7.410502213332661,)
492	25   	208.494	183.773	14.2851	624.256 (7.410502213332661,)
493	25   	239.188	263.24 	15.0291	1228.22 (7.410502213332661,)
494	25   	221.292	185.97 	18.6954	757.073 (7.410502213332661,)
495	25   	243.532	277.757	16.4972	1407.91 (7.410502213332661,)
496	25   	209.964	185.984	8.55054	847.433 (7.410502213332661,)
497	25   	198.299	223.675	8.99225	1129.27 (7.410502213332661,)
498	25   	305.755	273.796	12.6849	1366.76 (7.410502213332661,)
499	25   	312.824	292.282	13.8857	1203.26 (7.410502213332661,)
