In file included from /usr/local/lib/python2.7/dist-packages/numpy/core/include/numpy/ndarraytypes.h:1804:0,
                 from /usr/local/lib/python2.7/dist-packages/numpy/core/include/numpy/ndarrayobject.h:17,
                 from /usr/local/lib/python2.7/dist-packages/numpy/core/include/numpy/arrayobject.h:4,
                 from /home/pinojc/.cache/scipy/python27_compiled/sc_9bade30717731f645b30a512f757f0fa923.cpp:22:
/usr/local/lib/python2.7/dist-packages/numpy/core/include/numpy/npy_1_7_deprecated_api.h:15:2: warning: #warning "Using deprecated NumPy API, disable it by " "#defining NPY_NO_DEPRECATED_API NPY_1_7_API_VERSION" [-Wcpp]
 #warning "Using deprecated NumPy API, disable it by " \
  ^
gen	evals	avg    	std    	min    	max    
0  	25   	893.381	370.181	257.314	1461.33 (257.31386182987336,)
1  	25   	564.416	247.558	45.1018	953.266 (45.1018294698627,)
2  	25   	313.285	279.429	60.7528	1049.69 (45.1018294698627,)
3  	25   	254.831	209.283	33.3263	745.576 (33.326346037857306,)
4  	25   	197.01 	164.399	34.5963	661.651 (33.326346037857306,)
5  	25   	199.187	220.334	33.8936	961.016 (33.326346037857306,)
6  	25   	226.115	235.56 	35.5665	1067.61 (33.326346037857306,)
7  	25   	268.814	324.925	30.3293	1627.18 (30.329301073153182,)
8  	25   	240.535	227.107	37.978 	826.666 (30.329301073153182,)
9  	25   	166.195	128.548	36.2897	504.611 (30.329301073153182,)
10 	25   	242.757	222.497	40.4492	865.027 (30.329301073153182,)
11 	25   	198.284	202.391	26.0785	923.383 (26.078455797586663,)
12 	25   	259.695	199.201	23.6072	761.414 (23.607178088412685,)
13 	25   	302.712	321.496	32.1484	1251.7  (23.607178088412685,)
14 	25   	285.535	168.551	22.1756	651.93  (22.175634935056749,)
15 	25   	271.711	214.251	29.6396	824.843 (22.175634935056749,)
16 	25   	194.312	193.337	32.4272	854.171 (22.175634935056749,)
17 	25   	259.765	228.232	20.0781	890.129 (20.07806836781041,)
18 	25   	289.793	339.806	18.8206	1455.72 (18.820631694759772,)
19 	25   	313.801	376.369	27.8615	1430.46 (18.820631694759772,)
20 	25   	235.174	307.024	24.3667	1443.7  (18.820631694759772,)
21 	25   	269.964	237.962	15.673 	1105.79 (15.672997777646289,)
22 	25   	303.331	214.269	34.8727	695.071 (15.672997777646289,)
23 	25   	212.245	213.793	22.7796	748.282 (15.672997777646289,)
24 	25   	229.342	248.471	21.8499	1143.52 (15.672997777646289,)
25 	25   	185.974	188.009	21.8257	890.556 (15.672997777646289,)
26 	25   	163.46 	117.238	17.2377	525.431 (15.672997777646289,)
27 	25   	190.584	144.409	18.295 	504.715 (15.672997777646289,)
28 	25   	233.574	202.307	22.1955	789.145 (15.672997777646289,)
29 	25   	189.15 	183.673	29.5292	611.611 (15.672997777646289,)
30 	25   	149.434	149.671	24.696 	623.929 (15.672997777646289,)
31 	25   	166.541	157.485	23.7724	662.432 (15.672997777646289,)
32 	25   	190.15 	169.218	16.3207	794.285 (15.672997777646289,)
33 	25   	157.95 	136.578	20.31  	538.209 (15.672997777646289,)
34 	25   	206.126	213.221	22.1355	1048.46 (15.672997777646289,)
35 	25   	172.978	166.318	25.1245	622.534 (15.672997777646289,)
36 	25   	252.152	196.632	30.9223	712.923 (15.672997777646289,)
37 	25   	275.914	240.369	24.557 	942.467 (15.672997777646289,)
38 	25   	206.641	168.712	15.2767	583.279 (15.276723902868447,)
39 	25   	241.141	194.663	14.5725	767.044 (14.572461829532664,)
40 	25   	166.64 	162.643	15.2678	660.569 (14.572461829532664,)
41 	25   	167.428	136.108	12.3618	401.621 (12.36176360008456,)
42 	25   	169.891	228.998	15.8041	916.217 (12.36176360008456,)
43 	25   	262.931	188.356	19.238 	702.017 (12.36176360008456,)
44 	25   	268.897	238.426	22.2692	1082.51 (12.36176360008456,)
45 	25   	252.47 	232.783	18.2232	1096.75 (12.36176360008456,)
46 	25   	272.778	286.242	22.1187	1332.04 (12.36176360008456,)
47 	25   	237.914	266.612	17.3681	1100.23 (12.36176360008456,)
48 	25   	233.3  	239.961	11.7872	995.044 (11.787161690962327,)
49 	25   	177.436	132.181	20.4177	439.6   (11.787161690962327,)
50 	25   	233.161	167.317	27.6181	734.572 (11.787161690962327,)
51 	25   	267.123	297.382	20.0143	1200.01 (11.787161690962327,)
52 	25   	231.56 	205.833	14.7806	685.125 (11.787161690962327,)
53 	25   	353.339	379.447	17.1165	1430.68 (11.787161690962327,)
54 	25   	217.914	236.933	13.4553	1064.8  (11.787161690962327,)
55 	25   	303.355	299.171	21.1995	1139.71 (11.787161690962327,)
56 	25   	316.152	363.291	14.44  	1669.41 (11.787161690962327,)
57 	25   	307.696	280.872	14.6174	1202.46 (11.787161690962327,)
58 	25   	275.412	278.057	17.6072	1149.01 (11.787161690962327,)
59 	25   	243.792	238.369	13.3454	866.68  (11.787161690962327,)
60 	25   	264.401	187.29 	17.2352	601.403 (11.787161690962327,)
61 	25   	313.257	267.108	15.5177	1060.68 (11.787161690962327,)
62 	25   	245.329	219.833	15.7011	906.015 (11.787161690962327,)
63 	25   	279.868	290.434	16.0026	1062.27 (11.787161690962327,)
64 	25   	178.153	149.853	15.4134	575.575 (11.787161690962327,)
65 	25   	192.945	253.29 	8.98419	938.261 (8.9841937478888951,)
66 	25   	184.566	160.703	14.6198	600.207 (8.9841937478888951,)
67 	25   	148.809	133.081	14.0727	444.086 (8.9841937478888951,)
68 	25   	233.508	265.127	15.8843	1133.05 (8.9841937478888951,)
69 	25   	149.443	138.387	14.5464	454.665 (8.9841937478888951,)
70 	25   	243.415	170.068	13.2571	758.216 (8.9841937478888951,)
71 	25   	202.033	142.192	15.7238	500.264 (8.9841937478888951,)
72 	25   	220.852	173.26 	21.6077	621.309 (8.9841937478888951,)
73 	25   	364.963	356.531	11.3616	1481.3  (8.9841937478888951,)
74 	25   	245.151	202.166	14.1561	713.549 (8.9841937478888951,)
75 	25   	300.136	336.013	23.2954	1298.31 (8.9841937478888951,)
76 	25   	306.905	328.697	20.4749	1607.54 (8.9841937478888951,)
77 	25   	188.111	150.727	15.1604	573.154 (8.9841937478888951,)
78 	25   	255.832	266.266	18.6898	1143.74 (8.9841937478888951,)
79 	25   	293.945	233.467	15.1957	982.059 (8.9841937478888951,)
80 	25   	270.867	208.85 	9.1426 	696.205 (8.9841937478888951,)
81 	25   	369.848	390.854	15.0692	1605.27 (8.9841937478888951,)
82 	25   	283.05 	215.291	12.3015	846.337 (8.9841937478888951,)
83 	25   	237.549	255.297	17.486 	1174.47 (8.9841937478888951,)
84 	25   	298.298	242.107	12.112 	863.484 (8.9841937478888951,)
85 	25   	345.562	391.656	19.6637	1653.49 (8.9841937478888951,)
86 	25   	204.024	193.792	15.0774	656.768 (8.9841937478888951,)
87 	25   	220.299	292.458	9.36372	1484.43 (8.9841937478888951,)
88 	25   	279.646	268.004	19.2206	1003.83 (8.9841937478888951,)
89 	25   	282.024	319.334	15.5576	1541.98 (8.9841937478888951,)
90 	25   	289.628	255.221	20.6395	924     (8.9841937478888951,)
91 	25   	243.476	216.796	14.529 	1089.99 (8.9841937478888951,)
92 	25   	230.687	259.808	23.4871	1202.07 (8.9841937478888951,)
93 	25   	263.512	249.586	22.3138	897.156 (8.9841937478888951,)
94 	25   	340.692	267.84 	25.3791	959.132 (8.9841937478888951,)
95 	25   	271.394	201.791	12.9014	676.613 (8.9841937478888951,)
96 	25   	238.686	310.829	16.6731	1482.87 (8.9841937478888951,)
97 	25   	322.496	266.835	16.3895	1224.36 (8.9841937478888951,)
98 	25   	405.502	265.705	32.2278	992.842 (8.9841937478888951,)
99 	25   	375.745	244.609	26.0928	895.761 (8.9841937478888951,)
100	25   	417.664	380.538	27.0295	1324.92 (8.9841937478888951,)
101	25   	249.294	215.575	21.1538	840.247 (8.9841937478888951,)
102	25   	294.678	382.447	10.302 	1691.73 (8.9841937478888951,)
103	25   	300.467	283.39 	16.316 	1183.95 (8.9841937478888951,)
104	25   	355.455	343.974	15.1146	1190.13 (8.9841937478888951,)
105	25   	315.408	271.709	10.6122	1060.37 (8.9841937478888951,)
106	25   	209.042	192.797	11.7347	768.844 (8.9841937478888951,)
107	25   	233.302	272.787	13.9111	1342.59 (8.9841937478888951,)
108	25   	275.398	273.298	15.1265	1380.75 (8.9841937478888951,)
109	25   	425.965	331.573	17.5705	1188.18 (8.9841937478888951,)
110	25   	240.004	188.478	17.5336	842.049 (8.9841937478888951,)
111	25   	257.55 	180.19 	23.7042	846.067 (8.9841937478888951,)
112	25   	230.006	336.76 	9.44292	1521.37 (8.9841937478888951,)
113	25   	296.861	273.925	19.7561	1046.8  (8.9841937478888951,)
114	25   	248.092	246.253	31.9396	1150.19 (8.9841937478888951,)
115	25   	355.389	293.369	13.2531	1311.34 (8.9841937478888951,)
116	25   	278.041	245.196	19.6776	1102.31 (8.9841937478888951,)
117	25   	434.305	360.674	16.4426	1335.87 (8.9841937478888951,)
118	25   	270.077	166.53 	13.4816	659.465 (8.9841937478888951,)
119	25   	220.639	243.467	29.7507	1243.44 (8.9841937478888951,)
120	25   	296.735	368.944	16.428 	1499.18 (8.9841937478888951,)
121	25   	113.094	82.4246	11.1121	353.538 (8.9841937478888951,)
122	25   	219.237	244.855	11.5561	1160.98 (8.9841937478888951,)
123	25   	267.449	291.306	10.7556	1361.05 (8.9841937478888951,)
124	25   	261.934	236.589	11.3955	903.62  (8.9841937478888951,)
125	25   	227.985	244.993	18.0187	1005.87 (8.9841937478888951,)
126	25   	283.751	343.183	11.037 	1733.41 (8.9841937478888951,)
127	25   	210.427	173.977	22.0908	714.051 (8.9841937478888951,)
128	25   	158.88 	159.596	12.5886	569.312 (8.9841937478888951,)
129	25   	332.769	361.408	11.2447	1568.57 (8.9841937478888951,)
130	25   	322.132	300.686	12.4822	1100.6  (8.9841937478888951,)
131	25   	348.931	271.562	37.9853	1270.93 (8.9841937478888951,)
132	25   	354.157	370.877	14.813 	1501.73 (8.9841937478888951,)
133	25   	272.016	198.588	11.223 	705.444 (8.9841937478888951,)
134	25   	338.969	401.015	7.9914 	1714.16 (7.9913988738078308,)
135	25   	251.817	318.232	6.75704	1504.17 (6.7570379647528354,)
136	25   	299.582	261.097	25.6826	1057.06 (6.7570379647528354,)
137	25   	309.03 	325.499	17.3503	1545.98 (6.7570379647528354,)
138	25   	218.314	222.302	8.41793	896.549 (6.7570379647528354,)
139	25   	491.237	423.173	37.3509	1678.88 (6.7570379647528354,)
140	25   	453.258	424.402	15.4924	1798.14 (6.7570379647528354,)
141	25   	250.154	222.414	8.87706	757.326 (6.7570379647528354,)
142	25   	213.966	319.233	17.4232	1580.27 (6.7570379647528354,)
143	25   	308.732	353.024	14.8348	1534.48 (6.7570379647528354,)
144	25   	310.283	283.119	11.2608	924.773 (6.7570379647528354,)
145	25   	240.24 	242.567	16.7994	836.516 (6.7570379647528354,)
146	25   	309.993	245.676	16.3008	1083.78 (6.7570379647528354,)
147	25   	264.27 	292.681	7.47508	1313.28 (6.7570379647528354,)
148	25   	338.401	239.415	15.9475	899.714 (6.7570379647528354,)
149	25   	310.726	392.539	8.56034	1523.45 (6.7570379647528354,)
150	25   	212.467	302.221	11.1548	1274.67 (6.7570379647528354,)
151	25   	342.292	284.813	5.45677	917.903 (5.4567704592182595,)
152	25   	313.942	323.778	6.52321	1199.51 (5.4567704592182595,)
153	25   	277.672	285.87 	8.12349	1006.85 (5.4567704592182595,)
154	25   	281.112	203.632	8.66098	785.674 (5.4567704592182595,)
155	25   	294.134	324.902	8.06742	1284.85 (5.4567704592182595,)
156	25   	309.252	335.033	8.86859	1636.09 (5.4567704592182595,)
157	25   	283.873	225.114	10.0656	723.311 (5.4567704592182595,)
158	25   	309.611	291.763	13.1593	1299.55 (5.4567704592182595,)
159	25   	440.794	408.907	9.05557	1688.95 (5.4567704592182595,)
160	25   	396.523	483.462	5.9366 	1798.94 (5.4567704592182595,)
161	25   	377.742	343.712	18.6439	1595.62 (5.4567704592182595,)
162	25   	451.582	361.21 	7.54498	1373.32 (5.4567704592182595,)
163	25   	426.381	471.05 	8.75229	1738.58 (5.4567704592182595,)
164	25   	315.789	350.06 	24.0868	1717.12 (5.4567704592182595,)
165	25   	286.165	360.377	5.67321	1571.91 (5.4567704592182595,)
166	25   	271.114	213.227	15.2057	762.135 (5.4567704592182595,)
167	25   	442.594	410.958	14.3839	1541.99 (5.4567704592182595,)
168	25   	244.98 	206.294	7.3029 	716.082 (5.4567704592182595,)
169	25   	260.615	287.207	7.04374	1416.38 (5.4567704592182595,)
170	25   	369.933	338.363	19.8309	1272.73 (5.4567704592182595,)
171	25   	309.757	301.661	13.5096	1320.09 (5.4567704592182595,)
172	25   	307.528	291.756	6.19435	1221.36 (5.4567704592182595,)
173	25   	322.085	236.415	25.8345	779.333 (5.4567704592182595,)
174	25   	410.166	376.458	21.0325	1558    (5.4567704592182595,)
175	25   	265.911	302.775	7.57659	1342.41 (5.4567704592182595,)
176	25   	413.041	369.627	18.4299	1724.01 (5.4567704592182595,)
177	25   	264.222	339.598	11.6176	1708.54 (5.4567704592182595,)
178	25   	272.814	221.415	7.42077	1006.2  (5.4567704592182595,)
179	25   	287.787	291.37 	10.0531	1121.81 (5.4567704592182595,)
180	25   	297.842	363.469	15.9122	1786.41 (5.4567704592182595,)
181	25   	255.838	215.633	11.4767	783.648 (5.4567704592182595,)
182	25   	254.972	206.27 	38.7185	693.212 (5.4567704592182595,)
183	25   	262.224	264.872	12.1054	886.381 (5.4567704592182595,)
184	25   	247.433	236.542	16.2243	946.44  (5.4567704592182595,)
185	25   	251.217	231.333	11.9163	867.043 (5.4567704592182595,)
186	25   	316.537	302.043	5.6021 	1269.3  (5.4567704592182595,)
187	25   	458.533	412.775	26.9395	1593.12 (5.4567704592182595,)
188	25   	288.808	331.606	5.25799	1592.52 (5.2579906039100708,)
189	25   	269.725	214.149	5.15203	809.153 (5.1520259044006993,)
190	25   	365.173	356.347	40.6982	1488.31 (5.1520259044006993,)
191	25   	361.589	326.425	5.9433 	1619.11 (5.1520259044006993,)
192	25   	450.948	353.818	21.9789	1537.7  (5.1520259044006993,)
193	25   	358.951	272.694	12.7182	1163.92 (5.1520259044006993,)
194	25   	387.072	325.731	17.1138	1384.24 (5.1520259044006993,)
195	25   	321.807	395.232	6.22641	1524.27 (5.1520259044006993,)
196	25   	351.58 	345.751	22.4807	1273.14 (5.1520259044006993,)
197	25   	380.136	361.693	8.44662	1578.61 (5.1520259044006993,)
198	25   	351.629	320.761	32.2934	1232    (5.1520259044006993,)
199	25   	236.672	194.409	10.6451	723.328 (5.1520259044006993,)
200	25   	289.25 	360.582	16.7668	1765.17 (5.1520259044006993,)
201	25   	282.631	270.952	14.9927	1034.45 (5.1520259044006993,)
202	25   	352.506	306.549	21.0678	1217.21 (5.1520259044006993,)
203	25   	567.717	480.048	60.6579	1602.06 (5.1520259044006993,)
204	25   	307.328	202.193	8.92992	702.304 (5.1520259044006993,)
205	25   	277.677	268.496	7.87148	991.366 (5.1520259044006993,)
206	25   	288.991	232.516	18.0481	903.616 (5.1520259044006993,)
207	25   	261.595	234.311	14.945 	855.322 (5.1520259044006993,)
208	25   	346.971	314.564	8.53813	1115.34 (5.1520259044006993,)
209	25   	294.084	315.501	15.3028	1297.78 (5.1520259044006993,)
210	25   	246.323	219.148	9.77811	712.628 (5.1520259044006993,)
211	25   	256.076	229.627	12.871 	955.375 (5.1520259044006993,)
212	25   	237.44 	201.502	14.4513	830     (5.1520259044006993,)
213	25   	306.819	378.211	12.8337	1582.76 (5.1520259044006993,)
214	25   	260.103	238.063	6.63671	874.092 (5.1520259044006993,)
215	25   	429.512	448.611	24.9933	1676.37 (5.1520259044006993,)
216	25   	315.603	247.463	8.02534	779.972 (5.1520259044006993,)
217	25   	336.627	401.315	7.20969	1624.77 (5.1520259044006993,)
218	25   	246.985	168.005	8.79841	752.628 (5.1520259044006993,)
219	25   	263.889	333.859	12.441 	1362.8  (5.1520259044006993,)
220	25   	309.72 	300.196	8.90902	1316.42 (5.1520259044006993,)
221	25   	339.454	289.147	8.06352	1123.55 (5.1520259044006993,)
222	25   	300.248	269.906	14.5114	1092.47 (5.1520259044006993,)
223	25   	241.703	209.101	11.8718	906.836 (5.1520259044006993,)
224	25   	237.697	344.634	9.87497	1581.58 (5.1520259044006993,)
225	25   	247.011	168.635	12.3495	652.327 (5.1520259044006993,)
226	25   	281.286	276.826	7.5688 	930.212 (5.1520259044006993,)
227	25   	421.545	425.815	12.1691	1621.02 (5.1520259044006993,)
228	25   	301.091	230.27 	20.1665	919.003 (5.1520259044006993,)
229	25   	348.303	299.748	17.1697	1094.96 (5.1520259044006993,)
230	25   	349.568	387.835	6.07579	1648.14 (5.1520259044006993,)
231	25   	310.031	283.13 	8.57347	1286.6  (5.1520259044006993,)
232	25   	260.002	262.842	13.078 	924.35  (5.1520259044006993,)
233	25   	278.985	338.763	19.1573	1655.77 (5.1520259044006993,)
234	25   	436.988	396.836	10.63  	1682.96 (5.1520259044006993,)
235	25   	285.348	335.627	7.52174	1711.41 (5.1520259044006993,)
236	25   	368.901	381.026	20.4973	1649.61 (5.1520259044006993,)
237	25   	352.107	302.63 	15.8349	1363.39 (5.1520259044006993,)
238	25   	365.242	358.028	10.8091	1248.66 (5.1520259044006993,)
239	25   	284.829	290.729	16.2111	1320.14 (5.1520259044006993,)
240	25   	182.166	207.801	7.39182	846.993 (5.1520259044006993,)
241	25   	298.569	227.216	10.6916	851.332 (5.1520259044006993,)
242	25   	232.05 	187.828	7.16041	825.473 (5.1520259044006993,)
243	25   	260.614	213.141	9.3723 	835.149 (5.1520259044006993,)
244	25   	290.841	275.482	6.11974	1028.16 (5.1520259044006993,)
245	25   	279.763	340.706	15.0881	1498.55 (5.1520259044006993,)
246	25   	304.693	249.628	8.50739	838.31  (5.1520259044006993,)
247	25   	258.53 	224.96 	17.6891	987.769 (5.1520259044006993,)
248	25   	242.299	281.252	12.3389	1196.46 (5.1520259044006993,)
249	25   	263.832	339.444	12.5251	1650.14 (5.1520259044006993,)
250	25   	234.047	150.735	16.4242	557.362 (5.1520259044006993,)
251	25   	366.266	381.861	7.1171 	1352.47 (5.1520259044006993,)
252	25   	284.286	351.226	26.9166	1704.42 (5.1520259044006993,)
253	25   	241.324	227.551	9.41376	1079.36 (5.1520259044006993,)
254	25   	259.665	235.226	6.32579	1009.21 (5.1520259044006993,)
255	25   	273.983	175.101	8.45783	636.783 (5.1520259044006993,)
256	25   	403.635	440.453	6.32092	1621.37 (5.1520259044006993,)
257	25   	254.738	204.509	11.3534	700.602 (5.1520259044006993,)
258	25   	414.831	321.184	27.2975	1398.21 (5.1520259044006993,)
259	25   	304.146	277.02 	13.74  	1264.59 (5.1520259044006993,)
260	25   	270.944	297.844	14.061 	1227.43 (5.1520259044006993,)
261	25   	207.941	303.269	11.0874	1585.77 (5.1520259044006993,)
262	25   	298.892	320.413	24.1736	1144.01 (5.1520259044006993,)
263	25   	210.593	167.451	15.6681	653.82  (5.1520259044006993,)
264	25   	224.719	238.647	6.62113	876.782 (5.1520259044006993,)
265	25   	246.211	173.277	5.15534	615.843 (5.1520259044006993,)
266	25   	319.806	405.112	11.5472	1732.51 (5.1520259044006993,)
267	25   	322.962	283.835	12.4584	1126.48 (5.1520259044006993,)
268	25   	343.96 	286.879	33.5025	945.063 (5.1520259044006993,)
269	25   	334.062	306.03 	33.236 	1489.95 (5.1520259044006993,)
270	25   	371.79 	358.827	13.2985	1239.86 (5.1520259044006993,)
271	25   	364.206	352.344	27.3604	1491    (5.1520259044006993,)
272	25   	328.24 	302.146	11.2765	1192.26 (5.1520259044006993,)
273	25   	338.467	383.946	8.98072	1534.1  (5.1520259044006993,)
274	25   	434.122	386.299	22.1456	1524.25 (5.1520259044006993,)
275	25   	355.653	402.413	9.684  	1645.8  (5.1520259044006993,)
276	25   	453.546	453.651	26.2778	1757.21 (5.1520259044006993,)
277	25   	378.341	346.21 	37.379 	1600.39 (5.1520259044006993,)
278	25   	243.222	185.035	23.3585	653.965 (5.1520259044006993,)
279	25   	322.947	350.578	13.6093	1586.17 (5.1520259044006993,)
280	25   	273.921	233.576	24.0384	1043.12 (5.1520259044006993,)
281	25   	343.283	314.284	42.0145	1554.29 (5.1520259044006993,)
282	25   	344.527	299.663	19.5456	1205.9  (5.1520259044006993,)
283	25   	288.653	374.986	11.7118	1685.23 (5.1520259044006993,)
284	25   	342.515	405.41 	19.4552	1703.02 (5.1520259044006993,)
285	25   	277.443	322.754	16.5149	1586.38 (5.1520259044006993,)
286	25   	307.616	221.198	8.05676	700.654 (5.1520259044006993,)
287	25   	293.47 	264.343	24.8493	1255.28 (5.1520259044006993,)
288	25   	309.748	362.251	10.1428	1552.02 (5.1520259044006993,)
289	25   	347.302	383.063	8.99545	1378.52 (5.1520259044006993,)
290	25   	239.253	162.852	8.05701	577.144 (5.1520259044006993,)
291	25   	328.212	312.781	7.88599	1227.47 (5.1520259044006993,)
292	25   	209.323	184.846	12.8696	729.075 (5.1520259044006993,)
293	25   	222.437	191.728	11.9447	770.713 (5.1520259044006993,)
294	25   	178.517	224.305	7.33556	991.117 (5.1520259044006993,)
295	25   	275.973	197.454	8.77227	750.222 (5.1520259044006993,)
296	25   	273.182	212.064	17.3708	910.404 (5.1520259044006993,)
297	25   	270.13 	170.541	17.7924	677.434 (5.1520259044006993,)
298	25   	283.469	246.816	15.0575	1069.03 (5.1520259044006993,)
299	25   	198.099	166.311	4.85092	576.872 (4.8509233359986084,)
300	25   	328.222	372.642	25.21  	1834.82 (4.8509233359986084,)
301	25   	268.331	271.02 	12.1823	1282.87 (4.8509233359986084,)
302	25   	283.406	414.681	7.59524	1706.36 (4.8509233359986084,)
303	25   	265.165	235.411	9.64922	1050.94 (4.8509233359986084,)
304	25   	252.523	260.062	7.22963	1170.35 (4.8509233359986084,)
305	25   	234.055	204.658	8.59839	734.001 (4.8509233359986084,)
306	25   	345.549	297.813	13.9488	952.593 (4.8509233359986084,)
307	25   	455.613	386.679	11.1148	1402.19 (4.8509233359986084,)
308	25   	234.297	173.726	22.9975	629.422 (4.8509233359986084,)
309	25   	170.416	122.599	17.5236	444.211 (4.8509233359986084,)
310	25   	247.067	268.427	12.0741	1326.42 (4.8509233359986084,)
311	25   	296.021	257.427	10.2699	778.83  (4.8509233359986084,)
312	25   	270.356	262.755	13.3564	1365.91 (4.8509233359986084,)
313	25   	359.227	308.211	25.3232	1437.49 (4.8509233359986084,)
314	25   	272.81 	283.886	11.2712	1255.7  (4.8509233359986084,)
315	25   	340.49 	313.069	10.576 	1461.49 (4.8509233359986084,)
316	25   	356.715	369.312	16.0674	1312.48 (4.8509233359986084,)
317	25   	373.525	303.786	5.81564	1250.04 (4.8509233359986084,)
318	25   	348.977	333.192	12.8492	1482.19 (4.8509233359986084,)
319	25   	437.824	433.867	13.6407	1563.47 (4.8509233359986084,)
320	25   	346.118	188.915	25.6718	735.843 (4.8509233359986084,)
321	25   	315.942	400.026	7.69791	1560.24 (4.8509233359986084,)
322	25   	437.959	372.446	6.04797	1544.93 (4.8509233359986084,)
323	25   	203.609	150.775	13.5661	585.324 (4.8509233359986084,)
324	25   	248.393	237.111	9.80138	1049.71 (4.8509233359986084,)
325	25   	248.585	286.88 	7.47732	1297.42 (4.8509233359986084,)
326	25   	340.175	279.143	7.52896	1064.41 (4.8509233359986084,)
327	25   	416.534	397.685	6.44645	1307.85 (4.8509233359986084,)
328	25   	321.181	348.44 	9.98888	1462.75 (4.8509233359986084,)
329	25   	250.783	335.492	12.0696	1695.11 (4.8509233359986084,)
330	25   	275.158	252.674	10.2046	1090.3  (4.8509233359986084,)
331	25   	341.237	322.874	18.1454	1185.11 (4.8509233359986084,)
332	25   	409.828	358.71 	6.09425	1414.41 (4.8509233359986084,)
333	25   	360.274	328.305	17.2574	1509.99 (4.8509233359986084,)
334	25   	264.723	326.468	9.50428	1602.1  (4.8509233359986084,)
335	25   	247.577	209.557	24.5292	996.072 (4.8509233359986084,)
336	25   	299.666	335.231	7.54864	1651.44 (4.8509233359986084,)
337	25   	312.501	261.334	14.0679	1002.24 (4.8509233359986084,)
338	25   	293.082	285.607	7.79106	1224.02 (4.8509233359986084,)
339	25   	352.893	263.42 	13.5795	1158.38 (4.8509233359986084,)
340	25   	392.689	391.758	6.48303	1563.05 (4.8509233359986084,)
341	25   	370.649	328.198	21.8398	1444.55 (4.8509233359986084,)
342	25   	376.997	274.958	17.4967	1170.63 (4.8509233359986084,)
343	25   	425.552	491.041	15.4629	1748.09 (4.8509233359986084,)
344	25   	354.998	237.466	14.844 	784.282 (4.8509233359986084,)
345	25   	430.651	343.802	17.5324	1299.41 (4.8509233359986084,)
346	25   	360.216	289.69 	24.9437	1080.46 (4.8509233359986084,)
347	25   	343.179	296.879	7.96622	1253.21 (4.8509233359986084,)
348	25   	242.665	229.769	7.38353	953.275 (4.8509233359986084,)
349	25   	281.622	294.723	9.01948	1186.74 (4.8509233359986084,)
350	25   	271    	269.775	9.8491 	1155.83 (4.8509233359986084,)
351	25   	280.502	295.58 	10.9021	1552.86 (4.8509233359986084,)
352	25   	200.61 	201.669	18.5013	803.637 (4.8509233359986084,)
353	25   	344.332	224.976	22.1496	777.21  (4.8509233359986084,)
354	25   	362.302	276.434	5.3272 	1014.54 (4.8509233359986084,)
355	25   	328.677	308.94 	7.35311	1042.06 (4.8509233359986084,)
356	25   	332.618	249.866	6.18638	989.501 (4.8509233359986084,)
357	25   	234.782	236.256	8.38256	1069.06 (4.8509233359986084,)
358	25   	349.881	303.532	42.7252	1214.68 (4.8509233359986084,)
359	25   	270.396	251.608	11.2665	1155.52 (4.8509233359986084,)
360	25   	336.816	334.961	25.7195	1621.29 (4.8509233359986084,)
361	25   	247.465	214.497	5.37455	1008.63 (4.8509233359986084,)
362	25   	262.541	334.211	19.3578	1363.22 (4.8509233359986084,)
363	25   	350.753	350.699	17.7357	1634.86 (4.8509233359986084,)
364	25   	237.143	164.939	18.2732	567.857 (4.8509233359986084,)
365	25   	256.643	335.126	9.3278 	1496.52 (4.8509233359986084,)
366	25   	212.847	187.902	6.77838	633.465 (4.8509233359986084,)
367	25   	305.964	333.15 	7.47447	1358.03 (4.8509233359986084,)
368	25   	263.091	235.611	21.1378	1034.26 (4.8509233359986084,)
369	25   	315.004	346.67 	7.51999	1638.07 (4.8509233359986084,)
370	25   	382.664	429.163	11.3438	1658.39 (4.8509233359986084,)
371	25   	274.132	333.057	8.90974	1438.41 (4.8509233359986084,)
372	25   	338.205	301.268	9.7856 	1042.29 (4.8509233359986084,)
373	25   	310.991	224.938	10.9679	977.24  (4.8509233359986084,)
374	25   	287.246	194.556	14.6639	716.382 (4.8509233359986084,)
375	25   	304.815	257.714	6.60686	1303.09 (4.8509233359986084,)
376	25   	370.89 	273.471	37.9208	1021.31 (4.8509233359986084,)
377	25   	396.387	411.777	6.97042	1710.1  (4.8509233359986084,)
378	25   	367.596	282.276	27.7246	1044.72 (4.8509233359986084,)
379	25   	306.604	280.233	15.7001	1334.62 (4.8509233359986084,)
380	25   	213.263	177.795	19.3969	606.026 (4.8509233359986084,)
381	25   	308.009	417.486	15.5294	1607.87 (4.8509233359986084,)
382	25   	222.562	272.009	10.8252	1045.59 (4.8509233359986084,)
383	25   	290.092	204.02 	21.437 	641.946 (4.8509233359986084,)
384	25   	260.934	227.535	10.1469	1115.53 (4.8509233359986084,)
385	25   	329.909	362.758	16.8713	1718.96 (4.8509233359986084,)
386	25   	293.481	254.088	12.026 	874.695 (4.8509233359986084,)
387	25   	308.79 	235.416	21.6653	950.108 (4.8509233359986084,)
388	25   	279.179	271.14 	9.45102	1000.3  (4.8509233359986084,)
389	25   	349.072	274.46 	39.0315	1089.25 (4.8509233359986084,)
390	25   	264.836	251.641	8.96438	953.403 (4.8509233359986084,)
391	25   	221.482	206.745	6.50547	628.034 (4.8509233359986084,)
392	25   	349.215	354.223	11.0902	1507.86 (4.8509233359986084,)
393	25   	359.623	343.019	6.73347	1427.33 (4.8509233359986084,)
394	25   	270.998	228.875	6.39955	1061.15 (4.8509233359986084,)
395	25   	271.308	296.868	7.54204	1229.97 (4.8509233359986084,)
396	25   	309.83 	336.67 	8.25433	1482.27 (4.8509233359986084,)
397	25   	322.54 	232.43 	7.90244	899.379 (4.8509233359986084,)
398	25   	374.512	401.353	13.4923	1706.42 (4.8509233359986084,)
399	25   	331.234	303.048	7.24749	1066.53 (4.8509233359986084,)
400	25   	324.49 	268.774	7.27939	936.404 (4.8509233359986084,)
401	25   	250.83 	262.888	8.14149	905.387 (4.8509233359986084,)
402	25   	346.717	232.237	33.7308	895.761 (4.8509233359986084,)
403	25   	368.501	370.584	9.01382	1590.05 (4.8509233359986084,)
404	25   	364.704	336.384	5.98766	1159.9  (4.8509233359986084,)
405	25   	201.701	173.343	11.0567	628.911 (4.8509233359986084,)
406	25   	214.316	220.617	5.79486	848.639 (4.8509233359986084,)
407	25   	185.442	162.624	6.95124	523.167 (4.8509233359986084,)
408	25   	346.985	398.765	17.0063	1738.18 (4.8509233359986084,)
409	25   	306.966	219.673	5.40337	873.826 (4.8509233359986084,)
410	25   	201.399	221.41 	5.78968	971.107 (4.8509233359986084,)
411	25   	199.758	201.683	9.39094	759.679 (4.8509233359986084,)
412	25   	322.125	294.51 	45.338 	1456    (4.8509233359986084,)
413	25   	300.208	174.211	7.71406	635.85  (4.8509233359986084,)
414	25   	243.83 	208.283	6.45703	862.756 (4.8509233359986084,)
415	25   	225.279	191.196	10.7898	664.74  (4.8509233359986084,)
416	25   	246.815	161.032	15.2946	549.903 (4.8509233359986084,)
417	25   	284.55 	241.556	13.6354	1033.45 (4.8509233359986084,)
418	25   	203.818	165.942	12.2208	587.64  (4.8509233359986084,)
419	25   	218.753	268.526	5.47618	1147.13 (4.8509233359986084,)
420	25   	220.83 	174.234	8.28279	760.446 (4.8509233359986084,)
421	25   	181.363	189.397	5.94796	847.706 (4.8509233359986084,)
422	25   	239.27 	230.652	6.85828	1032.91 (4.8509233359986084,)
423	25   	248.554	157.576	18.5953	498.95  (4.8509233359986084,)
424	25   	406.929	355.526	6.46806	1489.97 (4.8509233359986084,)
425	25   	307.758	268.604	16.0438	1183.65 (4.8509233359986084,)
426	25   	356.642	368.665	7.4691 	1526.55 (4.8509233359986084,)
427	25   	243.687	174.254	10.5796	608.223 (4.8509233359986084,)
428	25   	337.18 	326.245	12.9334	1230.53 (4.8509233359986084,)
429	25   	284.959	337.797	19.1775	1321.02 (4.8509233359986084,)
430	25   	269.349	226.608	6.06862	958.164 (4.8509233359986084,)
431	25   	309.38 	317.891	13.8976	1085.61 (4.8509233359986084,)
432	25   	244.543	359.872	5.04323	1704.35 (4.8509233359986084,)
433	25   	226.479	192.428	7.9624 	765.837 (4.8509233359986084,)
434	25   	331.55 	334.94 	7.75711	1135.07 (4.8509233359986084,)
435	25   	317.006	333.064	5.12279	1734.01 (4.8509233359986084,)
436	25   	296.577	246.689	10.5307	1155.08 (4.8509233359986084,)
437	25   	302.172	277.415	16.0615	1022.78 (4.8509233359986084,)
438	25   	244.554	179.598	6.90171	763.332 (4.8509233359986084,)
439	25   	333.462	325.019	7.41316	1375.87 (4.8509233359986084,)
440	25   	280.25 	193.941	13.273 	781.162 (4.8509233359986084,)
441	25   	437.63 	503.82 	18.8324	1676.94 (4.8509233359986084,)
442	25   	339.693	331.476	5.8514 	1291.26 (4.8509233359986084,)
443	25   	295.74 	213.957	14.2047	794.267 (4.8509233359986084,)
444	25   	272.724	222.488	11.2924	984.488 (4.8509233359986084,)
445	25   	273.569	200.268	6.25375	659.195 (4.8509233359986084,)
446	25   	220.501	197.21 	17.6399	699.216 (4.8509233359986084,)
447	25   	287.651	168.166	26.4018	765.376 (4.8509233359986084,)
448	25   	276.085	241.659	15.3595	857.348 (4.8509233359986084,)
449	25   	261.438	222.683	6.41594	887.397 (4.8509233359986084,)
450	25   	315.753	336.066	10.8313	1586.44 (4.8509233359986084,)
451	25   	274.582	226.324	7.73103	973.273 (4.8509233359986084,)
452	25   	237.46 	301.638	17.011 	1488.35 (4.8509233359986084,)
453	25   	304.83 	310.317	6.67918	1476.05 (4.8509233359986084,)
454	25   	278.585	226.927	7.80475	944.821 (4.8509233359986084,)
455	25   	268.47 	229.349	12.7187	945.593 (4.8509233359986084,)
456	25   	192.302	157.777	5.2402 	596.998 (4.8509233359986084,)
457	25   	250.539	222.08 	7.69198	898.022 (4.8509233359986084,)
458	25   	224.455	174.847	8.60393	676.722 (4.8509233359986084,)
459	25   	211.95 	168.767	9.05456	670.042 (4.8509233359986084,)
460	25   	223.894	176.475	10.31  	737.759 (4.8509233359986084,)
461	25   	233.588	290.411	8.15643	1089.62 (4.8509233359986084,)
462	25   	267.739	272.671	5.49846	1053.15 (4.8509233359986084,)
463	25   	295.926	230.687	8.68796	1109.72 (4.8509233359986084,)
464	25   	255.578	305.276	6.42394	1387.64 (4.8509233359986084,)
465	25   	257.519	257.112	6.64273	1053.64 (4.8509233359986084,)
466	25   	265.134	244.224	6.57108	853.604 (4.8509233359986084,)
467	25   	287.55 	185.678	56.8629	747.594 (4.8509233359986084,)
468	25   	367.91 	260.793	7.90633	1072.47 (4.8509233359986084,)
469	25   	248.424	193.162	22.7262	719.206 (4.8509233359986084,)
470	25   	227.198	214.822	12.2876	913.332 (4.8509233359986084,)
471	25   	446.172	424.785	21.8733	1684.64 (4.8509233359986084,)
472	25   	334.137	329.877	7.89084	1562.52 (4.8509233359986084,)
473	25   	287.765	216.259	6.29701	651.841 (4.8509233359986084,)
474	25   	239.015	263.938	15.0219	1035.97 (4.8509233359986084,)
475	25   	252.021	329.962	6.20961	1563.38 (4.8509233359986084,)
476	25   	181.364	203.557	9.62528	792.299 (4.8509233359986084,)
477	25   	244.012	355.686	6.5133 	1566.6  (4.8509233359986084,)
478	25   	237.255	215.969	10.0342	820.048 (4.8509233359986084,)
479	25   	267.973	305.715	14.9444	1344.2  (4.8509233359986084,)
480	25   	332.981	323.761	7.83356	1167.57 (4.8509233359986084,)
481	25   	321.175	342.264	23.649 	1444.66 (4.8509233359986084,)
482	25   	311.644	221.917	9.68663	984.767 (4.8509233359986084,)
483	25   	274.928	230.653	19.8728	1055.72 (4.8509233359986084,)
484	25   	326.903	304.881	7.82283	1270.3  (4.8509233359986084,)
485	25   	355.246	377.834	12.1603	1659.3  (4.8509233359986084,)
486	25   	398.536	431.48 	8.04277	1736.61 (4.8509233359986084,)
487	25   	372.976	406.547	17.0107	1511.78 (4.8509233359986084,)
488	25   	319.325	267.687	5.36705	1176.11 (4.8509233359986084,)
489	25   	220.467	157.776	14.145 	696.984 (4.8509233359986084,)
490	25   	199.853	186.052	12.1023	870.423 (4.8509233359986084,)
491	25   	284.276	215.662	6.24372	794.98  (4.8509233359986084,)
492	25   	271.126	271.077	15.2825	1072.85 (4.8509233359986084,)
493	25   	372.274	255.524	20.938 	962.701 (4.8509233359986084,)
494	25   	347.065	435.204	13.7339	1641.83 (4.8509233359986084,)
495	25   	258.857	188.418	8.92157	660.331 (4.8509233359986084,)
496	25   	151.704	141.589	5.85889	538.18  (4.8509233359986084,)
497	25   	271.143	185.911	9.5226 	715.604 (4.8509233359986084,)
498	25   	255.947	237.661	6.70736	874.814 (4.8509233359986084,)
499	25   	326.766	353.919	12.6287	1424.24 (4.8509233359986084,)
