In file included from /usr/local/lib/python2.7/dist-packages/numpy/core/include/numpy/ndarraytypes.h:1804:0,
                 from /usr/local/lib/python2.7/dist-packages/numpy/core/include/numpy/ndarrayobject.h:17,
                 from /usr/local/lib/python2.7/dist-packages/numpy/core/include/numpy/arrayobject.h:4,
                 from /home/pinojc/.cache/scipy/python27_compiled/sc_9bade30717731f645b30a512f757f0fa926.cpp:22:
/usr/local/lib/python2.7/dist-packages/numpy/core/include/numpy/npy_1_7_deprecated_api.h:15:2: warning: #warning "Using deprecated NumPy API, disable it by " "#defining NPY_NO_DEPRECATED_API NPY_1_7_API_VERSION" [-Wcpp]
 #warning "Using deprecated NumPy API, disable it by " \
  ^
gen	evals	avg    	std    	min    	max    
0  	25   	906.474	344.759	304.619	1434.52 (304.61946632414799,)
1  	25   	464.106	247.409	25.2143	953.586 (25.214340307786159,)
2  	25   	250.603	193.55 	33.6629	867.921 (25.214340307786159,)
3  	25   	207.382	209.128	22.2826	805.955 (22.282587092372371,)
4  	25   	189.067	231.341	18.1917	1025.47 (18.191681107594359,)
5  	25   	220.391	230.574	18.6972	1011.28 (18.191681107594359,)
6  	25   	137.362	91.1705	12.999 	339.647 (12.998975970184334,)
7  	25   	191.122	155.229	20.964 	536.46  (12.998975970184334,)
8  	25   	244.953	184.528	12.8591	730.673 (12.859059908065941,)
9  	25   	237.452	159.509	20.3304	564.746 (12.859059908065941,)
10 	25   	188.44 	150.805	24.2205	677.616 (12.859059908065941,)
11 	25   	214.685	197.86 	19.1979	696.621 (12.859059908065941,)
12 	25   	169.242	175.907	22.8061	794.165 (12.859059908065941,)
13 	25   	201.773	166.338	29.3039	796.172 (12.859059908065941,)
14 	25   	305.698	197.629	24.2253	641.173 (12.859059908065941,)
15 	25   	264.435	283.437	24.1489	1055.67 (12.859059908065941,)
16 	25   	308.541	348.422	48.221 	1454.94 (12.859059908065941,)
17 	25   	255.311	187.574	27.3318	659.582 (12.859059908065941,)
18 	25   	167.078	139.763	13.2697	453.953 (12.859059908065941,)
19 	25   	269.793	255.433	17.9263	1121.02 (12.859059908065941,)
20 	25   	154.005	105.966	17.6147	466.086 (12.859059908065941,)
21 	25   	132.116	132.881	14.5597	602.9   (12.859059908065941,)
22 	25   	187.605	140.41 	15.6642	527.469 (12.859059908065941,)
23 	25   	211.499	207.512	25.178 	1025.88 (12.859059908065941,)
24 	25   	209.245	201.624	29.4878	788.414 (12.859059908065941,)
25 	25   	194.142	179.803	15.3534	733.993 (12.859059908065941,)
26 	25   	219.891	204.073	12.6323	771.301 (12.632298369849714,)
27 	25   	253.601	201.8  	21.472 	693.809 (12.632298369849714,)
28 	25   	297.144	270.254	14.6528	1069.05 (12.632298369849714,)
29 	25   	299.751	258.048	18.4126	1049.32 (12.632298369849714,)
30 	25   	243.284	209.347	19.9882	814.281 (12.632298369849714,)
31 	25   	205.5  	297.186	16.9381	1358.21 (12.632298369849714,)
32 	25   	295.211	209.745	47.5477	852.291 (12.632298369849714,)
33 	25   	284.98 	227.354	17.4978	996.015 (12.632298369849714,)
34 	25   	258.164	291.981	10.0459	1333.67 (10.045949192523995,)
35 	25   	246.248	280.933	32.5039	1116.87 (10.045949192523995,)
36 	25   	327.488	300.09 	13.8445	1185.26 (10.045949192523995,)
37 	25   	245.477	203.73 	8.32085	800.37  (8.3208471625421616,)
38 	25   	157.415	121.715	15.8492	456.019 (8.3208471625421616,)
39 	25   	180.476	154.154	23.7559	714.385 (8.3208471625421616,)
40 	25   	279.043	248.638	19.5715	1202.22 (8.3208471625421616,)
41 	25   	264.008	236.216	28.3008	960.927 (8.3208471625421616,)
42 	25   	245.489	211.595	17.3379	816.552 (8.3208471625421616,)
43 	25   	227.606	181.279	26.7314	761.937 (8.3208471625421616,)
44 	25   	258.423	179.613	27.7112	609.426 (8.3208471625421616,)
45 	25   	320.227	361.912	11.7564	1518.91 (8.3208471625421616,)
46 	25   	301.083	248.71 	10.648 	1085.84 (8.3208471625421616,)
47 	25   	261.973	302.966	19.4409	1297.62 (8.3208471625421616,)
48 	25   	265.451	202.53 	12.2735	773.2   (8.3208471625421616,)
49 	25   	236.409	229.45 	14.5028	883.99  (8.3208471625421616,)
50 	25   	239.92 	282.656	12.2734	1254.52 (8.3208471625421616,)
51 	25   	269.284	244.09 	13.6589	884.412 (8.3208471625421616,)
52 	25   	187.836	160.778	16.9032	665.512 (8.3208471625421616,)
53 	25   	158.424	136.797	20.6632	464.654 (8.3208471625421616,)
54 	25   	133.293	104.904	13.1729	448.466 (8.3208471625421616,)
55 	25   	208.058	161.911	17.8052	748.276 (8.3208471625421616,)
56 	25   	231.243	178.943	31.6447	707.937 (8.3208471625421616,)
57 	25   	233.412	173.891	37.9354	682.017 (8.3208471625421616,)
58 	25   	209.308	181.271	7.72781	672.582 (7.7278102629998182,)
59 	25   	180.299	125.314	13.6578	469.968 (7.7278102629998182,)
60 	25   	213.354	177.568	12.6898	594.952 (7.7278102629998182,)
61 	25   	267.468	318.863	12.4786	1282.76 (7.7278102629998182,)
62 	25   	152.76 	156.918	8.75975	578.966 (7.7278102629998182,)
63 	25   	207.846	160.979	9.18387	724.189 (7.7278102629998182,)
64 	25   	232.669	221.22 	34.7402	1022.47 (7.7278102629998182,)
65 	25   	251.196	198.144	16.455 	787.366 (7.7278102629998182,)
66 	25   	149.608	129.734	9.39484	498.413 (7.7278102629998182,)
67 	25   	186.149	176.701	16.0514	691.019 (7.7278102629998182,)
68 	25   	216.592	210.409	20.7241	815.904 (7.7278102629998182,)
69 	25   	246.017	181.575	10.9386	643.518 (7.7278102629998182,)
70 	25   	263.976	165.762	18.9645	600.078 (7.7278102629998182,)
71 	25   	304.58 	296.724	18.6315	1156.69 (7.7278102629998182,)
72 	25   	203.704	203.471	12.677 	686.823 (7.7278102629998182,)
73 	25   	201.308	186.61 	13.6572	652.432 (7.7278102629998182,)
74 	25   	206.796	221.419	20.2341	957.017 (7.7278102629998182,)
75 	25   	283.568	253.583	11.8007	1135.75 (7.7278102629998182,)
76 	25   	274.209	275.88 	22.9808	1364.35 (7.7278102629998182,)
77 	25   	189.208	143.371	18.4105	521.351 (7.7278102629998182,)
78 	25   	297.573	317.118	18.9173	1450.13 (7.7278102629998182,)
79 	25   	224.846	195.556	16.9246	688.992 (7.7278102629998182,)
80 	25   	235.727	204.517	36.4504	781.382 (7.7278102629998182,)
81 	25   	193.201	185.936	16.803 	689.472 (7.7278102629998182,)
82 	25   	188.225	159.304	16.1473	566.438 (7.7278102629998182,)
83 	25   	129.416	134.255	9.41244	565.805 (7.7278102629998182,)
84 	25   	193.944	152.724	10.4665	554.577 (7.7278102629998182,)
85 	25   	211.122	188.29 	17.0795	675.355 (7.7278102629998182,)
86 	25   	158.128	99.0203	12.3578	413.669 (7.7278102629998182,)
87 	25   	196.477	133.718	22.1313	549.696 (7.7278102629998182,)
88 	25   	206.658	176.04 	13.7003	647.345 (7.7278102629998182,)
89 	25   	133.475	117.065	9.13691	507.054 (7.7278102629998182,)
90 	25   	194.189	148.787	15.4112	562.151 (7.7278102629998182,)
91 	25   	158.472	158.219	12.1985	618.295 (7.7278102629998182,)
92 	25   	225.67 	210.741	12.8105	717.149 (7.7278102629998182,)
93 	25   	259.008	230.644	12.3325	815.602 (7.7278102629998182,)
94 	25   	266.341	244.982	10.1906	922.427 (7.7278102629998182,)
95 	25   	225.916	153.958	28.9127	557.236 (7.7278102629998182,)
96 	25   	256.481	191.404	12.3203	813.313 (7.7278102629998182,)
97 	25   	322.327	261.612	38.1603	919.609 (7.7278102629998182,)
98 	25   	274.486	210.198	18.3611	842.263 (7.7278102629998182,)
99 	25   	267.123	262.49 	22.1386	1347.77 (7.7278102629998182,)
100	25   	253.176	201.943	6.55684	733.131 (6.5568388949672016,)
101	25   	248.4  	204.26 	17.5076	743.923 (6.5568388949672016,)
102	25   	245.183	234.105	9.62687	910.065 (6.5568388949672016,)
103	25   	193.426	191.047	11.2551	947.347 (6.5568388949672016,)
104	25   	202.412	188.815	16.1823	643.746 (6.5568388949672016,)
105	25   	164.188	153.403	13.217 	653.455 (6.5568388949672016,)
106	25   	193.587	140.604	15.4795	468.781 (6.5568388949672016,)
107	25   	177.669	118.184	11.6028	449.812 (6.5568388949672016,)
108	25   	149.434	138.759	19.9078	642.77  (6.5568388949672016,)
109	25   	151.153	148.162	16.191 	563.786 (6.5568388949672016,)
110	25   	252.485	195.533	14.137 	752.472 (6.5568388949672016,)
111	25   	268.019	242.338	14.9337	1002.61 (6.5568388949672016,)
112	25   	245.604	190.563	20.1662	604.652 (6.5568388949672016,)
113	25   	269.598	298.952	10.3537	1364.67 (6.5568388949672016,)
114	25   	210.353	165.975	11.5426	636.119 (6.5568388949672016,)
115	25   	227.954	186.814	26.5184	874.41  (6.5568388949672016,)
116	25   	187.602	245.832	14.9868	1272.12 (6.5568388949672016,)
117	25   	247.538	245.514	8.47304	847.989 (6.5568388949672016,)
118	25   	207.423	201.355	13.9099	795.589 (6.5568388949672016,)
119	25   	221.536	225.488	21.7499	854.068 (6.5568388949672016,)
120	25   	193.962	180.718	8.40114	651.404 (6.5568388949672016,)
121	25   	280.67 	267.999	6.88866	998.502 (6.5568388949672016,)
122	25   	265.116	275.089	13.4956	1418.72 (6.5568388949672016,)
123	25   	236.723	203.864	11.643 	646.904 (6.5568388949672016,)
124	25   	257.837	299.481	19.4718	1519.92 (6.5568388949672016,)
125	25   	251.812	227.46 	24.1307	1094.8  (6.5568388949672016,)
126	25   	189.698	187.396	14.9875	841.887 (6.5568388949672016,)
127	25   	237.772	177.203	16.0178	637.031 (6.5568388949672016,)
128	25   	316.339	244.58 	23.7048	876.009 (6.5568388949672016,)
129	25   	275.943	265.916	21.2637	1326.2  (6.5568388949672016,)
130	25   	297.458	261.996	15.0169	915.578 (6.5568388949672016,)
131	25   	238.722	235.665	19.1585	826.878 (6.5568388949672016,)
132	25   	318.89 	325.724	6.75778	1322.87 (6.5568388949672016,)
133	25   	264.706	176.831	10.4659	602.593 (6.5568388949672016,)
134	25   	254.13 	216.66 	10.7183	811.164 (6.5568388949672016,)
135	25   	233.676	212.457	8.69927	743.744 (6.5568388949672016,)
136	25   	260.797	193.961	12.1362	743.913 (6.5568388949672016,)
137	25   	235.739	143.542	51.4778	599.425 (6.5568388949672016,)
138	25   	210.975	145.937	20.2757	592.384 (6.5568388949672016,)
139	25   	273.873	224.178	20.2072	912.862 (6.5568388949672016,)
140	25   	226.549	163.421	11.3453	625.216 (6.5568388949672016,)
141	25   	222.619	157.855	9.0335 	502.433 (6.5568388949672016,)
142	25   	190.583	144.131	11.6632	485.231 (6.5568388949672016,)
143	25   	187.69 	159.194	25.1381	682.137 (6.5568388949672016,)
144	25   	224.376	138.426	38.36  	440.962 (6.5568388949672016,)
145	25   	154.375	127.199	11.6279	466.634 (6.5568388949672016,)
146	25   	179.573	176.865	14.6467	713.533 (6.5568388949672016,)
147	25   	218.493	185.924	23.6519	787.695 (6.5568388949672016,)
148	25   	214.634	176.42 	26.6471	731.306 (6.5568388949672016,)
149	25   	217.917	167.53 	27.1666	565.194 (6.5568388949672016,)
150	25   	271.684	328.557	26.4504	1318.1  (6.5568388949672016,)
151	25   	259.515	234.443	13.4933	881.343 (6.5568388949672016,)
152	25   	273.718	214.831	10.1739	812     (6.5568388949672016,)
153	25   	232.618	225.859	20.3674	1099.34 (6.5568388949672016,)
154	25   	219.848	211.546	12.5927	898.822 (6.5568388949672016,)
155	25   	181.091	138.922	15.1775	434.837 (6.5568388949672016,)
156	25   	153.981	163.539	12.9144	658.586 (6.5568388949672016,)
157	25   	203.326	243.286	8.50546	1117.47 (6.5568388949672016,)
158	25   	226.495	190.367	18.2404	737.918 (6.5568388949672016,)
159	25   	190.925	176.501	15.7313	775.054 (6.5568388949672016,)
160	25   	204.352	157.388	13.273 	555.032 (6.5568388949672016,)
161	25   	149.255	132.393	11.0354	497.655 (6.5568388949672016,)
162	25   	169.073	149.799	39.9215	769.219 (6.5568388949672016,)
163	25   	233.396	200.795	36.4929	970.775 (6.5568388949672016,)
164	25   	249.831	203.355	9.70063	922.074 (6.5568388949672016,)
165	25   	284.357	272.233	9.5866 	921.116 (6.5568388949672016,)
166	25   	298.712	238.057	12.0536	862.387 (6.5568388949672016,)
167	25   	214.699	231.252	11.3933	967.24  (6.5568388949672016,)
168	25   	273.036	242.209	13.7397	742.07  (6.5568388949672016,)
169	25   	211.131	155.275	8.78391	592.824 (6.5568388949672016,)
170	25   	159.802	134.889	9.03439	548.718 (6.5568388949672016,)
171	25   	178.948	133.279	11.1216	490.851 (6.5568388949672016,)
172	25   	240.592	201.208	24.284 	768.357 (6.5568388949672016,)
173	25   	272.411	225.697	13.0215	844.716 (6.5568388949672016,)
174	25   	261.423	216.535	20.3271	982.832 (6.5568388949672016,)
175	25   	238.429	214.911	46.3997	1071.2  (6.5568388949672016,)
176	25   	178.733	165.027	16.2713	664.643 (6.5568388949672016,)
177	25   	261.105	208.574	11.4738	772.312 (6.5568388949672016,)
178	25   	240.88 	163.654	33.6682	567.632 (6.5568388949672016,)
179	25   	275.08 	306.03 	12.76  	1168.15 (6.5568388949672016,)
180	25   	210.683	182.976	9.37887	654.371 (6.5568388949672016,)
181	25   	242.547	225.807	19.0696	998.308 (6.5568388949672016,)
182	25   	215.659	185.674	8.4747 	577.334 (6.5568388949672016,)
183	25   	287.39 	235.177	13.0919	841.992 (6.5568388949672016,)
184	25   	210.65 	195.91 	7.93978	826.506 (6.5568388949672016,)
185	25   	242.352	228.687	13.6819	895.653 (6.5568388949672016,)
186	25   	279.747	233.401	23.8713	892.149 (6.5568388949672016,)
187	25   	213.778	193.37 	18.7247	681.634 (6.5568388949672016,)
188	25   	223.283	174.154	6.91061	809.633 (6.5568388949672016,)
189	25   	177.428	149.82 	16.7214	466.79  (6.5568388949672016,)
190	25   	185.299	180.596	21.4751	738.601 (6.5568388949672016,)
191	25   	123.621	92.7707	14.2414	364.365 (6.5568388949672016,)
192	25   	224.602	202.4  	14.293 	964.183 (6.5568388949672016,)
193	25   	228.683	166.726	7.07905	586.031 (6.5568388949672016,)
194	25   	224.166	186.329	16.6908	716.031 (6.5568388949672016,)
195	25   	214.901	163.179	14.0112	615.908 (6.5568388949672016,)
196	25   	233.226	193.04 	7.99086	705.506 (6.5568388949672016,)
197	25   	242.636	187.072	18.0489	708.862 (6.5568388949672016,)
198	25   	312.53 	259.143	11.4064	1030.27 (6.5568388949672016,)
199	25   	248.321	179.567	9.57805	696.641 (6.5568388949672016,)
200	25   	163.264	141.06 	22.1372	485.28  (6.5568388949672016,)
201	25   	253.721	196.147	8.83547	761.712 (6.5568388949672016,)
202	25   	267.431	165.322	10.911 	588.689 (6.5568388949672016,)
203	25   	194.194	191.671	8.23491	719.436 (6.5568388949672016,)
204	25   	201.572	193.401	17.5133	676.329 (6.5568388949672016,)
205	25   	272.777	196.473	9.10643	645.373 (6.5568388949672016,)
206	25   	250.802	159.968	15.7473	664.345 (6.5568388949672016,)
207	25   	304.378	259.04 	34.4176	1208.21 (6.5568388949672016,)
208	25   	174.632	147.43 	8.81668	527.545 (6.5568388949672016,)
209	25   	261.936	229.028	9.82799	882.912 (6.5568388949672016,)
210	25   	164.437	121.249	27.6862	445.195 (6.5568388949672016,)
211	25   	235.944	181.077	19.6439	637.259 (6.5568388949672016,)
212	25   	242.473	220.328	18.9229	1000.1  (6.5568388949672016,)
213	25   	229.281	229.605	20.9137	821.63  (6.5568388949672016,)
214	25   	184.433	172.047	14.8233	619.992 (6.5568388949672016,)
215	25   	279.17 	223.145	18.6007	845.763 (6.5568388949672016,)
216	25   	249.078	243.049	22.6394	1166.24 (6.5568388949672016,)
217	25   	266.887	254.374	12.3895	1185.5  (6.5568388949672016,)
218	25   	311.031	252.153	13.8561	954.688 (6.5568388949672016,)
219	25   	256.494	204.891	15.1312	786.65  (6.5568388949672016,)
220	25   	227.469	173.916	22.2312	680.663 (6.5568388949672016,)
221	25   	249.435	175.994	15.1639	807.196 (6.5568388949672016,)
222	25   	252.643	323.58 	6.34385	1315.51 (6.3438496309949883,)
223	25   	189.269	156.666	6.43028	522.878 (6.3438496309949883,)
224	25   	209.37 	210.344	9.42304	829.32  (6.3438496309949883,)
225	25   	325.424	312.616	9.67571	1109.33 (6.3438496309949883,)
226	25   	223.063	242.696	9.945  	1117.36 (6.3438496309949883,)
227	25   	198.029	233.131	9.52575	985.365 (6.3438496309949883,)
228	25   	241.845	204.996	9.93026	694.123 (6.3438496309949883,)
229	25   	189.654	126.623	11.2096	437.671 (6.3438496309949883,)
230	25   	132.732	126.067	18.099 	509.443 (6.3438496309949883,)
231	25   	200.203	186.868	13.1773	780.996 (6.3438496309949883,)
232	25   	156.015	184.087	12.6245	824.24  (6.3438496309949883,)
233	25   	226.836	177.49 	12.7191	661.457 (6.3438496309949883,)
234	25   	188.356	161.611	18.5872	696.054 (6.3438496309949883,)
235	25   	162.214	148.346	16.1642	536.01  (6.3438496309949883,)
236	25   	221.04 	192.341	11.916 	702.132 (6.3438496309949883,)
237	25   	171.774	166.952	14.2539	807.378 (6.3438496309949883,)
238	25   	199.198	160.04 	8.08382	632.514 (6.3438496309949883,)
239	25   	201.614	191.822	6.35317	651.021 (6.3438496309949883,)
240	25   	220.2  	181.636	8.36585	582.854 (6.3438496309949883,)
241	25   	218.768	177.451	11.7931	723.24  (6.3438496309949883,)
242	25   	240.506	223.459	7.68728	965.83  (6.3438496309949883,)
243	25   	174.265	108.263	9.44348	435.914 (6.3438496309949883,)
244	25   	235.335	177.026	5.92433	592.963 (5.9243329891531626,)
245	25   	267.973	173.085	33.4651	640.873 (5.9243329891531626,)
246	25   	274.936	271.848	12.0933	1167.04 (5.9243329891531626,)
247	25   	281.1  	206.698	8.6071 	737.908 (5.9243329891531626,)
248	25   	211.496	165.75 	21.6528	699.855 (5.9243329891531626,)
249	25   	294.198	233.025	21.0439	907.945 (5.9243329891531626,)
250	25   	172.915	110.384	21.4069	462.01  (5.9243329891531626,)
251	25   	193.118	200.265	9.73555	631.986 (5.9243329891531626,)
252	25   	220.097	203.435	10.522 	803.832 (5.9243329891531626,)
253	25   	185.946	157.274	12.0818	611.426 (5.9243329891531626,)
254	25   	246.474	252.936	18.2061	940.868 (5.9243329891531626,)
255	25   	267.028	221.173	13.2051	839.482 (5.9243329891531626,)
256	25   	309.073	332.411	16.3838	1408.43 (5.9243329891531626,)
257	25   	276.209	210.186	30.4691	1003.53 (5.9243329891531626,)
258	25   	313.032	242.955	10.6581	755.891 (5.9243329891531626,)
259	25   	289.327	208.02 	17.7645	739.269 (5.9243329891531626,)
260	25   	183.935	165.937	7.20352	648.559 (5.9243329891531626,)
261	25   	221.275	151.309	17.5911	587.881 (5.9243329891531626,)
262	25   	185.615	127.077	12.6313	430.032 (5.9243329891531626,)
263	25   	165.165	110.686	10.666 	450.332 (5.9243329891531626,)
264	25   	168.223	133.63 	13.1451	465.749 (5.9243329891531626,)
265	25   	142.07 	114.473	8.30924	446.608 (5.9243329891531626,)
266	25   	177.763	128.54 	14.9698	457.743 (5.9243329891531626,)
267	25   	246.761	194.533	18.1029	727.85  (5.9243329891531626,)
268	25   	253.271	199.343	13.6232	715.021 (5.9243329891531626,)
269	25   	209.769	231.926	5.37477	914.598 (5.3747720149423683,)
270	25   	190.197	143.465	8.30943	534.108 (5.3747720149423683,)
271	25   	217.28 	210.209	7.5495 	884.599 (5.3747720149423683,)
272	25   	248.184	191.785	6.29095	728.64  (5.3747720149423683,)
273	25   	221.713	189.974	18.0001	747.031 (5.3747720149423683,)
274	25   	261.957	257.091	37.5491	1264.13 (5.3747720149423683,)
275	25   	192.528	211.132	16.6221	656.218 (5.3747720149423683,)
276	25   	235.723	249.542	16.9873	861.097 (5.3747720149423683,)
277	25   	265.52 	219.196	12.8102	742.879 (5.3747720149423683,)
278	25   	259.311	250.955	22.7157	989.109 (5.3747720149423683,)
279	25   	251.548	183.015	11.7648	658.207 (5.3747720149423683,)
280	25   	245.717	229.362	12.4022	878.759 (5.3747720149423683,)
281	25   	182.521	161.92 	7.55116	644.938 (5.3747720149423683,)
282	25   	202.581	174.201	19.2719	697.374 (5.3747720149423683,)
283	25   	201.214	206.031	11.8156	981.083 (5.3747720149423683,)
284	25   	219.615	193.101	20.3343	672.258 (5.3747720149423683,)
285	25   	234.618	254.833	9.27661	982.58  (5.3747720149423683,)
286	25   	174.241	206.115	11.0286	952.425 (5.3747720149423683,)
287	25   	323.058	340.963	8.56646	1515.75 (5.3747720149423683,)
288	25   	324.422	251.951	33.6094	1049.47 (5.3747720149423683,)
289	25   	243.353	242.594	25.0498	1105.55 (5.3747720149423683,)
290	25   	188.671	164.188	12.0371	612.467 (5.3747720149423683,)
291	25   	224.861	216.845	13.6126	942.014 (5.3747720149423683,)
292	25   	278.135	280.424	10.8279	1213.65 (5.3747720149423683,)
293	25   	221.252	224.055	10.0856	817.066 (5.3747720149423683,)
294	25   	271.824	234.495	7.61137	894.445 (5.3747720149423683,)
295	25   	295.41 	197.126	72.8176	895.229 (5.3747720149423683,)
296	25   	216.435	203.139	29.1557	903.558 (5.3747720149423683,)
297	25   	172.665	151.743	22.0295	675.536 (5.3747720149423683,)
298	25   	196.227	176.094	8.98091	660.454 (5.3747720149423683,)
299	25   	175.491	184.946	14.8991	757.4   (5.3747720149423683,)
300	25   	217.202	225.146	13.6367	974.876 (5.3747720149423683,)
301	25   	195.314	173.04 	18.3214	745.688 (5.3747720149423683,)
302	25   	266.472	196.134	26.4011	641.817 (5.3747720149423683,)
303	25   	217.716	214.077	11.4784	918.029 (5.3747720149423683,)
304	25   	257.15 	206.281	4.1339 	758.311 (4.133900746428405,)
305	25   	239.359	215.323	12.1499	953.74  (4.133900746428405,)
306	25   	285.893	243.095	18.3797	1019.36 (4.133900746428405,)
307	25   	170.206	170.678	4.61418	763.575 (4.133900746428405,)
308	25   	239.831	201.607	10.7173	735.477 (4.133900746428405,)
309	25   	248.836	214.14 	21.3858	1074.93 (4.133900746428405,)
310	25   	238.76 	201.738	24.9645	952.324 (4.133900746428405,)
311	25   	203.779	171.4  	10.0333	625.238 (4.133900746428405,)
312	25   	228.629	179.813	15.9304	796.583 (4.133900746428405,)
313	25   	247.914	279.211	5.96614	1138.64 (4.133900746428405,)
314	25   	264.543	271.247	12.3976	1072.19 (4.133900746428405,)
315	25   	357.881	302.908	44.6287	1104.08 (4.133900746428405,)
316	25   	185.463	136.588	14.1699	529.474 (4.133900746428405,)
317	25   	207.673	287.734	10.0666	1457.06 (4.133900746428405,)
318	25   	292.757	377.693	13.6788	1470.76 (4.133900746428405,)
319	25   	209.787	183.405	19.7456	652.567 (4.133900746428405,)
320	25   	182.608	136.139	14.2625	465.907 (4.133900746428405,)
321	25   	191.461	203.957	6.13054	790.441 (4.133900746428405,)
322	25   	215.82 	144.86 	12.5778	559.704 (4.133900746428405,)
323	25   	212.537	170.533	14.459 	586.613 (4.133900746428405,)
324	25   	239.981	224.027	19.1324	837.094 (4.133900746428405,)
325	25   	206.98 	126.16 	12.776 	406.507 (4.133900746428405,)
326	25   	225.499	206.702	7.2514 	807.323 (4.133900746428405,)
327	25   	200.699	152.59 	7.89257	512.202 (4.133900746428405,)
328	25   	276.642	260.206	10.0573	933.213 (4.133900746428405,)
329	25   	257.714	226.805	16.3866	907.646 (4.133900746428405,)
330	25   	250.31 	224.383	16.2996	853.139 (4.133900746428405,)
331	25   	163.919	174.641	9.83486	772.631 (4.133900746428405,)
332	25   	243.851	230.015	10.2004	991.755 (4.133900746428405,)
333	25   	277.47 	262.23 	14.8447	1174.51 (4.133900746428405,)
334	25   	250.273	223.837	10.8967	848.039 (4.133900746428405,)
335	25   	359.108	417.123	11.2514	1577.68 (4.133900746428405,)
336	25   	289.952	225.377	13.7287	879.815 (4.133900746428405,)
337	25   	221.429	227.387	20.1126	772.711 (4.133900746428405,)
338	25   	284.491	226.508	11.8769	802.574 (4.133900746428405,)
339	25   	245.463	213.832	11.622 	802.877 (4.133900746428405,)
340	25   	216.59 	276.838	11.2822	1347.15 (4.133900746428405,)
341	25   	211.099	214.653	13.3397	911.977 (4.133900746428405,)
342	25   	230.339	290.657	11.4067	1507.45 (4.133900746428405,)
343	25   	225.993	197.431	12.1807	697.212 (4.133900746428405,)
344	25   	166.986	154.366	7.12998	611.311 (4.133900746428405,)
345	25   	212.302	166.618	4.9887 	653.496 (4.133900746428405,)
346	25   	164.897	133.091	5.25405	543.542 (4.133900746428405,)
347	25   	199.555	188.928	7.1117 	695.641 (4.133900746428405,)
348	25   	212.954	171.42 	7.84027	582.747 (4.133900746428405,)
349	25   	336.325	286.08 	10.7524	1164.72 (4.133900746428405,)
350	25   	217.726	185.177	13.9764	630.378 (4.133900746428405,)
351	25   	272.313	231.318	17.325 	1047.17 (4.133900746428405,)
352	25   	227.204	159.195	11.3564	607.982 (4.133900746428405,)
353	25   	214.318	194.061	17.7984	762.456 (4.133900746428405,)
354	25   	240.471	202.49 	11.7853	651.453 (4.133900746428405,)
355	25   	253.996	347.88 	9.21674	1479.1  (4.133900746428405,)
356	25   	220.957	233.34 	7.29204	866.205 (4.133900746428405,)
357	25   	274.81 	249.243	5.62366	1028.35 (4.133900746428405,)
358	25   	288.427	225.105	15.7031	913.348 (4.133900746428405,)
359	25   	181.322	163.387	4.90155	654.438 (4.133900746428405,)
360	25   	279.965	248.038	16.6801	1010.85 (4.133900746428405,)
361	25   	242.418	218.356	7.82302	876.913 (4.133900746428405,)
362	25   	267.884	248.54 	5.67487	789.449 (4.133900746428405,)
363	25   	212.851	211.493	7.51715	872.127 (4.133900746428405,)
364	25   	204.682	251.135	4.88412	1023.23 (4.133900746428405,)
365	25   	192.835	146.197	17.9769	525.231 (4.133900746428405,)
366	25   	200.924	260.86 	7.12467	1091.22 (4.133900746428405,)
367	25   	180.397	175.829	11.7619	658.407 (4.133900746428405,)
368	25   	234.142	277.444	10.6747	990.116 (4.133900746428405,)
369	25   	189.352	144.553	16.3739	565.646 (4.133900746428405,)
370	25   	131.461	118.025	10.7558	494.453 (4.133900746428405,)
371	25   	218.681	254.413	9.78801	1143.65 (4.133900746428405,)
372	25   	305.087	260.848	30.2087	995.247 (4.133900746428405,)
373	25   	286.484	256.749	11.6965	841.934 (4.133900746428405,)
374	25   	274.739	205.913	18.9273	639.078 (4.133900746428405,)
375	25   	263.386	240.351	5.55144	913.53  (4.133900746428405,)
376	25   	184.624	154.697	18.1659	574.5   (4.133900746428405,)
377	25   	238.562	194.028	15.0221	746.845 (4.133900746428405,)
378	25   	269.793	206.064	37.6194	772.658 (4.133900746428405,)
379	25   	348.07 	286.908	15.038 	1146.23 (4.133900746428405,)
380	25   	223.629	175.768	6.56583	797.267 (4.133900746428405,)
381	25   	206.254	169.096	9.37291	707.525 (4.133900746428405,)
382	25   	184.878	157.539	13.5833	587.253 (4.133900746428405,)
383	25   	175.455	180.112	8.53015	706.163 (4.133900746428405,)
384	25   	197.559	190.744	17.1378	720.245 (4.133900746428405,)
385	25   	230.458	212.424	8.19351	889.415 (4.133900746428405,)
386	25   	234.796	196.674	18.9707	835.814 (4.133900746428405,)
387	25   	234.476	208.353	10.5916	938.369 (4.133900746428405,)
388	25   	183.45 	146.37 	29.3693	546.694 (4.133900746428405,)
389	25   	206.817	227.092	6.41356	708.711 (4.133900746428405,)
390	25   	221.452	169.239	5.47767	733.072 (4.133900746428405,)
391	25   	193.99 	186.858	4.89264	686.512 (4.133900746428405,)
392	25   	202.159	166.667	4.51888	575.705 (4.133900746428405,)
393	25   	253.343	196.16 	25.9946	739.455 (4.133900746428405,)
394	25   	260.432	207.05 	7.55676	910.757 (4.133900746428405,)
395	25   	248.885	212.033	16.8325	1007.5  (4.133900746428405,)
396	25   	310.533	289.615	24.7547	1274.75 (4.133900746428405,)
397	25   	278.391	217.146	36.1456	816.03  (4.133900746428405,)
398	25   	174.688	164.136	4.81376	551.654 (4.133900746428405,)
399	25   	225.989	139.079	9.64616	566.48  (4.133900746428405,)
400	25   	219.372	274.911	9.34366	1404.28 (4.133900746428405,)
401	25   	230.082	201.623	5.76732	830.088 (4.133900746428405,)
402	25   	313.592	275.967	24.2682	1293.82 (4.133900746428405,)
403	25   	376.143	381.24 	11.4704	1552.75 (4.133900746428405,)
404	25   	336.17 	303.366	26.9991	1165.69 (4.133900746428405,)
405	25   	233.675	177.871	9.91099	758.781 (4.133900746428405,)
406	25   	211.078	194.06 	10.4163	679.698 (4.133900746428405,)
407	25   	315.079	218.863	18.49  	903.225 (4.133900746428405,)
408	25   	240.315	202.019	3.85944	715.123 (3.8594437729709474,)
409	25   	209.3  	190.446	19.9522	745.704 (3.8594437729709474,)
410	25   	252.63 	233.75 	4.54336	854.916 (3.8594437729709474,)
411	25   	256.416	299.517	22.5669	1496    (3.8594437729709474,)
412	25   	203.943	165.181	9.7551 	648.327 (3.8594437729709474,)
413	25   	205.265	252.117	14.3797	1139.12 (3.8594437729709474,)
414	25   	139.014	147.01 	4.79126	671.654 (3.8594437729709474,)
415	25   	227.407	195.227	14.588 	813.914 (3.8594437729709474,)
416	25   	268.915	188.549	10.5779	798.222 (3.8594437729709474,)
417	25   	217.027	271.904	11.3944	1174.78 (3.8594437729709474,)
418	25   	204.125	214.143	14.1178	764.181 (3.8594437729709474,)
419	25   	242.538	218.842	12.4441	893.89  (3.8594437729709474,)
420	25   	207.285	188.632	18.0067	717.521 (3.8594437729709474,)
421	25   	243.399	176.116	11.5063	684.902 (3.8594437729709474,)
422	25   	199.007	176.801	7.47996	662.202 (3.8594437729709474,)
423	25   	230.928	196.509	14.9453	689.996 (3.8594437729709474,)
424	25   	207.102	236.767	8.89353	858.594 (3.8594437729709474,)
425	25   	240.888	175.13 	16.2583	693.407 (3.8594437729709474,)
426	25   	237.919	221.82 	13.0929	777.143 (3.8594437729709474,)
427	25   	286.252	235.027	9.01067	756.352 (3.8594437729709474,)
428	25   	215.458	196.078	4.00033	860.619 (3.8594437729709474,)
429	25   	255.977	183.436	12.9606	689.664 (3.8594437729709474,)
430	25   	225.571	206.614	6.83241	712.085 (3.8594437729709474,)
431	25   	200.843	200.137	2.92228	759.65  (2.9222844627129883,)
432	25   	233.386	198.86 	5.74551	804.713 (2.9222844627129883,)
433	25   	133.431	120.34 	13.8371	492.053 (2.9222844627129883,)
434	25   	208.234	166.074	4.97811	702.397 (2.9222844627129883,)
435	25   	294.659	210.6  	9.29466	773.166 (2.9222844627129883,)
436	25   	283.612	318.525	7.2404 	1514.12 (2.9222844627129883,)
437	25   	270.707	250.822	19.3444	1061.79 (2.9222844627129883,)
438	25   	259.397	249.059	7.0886 	995.619 (2.9222844627129883,)
439	25   	202.982	210.811	10.6982	889.184 (2.9222844627129883,)
440	25   	177.862	158.262	9.36572	607.223 (2.9222844627129883,)
441	25   	301.726	282.613	14.2751	1067.23 (2.9222844627129883,)
442	25   	291.889	224.638	15.4638	758.68  (2.9222844627129883,)
443	25   	188.855	167.82 	13.7228	586.133 (2.9222844627129883,)
444	25   	213.167	211.573	19.7184	754.272 (2.9222844627129883,)
445	25   	232.858	278.635	5.94579	1294.02 (2.9222844627129883,)
446	25   	243.882	245.322	6.90191	1006.61 (2.9222844627129883,)
447	25   	258.649	268.587	12.7139	957.347 (2.9222844627129883,)
448	25   	221.571	221.689	10.9931	898.552 (2.9222844627129883,)
449	25   	157.639	156.995	8.86256	559.747 (2.9222844627129883,)
450	25   	169.274	139.292	11.3194	495.499 (2.9222844627129883,)
451	25   	222.503	177.605	11.3212	662.462 (2.9222844627129883,)
452	25   	217.233	184.219	19.3176	735.634 (2.9222844627129883,)
453	25   	212.872	216.531	8.4758 	771.392 (2.9222844627129883,)
454	25   	227.937	194.6  	21.197 	916.375 (2.9222844627129883,)
455	25   	202.022	165.688	13.1064	568.063 (2.9222844627129883,)
456	25   	233.089	204.629	4.91687	658.617 (2.9222844627129883,)
457	25   	175.632	151.832	24.8102	607.599 (2.9222844627129883,)
458	25   	251.543	216.431	12.3286	838.963 (2.9222844627129883,)
459	25   	195.674	175.091	8.48068	741.002 (2.9222844627129883,)
460	25   	210.921	165.685	14.3907	566.757 (2.9222844627129883,)
461	25   	204.981	169.336	12.4202	609.198 (2.9222844627129883,)
462	25   	203.223	188.607	3.91344	861.579 (2.9222844627129883,)
463	25   	230.42 	236.293	4.62691	1004.21 (2.9222844627129883,)
464	25   	188.513	208.214	7.21781	750.35  (2.9222844627129883,)
465	25   	256.511	209.86 	19.7473	909.689 (2.9222844627129883,)
466	25   	176.621	175.03 	13.1014	669.197 (2.9222844627129883,)
467	25   	256.532	182.958	40.8489	727.335 (2.9222844627129883,)
468	25   	216.728	213.649	8.21869	771.658 (2.9222844627129883,)
469	25   	226.388	177.139	12.404 	724.759 (2.9222844627129883,)
470	25   	237.305	223.253	6.24294	997.644 (2.9222844627129883,)
471	25   	183.127	160.926	13.4204	612.924 (2.9222844627129883,)
472	25   	225.347	158.009	17.2008	563.762 (2.9222844627129883,)
473	25   	218.214	173.706	9.76337	580.36  (2.9222844627129883,)
474	25   	216.185	191.619	16.8924	650.833 (2.9222844627129883,)
475	25   	247.86 	326.376	21.7322	1413.6  (2.9222844627129883,)
476	25   	165.829	149.739	25.9233	616.733 (2.9222844627129883,)
477	25   	239.793	228.383	14.657 	1073.85 (2.9222844627129883,)
478	25   	253.664	189.715	20.6769	722.733 (2.9222844627129883,)
479	25   	232.811	198.238	7.66694	681.925 (2.9222844627129883,)
480	25   	143.96 	110.129	14.3969	421.622 (2.9222844627129883,)
481	25   	173.367	149.814	3.92573	562.265 (2.9222844627129883,)
482	25   	194.043	139.296	11.0213	552.375 (2.9222844627129883,)
483	25   	242.505	193.288	19.6625	674.376 (2.9222844627129883,)
484	25   	177.444	170.854	15.3411	715.579 (2.9222844627129883,)
485	25   	205.953	180.505	9.76186	619.615 (2.9222844627129883,)
486	25   	266.473	257.714	5.04907	1106.4  (2.9222844627129883,)
487	25   	224.596	172.846	16.5683	632.62  (2.9222844627129883,)
488	25   	184.253	157.395	10.2177	497.283 (2.9222844627129883,)
489	25   	167.747	147.298	12.2227	628.613 (2.9222844627129883,)
490	25   	197.783	162.411	10.4823	605.465 (2.9222844627129883,)
491	25   	221.751	200.723	6.20043	787.239 (2.9222844627129883,)
492	25   	219.681	182.733	13.274 	905.964 (2.9222844627129883,)
493	25   	223.349	162.983	26.4025	656.261 (2.9222844627129883,)
494	25   	288.206	219.537	34.2697	902.166 (2.9222844627129883,)
495	25   	225.901	151.168	9.5744 	553.393 (2.9222844627129883,)
496	25   	202.631	136.898	13.4027	421.883 (2.9222844627129883,)
497	25   	239.1  	187.462	12.2781	763.808 (2.9222844627129883,)
498	25   	237.17 	154.346	5.39729	624.896 (2.9222844627129883,)
499	25   	205.585	179.687	5.17791	571.425 (2.9222844627129883,)
