In file included from /usr/local/lib/python2.7/dist-packages/numpy/core/include/numpy/ndarraytypes.h:1804:0,
                 from /usr/local/lib/python2.7/dist-packages/numpy/core/include/numpy/ndarrayobject.h:17,
                 from /usr/local/lib/python2.7/dist-packages/numpy/core/include/numpy/arrayobject.h:4,
                 from /home/pinojc/.cache/scipy/python27_compiled/sc_9bade30717731f645b30a512f757f0fa932.cpp:22:
/usr/local/lib/python2.7/dist-packages/numpy/core/include/numpy/npy_1_7_deprecated_api.h:15:2: warning: #warning "Using deprecated NumPy API, disable it by " "#defining NPY_NO_DEPRECATED_API NPY_1_7_API_VERSION" [-Wcpp]
 #warning "Using deprecated NumPy API, disable it by " \
  ^
gen	evals	avg    	std    	min    	max    
0  	25   	819.146	334.924	107.232	1423.14 (107.23214715641649,)
1  	25   	393.866	294.577	65.7761	1048.17 (65.77607120173262,)
2  	25   	268.826	222.119	29.8457	840.781 (29.845739834252225,)
3  	25   	280.175	260.309	18.5057	939.267 (18.505713061780035,)
4  	25   	188.005	243.319	15.2153	1069.4  (15.215258152777949,)
5  	25   	274.325	225.942	21.7447	846.855 (15.215258152777949,)
6  	25   	308.005	390.349	16.3342	1503.68 (15.215258152777949,)
7  	25   	290.909	308.019	21.9729	1305.54 (15.215258152777949,)
8  	25   	352.704	358.634	25.3243	1544.05 (15.215258152777949,)
9  	25   	282.454	230.87 	29.6063	881.217 (15.215258152777949,)
10 	25   	239.226	186.677	14.6948	767.149 (14.694803574900273,)
11 	25   	307.637	320.905	26.3999	1242.02 (14.694803574900273,)
12 	25   	316.849	241.958	14.3313	900.554 (14.331300260927645,)
13 	25   	419.801	457.852	18.4446	1641.23 (14.331300260927645,)
14 	25   	379.369	234.562	50.6857	852.385 (14.331300260927645,)
15 	25   	356.69 	366.814	19.0112	1717.1  (14.331300260927645,)
16 	25   	332.86 	323.652	16.6426	1471.04 (14.331300260927645,)
17 	25   	258.969	260.272	20.694 	1194.83 (14.331300260927645,)
18 	25   	343.399	314.813	31.0644	1306.12 (14.331300260927645,)
19 	25   	335.452	347.65 	22.3008	1598.74 (14.331300260927645,)
20 	25   	292.102	245.176	16.192 	910.276 (14.331300260927645,)
21 	25   	420.936	315.992	43.7654	1214.63 (14.331300260927645,)
22 	25   	245.773	176.5  	27.7424	674.564 (14.331300260927645,)
23 	25   	291.742	331.169	17.0485	1281.25 (14.331300260927645,)
24 	25   	234.357	309.59 	20.6772	1601.3  (14.331300260927645,)
25 	25   	230.122	215.774	16.6101	756.99  (14.331300260927645,)
26 	25   	309.284	251.831	22.3369	1013    (14.331300260927645,)
27 	25   	208.586	285.794	23.7255	1414.84 (14.331300260927645,)
28 	25   	317.311	267.26 	25.0832	775.64  (14.331300260927645,)
29 	25   	305.581	234.803	26.003 	973.093 (14.331300260927645,)
30 	25   	288.293	256.021	36.0754	1148.13 (14.331300260927645,)
31 	25   	255.437	281.001	26.5147	1431.52 (14.331300260927645,)
32 	25   	376.424	399.159	10.0322	1481.8  (10.032185833495754,)
33 	25   	397.528	347.551	20.3743	1470.92 (10.032185833495754,)
34 	25   	300.235	225.932	42.9441	983.091 (10.032185833495754,)
35 	25   	417.872	490.409	24.1423	1711.4  (10.032185833495754,)
36 	25   	283.606	213.622	15.8871	702.238 (10.032185833495754,)
37 	25   	350.894	364.491	9.86608	1393.38 (9.8660846599546979,)
38 	25   	263.261	330.06 	17.6796	1676.87 (9.8660846599546979,)
39 	25   	303.355	210.216	17.6221	777.644 (9.8660846599546979,)
40 	25   	346.607	336.918	14.8973	1275.71 (9.8660846599546979,)
41 	25   	350.997	361.874	13.0033	1473.42 (9.8660846599546979,)
42 	25   	370.083	295.794	11.2313	1134.22 (9.8660846599546979,)
43 	25   	261.47 	240.036	28.2069	987.588 (9.8660846599546979,)
44 	25   	317.669	326.62 	22.3867	1533.28 (9.8660846599546979,)
45 	25   	247.143	204.945	15.5803	911.087 (9.8660846599546979,)
46 	25   	324.826	372.989	20.0967	1395.13 (9.8660846599546979,)
47 	25   	303.222	283.628	23.1678	1020.92 (9.8660846599546979,)
48 	25   	325.244	365.187	19.9857	1525.56 (9.8660846599546979,)
49 	25   	390.464	318.69 	14.1694	1542.42 (9.8660846599546979,)
50 	25   	498.86 	528.037	15.8516	1655.11 (9.8660846599546979,)
51 	25   	339.688	299.06 	13.4747	1284.07 (9.8660846599546979,)
52 	25   	295.83 	242.295	26.4843	1030.1  (9.8660846599546979,)
53 	25   	252.232	214.797	17.1142	925.234 (9.8660846599546979,)
54 	25   	302.594	284.376	16.4285	1103.78 (9.8660846599546979,)
55 	25   	251.985	207.936	10.9039	982.528 (9.8660846599546979,)
56 	25   	342.662	326.102	16.0204	1159.39 (9.8660846599546979,)
57 	25   	313.31 	331.246	27.7156	1435.14 (9.8660846599546979,)
58 	25   	322.243	243.562	46.1473	1154.47 (9.8660846599546979,)
59 	25   	338.958	318.071	19.0349	1217.09 (9.8660846599546979,)
60 	25   	202.827	165.117	20.2721	672.684 (9.8660846599546979,)
61 	25   	313.63 	333.817	31.4404	1217.34 (9.8660846599546979,)
62 	25   	177.591	171.718	14.5752	624.195 (9.8660846599546979,)
63 	25   	317.378	276.707	30.7459	920.279 (9.8660846599546979,)
64 	25   	388.122	226.522	42.3096	774.317 (9.8660846599546979,)
65 	25   	331.46 	383.234	22.034 	1775.17 (9.8660846599546979,)
66 	25   	220.265	186.309	23.5577	649.179 (9.8660846599546979,)
67 	25   	265.057	312.927	13.88  	1385.52 (9.8660846599546979,)
68 	25   	275.178	203.67 	19.2712	708.183 (9.8660846599546979,)
69 	25   	360.603	290.36 	20.8961	912.064 (9.8660846599546979,)
70 	25   	241.239	245.812	19.7265	1119.54 (9.8660846599546979,)
71 	25   	226.814	176.007	13.9241	673.034 (9.8660846599546979,)
72 	25   	325.534	310.888	20.1396	1271.07 (9.8660846599546979,)
73 	25   	354.306	353.813	17.709 	1491.51 (9.8660846599546979,)
74 	25   	366.611	381.378	44.8658	1755.28 (9.8660846599546979,)
75 	25   	336.742	286.959	20.5855	1225.16 (9.8660846599546979,)
76 	25   	193.49 	233.636	14.6427	842.105 (9.8660846599546979,)
77 	25   	256.436	211.671	18.1422	794.114 (9.8660846599546979,)
78 	25   	275.991	215.173	29.0401	736.01  (9.8660846599546979,)
79 	25   	266.778	223.004	31.0309	939.36  (9.8660846599546979,)
80 	25   	424.378	372.641	17.8445	1579.41 (9.8660846599546979,)
81 	25   	365.105	306.788	26.7229	1246.9  (9.8660846599546979,)
82 	25   	453.783	496.77 	25.3911	1695.89 (9.8660846599546979,)
83 	25   	331.521	317.405	15.1882	1271.99 (9.8660846599546979,)
84 	25   	254.372	186.575	23.8277	663.636 (9.8660846599546979,)
85 	25   	168.309	155.638	24.9022	736.454 (9.8660846599546979,)
86 	25   	259.168	267.689	12.9421	1028.23 (9.8660846599546979,)
87 	25   	246.585	238.113	22.8782	988.326 (9.8660846599546979,)
88 	25   	216.392	163.02 	17.0506	637.433 (9.8660846599546979,)
89 	25   	261.476	250.96 	10.4286	1236.29 (9.8660846599546979,)
90 	25   	402.497	312.273	18.2203	1389.28 (9.8660846599546979,)
91 	25   	376.663	377.832	12.0706	1754.44 (9.8660846599546979,)
92 	25   	282.481	342.506	22.5923	1260.54 (9.8660846599546979,)
93 	25   	360.364	367.469	23.5743	1724.05 (9.8660846599546979,)
94 	25   	325.726	272.517	18.7076	951.917 (9.8660846599546979,)
95 	25   	347.033	281.716	14.1307	1423.09 (9.8660846599546979,)
96 	25   	377.761	276.02 	13.1416	1004.47 (9.8660846599546979,)
97 	25   	326.693	387.601	12.3263	1728.8  (9.8660846599546979,)
98 	25   	346.765	298.329	13.9174	1557.65 (9.8660846599546979,)
99 	25   	288.783	286.846	22.1661	1287.81 (9.8660846599546979,)
100	25   	389.179	308.445	14.8445	1422.02 (9.8660846599546979,)
101	25   	240.024	224.857	15.6775	746.215 (9.8660846599546979,)
102	25   	290.318	273.501	12.2946	903.655 (9.8660846599546979,)
103	25   	333.677	348.624	16.2396	1687.42 (9.8660846599546979,)
104	25   	341.649	333.764	27.0129	1720.25 (9.8660846599546979,)
105	25   	357.374	313.861	14.5718	1261.42 (9.8660846599546979,)
106	25   	365.187	362.451	23.022 	1669.47 (9.8660846599546979,)
107	25   	318.181	232.314	17.0051	1030.61 (9.8660846599546979,)
108	25   	275.773	264.231	19.276 	1292.68 (9.8660846599546979,)
109	25   	326.728	290.184	27.8381	1200.56 (9.8660846599546979,)
110	25   	264.89 	240.172	10.5679	840.252 (9.8660846599546979,)
111	25   	300.447	348.862	8.92711	1621.64 (8.9271069618681587,)
112	25   	346.581	237.568	16.1276	1038.54 (8.9271069618681587,)
113	25   	283.677	249.96 	29.5836	1047.28 (8.9271069618681587,)
114	25   	445.392	375.669	18.2302	1423.68 (8.9271069618681587,)
115	25   	370.669	260.637	28.2878	819.017 (8.9271069618681587,)
116	25   	332.576	260.306	15.2585	1158.12 (8.9271069618681587,)
117	25   	312.705	342.356	20.3264	1599.24 (8.9271069618681587,)
118	25   	371.829	327.887	26.4361	1344.26 (8.9271069618681587,)
119	25   	299.599	354.199	27.2691	1563    (8.9271069618681587,)
120	25   	362.982	304.355	11.1439	1149.53 (8.9271069618681587,)
121	25   	266.935	207.002	22.0907	894.013 (8.9271069618681587,)
122	25   	218.657	182.553	9.9836 	631.682 (8.9271069618681587,)
123	25   	393.263	314.532	59.4109	1128.85 (8.9271069618681587,)
124	25   	313.526	316.386	21.4353	1387.31 (8.9271069618681587,)
125	25   	265.966	220.447	22.6122	1045.08 (8.9271069618681587,)
126	25   	318.206	291.645	27.2898	1494.52 (8.9271069618681587,)
127	25   	317.972	342.396	18.9363	1432.81 (8.9271069618681587,)
128	25   	326.504	270.842	22.12  	892.888 (8.9271069618681587,)
129	25   	395.609	455.511	31.7469	1651.52 (8.9271069618681587,)
130	25   	304.362	241.699	12.0976	1123.79 (8.9271069618681587,)
131	25   	248.186	286.445	14.3143	1367.83 (8.9271069618681587,)
132	25   	269.25 	268.449	14.3292	1030.25 (8.9271069618681587,)
133	25   	220.921	146.417	21.379 	534.709 (8.9271069618681587,)
134	25   	236.861	235.708	13.3647	1070.45 (8.9271069618681587,)
135	25   	293.907	366.619	13.4426	1684.25 (8.9271069618681587,)
136	25   	253.149	205.519	18.0879	724.532 (8.9271069618681587,)
137	25   	487.374	323.054	69.0948	1357.04 (8.9271069618681587,)
138	25   	366.154	346.21 	15.1553	1269.53 (8.9271069618681587,)
139	25   	389.368	388.87 	41.5157	1570.57 (8.9271069618681587,)
140	25   	406.197	388.532	21.457 	1632.83 (8.9271069618681587,)
141	25   	334.324	352.965	25.2581	1466.93 (8.9271069618681587,)
142	25   	273.261	222.5  	24.7914	760.578 (8.9271069618681587,)
143	25   	295.556	338.824	20.0585	1742.22 (8.9271069618681587,)
144	25   	340.675	239.042	28.3999	786.047 (8.9271069618681587,)
145	25   	322.119	365.274	12.9441	1721.39 (8.9271069618681587,)
146	25   	289.046	226.559	12.8629	709.269 (8.9271069618681587,)
147	25   	269.906	232.719	25.8326	1006.09 (8.9271069618681587,)
148	25   	327.117	347.259	12.1355	1549.6  (8.9271069618681587,)
149	25   	330.309	392.966	12.1363	1632.6  (8.9271069618681587,)
150	25   	385.878	362.156	13.0206	1676.19 (8.9271069618681587,)
151	25   	358.828	248.67 	24.4611	1234.4  (8.9271069618681587,)
152	25   	308.385	259.951	19.4117	970.313 (8.9271069618681587,)
153	25   	339.141	314.247	30.0753	1449.27 (8.9271069618681587,)
154	25   	324.571	332.002	23.0799	1178.87 (8.9271069618681587,)
155	25   	298.527	265.956	23.6909	1349.93 (8.9271069618681587,)
156	25   	346.338	264.683	29.8375	1117.96 (8.9271069618681587,)
157	25   	355.608	279.195	24.9484	1200.5  (8.9271069618681587,)
158	25   	392.481	343.283	34.6651	1579.62 (8.9271069618681587,)
159	25   	387.1  	451.676	13.745 	1775.85 (8.9271069618681587,)
160	25   	275.334	211.238	20.6897	747.571 (8.9271069618681587,)
161	25   	300.177	271.921	20.8023	1176.08 (8.9271069618681587,)
162	25   	255.837	336.344	10.0661	1571.04 (8.9271069618681587,)
163	25   	341.357	239.69 	20.4392	768.563 (8.9271069618681587,)
164	25   	295.998	274.984	14.0985	1114.78 (8.9271069618681587,)
165	25   	432.126	424.259	12.1558	1672.81 (8.9271069618681587,)
166	25   	389.764	365.486	26.4511	1543.91 (8.9271069618681587,)
167	25   	262.375	212.704	19.1049	709.047 (8.9271069618681587,)
168	25   	371.546	394.105	17.608 	1640.81 (8.9271069618681587,)
169	25   	249.579	205.843	26.8086	1025.9  (8.9271069618681587,)
170	25   	263.881	229.499	23.6165	698.963 (8.9271069618681587,)
171	25   	316.65 	257.888	14.7622	1003.13 (8.9271069618681587,)
172	25   	288.041	268.759	20.7024	1267.25 (8.9271069618681587,)
173	25   	340.069	239.375	42.4382	773.238 (8.9271069618681587,)
174	25   	330.702	296.111	28.2696	1234.63 (8.9271069618681587,)
175	25   	262.437	195.877	35.7358	797.545 (8.9271069618681587,)
176	25   	309.953	256.491	15.9946	1055.37 (8.9271069618681587,)
177	25   	388.759	469.981	8.77371	1628.93 (8.7737052114493643,)
178	25   	300.108	202.242	34.0709	799.552 (8.7737052114493643,)
179	25   	485.671	484.288	23.3089	1761.34 (8.7737052114493643,)
180	25   	322.806	278.412	17.5051	1391.93 (8.7737052114493643,)
181	25   	224.826	144.536	22.9895	516.127 (8.7737052114493643,)
182	25   	319.822	266.151	23.8119	1057.48 (8.7737052114493643,)
183	25   	321.744	265.154	51.6467	1156.35 (8.7737052114493643,)
184	25   	371.358	271.998	24.1033	1175.41 (8.7737052114493643,)
185	25   	301.683	253.76 	24.3733	890.8   (8.7737052114493643,)
186	25   	293.531	327.32 	16.147 	1572.4  (8.7737052114493643,)
187	25   	310.286	300.626	22.8754	1409.05 (8.7737052114493643,)
188	25   	257.61 	265.797	11.4555	1172.97 (8.7737052114493643,)
189	25   	298.038	308.612	12.9036	1303.04 (8.7737052114493643,)
190	25   	177.093	146.649	9.60081	435.534 (8.7737052114493643,)
191	25   	276.588	273.055	16.0581	1302.95 (8.7737052114493643,)
192	25   	307.615	262.143	18.8819	1185.57 (8.7737052114493643,)
193	25   	436.734	387.709	12.057 	1600.27 (8.7737052114493643,)
194	25   	313.577	346.394	14.3009	1182.23 (8.7737052114493643,)
195	25   	318.221	344.689	14.9445	1275.67 (8.7737052114493643,)
196	25   	233.029	194.938	20.5935	689.86  (8.7737052114493643,)
197	25   	261.21 	223.755	14.6046	998.906 (8.7737052114493643,)
198	25   	283.038	211.865	10.2033	818.186 (8.7737052114493643,)
199	25   	295.11 	307.528	17.4921	1264.88 (8.7737052114493643,)
200	25   	333.939	357.382	15.929 	1315.31 (8.7737052114493643,)
201	25   	396.709	347.884	20.7278	1481.99 (8.7737052114493643,)
202	25   	316.555	258.083	28.1095	1032.2  (8.7737052114493643,)
203	25   	326.537	360.068	14.3398	1516.24 (8.7737052114493643,)
204	25   	267.779	202.304	10.9124	706.442 (8.7737052114493643,)
205	25   	295.42 	303.589	12.9075	1328.84 (8.7737052114493643,)
206	25   	386.465	273.658	20.2167	1077.17 (8.7737052114493643,)
207	25   	330.935	362.705	8.70609	1683.88 (8.7060855708963842,)
208	25   	389.359	383.508	21.4123	1585.61 (8.7060855708963842,)
209	25   	362.189	277.855	26.7561	1020.2  (8.7060855708963842,)
210	25   	360.927	273.016	24.9428	945.526 (8.7060855708963842,)
211	25   	382.342	290.52 	20.4621	1079.22 (8.7060855708963842,)
212	25   	397.783	388.493	18.9463	1319.26 (8.7060855708963842,)
213	25   	333.952	348.115	9.94889	1429.51 (8.7060855708963842,)
214	25   	318.292	201.721	18.407 	850.335 (8.7060855708963842,)
215	25   	439.099	345.822	37.4328	1513.78 (8.7060855708963842,)
216	25   	359.168	343.744	19.3241	1576.54 (8.7060855708963842,)
217	25   	473.511	509.448	15.5546	1561.58 (8.7060855708963842,)
218	25   	339.815	360.197	15.5042	1344.6  (8.7060855708963842,)
219	25   	229.83 	222.233	9.60487	939.869 (8.7060855708963842,)
220	25   	277.36 	307.931	15.2451	1369.01 (8.7060855708963842,)
221	25   	294.237	327.235	11.4335	1061.36 (8.7060855708963842,)
222	25   	273.16 	259.5  	18.0204	956.012 (8.7060855708963842,)
223	25   	323.948	239.698	13.7614	876.166 (8.7060855708963842,)
224	25   	311.474	347.631	14.4928	1299.79 (8.7060855708963842,)
225	25   	319.782	250.599	12.2447	794.377 (8.7060855708963842,)
226	25   	335.995	363.251	16.5252	1486.39 (8.7060855708963842,)
227	25   	220.872	267.538	18.4791	1199.79 (8.7060855708963842,)
228	25   	256.759	164.379	20.9669	562.143 (8.7060855708963842,)
229	25   	364.899	462.473	14.7582	1700.1  (8.7060855708963842,)
230	25   	222.295	172.196	14.9748	573.504 (8.7060855708963842,)
231	25   	331.678	330.952	13.7435	1153.91 (8.7060855708963842,)
232	25   	341.815	348.495	13.6439	1540.99 (8.7060855708963842,)
233	25   	345.019	409.498	14.8972	1645.28 (8.7060855708963842,)
234	25   	266.642	206.879	7.91849	755.027 (7.9184947911382135,)
235	25   	293.583	241.713	18.8041	805.53  (7.9184947911382135,)
236	25   	256.99 	235.325	15.0514	1039.32 (7.9184947911382135,)
237	25   	290.528	253.317	28.1424	884.669 (7.9184947911382135,)
238	25   	337.094	304.426	21.2606	1348.36 (7.9184947911382135,)
239	25   	313.803	252.592	7.47288	1034.53 (7.4728750284486196,)
240	25   	232.232	201.033	10.5097	859.991 (7.4728750284486196,)
241	25   	326.196	265.09 	19.4701	1253.38 (7.4728750284486196,)
242	25   	271.192	228.342	25.3575	1043.02 (7.4728750284486196,)
243	25   	299.03 	342.656	11.052 	1516.83 (7.4728750284486196,)
244	25   	350.766	251.448	16.7327	924.254 (7.4728750284486196,)
245	25   	505.932	375.221	33.9599	1707.64 (7.4728750284486196,)
246	25   	301.036	271.967	18.1671	1167.17 (7.4728750284486196,)
247	25   	308.766	297.27 	10.2042	1040.6  (7.4728750284486196,)
248	25   	307.273	320.818	12.6193	1404.16 (7.4728750284486196,)
249	25   	351.994	337.305	16.0915	1368.25 (7.4728750284486196,)
250	25   	308.225	256.799	14.1223	887.203 (7.4728750284486196,)
251	25   	358.243	349.804	17.777 	1424.81 (7.4728750284486196,)
252	25   	307.822	233.977	23.8504	934.732 (7.4728750284486196,)
253	25   	358.007	293.009	19.713 	1450.64 (7.4728750284486196,)
254	25   	315.145	265.113	38.651 	1055.66 (7.4728750284486196,)
255	25   	331.599	238.331	21.5429	900.178 (7.4728750284486196,)
256	25   	234.679	275.096	11.5715	1086.62 (7.4728750284486196,)
257	25   	259.833	312.581	16.2853	1506.41 (7.4728750284486196,)
258	25   	303.361	277.759	15.8452	1205.08 (7.4728750284486196,)
259	25   	302.068	295.795	19.1311	1435.68 (7.4728750284486196,)
260	25   	327.609	237.491	18.4714	786.89  (7.4728750284486196,)
261	25   	321.055	259.688	24.5561	1222.67 (7.4728750284486196,)
262	25   	320.701	240.645	13.1757	882.912 (7.4728750284486196,)
263	25   	373.309	250.114	37.0301	821.565 (7.4728750284486196,)
264	25   	425.293	417.999	12.3412	1452.19 (7.4728750284486196,)
265	25   	358.608	279.033	8.71408	1424.95 (7.4728750284486196,)
266	25   	248.744	200.58 	21.8761	792.704 (7.4728750284486196,)
267	25   	227.043	217.497	7.04301	841.484 (7.0430051797057454,)
268	25   	252.359	307.347	16.6786	1347.11 (7.0430051797057454,)
269	25   	294.803	296.604	20.2933	1433.74 (7.0430051797057454,)
270	25   	222.382	207.679	15.6486	670.103 (7.0430051797057454,)
271	25   	332.131	353.255	12.7965	1640.67 (7.0430051797057454,)
272	25   	334.123	303.817	18.1758	1190.4  (7.0430051797057454,)
273	25   	290.975	281.2  	14.2111	1241.28 (7.0430051797057454,)
274	25   	213.228	204.137	16.5174	1007.44 (7.0430051797057454,)
275	25   	220.607	168.356	14.3147	614.507 (7.0430051797057454,)
276	25   	361.58 	335.347	37.6723	1340.32 (7.0430051797057454,)
277	25   	396.879	352.452	17.1537	1530.61 (7.0430051797057454,)
278	25   	335.666	319.374	15.7028	1423.5  (7.0430051797057454,)
279	25   	231.063	158.086	16.9053	600.89  (7.0430051797057454,)
280	25   	380.881	360.124	24.3104	1210.58 (7.0430051797057454,)
281	25   	167.087	160.899	14.2804	655.002 (7.0430051797057454,)
282	25   	303.588	313.982	37.89  	1426.94 (7.0430051797057454,)
283	25   	273.988	340.52 	14.2709	1582.07 (7.0430051797057454,)
284	25   	342.138	313.214	28.9683	1358.66 (7.0430051797057454,)
285	25   	334.092	307.382	17.9473	1113.5  (7.0430051797057454,)
286	25   	366.237	370.352	19.0306	1562.37 (7.0430051797057454,)
287	25   	376.684	270.308	34.9875	1130.65 (7.0430051797057454,)
288	25   	368.333	312.719	15.0743	1126.8  (7.0430051797057454,)
289	25   	217.497	186.396	11.2815	709.938 (7.0430051797057454,)
290	25   	318.516	342.573	16.0242	1175.53 (7.0430051797057454,)
291	25   	288.828	301.074	17.9979	1267.87 (7.0430051797057454,)
292	25   	372.31 	362.06 	14.8309	1472.84 (7.0430051797057454,)
293	25   	280.882	228.009	15.241 	690.91  (7.0430051797057454,)
294	25   	274.663	265.986	24.3877	1121.84 (7.0430051797057454,)
295	25   	383.122	404.123	24.5133	1713.09 (7.0430051797057454,)
296	25   	416.782	401.043	11.5673	1646.76 (7.0430051797057454,)
297	25   	254.674	158.036	39.6974	665.148 (7.0430051797057454,)
298	25   	327.839	335.569	16.3273	1654.41 (7.0430051797057454,)
299	25   	396.684	310.897	10.118 	1053.96 (7.0430051797057454,)
300	25   	361.44 	291.024	31.2036	956.882 (7.0430051797057454,)
301	25   	262.859	367.904	21.543 	1632.25 (7.0430051797057454,)
302	25   	340.333	252.161	10.4987	924.314 (7.0430051797057454,)
303	25   	399.475	266.857	22.4226	980.833 (7.0430051797057454,)
304	25   	401.034	375.073	60.4945	1627.87 (7.0430051797057454,)
305	25   	410.003	336.13 	31.5732	1282.37 (7.0430051797057454,)
306	25   	335.652	236.481	11.2939	1002.46 (7.0430051797057454,)
307	25   	378.581	335.412	14.3157	1483.88 (7.0430051797057454,)
308	25   	387.328	289.366	59.7566	1288.96 (7.0430051797057454,)
309	25   	363.451	309.596	19.8992	1119.63 (7.0430051797057454,)
310	25   	227.976	176.033	29.7471	695.534 (7.0430051797057454,)
311	25   	353.858	331.452	23.8395	1352.67 (7.0430051797057454,)
312	25   	371.025	360.724	12.6343	1341.04 (7.0430051797057454,)
313	25   	401.327	373.709	43.4375	1640.61 (7.0430051797057454,)
314	25   	255.232	208.262	21.4042	692.794 (7.0430051797057454,)
315	25   	433.349	449.305	20.8272	1586.75 (7.0430051797057454,)
316	25   	391.774	361.289	35.6231	1499.28 (7.0430051797057454,)
317	25   	349.188	300.893	15.418 	1241.47 (7.0430051797057454,)
318	25   	279.513	199.339	26.4481	849.584 (7.0430051797057454,)
319	25   	252.346	235.609	20.0025	1109.01 (7.0430051797057454,)
320	25   	257.252	240.873	10.8607	766.219 (7.0430051797057454,)
321	25   	362.56 	335.018	18.4113	1020.12 (7.0430051797057454,)
322	25   	340.517	310.041	12.5604	1194.11 (7.0430051797057454,)
323	25   	324.231	319.959	17.7763	1646.28 (7.0430051797057454,)
324	25   	235.327	218.008	11.626 	846.489 (7.0430051797057454,)
325	25   	298.473	304.107	10.2541	1265.07 (7.0430051797057454,)
326	25   	291.146	300.712	15.2895	1432.09 (7.0430051797057454,)
327	25   	341.514	339.2  	7.24166	1219.67 (7.0430051797057454,)
328	25   	307.363	296.355	15.0117	1107.92 (7.0430051797057454,)
329	25   	323.805	333.658	9.51297	1481.55 (7.0430051797057454,)
330	25   	316.934	294.665	25.3048	1318.48 (7.0430051797057454,)
331	25   	196.897	155.465	21.0325	634.223 (7.0430051797057454,)
332	25   	236.191	316.521	11.959 	1447.96 (7.0430051797057454,)
333	25   	284.752	203.05 	34.7651	837.732 (7.0430051797057454,)
334	25   	260.728	241.259	21.4851	889.257 (7.0430051797057454,)
335	25   	338.776	272.108	26.168 	1029.92 (7.0430051797057454,)
336	25   	358.942	385.756	11.6873	1802.15 (7.0430051797057454,)
337	25   	400.199	296.708	33.1771	1373.01 (7.0430051797057454,)
338	25   	289.224	324.434	26.8991	1552.28 (7.0430051797057454,)
339	25   	288.916	222.073	27.5354	774.467 (7.0430051797057454,)
340	25   	395.133	330.049	22.3989	1339.45 (7.0430051797057454,)
341	25   	399.62 	373.045	20.6125	1660.74 (7.0430051797057454,)
342	25   	394.263	352.793	17.1546	1478.67 (7.0430051797057454,)
343	25   	274.873	210.156	22.3087	814.797 (7.0430051797057454,)
344	25   	242.833	226.414	22.2548	917.392 (7.0430051797057454,)
345	25   	212.767	197.508	13.9181	967.793 (7.0430051797057454,)
346	25   	340.707	352.432	15.7014	1465.54 (7.0430051797057454,)
347	25   	240.743	186.826	18.9258	783.77  (7.0430051797057454,)
348	25   	351.12 	240.847	15.459 	837.165 (7.0430051797057454,)
349	25   	325.609	258.16 	51.0228	1015.74 (7.0430051797057454,)
350	25   	301.014	284.328	9.47234	1161.63 (7.0430051797057454,)
351	25   	250.052	214.502	19.7946	851.607 (7.0430051797057454,)
352	25   	310.583	310.356	20.8594	963.247 (7.0430051797057454,)
353	25   	386.269	376.047	13.9403	1445.3  (7.0430051797057454,)
354	25   	273.317	195.347	24.611 	807.268 (7.0430051797057454,)
355	25   	291.15 	370.348	19.693 	1670.76 (7.0430051797057454,)
356	25   	178.241	144.168	9.50265	547.922 (7.0430051797057454,)
357	25   	243.071	283.722	18.6021	1266.56 (7.0430051797057454,)
358	25   	228.82 	175.097	14.1121	605.388 (7.0430051797057454,)
359	25   	440.592	488.563	34.3293	1724.25 (7.0430051797057454,)
360	25   	283.691	217.426	9.97404	731.891 (7.0430051797057454,)
361	25   	325.434	210.078	16.7792	965.09  (7.0430051797057454,)
362	25   	273.88 	258.542	20.5984	1311.28 (7.0430051797057454,)
363	25   	333.886	246.82 	35.5364	1070.53 (7.0430051797057454,)
364	25   	333.23 	213.805	15.792 	736.263 (7.0430051797057454,)
365	25   	289.447	239.092	35.0384	1064.94 (7.0430051797057454,)
366	25   	329.483	384.32 	18.7512	1542.52 (7.0430051797057454,)
367	25   	312.788	223.794	17.006 	835.688 (7.0430051797057454,)
368	25   	303.573	218.519	32.1133	727.133 (7.0430051797057454,)
369	25   	224.48 	143.839	46.9567	694.157 (7.0430051797057454,)
370	25   	261.486	251.231	11.0141	1116.91 (7.0430051797057454,)
371	25   	288.231	306.34 	20.8168	1416.42 (7.0430051797057454,)
372	25   	312.181	344.526	13.0094	1145.14 (7.0430051797057454,)
373	25   	308.572	235.98 	30.4548	928.283 (7.0430051797057454,)
374	25   	334.595	258.843	20.5416	1007.15 (7.0430051797057454,)
375	25   	361.796	314.357	11.1568	1269.06 (7.0430051797057454,)
376	25   	457.057	362.84 	34.5753	1368.16 (7.0430051797057454,)
377	25   	312.544	260.538	14.8541	1102.88 (7.0430051797057454,)
378	25   	345.786	326.967	14.0822	1589.52 (7.0430051797057454,)
379	25   	288.469	217.875	12.1159	898.067 (7.0430051797057454,)
380	25   	362.157	397.952	20.5335	1577.43 (7.0430051797057454,)
381	25   	337.568	262.774	35.0878	874.252 (7.0430051797057454,)
382	25   	460.511	340.707	41.913 	1604.18 (7.0430051797057454,)
383	25   	204.056	150.776	14.4223	657.064 (7.0430051797057454,)
384	25   	386.82 	358.148	14.9998	1310.56 (7.0430051797057454,)
385	25   	394.573	284.227	23.3945	1295.88 (7.0430051797057454,)
386	25   	376.759	415.889	24.2032	1672.06 (7.0430051797057454,)
387	25   	362.74 	321.827	13.8648	1379.99 (7.0430051797057454,)
388	25   	315.851	284.979	9.08385	926.666 (7.0430051797057454,)
389	25   	314.573	386.552	18.8506	1844.44 (7.0430051797057454,)
390	25   	258.454	193.776	26.6987	1042.92 (7.0430051797057454,)
391	25   	274.141	221.504	16.8345	795.596 (7.0430051797057454,)
392	25   	354.999	283.529	52.5005	1333.72 (7.0430051797057454,)
393	25   	345.062	252.499	23.2292	984.206 (7.0430051797057454,)
394	25   	286.437	295.538	29.0666	1287.61 (7.0430051797057454,)
395	25   	382.459	377.452	39.8969	1497.18 (7.0430051797057454,)
396	25   	284.277	254.668	11.3269	886.756 (7.0430051797057454,)
397	25   	232.585	204.663	14.1073	720.945 (7.0430051797057454,)
398	25   	284.064	201.143	30.7469	813.614 (7.0430051797057454,)
399	25   	332.666	225.774	44.672 	867.801 (7.0430051797057454,)
400	25   	350.112	319.473	25.7195	1247.96 (7.0430051797057454,)
401	25   	328.084	339.427	21.6587	1668    (7.0430051797057454,)
402	25   	269.038	258.611	11.0624	769.28  (7.0430051797057454,)
403	25   	293.781	246.928	21.3383	1085.5  (7.0430051797057454,)
404	25   	292.026	279.277	12.6248	1174.32 (7.0430051797057454,)
405	25   	208.232	174.781	21.0043	614.788 (7.0430051797057454,)
406	25   	217.007	172.746	22.3808	642.353 (7.0430051797057454,)
407	25   	306    	199.53 	23.303 	721.924 (7.0430051797057454,)
408	25   	263.04 	196.919	7.54885	768.198 (7.0430051797057454,)
409	25   	220.515	205.178	20.908 	780.83  (7.0430051797057454,)
410	25   	485.076	466.72 	25.7158	1579.94 (7.0430051797057454,)
411	25   	298.061	272.242	17.615 	1118.39 (7.0430051797057454,)
412	25   	304.722	228.899	73.0376	1136.28 (7.0430051797057454,)
413	25   	362.848	175.101	17.3669	651.172 (7.0430051797057454,)
414	25   	389.781	365.51 	19.4715	1561.15 (7.0430051797057454,)
415	25   	345    	353.589	27.1189	1360.86 (7.0430051797057454,)
416	25   	337.732	290.149	15.2073	933.046 (7.0430051797057454,)
417	25   	282.675	323.068	13.1873	1486.28 (7.0430051797057454,)
418	25   	261.542	213.578	18.4101	773.218 (7.0430051797057454,)
419	25   	297.272	301.197	20.7762	1033.74 (7.0430051797057454,)
420	25   	215.513	180.913	14.6411	604.178 (7.0430051797057454,)
421	25   	337.969	262.543	5.80272	1206.11 (5.8027210119842323,)
422	25   	358.077	318.485	6.33966	1354.91 (5.8027210119842323,)
423	25   	391.456	297.013	23.5749	982.097 (5.8027210119842323,)
424	25   	261.107	265.637	15.7321	992.397 (5.8027210119842323,)
425	25   	258.856	227.394	16.0743	883.401 (5.8027210119842323,)
426	25   	331.024	289.706	14.1553	984.828 (5.8027210119842323,)
427	25   	326.342	308.203	7.8552 	1225.96 (5.8027210119842323,)
428	25   	437.261	422.904	17.2341	1769.45 (5.8027210119842323,)
429	25   	492.804	420.291	15.8426	1701.96 (5.8027210119842323,)
430	25   	479.579	470.769	20.6395	1552.15 (5.8027210119842323,)
431	25   	292.439	252.685	9.7778 	889.616 (5.8027210119842323,)
432	25   	247.992	215.979	10.7872	795.584 (5.8027210119842323,)
433	25   	380.092	422.533	58.3579	1643.23 (5.8027210119842323,)
434	25   	372.475	316.465	14.8275	1347.59 (5.8027210119842323,)
435	25   	522.758	440.011	20.6438	1760.46 (5.8027210119842323,)
436	25   	390.417	387.91 	22.6879	1403.72 (5.8027210119842323,)
437	25   	351.244	270.902	40.6397	1160.05 (5.8027210119842323,)
438	25   	280.7  	200.778	20.727 	726.341 (5.8027210119842323,)
439	25   	194.126	178.878	18.9214	744.931 (5.8027210119842323,)
440	25   	318.193	299.259	11.1374	1313.43 (5.8027210119842323,)
441	25   	246.665	275.456	14.4787	1205.64 (5.8027210119842323,)
442	25   	268.06 	248.509	8.94827	778.821 (5.8027210119842323,)
443	25   	367.974	317.12 	10.9651	1213.26 (5.8027210119842323,)
444	25   	263.716	200.472	17.5461	680.562 (5.8027210119842323,)
445	25   	247.102	187.214	13.814 	527.482 (5.8027210119842323,)
446	25   	433.508	411.902	13.2794	1594.04 (5.8027210119842323,)
447	25   	319.924	247.472	15.322 	1070.72 (5.8027210119842323,)
448	25   	329.965	323.739	15.0567	1638.23 (5.8027210119842323,)
449	25   	306.801	256.448	16.044 	877.646 (5.8027210119842323,)
450	25   	321.199	336.647	29.4201	1264.79 (5.8027210119842323,)
451	25   	379.081	259.697	46.6282	1021.24 (5.8027210119842323,)
452	25   	446.698	474.745	11.1863	1716.64 (5.8027210119842323,)
453	25   	376.919	287.119	16.8917	1125.31 (5.8027210119842323,)
454	25   	446.446	466.755	11.4983	1678.88 (5.8027210119842323,)
455	25   	421.121	328.942	25.2432	1664.78 (5.8027210119842323,)
456	25   	412.075	315.092	38.8451	1195.74 (5.8027210119842323,)
457	25   	281.797	329.619	13.2353	1628.86 (5.8027210119842323,)
458	25   	446.019	290.721	12.1852	1134.47 (5.8027210119842323,)
459	25   	366.612	248.628	13.639 	933.11  (5.8027210119842323,)
460	25   	438.282	344.138	19.9143	1623.59 (5.8027210119842323,)
461	25   	468.804	469.943	7.7356 	1662.99 (5.8027210119842323,)
462	25   	299.055	221.464	34.961 	773.213 (5.8027210119842323,)
463	25   	385.167	360.27 	24.5845	1833.86 (5.8027210119842323,)
464	25   	252.877	244.596	11.457 	1017.23 (5.8027210119842323,)
465	25   	300.08 	312.948	10.3592	1190.81 (5.8027210119842323,)
466	25   	242.374	216.43 	15.2218	842.286 (5.8027210119842323,)
467	25   	339.456	365.657	23.2168	1630.34 (5.8027210119842323,)
468	25   	394.224	371.715	25.9815	1741.34 (5.8027210119842323,)
469	25   	368.629	305.208	26.3805	1212.98 (5.8027210119842323,)
470	25   	291.234	269.903	8.79753	978.556 (5.8027210119842323,)
471	25   	304.248	283.666	43.4844	1394.59 (5.8027210119842323,)
472	25   	362.247	330.242	24.4561	1313.18 (5.8027210119842323,)
473	25   	364.057	376.841	20.0199	1521.4  (5.8027210119842323,)
474	25   	299.389	342.483	31.7806	1644.43 (5.8027210119842323,)
475	25   	352.228	200.994	68.4846	847.193 (5.8027210119842323,)
476	25   	353.493	275.063	22.7379	1040.6  (5.8027210119842323,)
477	25   	337.274	320.024	12.9208	1525.24 (5.8027210119842323,)
478	25   	272.796	220.876	10.9207	761.357 (5.8027210119842323,)
479	25   	237.314	167.767	15.8562	601.929 (5.8027210119842323,)
480	25   	359.755	392.808	13.131 	1599.97 (5.8027210119842323,)
481	25   	385.073	349.705	6.30517	1430.6  (5.8027210119842323,)
482	25   	418.141	370.973	13.9307	1143.53 (5.8027210119842323,)
483	25   	382.849	383.307	11.9823	1470.73 (5.8027210119842323,)
484	25   	271.929	230.287	8.39149	805.87  (5.8027210119842323,)
485	25   	325.023	381.344	7.83372	1647.78 (5.8027210119842323,)
486	25   	296.407	220.851	32.2316	820.854 (5.8027210119842323,)
487	25   	337.381	363.973	17.5622	1519.79 (5.8027210119842323,)
488	25   	298.694	305.995	20.8794	1157.8  (5.8027210119842323,)
489	25   	306.065	242.6  	15.2998	1021.98 (5.8027210119842323,)
490	25   	321.757	336.033	9.26069	1354.47 (5.8027210119842323,)
491	25   	224.727	227.348	20.7417	904.448 (5.8027210119842323,)
492	25   	283.821	166.64 	28.9909	576.892 (5.8027210119842323,)
493	25   	389.567	378.247	20.2062	1626.4  (5.8027210119842323,)
494	25   	305.93 	335.689	17.6944	1626.48 (5.8027210119842323,)
495	25   	267.659	188.619	22.2795	613.715 (5.8027210119842323,)
496	25   	397.711	434.525	16.4548	1702.28 (5.8027210119842323,)
497	25   	355.194	322.926	25.1921	1288.3  (5.8027210119842323,)
498	25   	386.414	294.745	12.9822	996.627 (5.8027210119842323,)
499	25   	397.248	410.755	7.91267	1417.06 (5.8027210119842323,)
