In file included from /usr/local/lib/python2.7/dist-packages/numpy/core/include/numpy/ndarraytypes.h:1804:0,
                 from /usr/local/lib/python2.7/dist-packages/numpy/core/include/numpy/ndarrayobject.h:17,
                 from /usr/local/lib/python2.7/dist-packages/numpy/core/include/numpy/arrayobject.h:4,
                 from /home/pinojc/.cache/scipy/python27_compiled/sc_9bade30717731f645b30a512f757f0fa933.cpp:22:
/usr/local/lib/python2.7/dist-packages/numpy/core/include/numpy/npy_1_7_deprecated_api.h:15:2: warning: #warning "Using deprecated NumPy API, disable it by " "#defining NPY_NO_DEPRECATED_API NPY_1_7_API_VERSION" [-Wcpp]
 #warning "Using deprecated NumPy API, disable it by " \
  ^
gen	evals	avg    	std    	min    	max    
0  	25   	703.677	354.843	39.6498	1468.28 (39.649785552504113,)
1  	25   	401.603	240.687	155.759	1028.9  (39.649785552504113,)
2  	25   	307.039	268.571	35.9321	1067.39 (35.932065386435326,)
3  	25   	304.334	182.465	23.7047	762.525 (23.704742852664481,)
4  	25   	339.373	238.626	41.4223	895.39  (23.704742852664481,)
5  	25   	290.77 	263.719	30.2002	1178.53 (23.704742852664481,)
6  	25   	341.692	298.474	30.3589	1175.87 (23.704742852664481,)
7  	25   	285.384	310.088	21.4316	1458.98 (21.431578264733755,)
8  	25   	364.795	312.731	41.1052	1214.7  (21.431578264733755,)
9  	25   	390.18 	385.22 	26.3585	1490.14 (21.431578264733755,)
10 	25   	213.386	147.16 	29.6523	552.115 (21.431578264733755,)
11 	25   	219.791	282.412	26.933 	1203.05 (21.431578264733755,)
12 	25   	243.221	235.038	19.5213	949.233 (19.521262743538365,)
13 	25   	358.84 	403.221	16.852 	1627.9  (16.852006747086545,)
14 	25   	264.287	228.07 	16.0517	919.628 (16.051704533210817,)
15 	25   	311.774	307.51 	41.9619	1229.92 (16.051704533210817,)
16 	25   	257.657	201.32 	41.8073	786.227 (16.051704533210817,)
17 	25   	290.777	284.489	14.7509	994.879 (14.750929209413815,)
18 	25   	270.47 	248.333	25.8783	1230.15 (14.750929209413815,)
19 	25   	331.071	297.486	19.606 	1084.75 (14.750929209413815,)
20 	25   	252.717	203.084	47.6696	819.779 (14.750929209413815,)
21 	25   	417.525	337.611	47.9144	1413.54 (14.750929209413815,)
22 	25   	350.573	359.253	25.6079	1403.39 (14.750929209413815,)
23 	25   	333.287	317.116	22.4529	1346.51 (14.750929209413815,)
24 	25   	307.557	237.834	16.0362	808.758 (14.750929209413815,)
25 	25   	348.429	213.846	60.5565	959.023 (14.750929209413815,)
26 	25   	388.407	385.008	22.1433	1713.93 (14.750929209413815,)
27 	25   	372.129	284.691	40.9347	1242.97 (14.750929209413815,)
28 	25   	287.982	205.802	33.6087	698.155 (14.750929209413815,)
29 	25   	308.542	320.065	19.243 	1398.85 (14.750929209413815,)
30 	25   	334.038	322.707	49.896 	1503.8  (14.750929209413815,)
31 	25   	266.383	227.644	34.828 	818.115 (14.750929209413815,)
32 	25   	339.834	374.765	12.3422	1527.04 (12.342195105284473,)
33 	25   	355.684	329.634	24.712 	1489.59 (12.342195105284473,)
34 	25   	267.491	212.897	23.8783	764.053 (12.342195105284473,)
35 	25   	242.998	230.127	11.6486	791.999 (11.648621592118795,)
36 	25   	407.288	335.859	19.903 	1203.81 (11.648621592118795,)
37 	25   	309.5  	303.983	25.1521	1109.34 (11.648621592118795,)
38 	25   	341.075	285.526	16.4562	909     (11.648621592118795,)
39 	25   	328.686	316.308	33.2291	1420.6  (11.648621592118795,)
40 	25   	308.645	235.226	32.8831	1029.11 (11.648621592118795,)
41 	25   	315.698	256.725	6.88699	1042.51 (6.8869925511224723,)
42 	25   	268.623	246.213	30.3362	841.566 (6.8869925511224723,)
43 	25   	322.001	203.335	18.2548	755.729 (6.8869925511224723,)
44 	25   	349.27 	270.196	29.2608	946.288 (6.8869925511224723,)
45 	25   	327.318	326.094	20.5023	1233.08 (6.8869925511224723,)
46 	25   	329.742	264.491	23.911 	1304.7  (6.8869925511224723,)
47 	25   	314.785	332.854	12.2736	1429.53 (6.8869925511224723,)
48 	25   	325.814	275.479	19.2655	1136.97 (6.8869925511224723,)
49 	25   	403.031	292.241	13.9935	1079.31 (6.8869925511224723,)
50 	25   	274.982	251.023	9.65898	1136.72 (6.8869925511224723,)
51 	25   	310.384	249.135	17.697 	942.262 (6.8869925511224723,)
52 	25   	272.882	297.261	10.9847	1112.25 (6.8869925511224723,)
53 	25   	371.479	279.759	36.3867	1011.22 (6.8869925511224723,)
54 	25   	382.308	334.892	13.6151	1313.4  (6.8869925511224723,)
55 	25   	348.946	272.103	15.2713	1236.39 (6.8869925511224723,)
56 	25   	333.048	262.813	24.4975	914.169 (6.8869925511224723,)
57 	25   	424.792	399.451	13.8568	1681.92 (6.8869925511224723,)
58 	25   	257.811	244.483	19.7839	939.359 (6.8869925511224723,)
59 	25   	373.784	351.946	12.2049	1429.09 (6.8869925511224723,)
60 	25   	560.219	383.635	21.5968	1610    (6.8869925511224723,)
61 	25   	290.01 	215.04 	27.5015	684.999 (6.8869925511224723,)
62 	25   	384.319	242.829	17.3565	895.405 (6.8869925511224723,)
63 	25   	309.572	284.213	15.8326	1068.2  (6.8869925511224723,)
64 	25   	373.949	382.513	14.4369	1509.83 (6.8869925511224723,)
65 	25   	275.287	318.707	17.4764	1544.01 (6.8869925511224723,)
66 	25   	329.804	299.354	13.5344	1116.01 (6.8869925511224723,)
67 	25   	374.927	377.792	33.4828	1165.99 (6.8869925511224723,)
68 	25   	358.326	262.771	29.5755	993.893 (6.8869925511224723,)
69 	25   	306.947	322.034	29.0925	1501.25 (6.8869925511224723,)
70 	25   	344.362	275.844	22.051 	982.514 (6.8869925511224723,)
71 	25   	304.98 	308.637	16.1507	1328.42 (6.8869925511224723,)
72 	25   	256.838	275.253	19.8395	1225.14 (6.8869925511224723,)
73 	25   	385.17 	211.566	22.6071	831.947 (6.8869925511224723,)
74 	25   	356.53 	339.495	6.60716	1317.12 (6.6071550736815121,)
75 	25   	296.446	309.35 	18.6511	1241.77 (6.6071550736815121,)
76 	25   	413.411	343.944	10.9051	1426.15 (6.6071550736815121,)
77 	25   	365.992	290.042	13.3703	1079.85 (6.6071550736815121,)
78 	25   	455.523	414.648	14.7957	1464.56 (6.6071550736815121,)
79 	25   	427.343	302.581	11.6726	1283.65 (6.6071550736815121,)
80 	25   	337.72 	248.66 	11.6902	847.63  (6.6071550736815121,)
81 	25   	401.921	384.854	16.2551	1502.44 (6.6071550736815121,)
82 	25   	316.82 	227.927	41.5821	964.18  (6.6071550736815121,)
83 	25   	402.223	322.609	15.3763	1121.07 (6.6071550736815121,)
84 	25   	340.197	265.057	41.5653	1037.34 (6.6071550736815121,)
85 	25   	322.673	277.105	26.5396	1113.36 (6.6071550736815121,)
86 	25   	323.745	214.671	29.2699	807.204 (6.6071550736815121,)
87 	25   	434.255	416.634	10.8127	1630.81 (6.6071550736815121,)
88 	25   	316.145	266.362	20.4248	956.289 (6.6071550736815121,)
89 	25   	405.583	345.567	13.3599	1279.71 (6.6071550736815121,)
90 	25   	366.293	284.797	10.6564	1133.45 (6.6071550736815121,)
91 	25   	333.268	312.702	24.355 	1267.7  (6.6071550736815121,)
92 	25   	445.692	348.873	14.1349	1348.84 (6.6071550736815121,)
93 	25   	350.271	290.465	16.878 	1175.63 (6.6071550736815121,)
94 	25   	329.171	236.112	20.265 	786.265 (6.6071550736815121,)
95 	25   	354.036	412.232	10.4321	1625.48 (6.6071550736815121,)
96 	25   	338.011	200.264	36.5306	729.835 (6.6071550736815121,)
97 	25   	288.107	244.04 	9.61168	1087.79 (6.6071550736815121,)
98 	25   	283.713	285.699	15.8441	1074.58 (6.6071550736815121,)
99 	25   	398.171	438.357	12.3086	1517.69 (6.6071550736815121,)
100	25   	397.75 	244.648	27.2925	868.855 (6.6071550736815121,)
101	25   	334.09 	278.697	24.1886	945.173 (6.6071550736815121,)
102	25   	332.851	363.894	13.0261	1541.08 (6.6071550736815121,)
103	25   	345.313	307.053	13.2364	994.57  (6.6071550736815121,)
104	25   	287.96 	262.271	17.0645	1017.21 (6.6071550736815121,)
105	25   	414.383	310.253	32.9208	1260.75 (6.6071550736815121,)
106	25   	437.79 	357.607	12.9958	1437.24 (6.6071550736815121,)
107	25   	302.503	293.04 	17.0645	1364.59 (6.6071550736815121,)
108	25   	392.055	268.606	32.4901	1018.85 (6.6071550736815121,)
109	25   	509.731	395.676	26.5417	1515.72 (6.6071550736815121,)
110	25   	345.008	248.712	11.8072	942.595 (6.6071550736815121,)
111	25   	417.718	335.089	43.0456	1209.12 (6.6071550736815121,)
112	25   	318.72 	298.335	24.3556	1518.81 (6.6071550736815121,)
113	25   	380.95 	316.912	17.5831	1283    (6.6071550736815121,)
114	25   	272.648	316.178	17.5072	1546.45 (6.6071550736815121,)
115	25   	333.03 	217.649	21.4907	773.228 (6.6071550736815121,)
116	25   	355.171	351.968	41.0113	1399.08 (6.6071550736815121,)
117	25   	244.678	197.96 	15.6702	855.783 (6.6071550736815121,)
118	25   	344.584	264.465	21.0646	1289.66 (6.6071550736815121,)
119	25   	346.337	251.055	19.321 	882.355 (6.6071550736815121,)
120	25   	455.245	320.36 	70.7764	1274.31 (6.6071550736815121,)
121	25   	354.299	256.726	23.4976	1016.1  (6.6071550736815121,)
122	25   	310.956	241.264	24.6841	1035.77 (6.6071550736815121,)
123	25   	487.225	386.505	22.5849	1399.52 (6.6071550736815121,)
124	25   	332.229	173.722	41.0577	839.047 (6.6071550736815121,)
125	25   	287.904	324.114	11.6455	1476.18 (6.6071550736815121,)
126	25   	316.504	224.077	41.9487	852.773 (6.6071550736815121,)
127	25   	286.453	282.927	10.3214	1098.06 (6.6071550736815121,)
128	25   	349.087	319.582	8.90324	1433.47 (6.6071550736815121,)
129	25   	414.632	272.848	31.158 	930.486 (6.6071550736815121,)
130	25   	289.188	271.387	11.0638	1153.81 (6.6071550736815121,)
131	25   	334.551	265.753	20.4724	926.979 (6.6071550736815121,)
132	25   	403.116	325.062	27.6322	1336.72 (6.6071550736815121,)
133	25   	393.978	368.35 	26.9884	1621.71 (6.6071550736815121,)
134	25   	357.293	328.95 	24.4278	1432.47 (6.6071550736815121,)
135	25   	330.893	308.579	13.465 	1037.91 (6.6071550736815121,)
136	25   	368.419	344.319	27.0006	1522.47 (6.6071550736815121,)
137	25   	278.033	213.929	9.94308	803.751 (6.6071550736815121,)
138	25   	243.309	301.057	9.2747 	1465.57 (6.6071550736815121,)
139	25   	264.038	217.69 	24.9488	779.662 (6.6071550736815121,)
140	25   	263.12 	300.81 	18.6066	1447.51 (6.6071550736815121,)
141	25   	250.036	225.572	9.67752	919.83  (6.6071550736815121,)
142	25   	360.341	263.165	13.9419	933.121 (6.6071550736815121,)
143	25   	366.891	324.046	17.2929	1380.68 (6.6071550736815121,)
144	25   	402.521	351.475	26.5286	1300.75 (6.6071550736815121,)
145	25   	264.073	252.109	8.01056	970.375 (6.6071550736815121,)
146	25   	444.235	434.69 	23.5718	1451.78 (6.6071550736815121,)
147	25   	333.608	309.003	8.34821	1113.98 (6.6071550736815121,)
148	25   	455.898	340.003	19.4417	1223.28 (6.6071550736815121,)
149	25   	421.387	325.63 	17.5179	1255.38 (6.6071550736815121,)
150	25   	387.323	299.411	62.934 	1416.25 (6.6071550736815121,)
151	25   	311.341	221.233	13.3197	898.369 (6.6071550736815121,)
152	25   	277.015	238.434	13.377 	757.185 (6.6071550736815121,)
153	25   	408.279	321.146	18.7769	1322.79 (6.6071550736815121,)
154	25   	331.642	213.992	25.4887	840.188 (6.6071550736815121,)
155	25   	442.6  	401.618	18.5719	1559.43 (6.6071550736815121,)
156	25   	424.056	274.583	17.015 	945.375 (6.6071550736815121,)
157	25   	363.796	230.63 	12.8491	834.693 (6.6071550736815121,)
158	25   	341.911	267.086	53.7418	1255.27 (6.6071550736815121,)
159	25   	343.283	214.991	11.1509	865.692 (6.6071550736815121,)
160	25   	406.548	437.361	10.635 	1616.82 (6.6071550736815121,)
161	25   	303.217	340.393	12.5273	1492.81 (6.6071550736815121,)
162	25   	331.102	312.478	22.2325	1493.82 (6.6071550736815121,)
163	25   	373.781	331.084	30.0106	1495.17 (6.6071550736815121,)
164	25   	358.375	280.428	9.53354	976.669 (6.6071550736815121,)
165	25   	446.47 	388.484	4.05908	1417.2  (4.0590827692536164,)
166	25   	292.909	233.397	7.20493	724.81  (4.0590827692536164,)
167	25   	352.388	392.507	5.27487	1653.83 (4.0590827692536164,)
168	25   	268.021	292.026	14.4245	1371.49 (4.0590827692536164,)
169	25   	349.038	334.806	6.26258	1538.98 (4.0590827692536164,)
170	25   	299.717	220.101	11.9956	694.734 (4.0590827692536164,)
171	25   	353.647	316.182	8.13245	1338.3  (4.0590827692536164,)
172	25   	314.433	242.183	17.0408	858.548 (4.0590827692536164,)
173	25   	306.047	306.857	13.8607	946.888 (4.0590827692536164,)
174	25   	311.716	226.033	20.2478	788.223 (4.0590827692536164,)
175	25   	257.732	350.899	14.5655	1536.71 (4.0590827692536164,)
176	25   	341.669	282.058	4.24836	1181.97 (4.0590827692536164,)
177	25   	342.871	348.076	46.8203	1581.06 (4.0590827692536164,)
178	25   	354.027	322.44 	7.91937	1344.28 (4.0590827692536164,)
179	25   	290.972	236.889	21.9899	860.44  (4.0590827692536164,)
180	25   	297.052	358.622	10.9409	1712.27 (4.0590827692536164,)
181	25   	422.22 	421.08 	32.2689	1807.04 (4.0590827692536164,)
182	25   	400.159	264.255	8.56991	924.564 (4.0590827692536164,)
183	25   	488.392	361.933	11.2471	1533.44 (4.0590827692536164,)
184	25   	340.241	260.633	21.1349	946.716 (4.0590827692536164,)
185	25   	412.654	379.922	21.2503	1556.48 (4.0590827692536164,)
186	25   	291.729	216.098	9.8592 	729.217 (4.0590827692536164,)
187	25   	309.464	291.199	21.5835	1003.55 (4.0590827692536164,)
188	25   	304.643	274.016	6.13512	725.642 (4.0590827692536164,)
189	25   	447.758	472.31 	19.7052	1533.21 (4.0590827692536164,)
190	25   	268.356	242.161	8.55043	680.345 (4.0590827692536164,)
191	25   	296.651	381.175	15.7459	1602.87 (4.0590827692536164,)
192	25   	363.899	333.751	7.20982	1493.42 (4.0590827692536164,)
193	25   	344.006	337.321	12.2545	1325.9  (4.0590827692536164,)
194	25   	337.614	327.887	17.1617	1350.21 (4.0590827692536164,)
195	25   	418.032	362.71 	34.0725	1292.13 (4.0590827692536164,)
196	25   	425.717	338.044	15.7739	1353.15 (4.0590827692536164,)
197	25   	372.163	332.845	4.25451	1402.75 (4.0590827692536164,)
198	25   	371.329	277.34 	8.5413 	946.943 (4.0590827692536164,)
199	25   	396.092	387.892	7.84754	1395.11 (4.0590827692536164,)
200	25   	347.466	259.591	16.9565	945.815 (4.0590827692536164,)
201	25   	288.955	245.418	12.6569	953.046 (4.0590827692536164,)
202	25   	336.428	227.75 	40.7042	976.766 (4.0590827692536164,)
203	25   	252.068	235.375	5.32804	1112.76 (4.0590827692536164,)
204	25   	298.067	160.231	54.7297	615.061 (4.0590827692536164,)
205	25   	243.19 	188.404	6.33103	699.595 (4.0590827692536164,)
206	25   	157.73 	162.996	9.00519	571.046 (4.0590827692536164,)
207	25   	266.064	253.496	18.2611	1172.79 (4.0590827692536164,)
208	25   	227.547	264.852	6.89265	1095.26 (4.0590827692536164,)
209	25   	256.528	183.358	14.9712	592.656 (4.0590827692536164,)
210	25   	308.66 	277.845	13.6963	1125.44 (4.0590827692536164,)
211	25   	348.522	273.533	11.5606	1194.36 (4.0590827692536164,)
212	25   	386.958	294.976	17.1145	937.326 (4.0590827692536164,)
213	25   	356.047	287.727	6.17044	1201.75 (4.0590827692536164,)
214	25   	209.822	156.554	11.1005	615.845 (4.0590827692536164,)
215	25   	336.198	326.401	10.4   	1579.06 (4.0590827692536164,)
216	25   	384.373	325.634	18.784 	1411.62 (4.0590827692536164,)
217	25   	385.479	389.546	17.6375	1540.82 (4.0590827692536164,)
218	25   	408.688	336.427	12.7885	1294.82 (4.0590827692536164,)
219	25   	384.732	252.817	6.36002	906.665 (4.0590827692536164,)
220	25   	376.783	367.054	15.5341	1236.74 (4.0590827692536164,)
221	25   	349.751	327.438	12.3618	1420.32 (4.0590827692536164,)
222	25   	244.313	209.369	9.82192	798.225 (4.0590827692536164,)
223	25   	271.36 	249.853	10.7878	933.257 (4.0590827692536164,)
224	25   	310.906	334.479	9.99813	1289.61 (4.0590827692536164,)
225	25   	367.901	222.55 	12.4742	1076.49 (4.0590827692536164,)
226	25   	352.142	349.766	15.2422	1294.25 (4.0590827692536164,)
227	25   	323.625	283.789	10.5642	1095.64 (4.0590827692536164,)
228	25   	339.107	367.091	13.4142	1570.1  (4.0590827692536164,)
229	25   	295.536	291.342	15.3608	1076.2  (4.0590827692536164,)
230	25   	354.878	255.739	9.13671	856.181 (4.0590827692536164,)
231	25   	246.181	194.926	7.09674	714.111 (4.0590827692536164,)
232	25   	299.147	281.221	25.856 	1282.1  (4.0590827692536164,)
233	25   	398.401	374.347	26.2415	1474.41 (4.0590827692536164,)
234	25   	346.344	315.322	13.5288	1596.13 (4.0590827692536164,)
235	25   	248.12 	224.142	9.81735	916.399 (4.0590827692536164,)
236	25   	362.774	344.39 	13.9562	1419.46 (4.0590827692536164,)
237	25   	356.742	267.173	11.0183	986.295 (4.0590827692536164,)
238	25   	366.786	338.722	40.0457	1379.87 (4.0590827692536164,)
239	25   	317.455	306.2  	9.8073 	1188.4  (4.0590827692536164,)
240	25   	289.757	245.531	22.2132	1075.43 (4.0590827692536164,)
241	25   	342.608	349.492	10.9147	1529.27 (4.0590827692536164,)
242	25   	441.062	390.647	7.72413	1649.86 (4.0590827692536164,)
243	25   	388.444	364.822	27.1138	1428.31 (4.0590827692536164,)
244	25   	468.553	354.467	20.2365	1543.74 (4.0590827692536164,)
245	25   	372.649	347.796	7.55273	1400.4  (4.0590827692536164,)
246	25   	343.184	363.964	12.2469	1324.69 (4.0590827692536164,)
247	25   	370.161	257.866	8.50779	1264.01 (4.0590827692536164,)
248	25   	366.934	238.578	24.4452	893.32  (4.0590827692536164,)
249	25   	253.791	167.91 	19.7354	633.27  (4.0590827692536164,)
250	25   	288.275	308.584	6.81863	1162.3  (4.0590827692536164,)
251	25   	339.9  	295.517	23.2389	1222.24 (4.0590827692536164,)
252	25   	352.667	270.685	19.2114	969.92  (4.0590827692536164,)
253	25   	302.288	308.469	24.8536	1158.48 (4.0590827692536164,)
254	25   	245.487	309.172	11.5612	1294.47 (4.0590827692536164,)
255	25   	311.641	310.83 	14.344 	1222.72 (4.0590827692536164,)
256	25   	433.842	284.592	7.96852	924.251 (4.0590827692536164,)
257	25   	283.251	223.433	5.50656	870.995 (4.0590827692536164,)
258	25   	382.169	364.541	23.4392	1435.47 (4.0590827692536164,)
259	25   	414.889	334.161	44.4909	1602.77 (4.0590827692536164,)
260	25   	409.636	378.38 	19.8417	1601.22 (4.0590827692536164,)
261	25   	397.464	337.414	8.35514	1201.29 (4.0590827692536164,)
262	25   	286.882	324.092	11.5457	1370.16 (4.0590827692536164,)
263	25   	336.039	400.997	14.3125	1545.63 (4.0590827692536164,)
264	25   	343.695	302.805	10.8751	1343.63 (4.0590827692536164,)
265	25   	325.915	310.264	10.4579	1036.76 (4.0590827692536164,)
266	25   	249.29 	218.402	29.6362	778.486 (4.0590827692536164,)
267	25   	335.124	286.337	12.4074	1138.88 (4.0590827692536164,)
268	25   	348.007	384.258	11.0544	1565.14 (4.0590827692536164,)
269	25   	533.533	421.77 	8.20298	1540.88 (4.0590827692536164,)
270	25   	381.853	300.032	21.222 	1184.73 (4.0590827692536164,)
271	25   	313.075	265.668	13.3437	996.773 (4.0590827692536164,)
272	25   	327.597	290.207	13.5008	1288.62 (4.0590827692536164,)
273	25   	392.977	395.239	11.3519	1518.09 (4.0590827692536164,)
274	25   	253.278	274.528	10.2742	1211.49 (4.0590827692536164,)
275	25   	285.638	251.076	10.1893	861.094 (4.0590827692536164,)
276	25   	310.836	300.568	5.34054	1442.47 (4.0590827692536164,)
277	25   	329.784	215.892	17.7398	846.722 (4.0590827692536164,)
278	25   	285.503	215.52 	9.92045	840.418 (4.0590827692536164,)
279	25   	250.748	236.212	8.71718	959.3   (4.0590827692536164,)
280	25   	295.211	231.267	3.56172	708.78  (3.5617199084109603,)
281	25   	301.398	284.771	7.44732	1127.63 (3.5617199084109603,)
282	25   	244.776	183.729	2.95305	759.949 (2.9530453599528865,)
283	25   	236.014	252.197	22.7973	977.537 (2.9530453599528865,)
284	25   	276.472	183.528	5.35929	672.599 (2.9530453599528865,)
285	25   	269.236	184.025	10.9884	807.933 (2.9530453599528865,)
286	25   	276.028	325.692	14.3506	1370.07 (2.9530453599528865,)
287	25   	246.206	240.178	7.5904 	834.493 (2.9530453599528865,)
288	25   	253.366	265.789	6.26459	1030.62 (2.9530453599528865,)
289	25   	378.798	343.901	10.8039	1404.47 (2.9530453599528865,)
290	25   	354.8  	366.341	15.0896	1518.02 (2.9530453599528865,)
291	25   	327.439	306.369	17.2433	1121.21 (2.9530453599528865,)
292	25   	296.214	238.583	12.8978	798.468 (2.9530453599528865,)
293	25   	368.906	305.274	35.5327	1283.53 (2.9530453599528865,)
294	25   	507.4  	306.559	16.5877	1210.88 (2.9530453599528865,)
295	25   	458.638	341    	27.9695	1525.46 (2.9530453599528865,)
296	25   	396.586	312.876	20.8604	1392.01 (2.9530453599528865,)
297	25   	345.46 	310.448	7.00282	1325.34 (2.9530453599528865,)
298	25   	278.941	241.913	42.0939	961.426 (2.9530453599528865,)
299	25   	384.45 	338.982	5.58236	1246.56 (2.9530453599528865,)
300	25   	344.94 	295.851	6.35137	1168.74 (2.9530453599528865,)
301	25   	337.613	330.863	9.23125	1550.77 (2.9530453599528865,)
302	25   	236.152	211.275	8.65691	737.206 (2.9530453599528865,)
303	25   	317.267	325.281	15.5725	1466.42 (2.9530453599528865,)
304	25   	436.964	378.934	14.0763	1521.39 (2.9530453599528865,)
305	25   	411.474	358.501	46.893 	1553.72 (2.9530453599528865,)
306	25   	271.22 	206.202	3.63416	678.239 (2.9530453599528865,)
307	25   	401.903	340.777	17.6347	1695.69 (2.9530453599528865,)
308	25   	329.524	239.524	50.4883	851.109 (2.9530453599528865,)
309	25   	392.053	403.251	17.1729	1566.2  (2.9530453599528865,)
310	25   	364.518	335.075	21.921 	1463.67 (2.9530453599528865,)
311	25   	419.948	236.359	64.9701	846.252 (2.9530453599528865,)
312	25   	438.729	311.577	16.6708	1188.69 (2.9530453599528865,)
313	25   	388.1  	354.849	12.456 	1507.61 (2.9530453599528865,)
314	25   	339.241	332.614	38.3717	1560.91 (2.9530453599528865,)
315	25   	393.5  	299.398	4.49344	1076.66 (2.9530453599528865,)
316	25   	448.44 	330.388	11.4697	1550.03 (2.9530453599528865,)
317	25   	302.843	309.99 	14.817 	1290.94 (2.9530453599528865,)
318	25   	350.401	284.128	27.4272	1243.03 (2.9530453599528865,)
319	25   	274.421	303.93 	21.6322	1111.16 (2.9530453599528865,)
320	25   	301.166	272.842	8.42293	1031.12 (2.9530453599528865,)
321	25   	390.634	371.814	17.2563	1566.36 (2.9530453599528865,)
322	25   	341.099	265.351	23.9553	1044.18 (2.9530453599528865,)
323	25   	294.11 	255.728	8.53993	1183.63 (2.9530453599528865,)
324	25   	354.421	362.151	7.6303 	1306.77 (2.9530453599528865,)
325	25   	331.446	318.13 	10.1931	1406.98 (2.9530453599528865,)
326	25   	384.879	354.466	13.5795	1460.66 (2.9530453599528865,)
327	25   	401.056	343.337	7.48612	1565.69 (2.9530453599528865,)
328	25   	313.769	282.569	13.2048	1152.42 (2.9530453599528865,)
329	25   	292.545	212.497	12.8854	908.672 (2.9530453599528865,)
330	25   	362.147	236.986	31.2471	960.014 (2.9530453599528865,)
331	25   	249.991	248.131	3.50877	852.227 (2.9530453599528865,)
332	25   	253.168	258.71 	3.63153	1029.66 (2.9530453599528865,)
333	25   	304.616	222.183	26.2124	1116.03 (2.9530453599528865,)
334	25   	293.009	234.713	22.0564	823.586 (2.9530453599528865,)
335	25   	291.327	282.752	13.1079	1100.8  (2.9530453599528865,)
336	25   	264.895	207.377	7.13485	604.357 (2.9530453599528865,)
337	25   	322.81 	360.517	17.9168	1564.23 (2.9530453599528865,)
338	25   	304.216	227.857	18.1848	829.124 (2.9530453599528865,)
339	25   	308.246	309.691	22.372 	1430.15 (2.9530453599528865,)
340	25   	269.781	294.739	9.70337	1103.89 (2.9530453599528865,)
341	25   	310.466	263.694	8.63557	1052.36 (2.9530453599528865,)
342	25   	321.472	238.733	5.31831	848.808 (2.9530453599528865,)
343	25   	236.375	199.07 	14.6952	778.244 (2.9530453599528865,)
344	25   	345.278	349.004	21.8836	1448.88 (2.9530453599528865,)
345	25   	288.121	243.466	13.583 	715.801 (2.9530453599528865,)
346	25   	412.033	282.318	8.03093	1030.11 (2.9530453599528865,)
347	25   	334.161	303.522	28.3107	1157.25 (2.9530453599528865,)
348	25   	438.574	413.458	8.36298	1512.59 (2.9530453599528865,)
349	25   	326.943	312.036	12.6815	1392.81 (2.9530453599528865,)
350	25   	335.378	346.225	3.90246	1226.64 (2.9530453599528865,)
351	25   	331.116	259.347	3.54973	891.887 (2.9530453599528865,)
352	25   	349.005	261.425	27.6509	887.084 (2.9530453599528865,)
353	25   	328.117	318.541	9.60384	1333.96 (2.9530453599528865,)
354	25   	234.378	155.037	18.57  	615.36  (2.9530453599528865,)
355	25   	279.849	248.745	9.66829	1055.23 (2.9530453599528865,)
356	25   	332.997	260.977	12.8675	925.35  (2.9530453599528865,)
357	25   	298.186	220.047	11.8058	851.126 (2.9530453599528865,)
358	25   	256.34 	285.825	12.9727	1181.41 (2.9530453599528865,)
359	25   	193.299	152.66 	22.7881	587.601 (2.9530453599528865,)
360	25   	286.81 	211.852	8.15627	776.885 (2.9530453599528865,)
361	25   	188.181	273.452	9.45716	1294.69 (2.9530453599528865,)
362	25   	289.694	181.48 	12.9765	783.517 (2.9530453599528865,)
363	25   	385.941	362.944	3.25239	1422.68 (2.9530453599528865,)
364	25   	370.448	298.035	5.93434	1373.67 (2.9530453599528865,)
365	25   	380.427	408.846	14.9632	1566.47 (2.9530453599528865,)
366	25   	277.774	254.431	22.0383	974.516 (2.9530453599528865,)
367	25   	262.414	274.855	7.75126	1212.93 (2.9530453599528865,)
368	25   	270.472	262.466	28.68  	1181.29 (2.9530453599528865,)
369	25   	335.659	237.855	7.11183	725.447 (2.9530453599528865,)
370	25   	296.52 	347.606	4.82363	1483.55 (2.9530453599528865,)
371	25   	285.044	223.38 	6.98777	897.044 (2.9530453599528865,)
372	25   	354.257	340.863	11.8239	1555.54 (2.9530453599528865,)
373	25   	378.173	233.01 	21.4263	757.585 (2.9530453599528865,)
374	25   	465.126	425.144	12.6761	1525.09 (2.9530453599528865,)
375	25   	254.701	294.828	9.24525	1058.3  (2.9530453599528865,)
376	25   	361.707	345.905	21.0141	1210.75 (2.9530453599528865,)
377	25   	250.224	178.746	17.379 	654.482 (2.9530453599528865,)
378	25   	329.379	227.047	7.33519	817.204 (2.9530453599528865,)
379	25   	222.277	154.394	10.2927	613.394 (2.9530453599528865,)
380	25   	272.136	189.623	4.88036	695.131 (2.9530453599528865,)
381	25   	437.537	299.327	42.7496	1445.11 (2.9530453599528865,)
382	25   	414.418	321.241	35.0418	1480.5  (2.9530453599528865,)
383	25   	380.323	363.022	12.8252	1586.75 (2.9530453599528865,)
384	25   	332.558	319.392	5.47651	1171.15 (2.9530453599528865,)
385	25   	280.814	264.629	8.83194	1052.15 (2.9530453599528865,)
386	25   	331.24 	336.005	6.87615	1202.42 (2.9530453599528865,)
387	25   	243.328	155.442	25.7649	556.565 (2.9530453599528865,)
388	25   	386.122	291.674	12.5293	1006.15 (2.9530453599528865,)
389	25   	362.846	235.809	3.7056 	865.667 (2.9530453599528865,)
390	25   	311.236	350.85 	4.84102	1435.74 (2.9530453599528865,)
391	25   	319.005	268.243	29.6748	1044.72 (2.9530453599528865,)
392	25   	282.711	257.605	15.5541	869.177 (2.9530453599528865,)
393	25   	387.907	378.85 	5.18119	1535.51 (2.9530453599528865,)
394	25   	303.285	283.625	19.4098	1126.85 (2.9530453599528865,)
395	25   	367.224	258.369	27.2947	1221.31 (2.9530453599528865,)
396	25   	335.813	361.91 	20.2076	1220.92 (2.9530453599528865,)
397	25   	319.736	250.403	19.505 	807.456 (2.9530453599528865,)
398	25   	358.588	375.712	10.8024	1441.46 (2.9530453599528865,)
399	25   	384.175	286.28 	6.2835 	1286.34 (2.9530453599528865,)
400	25   	282.015	252.934	19.1317	1059    (2.9530453599528865,)
401	25   	312.894	230.978	12.2671	1006.46 (2.9530453599528865,)
402	25   	355.765	278.311	15.5697	1221.96 (2.9530453599528865,)
403	25   	361.092	339.344	4.47575	1521.14 (2.9530453599528865,)
404	25   	417.81 	290.339	9.9436 	1058.54 (2.9530453599528865,)
405	25   	275.87 	224.393	9.11702	838.931 (2.9530453599528865,)
406	25   	290.194	258.753	7.18316	1005.78 (2.9530453599528865,)
407	25   	372.458	288.171	14.322 	1009.43 (2.9530453599528865,)
408	25   	281.623	182.337	30.7699	665.115 (2.9530453599528865,)
409	25   	243.931	228.153	18.8923	1043.54 (2.9530453599528865,)
410	25   	298.533	197.568	18.1197	701.793 (2.9530453599528865,)
411	25   	335.032	275.267	10.8847	863.725 (2.9530453599528865,)
412	25   	412.644	372.509	14.1504	1397.04 (2.9530453599528865,)
413	25   	388.157	372.339	6.1391 	1466.56 (2.9530453599528865,)
414	25   	401.178	338.478	9.2399 	1333.93 (2.9530453599528865,)
415	25   	333.614	209.714	6.21709	862.01  (2.9530453599528865,)
416	25   	268.683	263.331	16.849 	856.004 (2.9530453599528865,)
417	25   	305.977	292.348	13.6639	1427.16 (2.9530453599528865,)
418	25   	356.409	355.929	26.0686	1256.25 (2.9530453599528865,)
419	25   	308.155	311.075	7.13012	1454.8  (2.9530453599528865,)
420	25   	285.455	249.964	6.88792	966.495 (2.9530453599528865,)
421	25   	302.353	214.894	21.3898	938.193 (2.9530453599528865,)
422	25   	350.039	270.083	6.47389	841.433 (2.9530453599528865,)
423	25   	339.242	296.667	5.35715	1148.8  (2.9530453599528865,)
424	25   	295.884	320.036	17.6421	1401.49 (2.9530453599528865,)
425	25   	351.445	248.386	21.9502	965.504 (2.9530453599528865,)
426	25   	240.901	260.135	7.62117	1026.41 (2.9530453599528865,)
427	25   	361.828	316.801	22.2941	1414.67 (2.9530453599528865,)
428	25   	334.359	386.152	12.0085	1300.25 (2.9530453599528865,)
429	25   	306.037	324.137	24.9593	1555.1  (2.9530453599528865,)
430	25   	438.119	420.895	4.92513	1544.35 (2.9530453599528865,)
431	25   	251.113	185.268	23.4726	749.145 (2.9530453599528865,)
432	25   	323.977	308.572	13.7392	1449.52 (2.9530453599528865,)
433	25   	427.782	305.862	10.3078	1361.52 (2.9530453599528865,)
434	25   	496.85 	410.68 	28.4282	1387.05 (2.9530453599528865,)
435	25   	306.604	285.368	7.86027	1193.67 (2.9530453599528865,)
436	25   	375.428	336.772	10.0378	1049.07 (2.9530453599528865,)
437	25   	354.788	302.835	9.02254	1211.96 (2.9530453599528865,)
438	25   	374.17 	311.127	10.6813	1189.25 (2.9530453599528865,)
439	25   	311.424	239.471	12.7958	907.441 (2.9530453599528865,)
440	25   	483.427	372.845	99.6709	1322.98 (2.9530453599528865,)
441	25   	348.894	280.682	19.7057	1227.03 (2.9530453599528865,)
442	25   	380.85 	280.6  	6.05061	1082.07 (2.9530453599528865,)
443	25   	320.181	347.123	21.879 	1637.93 (2.9530453599528865,)
444	25   	275.553	205.316	9.14754	738.643 (2.9530453599528865,)
445	25   	363.289	326.589	17.7844	1331.29 (2.9530453599528865,)
446	25   	395.188	378.286	14.6991	1486.94 (2.9530453599528865,)
447	25   	401.173	359.943	15.3449	1385    (2.9530453599528865,)
448	25   	327.154	275.609	9.40835	939.702 (2.9530453599528865,)
449	25   	344.914	343.876	16.5761	1142.65 (2.9530453599528865,)
450	25   	207.656	238.302	13.722 	1169.1  (2.9530453599528865,)
451	25   	163.07 	165.689	3.55376	533.775 (2.9530453599528865,)
452	25   	279.553	290.715	15.2739	1041.04 (2.9530453599528865,)
453	25   	347.131	264.492	19.8047	1086.76 (2.9530453599528865,)
454	25   	406.725	352.049	17.206 	1431.82 (2.9530453599528865,)
455	25   	296.077	280.149	6.34924	996.396 (2.9530453599528865,)
456	25   	288.784	217.833	69.5242	815.707 (2.9530453599528865,)
457	25   	373.381	351.534	11.4061	1288.3  (2.9530453599528865,)
458	25   	283.302	248.977	6.04425	861.059 (2.9530453599528865,)
459	25   	483.528	464.18 	7.84537	1497.35 (2.9530453599528865,)
460	25   	367.21 	244.154	52.4043	837.042 (2.9530453599528865,)
461	25   	447.152	368.863	9.51954	1633.38 (2.9530453599528865,)
462	25   	336.68 	262.235	7.14949	1037.8  (2.9530453599528865,)
463	25   	392.802	387.105	63.0102	1574.61 (2.9530453599528865,)
464	25   	340.701	317.825	21.014 	1194.51 (2.9530453599528865,)
465	25   	255.047	233.941	8.06232	714.185 (2.9530453599528865,)
466	25   	297.725	300.091	25.4775	1143.17 (2.9530453599528865,)
467	25   	217.09 	170.854	6.28521	668.837 (2.9530453599528865,)
468	25   	295.661	288.679	14.242 	1090.36 (2.9530453599528865,)
469	25   	308.314	228.891	38.5495	790.047 (2.9530453599528865,)
470	25   	399.301	353.451	21.8685	1217.93 (2.9530453599528865,)
471	25   	344.206	258.011	6.51472	1102.82 (2.9530453599528865,)
472	25   	328.711	226.676	23.7754	819.214 (2.9530453599528865,)
473	25   	244.108	202.518	5.10388	811.742 (2.9530453599528865,)
474	25   	371.472	355.052	23.2405	1274.78 (2.9530453599528865,)
475	25   	335.084	280.929	6.36301	1174.05 (2.9530453599528865,)
476	25   	332.068	301.754	14.3043	1053.4  (2.9530453599528865,)
477	25   	327.664	259.932	44.8294	1280.84 (2.9530453599528865,)
478	25   	376.91 	364.88 	15.7605	1256.99 (2.9530453599528865,)
479	25   	393.503	312.408	9.61931	1156.43 (2.9530453599528865,)
480	25   	306.216	363.535	13.0185	1462.9  (2.9530453599528865,)
481	25   	413.279	333.84 	7.86871	1384.84 (2.9530453599528865,)
482	25   	317.393	312.357	11.4624	1140.14 (2.9530453599528865,)
483	25   	320.054	240.398	22.0965	1029.99 (2.9530453599528865,)
484	25   	323.202	350.514	8.57974	1565.45 (2.9530453599528865,)
485	25   	275.261	251.393	9.6298 	815.337 (2.9530453599528865,)
486	25   	214.196	217.859	13.9028	863.128 (2.9530453599528865,)
487	25   	315.711	327.468	10.5029	1507.51 (2.9530453599528865,)
488	25   	355.349	312.114	13.5859	1263.22 (2.9530453599528865,)
489	25   	436.617	398.497	20.8984	1545.39 (2.9530453599528865,)
490	25   	328.018	300.676	48.5596	1301.61 (2.9530453599528865,)
491	25   	289.271	260.757	4.08829	991.951 (2.9530453599528865,)
492	25   	326.37 	237.92 	15.5914	816.685 (2.9530453599528865,)
493	25   	328.235	252.557	5.51601	886.406 (2.9530453599528865,)
494	25   	323.009	277.715	16.4667	923.658 (2.9530453599528865,)
495	25   	369.978	263.015	11.6422	996.21  (2.9530453599528865,)
496	25   	286.492	263.633	7.2149 	800.795 (2.9530453599528865,)
497	25   	381.032	358.174	12.0089	1357.11 (2.9530453599528865,)
498	25   	340.832	328.923	11.6696	1467.46 (2.9530453599528865,)
499	25   	279.651	322.219	13.49  	1589.85 (2.9530453599528865,)
