In file included from /usr/local/lib/python2.7/dist-packages/numpy/core/include/numpy/ndarraytypes.h:1804:0,
                 from /usr/local/lib/python2.7/dist-packages/numpy/core/include/numpy/ndarrayobject.h:17,
                 from /usr/local/lib/python2.7/dist-packages/numpy/core/include/numpy/arrayobject.h:4,
                 from /home/pinojc/.cache/scipy/python27_compiled/sc_9bade30717731f645b30a512f757f0fa937.cpp:22:
/usr/local/lib/python2.7/dist-packages/numpy/core/include/numpy/npy_1_7_deprecated_api.h:15:2: warning: #warning "Using deprecated NumPy API, disable it by " "#defining NPY_NO_DEPRECATED_API NPY_1_7_API_VERSION" [-Wcpp]
 #warning "Using deprecated NumPy API, disable it by " \
  ^
gen	evals	avg    	std    	min    	max    
0  	25   	767.273	390.526	80.3523	1487.53 (80.352284918069813,)
1  	25   	460.998	259.205	31.0705	1081.11 (31.070450796273665,)
2  	25   	297.79 	215.713	37.5933	899.554 (31.070450796273665,)
3  	25   	212.542	200.338	21.2436	976.011 (21.243621075239119,)
4  	25   	211.93 	235.992	22.3238	1078.28 (21.243621075239119,)
5  	25   	235.732	245.6  	23.1838	903.222 (21.243621075239119,)
6  	25   	215.334	207.929	22.7627	826.854 (21.243621075239119,)
7  	25   	216.838	155.131	23.6448	516.781 (21.243621075239119,)
8  	25   	278.223	253.14 	25.5083	1145.41 (21.243621075239119,)
9  	25   	213.189	178.199	49.8215	614.696 (21.243621075239119,)
10 	25   	186.9  	159.492	14.4181	646.157 (14.418058312240463,)
11 	25   	226.458	180.718	27.124 	729.311 (14.418058312240463,)
12 	25   	254.245	197.69 	34.0209	766.411 (14.418058312240463,)
13 	25   	230.426	173.277	15.4112	683.142 (14.418058312240463,)
14 	25   	246.184	227.192	25.6328	1040.46 (14.418058312240463,)
15 	25   	341.194	241.751	15.1712	824.93  (14.418058312240463,)
16 	25   	218.555	215.324	23.8323	798.153 (14.418058312240463,)
17 	25   	154.167	161.963	21.5367	653.716 (14.418058312240463,)
18 	25   	261.429	242.448	17.8807	1088.96 (14.418058312240463,)
19 	25   	281.211	235.985	18.0085	879.403 (14.418058312240463,)
20 	25   	301.348	243.158	21.8617	1129.23 (14.418058312240463,)
21 	25   	277.809	261.484	21.5276	1019.48 (14.418058312240463,)
22 	25   	360.647	366.719	18.3833	1671.04 (14.418058312240463,)
23 	25   	280.354	284.188	16.6854	1127.49 (14.418058312240463,)
24 	25   	293.643	341.768	20.5609	1633.78 (14.418058312240463,)
25 	25   	383.153	397.945	15.856 	1663.69 (14.418058312240463,)
26 	25   	280.953	203.388	18.9795	820.555 (14.418058312240463,)
27 	25   	288.073	336.381	26.3431	1573.51 (14.418058312240463,)
28 	25   	345.54 	334.612	11.253 	1278.86 (11.25297623253592,)
29 	25   	330.24 	274.07 	14.8253	932.887 (11.25297623253592,)
30 	25   	396.185	318.505	18.6866	1343.4  (11.25297623253592,)
31 	25   	373.385	313.914	12.7786	1397.58 (11.25297623253592,)
32 	25   	359.404	362.784	14.0782	1326.14 (11.25297623253592,)
33 	25   	325.334	302.282	19.8988	1127.35 (11.25297623253592,)
34 	25   	310.392	259.216	27.3094	1199.73 (11.25297623253592,)
35 	25   	300.741	322.936	22.6322	1370.68 (11.25297623253592,)
36 	25   	268.794	230.271	14.5498	939.152 (11.25297623253592,)
37 	25   	349.222	261.329	18.1023	777.411 (11.25297623253592,)
38 	25   	469.608	347.272	72.7847	1605.92 (11.25297623253592,)
39 	25   	387.226	345.529	15.5174	1415.52 (11.25297623253592,)
40 	25   	377.756	385.596	18.5839	1688.69 (11.25297623253592,)
41 	25   	335.872	396.542	20.5897	1579.27 (11.25297623253592,)
42 	25   	269.195	304.125	9.19251	1397.5  (9.1925147777780065,)
43 	25   	268.213	168.357	38.6373	685.795 (9.1925147777780065,)
44 	25   	218.401	198.295	22.6672	841.305 (9.1925147777780065,)
45 	25   	320.027	234.055	23.9214	1123.45 (9.1925147777780065,)
46 	25   	251.888	187.271	17.3316	739.011 (9.1925147777780065,)
47 	25   	302.578	216.922	23.4962	859.888 (9.1925147777780065,)
48 	25   	305.444	245.297	18.8907	921.647 (9.1925147777780065,)
49 	25   	331.215	402.744	19.3344	1758.12 (9.1925147777780065,)
50 	25   	262.071	270.636	15.3736	1051.61 (9.1925147777780065,)
51 	25   	348.456	330.174	17.3188	1600.94 (9.1925147777780065,)
52 	25   	367.494	341.379	22.0927	1421.61 (9.1925147777780065,)
53 	25   	332.344	335.194	41.4916	1290.35 (9.1925147777780065,)
54 	25   	318.07 	309.874	18.2749	1439.16 (9.1925147777780065,)
55 	25   	368.758	297.173	20.3928	1136.96 (9.1925147777780065,)
56 	25   	257.612	212.988	48.6534	912.131 (9.1925147777780065,)
57 	25   	291.28 	251.204	21.0582	999.821 (9.1925147777780065,)
58 	25   	278.21 	281.308	25.9275	1219.25 (9.1925147777780065,)
59 	25   	254.721	214.774	16.1918	1063.07 (9.1925147777780065,)
60 	25   	251.113	214.69 	14.46  	1007.88 (9.1925147777780065,)
61 	25   	356.449	292.684	21.7984	1283.51 (9.1925147777780065,)
62 	25   	252.617	228.449	28.5924	822.174 (9.1925147777780065,)
63 	25   	323.856	256.016	29.0452	952.833 (9.1925147777780065,)
64 	25   	230.365	256.643	14.7063	1096.71 (9.1925147777780065,)
65 	25   	278.986	244.067	16.3544	1071.31 (9.1925147777780065,)
66 	25   	336.945	322.664	19.6506	1561.75 (9.1925147777780065,)
67 	25   	296.292	261.014	24.3232	1261.61 (9.1925147777780065,)
68 	25   	347.411	342.791	28.4127	1230    (9.1925147777780065,)
69 	25   	331.079	200.309	27.0267	697.893 (9.1925147777780065,)
70 	25   	359.339	279.506	36.4067	1061.5  (9.1925147777780065,)
71 	25   	340.621	265.636	28.1403	1007.67 (9.1925147777780065,)
72 	25   	261.945	184.358	25.8116	697.581 (9.1925147777780065,)
73 	25   	167.959	135.127	11.4386	483.88  (9.1925147777780065,)
74 	25   	244.685	176.174	9.58598	655.419 (9.1925147777780065,)
75 	25   	260.252	330.833	14.8403	1525.28 (9.1925147777780065,)
76 	25   	239.79 	241.885	12.3806	897.12  (9.1925147777780065,)
77 	25   	240.7  	219.701	14.5144	797.597 (9.1925147777780065,)
78 	25   	314.512	248.597	13.083 	866.817 (9.1925147777780065,)
79 	25   	263.523	165.13 	42.6563	816.41  (9.1925147777780065,)
80 	25   	297.779	270.559	24.6388	1117.84 (9.1925147777780065,)
81 	25   	383.474	288.985	28.6337	1156.96 (9.1925147777780065,)
82 	25   	246.559	197.114	37.3888	667.013 (9.1925147777780065,)
83 	25   	359.625	299.564	55.5552	1195.13 (9.1925147777780065,)
84 	25   	292.4  	292.521	13.0641	1114.54 (9.1925147777780065,)
85 	25   	343.542	252.896	12.8596	967.969 (9.1925147777780065,)
86 	25   	319.5  	274.419	20.5869	1056.82 (9.1925147777780065,)
87 	25   	351.97 	326.565	32.4063	1258.95 (9.1925147777780065,)
88 	25   	299.552	274.122	14.4801	1273.08 (9.1925147777780065,)
89 	25   	365.067	285.815	16.2702	1138.64 (9.1925147777780065,)
90 	25   	223.767	275.965	13.2287	1318.99 (9.1925147777780065,)
91 	25   	228.873	290.508	11.6838	1183.32 (9.1925147777780065,)
92 	25   	221.891	218.215	15.4171	752.953 (9.1925147777780065,)
93 	25   	379.862	293.838	33.1131	1377.73 (9.1925147777780065,)
94 	25   	367.932	309.573	20.6143	1095.52 (9.1925147777780065,)
95 	25   	444.235	368.091	21.4395	1452.08 (9.1925147777780065,)
96 	25   	367.188	226.817	57.8046	863.997 (9.1925147777780065,)
97 	25   	472.14 	390.176	18.0827	1509.04 (9.1925147777780065,)
98 	25   	318.46 	343.963	8.98477	1538.67 (8.9847721636222442,)
99 	25   	380.336	378.953	26.4203	1628.75 (8.9847721636222442,)
100	25   	304.236	224.569	16.3866	824.796 (8.9847721636222442,)
101	25   	321.118	265.841	27.3945	960.418 (8.9847721636222442,)
102	25   	233.217	185.431	23.9297	591.904 (8.9847721636222442,)
103	25   	330.513	288.489	26.801 	998.152 (8.9847721636222442,)
104	25   	366.379	386.487	22.115 	1400.45 (8.9847721636222442,)
105	25   	357.328	224.427	32.4393	797.999 (8.9847721636222442,)
106	25   	362.019	254.265	29.1857	862.647 (8.9847721636222442,)
107	25   	373.621	395.466	26.3308	1440.18 (8.9847721636222442,)
108	25   	386.196	394.381	18.4247	1652.03 (8.9847721636222442,)
109	25   	284.3  	262.039	36.8891	988.324 (8.9847721636222442,)
110	25   	351.268	359.391	14.7857	1411.89 (8.9847721636222442,)
111	25   	328.514	232.652	19.2096	776.101 (8.9847721636222442,)
112	25   	372.347	326.209	18.0879	1367.51 (8.9847721636222442,)
113	25   	417.986	417.078	21.6366	1637.17 (8.9847721636222442,)
114	25   	416.707	414.642	21.8262	1511.09 (8.9847721636222442,)
115	25   	357.183	317.138	19.7468	1335.77 (8.9847721636222442,)
116	25   	334.182	314.141	15.4333	1316.97 (8.9847721636222442,)
117	25   	271.112	253.999	16.5779	962.684 (8.9847721636222442,)
118	25   	241.491	207.895	14.9151	721.095 (8.9847721636222442,)
119	25   	305.896	342.879	18.4803	1521.4  (8.9847721636222442,)
120	25   	325.403	414.188	19.161 	1659.08 (8.9847721636222442,)
121	25   	292.121	283.771	15.9668	1102.73 (8.9847721636222442,)
122	25   	384.788	365.695	15.934 	1595.67 (8.9847721636222442,)
123	25   	359.673	366.124	12.4598	1625.68 (8.9847721636222442,)
124	25   	274.5  	272.652	11.2583	925.162 (8.9847721636222442,)
125	25   	321.687	235.891	14.3682	834.869 (8.9847721636222442,)
126	25   	274.736	235.372	12.3287	1067.24 (8.9847721636222442,)
127	25   	372.657	353.374	12.1386	1315.53 (8.9847721636222442,)
128	25   	315.783	309.656	13.1065	1328.76 (8.9847721636222442,)
129	25   	407.22 	387.174	14.6101	1569.76 (8.9847721636222442,)
130	25   	372.674	400.611	24.2986	1663.62 (8.9847721636222442,)
131	25   	251.083	218.037	15.792 	689.82  (8.9847721636222442,)
132	25   	281.462	216.642	18.1986	689.536 (8.9847721636222442,)
133	25   	285.896	245.311	24.3977	1033.74 (8.9847721636222442,)
134	25   	336.581	246.9  	10.974 	949.394 (8.9847721636222442,)
135	25   	403.037	357.404	12.984 	1520.93 (8.9847721636222442,)
136	25   	322.088	314.416	13.222 	1453.11 (8.9847721636222442,)
137	25   	312.509	286.095	26.864 	1193.73 (8.9847721636222442,)
138	25   	314.943	245.183	19.8313	975.972 (8.9847721636222442,)
139	25   	344.187	283.653	24.3696	1340.54 (8.9847721636222442,)
140	25   	221.245	166.025	35.0764	663.748 (8.9847721636222442,)
141	25   	239.149	221.8  	22.7674	952.221 (8.9847721636222442,)
142	25   	268.223	270.227	18.982 	1108.38 (8.9847721636222442,)
143	25   	270.656	224.269	15.9928	968.701 (8.9847721636222442,)
144	25   	380.791	407.111	16.4857	1657.44 (8.9847721636222442,)
145	25   	319.479	369.824	19.0925	1618.89 (8.9847721636222442,)
146	25   	256.066	238.347	16.8786	1006.47 (8.9847721636222442,)
147	25   	286.287	276.507	16.6561	1258.6  (8.9847721636222442,)
148	25   	343.13 	254.635	13.2746	849.585 (8.9847721636222442,)
149	25   	359.675	338.607	21.4219	1719.64 (8.9847721636222442,)
150	25   	288.284	241.796	15.5326	1037.52 (8.9847721636222442,)
151	25   	256.404	246.424	27.0328	1075.69 (8.9847721636222442,)
152	25   	266.966	315.477	21.4255	1610.51 (8.9847721636222442,)
153	25   	255.605	221.039	9.77091	762.807 (8.9847721636222442,)
154	25   	244.143	215.647	18.8965	829.696 (8.9847721636222442,)
155	25   	232.835	254.639	13.1383	1156.73 (8.9847721636222442,)
156	25   	312.071	256.933	19.568 	988.761 (8.9847721636222442,)
157	25   	382.273	383.056	16.3062	1701.74 (8.9847721636222442,)
158	25   	331.517	342.178	11.2794	1411.99 (8.9847721636222442,)
159	25   	301.165	319.3  	28.112 	1197.03 (8.9847721636222442,)
160	25   	329.067	407.67 	10.3143	1344.55 (8.9847721636222442,)
161	25   	288.106	213.419	16.2767	779.842 (8.9847721636222442,)
162	25   	267.947	301.967	23.307 	1304.06 (8.9847721636222442,)
163	25   	300.836	273.554	14.8357	1267.73 (8.9847721636222442,)
164	25   	273.478	297.384	25.4954	1419.94 (8.9847721636222442,)
165	25   	299.372	193.671	43.0564	738.273 (8.9847721636222442,)
166	25   	381.896	329.676	18.909 	1543.34 (8.9847721636222442,)
167	25   	249.068	160.341	11.0646	701.74  (8.9847721636222442,)
168	25   	388.175	364.527	12.3578	1212.54 (8.9847721636222442,)
169	25   	351.361	242.847	35.688 	953.516 (8.9847721636222442,)
170	25   	234.197	223.562	14.2133	716.74  (8.9847721636222442,)
171	25   	221.034	143.734	32.5849	673.507 (8.9847721636222442,)
172	25   	232.051	153.163	13.4313	539.815 (8.9847721636222442,)
173	25   	210.593	217.599	8.66721	662.632 (8.6672058916785595,)
174	25   	326.713	244.517	37.3275	1021.29 (8.6672058916785595,)
175	25   	390.166	385.966	20.9424	1426.4  (8.6672058916785595,)
176	25   	292.789	290.667	12.7875	1457.18 (8.6672058916785595,)
177	25   	280.12 	262.666	13.1864	1041.95 (8.6672058916785595,)
178	25   	226.388	188.928	34.4467	707.276 (8.6672058916785595,)
179	25   	460.95 	440.665	20.8736	1526.31 (8.6672058916785595,)
180	25   	368.574	365.517	17.8297	1454.19 (8.6672058916785595,)
181	25   	394.989	360.727	20.4166	1428.14 (8.6672058916785595,)
182	25   	384.377	397.148	45.6889	1421.62 (8.6672058916785595,)
183	25   	334.423	244.369	20.9027	906.886 (8.6672058916785595,)
184	25   	450.417	382.607	18.2604	1485.36 (8.6672058916785595,)
185	25   	392.989	351.194	17.5413	1505.34 (8.6672058916785595,)
186	25   	283.912	309.972	17.7668	1297.8  (8.6672058916785595,)
187	25   	281.211	282.729	16.0165	1078.64 (8.6672058916785595,)
188	25   	332.461	289.318	13.7727	1115.8  (8.6672058916785595,)
189	25   	252.229	238.868	23.6914	1114.25 (8.6672058916785595,)
190	25   	262.826	250.283	13.3998	947.209 (8.6672058916785595,)
191	25   	286.761	327.947	17.3461	1323.94 (8.6672058916785595,)
192	25   	322.033	254.613	21.4862	920.844 (8.6672058916785595,)
193	25   	317.19 	309.189	18.8829	1356    (8.6672058916785595,)
194	25   	272.203	237.977	15.0863	1090.9  (8.6672058916785595,)
195	25   	375.345	368.053	17.4806	1401.24 (8.6672058916785595,)
196	25   	257.442	183.873	29.0776	737.191 (8.6672058916785595,)
197	25   	214.76 	201.785	8.30832	689.904 (8.3083245288664997,)
198	25   	243.935	215.787	13.7562	840.113 (8.3083245288664997,)
199	25   	242.137	196.437	14.6876	924.231 (8.3083245288664997,)
200	25   	356.497	361.155	14.3805	1644.59 (8.3083245288664997,)
201	25   	339.483	381.347	7.71163	1589.25 (7.7116321179038287,)
202	25   	253.032	190.689	19.443 	608.12  (7.7116321179038287,)
203	25   	345.798	268.107	17.2149	973.694 (7.7116321179038287,)
204	25   	314.402	207.387	16.5019	792.475 (7.7116321179038287,)
205	25   	269.07 	300.036	15.8319	1327.54 (7.7116321179038287,)
206	25   	289.302	216.814	26.8785	872.417 (7.7116321179038287,)
207	25   	375.377	335.273	10.9254	1513.23 (7.7116321179038287,)
208	25   	319.521	243.687	15.0046	981.998 (7.7116321179038287,)
209	25   	287.853	213.755	28.3091	786.945 (7.7116321179038287,)
210	25   	338.213	343.163	32.992 	1645.05 (7.7116321179038287,)
211	25   	317.139	258.355	14.2009	1061.95 (7.7116321179038287,)
212	25   	186.96 	190.223	9.91297	934.928 (7.7116321179038287,)
213	25   	278.5  	263.848	24.2366	987.053 (7.7116321179038287,)
214	25   	381.998	339.69 	36.178 	1379.68 (7.7116321179038287,)
215	25   	237.654	226.128	6.31665	966.11  (6.3166543285977541,)
216	25   	372.194	360.278	18.346 	1157.38 (6.3166543285977541,)
217	25   	351.306	225.663	10.6732	773.956 (6.3166543285977541,)
218	25   	513.849	467.411	23.9975	1679.93 (6.3166543285977541,)
219	25   	398.112	236.965	12.6668	870.465 (6.3166543285977541,)
220	25   	413.422	319.963	26.5477	1093.12 (6.3166543285977541,)
221	25   	271.255	316.183	14.4106	1442.33 (6.3166543285977541,)
222	25   	355.184	298.474	19.5286	941.401 (6.3166543285977541,)
223	25   	279.962	296.534	8.65861	1173.69 (6.3166543285977541,)
224	25   	355.603	398.373	10.6349	1489.63 (6.3166543285977541,)
225	25   	245.503	190.153	8.61789	626.946 (6.3166543285977541,)
226	25   	247.168	188.607	14.3625	779.496 (6.3166543285977541,)
227	25   	302.199	307.59 	12.3099	1530.21 (6.3166543285977541,)
228	25   	353.806	358.048	24.6873	1422.42 (6.3166543285977541,)
229	25   	307.289	357.018	16.1928	1537.08 (6.3166543285977541,)
230	25   	305.121	299.463	13.2636	1182.68 (6.3166543285977541,)
231	25   	378.86 	302.764	14.7558	1234.72 (6.3166543285977541,)
232	25   	238.701	241.816	8.04052	761.614 (6.3166543285977541,)
233	25   	274.964	321.771	19.1441	1614.49 (6.3166543285977541,)
234	25   	290.56 	307.007	11.9015	1071.88 (6.3166543285977541,)
235	25   	330.726	334.834	17.4185	1436.46 (6.3166543285977541,)
236	25   	314.174	271.301	17.5318	899.265 (6.3166543285977541,)
237	25   	367.084	372.485	35.872 	1521.86 (6.3166543285977541,)
238	25   	292.101	272.011	12.9859	965.248 (6.3166543285977541,)
239	25   	386.368	341.023	32.9836	1200.45 (6.3166543285977541,)
240	25   	269.089	216.893	18.1202	812.656 (6.3166543285977541,)
241	25   	279.143	254.261	14.0359	1193.4  (6.3166543285977541,)
242	25   	292.858	351.75 	12.6939	1645.78 (6.3166543285977541,)
243	25   	420.686	302.164	13.5398	1321.34 (6.3166543285977541,)
244	25   	350.985	255.02 	14.654 	844.186 (6.3166543285977541,)
245	25   	447.481	377.96 	9.51949	1555.48 (6.3166543285977541,)
246	25   	350.374	316.551	17.1185	1367.86 (6.3166543285977541,)
247	25   	370.286	287.161	9.04457	1175.52 (6.3166543285977541,)
248	25   	299.314	261.766	18.8052	815.276 (6.3166543285977541,)
249	25   	342.364	292.805	12.339 	1201.02 (6.3166543285977541,)
250	25   	379.871	251.086	37.0854	1028.97 (6.3166543285977541,)
251	25   	436.757	361.99 	51.1715	1424.38 (6.3166543285977541,)
252	25   	428.191	319.282	8.3137 	1374.42 (6.3166543285977541,)
253	25   	443.987	413.293	15.5972	1680.76 (6.3166543285977541,)
254	25   	390.287	331.339	30.4435	1513.71 (6.3166543285977541,)
255	25   	331.046	382.137	13.0895	1628.67 (6.3166543285977541,)
256	25   	275.289	211.394	23.855 	884.978 (6.3166543285977541,)
257	25   	368.271	353.576	27.083 	1491.3  (6.3166543285977541,)
258	25   	307.034	308.151	10.0401	1283.19 (6.3166543285977541,)
259	25   	306.201	289.56 	9.00868	1195.54 (6.3166543285977541,)
260	25   	236.212	234.503	10.8995	922.536 (6.3166543285977541,)
261	25   	359.171	350.729	14.8371	1454.26 (6.3166543285977541,)
262	25   	389.756	335.262	23.3152	1180.39 (6.3166543285977541,)
263	25   	285.075	234.862	9.9342 	763.608 (6.3166543285977541,)
264	25   	336.015	270.936	21.8424	901.016 (6.3166543285977541,)
265	25   	261.794	188.073	20.478 	692.682 (6.3166543285977541,)
266	25   	319.115	363.253	9.35859	1280.2  (6.3166543285977541,)
267	25   	277.108	176.227	11.723 	649.826 (6.3166543285977541,)
268	25   	296.537	243.075	11.9769	1105.51 (6.3166543285977541,)
269	25   	352.128	472.293	11.8033	1447.8  (6.3166543285977541,)
270	25   	312.956	298.329	30.5654	920.506 (6.3166543285977541,)
271	25   	418.037	404.757	13.6949	1422.72 (6.3166543285977541,)
272	25   	374.98 	377.567	12.7911	1545.5  (6.3166543285977541,)
273	25   	414.58 	370.274	12.0237	1522.66 (6.3166543285977541,)
274	25   	367.803	312.068	13.4412	1132.48 (6.3166543285977541,)
275	25   	385.9  	410.619	20.0096	1681.08 (6.3166543285977541,)
276	25   	354.881	297.001	28.4253	1001.18 (6.3166543285977541,)
277	25   	295.411	316.554	9.52427	1283.55 (6.3166543285977541,)
278	25   	298.894	260.982	17.8047	1047.6  (6.3166543285977541,)
279	25   	279.757	337.486	19.7162	1587.25 (6.3166543285977541,)
280	25   	277.779	315.958	18.0611	1567.79 (6.3166543285977541,)
281	25   	282.471	211.097	12.7646	809.292 (6.3166543285977541,)
282	25   	285.347	255.275	15.4363	819.983 (6.3166543285977541,)
283	25   	380.759	367.914	19.4247	1455.58 (6.3166543285977541,)
284	25   	331.788	308.551	10.5824	1076.88 (6.3166543285977541,)
285	25   	337.207	318.777	8.5937 	1626.02 (6.3166543285977541,)
286	25   	377.904	416.848	10.9494	1575.48 (6.3166543285977541,)
287	25   	307.327	282.625	8.3676 	1157.56 (6.3166543285977541,)
288	25   	361.366	325.849	15.2841	1421.73 (6.3166543285977541,)
289	25   	380.036	278.353	10.1999	909.003 (6.3166543285977541,)
290	25   	355.941	338.315	18.8487	1527.73 (6.3166543285977541,)
291	25   	283.641	219.214	9.69191	880.695 (6.3166543285977541,)
292	25   	259.352	255.271	18.4046	1043.69 (6.3166543285977541,)
293	25   	436.885	311.161	9.30623	1258.13 (6.3166543285977541,)
294	25   	405.179	307.69 	30.2996	1411.64 (6.3166543285977541,)
295	25   	355.314	370.55 	11.5993	1769.59 (6.3166543285977541,)
296	25   	365.356	381.441	18.7021	1626.91 (6.3166543285977541,)
297	25   	421.977	302.594	84.1061	1126.08 (6.3166543285977541,)
298	25   	414.634	309.597	37.5143	1056.31 (6.3166543285977541,)
299	25   	356.934	272.105	14.0321	1166.58 (6.3166543285977541,)
300	25   	373.19 	328.182	7.41205	1386.05 (6.3166543285977541,)
301	25   	345.305	304.974	29.9161	1345.93 (6.3166543285977541,)
302	25   	318.243	218.813	11.5742	799.612 (6.3166543285977541,)
303	25   	362.636	227.017	19.3597	934.747 (6.3166543285977541,)
304	25   	396.746	268.734	34.8293	1284.73 (6.3166543285977541,)
305	25   	299.484	295.034	14.4673	1245.48 (6.3166543285977541,)
306	25   	222.578	174.784	31.0804	747.9   (6.3166543285977541,)
307	25   	300.515	261.672	7.74807	1036.83 (6.3166543285977541,)
308	25   	345.095	254.497	23.7889	862.429 (6.3166543285977541,)
309	25   	377.198	317.564	35.5787	1149.16 (6.3166543285977541,)
310	25   	318.159	162.211	8.83589	606.968 (6.3166543285977541,)
311	25   	309.73 	231.915	13.7186	770.553 (6.3166543285977541,)
312	25   	237.268	254.99 	15.1693	1128.78 (6.3166543285977541,)
313	25   	260.726	186.211	21.8909	770.901 (6.3166543285977541,)
314	25   	231.867	202.697	16.5884	887.514 (6.3166543285977541,)
315	25   	212.139	263.464	25.5995	1263.46 (6.3166543285977541,)
316	25   	344.59 	317.608	11.6756	1245.84 (6.3166543285977541,)
317	25   	431.381	357.64 	16.4127	1410.19 (6.3166543285977541,)
318	25   	305.106	240.565	16.51  	734.11  (6.3166543285977541,)
319	25   	306.513	233.983	11.5984	913.978 (6.3166543285977541,)
320	25   	335.582	346.42 	15.119 	1502.73 (6.3166543285977541,)
321	25   	299.005	264.478	11.387 	989.098 (6.3166543285977541,)
322	25   	364.8  	301.947	13.6377	1394.87 (6.3166543285977541,)
323	25   	300.905	273.04 	8.06455	1167.42 (6.3166543285977541,)
324	25   	321.719	326.511	23.209 	1569.7  (6.3166543285977541,)
325	25   	368.516	364.805	29.2661	1306.95 (6.3166543285977541,)
326	25   	264.942	241.463	12.1724	902.279 (6.3166543285977541,)
327	25   	319.654	266.963	30.0959	1113.04 (6.3166543285977541,)
328	25   	310.937	303.82 	12.6552	1064.18 (6.3166543285977541,)
329	25   	454.45 	350.896	18.4451	1257.15 (6.3166543285977541,)
330	25   	376.856	312.712	10.6399	1200.91 (6.3166543285977541,)
331	25   	340.333	300.244	31.5346	1507.15 (6.3166543285977541,)
332	25   	400.042	397.932	37.8701	1413.86 (6.3166543285977541,)
333	25   	269.543	304.383	9.33064	1590.79 (6.3166543285977541,)
334	25   	317.053	325.555	12.7757	1262.73 (6.3166543285977541,)
335	25   	380.079	319.28 	10.7441	1179.19 (6.3166543285977541,)
336	25   	345.958	298.09 	13.7804	1323.72 (6.3166543285977541,)
337	25   	325.891	213.769	10.4894	714.119 (6.3166543285977541,)
338	25   	236.506	198.589	14.0672	596.984 (6.3166543285977541,)
339	25   	262.508	230.103	14.7416	827.679 (6.3166543285977541,)
340	25   	269.048	266.171	14.6614	856.861 (6.3166543285977541,)
341	25   	316.151	257.463	31.6267	1016.92 (6.3166543285977541,)
342	25   	388.614	339.911	18.7177	1559.92 (6.3166543285977541,)
343	25   	340.315	320.573	43.5425	1390.64 (6.3166543285977541,)
344	25   	244.983	268.903	13.3148	1056.85 (6.3166543285977541,)
345	25   	313.782	388.225	12.0833	1363.36 (6.3166543285977541,)
346	25   	313.556	218.603	17.8802	899.79  (6.3166543285977541,)
347	25   	431.996	451.542	34.7731	1694.74 (6.3166543285977541,)
348	25   	342.229	287.085	10.1195	948.235 (6.3166543285977541,)
349	25   	316.75 	376.37 	16.3396	1545.87 (6.3166543285977541,)
350	25   	291.546	246.002	8.36461	982.778 (6.3166543285977541,)
351	25   	369.961	317.792	13.761 	1517.18 (6.3166543285977541,)
352	25   	384.051	352.214	15.5039	1189.89 (6.3166543285977541,)
353	25   	324.641	346.105	14.2617	1578.14 (6.3166543285977541,)
354	25   	328.869	368.444	17.2563	1527.92 (6.3166543285977541,)
355	25   	335.698	377.372	8.85311	1608.19 (6.3166543285977541,)
356	25   	358.942	309.605	23.5812	929.108 (6.3166543285977541,)
357	25   	360.319	287.801	13.731 	1111.93 (6.3166543285977541,)
358	25   	299.805	329.407	12.1991	980.504 (6.3166543285977541,)
359	25   	328.269	310.435	21.9195	1407.11 (6.3166543285977541,)
360	25   	351.969	314.898	28.6981	1339.65 (6.3166543285977541,)
361	25   	352.466	291.165	14.8067	1053.36 (6.3166543285977541,)
362	25   	300.487	250.989	18.2052	992.176 (6.3166543285977541,)
363	25   	316.255	201.097	10.5212	899.281 (6.3166543285977541,)
364	25   	343.294	248.267	10.2274	1147.04 (6.3166543285977541,)
365	25   	326.378	255.294	19.458 	1010.07 (6.3166543285977541,)
366	25   	238.608	169.959	19.3923	597.641 (6.3166543285977541,)
367	25   	359.809	356.893	13.221 	1324.2  (6.3166543285977541,)
368	25   	489.397	430.572	7.31657	1483.61 (6.3166543285977541,)
369	25   	312.204	376.041	11.8979	1351.81 (6.3166543285977541,)
370	25   	418.73 	348.927	19.8561	1411.08 (6.3166543285977541,)
371	25   	415.523	301.504	12.5846	1319.64 (6.3166543285977541,)
372	25   	394.804	371.628	14.1149	1541.64 (6.3166543285977541,)
373	25   	353.485	276.011	20.9498	1303.81 (6.3166543285977541,)
374	25   	288.399	347.094	8.32194	1629.84 (6.3166543285977541,)
375	25   	268.43 	241.309	7.61596	708.657 (6.3166543285977541,)
376	25   	241.208	260.952	9.61613	999.84  (6.3166543285977541,)
377	25   	300.695	303.557	23.5091	1443.9  (6.3166543285977541,)
378	25   	303.341	247.545	14.5123	936.711 (6.3166543285977541,)
379	25   	375.267	315.835	22.1539	1289.81 (6.3166543285977541,)
380	25   	264.177	288.975	14.8445	1266.22 (6.3166543285977541,)
381	25   	308.2  	289.517	9.74461	1134.65 (6.3166543285977541,)
382	25   	420.534	483.477	9.92661	1594.58 (6.3166543285977541,)
383	25   	240.618	191.865	8.49389	728.006 (6.3166543285977541,)
384	25   	312.339	275.085	12.9912	964.694 (6.3166543285977541,)
385	25   	263.286	240.781	14.9366	879.782 (6.3166543285977541,)
386	25   	299.209	282.346	7.68045	1051.91 (6.3166543285977541,)
387	25   	223.455	188.648	6.99964	669.442 (6.3166543285977541,)
388	25   	252.125	274.014	17.8409	1011.01 (6.3166543285977541,)
389	25   	319.002	242.421	16.6208	1027.97 (6.3166543285977541,)
390	25   	223.61 	142.587	16.828 	550.425 (6.3166543285977541,)
391	25   	459.142	348.51 	21.613 	1221.25 (6.3166543285977541,)
392	25   	416.862	359.547	10.9729	1553.32 (6.3166543285977541,)
393	25   	399.159	427.129	50.6145	1626.12 (6.3166543285977541,)
394	25   	312.168	288.797	12.4599	1189.64 (6.3166543285977541,)
395	25   	376.143	374.158	9.14952	1515.87 (6.3166543285977541,)
396	25   	398.227	322.96 	12.0455	1171.54 (6.3166543285977541,)
397	25   	362.044	252.408	45.411 	1003.97 (6.3166543285977541,)
398	25   	372.244	337.813	17.4133	1490.37 (6.3166543285977541,)
399	25   	443.788	395.307	10.6992	1576.67 (6.3166543285977541,)
400	25   	324.917	248.554	23.6463	795.105 (6.3166543285977541,)
401	25   	388.113	338.469	17.9916	1093.4  (6.3166543285977541,)
402	25   	253.154	209.846	14.774 	867.548 (6.3166543285977541,)
403	25   	298.85 	241.844	7.55018	861.421 (6.3166543285977541,)
404	25   	246.277	179.742	12.17  	571.488 (6.3166543285977541,)
405	25   	284.66 	213.515	10.736 	870.279 (6.3166543285977541,)
406	25   	273.897	314.202	15.2035	1576.77 (6.3166543285977541,)
407	25   	316.514	377.731	9.5994 	1308.95 (6.3166543285977541,)
408	25   	256.628	298.305	13.9651	1385.35 (6.3166543285977541,)
409	25   	317.648	268.994	19.5779	1044.18 (6.3166543285977541,)
410	25   	458.869	357.309	8.42309	1344.07 (6.3166543285977541,)
411	25   	515.545	454.445	13.5503	1727.18 (6.3166543285977541,)
412	25   	356.956	301.29 	11.7403	994.334 (6.3166543285977541,)
413	25   	344.814	260.124	10.6194	871.276 (6.3166543285977541,)
414	25   	254.763	226.924	9.2642 	757.994 (6.3166543285977541,)
415	25   	359.483	344.68 	15.908 	1620.19 (6.3166543285977541,)
416	25   	426.321	391.336	20.3204	1645.59 (6.3166543285977541,)
417	25   	327.446	266.986	15.3065	1084.89 (6.3166543285977541,)
418	25   	320.798	343.37 	7.73523	1624.23 (6.3166543285977541,)
419	25   	276.403	252.338	10.3716	733.915 (6.3166543285977541,)
420	25   	323.239	262.028	40.7172	1145.31 (6.3166543285977541,)
421	25   	206.281	187.128	16.5723	712.452 (6.3166543285977541,)
422	25   	310.466	249.111	14.4002	924.284 (6.3166543285977541,)
423	25   	334.343	288.205	21.0415	1113.41 (6.3166543285977541,)
424	25   	311.071	268.9  	13.7163	988.383 (6.3166543285977541,)
425	25   	386.27 	410.753	14.0819	1487.43 (6.3166543285977541,)
426	25   	279.842	261.918	8.81258	920.055 (6.3166543285977541,)
427	25   	277.961	333.382	9.55784	1369.48 (6.3166543285977541,)
428	25   	252.174	240.418	7.51251	900.713 (6.3166543285977541,)
429	25   	307.162	254.673	29.2173	938.696 (6.3166543285977541,)
430	25   	281.672	206.647	15.5064	719.5   (6.3166543285977541,)
431	25   	321.673	199.551	25.7936	741.829 (6.3166543285977541,)
432	25   	347.61 	426.757	12.9593	1594.32 (6.3166543285977541,)
433	25   	399.236	366.114	9.95527	1574.83 (6.3166543285977541,)
434	25   	315.768	251.367	10.0242	884.691 (6.3166543285977541,)
435	25   	291.618	221.064	21.7562	834.357 (6.3166543285977541,)
436	25   	294.406	277.069	16.0221	1226.34 (6.3166543285977541,)
437	25   	251.149	226.067	15.8848	1056.21 (6.3166543285977541,)
438	25   	330.156	266.268	7.97152	1073.2  (6.3166543285977541,)
439	25   	324.029	323.821	8.69177	1083.26 (6.3166543285977541,)
440	25   	395.656	296.42 	66.2091	1180.25 (6.3166543285977541,)
441	25   	274.414	215.536	8.74204	783.382 (6.3166543285977541,)
442	25   	211.299	307.695	6.99717	1577.9  (6.3166543285977541,)
443	25   	301.054	259.405	18.8566	1026.34 (6.3166543285977541,)
444	25   	300.867	279.157	8.3777 	1049.05 (6.3166543285977541,)
445	25   	235.264	168.645	14.4596	643.267 (6.3166543285977541,)
446	25   	348.928	297.826	19.0264	1246.48 (6.3166543285977541,)
447	25   	305.083	217.965	24.6508	776.156 (6.3166543285977541,)
448	25   	338.611	292.074	35.9018	1336.29 (6.3166543285977541,)
449	25   	302.275	261.58 	16.6886	1037.73 (6.3166543285977541,)
450	25   	176.676	152.336	6.82782	674.572 (6.3166543285977541,)
451	25   	302.282	265.294	24.2916	1233.18 (6.3166543285977541,)
452	25   	356.805	351.033	35.2474	1387.5  (6.3166543285977541,)
453	25   	257.658	242.572	16.2349	821.697 (6.3166543285977541,)
454	25   	274.597	261.717	19.6669	832.134 (6.3166543285977541,)
455	25   	241.285	215.159	11.076 	899.555 (6.3166543285977541,)
456	25   	324.719	339.871	24.4536	1194.51 (6.3166543285977541,)
457	25   	308.903	251.387	25.2461	896.613 (6.3166543285977541,)
458	25   	254.347	227.862	14.8584	960.08  (6.3166543285977541,)
459	25   	330.74 	289.914	48.8654	1369.48 (6.3166543285977541,)
460	25   	245.829	296.412	9.33805	1273.73 (6.3166543285977541,)
461	25   	340.908	326.125	13.8749	1175.26 (6.3166543285977541,)
462	25   	314.072	326.374	15.3   	1643.69 (6.3166543285977541,)
463	25   	351.301	319.726	10.9138	1311.11 (6.3166543285977541,)
464	25   	339.313	297.997	11.539 	1170.81 (6.3166543285977541,)
465	25   	425.877	316.649	12.3545	981.148 (6.3166543285977541,)
466	25   	264.474	260.321	23.8578	851.802 (6.3166543285977541,)
467	25   	378.129	308.975	11.3762	1196.13 (6.3166543285977541,)
468	25   	278.031	244.027	7.49308	936.322 (6.3166543285977541,)
469	25   	224.344	265.484	7.31213	1277.46 (6.3166543285977541,)
470	25   	298.022	305.827	6.63678	1292.83 (6.3166543285977541,)
471	25   	237.877	204.298	11.3818	832.337 (6.3166543285977541,)
472	25   	315.653	308.145	14.8823	1260.5  (6.3166543285977541,)
473	25   	265.687	274.894	13.5846	1085.47 (6.3166543285977541,)
474	25   	371.673	376.998	7.76907	1749.88 (6.3166543285977541,)
475	25   	305.978	302.491	15.4256	1135.61 (6.3166543285977541,)
476	25   	316.7  	253.49 	16.1126	860.484 (6.3166543285977541,)
477	25   	261.732	225.654	14.8698	865.194 (6.3166543285977541,)
478	25   	342.816	375.928	24.3271	1661.49 (6.3166543285977541,)
479	25   	329.311	252.611	6.67101	960.919 (6.3166543285977541,)
480	25   	335.519	336.751	15.4745	1422.71 (6.3166543285977541,)
481	25   	248.312	177.987	7.45314	726.211 (6.3166543285977541,)
482	25   	275.933	280.505	5.64471	1111.74 (5.6447088534456453,)
483	25   	295.814	269.467	8.59707	1004.49 (5.6447088534456453,)
484	25   	259.724	229.604	21.3361	777.735 (5.6447088534456453,)
485	25   	352.496	322.727	9.9373 	1460.18 (5.6447088534456453,)
486	25   	354.95 	319.208	17.4995	1219.49 (5.6447088534456453,)
487	25   	408.448	332.307	26.8517	1366.83 (5.6447088534456453,)
488	25   	360.842	301.4  	10.9639	907.584 (5.6447088534456453,)
489	25   	346.339	361.245	22.2548	1586.34 (5.6447088534456453,)
490	25   	301.234	286.449	16.3725	1298.74 (5.6447088534456453,)
491	25   	333.695	357.669	26.5669	1437.87 (5.6447088534456453,)
492	25   	284.007	233.598	12.5874	777.262 (5.6447088534456453,)
493	25   	386.144	276.126	18.7369	1098.87 (5.6447088534456453,)
494	25   	314.399	287.536	22.8423	1137.73 (5.6447088534456453,)
495	25   	359.614	365.333	32.1082	1626.78 (5.6447088534456453,)
496	25   	394.231	298.036	33.1689	1020.65 (5.6447088534456453,)
497	25   	323.853	227.217	11.7817	866.861 (5.6447088534456453,)
498	25   	283.453	247.977	12.476 	1052.8  (5.6447088534456453,)
499	25   	310.252	259.064	43.0473	1250.06 (5.6447088534456453,)
