In file included from /usr/local/lib/python2.7/dist-packages/numpy/core/include/numpy/ndarraytypes.h:1804:0,
                 from /usr/local/lib/python2.7/dist-packages/numpy/core/include/numpy/ndarrayobject.h:17,
                 from /usr/local/lib/python2.7/dist-packages/numpy/core/include/numpy/arrayobject.h:4,
                 from /home/pinojc/.cache/scipy/python27_compiled/sc_9bade30717731f645b30a512f757f0fa962.cpp:22:
/usr/local/lib/python2.7/dist-packages/numpy/core/include/numpy/npy_1_7_deprecated_api.h:15:2: warning: #warning "Using deprecated NumPy API, disable it by " "#defining NPY_NO_DEPRECATED_API NPY_1_7_API_VERSION" [-Wcpp]
 #warning "Using deprecated NumPy API, disable it by " \
  ^
gen	evals	avg    	std    	min    	max    
0  	25   	760.734	340.687	159.163	1334.82 (159.16294319101942,)
1  	25   	445.775	234.328	73.1074	903.727 (73.107368726284534,)
2  	25   	297.246	182.641	43.0735	712.998 (43.073536245555886,)
3  	25   	252.522	204.06 	34.1514	780.404 (34.151357149569314,)
4  	25   	198.274	176.251	14.2379	649.572 (14.237889677104967,)
5  	25   	265.368	201.07 	15.2393	684.471 (14.237889677104967,)
6  	25   	263.56 	206.584	16.8104	877.853 (14.237889677104967,)
7  	25   	241.795	184.253	47.0433	778.453 (14.237889677104967,)
8  	25   	296.388	224.76 	12.9384	872.773 (12.938437715073595,)
9  	25   	159.23 	154.129	13.5853	685.46  (12.938437715073595,)
10 	25   	246.593	216.025	21.9643	709.559 (12.938437715073595,)
11 	25   	242.279	262.359	14.7305	1256.76 (12.938437715073595,)
12 	25   	249.105	231.791	14.3494	789.765 (12.938437715073595,)
13 	25   	341.1  	318.074	14.5278	1541.04 (12.938437715073595,)
14 	25   	284.591	228.867	13.3721	868.885 (12.938437715073595,)
15 	25   	326.966	250.503	12.3782	960.713 (12.378172648448629,)
16 	25   	393.372	309.032	23.1494	1445.37 (12.378172648448629,)
17 	25   	353.283	409.126	14.1511	1595.17 (12.378172648448629,)
18 	25   	253.616	268.724	16.7732	908.338 (12.378172648448629,)
19 	25   	330.2  	231.099	21.8258	747.834 (12.378172648448629,)
20 	25   	247.795	161.427	31.9586	586.998 (12.378172648448629,)
21 	25   	251.968	188.586	20.1117	896.994 (12.378172648448629,)
22 	25   	164.169	140.209	30.7223	631.533 (12.378172648448629,)
23 	25   	181.454	185.968	12.2255	664.977 (12.225486717144527,)
24 	25   	302.826	274.503	21.8754	1057.66 (12.225486717144527,)
25 	25   	416.861	376.118	26.389 	1373.14 (12.225486717144527,)
26 	25   	259.347	157.747	15.5393	640.467 (12.225486717144527,)
27 	25   	183.339	222.731	10.2629	1025.37 (10.262932618557453,)
28 	25   	300.358	276.024	11.8585	1127.66 (10.262932618557453,)
29 	25   	374.486	403.515	16.0615	1494.67 (10.262932618557453,)
30 	25   	237.234	193.899	11.6871	756.287 (10.262932618557453,)
31 	25   	329.515	311.973	18.1908	1127.48 (10.262932618557453,)
32 	25   	287.417	239.279	32.0213	858.581 (10.262932618557453,)
33 	25   	255.851	164.741	30.6453	607.446 (10.262932618557453,)
34 	25   	328.078	383.637	14.7454	1699.76 (10.262932618557453,)
35 	25   	458.942	300.758	54.8964	989.217 (10.262932618557453,)
36 	25   	307.763	326.408	27.4971	1161.12 (10.262932618557453,)
37 	25   	286.887	239.807	14.8748	760.838 (10.262932618557453,)
38 	25   	266.328	218.534	14.0775	961.845 (10.262932618557453,)
39 	25   	311.398	326.147	15.6134	1348.34 (10.262932618557453,)
40 	25   	238.289	263.043	33.0608	1017.49 (10.262932618557453,)
41 	25   	338.96 	309.951	22.4165	1445.56 (10.262932618557453,)
42 	25   	395.762	312.623	26.8924	1179.78 (10.262932618557453,)
43 	25   	254.256	197.711	22.1183	708.124 (10.262932618557453,)
44 	25   	265.464	246.766	14.9991	911.055 (10.262932618557453,)
45 	25   	307.282	259.073	20.1978	1117.95 (10.262932618557453,)
46 	25   	312.178	370.921	12.1826	1615.87 (10.262932618557453,)
47 	25   	304.319	283.864	16.842 	1364    (10.262932618557453,)
48 	25   	390.465	386.46 	38.1339	1354.67 (10.262932618557453,)
49 	25   	361.497	368.695	9.59489	1381.54 (9.5948862521387728,)
50 	25   	258.478	251.68 	16.0041	957.674 (9.5948862521387728,)
51 	25   	289.028	278.126	17.3997	1201.53 (9.5948862521387728,)
52 	25   	184.199	170.793	11.5257	564.018 (9.5948862521387728,)
53 	25   	285.82 	279.772	12.1419	989.463 (9.5948862521387728,)
54 	25   	231.777	246.187	18.0004	1107.21 (9.5948862521387728,)
55 	25   	303    	255.926	11.6011	983.891 (9.5948862521387728,)
56 	25   	349.431	301.501	20.5188	1155.46 (9.5948862521387728,)
57 	25   	458.001	345.902	42.447 	1396.74 (9.5948862521387728,)
58 	25   	367.44 	320.735	18.1668	1345.11 (9.5948862521387728,)
59 	25   	299.044	172.485	36.6972	854.487 (9.5948862521387728,)
60 	25   	266.564	178.143	33.2622	587.804 (9.5948862521387728,)
61 	25   	311.227	256.427	57.0334	1196.56 (9.5948862521387728,)
62 	25   	314.352	320.234	12.4357	1172.58 (9.5948862521387728,)
63 	25   	346.91 	366.292	20.0677	1346.89 (9.5948862521387728,)
64 	25   	357.401	277.901	27.5529	988.878 (9.5948862521387728,)
65 	25   	325.463	221.521	17.5792	749.128 (9.5948862521387728,)
66 	25   	272.88 	194.411	38.1638	669.596 (9.5948862521387728,)
67 	25   	340.902	406.062	21.1056	1474.98 (9.5948862521387728,)
68 	25   	454.404	373.968	25.4042	1521.29 (9.5948862521387728,)
69 	25   	290.201	355.549	16.6382	1220.34 (9.5948862521387728,)
70 	25   	422.63 	451.532	11.7761	1611.92 (9.5948862521387728,)
71 	25   	351.757	296.148	22.0462	1086.05 (9.5948862521387728,)
72 	25   	304.126	253.665	24.8088	1050.54 (9.5948862521387728,)
73 	25   	426.372	350.898	27.2414	1176.02 (9.5948862521387728,)
74 	25   	265.36 	276.103	16.9783	1342.62 (9.5948862521387728,)
75 	25   	416.965	365.495	27.6652	1140.56 (9.5948862521387728,)
76 	25   	331.393	219.712	32.2149	843.146 (9.5948862521387728,)
77 	25   	451.431	324.081	93.9944	1335.61 (9.5948862521387728,)
78 	25   	317.012	332.057	16.5137	1586.02 (9.5948862521387728,)
79 	25   	342.785	309.904	28.9001	1217.61 (9.5948862521387728,)
80 	25   	274.791	261.577	25.6964	823.107 (9.5948862521387728,)
81 	25   	366.993	361.481	12.4716	1260.39 (9.5948862521387728,)
82 	25   	279.614	231.484	19.7119	961.588 (9.5948862521387728,)
83 	25   	269.807	297.852	13.6252	1536.61 (9.5948862521387728,)
84 	25   	266.911	290.469	19.9508	1072.86 (9.5948862521387728,)
85 	25   	322.109	371.746	15.211 	1316.29 (9.5948862521387728,)
86 	25   	283.441	178.6  	55.8191	815.181 (9.5948862521387728,)
87 	25   	220.294	248.263	19.971 	1173.13 (9.5948862521387728,)
88 	25   	205.536	264.691	13.0969	1323.71 (9.5948862521387728,)
89 	25   	240.006	271.632	16.1838	1073.28 (9.5948862521387728,)
90 	25   	191.981	187.058	19.6513	698.231 (9.5948862521387728,)
91 	25   	312.877	393.132	13.3461	1527.29 (9.5948862521387728,)
92 	25   	285.38 	298.308	15.7721	1410.46 (9.5948862521387728,)
93 	25   	357.035	306.965	13.1752	1569.16 (9.5948862521387728,)
94 	25   	451.218	396.817	25.0279	1562.5  (9.5948862521387728,)
95 	25   	304.966	294.936	35.5632	1323.94 (9.5948862521387728,)
96 	25   	423.721	330.247	51.6926	1425.18 (9.5948862521387728,)
97 	25   	356.196	259.594	31.8358	1057.23 (9.5948862521387728,)
98 	25   	319.063	358.228	12.7314	1384.76 (9.5948862521387728,)
99 	25   	318.883	268.06 	27.8488	871.233 (9.5948862521387728,)
100	25   	358.92 	293.345	25.4833	1082.01 (9.5948862521387728,)
101	25   	339.902	345.783	18.112 	1355.86 (9.5948862521387728,)
102	25   	231.788	269.762	19.087 	1233.24 (9.5948862521387728,)
103	25   	384.028	339.899	11.4923	1590.84 (9.5948862521387728,)
104	25   	263.377	274.06 	10.281 	962.451 (9.5948862521387728,)
105	25   	231.722	179.532	25.2142	621.191 (9.5948862521387728,)
106	25   	316.977	366.032	19.3999	1395.96 (9.5948862521387728,)
107	25   	300.189	309.002	18.1489	1555.57 (9.5948862521387728,)
108	25   	264.583	259.223	15.2677	992.218 (9.5948862521387728,)
109	25   	235.549	169.675	9.74141	573.955 (9.5948862521387728,)
110	25   	242.484	223.97 	22.8307	1054    (9.5948862521387728,)
111	25   	211.02 	208.072	30.1439	1047.87 (9.5948862521387728,)
112	25   	315.654	255.034	16.2064	1022.76 (9.5948862521387728,)
113	25   	386.062	368.67 	21.5829	1462.98 (9.5948862521387728,)
114	25   	281.602	193.419	36.5232	643.973 (9.5948862521387728,)
115	25   	334.73 	327.787	14.6446	1213.32 (9.5948862521387728,)
116	25   	304.684	170.061	15.9097	615.044 (9.5948862521387728,)
117	25   	303.317	265.329	19.8579	1262.98 (9.5948862521387728,)
118	25   	248.872	181.455	14.1397	650.905 (9.5948862521387728,)
119	25   	237.713	172.634	16.9582	672.653 (9.5948862521387728,)
120	25   	291.285	373.957	19.0794	1347.87 (9.5948862521387728,)
121	25   	252.916	179.198	12.309 	630.317 (9.5948862521387728,)
122	25   	274.419	312.759	20.7388	1236.69 (9.5948862521387728,)
123	25   	279.653	189.364	35.7536	679.535 (9.5948862521387728,)
124	25   	278.024	258.897	20.1424	962.288 (9.5948862521387728,)
125	25   	280.105	293.853	18.1655	1254.07 (9.5948862521387728,)
126	25   	283.64 	289.701	15.7448	1185.65 (9.5948862521387728,)
127	25   	239.672	160.775	15.2358	605.515 (9.5948862521387728,)
128	25   	303.415	290.87 	24.5824	1247.95 (9.5948862521387728,)
129	25   	276.781	304.208	11.3566	1277.39 (9.5948862521387728,)
130	25   	230.816	205.861	25.026 	885.804 (9.5948862521387728,)
131	25   	210.205	137.737	14.9557	490.568 (9.5948862521387728,)
132	25   	285.878	227.313	13.1612	867.603 (9.5948862521387728,)
133	25   	305.037	260.279	8.53856	1294.09 (8.5385576563411565,)
134	25   	320.59 	312.926	11.649 	1405.15 (8.5385576563411565,)
135	25   	358.797	254.135	30.7445	862.118 (8.5385576563411565,)
136	25   	351.656	329.274	9.36419	1226.73 (8.5385576563411565,)
137	25   	187.554	135.753	10.6753	465.77  (8.5385576563411565,)
138	25   	178.332	217.819	11.6359	875.791 (8.5385576563411565,)
139	25   	201.213	241.279	19.2571	1202.13 (8.5385576563411565,)
140	25   	153.105	166.046	14.0665	652.272 (8.5385576563411565,)
141	25   	210.374	163.928	23.5889	551.993 (8.5385576563411565,)
142	25   	253.802	268.876	18.8032	1192.23 (8.5385576563411565,)
143	25   	255.585	265.599	18.0257	912.8   (8.5385576563411565,)
144	25   	219.995	208.87 	15.9203	830.602 (8.5385576563411565,)
145	25   	245.06 	200.876	13.9838	919.642 (8.5385576563411565,)
146	25   	280.386	224.453	23.7249	776.03  (8.5385576563411565,)
147	25   	251.53 	267.464	29.8524	1142.08 (8.5385576563411565,)
148	25   	219.756	193.191	24.8048	859.133 (8.5385576563411565,)
149	25   	255.456	282.645	10.0197	1077.52 (8.5385576563411565,)
150	25   	258.777	220.93 	11.4631	772.621 (8.5385576563411565,)
151	25   	214.224	217.932	18.0228	1072.79 (8.5385576563411565,)
152	25   	238.725	291.836	10.7315	1387.57 (8.5385576563411565,)
153	25   	225.223	189.794	19.9408	860.492 (8.5385576563411565,)
154	25   	204.286	190.284	7.21608	702.045 (7.2160781826328169,)
155	25   	223.224	247.375	15.7244	1026.87 (7.2160781826328169,)
156	25   	314.431	291.081	21.3108	1054.13 (7.2160781826328169,)
157	25   	266.778	318.909	14.7835	1195.76 (7.2160781826328169,)
158	25   	230.851	188.306	11.001 	684.911 (7.2160781826328169,)
159	25   	165.073	180.674	6.68955	803.362 (6.6895534021068821,)
160	25   	237.81 	222.506	6.7831 	668.222 (6.6895534021068821,)
161	25   	181.406	140.929	10.7009	495.09  (6.6895534021068821,)
162	25   	309.724	257.574	17.6455	1136.2  (6.6895534021068821,)
163	25   	243.063	211.201	35.8169	894.163 (6.6895534021068821,)
164	25   	265.893	171.026	17.9341	601.609 (6.6895534021068821,)
165	25   	205.628	168.078	10.811 	731.816 (6.6895534021068821,)
166	25   	298.195	237.468	27.7652	856.302 (6.6895534021068821,)
167	25   	193.707	209.982	13.0968	895.418 (6.6895534021068821,)
168	25   	150.912	120.013	8.74066	517.688 (6.6895534021068821,)
169	25   	211.404	179.237	24.179 	815.643 (6.6895534021068821,)
170	25   	237.002	191.831	15.5035	676.314 (6.6895534021068821,)
171	25   	282.408	289.887	15.6761	1130.69 (6.6895534021068821,)
172	25   	270.745	222.772	14.1592	740.546 (6.6895534021068821,)
173	25   	202.11 	177.41 	16.8415	786.522 (6.6895534021068821,)
174	25   	268.333	264.448	8.14455	943.293 (6.6895534021068821,)
175	25   	323.472	290.535	11.3098	1132.96 (6.6895534021068821,)
176	25   	265.314	194.477	14.8393	627.372 (6.6895534021068821,)
177	25   	307.745	195.152	12.9372	727.214 (6.6895534021068821,)
178	25   	242.341	234.031	7.78026	1081.08 (6.6895534021068821,)
179	25   	323.251	292.05 	25.3806	1257.48 (6.6895534021068821,)
180	25   	349.748	359.87 	7.82263	1432.41 (6.6895534021068821,)
181	25   	300.274	234.986	11.8545	879.824 (6.6895534021068821,)
182	25   	243.019	188.703	28.2122	788.359 (6.6895534021068821,)
183	25   	239.926	252.132	9.09727	945.852 (6.6895534021068821,)
184	25   	280.166	271.588	17.519 	1225.34 (6.6895534021068821,)
185	25   	251.02 	242.618	10.9798	1049.76 (6.6895534021068821,)
186	25   	200.468	168.836	15.7763	725.242 (6.6895534021068821,)
187	25   	351.716	223.353	73.212 	905.308 (6.6895534021068821,)
188	25   	317.088	340.229	8.99661	1497.81 (6.6895534021068821,)
189	25   	269.535	223.248	10.2126	974.702 (6.6895534021068821,)
190	25   	188.103	197.318	7.95985	851.247 (6.6895534021068821,)
191	25   	302.233	315.565	21.5227	1207.09 (6.6895534021068821,)
192	25   	188.885	145.73 	8.64535	491.631 (6.6895534021068821,)
193	25   	328.161	346.383	13.8533	1585.61 (6.6895534021068821,)
194	25   	300.859	206.719	8.2979 	842.311 (6.6895534021068821,)
195	25   	276.403	204.178	19.3717	696.585 (6.6895534021068821,)
196	25   	316.849	199.392	50.276 	760.127 (6.6895534021068821,)
197	25   	291.226	296.076	16.5512	1220.61 (6.6895534021068821,)
198	25   	246.878	227.164	21.0787	853.323 (6.6895534021068821,)
199	25   	158.673	143.062	14.3292	590.508 (6.6895534021068821,)
200	25   	304.158	262.372	13.5211	1037.68 (6.6895534021068821,)
201	25   	256.52 	211.789	20.4174	772.023 (6.6895534021068821,)
202	25   	312.84 	284.831	9.36508	1336.86 (6.6895534021068821,)
203	25   	233.677	284.945	26.9333	1352.64 (6.6895534021068821,)
204	25   	396.62 	385.489	18.0391	1607.32 (6.6895534021068821,)
205	25   	319.741	242.888	18.1385	900.212 (6.6895534021068821,)
206	25   	168.027	133.345	12.9469	653.382 (6.6895534021068821,)
207	25   	226.522	256.728	8.92142	1231.31 (6.6895534021068821,)
208	25   	239.778	154.016	50.5405	669.723 (6.6895534021068821,)
209	25   	188.66 	129.966	32.091 	641.415 (6.6895534021068821,)
210	25   	200.833	188.281	20.1491	939.543 (6.6895534021068821,)
211	25   	264.274	200.806	12.5318	671.25  (6.6895534021068821,)
212	25   	421.629	410.347	12.386 	1489.06 (6.6895534021068821,)
213	25   	277.744	208.379	7.54856	845.171 (6.6895534021068821,)
214	25   	379.797	310.427	23.6695	1272.42 (6.6895534021068821,)
215	25   	302.218	256.625	30.2278	1139.02 (6.6895534021068821,)
216	25   	308.18 	280.842	47.2573	1398.89 (6.6895534021068821,)
217	25   	269.434	281.595	13.2871	1117.1  (6.6895534021068821,)
218	25   	350.164	319.558	14.4824	1240.09 (6.6895534021068821,)
219	25   	305.618	292.395	13.0078	1221.91 (6.6895534021068821,)
220	25   	294.231	172.753	39.6859	590.233 (6.6895534021068821,)
221	25   	249.215	221.483	12.6025	753.672 (6.6895534021068821,)
222	25   	314.002	348.953	11.8911	1485.23 (6.6895534021068821,)
223	25   	278.521	206.16 	14.7892	871.756 (6.6895534021068821,)
224	25   	244.072	250.067	14.9904	1238.38 (6.6895534021068821,)
225	25   	309.965	286.699	20.3361	1196.81 (6.6895534021068821,)
226	25   	193.252	164.643	13.6438	634.667 (6.6895534021068821,)
227	25   	280.961	314.567	21.5889	1470.17 (6.6895534021068821,)
228	25   	333.281	335.89 	14.5712	1329.08 (6.6895534021068821,)
229	25   	246.447	219.536	16.5475	857.345 (6.6895534021068821,)
230	25   	262.271	259.793	17.216 	999.412 (6.6895534021068821,)
231	25   	247.661	209.98 	9.63995	868.441 (6.6895534021068821,)
232	25   	267.602	288.419	28.5393	1293.78 (6.6895534021068821,)
233	25   	255.581	196.768	28.6256	710.021 (6.6895534021068821,)
234	25   	272.935	264.943	8.0523 	975.64  (6.6895534021068821,)
235	25   	241.913	216.337	15.1681	787.167 (6.6895534021068821,)
236	25   	278.435	204.002	13.8233	687.551 (6.6895534021068821,)
237	25   	323.858	369.089	14.6316	1495.56 (6.6895534021068821,)
238	25   	307.504	256.452	75.2569	1355.73 (6.6895534021068821,)
239	25   	289.784	300.406	8.486  	1108.54 (6.6895534021068821,)
240	25   	218.964	227.688	12.3476	862.823 (6.6895534021068821,)
241	25   	346.231	375.244	13.4208	1554.15 (6.6895534021068821,)
242	25   	198.36 	144.665	14.3015	551.127 (6.6895534021068821,)
243	25   	243.078	193.238	11.4078	723.713 (6.6895534021068821,)
244	25   	210.713	220.301	19.9159	1068.69 (6.6895534021068821,)
245	25   	281.923	268.033	36.1726	1403.3  (6.6895534021068821,)
246	25   	238.121	191.582	15.8201	731.518 (6.6895534021068821,)
247	25   	382.841	334.056	9.22242	1376.38 (6.6895534021068821,)
248	25   	278.835	296.385	10.02  	1169.4  (6.6895534021068821,)
249	25   	320.614	307.229	17.3968	1264.43 (6.6895534021068821,)
250	25   	367.784	337.537	26.8355	1448.37 (6.6895534021068821,)
251	25   	300.962	258.948	37.0377	938.009 (6.6895534021068821,)
252	25   	293.741	242.533	14.7502	1047.33 (6.6895534021068821,)
253	25   	321.664	347.532	10.9439	1420.34 (6.6895534021068821,)
254	25   	197.053	146.981	14.1474	521.604 (6.6895534021068821,)
255	25   	291.319	296.05 	11.1917	1050.96 (6.6895534021068821,)
256	25   	301.782	222.266	23.4834	914.203 (6.6895534021068821,)
257	25   	328.611	311.727	10.7121	1394.25 (6.6895534021068821,)
258	25   	253.134	200.213	22.9415	723.766 (6.6895534021068821,)
259	25   	231.701	210.187	8.40075	752.234 (6.6895534021068821,)
260	25   	251.984	262.032	10.562 	1223.13 (6.6895534021068821,)
261	25   	240.333	196.456	9.80327	771.493 (6.6895534021068821,)
262	25   	285.186	216.696	14.6725	1079.44 (6.6895534021068821,)
263	25   	308.915	306.262	14.2393	1481.79 (6.6895534021068821,)
264	25   	333.496	235.109	12.2426	1108.92 (6.6895534021068821,)
265	25   	248.573	255.923	27.9991	1010.96 (6.6895534021068821,)
266	25   	375    	370.843	11.5913	1476.47 (6.6895534021068821,)
267	25   	254.007	237.109	11.4333	933.677 (6.6895534021068821,)
268	25   	367.003	283.829	11.6241	1024.56 (6.6895534021068821,)
269	25   	327.283	355.811	20.7208	1529.83 (6.6895534021068821,)
270	25   	427.073	458.794	14.1142	1515.48 (6.6895534021068821,)
271	25   	243.833	215.367	13.0181	761.053 (6.6895534021068821,)
272	25   	189.187	271.66 	9.61645	1264.7  (6.6895534021068821,)
273	25   	213.887	211.766	14.0299	637.035 (6.6895534021068821,)
274	25   	314.964	309.696	14.9607	1369.45 (6.6895534021068821,)
275	25   	222.494	138.983	16.1127	450.395 (6.6895534021068821,)
276	25   	281.678	300.55 	10.7564	1501.2  (6.6895534021068821,)
277	25   	216.498	163.519	12.7509	591.467 (6.6895534021068821,)
278	25   	291.772	235.792	16.6702	1021.11 (6.6895534021068821,)
279	25   	278.605	297.122	16.2535	1385.7  (6.6895534021068821,)
280	25   	322.985	277.344	7.87211	1176.89 (6.6895534021068821,)
281	25   	272.301	310.955	18.6894	1229.85 (6.6895534021068821,)
282	25   	303.3  	305.693	51.8986	1506.07 (6.6895534021068821,)
283	25   	291.46 	275.225	30.1716	983.471 (6.6895534021068821,)
284	25   	365.374	303.616	19.1827	1315.82 (6.6895534021068821,)
285	25   	333.451	280.417	10.0894	1137.78 (6.6895534021068821,)
286	25   	255.092	237.568	8.53112	824.662 (6.6895534021068821,)
287	25   	299.457	257.325	9.86761	969.746 (6.6895534021068821,)
288	25   	317.808	307.47 	19.8502	1455.28 (6.6895534021068821,)
289	25   	260.593	228.537	33.6611	789.088 (6.6895534021068821,)
290	25   	304.539	299.837	14.9538	1260.47 (6.6895534021068821,)
291	25   	173.28 	118.852	12.2449	342.893 (6.6895534021068821,)
292	25   	328.399	341.208	9.38399	1173.31 (6.6895534021068821,)
293	25   	273.003	196.95 	18.207 	658.133 (6.6895534021068821,)
294	25   	283.233	318.391	12.7457	1072.29 (6.6895534021068821,)
295	25   	323.316	284.795	15.7851	1326.74 (6.6895534021068821,)
296	25   	300.863	327.938	10.2037	1386.98 (6.6895534021068821,)
297	25   	274.809	296.008	8.35909	1052.38 (6.6895534021068821,)
298	25   	257.078	323.388	6.66473	1278.42 (6.6647267469911089,)
299	25   	288.273	212.497	11.9303	961.059 (6.6647267469911089,)
300	25   	226.644	235.88 	7.94445	1076.18 (6.6647267469911089,)
301	25   	255.434	233.513	14.9353	893.444 (6.6647267469911089,)
302	25   	280.892	240.26 	16.0163	873.73  (6.6647267469911089,)
303	25   	235.63 	184.766	9.30146	780.514 (6.6647267469911089,)
304	25   	255.709	218.566	4.93998	769.636 (4.9399750906732605,)
305	25   	296.915	332.981	12.4431	1086.13 (4.9399750906732605,)
306	25   	321.434	351.84 	10.8839	1347.89 (4.9399750906732605,)
307	25   	186.307	213.197	6.73953	1004.34 (4.9399750906732605,)
308	25   	242.726	239.745	14.0529	765.771 (4.9399750906732605,)
309	25   	231.77 	252.659	13.0337	1008.62 (4.9399750906732605,)
310	25   	195.92 	203.996	11.6873	667.636 (4.9399750906732605,)
311	25   	277.999	251.477	8.12798	843.06  (4.9399750906732605,)
312	25   	302.259	293.655	27.8289	1137.22 (4.9399750906732605,)
313	25   	241.855	139.301	48.3578	530.059 (4.9399750906732605,)
314	25   	287.66 	295.914	8.21641	948.663 (4.9399750906732605,)
315	25   	333.867	255.407	9.81403	886.605 (4.9399750906732605,)
316	25   	377.619	270.624	13.6799	873.709 (4.9399750906732605,)
317	25   	227.525	192.47 	20.2379	794.361 (4.9399750906732605,)
318	25   	252.058	179.853	21.6766	701.969 (4.9399750906732605,)
319	25   	348.11 	344.132	9.47347	1500.61 (4.9399750906732605,)
320	25   	353.425	301.119	22.1915	936.411 (4.9399750906732605,)
321	25   	352.952	392.65 	10.3031	1546.45 (4.9399750906732605,)
322	25   	221.545	205.16 	8.53541	908.334 (4.9399750906732605,)
323	25   	291.262	329.536	16.1238	1521.93 (4.9399750906732605,)
324	25   	229.292	305.031	7.62771	1260.45 (4.9399750906732605,)
325	25   	179.887	157.707	8.48735	517.588 (4.9399750906732605,)
326	25   	326.226	246.661	8.28081	986.152 (4.9399750906732605,)
327	25   	317.39 	264.373	35.7925	1451.14 (4.9399750906732605,)
328	25   	289.022	274.179	17.0213	1161    (4.9399750906732605,)
329	25   	264.841	242.397	9.25648	963.132 (4.9399750906732605,)
330	25   	271.441	235.721	7.77681	1030.57 (4.9399750906732605,)
331	25   	344.974	394.036	12.5221	1406.18 (4.9399750906732605,)
332	25   	410.88 	332.534	6.70305	1448.54 (4.9399750906732605,)
333	25   	247.072	192.224	17.0039	642.359 (4.9399750906732605,)
334	25   	296.868	262.699	7.52222	1156.67 (4.9399750906732605,)
335	25   	202.358	179.781	7.85877	534.233 (4.9399750906732605,)
336	25   	269.198	187.575	8.7593 	801.691 (4.9399750906732605,)
337	25   	230.438	177.226	10.8491	687.422 (4.9399750906732605,)
338	25   	192.842	157.941	11.4781	569.345 (4.9399750906732605,)
339	25   	241.727	324.425	15.9412	1350.77 (4.9399750906732605,)
340	25   	276.397	182.458	19.4443	629.298 (4.9399750906732605,)
341	25   	271.064	290.042	7.21138	1310.83 (4.9399750906732605,)
342	25   	360.674	301.797	26.5342	946.035 (4.9399750906732605,)
343	25   	298.512	266.555	11.3605	903.956 (4.9399750906732605,)
344	25   	249.763	203.529	10.8609	851.964 (4.9399750906732605,)
345	25   	218.073	150.422	28.6204	599.559 (4.9399750906732605,)
346	25   	237.31 	232.761	10.2528	925.861 (4.9399750906732605,)
347	25   	330.717	257.753	8.77977	892.998 (4.9399750906732605,)
348	25   	363.962	390.813	7.95655	1523.19 (4.9399750906732605,)
349	25   	271.324	219.622	6.32428	844.486 (4.9399750906732605,)
350	25   	235.565	183.238	7.67558	785.584 (4.9399750906732605,)
351	25   	270.671	291.118	50.9645	1382.64 (4.9399750906732605,)
352	25   	234.496	255.007	11.134 	837.031 (4.9399750906732605,)
353	25   	332.332	383.062	13.0692	1438.2  (4.9399750906732605,)
354	25   	264.423	256.911	13.1264	1267.53 (4.9399750906732605,)
355	25   	256.716	248.206	17.8522	1091.23 (4.9399750906732605,)
356	25   	264.195	257.84 	16.1585	1096.69 (4.9399750906732605,)
357	25   	227.399	206.848	8.14143	692.584 (4.9399750906732605,)
358	25   	291.994	281.539	12.1733	1371.16 (4.9399750906732605,)
359	25   	284.888	277.794	22.0101	1185.91 (4.9399750906732605,)
360	25   	286.896	216.458	5.6459 	885.215 (4.9399750906732605,)
361	25   	289.092	241.01 	16.305 	991.444 (4.9399750906732605,)
362	25   	237.448	180.992	7.26611	727.472 (4.9399750906732605,)
363	25   	154.682	127.175	7.9566 	505.568 (4.9399750906732605,)
364	25   	264.092	246.557	8.65187	950.855 (4.9399750906732605,)
365	25   	161.058	103.268	6.12279	408.885 (4.9399750906732605,)
366	25   	248.293	221.64 	21.3434	712.685 (4.9399750906732605,)
367	25   	216.705	151.895	13.241 	556.845 (4.9399750906732605,)
368	25   	344.991	322.106	6.03721	1250.6  (4.9399750906732605,)
369	25   	215.453	167.317	9.34562	583.422 (4.9399750906732605,)
370	25   	260.203	212.923	20.7639	846.259 (4.9399750906732605,)
371	25   	201.395	148.843	11.0543	515.482 (4.9399750906732605,)
372	25   	195.112	181.195	10.8371	643.649 (4.9399750906732605,)
373	25   	167.124	105.734	7.96494	352.138 (4.9399750906732605,)
374	25   	216.507	175.67 	8.9163 	699.129 (4.9399750906732605,)
375	25   	177.502	147.944	9.59914	559.551 (4.9399750906732605,)
376	25   	171.1  	135.698	17.6499	485.918 (4.9399750906732605,)
377	25   	207.466	216.929	8.9182 	851.331 (4.9399750906732605,)
378	25   	200.568	162.275	8.19216	488.774 (4.9399750906732605,)
379	25   	200.908	148.885	4.84249	498.454 (4.8424904876050885,)
380	25   	235.443	184.988	23.6382	720.24  (4.8424904876050885,)
381	25   	231.4  	136.553	8.84608	472.406 (4.8424904876050885,)
382	25   	278.768	314.433	13.0271	1410.17 (4.8424904876050885,)
383	25   	266.039	216.012	7.10188	718.358 (4.8424904876050885,)
384	25   	185.029	213.452	5.35895	1011.93 (4.8424904876050885,)
385	25   	276.863	258.137	24.3134	1299.22 (4.8424904876050885,)
386	25   	220.273	213.614	26.497 	687.146 (4.8424904876050885,)
387	25   	268.465	201.972	14.8468	838.639 (4.8424904876050885,)
388	25   	225.942	169.321	19.7699	547.948 (4.8424904876050885,)
389	25   	349.273	300.119	12.7816	1125.03 (4.8424904876050885,)
390	25   	228.572	204.495	7.4385 	773.402 (4.8424904876050885,)
391	25   	249.833	243.189	17.2632	1106.58 (4.8424904876050885,)
392	25   	244.335	177.53 	20.233 	647.765 (4.8424904876050885,)
393	25   	257.979	317.214	13.6422	1578.36 (4.8424904876050885,)
394	25   	269.384	233.577	11.6099	796.387 (4.8424904876050885,)
395	25   	258.912	227.493	8.49895	781.514 (4.8424904876050885,)
396	25   	196.879	179.949	9.69203	575.302 (4.8424904876050885,)
397	25   	220.441	243.564	10.2321	1208.81 (4.8424904876050885,)
398	25   	197.17 	157.863	15.6938	642.064 (4.8424904876050885,)
399	25   	238.354	240.834	9.70122	1046.01 (4.8424904876050885,)
400	25   	302.012	305.448	21.8955	1367.05 (4.8424904876050885,)
401	25   	248.147	285.365	14.4383	1078.69 (4.8424904876050885,)
402	25   	251.983	203.356	4.35702	739.548 (4.3570239090090661,)
403	25   	230.488	199.287	9.10627	1004.54 (4.3570239090090661,)
404	25   	380.499	391.324	18.7097	1491.41 (4.3570239090090661,)
405	25   	267.224	186.376	9.49458	596.99  (4.3570239090090661,)
406	25   	188.792	192.848	6.17413	738.092 (4.3570239090090661,)
407	25   	191.384	172.362	4.64805	615.878 (4.3570239090090661,)
408	25   	229.253	213.446	17.7632	995.474 (4.3570239090090661,)
409	25   	305.055	329.845	11.9998	1344.97 (4.3570239090090661,)
410	25   	224.148	182.843	12.415 	658.742 (4.3570239090090661,)
411	25   	280.867	233.891	11.1935	867.993 (4.3570239090090661,)
412	25   	240.978	196.777	15.2288	650.827 (4.3570239090090661,)
413	25   	315.01 	230.571	40.5748	922.655 (4.3570239090090661,)
414	25   	215.635	180.648	11.7095	666.658 (4.3570239090090661,)
415	25   	223.798	208.315	15.4935	678.27  (4.3570239090090661,)
416	25   	216.796	171.037	11.5536	617.126 (4.3570239090090661,)
417	25   	290.768	280.497	6.15307	1225.41 (4.3570239090090661,)
418	25   	247.405	253.915	9.99726	1165.86 (4.3570239090090661,)
419	25   	253.448	222.38 	19.7662	998.457 (4.3570239090090661,)
420	25   	169.158	159.288	10.1723	551.206 (4.3570239090090661,)
421	25   	261.638	293.942	13.3475	1505.23 (4.3570239090090661,)
422	25   	235.861	253.478	9.11012	1052.91 (4.3570239090090661,)
423	25   	198.029	177.051	7.46074	602.893 (4.3570239090090661,)
424	25   	202.919	157.776	35.9644	700.834 (4.3570239090090661,)
425	25   	260.154	203.175	10.4039	773.31  (4.3570239090090661,)
426	25   	176.709	133.834	5.49316	443.173 (4.3570239090090661,)
427	25   	216.36 	197.482	8.44974	782.251 (4.3570239090090661,)
428	25   	228.681	201.559	9.88304	664.555 (4.3570239090090661,)
429	25   	235.54 	225.645	31.8006	967.143 (4.3570239090090661,)
430	25   	254.214	191.329	5.95619	638.155 (4.3570239090090661,)
431	25   	281.788	280.562	6.75262	1404.63 (4.3570239090090661,)
432	25   	221.831	212.908	14.6786	683.107 (4.3570239090090661,)
433	25   	289.3  	311.991	6.17929	1521.08 (4.3570239090090661,)
434	25   	205.599	214.421	28.5494	727.651 (4.3570239090090661,)
435	25   	279.101	281.22 	9.27361	1121.65 (4.3570239090090661,)
436	25   	176.634	162.439	7.72535	588.777 (4.3570239090090661,)
437	25   	188.095	143.749	8.76973	459.599 (4.3570239090090661,)
438	25   	195.846	166.587	6.54779	813.272 (4.3570239090090661,)
439	25   	184.146	173.679	11.0653	645.256 (4.3570239090090661,)
440	25   	148.942	121.649	6.09685	423.688 (4.3570239090090661,)
441	25   	260.264	256.389	7.21772	884.445 (4.3570239090090661,)
442	25   	172.708	164.871	10.3027	771.914 (4.3570239090090661,)
443	25   	201.362	184.135	7.9148 	664.803 (4.3570239090090661,)
444	25   	247.014	241.993	15.8073	999.126 (4.3570239090090661,)
445	25   	313.985	341.825	7.89659	1422.12 (4.3570239090090661,)
446	25   	246.222	253.051	16.5318	1061.41 (4.3570239090090661,)
447	25   	203.404	188.935	9.32795	827.006 (4.3570239090090661,)
448	25   	223.451	192.018	15.8873	733.672 (4.3570239090090661,)
449	25   	171.054	131.101	12.9687	510.718 (4.3570239090090661,)
450	25   	239.091	225.469	13.9352	856.377 (4.3570239090090661,)
451	25   	257.886	273.876	11.6601	1306.04 (4.3570239090090661,)
452	25   	282.9  	246.398	8.06999	914.025 (4.3570239090090661,)
453	25   	158.617	151.273	8.78918	657.443 (4.3570239090090661,)
454	25   	214    	179.898	7.11751	619.771 (4.3570239090090661,)
455	25   	212.36 	168.847	10.7636	513.316 (4.3570239090090661,)
456	25   	121.775	119.912	8.51223	450.869 (4.3570239090090661,)
457	25   	209.396	197.836	8.46909	636.928 (4.3570239090090661,)
458	25   	168.036	110.543	20.561 	474.251 (4.3570239090090661,)
459	25   	193.86 	178.404	5.69211	610.371 (4.3570239090090661,)
460	25   	128.492	145.406	6.82165	509.114 (4.3570239090090661,)
461	25   	132.842	137.911	12.2349	588.341 (4.3570239090090661,)
462	25   	253.199	293.386	4.39769	1281.94 (4.3570239090090661,)
463	25   	247.783	162.055	10.9475	516.208 (4.3570239090090661,)
464	25   	218.675	157.817	19.1213	521.662 (4.3570239090090661,)
465	25   	187.809	186.419	7.74579	668.917 (4.3570239090090661,)
466	25   	173.205	150.856	15.4358	588.12  (4.3570239090090661,)
467	25   	269.104	276.85 	14.6764	1319.25 (4.3570239090090661,)
468	25   	247.553	173.088	11.7734	690.364 (4.3570239090090661,)
469	25   	185.583	155.228	11.4306	574.59  (4.3570239090090661,)
470	25   	251.678	320.514	12.4814	1387.12 (4.3570239090090661,)
471	25   	267.883	253.449	15.6137	951.817 (4.3570239090090661,)
472	25   	253.222	235.627	8.67447	864.062 (4.3570239090090661,)
473	25   	240.86 	189.288	8.26983	856.905 (4.3570239090090661,)
474	25   	210.513	188.582	16.1789	695.42  (4.3570239090090661,)
475	25   	151.386	125.221	8.51232	444.24  (4.3570239090090661,)
476	25   	238.777	210.591	12.4036	738.359 (4.3570239090090661,)
477	25   	222.169	200.69 	9.94705	793.886 (4.3570239090090661,)
478	25   	174.718	171.227	6.90841	548.689 (4.3570239090090661,)
479	25   	291.441	220.371	13.5684	917.149 (4.3570239090090661,)
480	25   	275.945	293.255	26.8913	1303.18 (4.3570239090090661,)
481	25   	219.854	215.04 	10.294 	806.168 (4.3570239090090661,)
482	25   	196.671	137.358	24.3328	529.248 (4.3570239090090661,)
483	25   	207.846	184.575	11.9945	760.66  (4.3570239090090661,)
484	25   	191.83 	172.414	13.7497	698.055 (4.3570239090090661,)
485	25   	281.032	350.658	10.0726	1604.27 (4.3570239090090661,)
486	25   	208.824	166.008	8.03797	590.037 (4.3570239090090661,)
487	25   	195.606	217.535	7.86377	753.541 (4.3570239090090661,)
488	25   	242.276	190.099	12.875 	625.268 (4.3570239090090661,)
489	25   	205.79 	171.474	6.70934	544.178 (4.3570239090090661,)
490	25   	236.486	192.897	21.0868	753.476 (4.3570239090090661,)
491	25   	225.247	222.389	7.72879	836.237 (4.3570239090090661,)
492	25   	266.098	219.005	15.7972	902.685 (4.3570239090090661,)
493	25   	152.439	136.212	12.2136	619.551 (4.3570239090090661,)
494	25   	173.964	142.125	16.9137	520.651 (4.3570239090090661,)
495	25   	207.057	135.513	17.623 	530.552 (4.3570239090090661,)
496	25   	212.19 	212.053	7.29097	815.611 (4.3570239090090661,)
497	25   	218.621	185.202	5.81218	684.685 (4.3570239090090661,)
498	25   	252.573	224.821	17.7171	1063.2  (4.3570239090090661,)
499	25   	188.317	166.061	10.512 	571.203 (4.3570239090090661,)
