In file included from /usr/local/lib/python2.7/dist-packages/numpy/core/include/numpy/ndarraytypes.h:1804:0,
                 from /usr/local/lib/python2.7/dist-packages/numpy/core/include/numpy/ndarrayobject.h:17,
                 from /usr/local/lib/python2.7/dist-packages/numpy/core/include/numpy/arrayobject.h:4,
                 from /home/pinojc/.cache/scipy/python27_compiled/sc_9bade30717731f645b30a512f757f0fa972.cpp:22:
/usr/local/lib/python2.7/dist-packages/numpy/core/include/numpy/npy_1_7_deprecated_api.h:15:2: warning: #warning "Using deprecated NumPy API, disable it by " "#defining NPY_NO_DEPRECATED_API NPY_1_7_API_VERSION" [-Wcpp]
 #warning "Using deprecated NumPy API, disable it by " \
  ^
gen	evals	avg    	std    	min    	max    
0  	25   	679.675	320.277	67.0148	1369.29 (67.01483708663757,)
1  	25   	435.316	310.744	57.2656	1001.49 (57.265551561239562,)
2  	25   	373.859	318.99 	25.6289	1373.87 (25.628937213177274,)
3  	25   	349.058	318.575	37.6116	1570.17 (25.628937213177274,)
4  	25   	243.723	158.488	40.7553	615.475 (25.628937213177274,)
5  	25   	201.902	145.916	24.1836	564.042 (24.183647080922519,)
6  	25   	208.887	137.969	26.4847	486.155 (24.183647080922519,)
7  	25   	301.506	419.283	24.1018	1773.07 (24.101845047769014,)
8  	25   	322.703	225.937	39.9666	818.068 (24.101845047769014,)
9  	25   	483.975	384.455	40.1439	1529.6  (24.101845047769014,)
10 	25   	379.406	237.325	90.6694	990.034 (24.101845047769014,)
11 	25   	395.435	327.28 	21.5398	1534.38 (21.539783214286498,)
12 	25   	361.669	325.535	20.9583	1491.86 (20.958320902505619,)
13 	25   	340.098	214.143	53.1351	789.216 (20.958320902505619,)
14 	25   	333.478	349.059	38.3184	1763.25 (20.958320902505619,)
15 	25   	397.799	319.202	41.4733	1315.36 (20.958320902505619,)
16 	25   	422.489	334.098	38.7096	1229.28 (20.958320902505619,)
17 	25   	317.95 	268.863	31.443 	1068.17 (20.958320902505619,)
18 	25   	362.269	316.288	17.7624	1123.69 (17.762413748773483,)
19 	25   	350.147	267.32 	20.9708	1099.43 (17.762413748773483,)
20 	25   	285.496	251.094	35.3417	921.379 (17.762413748773483,)
21 	25   	385.615	284.026	23.1326	1062.64 (17.762413748773483,)
22 	25   	223.437	182.817	34.1816	754.642 (17.762413748773483,)
23 	25   	351.312	268.873	11.3863	978.532 (11.386341076070901,)
24 	25   	254.499	203.175	16.7598	781.315 (11.386341076070901,)
25 	25   	360.504	287.265	11.8431	926.959 (11.386341076070901,)
26 	25   	365.397	350.77 	16.0206	1607.94 (11.386341076070901,)
27 	25   	281.026	231.702	39.5433	1179.93 (11.386341076070901,)
28 	25   	351.985	267.558	43.8993	882.242 (11.386341076070901,)
29 	25   	397.895	332.736	14.208 	1455.82 (11.386341076070901,)
30 	25   	325.096	390.622	30.7383	1729.01 (11.386341076070901,)
31 	25   	272.742	320.102	25.912 	1492.48 (11.386341076070901,)
32 	25   	281.092	258.003	19.2611	997.672 (11.386341076070901,)
33 	25   	394.782	414.133	14.3617	1757.11 (11.386341076070901,)
34 	25   	292.351	242.176	11.4194	811.046 (11.386341076070901,)
35 	25   	338.383	328.362	12.7738	1213.91 (11.386341076070901,)
36 	25   	266.543	289.861	16.6074	1092.78 (11.386341076070901,)
37 	25   	328.296	388.278	21.1548	1806.58 (11.386341076070901,)
38 	25   	341.015	284.209	16.5839	1001.67 (11.386341076070901,)
39 	25   	211.26 	181.754	14.5387	715.475 (11.386341076070901,)
40 	25   	259.812	175.202	24.9376	762.547 (11.386341076070901,)
41 	25   	309.216	367.211	7.31622	1661.36 (7.3162171570545729,)
42 	25   	280.27 	200.645	9.19115	643.468 (7.3162171570545729,)
43 	25   	332.48 	312.132	20.9873	1215.48 (7.3162171570545729,)
44 	25   	409.812	347.52 	11.3209	1219.59 (7.3162171570545729,)
45 	25   	376.828	307.21 	28.2532	1111.91 (7.3162171570545729,)
46 	25   	317.072	289.23 	14.2473	1269.62 (7.3162171570545729,)
47 	25   	404.818	312.266	15.2251	1128.86 (7.3162171570545729,)
48 	25   	471.413	432.14 	13.9452	1404.94 (7.3162171570545729,)
49 	25   	381.074	310.136	20.6188	1392.4  (7.3162171570545729,)
50 	25   	428.405	473.665	18.2026	1632.8  (7.3162171570545729,)
51 	25   	359.563	261.009	15.0831	997.868 (7.3162171570545729,)
52 	25   	405.169	424.122	27.8548	1342.98 (7.3162171570545729,)
53 	25   	303.949	233.772	11.8712	832.328 (7.3162171570545729,)
54 	25   	410.261	291.29 	18.7803	1321.77 (7.3162171570545729,)
55 	25   	369.367	310.491	31.5545	1488.81 (7.3162171570545729,)
56 	25   	280.316	271.785	13.6713	1237.12 (7.3162171570545729,)
57 	25   	415.137	293.468	13.2799	1120.32 (7.3162171570545729,)
58 	25   	404.063	462.099	12.3333	1830.73 (7.3162171570545729,)
59 	25   	350.851	357.305	24.3234	1539.26 (7.3162171570545729,)
60 	25   	365.101	369.039	22.6687	1775.87 (7.3162171570545729,)
61 	25   	296.848	319.286	13.1096	1521.26 (7.3162171570545729,)
62 	25   	308.404	315.758	49.7896	1582.53 (7.3162171570545729,)
63 	25   	442.227	433.129	49.0075	1774.8  (7.3162171570545729,)
64 	25   	275.253	271.059	13.5557	1001.42 (7.3162171570545729,)
65 	25   	241.62 	251.96 	11.0002	1022.21 (7.3162171570545729,)
66 	25   	232.375	184.381	8.67021	631.054 (7.3162171570545729,)
67 	25   	282.436	278.205	14.3973	983.648 (7.3162171570545729,)
68 	25   	271.191	244.559	11.167 	857.949 (7.3162171570545729,)
69 	25   	251.943	232.741	7.45243	934.837 (7.3162171570545729,)
70 	25   	393.741	374.769	27.693 	1707.86 (7.3162171570545729,)
71 	25   	331.16 	242.344	21.5737	849.065 (7.3162171570545729,)
72 	25   	331.793	371.237	12.1998	1422.9  (7.3162171570545729,)
73 	25   	236.562	217.734	15.4651	860.952 (7.3162171570545729,)
74 	25   	288.135	222.352	14.4214	896.178 (7.3162171570545729,)
75 	25   	282.715	213.421	11.4254	793.223 (7.3162171570545729,)
76 	25   	275.704	230.985	15.389 	791.483 (7.3162171570545729,)
77 	25   	195.058	161.672	36.2777	745.578 (7.3162171570545729,)
78 	25   	224.722	199.585	8.7022 	871.703 (7.3162171570545729,)
79 	25   	400.041	361.454	13.1503	1577.78 (7.3162171570545729,)
80 	25   	338.439	311.441	20.6142	1202.91 (7.3162171570545729,)
81 	25   	295.515	219.078	38.3701	813.293 (7.3162171570545729,)
82 	25   	374.689	370.264	22.8026	1778.16 (7.3162171570545729,)
83 	25   	360.503	269.323	65.2791	1084.26 (7.3162171570545729,)
84 	25   	367.43 	266.632	6.81842	888.966 (6.8184159130045607,)
85 	25   	378.742	400.836	16.4816	1497.11 (6.8184159130045607,)
86 	25   	263.934	224.118	10.1021	787.461 (6.8184159130045607,)
87 	25   	332.233	400.473	14.2292	1453.85 (6.8184159130045607,)
88 	25   	353.96 	392.146	6.23318	1712.98 (6.2331766624722347,)
89 	25   	337.493	278.903	10.7532	1325.33 (6.2331766624722347,)
90 	25   	400.361	362.247	14.3378	1569.98 (6.2331766624722347,)
91 	25   	327.145	226.092	12.3225	928.054 (6.2331766624722347,)
92 	25   	297.057	264.359	14.2695	788.313 (6.2331766624722347,)
93 	25   	363.569	412.717	13.826 	1715.93 (6.2331766624722347,)
94 	25   	328.617	370.233	11.6129	1635.99 (6.2331766624722347,)
95 	25   	332.796	373.388	14.1117	1583.52 (6.2331766624722347,)
96 	25   	385.592	327.752	6.10897	1364.47 (6.108969342026584,)
97 	25   	320.985	373.627	20.0738	1723.36 (6.108969342026584,)
98 	25   	396.28 	275.482	18.4461	1034.84 (6.108969342026584,)
99 	25   	401.364	306.186	11.542 	1315.74 (6.108969342026584,)
100	25   	415.279	337.179	11.8079	1381.24 (6.108969342026584,)
101	25   	475.286	489.387	6.34146	1631.05 (6.108969342026584,)
102	25   	371.103	362.082	20.6141	1410.6  (6.108969342026584,)
103	25   	383.331	401.438	38.9281	1584.8  (6.108969342026584,)
104	25   	346.617	334.385	16.8323	1196.66 (6.108969342026584,)
105	25   	335.431	281.853	17.1805	1093.53 (6.108969342026584,)
106	25   	399.983	430.581	11.8108	1598.93 (6.108969342026584,)
107	25   	352.383	285.53 	9.97269	1315.36 (6.108969342026584,)
108	25   	468.806	426.377	12.6464	1621.04 (6.108969342026584,)
109	25   	309.98 	299.428	8.5713 	1152    (6.108969342026584,)
110	25   	380.248	354.424	15.0486	1349.36 (6.108969342026584,)
111	25   	355.812	291.145	18.1088	1319.51 (6.108969342026584,)
112	25   	321.726	232.063	8.54058	776.749 (6.108969342026584,)
113	25   	289.436	300.322	11.8422	1253.28 (6.108969342026584,)
114	25   	462.39 	356.075	37.116 	1602.93 (6.108969342026584,)
115	25   	372.951	381.315	13.4673	1685.76 (6.108969342026584,)
116	25   	242.854	186.878	17.9501	610.544 (6.108969342026584,)
117	25   	272.778	274.028	17.8257	1245.88 (6.108969342026584,)
118	25   	353.652	354.368	14.7077	1768.64 (6.108969342026584,)
119	25   	383.746	409.692	12.1609	1773.85 (6.108969342026584,)
120	25   	323.504	252.953	7.77662	1012.06 (6.108969342026584,)
121	25   	382.399	377.112	6.28638	1530.41 (6.108969342026584,)
122	25   	290.972	233.604	13.1427	988.138 (6.108969342026584,)
123	25   	372.533	342.956	11.4827	1357.54 (6.108969342026584,)
124	25   	388.994	267.072	55.8473	1085.51 (6.108969342026584,)
125	25   	400.055	389.452	18.6848	1505.81 (6.108969342026584,)
126	25   	285.687	283.85 	25.31  	1197.08 (6.108969342026584,)
127	25   	295.486	279.489	14.8212	1219.93 (6.108969342026584,)
128	25   	248.911	240.185	9.00087	1197.59 (6.108969342026584,)
129	25   	279.141	231.409	13.4302	763.829 (6.108969342026584,)
130	25   	300.181	258.611	20.3678	1066.15 (6.108969342026584,)
131	25   	385.561	266.237	13.6911	1238.87 (6.108969342026584,)
132	25   	448.181	398.57 	12.4822	1689.07 (6.108969342026584,)
133	25   	491.861	351.493	55.4658	1514.93 (6.108969342026584,)
134	25   	498.478	464.653	26.9398	1605.18 (6.108969342026584,)
135	25   	373.852	245.379	38.9096	942.587 (6.108969342026584,)
136	25   	333.863	287.847	13.706 	1286.76 (6.108969342026584,)
137	25   	347.072	335.384	16.4649	1446.81 (6.108969342026584,)
138	25   	445.131	384.695	10.9485	1463.49 (6.108969342026584,)
139	25   	399.851	314.862	8.57212	1298.41 (6.108969342026584,)
140	25   	411.425	331.691	38.2238	1311.62 (6.108969342026584,)
141	25   	424.155	359.319	5.85483	1628.3  (5.8548272231588463,)
142	25   	293.465	248.583	8.54083	811.452 (5.8548272231588463,)
143	25   	433.771	396.9  	21.159 	1543.01 (5.8548272231588463,)
144	25   	292.499	223.134	13.6276	923.859 (5.8548272231588463,)
145	25   	267.284	226.643	26.4934	992.122 (5.8548272231588463,)
146	25   	357.021	292.248	16.3999	1171.57 (5.8548272231588463,)
147	25   	387.107	245.294	13.8084	912.392 (5.8548272231588463,)
148	25   	352.107	328.354	10.3965	1571.73 (5.8548272231588463,)
149	25   	336.084	303.031	12.8087	1204.81 (5.8548272231588463,)
150	25   	370.099	292.607	16.303 	1352.94 (5.8548272231588463,)
151	25   	276.811	285.262	11.894 	1178.36 (5.8548272231588463,)
152	25   	246.507	246.82 	11.12  	933.155 (5.8548272231588463,)
153	25   	260.438	204.285	21.7683	771.26  (5.8548272231588463,)
154	25   	334.418	346.18 	15.7562	1142.52 (5.8548272231588463,)
155	25   	304.376	245.061	14.1822	1036.11 (5.8548272231588463,)
156	25   	330.432	276.026	19.6739	1219.86 (5.8548272231588463,)
157	25   	358.137	316.941	21.7757	1240.45 (5.8548272231588463,)
158	25   	339.364	249.735	9.86018	1211.51 (5.8548272231588463,)
159	25   	294.435	186.914	34.1929	746.956 (5.8548272231588463,)
160	25   	374.046	333.565	29.3556	1158.22 (5.8548272231588463,)
161	25   	268.894	188.39 	15.3584	655.695 (5.8548272231588463,)
162	25   	376.202	397.456	19.0336	1410.06 (5.8548272231588463,)
163	25   	239.261	199.773	26.0878	826.445 (5.8548272231588463,)
164	25   	261.449	218.078	14.0825	841.655 (5.8548272231588463,)
165	25   	316.299	273.965	23.2523	1260.99 (5.8548272231588463,)
166	25   	426.885	392.715	37.6805	1550.06 (5.8548272231588463,)
167	25   	276.291	195.644	16.1377	767.482 (5.8548272231588463,)
168	25   	249.284	218.339	12.6895	904.35  (5.8548272231588463,)
169	25   	371.728	383.225	7.32294	1719.34 (5.8548272231588463,)
170	25   	293.35 	202.111	31.3333	779.587 (5.8548272231588463,)
171	25   	334.39 	378.578	8.67224	1585.83 (5.8548272231588463,)
172	25   	412.074	376.769	11.309 	1555.8  (5.8548272231588463,)
173	25   	289.121	232.847	12.2598	737.484 (5.8548272231588463,)
174	25   	316.937	226.139	12.388 	910.174 (5.8548272231588463,)
175	25   	254.507	303.311	14.7165	1448.5  (5.8548272231588463,)
176	25   	280.725	224.706	9.22326	850.814 (5.8548272231588463,)
177	25   	262.56 	275.382	8.56191	1154.56 (5.8548272231588463,)
178	25   	182.118	155.199	16.8645	594.429 (5.8548272231588463,)
179	25   	298.764	293.522	12.706 	1203.33 (5.8548272231588463,)
180	25   	364.445	244.808	11.7681	1009.5  (5.8548272231588463,)
181	25   	390.585	360.064	11.914 	1309.81 (5.8548272231588463,)
182	25   	259.574	187.082	34.7662	836.455 (5.8548272231588463,)
183	25   	295.976	227.387	15.3098	834.04  (5.8548272231588463,)
184	25   	305.419	203.387	16.3276	791.889 (5.8548272231588463,)
185	25   	492.493	504.815	22.1689	1766.82 (5.8548272231588463,)
186	25   	349.053	239.236	41.4323	724.007 (5.8548272231588463,)
187	25   	422.072	288.877	74.4459	1229.69 (5.8548272231588463,)
188	25   	402.362	247.661	8.37383	963.298 (5.8548272231588463,)
189	25   	375.844	236.179	23.6057	885.615 (5.8548272231588463,)
190	25   	495.508	390.931	25.6239	1411.01 (5.8548272231588463,)
191	25   	255.197	201.967	8.16006	681.807 (5.8548272231588463,)
192	25   	415.726	459.409	24.7146	1790.92 (5.8548272231588463,)
193	25   	282.543	193.711	10.3139	825.089 (5.8548272231588463,)
194	25   	281.92 	248.989	26.0102	921.431 (5.8548272231588463,)
195	25   	330.932	271.784	10.849 	916.048 (5.8548272231588463,)
196	25   	320.544	322.126	25.669 	1300.23 (5.8548272231588463,)
197	25   	185.229	147.503	6.9626 	539.294 (5.8548272231588463,)
198	25   	321.509	262.584	13.1904	1042.84 (5.8548272231588463,)
199	25   	237.436	214.244	8.92539	832.523 (5.8548272231588463,)
200	25   	257.307	282.869	10.9703	1071.24 (5.8548272231588463,)
201	25   	192.918	195.448	9.86549	811.129 (5.8548272231588463,)
202	25   	212.137	181.384	20.4365	696.376 (5.8548272231588463,)
203	25   	322.287	275.834	12.3563	1353.29 (5.8548272231588463,)
204	25   	257.96 	246.662	14.6353	916.408 (5.8548272231588463,)
205	25   	451.933	460.983	12.798 	1604.01 (5.8548272231588463,)
206	25   	353.195	362.62 	12.5901	1479.5  (5.8548272231588463,)
207	25   	381.199	371.305	7.26726	1461.7  (5.8548272231588463,)
208	25   	373.694	318.266	19.8724	1043.18 (5.8548272231588463,)
209	25   	454.765	373.779	21.6739	1587.98 (5.8548272231588463,)
210	25   	341.249	289.502	35.212 	992.159 (5.8548272231588463,)
211	25   	296.282	278.194	7.85143	1198.98 (5.8548272231588463,)
212	25   	289.416	269.085	10.0645	971.564 (5.8548272231588463,)
213	25   	262.317	261.868	8.33058	1351.6  (5.8548272231588463,)
214	25   	371.115	360.737	14.0791	1734.43 (5.8548272231588463,)
215	25   	381.91 	345.661	12.7372	1514.7  (5.8548272231588463,)
216	25   	432.398	386.264	28.9432	1514.85 (5.8548272231588463,)
217	25   	400.407	380.231	56.5978	1743.84 (5.8548272231588463,)
218	25   	376.339	299.378	34.6564	1201.53 (5.8548272231588463,)
219	25   	489.563	431.543	31.3332	1750.26 (5.8548272231588463,)
220	25   	292.285	296.365	15.2525	1165.35 (5.8548272231588463,)
221	25   	303.015	319.198	8.63607	1020.33 (5.8548272231588463,)
222	25   	312.979	286.268	7.44935	1046.63 (5.8548272231588463,)
223	25   	313.261	336.303	15.797 	1673.93 (5.8548272231588463,)
224	25   	207    	203.907	11.5727	793.931 (5.8548272231588463,)
225	25   	246.729	179.301	10.3785	772.421 (5.8548272231588463,)
226	25   	308.185	203.925	35.3365	799.096 (5.8548272231588463,)
227	25   	238.573	271.881	16.2287	1230.91 (5.8548272231588463,)
228	25   	358.895	368.736	11.3028	1285.78 (5.8548272231588463,)
229	25   	438.187	394.986	21.1734	1753.8  (5.8548272231588463,)
230	25   	450.702	424.615	13.6028	1669.96 (5.8548272231588463,)
231	25   	308.686	347.59 	16.1876	1589.85 (5.8548272231588463,)
232	25   	350.587	323.196	10.8145	1378.37 (5.8548272231588463,)
233	25   	381.574	303.23 	9.14961	1463.13 (5.8548272231588463,)
234	25   	370.788	399.387	13.1748	1579.8  (5.8548272231588463,)
235	25   	325.368	268.344	10.6225	960.194 (5.8548272231588463,)
236	25   	363.546	307.476	7.42693	1135.1  (5.8548272231588463,)
237	25   	265.618	220.664	15.2364	930.858 (5.8548272231588463,)
238	25   	318.417	304.231	25.1229	1575.54 (5.8548272231588463,)
239	25   	394.192	376.815	11.7693	1710.4  (5.8548272231588463,)
240	25   	360.025	282.682	24.1685	1419.25 (5.8548272231588463,)
241	25   	399.275	357.564	10.2905	1437.78 (5.8548272231588463,)
242	25   	322.853	367.977	6.82353	1696.01 (5.8548272231588463,)
243	25   	322.578	308.035	17.0453	1515.01 (5.8548272231588463,)
244	25   	304.867	231.85 	7.31612	897.088 (5.8548272231588463,)
245	25   	266.58 	204.937	14.5763	813.12  (5.8548272231588463,)
246	25   	404.601	386.664	25.5719	1598.89 (5.8548272231588463,)
247	25   	342.512	371.414	17.2814	1571.37 (5.8548272231588463,)
248	25   	380.628	334.87 	11.4997	1414.2  (5.8548272231588463,)
249	25   	316.389	263.944	18.7494	1314.48 (5.8548272231588463,)
250	25   	277.344	256.746	12.0894	1151.97 (5.8548272231588463,)
251	25   	325.971	339.455	9.87939	1297.07 (5.8548272231588463,)
252	25   	299.553	187.181	44.919 	809.917 (5.8548272231588463,)
253	25   	281.289	337.641	21.0435	1706.9  (5.8548272231588463,)
254	25   	322.936	357.852	6.36979	1306.78 (5.8548272231588463,)
255	25   	277.994	243.559	15.3627	1139.24 (5.8548272231588463,)
256	25   	335.037	372.674	12.7616	1635.59 (5.8548272231588463,)
257	25   	333.048	255.949	52.5263	883.761 (5.8548272231588463,)
258	25   	320.122	249.107	31.5792	1176.41 (5.8548272231588463,)
259	25   	325.973	328.356	14.9787	1535.48 (5.8548272231588463,)
260	25   	208.357	202.235	17.546 	838.158 (5.8548272231588463,)
261	25   	257.26 	207.687	14.3964	766.263 (5.8548272231588463,)
262	25   	325.763	321.343	7.1626 	1013.81 (5.8548272231588463,)
263	25   	301.761	255.391	13.7698	1208.07 (5.8548272231588463,)
264	25   	341.288	370.947	16.0035	1487.32 (5.8548272231588463,)
265	25   	259.559	213.976	28.3468	933.892 (5.8548272231588463,)
266	25   	376.912	440.895	8.63587	1574.5  (5.8548272231588463,)
267	25   	402.951	305.773	13.7776	1480.7  (5.8548272231588463,)
268	25   	378.977	406.733	12.1088	1643    (5.8548272231588463,)
269	25   	470.473	402.785	40.8365	1505.23 (5.8548272231588463,)
270	25   	428.879	429.807	17.2954	1749.69 (5.8548272231588463,)
271	25   	412.103	239.288	14.6409	953.411 (5.8548272231588463,)
272	25   	316.616	252.076	18.6011	983.135 (5.8548272231588463,)
273	25   	352.745	322.551	10.2639	1057.88 (5.8548272231588463,)
274	25   	291.959	212.488	12.1954	851.836 (5.8548272231588463,)
275	25   	326.139	303.266	11.4654	1532.94 (5.8548272231588463,)
276	25   	372.502	319.177	9.86553	1246.48 (5.8548272231588463,)
277	25   	323.826	349.57 	27.3046	1645.21 (5.8548272231588463,)
278	25   	233.9  	233.14 	12.8831	873.734 (5.8548272231588463,)
279	25   	284.043	274.525	15.5619	1327.67 (5.8548272231588463,)
280	25   	200.666	148.395	13.0627	541.476 (5.8548272231588463,)
281	25   	361.628	322.25 	5.04442	1138.59 (5.0444173845458566,)
282	25   	351.004	337.128	21.7359	1571.63 (5.0444173845458566,)
283	25   	328.676	318.202	19.2642	1497.41 (5.0444173845458566,)
284	25   	400.909	282.731	19.1926	1114.02 (5.0444173845458566,)
285	25   	409.236	416.616	5.66528	1632.39 (5.0444173845458566,)
286	25   	302.809	231.914	9.66777	712.756 (5.0444173845458566,)
287	25   	232.142	223.134	6.93973	853.043 (5.0444173845458566,)
288	25   	323.708	389.46 	11.2145	1779.34 (5.0444173845458566,)
289	25   	252.542	179.105	24.0553	836.18  (5.0444173845458566,)
290	25   	344.782	293.563	13.4518	1089.52 (5.0444173845458566,)
291	25   	278.663	306.404	16.8219	1395.18 (5.0444173845458566,)
292	25   	276.245	280.192	21.2073	1322.74 (5.0444173845458566,)
293	25   	304.711	251.304	16.5852	1147.76 (5.0444173845458566,)
294	25   	311.493	404.285	10.1236	1806.36 (5.0444173845458566,)
295	25   	275.137	201.477	15.5136	689.553 (5.0444173845458566,)
296	25   	327.14 	318.16 	23.4026	1272.24 (5.0444173845458566,)
297	25   	249.794	257.95 	14.1687	838.691 (5.0444173845458566,)
298	25   	234.922	231.986	10.4061	1007.1  (5.0444173845458566,)
299	25   	270.556	326.537	10.2903	1387.93 (5.0444173845458566,)
300	25   	288.986	249.468	6.92621	939.56  (5.0444173845458566,)
301	25   	235.277	250.928	19.8958	1015.19 (5.0444173845458566,)
302	25   	190.287	180.477	18.0377	781.134 (5.0444173845458566,)
303	25   	226.308	166.462	10.9304	641.475 (5.0444173845458566,)
304	25   	306.499	288.703	8.22006	970.286 (5.0444173845458566,)
305	25   	362.338	275.795	43.1633	1258.6  (5.0444173845458566,)
306	25   	360.003	411.864	7.90311	1575.8  (5.0444173845458566,)
307	25   	413.234	331.296	59.3559	1290.7  (5.0444173845458566,)
308	25   	177.344	117.688	4.87697	431.675 (4.8769726330336161,)
309	25   	351.028	439.277	8.06211	1771.09 (4.8769726330336161,)
310	25   	248.606	228.518	8.06168	1126.93 (4.8769726330336161,)
311	25   	321.385	299.634	7.40171	1362.77 (4.8769726330336161,)
312	25   	412.424	300.418	30.6617	1210.93 (4.8769726330336161,)
313	25   	341.524	260.072	39.0936	1259.98 (4.8769726330336161,)
314	25   	333.727	343.405	9.62735	1410.81 (4.8769726330336161,)
315	25   	411.228	399.065	14.2016	1506.88 (4.8769726330336161,)
316	25   	318.952	254.711	16.0232	1113.9  (4.8769726330336161,)
317	25   	313.351	264.966	5.82241	1039.79 (4.8769726330336161,)
318	25   	318.675	373.039	6.80946	1661.42 (4.8769726330336161,)
319	25   	300.262	260.244	13.7883	891.949 (4.8769726330336161,)
320	25   	337.287	310.031	9.58866	1073.49 (4.8769726330336161,)
321	25   	364.847	313.359	14.6606	1269.62 (4.8769726330336161,)
322	25   	346.536	284.01 	9.74382	1090.22 (4.8769726330336161,)
323	25   	383.864	328.422	32.2119	1524.01 (4.8769726330336161,)
324	25   	316.355	307.627	14.8883	1342.73 (4.8769726330336161,)
325	25   	281.163	264.491	13.472 	926.164 (4.8769726330336161,)
326	25   	301.325	257.411	8.80369	904.639 (4.8769726330336161,)
327	25   	343.769	347.744	20.7473	1584.15 (4.8769726330336161,)
328	25   	395.562	321.367	48.7387	1371.67 (4.8769726330336161,)
329	25   	336.078	422.334	6.73451	1636.52 (4.8769726330336161,)
330	25   	380.304	262.061	14.6968	1023.79 (4.8769726330336161,)
331	25   	638.747	574.897	10.9305	1735.41 (4.8769726330336161,)
332	25   	374.214	285.188	29.4531	1027.19 (4.8769726330336161,)
333	25   	365.679	334.205	12.3319	1681.88 (4.8769726330336161,)
334	25   	335.864	356.848	17.5546	1505.29 (4.8769726330336161,)
335	25   	246.46 	193.921	9.74489	679.801 (4.8769726330336161,)
336	25   	299.465	286.022	14.5133	1194.22 (4.8769726330336161,)
337	25   	262.651	270.465	10.5607	947.592 (4.8769726330336161,)
338	25   	282.822	316.361	36.0105	1550.18 (4.8769726330336161,)
339	25   	336.1  	349.324	21.2178	1686.21 (4.8769726330336161,)
340	25   	318.317	297.499	7.18007	1330.45 (4.8769726330336161,)
341	25   	284.805	353.683	4.66181	1357.92 (4.6618088406842491,)
342	25   	247.778	307.884	7.80968	1268.48 (4.6618088406842491,)
343	25   	225.525	210.958	7.87336	863.748 (4.6618088406842491,)
344	25   	267.904	192.613	15.4938	783.071 (4.6618088406842491,)
345	25   	288.399	242.143	20.2625	826.525 (4.6618088406842491,)
346	25   	288.801	348.024	11.7435	1532.1  (4.6618088406842491,)
347	25   	302.137	209.193	15.4772	720.19  (4.6618088406842491,)
348	25   	251.168	203.017	17.3122	694.321 (4.6618088406842491,)
349	25   	296.341	307.444	10.4299	1503.87 (4.6618088406842491,)
350	25   	267.399	240.233	4.25085	931.66  (4.25085010074263,)
351	25   	313.614	370.703	15.0842	1684.84 (4.25085010074263,)
352	25   	288.742	384.983	18.5841	1450.13 (4.25085010074263,)
353	25   	341.742	293.974	12.006 	1275.99 (4.25085010074263,)
354	25   	394.603	345.547	7.03144	1594.58 (4.25085010074263,)
355	25   	196.933	180.811	7.93651	642.852 (4.25085010074263,)
356	25   	246.315	258.594	7.40901	1049.9  (4.25085010074263,)
357	25   	258.896	262.309	6.95023	1099.42 (4.25085010074263,)
358	25   	390.904	380.504	9.52866	1684.51 (4.25085010074263,)
359	25   	262.262	264.539	9.29381	826.31  (4.25085010074263,)
360	25   	380.548	326.853	18.4699	1249.46 (4.25085010074263,)
361	25   	324.505	352.204	6.62516	1622.92 (4.25085010074263,)
362	25   	311.866	316.86 	8.22295	1339.4  (4.25085010074263,)
363	25   	364.474	320.879	9.24872	1161.29 (4.25085010074263,)
364	25   	409.828	424.653	13.8905	1722.75 (4.25085010074263,)
365	25   	283.69 	278.237	9.72621	1030.15 (4.25085010074263,)
366	25   	249.028	212.147	8.01708	774.524 (4.25085010074263,)
367	25   	379.919	443.117	7.15358	1687.9  (4.25085010074263,)
368	25   	328.796	261.102	24.6408	982.557 (4.25085010074263,)
369	25   	352.995	346.622	11.4861	1613.54 (4.25085010074263,)
370	25   	307.403	259.004	11.3661	1176.62 (4.25085010074263,)
371	25   	309.123	285.918	13.3553	1507.87 (4.25085010074263,)
372	25   	374.688	308.003	6.44732	1356.34 (4.25085010074263,)
373	25   	233.587	187.031	6.29504	707.903 (4.25085010074263,)
374	25   	388.69 	372.51 	15.4731	1584.99 (4.25085010074263,)
375	25   	449.049	414.529	28.3075	1660.06 (4.25085010074263,)
376	25   	304.875	254.115	8.50756	1055.35 (4.25085010074263,)
377	25   	400.419	435.477	5.29389	1621.15 (4.25085010074263,)
378	25   	430.999	328.668	12.9209	1223.03 (4.25085010074263,)
379	25   	380.962	283.5  	24.0032	1166.57 (4.25085010074263,)
380	25   	256.923	230.529	7.43635	776.388 (4.25085010074263,)
381	25   	327.556	298.563	8.30033	933.331 (4.25085010074263,)
382	25   	291.935	353.997	6.10303	1647.23 (4.25085010074263,)
383	25   	308.363	331.193	5.63326	1467.51 (4.25085010074263,)
384	25   	415.712	457.613	7.93925	1666.27 (4.25085010074263,)
385	25   	234.374	236.101	7.37511	852.554 (4.25085010074263,)
386	25   	265.946	259.025	10.2254	966.101 (4.25085010074263,)
387	25   	354.306	301.622	33.2672	1303.23 (4.25085010074263,)
388	25   	258.384	230.261	10.6777	866.868 (4.25085010074263,)
389	25   	313.512	349.624	8.92014	1757.88 (4.25085010074263,)
390	25   	312.851	282.43 	5.98079	930.3   (4.25085010074263,)
391	25   	333.468	328.489	17.0313	1261.13 (4.25085010074263,)
392	25   	296.734	285.906	28.9859	1185.9  (4.25085010074263,)
393	25   	278.064	213.003	5.72394	907.395 (4.25085010074263,)
394	25   	335.022	297.558	6.37221	1303.14 (4.25085010074263,)
395	25   	334.903	204.219	33.2926	788.438 (4.25085010074263,)
396	25   	367.382	416.906	12.7032	1570.74 (4.25085010074263,)
397	25   	228.171	200.757	6.49235	861.438 (4.25085010074263,)
398	25   	312.94 	291.633	8.19191	1013.45 (4.25085010074263,)
399	25   	240.596	244.316	4.41173	1212.85 (4.25085010074263,)
400	25   	250.795	188.076	8.27611	669.613 (4.25085010074263,)
401	25   	369.64 	390.494	4.69022	1511.74 (4.25085010074263,)
402	25   	300.086	215.194	9.07641	734.707 (4.25085010074263,)
403	25   	320.494	278.729	14.9738	1030.72 (4.25085010074263,)
404	25   	272.22 	220.142	8.92828	775.346 (4.25085010074263,)
405	25   	307.031	219.671	26.1559	945.772 (4.25085010074263,)
406	25   	276.947	227.014	13.7161	959.144 (4.25085010074263,)
407	25   	291.336	199.863	18.8117	693.043 (4.25085010074263,)
408	25   	233.605	281.479	4.60825	1421.15 (4.25085010074263,)
409	25   	260.715	196.994	12.1225	726.486 (4.25085010074263,)
410	25   	389.736	249.348	7.04905	938.663 (4.25085010074263,)
411	25   	292.27 	263.628	15.04  	950.09  (4.25085010074263,)
412	25   	473.585	466.303	11.8151	1693.22 (4.25085010074263,)
413	25   	308.221	240.334	12.8712	928.341 (4.25085010074263,)
414	25   	390.597	277.124	14.4253	1209.06 (4.25085010074263,)
415	25   	345.062	303.156	13.7885	1420.02 (4.25085010074263,)
416	25   	291.79 	287.18 	6.34643	1342.27 (4.25085010074263,)
417	25   	320.515	271.446	22.3212	982.827 (4.25085010074263,)
418	25   	321.477	294.455	8.40117	1163.62 (4.25085010074263,)
419	25   	317.637	243.486	16.1577	1032.35 (4.25085010074263,)
420	25   	363.68 	356.549	22.2963	1478.8  (4.25085010074263,)
421	25   	340.444	318.891	7.46262	1480.65 (4.25085010074263,)
422	25   	323.159	293.418	10.1805	1211.56 (4.25085010074263,)
423	25   	339.941	323.495	4.68369	1373.26 (4.25085010074263,)
424	25   	230.743	239.703	11.8563	1023.55 (4.25085010074263,)
425	25   	251.357	205.684	5.86033	916.886 (4.25085010074263,)
426	25   	241.047	213.478	14.6265	646.091 (4.25085010074263,)
427	25   	344.689	284.871	10.4117	1345.38 (4.25085010074263,)
428	25   	267.448	318.397	7.02871	1481.79 (4.25085010074263,)
429	25   	362.67 	335.313	35.4954	1436.09 (4.25085010074263,)
430	25   	304.978	230.463	6.39349	769.902 (4.25085010074263,)
431	25   	510.542	445.974	11.7548	1657.38 (4.25085010074263,)
432	25   	343.015	251.027	10.9589	793.075 (4.25085010074263,)
433	25   	498.55 	477.738	8.34749	1629.1  (4.25085010074263,)
434	25   	363.006	296.839	8.22273	1131.39 (4.25085010074263,)
435	25   	272.978	249.868	8.54519	951.868 (4.25085010074263,)
436	25   	302.866	367.757	6.33125	1719.54 (4.25085010074263,)
437	25   	390.012	277.047	9.54495	1244.91 (4.25085010074263,)
438	25   	397.065	338.977	13.2972	1288.16 (4.25085010074263,)
439	25   	315.06 	278.802	4.93966	904.899 (4.25085010074263,)
440	25   	406.436	384.172	11.7902	1653.86 (4.25085010074263,)
441	25   	297.716	288.189	11.5398	1149.65 (4.25085010074263,)
442	25   	362.461	325.308	27.728 	1386.4  (4.25085010074263,)
443	25   	366.12 	325.094	31.1002	1524.9  (4.25085010074263,)
444	25   	363.495	379.708	5.19865	1579.29 (4.25085010074263,)
445	25   	350.197	300.853	10.8703	1088.16 (4.25085010074263,)
446	25   	325.684	260.582	14.064 	988.909 (4.25085010074263,)
447	25   	407.506	471.685	12.6835	1731.76 (4.25085010074263,)
448	25   	280.446	330.135	7.58442	1593.37 (4.25085010074263,)
449	25   	380.78 	392.409	8.69357	1733.8  (4.25085010074263,)
450	25   	312.372	296.054	4.77656	1364.11 (4.25085010074263,)
451	25   	380.663	444.121	7.88431	1525.7  (4.25085010074263,)
452	25   	268.959	285.525	10.614 	1345.67 (4.25085010074263,)
453	25   	303.773	321.955	5.28818	1223.15 (4.25085010074263,)
454	25   	368.602	405.356	15.6098	1685.84 (4.25085010074263,)
455	25   	313.366	282.65 	21.5709	1212    (4.25085010074263,)
456	25   	331.285	307.114	5.79161	1495.45 (4.25085010074263,)
457	25   	384.86 	400.803	33.6789	1515.79 (4.25085010074263,)
458	25   	332.689	319.2  	21.4323	1045.93 (4.25085010074263,)
459	25   	313.957	218.609	35.2366	1118.19 (4.25085010074263,)
460	25   	366.542	362.889	11.6383	1492.5  (4.25085010074263,)
461	25   	269.466	214.278	6.52689	775.285 (4.25085010074263,)
462	25   	327.382	314.938	8.21034	1134.27 (4.25085010074263,)
463	25   	251.123	251.285	4.83587	1051.85 (4.25085010074263,)
464	25   	357.765	305.295	20.5305	1254.39 (4.25085010074263,)
465	25   	226.516	180.719	6.15862	676.231 (4.25085010074263,)
466	25   	334.131	272.743	6.90146	979.854 (4.25085010074263,)
467	25   	387.076	357.031	11.6664	1539.69 (4.25085010074263,)
468	25   	229.337	340.78 	5.53021	1506.45 (4.25085010074263,)
469	25   	251.317	241.014	23.423 	916.593 (4.25085010074263,)
470	25   	258.645	196.243	42.7506	811.884 (4.25085010074263,)
471	25   	334.216	287.459	8.05006	1035.22 (4.25085010074263,)
472	25   	522.974	444.696	33.7228	1424.51 (4.25085010074263,)
473	25   	342.34 	315.223	4.79261	1224.59 (4.25085010074263,)
474	25   	443.073	391.515	6.72416	1495.02 (4.25085010074263,)
475	25   	373.39 	256.66 	9.97737	1122.89 (4.25085010074263,)
476	25   	184.942	150.824	6.86647	579.279 (4.25085010074263,)
477	25   	298.477	325.205	32.8461	1394.53 (4.25085010074263,)
478	25   	413.673	365.326	8.92118	1430.81 (4.25085010074263,)
479	25   	249.489	347.613	8.62044	1564.62 (4.25085010074263,)
480	25   	284.409	281.362	6.15347	1184.19 (4.25085010074263,)
481	25   	343.754	286.836	8.16852	1183.87 (4.25085010074263,)
482	25   	320.481	285.558	10.0043	1182.36 (4.25085010074263,)
483	25   	281.336	300.317	4.88939	1571.63 (4.25085010074263,)
484	25   	281.737	191.954	5.72967	798.908 (4.25085010074263,)
485	25   	181.067	138.799	11.6772	448.499 (4.25085010074263,)
486	25   	332.761	261.045	7.96188	1037.56 (4.25085010074263,)
487	25   	349.201	330.272	5.41933	1575.07 (4.25085010074263,)
488	25   	274.957	223.297	11.7984	895.905 (4.25085010074263,)
489	25   	364.602	311.116	7.27224	1133.28 (4.25085010074263,)
490	25   	343.206	311.633	16.8061	1155.72 (4.25085010074263,)
491	25   	248.25 	204.272	12.0297	905.762 (4.25085010074263,)
492	25   	267.285	230.267	9.23967	901.628 (4.25085010074263,)
493	25   	269.917	251.666	12.7731	1163.15 (4.25085010074263,)
494	25   	275.431	272.633	16.3195	1006.06 (4.25085010074263,)
495	25   	458.401	352.61 	5.88636	1477.88 (4.25085010074263,)
496	25   	294.187	259.156	9.55639	1142.85 (4.25085010074263,)
497	25   	354.41 	223.376	49.6977	941.439 (4.25085010074263,)
498	25   	317.821	252.831	5.71598	880.455 (4.25085010074263,)
499	25   	260.955	300.512	6.72668	1192.57 (4.25085010074263,)
