In file included from /usr/local/lib/python2.7/dist-packages/numpy/core/include/numpy/ndarraytypes.h:1804:0,
                 from /usr/local/lib/python2.7/dist-packages/numpy/core/include/numpy/ndarrayobject.h:17,
                 from /usr/local/lib/python2.7/dist-packages/numpy/core/include/numpy/arrayobject.h:4,
                 from /home/pinojc/.cache/scipy/python27_compiled/sc_9bade30717731f645b30a512f757f0fa973.cpp:22:
/usr/local/lib/python2.7/dist-packages/numpy/core/include/numpy/npy_1_7_deprecated_api.h:15:2: warning: #warning "Using deprecated NumPy API, disable it by " "#defining NPY_NO_DEPRECATED_API NPY_1_7_API_VERSION" [-Wcpp]
 #warning "Using deprecated NumPy API, disable it by " \
  ^
gen	evals	avg    	std    	min    	max    
0  	25   	810.411	364.226	145.063	1426.42 (145.06297126584607,)
1  	25   	468.521	234.54 	88.3317	889.805 (88.331674702359706,)
2  	25   	261.495	186.305	58.8805	753.861 (58.880514989802222,)
3  	25   	184.957	131.112	63.0388	650.222 (58.880514989802222,)
4  	25   	197.396	139.19 	48.4177	503.277 (48.41767721012679,)
5  	25   	152.574	147.118	35.0365	682.532 (35.036470486472027,)
6  	25   	160.695	144.003	38.6722	689.016 (35.036470486472027,)
7  	25   	168.141	138.248	39.9375	645.87  (35.036470486472027,)
8  	25   	217.906	193.39 	37.3934	826.526 (35.036470486472027,)
9  	25   	299.173	351.85 	28.6026	1359.48 (28.602561505618919,)
10 	25   	265.112	229.615	27.5595	947.55  (27.55948329620421,)
11 	25   	219.69 	202.367	28.5732	717.323 (27.55948329620421,)
12 	25   	224.575	209.811	36.6379	999.994 (27.55948329620421,)
13 	25   	323.73 	256.183	31.2604	1039.41 (27.55948329620421,)
14 	25   	222.614	240.116	24.7952	967.326 (24.795186137399131,)
15 	25   	290.121	242.756	19.5912	1002.81 (19.591154154352285,)
16 	25   	251.977	175.78 	30.8901	632.323 (19.591154154352285,)
17 	25   	239.011	174.657	32.8227	704.786 (19.591154154352285,)
18 	25   	204.611	241.568	26.8798	921.851 (19.591154154352285,)
19 	25   	250.506	215.561	23.256 	764.725 (19.591154154352285,)
20 	25   	256.618	296.048	14.5418	1308.48 (14.541780254836333,)
21 	25   	238.703	250.782	20.0427	906.11  (14.541780254836333,)
22 	25   	247.422	307.382	17.023 	1198.45 (14.541780254836333,)
23 	25   	259.882	237.293	20.8146	928.859 (14.541780254836333,)
24 	25   	236.615	242.873	17.0195	1043.7  (14.541780254836333,)
25 	25   	251.82 	348.345	28.0199	1332.54 (14.541780254836333,)
26 	25   	297.956	353.962	14.73  	1422.02 (14.541780254836333,)
27 	25   	280.353	269.862	19.4812	1143.8  (14.541780254836333,)
28 	25   	240.581	248.969	25.3172	984.025 (14.541780254836333,)
29 	25   	263.234	293.565	24.58  	1241.41 (14.541780254836333,)
30 	25   	203.79 	173.163	18.9216	716.854 (14.541780254836333,)
31 	25   	200.762	199.252	16.0842	863.414 (14.541780254836333,)
32 	25   	258.455	190.185	16.5976	816.238 (14.541780254836333,)
33 	25   	290.594	300.308	17.9623	1314.2  (14.541780254836333,)
34 	25   	250.928	277.488	28.2711	1350.13 (14.541780254836333,)
35 	25   	303.441	324.61 	24.8357	1166.11 (14.541780254836333,)
36 	25   	311.159	212.739	24.373 	778.195 (14.541780254836333,)
37 	25   	365.828	333.465	11.9005	1503.7  (11.900484733709561,)
38 	25   	348.845	366.149	27.7863	1385.54 (11.900484733709561,)
39 	25   	231.616	197.098	30.5287	621.579 (11.900484733709561,)
40 	25   	283.441	335.249	13.3205	1473.25 (11.900484733709561,)
41 	25   	375.27 	234.542	46.5816	956.414 (11.900484733709561,)
42 	25   	310.464	180.818	29.7318	722.713 (11.900484733709561,)
43 	25   	293.646	245.868	26.041 	807.317 (11.900484733709561,)
44 	25   	284.944	247.47 	22.697 	1049.7  (11.900484733709561,)
45 	25   	266.166	261.17 	15.7129	896.878 (11.900484733709561,)
46 	25   	295.463	266.21 	23.0772	1141.88 (11.900484733709561,)
47 	25   	334.07 	248.85 	26.3235	871.613 (11.900484733709561,)
48 	25   	264.515	287.908	14.3146	1414.55 (11.900484733709561,)
49 	25   	285.677	268.895	17.0394	1220.63 (11.900484733709561,)
50 	25   	293.12 	240.532	34.0265	1058.63 (11.900484733709561,)
51 	25   	252.575	237.373	18.4604	928.886 (11.900484733709561,)
52 	25   	291.214	281.31 	44.9428	1325.28 (11.900484733709561,)
53 	25   	228.527	211.513	11.5337	868.304 (11.533665715263947,)
54 	25   	275.575	285.642	26.9127	1117.4  (11.533665715263947,)
55 	25   	220.376	212.474	20.1896	787.411 (11.533665715263947,)
56 	25   	319.796	238.321	14.0023	826.655 (11.533665715263947,)
57 	25   	347.309	375.572	18.5511	1611.61 (11.533665715263947,)
58 	25   	268.968	177.314	35.8857	679.256 (11.533665715263947,)
59 	25   	273.788	293.98 	16.5118	1294.55 (11.533665715263947,)
60 	25   	301.883	344.978	33.6958	1492.53 (11.533665715263947,)
61 	25   	245.554	205.434	25.788 	834.901 (11.533665715263947,)
62 	25   	411.066	273.037	18.7517	976.705 (11.533665715263947,)
63 	25   	313.653	295.08 	15.0586	1261.7  (11.533665715263947,)
64 	25   	265.545	255.51 	26.7408	1018.03 (11.533665715263947,)
65 	25   	309.053	276.487	14.8823	1010.5  (11.533665715263947,)
66 	25   	271.733	281.991	27.6961	1255.02 (11.533665715263947,)
67 	25   	345.939	321.759	60.4616	1586.96 (11.533665715263947,)
68 	25   	289.572	297.311	12.0044	1124.68 (11.533665715263947,)
69 	25   	235.033	169.07 	37.5025	583.018 (11.533665715263947,)
70 	25   	289.616	284.636	38.854 	1277.19 (11.533665715263947,)
71 	25   	224.727	167.906	46.9956	717.115 (11.533665715263947,)
72 	25   	334.942	341.092	13.4498	1484.8  (11.533665715263947,)
73 	25   	245.067	240.697	31.2051	1008.86 (11.533665715263947,)
74 	25   	298.453	220.176	20.2306	846.748 (11.533665715263947,)
75 	25   	237.127	188.961	16.9381	824.574 (11.533665715263947,)
76 	25   	262.97 	256.06 	17.0035	919.373 (11.533665715263947,)
77 	25   	295.909	233.625	35.4113	979.967 (11.533665715263947,)
78 	25   	319.459	257.325	13.8316	1086.98 (11.533665715263947,)
79 	25   	300.452	208.076	27.1205	865.111 (11.533665715263947,)
80 	25   	316.787	353.065	23.2161	1646.15 (11.533665715263947,)
81 	25   	237.232	219.286	32.2165	990.047 (11.533665715263947,)
82 	25   	225.267	178.166	14.8865	866.132 (11.533665715263947,)
83 	25   	288.519	278.72 	22.2661	1447.76 (11.533665715263947,)
84 	25   	145.265	149.537	16.2465	536.402 (11.533665715263947,)
85 	25   	233.042	171.794	22.4485	606.143 (11.533665715263947,)
86 	25   	188.562	184.32 	26.2794	910.756 (11.533665715263947,)
87 	25   	348.753	396.424	24.2051	1498.98 (11.533665715263947,)
88 	25   	316.234	221.872	31.6722	946.983 (11.533665715263947,)
89 	25   	198.54 	298.39 	17.2854	1571.85 (11.533665715263947,)
90 	25   	314.193	218.965	37.6881	814.72  (11.533665715263947,)
91 	25   	304.666	294.983	17.6074	940.435 (11.533665715263947,)
92 	25   	233.716	247.386	14.2083	1049.59 (11.533665715263947,)
93 	25   	130.994	119.56 	12.6062	528.607 (11.533665715263947,)
94 	25   	264.364	209.946	17.5571	963.553 (11.533665715263947,)
95 	25   	278.864	279.498	25.0965	1039.35 (11.533665715263947,)
96 	25   	288.725	244.382	28.0084	864.817 (11.533665715263947,)
97 	25   	301.355	224.003	57.7752	936.003 (11.533665715263947,)
98 	25   	248.84 	204.176	27.4838	723.522 (11.533665715263947,)
99 	25   	299.146	369.544	13.0348	1610.98 (11.533665715263947,)
100	25   	200.832	168.306	21.9814	689.928 (11.533665715263947,)
101	25   	337.781	276.629	29.1134	1187    (11.533665715263947,)
102	25   	367.774	357.43 	33.3938	1655.09 (11.533665715263947,)
103	25   	343.488	250.19 	25.4878	949.691 (11.533665715263947,)
104	25   	357.363	280.903	21.9163	1223.31 (11.533665715263947,)
105	25   	330.788	274.835	16.669 	892.05  (11.533665715263947,)
106	25   	333.147	291.305	26.3419	1169.69 (11.533665715263947,)
107	25   	268.69 	243.939	31.3895	999.186 (11.533665715263947,)
108	25   	247.115	193.519	11.6426	646.556 (11.533665715263947,)
109	25   	255.416	214.912	14.6835	821.7   (11.533665715263947,)
110	25   	391.142	319.21 	27.325 	1448.02 (11.533665715263947,)
111	25   	324.519	299.799	11.6601	1149.32 (11.533665715263947,)
112	25   	335.325	277.41 	23.7096	1063.26 (11.533665715263947,)
113	25   	298.163	372.872	19.0028	1649.2  (11.533665715263947,)
114	25   	294.312	215.005	17.2538	814.787 (11.533665715263947,)
115	25   	277.285	228.992	16.3153	814.465 (11.533665715263947,)
116	25   	240.642	244.087	28.4912	919.038 (11.533665715263947,)
117	25   	254.207	209.699	13.2163	773.712 (11.533665715263947,)
118	25   	262.919	259.863	44.7399	1110.1  (11.533665715263947,)
119	25   	246.556	203.344	14.3481	659.218 (11.533665715263947,)
120	25   	286.699	254.997	25.9392	907.916 (11.533665715263947,)
121	25   	332.768	242.353	27.9232	989.27  (11.533665715263947,)
122	25   	282.15 	182.465	24.0518	722.124 (11.533665715263947,)
123	25   	442.795	448.42 	18.0308	1489.85 (11.533665715263947,)
124	25   	239.345	151.094	34.8755	581.167 (11.533665715263947,)
125	25   	263.241	211.569	11.4386	803.752 (11.438630994623454,)
126	25   	332.797	343.777	14.4573	1056.96 (11.438630994623454,)
127	25   	338.776	302.865	18.3153	1301.74 (11.438630994623454,)
128	25   	358.704	316.649	26.6391	1250.25 (11.438630994623454,)
129	25   	347.799	226.918	11.8247	733.098 (11.438630994623454,)
130	25   	236.163	185.765	13.4173	727.087 (11.438630994623454,)
131	25   	307.884	285.034	32.8036	1069.64 (11.438630994623454,)
132	25   	252.348	236.764	26.3204	1059.19 (11.438630994623454,)
133	25   	231.259	164.882	13.4692	646.686 (11.438630994623454,)
134	25   	346.236	373.149	12.1521	1186.59 (11.438630994623454,)
135	25   	394.755	299.824	29.96  	1323.01 (11.438630994623454,)
136	25   	337.606	289.606	17.5146	976.052 (11.438630994623454,)
137	25   	276.007	278.13 	15.2091	1203.05 (11.438630994623454,)
138	25   	272.04 	237.967	16.1262	928.268 (11.438630994623454,)
139	25   	344.515	295.076	32.7946	1356.39 (11.438630994623454,)
140	25   	312.594	257.948	18.8106	1020.95 (11.438630994623454,)
141	25   	354.837	349.079	26.2452	1486.82 (11.438630994623454,)
142	25   	295.841	308.459	17.3968	1140.37 (11.438630994623454,)
143	25   	337.784	281.035	18.295 	1168.23 (11.438630994623454,)
144	25   	330.269	239.686	50.2043	853.98  (11.438630994623454,)
145	25   	320.175	346.398	24.7024	1290.16 (11.438630994623454,)
146	25   	397.46 	360.663	14.5985	1309.89 (11.438630994623454,)
147	25   	441.798	456.502	10.7603	1555.14 (10.760349215894117,)
148	25   	318.087	235.635	36.6204	838.191 (10.760349215894117,)
149	25   	325.965	299.008	11.8073	989.708 (10.760349215894117,)
150	25   	383.905	330.404	15.0496	1431.81 (10.760349215894117,)
151	25   	364.526	336.409	20.5989	1387.44 (10.760349215894117,)
152	25   	347.062	277.168	20.5027	1073.46 (10.760349215894117,)
153	25   	372.615	338.428	28.5673	1273.02 (10.760349215894117,)
154	25   	307.812	230.953	20.1079	939.46  (10.760349215894117,)
155	25   	480.815	416.225	17.9437	1675.61 (10.760349215894117,)
156	25   	296.804	229.702	15.7947	951.988 (10.760349215894117,)
157	25   	377.209	424.096	18.161 	1611.26 (10.760349215894117,)
158	25   	208.436	212.258	27.8484	797.662 (10.760349215894117,)
159	25   	309.69 	284.319	18.9977	955.536 (10.760349215894117,)
160	25   	345.142	321.573	22.229 	1042.51 (10.760349215894117,)
161	25   	324.373	287.58 	18.8543	1171.43 (10.760349215894117,)
162	25   	256.673	224.621	17.137 	977.577 (10.760349215894117,)
163	25   	359.019	283.476	31.1381	1323.7  (10.760349215894117,)
164	25   	342.109	322.824	33.102 	1273.39 (10.760349215894117,)
165	25   	219.938	186.177	25.3997	575.62  (10.760349215894117,)
166	25   	351.932	271.416	18.367 	1031.36 (10.760349215894117,)
167	25   	352.045	275.607	16.4455	872.581 (10.760349215894117,)
168	25   	386.48 	298.442	19.4515	1059.25 (10.760349215894117,)
169	25   	424.229	449.963	13.2291	1622.58 (10.760349215894117,)
170	25   	291.471	271.716	29.7996	963.157 (10.760349215894117,)
171	25   	371.965	291.637	21.0927	1084.55 (10.760349215894117,)
172	25   	342.667	337.672	15.4489	1209.26 (10.760349215894117,)
173	25   	289.95 	276.803	10.5699	999.758 (10.569932140913707,)
174	25   	335.046	293.217	55.172 	975.394 (10.569932140913707,)
175	25   	312.874	292.059	46.6317	1477.5  (10.569932140913707,)
176	25   	336.419	326.68 	19.2155	1149.97 (10.569932140913707,)
177	25   	387.184	291.009	19.7767	1198.71 (10.569932140913707,)
178	25   	378.237	361.925	39.7936	1381.75 (10.569932140913707,)
179	25   	358.522	303.159	18.3818	1256.53 (10.569932140913707,)
180	25   	304.517	205.404	10.4915	754.072 (10.491494550814997,)
181	25   	208.436	282.334	24.2818	1397.78 (10.491494550814997,)
182	25   	261.761	263.319	16.0732	936.056 (10.491494550814997,)
183	25   	201.999	213.062	21.7815	771.003 (10.491494550814997,)
184	25   	236.518	203.293	13.7739	643.151 (10.491494550814997,)
185	25   	269.76 	258.361	29.8507	1256.73 (10.491494550814997,)
186	25   	283.69 	234.524	26.7135	967.642 (10.491494550814997,)
187	25   	429.434	412.349	26.0511	1690.78 (10.491494550814997,)
188	25   	358.79 	237.431	15.683 	780.14  (10.491494550814997,)
189	25   	358.777	427.133	13.4826	1670.59 (10.491494550814997,)
190	25   	289.623	224.644	20.2997	883.932 (10.491494550814997,)
191	25   	344.146	389.139	36.0719	1455.43 (10.491494550814997,)
192	25   	336.689	367.465	20.0562	1494.3  (10.491494550814997,)
193	25   	244.003	240.559	15.9093	1066.28 (10.491494550814997,)
194	25   	312.98 	247.271	38.6783	920.418 (10.491494550814997,)
195	25   	233.156	222.645	19.0425	814.846 (10.491494550814997,)
196	25   	384.784	286.484	32.9833	1280.12 (10.491494550814997,)
197	25   	259.446	253.715	25.104 	920.698 (10.491494550814997,)
198	25   	308.161	352.636	20.6669	1329.82 (10.491494550814997,)
199	25   	293.69 	268.402	9.02217	859.936 (9.0221679044649932,)
200	25   	287.565	245.352	9.09958	816.752 (9.0221679044649932,)
201	25   	291.79 	354.994	7.55747	1612.41 (7.5574676303876496,)
202	25   	336.011	214.989	19.0953	830.015 (7.5574676303876496,)
203	25   	329.454	270.096	17.5803	1181.96 (7.5574676303876496,)
204	25   	255.593	313.761	9.47358	1580.27 (7.5574676303876496,)
205	25   	317.374	289.925	7.31909	855.28  (7.3190904563242576,)
206	25   	265.786	223.019	17.9674	785.774 (7.3190904563242576,)
207	25   	230.848	166.54 	32.6083	549.942 (7.3190904563242576,)
208	25   	276.424	286.45 	12.2216	1362.46 (7.3190904563242576,)
209	25   	374.574	375.498	19.023 	1410.28 (7.3190904563242576,)
210	25   	289.828	300.025	14.7707	1096.45 (7.3190904563242576,)
211	25   	279.185	258.038	15.5685	1051.19 (7.3190904563242576,)
212	25   	201.503	178.809	10.4097	556.55  (7.3190904563242576,)
213	25   	245.089	265.154	8.65569	851.025 (7.3190904563242576,)
214	25   	190.879	176.27 	12.572 	697.906 (7.3190904563242576,)
215	25   	260.817	266.861	21.277 	1173.81 (7.3190904563242576,)
216	25   	276.063	248.598	11.8453	929.788 (7.3190904563242576,)
217	25   	318.425	232.754	17.5624	740.765 (7.3190904563242576,)
218	25   	264.183	194.762	24.0941	897.001 (7.3190904563242576,)
219	25   	352.634	386.115	12.0597	1453.04 (7.3190904563242576,)
220	25   	276.003	290.692	11.6752	1178.49 (7.3190904563242576,)
221	25   	194.576	147.664	31.7761	741.098 (7.3190904563242576,)
222	25   	226.253	233.521	25.8993	828.113 (7.3190904563242576,)
223	25   	335.087	284.974	19.762 	1049.51 (7.3190904563242576,)
224	25   	405.333	421.003	17.5621	1523.29 (7.3190904563242576,)
225	25   	301.042	264.526	13.9097	1060.35 (7.3190904563242576,)
226	25   	337.479	326.288	7.2863 	1191.38 (7.2862987120586284,)
227	25   	243.63 	260.725	20.0499	1092.55 (7.2862987120586284,)
228	25   	295.036	256.435	24.1804	879.929 (7.2862987120586284,)
229	25   	330.929	249.291	35.4803	930.094 (7.2862987120586284,)
230	25   	257.103	235.282	7.28199	895.033 (7.2819941481131609,)
231	25   	256.462	199.896	8.87713	688.112 (7.2819941481131609,)
232	25   	250.58 	184.863	22.6509	668.854 (7.2819941481131609,)
233	25   	272.728	295.048	13.0604	1090.05 (7.2819941481131609,)
234	25   	267.867	238.716	10.8869	848.474 (7.2819941481131609,)
235	25   	190.62 	143.607	25.4864	547.353 (7.2819941481131609,)
236	25   	290.601	251.978	29.5901	933.417 (7.2819941481131609,)
237	25   	253.849	185.967	16.0395	582.394 (7.2819941481131609,)
238	25   	401.309	437.104	20.3015	1437.73 (7.2819941481131609,)
239	25   	256.249	195.786	26.1809	820.178 (7.2819941481131609,)
240	25   	284.898	219.263	18.4165	907.534 (7.2819941481131609,)
241	25   	313.444	204.727	28.8021	763.379 (7.2819941481131609,)
242	25   	265.2  	291.076	13.1579	946.791 (7.2819941481131609,)
243	25   	326.49 	299.317	27.0062	1209.15 (7.2819941481131609,)
244	25   	317.536	338.941	16.4014	1293.88 (7.2819941481131609,)
245	25   	276.132	268.34 	12.4347	931.559 (7.2819941481131609,)
246	25   	234.135	208.993	8.04134	712.258 (7.2819941481131609,)
247	25   	367.546	258.023	18.2475	839.694 (7.2819941481131609,)
248	25   	388.462	317.819	15.7939	1428.9  (7.2819941481131609,)
249	25   	279.502	304.982	32.4346	1548.49 (7.2819941481131609,)
250	25   	225.597	230.082	22.3111	875.676 (7.2819941481131609,)
251	25   	275.91 	261.746	13.3493	969.877 (7.2819941481131609,)
252	25   	218.965	198.67 	11.9616	725.842 (7.2819941481131609,)
253	25   	251.23 	222.182	18.6032	728.599 (7.2819941481131609,)
254	25   	290.359	184.175	26.2991	769.2   (7.2819941481131609,)
255	25   	314.656	227.309	16.8958	697.371 (7.2819941481131609,)
256	25   	363.262	290.923	21.3406	1235.55 (7.2819941481131609,)
257	25   	306.934	270.556	17.0676	1222.29 (7.2819941481131609,)
258	25   	295.204	178.146	10.6546	615.689 (7.2819941481131609,)
259	25   	323.526	287.673	20.2326	1186.1  (7.2819941481131609,)
260	25   	430.154	356.834	13.9331	1263.65 (7.2819941481131609,)
261	25   	207.057	213.959	17.7811	722.055 (7.2819941481131609,)
262	25   	336.769	246.292	26.5885	955.968 (7.2819941481131609,)
263	25   	284.917	213.534	20.7515	818.337 (7.2819941481131609,)
264	25   	243.583	183.227	14.7272	593.094 (7.2819941481131609,)
265	25   	324.408	240.753	10.3554	810.391 (7.2819941481131609,)
266	25   	321.525	238.562	20.6968	964.572 (7.2819941481131609,)
267	25   	316.844	211.641	31.3145	729.769 (7.2819941481131609,)
268	25   	176.456	150.369	25.399 	545.679 (7.2819941481131609,)
269	25   	281.203	214.355	17.2462	817.579 (7.2819941481131609,)
270	25   	364.541	360.29 	18.5472	1662.58 (7.2819941481131609,)
271	25   	307.233	309.915	23.8805	1423.37 (7.2819941481131609,)
272	25   	269.101	220.99 	18.394 	764.624 (7.2819941481131609,)
273	25   	270.811	225.282	15.8825	848.753 (7.2819941481131609,)
274	25   	293.109	207.549	9.07091	719.026 (7.2819941481131609,)
275	25   	237.48 	198.919	9.44481	652.272 (7.2819941481131609,)
276	25   	283.577	219.912	42.5934	841.383 (7.2819941481131609,)
277	25   	328.543	254.182	25.8203	944.455 (7.2819941481131609,)
278	25   	285.084	236.984	10.0059	870.85  (7.2819941481131609,)
279	25   	280.74 	249.512	16.2499	866.81  (7.2819941481131609,)
280	25   	279.287	321.48 	16.0375	1530.47 (7.2819941481131609,)
281	25   	175.262	169.396	13.3367	552.13  (7.2819941481131609,)
282	25   	340.549	331.071	12.4117	1257.12 (7.2819941481131609,)
283	25   	290.826	215.386	20.9896	695.428 (7.2819941481131609,)
284	25   	269.548	280.741	11.2418	1047.71 (7.2819941481131609,)
285	25   	255.536	172.218	34.9816	579.953 (7.2819941481131609,)
286	25   	368.78 	259.561	44.5009	1053.58 (7.2819941481131609,)
287	25   	322.38 	195.475	16.9281	767.823 (7.2819941481131609,)
288	25   	335.741	267.843	9.15202	1071.67 (7.2819941481131609,)
289	25   	309.382	263.276	28.206 	1200.51 (7.2819941481131609,)
290	25   	342.741	269.678	20.5328	1148.07 (7.2819941481131609,)
291	25   	365.13 	269.16 	14.0645	1077.04 (7.2819941481131609,)
292	25   	317.675	332.352	15.2353	1188.89 (7.2819941481131609,)
293	25   	336.325	323.353	23.6797	1375.01 (7.2819941481131609,)
294	25   	288.105	225.088	27.1985	869.528 (7.2819941481131609,)
295	25   	312.236	373.487	13.3519	1472.96 (7.2819941481131609,)
296	25   	173.917	146.671	14.4965	550.56  (7.2819941481131609,)
297	25   	241.748	212.101	9.2029 	685.799 (7.2819941481131609,)
298	25   	259.441	209.214	17.3705	660.865 (7.2819941481131609,)
299	25   	220.627	137.156	21.5337	525.133 (7.2819941481131609,)
300	25   	271.254	176.261	16.7616	726.883 (7.2819941481131609,)
301	25   	319.696	266.325	18.5035	1158.02 (7.2819941481131609,)
302	25   	323.29 	282.926	12.1763	1038.26 (7.2819941481131609,)
303	25   	337.878	297.866	11.5234	1128.03 (7.2819941481131609,)
304	25   	274.698	242.533	14.4102	929.355 (7.2819941481131609,)
305	25   	373.101	403.72 	13.3152	1418.71 (7.2819941481131609,)
306	25   	389.976	300.656	13.1411	1163.72 (7.2819941481131609,)
307	25   	322.774	273.221	16.8913	1104.15 (7.2819941481131609,)
308	25   	389.653	303.109	10.8449	1209.44 (7.2819941481131609,)
309	25   	204.512	195.78 	13.883 	910.69  (7.2819941481131609,)
310	25   	243.05 	194.812	26.683 	695.271 (7.2819941481131609,)
311	25   	215.766	188.493	12.0351	669.934 (7.2819941481131609,)
312	25   	309.347	160.07 	35.0967	557.283 (7.2819941481131609,)
313	25   	335.078	257.922	30.1693	912.655 (7.2819941481131609,)
314	25   	317.274	331.506	8.72565	1156.16 (7.2819941481131609,)
315	25   	289.194	255.197	22.608 	876.156 (7.2819941481131609,)
316	25   	326.996	255.013	22.7131	849.974 (7.2819941481131609,)
317	25   	237.851	164.742	19.0008	626.287 (7.2819941481131609,)
318	25   	292.43 	252.712	17.9754	1234.58 (7.2819941481131609,)
319	25   	304.947	208.412	10.4941	689.713 (7.2819941481131609,)
320	25   	328.743	328.344	9.51437	1276.12 (7.2819941481131609,)
321	25   	285.629	263.376	20.8207	1053.14 (7.2819941481131609,)
322	25   	244.833	262.185	8.09627	962.771 (7.2819941481131609,)
323	25   	259.525	190.783	23.8533	815.24  (7.2819941481131609,)
324	25   	312.023	248.206	20.783 	975.04  (7.2819941481131609,)
325	25   	281.763	248.762	13.9043	939.274 (7.2819941481131609,)
326	25   	278.429	244.676	18.7863	874.035 (7.2819941481131609,)
327	25   	307.774	333.003	12.8523	1665.29 (7.2819941481131609,)
328	25   	343.001	268.754	40.5133	1106.42 (7.2819941481131609,)
329	25   	294.016	225.895	17.5287	881.419 (7.2819941481131609,)
330	25   	304.915	319.492	19.7401	1069.32 (7.2819941481131609,)
331	25   	299.372	221.99 	14.9068	981.788 (7.2819941481131609,)
332	25   	238.802	232.581	8.97653	1192.7  (7.2819941481131609,)
333	25   	342.039	277.855	18.684 	1100.57 (7.2819941481131609,)
334	25   	273.685	189.6  	27.5726	626.139 (7.2819941481131609,)
335	25   	362.549	282.97 	25.5646	997.229 (7.2819941481131609,)
336	25   	390.525	292.365	11.3336	1059.78 (7.2819941481131609,)
337	25   	294.046	256.137	15.6733	970.641 (7.2819941481131609,)
338	25   	312.244	185.734	37.2942	735.993 (7.2819941481131609,)
339	25   	386.066	375.387	14.3349	1547.3  (7.2819941481131609,)
340	25   	324.95 	259.784	25.8018	974.137 (7.2819941481131609,)
341	25   	189.789	224.249	16.1704	952.905 (7.2819941481131609,)
342	25   	310.601	222.021	7.58883	838.004 (7.2819941481131609,)
343	25   	265.753	218.802	21.5226	924.668 (7.2819941481131609,)
344	25   	283.021	259.299	8.99642	770.56  (7.2819941481131609,)
345	25   	430.247	352.52 	19.0213	1473.48 (7.2819941481131609,)
346	25   	333.662	251.196	14.2408	827.675 (7.2819941481131609,)
347	25   	304.067	214.321	34.6958	745.806 (7.2819941481131609,)
348	25   	288.709	205.281	10.0024	613.096 (7.2819941481131609,)
349	25   	289.801	240.431	21.2042	774.276 (7.2819941481131609,)
350	25   	315.049	261.517	31.779 	1126.83 (7.2819941481131609,)
351	25   	249.242	207.114	16.1714	612.608 (7.2819941481131609,)
352	25   	237.812	178.309	13.4726	844.348 (7.2819941481131609,)
353	25   	312.494	247.615	13.4266	911.675 (7.2819941481131609,)
354	25   	322.069	310.723	13.6549	1333.63 (7.2819941481131609,)
355	25   	277.756	234.259	10.7588	947.847 (7.2819941481131609,)
356	25   	249.108	251.241	10.7204	949.211 (7.2819941481131609,)
357	25   	307.541	303.422	14.3975	1101.64 (7.2819941481131609,)
358	25   	373.763	360.408	33.0819	1564.98 (7.2819941481131609,)
359	25   	282.116	316.444	9.02837	1221.54 (7.2819941481131609,)
360	25   	261.877	254.337	19.9492	849.258 (7.2819941481131609,)
361	25   	377.411	284.398	36.6482	1118.67 (7.2819941481131609,)
362	25   	256.372	239.532	18.6204	943.968 (7.2819941481131609,)
363	25   	278.405	216.955	17.1075	919.082 (7.2819941481131609,)
364	25   	242.808	215.947	16.1576	928.399 (7.2819941481131609,)
365	25   	280.342	205.351	9.12929	770.921 (7.2819941481131609,)
366	25   	286.692	264.592	23.785 	1007.97 (7.2819941481131609,)
367	25   	259.687	214.921	14.6194	974.622 (7.2819941481131609,)
368	25   	320.051	193.644	34.9146	773.531 (7.2819941481131609,)
369	25   	326.921	185.026	54.9498	683.045 (7.2819941481131609,)
370	25   	324.166	318.499	8.40505	1479.52 (7.2819941481131609,)
371	25   	359.978	349.093	17.5826	1532.1  (7.2819941481131609,)
372	25   	260.93 	207.582	20.4847	828.16  (7.2819941481131609,)
373	25   	267.798	204.813	25.5361	895.776 (7.2819941481131609,)
374	25   	202.836	145.634	22.1101	473.178 (7.2819941481131609,)
375	25   	275.691	239.251	16.8466	921.121 (7.2819941481131609,)
376	25   	252.823	234.763	16.5309	922.077 (7.2819941481131609,)
377	25   	237.858	175.603	14.9327	576.64  (7.2819941481131609,)
378	25   	240.283	295.654	18.3616	1143.4  (7.2819941481131609,)
379	25   	279.653	280.159	17.6867	1325.67 (7.2819941481131609,)
380	25   	261.626	335.989	11.9678	1304.75 (7.2819941481131609,)
381	25   	273.261	184.851	39.1817	765.807 (7.2819941481131609,)
382	25   	297.306	277.145	21.5332	1057.31 (7.2819941481131609,)
383	25   	257.371	267.866	11.5712	1027.09 (7.2819941481131609,)
384	25   	217.939	192.072	11.378 	774.653 (7.2819941481131609,)
385	25   	283.39 	216.89 	17.0802	980.752 (7.2819941481131609,)
386	25   	254.981	183.514	11.6493	598.638 (7.2819941481131609,)
387	25   	198.838	171.705	13.8837	613.142 (7.2819941481131609,)
388	25   	308.306	261.842	10.5968	840.811 (7.2819941481131609,)
389	25   	296.76 	311.389	33.6054	1253.65 (7.2819941481131609,)
390	25   	290.902	351.667	17.5715	1429.59 (7.2819941481131609,)
391	25   	279.53 	264.394	22.9705	988.12  (7.2819941481131609,)
392	25   	283.958	278.749	15.0388	1259.59 (7.2819941481131609,)
393	25   	252.452	259.35 	20.6434	1158.87 (7.2819941481131609,)
394	25   	356.199	217.714	45.9852	793.237 (7.2819941481131609,)
395	25   	385.87 	284.374	10.5597	1126.79 (7.2819941481131609,)
396	25   	298.147	275.214	9.06012	884.893 (7.2819941481131609,)
397	25   	313.879	296.919	23.1823	1229.58 (7.2819941481131609,)
398	25   	350.416	248.206	17.9859	998.804 (7.2819941481131609,)
399	25   	409.265	294.969	39.2149	1088.58 (7.2819941481131609,)
400	25   	380.105	269.78 	27.7157	950.383 (7.2819941481131609,)
401	25   	229.397	202.88 	18.8428	877.606 (7.2819941481131609,)
402	25   	308.947	230.724	26.7495	901.886 (7.2819941481131609,)
403	25   	285.693	213.832	27.7438	737.297 (7.2819941481131609,)
404	25   	250.727	222.214	12.8251	939.65  (7.2819941481131609,)
405	25   	259.443	254.849	15.6185	1131.12 (7.2819941481131609,)
406	25   	218.006	212.086	13.2747	742.554 (7.2819941481131609,)
407	25   	325.954	299.013	23.574 	1498.46 (7.2819941481131609,)
408	25   	227.936	208.719	13.5806	795.244 (7.2819941481131609,)
409	25   	229.669	178.823	12.1223	730.779 (7.2819941481131609,)
410	25   	230.063	234.878	12.2182	1002.56 (7.2819941481131609,)
411	25   	234.716	238.907	16.3419	963.53  (7.2819941481131609,)
412	25   	217.672	169.082	12.1331	580.456 (7.2819941481131609,)
413	25   	259.927	187.571	9.93507	607.777 (7.2819941481131609,)
414	25   	379.491	269.295	19.0259	1220.95 (7.2819941481131609,)
415	25   	322.066	205.464	6.99876	723.765 (6.9987591712963422,)
416	25   	341.522	292.443	7.26152	963.554 (6.9987591712963422,)
417	25   	289.747	291.138	15.5392	1214.11 (6.9987591712963422,)
418	25   	253.396	216.983	33.4411	1058.48 (6.9987591712963422,)
419	25   	252.971	234.295	32.1418	1221.35 (6.9987591712963422,)
420	25   	187.065	182.84 	14.9095	666.765 (6.9987591712963422,)
421	25   	216.57 	250.982	14.7546	1056.81 (6.9987591712963422,)
422	25   	280.518	208.76 	23.1111	860.383 (6.9987591712963422,)
423	25   	230.084	182.398	18.3812	694.532 (6.9987591712963422,)
424	25   	291.203	254.219	7.57125	917.485 (6.9987591712963422,)
425	25   	361.75 	221.79 	13.6765	885.965 (6.9987591712963422,)
426	25   	410.187	267.061	29.2039	1141.03 (6.9987591712963422,)
427	25   	295.213	255.417	10.8028	1054.21 (6.9987591712963422,)
428	25   	229.331	201.241	7.90086	676.16  (6.9987591712963422,)
429	25   	243.671	222.21 	10.5192	733.865 (6.9987591712963422,)
430	25   	271.683	243.572	11.2452	702.194 (6.9987591712963422,)
431	25   	270.576	239.536	11.6981	816.339 (6.9987591712963422,)
432	25   	296.212	312.963	18.7327	1513.61 (6.9987591712963422,)
433	25   	214.335	193.316	10.268 	638.541 (6.9987591712963422,)
434	25   	291.681	278.272	11.5338	871.569 (6.9987591712963422,)
435	25   	209.414	159.363	12.4324	583.557 (6.9987591712963422,)
436	25   	309.846	336.671	35.9334	1591.02 (6.9987591712963422,)
437	25   	245.336	209.913	14.8974	627.559 (6.9987591712963422,)
438	25   	246.562	236.453	7.24651	771.361 (6.9987591712963422,)
439	25   	238.614	251.717	9.9293 	791.356 (6.9987591712963422,)
440	25   	313.507	281.277	18.6673	1160.25 (6.9987591712963422,)
441	25   	319.099	274.685	12.4164	1034.8  (6.9987591712963422,)
442	25   	176.334	151.713	12.5842	710.849 (6.9987591712963422,)
443	25   	288.5  	296.059	19.7404	1289.63 (6.9987591712963422,)
444	25   	160.425	132.684	17.8594	467.353 (6.9987591712963422,)
445	25   	270.291	269.822	8.38093	1004.34 (6.9987591712963422,)
446	25   	233.549	225.519	14.793 	925.344 (6.9987591712963422,)
447	25   	193.939	148.695	10.774 	524.682 (6.9987591712963422,)
448	25   	243.582	274.411	18.6804	1031.94 (6.9987591712963422,)
449	25   	228.131	285.775	11.6751	1144.73 (6.9987591712963422,)
450	25   	258.73 	215.679	23.7375	935.458 (6.9987591712963422,)
451	25   	239.447	240.781	9.59731	892.88  (6.9987591712963422,)
452	25   	360.57 	380.607	7.88734	1278.97 (6.9987591712963422,)
453	25   	209.067	228.96 	6.49219	832.176 (6.4921862208349985,)
454	25   	251.982	288.691	9.48567	1250.16 (6.4921862208349985,)
455	25   	229.444	174.862	9.47068	525.127 (6.4921862208349985,)
456	25   	342.829	329.23 	15.6011	1248.65 (6.4921862208349985,)
457	25   	225.189	260.824	8.52895	1176.14 (6.4921862208349985,)
458	25   	281.681	305.599	17.2566	1341.21 (6.4921862208349985,)
459	25   	331.631	298.187	17.686 	1176.2  (6.4921862208349985,)
460	25   	396.17 	332.628	17.2781	1244.45 (6.4921862208349985,)
461	25   	291.947	237.982	13.7251	793.349 (6.4921862208349985,)
462	25   	270.094	229.324	25.2178	893.6   (6.4921862208349985,)
463	25   	307.361	298.984	6.56358	1343.87 (6.4921862208349985,)
464	25   	299.87 	299.183	13.1126	1244.76 (6.4921862208349985,)
465	25   	246.628	207.721	21.1864	762.208 (6.4921862208349985,)
466	25   	250.661	255.775	7.37787	957.752 (6.4921862208349985,)
467	25   	319.562	295.084	24.7963	1354.86 (6.4921862208349985,)
468	25   	283.271	209.101	17.211 	700.552 (6.4921862208349985,)
469	25   	336.035	260.189	50.2486	1350.49 (6.4921862208349985,)
470	25   	293.83 	305.831	18.625 	1281.32 (6.4921862208349985,)
471	25   	212.562	187.213	10.7927	710.705 (6.4921862208349985,)
472	25   	265.886	206.184	19.6546	857.982 (6.4921862208349985,)
473	25   	234.169	281.59 	11.8204	1294.65 (6.4921862208349985,)
474	25   	327.147	321.291	16.3022	1057.13 (6.4921862208349985,)
475	25   	255.154	186.806	32.588 	704.454 (6.4921862208349985,)
476	25   	190.469	187.31 	14.9597	802.132 (6.4921862208349985,)
477	25   	202.182	179.543	12.3733	726.418 (6.4921862208349985,)
478	25   	233.869	270.183	15.5402	1295.52 (6.4921862208349985,)
479	25   	251.818	200.316	26.1303	802.806 (6.4921862208349985,)
480	25   	250.205	237.208	13.9874	1091.1  (6.4921862208349985,)
481	25   	273.015	217.636	15.0119	832.552 (6.4921862208349985,)
482	25   	292.882	254.821	12.2323	925.343 (6.4921862208349985,)
483	25   	327.333	216.544	44.1026	1012.25 (6.4921862208349985,)
484	25   	317.889	233.266	14.6071	843.35  (6.4921862208349985,)
485	25   	249.102	213.887	12.3189	880.554 (6.4921862208349985,)
486	25   	280.807	253.101	25.1163	986.959 (6.4921862208349985,)
487	25   	264.131	203.802	35.6485	750.352 (6.4921862208349985,)
488	25   	202.138	145.567	18.583 	492.875 (6.4921862208349985,)
489	25   	308.296	270.402	14.7042	1011.76 (6.4921862208349985,)
490	25   	314.674	300.604	13.4454	1014.88 (6.4921862208349985,)
491	25   	374.762	347.679	10.2952	1331.45 (6.4921862208349985,)
492	25   	362.143	241.48 	13.9428	873.671 (6.4921862208349985,)
493	25   	365.741	345.803	8.8486 	1593.77 (6.4921862208349985,)
494	25   	305.771	317.934	10.6856	1258.91 (6.4921862208349985,)
495	25   	253.451	221.386	20.8963	757.952 (6.4921862208349985,)
496	25   	272.244	209.57 	28.2355	733.325 (6.4921862208349985,)
497	25   	279.292	222.69 	14.0888	756.436 (6.4921862208349985,)
498	25   	342.301	243.836	9.78054	944.642 (6.4921862208349985,)
499	25   	269.565	225.054	33.5067	954.148 (6.4921862208349985,)
