In file included from /usr/local/lib/python2.7/dist-packages/numpy/core/include/numpy/ndarraytypes.h:1804:0,
                 from /usr/local/lib/python2.7/dist-packages/numpy/core/include/numpy/ndarrayobject.h:17,
                 from /usr/local/lib/python2.7/dist-packages/numpy/core/include/numpy/arrayobject.h:4,
                 from /home/pinojc/.cache/scipy/python27_compiled/sc_9bade30717731f645b30a512f757f0fa976.cpp:22:
/usr/local/lib/python2.7/dist-packages/numpy/core/include/numpy/npy_1_7_deprecated_api.h:15:2: warning: #warning "Using deprecated NumPy API, disable it by " "#defining NPY_NO_DEPRECATED_API NPY_1_7_API_VERSION" [-Wcpp]
 #warning "Using deprecated NumPy API, disable it by " \
  ^
gen	evals	avg    	std    	min    	max    
0  	25   	889.571	361.248	166.501	1476.73 (166.50106384402585,)
1  	25   	412.424	387.257	45.6371	1687.53 (45.637079592775777,)
2  	25   	400.871	340.905	55.2415	1655.78 (45.637079592775777,)
3  	25   	312.004	218.871	52.8307	740.793 (45.637079592775777,)
4  	25   	513.107	395.888	48.9686	1565.22 (45.637079592775777,)
5  	25   	300.896	205.851	23.765 	838.8   (23.765023984445872,)
6  	25   	438.882	370.88 	52.173 	1313.88 (23.765023984445872,)
7  	25   	435.176	414.408	26.9837	1610.89 (23.765023984445872,)
8  	25   	207.99 	155.607	23.0584	647.954 (23.058390644429657,)
9  	25   	216.387	182.186	19.9952	784.613 (19.995180229273448,)
10 	25   	264.402	250.668	27.6764	986.178 (19.995180229273448,)
11 	25   	401.722	349.869	31.9235	1310.22 (19.995180229273448,)
12 	25   	434.36 	330.656	51.4802	1229.61 (19.995180229273448,)
13 	25   	372.718	288.826	52.7764	1300.85 (19.995180229273448,)
14 	25   	302.867	221.773	30.754 	943.045 (19.995180229273448,)
15 	25   	377.029	364.799	15.0308	1315.64 (15.030828921962417,)
16 	25   	172.231	165.476	24.1335	648.572 (15.030828921962417,)
17 	25   	242.834	292.189	22.8723	1155.88 (15.030828921962417,)
18 	25   	326.395	379.583	21.5877	1662.28 (15.030828921962417,)
19 	25   	293.932	170.164	57.5701	815.26  (15.030828921962417,)
20 	25   	265.396	245.712	30.7941	904.158 (15.030828921962417,)
21 	25   	248.253	245.902	32.2466	889.284 (15.030828921962417,)
22 	25   	315.06 	336.127	20.6427	1538.68 (15.030828921962417,)
23 	25   	282.027	267.024	21.0723	1002.78 (15.030828921962417,)
24 	25   	352.491	311.066	21.5146	1121.76 (15.030828921962417,)
25 	25   	347.313	317.4  	33.5739	1212.95 (15.030828921962417,)
26 	25   	281.382	173.738	40.2235	720.215 (15.030828921962417,)
27 	25   	207.83 	202.688	18.9256	905.297 (15.030828921962417,)
28 	25   	279.292	275.86 	20.8138	933.871 (15.030828921962417,)
29 	25   	225.401	332.035	16.2647	1761.82 (15.030828921962417,)
30 	25   	440.354	411.443	16.9353	1791.16 (15.030828921962417,)
31 	25   	363.397	251.401	17.0958	853.698 (15.030828921962417,)
32 	25   	524.715	526.069	21.7633	1851.81 (15.030828921962417,)
33 	25   	433.984	352.491	18.4211	1410.17 (15.030828921962417,)
34 	25   	395.424	406.25 	24.0233	1858.55 (15.030828921962417,)
35 	25   	296.38 	193.107	24.7469	689.069 (15.030828921962417,)
36 	25   	417.341	358.3  	62.8583	1789.89 (15.030828921962417,)
37 	25   	225.243	146.964	32.5709	633.01  (15.030828921962417,)
38 	25   	321.036	336.398	31.765 	1216.29 (15.030828921962417,)
39 	25   	458.962	501.707	31.3488	1804.2  (15.030828921962417,)
40 	25   	425.674	302.6  	19.9289	1346.08 (15.030828921962417,)
41 	25   	350.971	306.302	18.6393	1069.43 (15.030828921962417,)
42 	25   	308.737	288.624	29.6615	1310.63 (15.030828921962417,)
43 	25   	360.642	306.964	16.5979	1078.63 (15.030828921962417,)
44 	25   	175.023	187.397	23.3305	897.799 (15.030828921962417,)
45 	25   	347.194	465.783	25.5256	1788.17 (15.030828921962417,)
46 	25   	215.662	183.221	19.0706	616.603 (15.030828921962417,)
47 	25   	404.766	473.309	28.8511	1835.68 (15.030828921962417,)
48 	25   	400.948	453.816	17.3572	1692.25 (15.030828921962417,)
49 	25   	433.585	353.694	29.8349	1686.86 (15.030828921962417,)
50 	25   	340.921	315.934	21.6055	1232.43 (15.030828921962417,)
51 	25   	337.973	336.47 	29.5031	1763.21 (15.030828921962417,)
52 	25   	308.411	241.674	22.5825	914.847 (15.030828921962417,)
53 	25   	340.222	305.348	34.0235	1416.3  (15.030828921962417,)
54 	25   	300.018	269.856	39.603 	1166.87 (15.030828921962417,)
55 	25   	283.339	232.762	22.1572	857.892 (15.030828921962417,)
56 	25   	344.651	377.112	20.3142	1646.57 (15.030828921962417,)
57 	25   	378.93 	416.559	21.3319	1742.67 (15.030828921962417,)
58 	25   	364.733	423.532	16.5324	1653.86 (15.030828921962417,)
59 	25   	352.088	239.89 	37.8389	869.705 (15.030828921962417,)
60 	25   	216.173	203.89 	35.9364	971.343 (15.030828921962417,)
61 	25   	209.088	215.574	34.8237	954.728 (15.030828921962417,)
62 	25   	258.974	234.585	21.5269	874.954 (15.030828921962417,)
63 	25   	324.647	252.376	27.5782	1066.72 (15.030828921962417,)
64 	25   	372.984	406.955	23.184 	1702.04 (15.030828921962417,)
65 	25   	282.488	264.496	17.9609	948.965 (15.030828921962417,)
66 	25   	349.576	384.731	27.7866	1669.96 (15.030828921962417,)
67 	25   	393.735	340.491	22.6432	1354.73 (15.030828921962417,)
68 	25   	283.86 	341.227	26.1917	1519.22 (15.030828921962417,)
69 	25   	321.079	280.574	48.9326	1045.08 (15.030828921962417,)
70 	25   	359.595	393.516	22.4087	1418.09 (15.030828921962417,)
71 	25   	354.821	379.225	18.3508	1656.37 (15.030828921962417,)
72 	25   	340.914	316.332	26.6076	1153.73 (15.030828921962417,)
73 	25   	232.027	228.676	25.9935	899.659 (15.030828921962417,)
74 	25   	218.183	185.567	21.352 	700.924 (15.030828921962417,)
75 	25   	273.462	349.386	20.6591	1603.99 (15.030828921962417,)
76 	25   	370.356	416.162	15.8571	1615.67 (15.030828921962417,)
77 	25   	255.822	255.221	26.0843	1037.49 (15.030828921962417,)
78 	25   	394.971	395.2  	30.3069	1396.56 (15.030828921962417,)
79 	25   	369.304	313.989	20.4426	1288.87 (15.030828921962417,)
80 	25   	285.463	292.827	21.8781	1135.42 (15.030828921962417,)
81 	25   	329.451	386.333	23.2481	1567.4  (15.030828921962417,)
82 	25   	348.588	346.841	18.0262	1454.05 (15.030828921962417,)
83 	25   	436.862	385.204	42.2559	1414.25 (15.030828921962417,)
84 	25   	247.752	201.054	26.5266	790.055 (15.030828921962417,)
85 	25   	402.715	420.376	57.3887	1856.71 (15.030828921962417,)
86 	25   	490.15 	522.896	21.6785	1792.98 (15.030828921962417,)
87 	25   	405.106	403.465	26.6791	1776.96 (15.030828921962417,)
88 	25   	339.41 	277.445	16.4126	1025.07 (15.030828921962417,)
89 	25   	202.041	221.917	14.5682	1070.32 (14.568202118321622,)
90 	25   	289.847	346.341	18.4942	1442.87 (14.568202118321622,)
91 	25   	374.526	384.138	21.6281	1745.43 (14.568202118321622,)
92 	25   	332.195	298.443	32.0219	1322.74 (14.568202118321622,)
93 	25   	353.05 	287.704	45.5289	1021.61 (14.568202118321622,)
94 	25   	525.549	548.256	22.6013	1724.04 (14.568202118321622,)
95 	25   	285.631	217.263	17.4944	706.905 (14.568202118321622,)
96 	25   	340.069	305.821	34.7817	1105.65 (14.568202118321622,)
97 	25   	376.528	355.384	25.8451	1290.66 (14.568202118321622,)
98 	25   	293.989	238.201	26.0661	954.133 (14.568202118321622,)
99 	25   	321.402	174.95 	38.6632	701.405 (14.568202118321622,)
100	25   	322.616	320.683	17.3789	1396.62 (14.568202118321622,)
101	25   	365.381	341.828	20.3999	1376.17 (14.568202118321622,)
102	25   	380.853	390.541	22.4095	1722.37 (14.568202118321622,)
103	25   	438.436	341.363	13.8839	1373.98 (13.883873222698877,)
104	25   	283.175	192.183	18.0824	657.198 (13.883873222698877,)
105	25   	370.366	281.267	17.9996	1177.12 (13.883873222698877,)
106	25   	575.565	428.048	23.1417	1658.81 (13.883873222698877,)
107	25   	235.753	339.529	28.2939	1716.89 (13.883873222698877,)
108	25   	413.498	362.376	24.1573	1568.04 (13.883873222698877,)
109	25   	322.831	232.723	28.4667	954.705 (13.883873222698877,)
110	25   	415.348	386.346	17.645 	1688.32 (13.883873222698877,)
111	25   	342.351	341.218	38.4896	1474.99 (13.883873222698877,)
112	25   	286.246	224.249	20.4726	758.247 (13.883873222698877,)
113	25   	316.662	252.379	16.9179	979.709 (13.883873222698877,)
114	25   	348.753	413.891	13.6984	1734.55 (13.698419100048348,)
115	25   	527.174	482.424	20.6398	1793.24 (13.698419100048348,)
116	25   	411.686	404.921	45.0553	1476.83 (13.698419100048348,)
117	25   	413.923	437.973	20.4573	1680.02 (13.698419100048348,)
118	25   	327.769	374.427	19.947 	1523.46 (13.698419100048348,)
119	25   	386.642	358.503	20.7691	1572.6  (13.698419100048348,)
120	25   	509.851	482.209	18.8527	1817.04 (13.698419100048348,)
121	25   	471.089	383.745	45.9491	1346.1  (13.698419100048348,)
122	25   	462.483	530.058	18.4881	1808.87 (13.698419100048348,)
123	25   	538.492	480.474	23.1736	1783.03 (13.698419100048348,)
124	25   	361.568	315.703	22.0744	1559.95 (13.698419100048348,)
125	25   	545.952	537.933	16.9162	1675.44 (13.698419100048348,)
126	25   	222.446	247.85 	17.4174	1062.15 (13.698419100048348,)
127	25   	414.236	489.356	17.7604	1880.39 (13.698419100048348,)
128	25   	380.229	357.486	16.9601	1377.63 (13.698419100048348,)
129	25   	329.567	430.654	24.1671	1634.2  (13.698419100048348,)
130	25   	350.165	293.022	21.2243	1094.05 (13.698419100048348,)
131	25   	489.003	425.894	28.9408	1760.08 (13.698419100048348,)
132	25   	415.244	429.72 	23.7586	1801.97 (13.698419100048348,)
133	25   	418.245	417.041	20.0225	1789.08 (13.698419100048348,)
134	25   	291.157	374.162	14.2419	1458.69 (13.698419100048348,)
135	25   	310.085	341.244	31.7753	1621.15 (13.698419100048348,)
136	25   	347.951	328.25 	25.3649	1386.27 (13.698419100048348,)
137	25   	365.983	352.684	18.0098	1611.82 (13.698419100048348,)
138	25   	452.603	414.024	23.3226	1563.12 (13.698419100048348,)
139	25   	324.734	330.158	14.4405	1507.02 (13.698419100048348,)
140	25   	476.518	467.983	16.0978	1704.54 (13.698419100048348,)
141	25   	356.611	234.257	21.3403	752.925 (13.698419100048348,)
142	25   	492.598	506.501	16.3734	1655.98 (13.698419100048348,)
143	25   	361.889	258.702	19.2356	914.421 (13.698419100048348,)
144	25   	439.436	457.02 	37.5784	1561.47 (13.698419100048348,)
145	25   	362.172	328.515	19.3251	1348.16 (13.698419100048348,)
146	25   	278.841	358.663	24.1314	1753.69 (13.698419100048348,)
147	25   	425.878	400.122	11.6106	1453.56 (11.610569433971039,)
148	25   	423.243	435.522	18.5259	1672.05 (11.610569433971039,)
149	25   	407.871	388.343	46.5237	1712.99 (11.610569433971039,)
150	25   	339.499	262.271	20.4334	1067.24 (11.610569433971039,)
151	25   	504.302	479.617	43.1542	1708.74 (11.610569433971039,)
152	25   	381.437	304.799	13.4818	1441.35 (11.610569433971039,)
153	25   	406.613	320.285	11.3703	1094.86 (11.370279266637688,)
154	25   	544.108	484.804	36.3325	1491.06 (11.370279266637688,)
155	25   	366.017	370.941	18.4625	1656.24 (11.370279266637688,)
156	25   	489.426	483.934	15.1441	1791.05 (11.370279266637688,)
157	25   	462.283	394.723	11.9723	1611.53 (11.370279266637688,)
158	25   	511.54 	541.133	14.7607	1695.07 (11.370279266637688,)
159	25   	555.526	455.109	14.1638	1779.68 (11.370279266637688,)
160	25   	694.137	532.907	27.1915	1646.03 (11.370279266637688,)
161	25   	567.427	496.889	15.4244	1716.67 (11.370279266637688,)
162	25   	419.609	478.614	11.159 	1735.39 (11.158965585847577,)
163	25   	529.361	498.997	26.4409	1874.93 (11.158965585847577,)
164	25   	406.875	360.526	20.6019	1580.15 (11.158965585847577,)
165	25   	668.7  	533.794	14.5196	1833.54 (11.158965585847577,)
166	25   	491.599	405.562	22.5356	1394.94 (11.158965585847577,)
167	25   	619.77 	534.628	24.8354	1622.46 (11.158965585847577,)
168	25   	552.309	398.687	32.1832	1493.03 (11.158965585847577,)
169	25   	622.112	568.806	27.4579	1735.87 (11.158965585847577,)
170	25   	370.223	336.522	28.387 	1505.76 (11.158965585847577,)
171	25   	297.628	360.837	16.6311	1446.74 (11.158965585847577,)
172	25   	451.565	459.404	19.6779	1760.71 (11.158965585847577,)
173	25   	372.339	374.177	17.1586	1403.55 (11.158965585847577,)
174	25   	423.497	457.256	20.8194	1635.74 (11.158965585847577,)
175	25   	471.266	404.974	17.8767	1617.93 (11.158965585847577,)
176	25   	313.903	312.249	11.6288	1224.62 (11.158965585847577,)
177	25   	677.271	500.173	17.3169	1697.25 (11.158965585847577,)
178	25   	451.199	463.535	20.7442	1893.14 (11.158965585847577,)
179	25   	557.163	491.689	19.6056	1849.42 (11.158965585847577,)
180	25   	526.19 	405.622	19.4997	1868.02 (11.158965585847577,)
181	25   	443.972	337.457	20.8894	1302.23 (11.158965585847577,)
182	25   	528.707	436.048	90.5678	1704.39 (11.158965585847577,)
183	25   	501.772	415.511	54.0998	1592.72 (11.158965585847577,)
184	25   	588.512	431.704	21.6041	1685.48 (11.158965585847577,)
185	25   	529.617	388.584	53.9313	1528.41 (11.158965585847577,)
186	25   	446.81 	437.044	12.4335	1419.65 (11.158965585847577,)
187	25   	375.208	321.938	18.5085	1425.16 (11.158965585847577,)
188	25   	518.074	419.296	24.8687	1503.2  (11.158965585847577,)
189	25   	297.69 	355.182	9.93785	1715.67 (9.9378526452201328,)
190	25   	460.015	389.97 	12.7085	1404.58 (9.9378526452201328,)
191	25   	453.546	379.148	12.8057	1271.67 (9.9378526452201328,)
192	25   	435.408	458.847	25.0153	1745.14 (9.9378526452201328,)
193	25   	502.876	427.858	41.6892	1680.13 (9.9378526452201328,)
194	25   	419.301	357.785	18.464 	1087.91 (9.9378526452201328,)
195	25   	503.659	406.201	30.7445	1629.97 (9.9378526452201328,)
196	25   	506.487	546.754	18.5952	1658.79 (9.9378526452201328,)
197	25   	469.049	382.745	69.9554	1440.21 (9.9378526452201328,)
198	25   	655.092	524.589	16.9629	1791.1  (9.9378526452201328,)
199	25   	477.717	522.742	29.6326	1819.54 (9.9378526452201328,)
200	25   	700.215	574.469	15.1563	1701.43 (9.9378526452201328,)
201	25   	292.835	250.34 	19.5895	879.787 (9.9378526452201328,)
202	25   	377.07 	395.483	12.7123	1410.64 (9.9378526452201328,)
203	25   	401.989	462.134	16.0492	1648.38 (9.9378526452201328,)
204	25   	472.555	270.75 	41.9197	1064.35 (9.9378526452201328,)
205	25   	330.332	272.958	16.5687	1249.84 (9.9378526452201328,)
206	25   	352.448	349.95 	22.7713	1622.29 (9.9378526452201328,)
207	25   	471.846	483.618	25.7881	1836.21 (9.9378526452201328,)
208	25   	205.208	268.563	29.7996	1238.53 (9.9378526452201328,)
209	25   	411.318	398.725	33.8779	1806.43 (9.9378526452201328,)
210	25   	372.528	352.752	27.2838	1634.61 (9.9378526452201328,)
211	25   	459.133	456.378	22.1291	1710.49 (9.9378526452201328,)
212	25   	419.23 	365.718	39.3541	1468.69 (9.9378526452201328,)
213	25   	521.916	461.932	58.479 	1754.54 (9.9378526452201328,)
214	25   	433.483	355.559	26.0744	1388.11 (9.9378526452201328,)
215	25   	455.645	373.171	31.0969	1449.77 (9.9378526452201328,)
216	25   	551.749	380.924	13.098 	1280.93 (9.9378526452201328,)
217	25   	490.159	389.314	50.871 	1542.56 (9.9378526452201328,)
218	25   	437.331	316.763	23.0372	1288.2  (9.9378526452201328,)
219	25   	419.935	427.464	13.3265	1686.3  (9.9378526452201328,)
220	25   	467.751	430.633	15.897 	1657.38 (9.9378526452201328,)
221	25   	398.535	379.065	53.8112	1479.66 (9.9378526452201328,)
222	25   	361.195	381.574	23.9058	1397.85 (9.9378526452201328,)
223	25   	432.116	438.147	21.3148	1563.4  (9.9378526452201328,)
224	25   	321.5  	206.703	21.1646	784.72  (9.9378526452201328,)
225	25   	495.596	379.637	23.3568	1815.15 (9.9378526452201328,)
226	25   	430.763	315.481	21.275 	1121.1  (9.9378526452201328,)
227	25   	495.846	449.577	16.7811	1683.95 (9.9378526452201328,)
228	25   	322.318	238.14 	20.4959	752.676 (9.9378526452201328,)
229	25   	425.918	394.726	18.9785	1575.22 (9.9378526452201328,)
230	25   	473.072	434.991	19.6873	1657.99 (9.9378526452201328,)
231	25   	356.122	394.558	32.5086	1595.21 (9.9378526452201328,)
232	25   	438.706	431.628	11.4325	1801.32 (9.9378526452201328,)
233	25   	486.53 	399.048	30.3839	1230    (9.9378526452201328,)
234	25   	399.945	407.033	19.2576	1874.46 (9.9378526452201328,)
235	25   	444.423	366.492	10.3026	1689    (9.9378526452201328,)
236	25   	349.017	313.526	20.9006	1241.75 (9.9378526452201328,)
237	25   	359.432	364.866	9.29572	1388.07 (9.2957226648075331,)
238	25   	563.553	420.052	20.5153	1374.29 (9.2957226648075331,)
239	25   	299.821	372.865	16.2732	1743.54 (9.2957226648075331,)
240	25   	447.546	464.733	17.5625	1532.45 (9.2957226648075331,)
241	25   	364.791	310.172	11.494 	1150.91 (9.2957226648075331,)
242	25   	354.636	307.355	18.6228	1139.19 (9.2957226648075331,)
243	25   	458.397	337.927	28.7316	1271.54 (9.2957226648075331,)
244	25   	403.172	362.893	13.939 	1722.62 (9.2957226648075331,)
245	25   	423.28 	484.453	26.779 	1726.88 (9.2957226648075331,)
246	25   	452.264	419.376	40.8508	1672.23 (9.2957226648075331,)
247	25   	486.866	471.66 	21.2686	1615.34 (9.2957226648075331,)
248	25   	498.321	411.836	27.6008	1633.79 (9.2957226648075331,)
249	25   	506.473	450.32 	11.5417	1729.71 (9.2957226648075331,)
250	25   	488.239	521.654	12.8661	1677.42 (9.2957226648075331,)
251	25   	474.646	406.551	42.0335	1653.81 (9.2957226648075331,)
252	25   	442.875	350.165	11.6691	1267.18 (9.2957226648075331,)
253	25   	420.769	399.718	19.4702	1560.4  (9.2957226648075331,)
254	25   	346.465	333.178	13.7457	1360.61 (9.2957226648075331,)
255	25   	440.414	359.188	37.9596	1297.21 (9.2957226648075331,)
256	25   	347.271	410.643	21.7339	1738.73 (9.2957226648075331,)
257	25   	242.051	224.82 	11.0879	699.277 (9.2957226648075331,)
258	25   	399.508	368.057	19.053 	1604.46 (9.2957226648075331,)
259	25   	415.733	324.093	12.7763	1117.16 (9.2957226648075331,)
260	25   	366.641	380.991	14.3755	1745.51 (9.2957226648075331,)
261	25   	532.495	462.324	16.3907	1771.21 (9.2957226648075331,)
262	25   	447.598	485.656	10.2236	1844.44 (9.2957226648075331,)
263	25   	247.787	265.327	9.58434	1000.65 (9.2957226648075331,)
264	25   	463.211	359.676	14.4232	1409.33 (9.2957226648075331,)
265	25   	470.555	413.342	27.9363	1521.7  (9.2957226648075331,)
266	25   	431.302	372.962	55.8943	1670.45 (9.2957226648075331,)
267	25   	467.592	358.909	23.311 	1665.53 (9.2957226648075331,)
268	25   	422.074	419.762	10.2798	1572.28 (9.2957226648075331,)
269	25   	296.493	325.366	18.0333	1130.01 (9.2957226648075331,)
270	25   	453.775	529.509	15.0571	1784.81 (9.2957226648075331,)
271	25   	409.47 	467.58 	15.2206	1646.68 (9.2957226648075331,)
272	25   	373.936	368.559	34.6636	1671.39 (9.2957226648075331,)
273	25   	473.322	335.376	8.36365	1151.48 (8.3636521959353747,)
274	25   	477.596	284.81 	58.9549	1072.17 (8.3636521959353747,)
275	25   	434.651	467.985	38.6438	1744.25 (8.3636521959353747,)
276	25   	473.42 	483.482	14.4782	1731.01 (8.3636521959353747,)
277	25   	497.552	427.328	10.3579	1571.32 (8.3636521959353747,)
278	25   	398.117	272.75 	34.5737	1057.78 (8.3636521959353747,)
279	25   	415.032	371.704	11.9269	1185.49 (8.3636521959353747,)
280	25   	485.663	372.107	16.572 	1692.39 (8.3636521959353747,)
281	25   	511.934	447.45 	15.8909	1664.77 (8.3636521959353747,)
282	25   	476.927	465.205	24.2112	1784.15 (8.3636521959353747,)
283	25   	517.373	382.326	9.75662	1237.31 (8.3636521959353747,)
284	25   	360.478	284.05 	12.6739	1011.48 (8.3636521959353747,)
285	25   	422.619	358.445	37.6416	1413.49 (8.3636521959353747,)
286	25   	496.708	365.458	11.75  	1522.06 (8.3636521959353747,)
287	25   	455.92 	460.526	9.92552	1688.89 (8.3636521959353747,)
288	25   	326.849	364.242	15.8301	1756    (8.3636521959353747,)
289	25   	432.132	453.058	11.593 	1818.23 (8.3636521959353747,)
290	25   	343.008	285.249	12.234 	1095.2  (8.3636521959353747,)
291	25   	360.425	368.321	18.3417	1696.67 (8.3636521959353747,)
292	25   	346.886	351.465	21.8767	1488.53 (8.3636521959353747,)
293	25   	380.22 	397.321	19.34  	1396    (8.3636521959353747,)
294	25   	396.148	306.014	10.2804	1167.44 (8.3636521959353747,)
295	25   	398.232	428.922	12.7031	1577.12 (8.3636521959353747,)
296	25   	301.787	257.69 	8.21622	975.142 (8.2162232306261487,)
297	25   	495.773	470.515	27.071 	1757.3  (8.2162232306261487,)
298	25   	414.174	373.192	18.1835	1237.09 (8.2162232306261487,)
299	25   	415.88 	354.179	10.2131	1234.83 (8.2162232306261487,)
300	25   	384.68 	417.021	11.9549	1708.91 (8.2162232306261487,)
301	25   	330.928	309.945	12.2148	1239.34 (8.2162232306261487,)
302	25   	419.058	358.845	13.2114	1706.99 (8.2162232306261487,)
303	25   	293.782	305.587	11.0222	1088.99 (8.2162232306261487,)
304	25   	514.819	535.594	23.4109	1721.29 (8.2162232306261487,)
305	25   	322.832	298.002	11.1807	956.387 (8.2162232306261487,)
306	25   	335.572	256.512	23.2878	861.773 (8.2162232306261487,)
307	25   	436.407	428.418	19.0474	1613.95 (8.2162232306261487,)
308	25   	305.81 	278.608	18.6188	891.626 (8.2162232306261487,)
309	25   	352.639	352.124	25.731 	1485.88 (8.2162232306261487,)
310	25   	371.623	245.759	62.7702	919.664 (8.2162232306261487,)
311	25   	479.782	442.115	20.299 	1550.84 (8.2162232306261487,)
312	25   	356.206	262.915	13.1645	1117.85 (8.2162232306261487,)
313	25   	530.659	439.229	19.7014	1582.23 (8.2162232306261487,)
314	25   	438.473	334.224	60.6652	1558.05 (8.2162232306261487,)
315	25   	321.09 	256.679	29.2787	905.126 (8.2162232306261487,)
316	25   	419.686	427.53 	12.0732	1746.8  (8.2162232306261487,)
317	25   	447.328	432.121	13.0614	1685.6  (8.2162232306261487,)
318	25   	494.381	389.206	36.8719	1701.36 (8.2162232306261487,)
319	25   	444.869	463.708	16.75  	1610.39 (8.2162232306261487,)
320	25   	302.602	258.643	31.7031	884.405 (8.2162232306261487,)
321	25   	393.571	324.591	16.2092	1247.62 (8.2162232306261487,)
322	25   	323.434	361.744	16.4531	1645.04 (8.2162232306261487,)
323	25   	395.675	424.175	11.7408	1546.15 (8.2162232306261487,)
324	25   	360.066	362.08 	16.2037	1498.14 (8.2162232306261487,)
325	25   	300.798	341.321	6.47897	1491.22 (6.4789729347794687,)
326	25   	340.304	301.521	21.8003	1125.96 (6.4789729347794687,)
327	25   	264.53 	301.263	7.20376	1194.77 (6.4789729347794687,)
328	25   	329.498	229.589	11.137 	852.665 (6.4789729347794687,)
329	25   	516.865	378.917	51.9361	1646.67 (6.4789729347794687,)
330	25   	359.379	370.206	10.3221	1552.86 (6.4789729347794687,)
331	25   	299.399	264.932	19.9924	1047.29 (6.4789729347794687,)
332	25   	381.727	366.878	12.7297	1536.73 (6.4789729347794687,)
333	25   	303.598	231.862	16.0691	699.619 (6.4789729347794687,)
334	25   	307.773	379.624	7.84045	1500.76 (6.4789729347794687,)
335	25   	502.939	414.79 	8.89327	1475.54 (6.4789729347794687,)
336	25   	419.802	286.724	8.76357	1120.3  (6.4789729347794687,)
337	25   	411.322	323.187	22.1911	1316.06 (6.4789729347794687,)
338	25   	340.257	358.786	12.7333	1342.29 (6.4789729347794687,)
339	25   	232.126	156.952	18.0064	620.19  (6.4789729347794687,)
340	25   	385.616	401.989	11.6779	1486.77 (6.4789729347794687,)
341	25   	467.289	440.574	12.3154	1602.78 (6.4789729347794687,)
342	25   	438.965	439.687	12.4515	1575.18 (6.4789729347794687,)
343	25   	482.47 	484.957	41.7408	1550.24 (6.4789729347794687,)
344	25   	277.644	253.454	44.3022	1143.5  (6.4789729347794687,)
345	25   	354.618	210.926	25.9875	834.451 (6.4789729347794687,)
346	25   	350.056	320.471	39.6839	1291.54 (6.4789729347794687,)
347	25   	374.327	314.877	25.1283	1600.85 (6.4789729347794687,)
348	25   	349.733	400.574	11.5241	1612.24 (6.4789729347794687,)
349	25   	350.309	278.659	11.8728	1004.89 (6.4789729347794687,)
350	25   	430.548	378.514	12.4366	1681.19 (6.4789729347794687,)
351	25   	251.744	202.758	16.0369	917.988 (6.4789729347794687,)
352	25   	306.613	326.357	25.8032	1530.55 (6.4789729347794687,)
353	25   	339.436	348.212	17.7266	1409.68 (6.4789729347794687,)
354	25   	227.409	175.549	65.7885	823.18  (6.4789729347794687,)
355	25   	460.492	484.737	14.1059	1587.38 (6.4789729347794687,)
356	25   	251.955	249.949	8.51735	871.865 (6.4789729347794687,)
357	25   	308.556	257.47 	17.2185	835.841 (6.4789729347794687,)
358	25   	284.677	227.731	11.5935	989.509 (6.4789729347794687,)
359	25   	325.521	264.567	12.4041	978.281 (6.4789729347794687,)
360	25   	264.331	361.548	7.96598	1559.25 (6.4789729347794687,)
361	25   	173.235	157.495	16.8082	586.826 (6.4789729347794687,)
362	25   	262.91 	202.883	21.1093	795.165 (6.4789729347794687,)
363	25   	246.021	199.894	17.3722	669.555 (6.4789729347794687,)
364	25   	355.719	290.764	12.8354	1233.58 (6.4789729347794687,)
365	25   	481.779	384.882	22.8259	1346.06 (6.4789729347794687,)
366	25   	398.238	349.87 	11.2504	1597.95 (6.4789729347794687,)
367	25   	365.258	321.122	31.8261	1381.12 (6.4789729347794687,)
368	25   	419.218	438.067	11.0214	1633.93 (6.4789729347794687,)
369	25   	359.449	375.668	17.9302	1546.88 (6.4789729347794687,)
370	25   	315.138	298.457	10.2822	1172.45 (6.4789729347794687,)
371	25   	311.166	400.676	16.8977	1546.1  (6.4789729347794687,)
372	25   	347.36 	389.746	23.8763	1649.62 (6.4789729347794687,)
373	25   	247.468	190.012	12.9021	736.146 (6.4789729347794687,)
374	25   	366.021	332.764	21.3596	1488.63 (6.4789729347794687,)
375	25   	359.281	299.176	10.1743	1238.97 (6.4789729347794687,)
376	25   	368.298	337.626	21.6285	1519.07 (6.4789729347794687,)
377	25   	337.601	250.028	32.7662	1068.26 (6.4789729347794687,)
378	25   	321.59 	236.859	13.3285	1007.07 (6.4789729347794687,)
379	25   	253.396	246.279	34.2418	1071.74 (6.4789729347794687,)
380	25   	406.481	337.367	50.5184	1438.94 (6.4789729347794687,)
381	25   	329.125	313.764	13.1236	1522.86 (6.4789729347794687,)
382	25   	353.118	324.806	17.755 	1570.69 (6.4789729347794687,)
383	25   	250.209	204.393	33.2601	1022.4  (6.4789729347794687,)
384	25   	319.253	320.984	8.65683	1465.94 (6.4789729347794687,)
385	25   	387.475	352.764	11.369 	1356.51 (6.4789729347794687,)
386	25   	319.505	395.601	7.0849 	1677.24 (6.4789729347794687,)
387	25   	287.19 	365.641	18.0618	1437.58 (6.4789729347794687,)
388	25   	255.036	247.918	13.2587	1025.2  (6.4789729347794687,)
389	25   	340.017	374.898	11.0156	1368.18 (6.4789729347794687,)
390	25   	405.721	229.936	24.5452	835.827 (6.4789729347794687,)
391	25   	427.111	341.678	11.8952	1218.56 (6.4789729347794687,)
392	25   	260.549	201.621	29.0652	776.14  (6.4789729347794687,)
393	25   	390.656	404.312	10.5641	1566.42 (6.4789729347794687,)
394	25   	271.113	262.969	13.7846	1026.19 (6.4789729347794687,)
395	25   	349.284	302.915	9.86517	1098.34 (6.4789729347794687,)
396	25   	288.968	199.612	16.9613	752.562 (6.4789729347794687,)
397	25   	357.63 	432.835	21.372 	1572.36 (6.4789729347794687,)
398	25   	242.418	226.995	18.6967	712.731 (6.4789729347794687,)
399	25   	431.474	436.4  	4.94578	1608.35 (4.9457817198971261,)
400	25   	366.827	283.659	5.66348	1032.25 (4.9457817198971261,)
401	25   	469.209	412.468	19.105 	1594.97 (4.9457817198971261,)
402	25   	356.052	300.407	9.98499	1283.66 (4.9457817198971261,)
403	25   	269.106	268.88 	7.65986	1119.87 (4.9457817198971261,)
404	25   	220.736	173.596	5.62809	656.121 (4.9457817198971261,)
405	25   	203.582	268.543	12.3488	1254.04 (4.9457817198971261,)
406	25   	312.019	244.952	23.7438	769.515 (4.9457817198971261,)
407	25   	343.939	334.055	10.2523	1127.34 (4.9457817198971261,)
408	25   	363.08 	328.749	23.1005	1303.69 (4.9457817198971261,)
409	25   	401.547	322.565	8.86359	1239.57 (4.9457817198971261,)
410	25   	368.461	348.518	10.1905	1223.71 (4.9457817198971261,)
411	25   	314.124	290.806	8.24343	1134.58 (4.9457817198971261,)
412	25   	327.381	347.522	9.18412	1440.21 (4.9457817198971261,)
413	25   	336.114	298.117	17.1512	1353.06 (4.9457817198971261,)
414	25   	296.134	186.28 	13.9655	662.778 (4.9457817198971261,)
415	25   	358.225	390.803	16.245 	1411.48 (4.9457817198971261,)
416	25   	350.207	369.211	24.0952	1507.93 (4.9457817198971261,)
417	25   	392.626	402.803	12.8245	1322.95 (4.9457817198971261,)
418	25   	461.432	422.652	7.61481	1528.09 (4.9457817198971261,)
419	25   	437.665	433.559	10.2678	1443.94 (4.9457817198971261,)
420	25   	299.983	264.727	16.1649	1302.47 (4.9457817198971261,)
421	25   	355.869	402.451	9.61795	1583.9  (4.9457817198971261,)
422	25   	417.975	358.555	21.9485	1451.72 (4.9457817198971261,)
423	25   	338.193	313.581	37.2849	1184.67 (4.9457817198971261,)
424	25   	380.002	403.17 	13.0652	1442.47 (4.9457817198971261,)
425	25   	219.08 	195.408	10.4541	732.586 (4.9457817198971261,)
426	25   	344.344	348.256	12.9173	1377.24 (4.9457817198971261,)
427	25   	395.909	382.993	8.56573	1447.07 (4.9457817198971261,)
428	25   	320.152	371.311	4.07774	1571.07 (4.0777416701538787,)
429	25   	284.572	236.333	24.5447	980.014 (4.0777416701538787,)
430	25   	302.093	388.527	9.62151	1386.82 (4.0777416701538787,)
431	25   	344.773	255.768	13.1065	1031.78 (4.0777416701538787,)
432	25   	330.884	331.3  	9.66225	1451.5  (4.0777416701538787,)
433	25   	246.138	181.585	11.9613	631.895 (4.0777416701538787,)
434	25   	354.846	372.546	8.94527	1448.33 (4.0777416701538787,)
435	25   	277.47 	261.116	12.1098	1156.89 (4.0777416701538787,)
436	25   	379.196	389.784	10.9978	1492.35 (4.0777416701538787,)
437	25   	259.874	231.95 	16.224 	797.84  (4.0777416701538787,)
438	25   	303.457	368.199	15.6125	1605.04 (4.0777416701538787,)
439	25   	308.299	320.536	4.75982	1266.49 (4.0777416701538787,)
440	25   	304.978	297.347	27.9091	1268.22 (4.0777416701538787,)
441	25   	348.076	343.621	5.5107 	1547.67 (4.0777416701538787,)
442	25   	292.237	351.595	9.04316	1589.94 (4.0777416701538787,)
443	25   	344.49 	333.263	19.4286	1464.95 (4.0777416701538787,)
444	25   	336.763	301.597	9.27332	1051.48 (4.0777416701538787,)
445	25   	381.597	337.357	30.0927	1375.37 (4.0777416701538787,)
446	25   	331.053	312.139	13.4359	1197.02 (4.0777416701538787,)
447	25   	252.504	302.212	14.663 	1240.37 (4.0777416701538787,)
448	25   	443.508	394.177	20.2961	1507.2  (4.0777416701538787,)
449	25   	321.566	303.6  	13.03  	1077.69 (4.0777416701538787,)
450	25   	304.145	213.11 	20.3912	791.252 (4.0777416701538787,)
451	25   	369.674	326.738	20.3866	1289.96 (4.0777416701538787,)
452	25   	288.301	226.856	10.581 	768.297 (4.0777416701538787,)
453	25   	306.869	285.656	16.4554	1133.93 (4.0777416701538787,)
454	25   	304.589	214.388	57.5321	943.901 (4.0777416701538787,)
455	25   	315.999	400.917	9.27021	1560.89 (4.0777416701538787,)
456	25   	375.529	307.511	10.9074	1272.56 (4.0777416701538787,)
457	25   	286.422	265.388	7.6765 	954.31  (4.0777416701538787,)
458	25   	312.488	279.466	17.4232	1032.93 (4.0777416701538787,)
459	25   	346.349	323.789	13.4374	1233.44 (4.0777416701538787,)
460	25   	436.782	408.597	41.6188	1534.19 (4.0777416701538787,)
461	25   	236.47 	199.578	6.86587	728.691 (4.0777416701538787,)
462	25   	391.672	318.076	20.3693	1230.23 (4.0777416701538787,)
463	25   	301.014	279.628	20.8939	1135.27 (4.0777416701538787,)
464	25   	447.934	372.23 	9.21646	1188.26 (4.0777416701538787,)
465	25   	251.579	211.236	25.4966	889.135 (4.0777416701538787,)
466	25   	294.842	269.147	16.7211	1244.73 (4.0777416701538787,)
467	25   	341.781	335.923	7.12022	1534.91 (4.0777416701538787,)
468	25   	355.532	341.709	13.1166	1612.94 (4.0777416701538787,)
469	25   	395.54 	255.359	25.5127	881.283 (4.0777416701538787,)
470	25   	427.462	415.169	15.4486	1499.75 (4.0777416701538787,)
471	25   	337.377	290.996	10.0634	1080.93 (4.0777416701538787,)
472	25   	463.407	441.171	10.2624	1550.83 (4.0777416701538787,)
473	25   	348.101	253.597	9.38839	783.816 (4.0777416701538787,)
474	25   	310.808	266.092	22.9945	1142.45 (4.0777416701538787,)
475	25   	257.881	209.551	23.8775	736.956 (4.0777416701538787,)
476	25   	309.605	326.557	9.60876	1573.74 (4.0777416701538787,)
477	25   	212.871	259.921	6.51012	1169.11 (4.0777416701538787,)
478	25   	322.416	239.256	18.061 	917.536 (4.0777416701538787,)
479	25   	329.658	309.828	25.7242	1376.22 (4.0777416701538787,)
480	25   	371.176	334.141	25.8145	1529.49 (4.0777416701538787,)
481	25   	410.208	404.835	12.1643	1613.71 (4.0777416701538787,)
482	25   	368.083	334.065	7.53242	1430.97 (4.0777416701538787,)
483	25   	355.405	281.644	14.7537	1371.67 (4.0777416701538787,)
484	25   	293.471	299.515	11.8823	1044.9  (4.0777416701538787,)
485	25   	291.287	276.011	6.02251	961.05  (4.0777416701538787,)
486	25   	314.427	391.66 	10.8779	1656.34 (4.0777416701538787,)
487	25   	348.614	321.25 	23.113 	1353.99 (4.0777416701538787,)
488	25   	328.366	308.843	25.8994	1110.06 (4.0777416701538787,)
489	25   	359.446	404.004	11.4545	1543.3  (4.0777416701538787,)
490	25   	322.312	313.162	10.6693	1197.77 (4.0777416701538787,)
491	25   	342.114	387.08 	4.93245	1204.52 (4.0777416701538787,)
492	25   	189.643	190.867	9.66504	734.825 (4.0777416701538787,)
493	25   	324.925	351.659	9.55429	1421.06 (4.0777416701538787,)
494	25   	380.51 	474.084	8.52799	1745.71 (4.0777416701538787,)
495	25   	324.812	275.91 	17.712 	1009.77 (4.0777416701538787,)
496	25   	394.609	300.993	9.92098	1350.93 (4.0777416701538787,)
497	25   	228.309	270.421	9.93665	1023.75 (4.0777416701538787,)
498	25   	354.181	389.068	8.35695	1657.83 (4.0777416701538787,)
499	25   	296.984	204.475	10.2773	733.482 (4.0777416701538787,)
