In file included from /usr/local/lib/python2.7/dist-packages/numpy/core/include/numpy/ndarraytypes.h:1804:0,
                 from /usr/local/lib/python2.7/dist-packages/numpy/core/include/numpy/ndarrayobject.h:17,
                 from /usr/local/lib/python2.7/dist-packages/numpy/core/include/numpy/arrayobject.h:4,
                 from /home/pinojc/.cache/scipy/python27_compiled/sc_9bade30717731f645b30a512f757f0fa979.cpp:22:
/usr/local/lib/python2.7/dist-packages/numpy/core/include/numpy/npy_1_7_deprecated_api.h:15:2: warning: #warning "Using deprecated NumPy API, disable it by " "#defining NPY_NO_DEPRECATED_API NPY_1_7_API_VERSION" [-Wcpp]
 #warning "Using deprecated NumPy API, disable it by " \
  ^
gen	evals	avg    	std    	min    	max    
0  	25   	629.755	352.142	126.266	1249.97 (126.26623099039699,)
1  	25   	371.558	222.867	70.7544	802.49  (70.754428435595017,)
2  	25   	254.025	181.613	28.8325	723.971 (28.832453359424917,)
3  	25   	277.192	169.117	26.0445	575.56  (26.04445143835515,)
4  	25   	157.136	139.441	17.8681	513.596 (17.868106850074621,)
5  	25   	161.162	170.629	20.6948	605.434 (17.868106850074621,)
6  	25   	189.924	207.111	26.2239	784.307 (17.868106850074621,)
7  	25   	195.637	226.691	23.1691	1130.11 (17.868106850074621,)
8  	25   	289.81 	236.014	33.6068	887.01  (17.868106850074621,)
9  	25   	276.014	241.194	19.2363	824.513 (17.868106850074621,)
10 	25   	284.702	152.743	83.4748	640.573 (17.868106850074621,)
11 	25   	278.87 	297.514	23.9466	1336.67 (17.868106850074621,)
12 	25   	304.02 	289.395	22.392 	1163.3  (17.868106850074621,)
13 	25   	260.243	223.144	46.8828	906.986 (17.868106850074621,)
14 	25   	274.132	200.362	20.5973	661.812 (17.868106850074621,)
15 	25   	246.563	198.03 	18.0066	710.744 (17.868106850074621,)
16 	25   	263.195	206.347	31.159 	1092.74 (17.868106850074621,)
17 	25   	236.164	198.057	20.2746	845.71  (17.868106850074621,)
18 	25   	254.144	270.687	19.5393	1332.55 (17.868106850074621,)
19 	25   	232.565	210.681	20.5711	836.48  (17.868106850074621,)
20 	25   	305.482	210.657	14.4448	816.941 (14.444770886449421,)
21 	25   	176.74 	156.722	20.164 	579.764 (14.444770886449421,)
22 	25   	160.133	154.935	22.2397	538.464 (14.444770886449421,)
23 	25   	229.04 	223.963	13.2566	762.441 (13.256641364244762,)
24 	25   	223.33 	238.457	18.1176	1169.02 (13.256641364244762,)
25 	25   	189.645	202.75 	18.8451	713.58  (13.256641364244762,)
26 	25   	184.293	156.184	18.0885	694.918 (13.256641364244762,)
27 	25   	175.261	180.23 	12.5434	929.207 (12.543378323634565,)
28 	25   	254.129	192.352	13.0419	748.14  (12.543378323634565,)
29 	25   	200.047	168.365	20.9472	555.424 (12.543378323634565,)
30 	25   	254.045	207.517	14.9131	904.68  (12.543378323634565,)
31 	25   	303.164	240.492	22.5179	818.202 (12.543378323634565,)
32 	25   	269.109	216.196	18.4684	961.56  (12.543378323634565,)
33 	25   	308.514	252.152	21.5487	1044.45 (12.543378323634565,)
34 	25   	369.081	340.005	15.1565	1179.97 (12.543378323634565,)
35 	25   	268.213	181.31 	16.752 	656.654 (12.543378323634565,)
36 	25   	220.715	147.202	17.1294	530.542 (12.543378323634565,)
37 	25   	193.856	160.405	14.6711	531.853 (12.543378323634565,)
38 	25   	225.979	171.544	18.3187	598.998 (12.543378323634565,)
39 	25   	247.8  	261.053	34.0934	1173.93 (12.543378323634565,)
40 	25   	214.78 	218.75 	19.8332	884.199 (12.543378323634565,)
41 	25   	237.007	226.012	18.7437	1015.63 (12.543378323634565,)
42 	25   	260.315	209.859	29.3075	717.424 (12.543378323634565,)
43 	25   	320.756	211.743	17.9813	771.767 (12.543378323634565,)
44 	25   	265.796	238.298	38.2547	903.902 (12.543378323634565,)
45 	25   	223.286	159.809	24.3558	577.104 (12.543378323634565,)
46 	25   	198.459	225.256	20.2047	983.179 (12.543378323634565,)
47 	25   	266.352	249.271	14.834 	1171.07 (12.543378323634565,)
48 	25   	214.475	198.594	17.707 	729.496 (12.543378323634565,)
49 	25   	339.857	240.148	18.4033	839.129 (12.543378323634565,)
50 	25   	224.626	197.477	15.6448	730.114 (12.543378323634565,)
51 	25   	249.483	182.96 	15.1305	677.973 (12.543378323634565,)
52 	25   	273.922	234.328	21.5237	926.72  (12.543378323634565,)
53 	25   	191.837	184.084	24.1198	738.845 (12.543378323634565,)
54 	25   	261.284	227.132	20.0554	846.948 (12.543378323634565,)
55 	25   	312.711	321.026	22.4147	1559.41 (12.543378323634565,)
56 	25   	251.362	203.796	13.7215	694.288 (12.543378323634565,)
57 	25   	276.977	252.734	19.1906	1020.56 (12.543378323634565,)
58 	25   	255.283	207.603	14.1885	778.805 (12.543378323634565,)
59 	25   	283.98 	261.405	19.7282	1005.58 (12.543378323634565,)
60 	25   	299.894	409.087	16.0058	1613.61 (12.543378323634565,)
61 	25   	201.908	190.932	21.7655	838.93  (12.543378323634565,)
62 	25   	185.293	131.897	23.3571	414.058 (12.543378323634565,)
63 	25   	201.393	180.132	17.006 	736.69  (12.543378323634565,)
64 	25   	272.975	203.796	35.5971	795.493 (12.543378323634565,)
65 	25   	235.946	188.995	20.7505	687.837 (12.543378323634565,)
66 	25   	256.509	224.032	35.6882	743.059 (12.543378323634565,)
67 	25   	230.855	238.173	20.3672	1031.35 (12.543378323634565,)
68 	25   	265.699	298.782	13.0592	1092.6  (12.543378323634565,)
69 	25   	212.242	162.782	17.0624	604.693 (12.543378323634565,)
70 	25   	253.623	239.477	16.0586	1075.9  (12.543378323634565,)
71 	25   	168.1  	133.963	18.4583	471.679 (12.543378323634565,)
72 	25   	197.883	156.678	19.5913	555.363 (12.543378323634565,)
73 	25   	306.05 	231.989	19.2954	799.293 (12.543378323634565,)
74 	25   	264.915	215.131	24.9788	892.163 (12.543378323634565,)
75 	25   	202.444	214.525	20.8182	976.781 (12.543378323634565,)
76 	25   	212.946	215.698	19.7074	982.008 (12.543378323634565,)
77 	25   	332.775	334.277	16.7081	1524.4  (12.543378323634565,)
78 	25   	283.646	229.853	30.4226	872.717 (12.543378323634565,)
79 	25   	355.976	342.978	19.9169	1257.53 (12.543378323634565,)
80 	25   	280.621	229.796	13.2642	772.775 (12.543378323634565,)
81 	25   	335.658	234.387	13.6658	694.992 (12.543378323634565,)
82 	25   	206.642	183.901	17.7235	594.014 (12.543378323634565,)
83 	25   	157.687	144.561	18.782 	557.972 (12.543378323634565,)
84 	25   	176.618	150.914	16.4599	632.027 (12.543378323634565,)
85 	25   	196.496	222.083	17.6328	849.318 (12.543378323634565,)
86 	25   	332.03 	219.098	63.3319	847.146 (12.543378323634565,)
87 	25   	250.808	217.879	18.6396	1008.86 (12.543378323634565,)
88 	25   	310.439	246.369	16.1423	1037.98 (12.543378323634565,)
89 	25   	338.313	293.828	14.4971	1198.37 (12.543378323634565,)
90 	25   	311.1  	233.138	16.246 	895.572 (12.543378323634565,)
91 	25   	294.598	223.917	27.7103	808.816 (12.543378323634565,)
92 	25   	279.52 	227.942	13.8525	870.485 (12.543378323634565,)
93 	25   	250.807	176.478	20.5065	833.272 (12.543378323634565,)
94 	25   	246.492	246.689	12.5436	787.816 (12.543378323634565,)
95 	25   	184.97 	180.721	15.4329	705.169 (12.543378323634565,)
96 	25   	212.114	178.183	14.9954	699.343 (12.543378323634565,)
97 	25   	248.15 	217.34 	18.5668	785.321 (12.543378323634565,)
98 	25   	239.407	254.539	16.5676	1167.37 (12.543378323634565,)
99 	25   	145.446	119.376	14.4372	418.879 (12.543378323634565,)
100	25   	154.667	147.284	11.9692	676.252 (11.969160453299001,)
101	25   	160.232	146.894	11.2971	540.84  (11.297120829244053,)
102	25   	188.028	176.063	14.1073	600.466 (11.297120829244053,)
103	25   	186.942	176.753	17.8051	593.868 (11.297120829244053,)
104	25   	258.285	275.118	12.744 	1410.02 (11.297120829244053,)
105	25   	247.235	207.988	17.5005	830.733 (11.297120829244053,)
106	25   	209.199	209.652	16.492 	741.305 (11.297120829244053,)
107	25   	316.03 	281.474	11.5882	1164.34 (11.297120829244053,)
108	25   	304.314	229.939	15.5304	750.208 (11.297120829244053,)
109	25   	249.961	232.886	16.9626	1026.33 (11.297120829244053,)
110	25   	235.247	177.478	16.399 	775.686 (11.297120829244053,)
111	25   	219.163	195.453	13.9818	851.612 (11.297120829244053,)
112	25   	230.044	287.344	13.3837	1235.36 (11.297120829244053,)
113	25   	166.015	118.807	27.8641	461.551 (11.297120829244053,)
114	25   	146.17 	126.963	26.5832	505.144 (11.297120829244053,)
115	25   	302.147	243.372	30.9548	790.413 (11.297120829244053,)
116	25   	285.545	192.011	15.5949	710.382 (11.297120829244053,)
117	25   	239.933	196.197	22.463 	903.334 (11.297120829244053,)
118	25   	318.47 	241.086	13.8932	811.112 (11.297120829244053,)
119	25   	214.366	213.139	9.78911	737.894 (9.7891099035427409,)
120	25   	191.322	186.374	23.5582	824.49  (9.7891099035427409,)
121	25   	170.851	177.254	23.0232	709.633 (9.7891099035427409,)
122	25   	291.516	220.178	18.6503	913.229 (9.7891099035427409,)
123	25   	240.603	163.939	10.4387	566.072 (9.7891099035427409,)
124	25   	251.652	196.73 	14.815 	631.821 (9.7891099035427409,)
125	25   	255.592	215.553	18.5506	767.93  (9.7891099035427409,)
126	25   	231.573	210.008	13.9904	840.844 (9.7891099035427409,)
127	25   	238.446	187.798	14.5225	569.598 (9.7891099035427409,)
128	25   	229.383	197.596	18.6808	729.72  (9.7891099035427409,)
129	25   	222.95 	193.41 	13.4316	654.082 (9.7891099035427409,)
130	25   	225.978	203.846	14.7425	773.722 (9.7891099035427409,)
131	25   	145.581	164.602	10.7615	796.533 (9.7891099035427409,)
132	25   	220.202	198.825	20.9049	785.011 (9.7891099035427409,)
133	25   	215.618	236.174	14.7085	1133.93 (9.7891099035427409,)
134	25   	219.575	327.425	11.7114	1490.42 (9.7891099035427409,)
135	25   	187.543	188.954	10.7494	898.677 (9.7891099035427409,)
136	25   	210.026	166.82 	19.3689	741.207 (9.7891099035427409,)
137	25   	241.812	224.876	26.2813	933.959 (9.7891099035427409,)
138	25   	231.928	164.287	24.1687	643.272 (9.7891099035427409,)
139	25   	237.601	230.202	15.2094	863.3   (9.7891099035427409,)
140	25   	287.3  	223.299	13.5948	949.682 (9.7891099035427409,)
141	25   	306.763	184.723	29.1629	712.623 (9.7891099035427409,)
142	25   	187.005	183.191	16.4015	782.061 (9.7891099035427409,)
143	25   	206.845	158.791	11.7432	512.272 (9.7891099035427409,)
144	25   	186.377	181.503	14.9188	690.212 (9.7891099035427409,)
145	25   	272.864	173.037	11.7834	603.677 (9.7891099035427409,)
146	25   	230.604	158.011	16.6022	560.457 (9.7891099035427409,)
147	25   	213.136	171.959	16.3537	579.489 (9.7891099035427409,)
148	25   	260.794	213.585	21.2803	847.772 (9.7891099035427409,)
149	25   	184.017	144.564	20.8287	472.809 (9.7891099035427409,)
150	25   	134.572	110.132	23.2637	437.533 (9.7891099035427409,)
151	25   	254.935	223.111	14.3565	674.627 (9.7891099035427409,)
152	25   	265.043	205.296	23.6136	790.299 (9.7891099035427409,)
153	25   	261.427	229.721	11.8654	792.304 (9.7891099035427409,)
154	25   	219.407	238.38 	19.9487	1186.75 (9.7891099035427409,)
155	25   	182.191	178.82 	12.4447	730.976 (9.7891099035427409,)
156	25   	189.386	221.059	11.0876	1013.97 (9.7891099035427409,)
157	25   	203.634	171.255	18.121 	773.868 (9.7891099035427409,)
158	25   	180.981	135.644	12.0147	469.802 (9.7891099035427409,)
159	25   	270.847	211.246	11.6548	775.369 (9.7891099035427409,)
160	25   	230.562	212.676	13.1681	819.381 (9.7891099035427409,)
161	25   	305.483	219.527	14.9201	729.507 (9.7891099035427409,)
162	25   	255.308	191.002	21.1749	700.56  (9.7891099035427409,)
163	25   	245.754	186.546	23.7328	711.804 (9.7891099035427409,)
164	25   	170.826	185.502	15.6901	829.389 (9.7891099035427409,)
165	25   	288.147	229.083	13.8439	837.991 (9.7891099035427409,)
166	25   	238.775	176.972	9.88144	681.542 (9.7891099035427409,)
167	25   	200.691	165.867	15.204 	531.964 (9.7891099035427409,)
168	25   	213.293	177.936	15.0139	743.76  (9.7891099035427409,)
169	25   	164.585	148.135	16.3737	459.125 (9.7891099035427409,)
170	25   	189.161	198.717	19.2125	912.484 (9.7891099035427409,)
171	25   	195.947	173.709	17.1181	744.705 (9.7891099035427409,)
172	25   	212.301	224.824	33.5449	977.905 (9.7891099035427409,)
173	25   	239.813	215.212	11.4368	1059.5  (9.7891099035427409,)
174	25   	300.98 	170.217	27.103 	603.703 (9.7891099035427409,)
175	25   	281.262	195.108	13.106 	676.371 (9.7891099035427409,)
176	25   	309.718	238.724	14.6355	1056.21 (9.7891099035427409,)
177	25   	241.195	169.418	25.8636	640.731 (9.7891099035427409,)
178	25   	170.803	142.664	14.6284	501.25  (9.7891099035427409,)
179	25   	158.228	159.494	10.5192	588.835 (9.7891099035427409,)
180	25   	177.432	183.273	9.54806	652.96  (9.5480608817714465,)
181	25   	233.526	208.895	25.1099	750.123 (9.5480608817714465,)
182	25   	196.973	239.611	24.3268	1169.55 (9.5480608817714465,)
183	25   	154.016	155.23 	10.1946	717.58  (9.5480608817714465,)
184	25   	186.558	168.36 	12.9481	558.795 (9.5480608817714465,)
185	25   	191.524	147.299	16.9161	608.37  (9.5480608817714465,)
186	25   	172.714	142.483	16.4609	489.292 (9.5480608817714465,)
187	25   	232.723	211.056	15.9439	735.721 (9.5480608817714465,)
188	25   	255.217	212.489	22.304 	882.623 (9.5480608817714465,)
189	25   	210.717	160.716	14.9152	656.532 (9.5480608817714465,)
190	25   	226.514	183.716	26.8102	626.793 (9.5480608817714465,)
191	25   	227.422	224.797	13.699 	846.438 (9.5480608817714465,)
192	25   	239.185	259.886	20.0816	1249.05 (9.5480608817714465,)
193	25   	256.562	191.271	14.348 	719.607 (9.5480608817714465,)
194	25   	162.069	129.197	15.9203	457.694 (9.5480608817714465,)
195	25   	211.543	196.951	10.1275	693.41  (9.5480608817714465,)
196	25   	284.06 	305.215	11.7348	1240.08 (9.5480608817714465,)
197	25   	257.406	216.844	8.18305	672.104 (8.1830471807427205,)
198	25   	191.343	184.303	11.1467	650.511 (8.1830471807427205,)
199	25   	213.746	172.401	17.9097	662.369 (8.1830471807427205,)
200	25   	182.807	171.722	15.5077	659.598 (8.1830471807427205,)
201	25   	123.447	90.3281	9.22588	312.912 (8.1830471807427205,)
202	25   	213.516	258.767	10.8631	1115.55 (8.1830471807427205,)
203	25   	213.594	242.778	10.8815	965.257 (8.1830471807427205,)
204	25   	187.539	290.715	10.861 	1393.79 (8.1830471807427205,)
205	25   	170.915	157.23 	10.5714	587.206 (8.1830471807427205,)
206	25   	300.749	319.005	14.1395	1230.25 (8.1830471807427205,)
207	25   	310.013	260.232	12.3319	986.449 (8.1830471807427205,)
208	25   	205.674	186.422	14.845 	723.792 (8.1830471807427205,)
209	25   	201.774	227.241	11.0036	759.528 (8.1830471807427205,)
210	25   	219.617	203.093	12.9053	755.968 (8.1830471807427205,)
211	25   	222.509	195.724	16.1313	721.535 (8.1830471807427205,)
212	25   	226.395	218.135	17.9184	789.189 (8.1830471807427205,)
213	25   	273.882	294.365	13.7091	1236.7  (8.1830471807427205,)
214	25   	233.788	159.661	16.1718	597.101 (8.1830471807427205,)
215	25   	199.939	171.014	9.59439	762.087 (8.1830471807427205,)
216	25   	241.274	196.635	10.5051	695.941 (8.1830471807427205,)
217	25   	228.945	181.686	10.2759	652.138 (8.1830471807427205,)
218	25   	197.635	147.06 	12.2017	609.225 (8.1830471807427205,)
219	25   	212.298	149.757	13.5483	612.058 (8.1830471807427205,)
220	25   	294.057	214.414	10.7148	775.89  (8.1830471807427205,)
221	25   	221.213	218.169	8.9415 	925.923 (8.1830471807427205,)
222	25   	240.887	223.719	10.714 	945.712 (8.1830471807427205,)
223	25   	184.625	190.14 	9.65639	721.135 (8.1830471807427205,)
224	25   	271.287	218.076	11.5305	782.591 (8.1830471807427205,)
225	25   	265.758	242.572	19.7577	1136    (8.1830471807427205,)
226	25   	181.216	160.162	13.1618	624.107 (8.1830471807427205,)
227	25   	179.176	165.332	10.0796	617.715 (8.1830471807427205,)
228	25   	153.402	142.512	12.9868	622.62  (8.1830471807427205,)
229	25   	242.963	207.914	17.6822	877.193 (8.1830471807427205,)
230	25   	320.57 	246.827	13.773 	984.537 (8.1830471807427205,)
231	25   	267.036	247.93 	14.1456	825.705 (8.1830471807427205,)
232	25   	202.951	187.158	15.0752	716.662 (8.1830471807427205,)
233	25   	351.023	271.585	10.6641	1017.83 (8.1830471807427205,)
234	25   	216.448	164.564	12.2627	747.103 (8.1830471807427205,)
235	25   	208.13 	214.981	9.01638	988.586 (8.1830471807427205,)
236	25   	186.148	160.982	11.9563	597.715 (8.1830471807427205,)
237	25   	234.602	185.543	10.2202	754.704 (8.1830471807427205,)
238	25   	257.279	189.223	15.5494	597.279 (8.1830471807427205,)
239	25   	212.608	192.783	15.7673	808.767 (8.1830471807427205,)
240	25   	173.838	183.33 	13.9911	782.287 (8.1830471807427205,)
241	25   	213.235	160.247	9.26912	609.846 (8.1830471807427205,)
242	25   	215.31 	171.524	24.1764	569.3   (8.1830471807427205,)
243	25   	168.17 	122.798	8.69891	468.587 (8.1830471807427205,)
244	25   	160.358	161.493	13.4917	646.385 (8.1830471807427205,)
245	25   	206.238	149.726	11.1242	523.136 (8.1830471807427205,)
246	25   	168.71 	152.738	14.2548	688.201 (8.1830471807427205,)
247	25   	202.851	182.809	18.5279	654.125 (8.1830471807427205,)
248	25   	207.821	207.171	12.676 	800.146 (8.1830471807427205,)
249	25   	211.789	230.137	10.7942	1049.43 (8.1830471807427205,)
250	25   	255.212	231.689	13.727 	859.381 (8.1830471807427205,)
251	25   	173.925	162.149	9.45187	573.778 (8.1830471807427205,)
252	25   	210.474	183.168	9.35992	837.043 (8.1830471807427205,)
253	25   	175.66 	142.363	12.6311	609.162 (8.1830471807427205,)
254	25   	191.737	191.502	9.64627	623.307 (8.1830471807427205,)
255	25   	208.198	197.409	11.3222	691.945 (8.1830471807427205,)
256	25   	229.075	210.312	10.4817	724.354 (8.1830471807427205,)
257	25   	199.04 	145.179	14.352 	501.168 (8.1830471807427205,)
258	25   	196.415	167.656	15.6142	711.62  (8.1830471807427205,)
259	25   	274.969	241.057	12.3509	812.496 (8.1830471807427205,)
260	25   	192.072	173.037	15.3191	695.09  (8.1830471807427205,)
261	25   	237.403	162.743	17.2421	596.72  (8.1830471807427205,)
262	25   	222.114	194.487	10.6034	641.827 (8.1830471807427205,)
263	25   	195.035	206.052	13.8808	936.722 (8.1830471807427205,)
264	25   	245.761	229.843	27.185 	900.932 (8.1830471807427205,)
265	25   	229.266	162.457	11.3948	695.265 (8.1830471807427205,)
266	25   	262.172	257.298	12.5141	1142.95 (8.1830471807427205,)
267	25   	235.406	173.801	11.5366	762.18  (8.1830471807427205,)
268	25   	205.478	156.925	16.2741	608.318 (8.1830471807427205,)
269	25   	239.518	198.086	13.1928	988.54  (8.1830471807427205,)
270	25   	180.22 	171.425	13.3931	684.661 (8.1830471807427205,)
271	25   	128.065	135.158	13.0708	572.087 (8.1830471807427205,)
272	25   	184.867	146.78 	13.6006	551.838 (8.1830471807427205,)
273	25   	231.313	201.861	21.1638	860.469 (8.1830471807427205,)
274	25   	233.235	275.322	11.2295	1210.34 (8.1830471807427205,)
275	25   	179.047	117.529	18.9569	477.572 (8.1830471807427205,)
276	25   	149.862	140.419	13.336 	550.562 (8.1830471807427205,)
277	25   	232.785	223.867	20.9982	719.55  (8.1830471807427205,)
278	25   	252.822	213.959	18.4534	1035.25 (8.1830471807427205,)
279	25   	162.822	148.966	11.8155	573.446 (8.1830471807427205,)
280	25   	218.607	166.017	13.7098	614.816 (8.1830471807427205,)
281	25   	190.303	174.157	13.3175	634.873 (8.1830471807427205,)
282	25   	204.428	161.526	10.5517	566.706 (8.1830471807427205,)
283	25   	228.586	141.192	16.691 	551.841 (8.1830471807427205,)
284	25   	210.439	185.417	14.2762	851.667 (8.1830471807427205,)
285	25   	190.105	141.582	12.6963	468.829 (8.1830471807427205,)
286	25   	180.209	179.594	9.84056	574.81  (8.1830471807427205,)
287	25   	248.545	230.338	9.99187	1056.92 (8.1830471807427205,)
288	25   	188.171	191.852	13.7958	664.637 (8.1830471807427205,)
289	25   	208.034	282.889	12.2267	1334.64 (8.1830471807427205,)
290	25   	177.253	157.429	21.8361	727.578 (8.1830471807427205,)
291	25   	185.384	175.11 	16.3011	678.596 (8.1830471807427205,)
292	25   	221.944	286.123	13.2327	1393.61 (8.1830471807427205,)
293	25   	224.603	224.933	11.9796	949.916 (8.1830471807427205,)
294	25   	212.911	174.495	14.6601	602.862 (8.1830471807427205,)
295	25   	192.572	175.011	9.38606	777.244 (8.1830471807427205,)
296	25   	156.067	163.242	10.2075	578.357 (8.1830471807427205,)
297	25   	177.57 	182.535	10.5808	794.009 (8.1830471807427205,)
298	25   	223.492	182.743	17.0392	759.596 (8.1830471807427205,)
299	25   	217.67 	197.333	13.2577	792.301 (8.1830471807427205,)
300	25   	244.094	207.784	27.1917	860.763 (8.1830471807427205,)
301	25   	199.101	168.967	15.6545	607.425 (8.1830471807427205,)
302	25   	200.95 	228.257	11.2567	846.574 (8.1830471807427205,)
303	25   	200.181	216.314	10.1916	829.233 (8.1830471807427205,)
304	25   	249.829	228.835	13.0701	878.451 (8.1830471807427205,)
305	25   	255.303	230.296	14.3701	1034.55 (8.1830471807427205,)
306	25   	310.54 	243.321	11.6119	765.458 (8.1830471807427205,)
307	25   	274.607	246.255	9.92655	738.32  (8.1830471807427205,)
308	25   	246.764	185.448	16.9659	692.821 (8.1830471807427205,)
309	25   	211.564	221.604	9.86144	848.791 (8.1830471807427205,)
310	25   	243.544	234.939	14.4798	832.479 (8.1830471807427205,)
311	25   	226.513	206.56 	7.37755	704.859 (7.3775474298732391,)
312	25   	227.545	246.568	10.9701	1038.47 (7.3775474298732391,)
313	25   	229.577	179.004	15.0369	608.068 (7.3775474298732391,)
314	25   	275.207	232.169	14.0267	877.762 (7.3775474298732391,)
315	25   	218.408	151.973	11.4996	615.099 (7.3775474298732391,)
316	25   	206.258	190.968	11.1244	830.433 (7.3775474298732391,)
317	25   	204.42 	249.44 	11.4699	1234.62 (7.3775474298732391,)
318	25   	196.935	158.268	10.6574	549.588 (7.3775474298732391,)
319	25   	238.271	215.012	10.3526	942.446 (7.3775474298732391,)
320	25   	179.15 	180.355	16.2532	649.73  (7.3775474298732391,)
321	25   	244.349	268.636	10.7636	1125.71 (7.3775474298732391,)
322	25   	224.847	175.797	10.8532	618.904 (7.3775474298732391,)
323	25   	156.003	160.244	17.4186	684.23  (7.3775474298732391,)
324	25   	206.642	205.215	17.3386	950.971 (7.3775474298732391,)
325	25   	241.374	238.951	8.82967	1124.77 (7.3775474298732391,)
326	25   	156.883	183.987	8.94378	753.404 (7.3775474298732391,)
327	25   	258.099	267.369	30.7934	1292.65 (7.3775474298732391,)
328	25   	147.985	158.791	11.7154	549.984 (7.3775474298732391,)
329	25   	266.577	243.17 	11.5904	1014.54 (7.3775474298732391,)
330	25   	186.194	153.501	12.852 	712.93  (7.3775474298732391,)
331	25   	223.938	149.167	14.4453	561.873 (7.3775474298732391,)
332	25   	207.683	165.447	12.3865	599.959 (7.3775474298732391,)
333	25   	188.053	176.12 	11.0191	632.05  (7.3775474298732391,)
334	25   	249.305	267.4  	9.95036	1190.7  (7.3775474298732391,)
335	25   	225.385	201.233	12.6497	659.138 (7.3775474298732391,)
336	25   	208.238	181.596	11.8058	764.314 (7.3775474298732391,)
337	25   	206.043	174.733	21.375 	648.618 (7.3775474298732391,)
338	25   	190.093	249.771	8.01283	1015.39 (7.3775474298732391,)
339	25   	195.16 	201.702	10.7883	746.405 (7.3775474298732391,)
340	25   	190.784	193.883	7.59336	779.998 (7.3775474298732391,)
341	25   	194.836	247.451	8.36766	1074.35 (7.3775474298732391,)
342	25   	192.309	165.675	8.51846	795.874 (7.3775474298732391,)
343	25   	191.342	164.312	14.4077	737.035 (7.3775474298732391,)
344	25   	122.511	109.514	14.0018	452.964 (7.3775474298732391,)
345	25   	114.858	101.728	9.67142	369.691 (7.3775474298732391,)
346	25   	139.928	162.852	11.8123	703.255 (7.3775474298732391,)
347	25   	170.178	232.305	11.933 	1120.28 (7.3775474298732391,)
348	25   	203.252	216.566	13.7762	998.186 (7.3775474298732391,)
349	25   	241.103	176.894	34.7492	827.306 (7.3775474298732391,)
350	25   	168.192	200.703	9.86426	917.642 (7.3775474298732391,)
351	25   	172.167	156.549	12.9489	568.35  (7.3775474298732391,)
352	25   	220.151	194.41 	6.98331	661.936 (6.9833088963819785,)
353	25   	182.012	131.896	11.0301	523.893 (6.9833088963819785,)
354	25   	178.239	158.104	12.8828	545.763 (6.9833088963819785,)
355	25   	219.048	215.48 	10.3754	882.415 (6.9833088963819785,)
356	25   	219.654	203.425	17.3977	697.071 (6.9833088963819785,)
357	25   	235.831	213.403	12.5102	846.355 (6.9833088963819785,)
358	25   	203.358	176.161	10.189 	647.229 (6.9833088963819785,)
359	25   	185.517	200.215	9.79971	871.922 (6.9833088963819785,)
360	25   	171.134	155.365	11.206 	604.817 (6.9833088963819785,)
361	25   	182.629	114.514	17.9767	427.355 (6.9833088963819785,)
362	25   	248.488	257.59 	12.7826	964.04  (6.9833088963819785,)
363	25   	164.455	153.293	14.7956	556.692 (6.9833088963819785,)
364	25   	180.644	191.122	10.7659	728.361 (6.9833088963819785,)
365	25   	196.578	197.359	11.6677	886.11  (6.9833088963819785,)
366	25   	238.933	177.902	19.3107	736.56  (6.9833088963819785,)
367	25   	179.655	159.606	9.42722	572.794 (6.9833088963819785,)
368	25   	175.213	211.013	11.2555	1041.86 (6.9833088963819785,)
369	25   	227.855	245.299	6.15042	995.303 (6.1504247260359435,)
370	25   	162.871	153.166	10.8456	550.492 (6.1504247260359435,)
371	25   	182.024	133.013	8.79455	529.822 (6.1504247260359435,)
372	25   	138.717	199.709	9.76691	862.738 (6.1504247260359435,)
373	25   	178.631	141.429	9.87818	515.526 (6.1504247260359435,)
374	25   	230.776	178.866	21.5818	773.825 (6.1504247260359435,)
375	25   	146.142	173.201	9.22903	862.547 (6.1504247260359435,)
376	25   	196.22 	127.55 	11.9893	484.876 (6.1504247260359435,)
377	25   	155.124	166.385	7.58895	644.198 (6.1504247260359435,)
378	25   	163.377	145.582	6.55294	594.101 (6.1504247260359435,)
379	25   	137.597	110.508	11.1116	387.86  (6.1504247260359435,)
380	25   	173.023	109.72 	7.25124	443.63  (6.1504247260359435,)
381	25   	185.105	160.744	15.265 	501.523 (6.1504247260359435,)
382	25   	256.815	208.908	8.49465	722.257 (6.1504247260359435,)
383	25   	180.81 	149.903	10.433 	485.173 (6.1504247260359435,)
384	25   	163.681	120.084	10.6721	476.92  (6.1504247260359435,)
385	25   	200.063	143.056	9.94871	499.233 (6.1504247260359435,)
386	25   	202.315	171.049	5.47042	581.84  (5.4704184162940832,)
387	25   	228.891	176.679	11.6438	602.007 (5.4704184162940832,)
388	25   	220.962	198.531	9.14555	641.225 (5.4704184162940832,)
389	25   	244.546	177.918	12.4543	625.306 (5.4704184162940832,)
390	25   	144.472	118.199	12.1459	455.272 (5.4704184162940832,)
391	25   	243.383	164.422	7.97697	531.102 (5.4704184162940832,)
392	25   	224.345	214.382	12.3446	707.685 (5.4704184162940832,)
393	25   	236.352	207.829	10.6013	702.354 (5.4704184162940832,)
394	25   	205.47 	144.786	8.59253	544.424 (5.4704184162940832,)
395	25   	260.719	223.36 	9.29522	805.414 (5.4704184162940832,)
396	25   	178.519	156.942	16.8418	515.862 (5.4704184162940832,)
397	25   	224.359	191.305	6.6629 	663.228 (5.4704184162940832,)
398	25   	250.329	180.885	16.4301	606.438 (5.4704184162940832,)
399	25   	181.501	149.625	14.4405	518.752 (5.4704184162940832,)
400	25   	137.388	109.253	5.26623	381.677 (5.2662285888161016,)
401	25   	196.038	205.317	12.5822	873.856 (5.2662285888161016,)
402	25   	211.286	198.254	8.86951	669.699 (5.2662285888161016,)
403	25   	148.533	128.059	8.51056	464.365 (5.2662285888161016,)
404	25   	217.775	179.015	10.3753	601.341 (5.2662285888161016,)
405	25   	199.751	174.851	9.65468	796.73  (5.2662285888161016,)
406	25   	169.597	155.257	11.8818	567.759 (5.2662285888161016,)
407	25   	173.939	192.721	6.7193 	767.213 (5.2662285888161016,)
408	25   	160.49 	202.491	9.88529	722.026 (5.2662285888161016,)
409	25   	211.676	170.758	11.5686	649.892 (5.2662285888161016,)
410	25   	214.334	202.93 	11.5938	778.809 (5.2662285888161016,)
411	25   	210.064	226.996	6.49185	1001.52 (5.2662285888161016,)
412	25   	184.304	184.73 	6.22356	649.375 (5.2662285888161016,)
413	25   	195.137	173.453	6.77288	574.678 (5.2662285888161016,)
414	25   	194.869	179.971	13.2774	732.489 (5.2662285888161016,)
415	25   	249.529	189.297	31.4829	663.448 (5.2662285888161016,)
416	25   	224.736	220.626	13.3806	800.18  (5.2662285888161016,)
417	25   	222.687	176.441	5.36576	617.907 (5.2662285888161016,)
418	25   	204.469	167.924	7.86608	815.546 (5.2662285888161016,)
419	25   	146.049	139.135	10.443 	483.146 (5.2662285888161016,)
420	25   	136.721	135.601	6.97382	546.38  (5.2662285888161016,)
421	25   	202.669	153.4  	10.6336	540.436 (5.2662285888161016,)
422	25   	187.2  	159.323	11.9736	555.418 (5.2662285888161016,)
423	25   	217.374	200.756	16.2086	760.914 (5.2662285888161016,)
424	25   	253.554	249.179	20.9734	880.422 (5.2662285888161016,)
425	25   	201.627	184.914	10.4697	754.775 (5.2662285888161016,)
426	25   	178.879	157.289	11.056 	585.137 (5.2662285888161016,)
427	25   	185.272	164.286	9.48965	485.818 (5.2662285888161016,)
428	25   	161.475	139.367	12.5171	535.463 (5.2662285888161016,)
429	25   	174.197	168.176	11.4771	558.827 (5.2662285888161016,)
430	25   	158.75 	119.126	16.7389	421.216 (5.2662285888161016,)
431	25   	227.929	187.154	6.80597	616.069 (5.2662285888161016,)
432	25   	207.64 	156.139	6.35238	594.485 (5.2662285888161016,)
433	25   	165.976	144.778	9.0629 	531.683 (5.2662285888161016,)
434	25   	161.154	117.912	12.8068	394.566 (5.2662285888161016,)
435	25   	171.567	130.444	34.4217	512.465 (5.2662285888161016,)
436	25   	175.936	141.988	11.295 	499.447 (5.2662285888161016,)
437	25   	204.1  	157.18 	10.1899	479.41  (5.2662285888161016,)
438	25   	164.981	158.666	10.3116	641.491 (5.2662285888161016,)
439	25   	284.786	244.747	6.6308 	1000.16 (5.2662285888161016,)
440	25   	215.258	181.684	10.0229	721.828 (5.2662285888161016,)
441	25   	170.487	112.774	11.6353	396.208 (5.2662285888161016,)
442	25   	247.189	234.409	8.84987	803.023 (5.2662285888161016,)
443	25   	157.699	99.5939	10.2863	372.655 (5.2662285888161016,)
444	25   	223.897	220.127	5.86493	878.936 (5.2662285888161016,)
445	25   	243.555	277.984	9.74603	1155.93 (5.2662285888161016,)
446	25   	198.171	166.538	10.2964	748.327 (5.2662285888161016,)
447	25   	187.676	140.117	12.4932	610.431 (5.2662285888161016,)
448	25   	176.362	143.119	7.42181	543.606 (5.2662285888161016,)
449	25   	135.397	98.1025	25.6424	366.365 (5.2662285888161016,)
450	25   	157.288	114.568	18.2324	449.956 (5.2662285888161016,)
451	25   	262.895	276.822	6.73531	959.716 (5.2662285888161016,)
452	25   	217.2  	199.152	8.191  	767     (5.2662285888161016,)
453	25   	176.01 	157.444	14.6428	650.049 (5.2662285888161016,)
454	25   	229.769	210.322	16.3244	985.994 (5.2662285888161016,)
455	25   	213.432	171.035	7.72726	509.664 (5.2662285888161016,)
456	25   	246.009	215.55 	14.8606	891.806 (5.2662285888161016,)
457	25   	209.399	231.928	10.1238	1095    (5.2662285888161016,)
458	25   	222.072	178.196	18.7224	675.989 (5.2662285888161016,)
459	25   	125.779	137.791	7.88711	565.91  (5.2662285888161016,)
460	25   	145.308	118.473	11.7092	412.06  (5.2662285888161016,)
461	25   	145.075	160.919	9.98427	675.836 (5.2662285888161016,)
462	25   	159.686	128.233	10.3253	500.94  (5.2662285888161016,)
463	25   	148.196	194.734	11.3512	840.612 (5.2662285888161016,)
464	25   	186.928	135.706	22.5665	463.249 (5.2662285888161016,)
465	25   	265.662	318.074	10.5981	1293.25 (5.2662285888161016,)
466	25   	168.704	165.29 	14.9444	689.775 (5.2662285888161016,)
467	25   	208.287	162.609	8.38747	733.636 (5.2662285888161016,)
468	25   	172.508	180.087	4.95566	687.148 (4.9556621877618765,)
469	25   	194.436	162.092	10.7866	567.032 (4.9556621877618765,)
470	25   	194.564	153.298	13.6134	633.444 (4.9556621877618765,)
471	25   	192.909	153.477	11.1136	519.621 (4.9556621877618765,)
472	25   	218.813	200.347	10.3394	760.074 (4.9556621877618765,)
473	25   	219.482	231.034	9.07406	790.457 (4.9556621877618765,)
474	25   	223.7  	236.222	15.4278	815.096 (4.9556621877618765,)
475	25   	265.345	277.17 	6.73832	1262.79 (4.9556621877618765,)
476	25   	260.025	238.163	30.2585	906.477 (4.9556621877618765,)
477	25   	179.141	145.839	7.78778	517.295 (4.9556621877618765,)
478	25   	158.835	118.832	6.04638	474.033 (4.9556621877618765,)
479	25   	188.277	178.934	8.48154	807.23  (4.9556621877618765,)
480	25   	207.227	209.609	15.1428	843.704 (4.9556621877618765,)
481	25   	194.914	235.053	11.8065	867.895 (4.9556621877618765,)
482	25   	199.958	159.049	18.7746	560.227 (4.9556621877618765,)
483	25   	172.969	131.86 	7.68811	471.758 (4.9556621877618765,)
484	25   	160.378	195.355	4.15996	724.99  (4.1599639482402377,)
485	25   	144.566	156.623	10.5135	716.177 (4.1599639482402377,)
486	25   	181.227	157.99 	6.30214	539.713 (4.1599639482402377,)
487	25   	148.764	130.823	5.97176	432.521 (4.1599639482402377,)
488	25   	181.592	151.247	6.16263	590.048 (4.1599639482402377,)
489	25   	210.513	146.999	11.8318	564.114 (4.1599639482402377,)
490	25   	282.878	219.788	9.21648	738.712 (4.1599639482402377,)
491	25   	210.169	167.963	20.277 	649.726 (4.1599639482402377,)
492	25   	236.589	180.05 	24.5269	789.987 (4.1599639482402377,)
493	25   	218.464	168.412	5.75845	618.661 (4.1599639482402377,)
494	25   	200.689	157.532	3.4363 	549.103 (3.436297798987332,)
495	25   	135.65 	106.165	11.6862	358.717 (3.436297798987332,)
496	25   	166.254	161.856	8.50467	606.617 (3.436297798987332,)
497	25   	201.654	236.799	6.59338	868.32  (3.436297798987332,)
498	25   	163.618	165.023	5.82724	756.777 (3.436297798987332,)
499	25   	162.464	179.729	8.90189	936.948 (3.436297798987332,)
