In file included from /usr/local/lib/python2.7/dist-packages/numpy/core/include/numpy/ndarraytypes.h:1804:0,
                 from /usr/local/lib/python2.7/dist-packages/numpy/core/include/numpy/ndarrayobject.h:17,
                 from /usr/local/lib/python2.7/dist-packages/numpy/core/include/numpy/arrayobject.h:4,
                 from /home/pinojc/.cache/scipy/python27_compiled/sc_9bade30717731f645b30a512f757f0fa986.cpp:22:
/usr/local/lib/python2.7/dist-packages/numpy/core/include/numpy/npy_1_7_deprecated_api.h:15:2: warning: #warning "Using deprecated NumPy API, disable it by " "#defining NPY_NO_DEPRECATED_API NPY_1_7_API_VERSION" [-Wcpp]
 #warning "Using deprecated NumPy API, disable it by " \
  ^
gen	evals	avg    	std   	min    	max 
0  	25   	750.352	427.18	157.673	1576 (157.67256706944084,)
1  	25   	388.718	224.934	52.4925	789.047 (52.492534859955683,)
2  	25   	286.244	221.604	40.5346	901.217 (40.534620643894741,)
3  	25   	342.467	335.475	24.9926	1409.75 (24.992579283805693,)
4  	25   	300.251	313.841	17.6194	1260.47 (17.619407778139394,)
5  	25   	355.92 	339.186	17.3833	1571.19 (17.383341025878678,)
6  	25   	281.352	206.32 	39.046 	796.288 (17.383341025878678,)
7  	25   	255.732	238.612	25.171 	884.597 (17.383341025878678,)
8  	25   	237.587	236.375	10.6503	781.346 (10.650335271654226,)
9  	25   	251.71 	238.148	11.1968	906.255 (10.650335271654226,)
10 	25   	216.073	161.117	37.9693	662.573 (10.650335271654226,)
11 	25   	278.331	272.727	10.7646	1037.98 (10.650335271654226,)
12 	25   	359.957	335.354	27.2769	1541.53 (10.650335271654226,)
13 	25   	224.928	197.062	32.2757	971.754 (10.650335271654226,)
14 	25   	286.313	220.005	11.276 	836.476 (10.650335271654226,)
15 	25   	288.508	235.802	17.8971	927.387 (10.650335271654226,)
16 	25   	284.673	238.182	18.0544	945.904 (10.650335271654226,)
17 	25   	266.397	171.514	16.9633	563.992 (10.650335271654226,)
18 	25   	292.03 	321.372	20.5708	1138.19 (10.650335271654226,)
19 	25   	312.327	244.942	33.9825	940.543 (10.650335271654226,)
20 	25   	308.075	299.263	25.3858	1199.36 (10.650335271654226,)
21 	25   	365.058	254.092	95.7323	909.032 (10.650335271654226,)
22 	25   	283.712	209.554	24.9046	807.065 (10.650335271654226,)
23 	25   	302.856	309.178	22.7502	1205.34 (10.650335271654226,)
24 	25   	325.431	289.038	17.5647	1149.18 (10.650335271654226,)
25 	25   	351.102	288.296	25.3808	1123.69 (10.650335271654226,)
26 	25   	411.259	276.448	38.2489	1109.9  (10.650335271654226,)
27 	25   	431.141	363.936	28.8336	1441    (10.650335271654226,)
28 	25   	401.845	309.604	46.4188	1113.91 (10.650335271654226,)
29 	25   	279.297	210.704	36.9626	732.974 (10.650335271654226,)
30 	25   	268.603	268.606	39.3292	1097.58 (10.650335271654226,)
31 	25   	194.29 	158.851	22.0427	701.163 (10.650335271654226,)
32 	25   	234.019	271.379	24.8758	1003.87 (10.650335271654226,)
33 	25   	370.521	320.253	36.0824	1230.94 (10.650335271654226,)
34 	25   	243.195	213.733	24.56  	772.157 (10.650335271654226,)
35 	25   	326.286	236.375	45.8857	1043.99 (10.650335271654226,)
36 	25   	346.027	266.175	68.9122	1101.44 (10.650335271654226,)
37 	25   	290.847	296.848	14.3057	1409.97 (10.650335271654226,)
38 	25   	310.837	234.668	11.4252	786.579 (10.650335271654226,)
39 	25   	298.969	282.124	15.0037	1018.19 (10.650335271654226,)
40 	25   	277.39 	291.151	8.79198	1342.96 (8.7919822842374522,)
41 	25   	470.788	411.836	25.6383	1678.61 (8.7919822842374522,)
42 	25   	541.284	459.504	27.3695	1645.67 (8.7919822842374522,)
43 	25   	413.185	329.948	24.6184	1325.58 (8.7919822842374522,)
44 	25   	441.446	363.843	13.9757	1708.18 (8.7919822842374522,)
45 	25   	322.943	329.089	14.9379	1531.65 (8.7919822842374522,)
46 	25   	293.817	222.318	13.4631	944.825 (8.7919822842374522,)
47 	25   	280.552	253.486	18.8025	950.993 (8.7919822842374522,)
48 	25   	354.917	345.563	19.8194	1472.16 (8.7919822842374522,)
49 	25   	431.6  	382.645	27.1319	1458.52 (8.7919822842374522,)
50 	25   	323.886	321.124	9.65754	1458.2  (8.7919822842374522,)
51 	25   	374.837	317.899	15.0497	1250.6  (8.7919822842374522,)
52 	25   	388.862	284.561	36.6234	1237.49 (8.7919822842374522,)
53 	25   	438.806	435.047	19.4874	1577.08 (8.7919822842374522,)
54 	25   	414.871	310.333	21.0439	1252.36 (8.7919822842374522,)
55 	25   	559.756	391.65 	34.4618	1767.97 (8.7919822842374522,)
56 	25   	523.003	438.719	57.4172	1591.87 (8.7919822842374522,)
57 	25   	556.948	439.965	21.1303	1723.05 (8.7919822842374522,)
58 	25   	457.86 	377.979	25.1079	1838.91 (8.7919822842374522,)
59 	25   	599.788	364.428	65.1982	1572.9  (8.7919822842374522,)
60 	25   	340.265	242.395	23.2154	1031.93 (8.7919822842374522,)
61 	25   	397.872	369.793	18.9576	1209.6  (8.7919822842374522,)
62 	25   	358.102	317.566	21.9589	1132.6  (8.7919822842374522,)
63 	25   	335.712	331.545	20.0514	1419.72 (8.7919822842374522,)
64 	25   	305.79 	215.591	24.1564	778.296 (8.7919822842374522,)
65 	25   	303.373	247.167	21.925 	974.473 (8.7919822842374522,)
66 	25   	353.777	343.271	19.0854	1622.07 (8.7919822842374522,)
67 	25   	388.829	330.98 	38.7599	1219.98 (8.7919822842374522,)
68 	25   	352.138	304.798	50.5951	1398.46 (8.7919822842374522,)
69 	25   	263.442	201.933	8.68672	714.38  (8.6867175624779058,)
70 	25   	538.565	433.992	46.1693	1429.38 (8.6867175624779058,)
71 	25   	266.553	209.663	25.6306	794.53  (8.6867175624779058,)
72 	25   	323.998	305.094	9.14666	1042.65 (8.6867175624779058,)
73 	25   	361.336	357.544	27.0558	1285.71 (8.6867175624779058,)
74 	25   	301.83 	275.539	23.5475	934.888 (8.6867175624779058,)
75 	25   	336.332	269.267	5.53737	1008.21 (5.537374028999916,)
76 	25   	274.331	177.107	43.066 	707.897 (5.537374028999916,)
77 	25   	384.923	253.657	15.4244	873.629 (5.537374028999916,)
78 	25   	322.357	352.263	27.8195	1489.09 (5.537374028999916,)
79 	25   	367.155	326.304	26.5484	1171.17 (5.537374028999916,)
80 	25   	295.824	307.674	33.2062	1320.62 (5.537374028999916,)
81 	25   	235.929	222.806	11.6626	947.487 (5.537374028999916,)
82 	25   	384.452	278.807	26.6952	1068.15 (5.537374028999916,)
83 	25   	323.052	289.501	20.0723	1077.77 (5.537374028999916,)
84 	25   	265.77 	164.718	38.5519	666.872 (5.537374028999916,)
85 	25   	318.084	244.755	16.6988	1003.92 (5.537374028999916,)
86 	25   	344.88 	339.33 	12.5125	1100.1  (5.537374028999916,)
87 	25   	328.209	250.009	35.9524	979.385 (5.537374028999916,)
88 	25   	355.654	368.548	18.6957	1444.66 (5.537374028999916,)
89 	25   	292.51 	249.259	17.8693	901.067 (5.537374028999916,)
90 	25   	239.62 	197.224	29.5772	694.449 (5.537374028999916,)
91 	25   	228.443	189.58 	20.7118	764.14  (5.537374028999916,)
92 	25   	245.275	285.005	20.4988	1202.23 (5.537374028999916,)
93 	25   	437.222	330.811	20.9543	1125.78 (5.537374028999916,)
94 	25   	435.337	362.621	14.1029	1386.61 (5.537374028999916,)
95 	25   	389.972	349.887	17.8523	1319.18 (5.537374028999916,)
96 	25   	368.21 	313.913	18.413 	1065.88 (5.537374028999916,)
97 	25   	283.636	326.575	19.6487	1432.28 (5.537374028999916,)
98 	25   	356.437	343.888	12.2077	1541.54 (5.537374028999916,)
99 	25   	257.8  	227.756	25.4796	840.487 (5.537374028999916,)
100	25   	420.608	371.352	31.9153	1310.19 (5.537374028999916,)
101	25   	400.342	276.901	15.8097	1055.09 (5.537374028999916,)
102	25   	306.427	243.328	16.4375	1000.71 (5.537374028999916,)
103	25   	348.518	262.42 	19.9304	938.492 (5.537374028999916,)
104	25   	226.654	172.077	16.5425	604.195 (5.537374028999916,)
105	25   	261.576	253.72 	10.8839	884.337 (5.537374028999916,)
106	25   	385.061	275.774	25.0368	1022.72 (5.537374028999916,)
107	25   	223.824	259.837	10.3348	1340.09 (5.537374028999916,)
108	25   	262.575	278.675	9.51642	966.842 (5.537374028999916,)
109	25   	292.379	317.363	22.0948	1342.66 (5.537374028999916,)
110	25   	298.489	216.722	17.7298	797.506 (5.537374028999916,)
111	25   	198.675	154.195	25.8164	669.831 (5.537374028999916,)
112	25   	272.474	250.027	9.64187	764.373 (5.537374028999916,)
113	25   	333.353	304.075	41.4191	1393.84 (5.537374028999916,)
114	25   	256.629	200.399	17.2326	671.977 (5.537374028999916,)
115	25   	350.855	366.908	12.0422	1447.44 (5.537374028999916,)
116	25   	381.512	376.778	17.1926	1461.3  (5.537374028999916,)
117	25   	327.087	216.841	59.5607	828.64  (5.537374028999916,)
118	25   	308.775	212.969	11.3134	732.312 (5.537374028999916,)
119	25   	416.909	329.679	15.6233	1379.3  (5.537374028999916,)
120	25   	299.161	169.592	19.7274	562.59  (5.537374028999916,)
121	25   	325.621	351.683	7.86938	1404.78 (5.537374028999916,)
122	25   	367.753	336.087	33.9577	1351.16 (5.537374028999916,)
123	25   	304.816	295.859	30.5304	1018.91 (5.537374028999916,)
124	25   	278.802	233.492	27.045 	958.291 (5.537374028999916,)
125	25   	454.337	359.22 	49.9718	1465.72 (5.537374028999916,)
126	25   	377.534	241.629	26.591 	747.055 (5.537374028999916,)
127	25   	421.416	413.5  	23.2294	1480.21 (5.537374028999916,)
128	25   	278.481	216.668	23.7433	858.781 (5.537374028999916,)
129	25   	299.156	264.135	19.7398	1218.97 (5.537374028999916,)
130	25   	375.121	269.162	21.1617	1224.14 (5.537374028999916,)
131	25   	217.831	215.698	13.4649	918.294 (5.537374028999916,)
132	25   	199.27 	160.718	28.7578	727.716 (5.537374028999916,)
133	25   	216.584	216.13 	19.4397	878.871 (5.537374028999916,)
134	25   	261.725	221.178	30.0129	855.596 (5.537374028999916,)
135	25   	304.894	214.523	25.5349	789.58  (5.537374028999916,)
136	25   	209.263	154.428	13.5061	565.359 (5.537374028999916,)
137	25   	344.148	321.111	18.561 	1530.67 (5.537374028999916,)
138	25   	322.946	288.087	9.50231	1225.17 (5.537374028999916,)
139	25   	274.449	244.215	27.0128	974.145 (5.537374028999916,)
140	25   	413.848	352.67 	26.5049	1232.73 (5.537374028999916,)
141	25   	253.606	222.727	13.3833	897.672 (5.537374028999916,)
142	25   	259.257	299.613	12.3285	1445.5  (5.537374028999916,)
143	25   	281.524	334.024	20.6613	1477.9  (5.537374028999916,)
144	25   	354.447	259.174	30.4832	988.543 (5.537374028999916,)
145	25   	438.083	460.689	10.2522	1601.17 (5.537374028999916,)
146	25   	424.978	271.609	17.9911	960.531 (5.537374028999916,)
147	25   	398.178	277.337	39.3965	1140.51 (5.537374028999916,)
148	25   	251.684	176.38 	8.70979	597.098 (5.537374028999916,)
149	25   	176.991	154.323	11.9314	540.742 (5.537374028999916,)
150	25   	309.454	226.29 	69.3727	926.686 (5.537374028999916,)
151	25   	211.838	212.775	16.0657	715.374 (5.537374028999916,)
152	25   	248.993	200.644	14.5847	797.525 (5.537374028999916,)
153	25   	296.155	340.315	20.1596	1341.97 (5.537374028999916,)
154	25   	284.733	269.157	16.9713	982.993 (5.537374028999916,)
155	25   	401.143	371.178	45.2206	1303.55 (5.537374028999916,)
156	25   	356.781	249.347	22.9112	1014.53 (5.537374028999916,)
157	25   	317.726	270.22 	9.10273	1169.06 (5.537374028999916,)
158	25   	354.326	312.087	23.9474	1150.76 (5.537374028999916,)
159	25   	232.435	178.666	7.8588 	593.371 (5.537374028999916,)
160	25   	390.17 	423.321	10.8707	1493.93 (5.537374028999916,)
161	25   	337.164	262.462	18.8725	1109.86 (5.537374028999916,)
162	25   	318.097	316.015	25.9918	1356.03 (5.537374028999916,)
163	25   	266.4  	259.454	14.202 	1101.48 (5.537374028999916,)
164	25   	303.278	239.794	20.4363	941.727 (5.537374028999916,)
165	25   	315.371	327.318	28.3353	1154.18 (5.537374028999916,)
166	25   	306.244	258.31 	7.62706	1072.13 (5.537374028999916,)
167	25   	293.143	239.492	19.0831	1151.39 (5.537374028999916,)
168	25   	384.213	346.803	17.2158	1548.67 (5.537374028999916,)
169	25   	383.775	355.442	13.1859	1440.8  (5.537374028999916,)
170	25   	211.706	186.953	12.3166	740.395 (5.537374028999916,)
171	25   	252.745	163.447	19.0486	705.819 (5.537374028999916,)
172	25   	292.338	248.399	8.80072	919.998 (5.537374028999916,)
173	25   	210.619	189.433	11.3934	699.334 (5.537374028999916,)
174	25   	266.68 	192.779	19.8201	650.779 (5.537374028999916,)
175	25   	307.178	343.486	9.56477	1667.96 (5.537374028999916,)
176	25   	307.809	305.45 	16.2716	1269.72 (5.537374028999916,)
177	25   	309.622	242.507	18.1499	1022.91 (5.537374028999916,)
178	25   	259.544	159.216	27.441 	580.513 (5.537374028999916,)
179	25   	302.365	204.008	18.1996	861.686 (5.537374028999916,)
180	25   	288.473	251.735	18.165 	1111.84 (5.537374028999916,)
181	25   	257.162	257.532	19.4046	1066.21 (5.537374028999916,)
182	25   	374.998	364.97 	14.8754	1656.67 (5.537374028999916,)
183	25   	386.543	301.027	26.37  	1221.44 (5.537374028999916,)
184	25   	269.409	267.473	24.0856	1107.54 (5.537374028999916,)
185	25   	235.174	292.682	23.1541	1425.05 (5.537374028999916,)
186	25   	407.472	317.357	38.1416	1373.15 (5.537374028999916,)
187	25   	315.021	322.979	37.1661	1393.63 (5.537374028999916,)
188	25   	310.851	270.972	23.2085	1150.02 (5.537374028999916,)
189	25   	340.199	350.648	16.9204	1541.22 (5.537374028999916,)
190	25   	364.729	348.421	12.0685	1126.46 (5.537374028999916,)
191	25   	266.87 	221.342	24.4967	785.213 (5.537374028999916,)
192	25   	342.919	310.462	30.5387	1245.5  (5.537374028999916,)
193	25   	322.155	276.126	21.6345	1093.07 (5.537374028999916,)
194	25   	254.549	210.525	18.1579	754.5   (5.537374028999916,)
195	25   	345.119	329.881	11.1075	1417.77 (5.537374028999916,)
196	25   	274.64 	296.767	14.8145	973.159 (5.537374028999916,)
197	25   	294.321	267.712	10.8331	936.583 (5.537374028999916,)
198	25   	324.963	283.746	40.3925	1235.68 (5.537374028999916,)
199	25   	226.794	216.277	37.161 	878.935 (5.537374028999916,)
200	25   	373.625	304.475	23.476 	1059    (5.537374028999916,)
201	25   	251.471	208.86 	21.6008	820.583 (5.537374028999916,)
202	25   	283.184	227.767	10.3903	965.617 (5.537374028999916,)
203	25   	202.223	144.385	10.5785	592.517 (5.537374028999916,)
204	25   	306.447	199.926	9.3372 	809.736 (5.537374028999916,)
205	25   	350.557	260.407	28.8194	1078.7  (5.537374028999916,)
206	25   	269.946	210.789	12.2897	827.719 (5.537374028999916,)
207	25   	292.639	287.447	32.1008	1289.87 (5.537374028999916,)
208	25   	299.237	232.068	12.2824	851.926 (5.537374028999916,)
209	25   	310.527	281.09 	19.9645	1241.47 (5.537374028999916,)
210	25   	347.394	239.057	20.1364	808.244 (5.537374028999916,)
211	25   	367.694	299.704	22.1712	1239.91 (5.537374028999916,)
212	25   	316.645	320.656	23.1209	1327.91 (5.537374028999916,)
213	25   	427.093	403.102	30.6722	1399.73 (5.537374028999916,)
214	25   	356.569	279.001	26.1753	967.72  (5.537374028999916,)
215	25   	291.634	327.496	8.55528	1485.25 (5.537374028999916,)
216	25   	286.217	221.839	28.9402	867.044 (5.537374028999916,)
217	25   	290.75 	324.472	12.9034	1440.77 (5.537374028999916,)
218	25   	314.733	210.408	14.7068	814.475 (5.537374028999916,)
219	25   	349.317	282.249	24.1837	1069.63 (5.537374028999916,)
220	25   	317.718	264.487	28.2584	1060.85 (5.537374028999916,)
221	25   	321.46 	316.202	22.4456	1393.71 (5.537374028999916,)
222	25   	523.746	318.423	48.9197	1160.87 (5.537374028999916,)
223	25   	460.695	381.343	30.6481	1429.93 (5.537374028999916,)
224	25   	423.715	363.789	24.2108	1293.16 (5.537374028999916,)
225	25   	362.746	245.889	30.8367	958.269 (5.537374028999916,)
226	25   	349.96 	242.391	51.3893	997.227 (5.537374028999916,)
227	25   	379.515	346.701	17.3075	1297.16 (5.537374028999916,)
228	25   	330.48 	333.412	14.7461	1209.63 (5.537374028999916,)
229	25   	429.527	328.351	8.54744	1175.46 (5.537374028999916,)
230	25   	420.15 	362.358	43.7656	1439.53 (5.537374028999916,)
231	25   	317.249	276.735	50.3463	1096.4  (5.537374028999916,)
232	25   	432.812	393.397	13.9963	1664.64 (5.537374028999916,)
233	25   	321.011	314.177	32.2693	1384.51 (5.537374028999916,)
234	25   	327.766	257.417	33.9688	835.775 (5.537374028999916,)
235	25   	335.481	327.052	22.3863	1312.45 (5.537374028999916,)
236	25   	465.704	338.825	37.6456	1272.25 (5.537374028999916,)
237	25   	426.088	378.616	28.1963	1152.58 (5.537374028999916,)
238	25   	255.368	197.55 	12.2117	668.724 (5.537374028999916,)
239	25   	383.68 	391.04 	27.1425	1454.37 (5.537374028999916,)
240	25   	310.869	285.703	14.9308	1065.09 (5.537374028999916,)
241	25   	384.456	306.988	31.5425	1139.63 (5.537374028999916,)
242	25   	330.139	226.306	14.6183	849.732 (5.537374028999916,)
243	25   	362.017	387.404	17.0702	1434.05 (5.537374028999916,)
244	25   	295.096	286.256	10.983 	1157.81 (5.537374028999916,)
245	25   	281.296	253.813	9.83051	834.613 (5.537374028999916,)
246	25   	311.582	274.772	25.8451	1121.21 (5.537374028999916,)
247	25   	321.299	346.986	17.5233	1327.93 (5.537374028999916,)
248	25   	291.565	241.97 	29.4144	843.854 (5.537374028999916,)
249	25   	354.588	322.519	31.029 	1321.66 (5.537374028999916,)
250	25   	351.229	353.175	24.8447	1501.66 (5.537374028999916,)
251	25   	306.299	304.015	43.766 	1413.31 (5.537374028999916,)
252	25   	275.915	300.737	9.34396	1018.59 (5.537374028999916,)
253	25   	278.647	187.796	6.16025	626.139 (5.537374028999916,)
254	25   	268.526	242.006	12.6673	1050.99 (5.537374028999916,)
255	25   	235.476	182.38 	15.7534	811.034 (5.537374028999916,)
256	25   	297.262	283.588	6.25541	995.05  (5.537374028999916,)
257	25   	299.293	218.956	31.2786	756.15  (5.537374028999916,)
258	25   	380.243	343.5  	19.3969	1500.45 (5.537374028999916,)
259	25   	254.747	209.517	16.0544	801.017 (5.537374028999916,)
260	25   	187.769	221.952	11.1513	1004.01 (5.537374028999916,)
261	25   	238.445	238.358	13.2858	964.447 (5.537374028999916,)
262	25   	397.926	348.734	15.5093	1148.33 (5.537374028999916,)
263	25   	240.052	176.167	19.1934	789.385 (5.537374028999916,)
264	25   	264.505	288.459	15.8851	1375.69 (5.537374028999916,)
265	25   	377.14 	361.393	21.2455	1552.87 (5.537374028999916,)
266	25   	354.512	265.185	3.85676	981.139 (3.8567640614093026,)
267	25   	382.358	349.459	54.1817	1293.93 (3.8567640614093026,)
268	25   	358.372	311.796	29.6009	1202.16 (3.8567640614093026,)
269	25   	415.93 	327.13 	21.5357	1343.61 (3.8567640614093026,)
270	25   	451.758	326.31 	7.72566	1364.4  (3.8567640614093026,)
271	25   	525.211	351.078	7.06259	1171.34 (3.8567640614093026,)
272	25   	410.625	310.299	26.3246	1040.76 (3.8567640614093026,)
273	25   	370.014	376.897	20.0415	1370.85 (3.8567640614093026,)
274	25   	362.209	275.865	14.9871	948.512 (3.8567640614093026,)
275	25   	432.484	475.546	6.7398 	1581.09 (3.8567640614093026,)
276	25   	323.246	349.426	17.8521	1552.42 (3.8567640614093026,)
277	25   	480.534	385.294	19.9482	1344.42 (3.8567640614093026,)
278	25   	479.257	329.87 	17.4677	1286.4  (3.8567640614093026,)
279	25   	402.445	388.031	17.3471	1307.78 (3.8567640614093026,)
280	25   	298.634	334.222	12.8328	1224.38 (3.8567640614093026,)
281	25   	262.147	243.388	9.93313	1255.66 (3.8567640614093026,)
282	25   	333.002	326.539	28.5325	1339.41 (3.8567640614093026,)
283	25   	333.193	273.459	8.05731	953.948 (3.8567640614093026,)
284	25   	367.467	317.025	12.3059	1179.33 (3.8567640614093026,)
285	25   	447.794	362.829	12.3132	1424.84 (3.8567640614093026,)
286	25   	435.137	365.673	19.9903	1318.65 (3.8567640614093026,)
287	25   	311.175	254.314	5.83723	1115.76 (3.8567640614093026,)
288	25   	372.403	359.971	13.3602	1333.99 (3.8567640614093026,)
289	25   	375.094	339.525	7.88991	1349.82 (3.8567640614093026,)
290	25   	317.976	172.344	18.8841	759.645 (3.8567640614093026,)
291	25   	283.326	307.924	14.7714	1368.07 (3.8567640614093026,)
292	25   	420.165	350.19 	37.9952	1289.81 (3.8567640614093026,)
293	25   	315.051	346.344	16.5748	1328.29 (3.8567640614093026,)
294	25   	370.052	350.42 	14.5116	1322.9  (3.8567640614093026,)
295	25   	288.646	197.114	10.9472	703.954 (3.8567640614093026,)
296	25   	291.602	293.369	16.8976	1127.24 (3.8567640614093026,)
297	25   	357.252	185.961	47.4845	711.341 (3.8567640614093026,)
298	25   	503.812	354.475	13.3309	1553.8  (3.8567640614093026,)
299	25   	320.078	351.957	11.0709	1598.18 (3.8567640614093026,)
300	25   	372.32 	364.092	13.7813	1503.86 (3.8567640614093026,)
301	25   	333.991	293.983	15.175 	997.016 (3.8567640614093026,)
302	25   	289.881	294.835	17.274 	1108.94 (3.8567640614093026,)
303	25   	421.864	405.876	10.439 	1361.11 (3.8567640614093026,)
304	25   	361.325	325.008	22.1783	1245.24 (3.8567640614093026,)
305	25   	362.945	314.401	25.8394	1248.02 (3.8567640614093026,)
306	25   	379.587	397.127	15.7673	1304.46 (3.8567640614093026,)
307	25   	360.477	254.998	14.3641	1033.3  (3.8567640614093026,)
308	25   	381.346	364.28 	24.3126	1322.76 (3.8567640614093026,)
309	25   	373.972	244.182	32.7031	962.327 (3.8567640614093026,)
310	25   	395.434	346.672	14.749 	1310.91 (3.8567640614093026,)
311	25   	355.513	341.169	21.8147	1343.5  (3.8567640614093026,)
312	25   	357.363	322.363	21.1581	1341.61 (3.8567640614093026,)
313	25   	363.607	307.331	60.281 	1305.69 (3.8567640614093026,)
314	25   	318.722	308.879	24.1432	1268.36 (3.8567640614093026,)
315	25   	356.673	384.401	13.2347	1362.87 (3.8567640614093026,)
316	25   	337.986	313.539	15.9344	1348.25 (3.8567640614093026,)
317	25   	361.979	367.531	20.6677	1515.36 (3.8567640614093026,)
318	25   	292.363	233.322	27.6465	825.767 (3.8567640614093026,)
319	25   	460.004	392.156	29.7729	1501.37 (3.8567640614093026,)
320	25   	335.692	302.638	14.6567	1258.17 (3.8567640614093026,)
321	25   	361.973	260.511	21.2228	914.039 (3.8567640614093026,)
322	25   	360.32 	340.521	17.5877	1059.95 (3.8567640614093026,)
323	25   	378.549	277.055	15.7563	989.945 (3.8567640614093026,)
324	25   	500.814	401.469	10.3911	1580.56 (3.8567640614093026,)
325	25   	343.494	327.374	10.0085	1150.91 (3.8567640614093026,)
326	25   	367.625	387.59 	8.94068	1542.26 (3.8567640614093026,)
327	25   	317.068	234.551	24.7815	1045.21 (3.8567640614093026,)
328	25   	436.771	377.003	53.8356	1311.5  (3.8567640614093026,)
329	25   	283.551	247.413	31.1231	883.095 (3.8567640614093026,)
330	25   	322.777	260.981	21.8157	1119.93 (3.8567640614093026,)
331	25   	200.053	153.909	32.4688	569.754 (3.8567640614093026,)
332	25   	241.063	272.11 	19.3528	1224.59 (3.8567640614093026,)
333	25   	279.366	304.835	11.564 	1203.77 (3.8567640614093026,)
334	25   	439.056	350.58 	47.9304	1270.39 (3.8567640614093026,)
335	25   	447.548	326.564	63.0606	1229.42 (3.8567640614093026,)
336	25   	437.034	365.06 	19.8822	1417.11 (3.8567640614093026,)
337	25   	488.515	405.107	15.4805	1301.18 (3.8567640614093026,)
338	25   	373.351	395.145	11.2189	1331.65 (3.8567640614093026,)
339	25   	386.194	326.004	34.8352	1418.19 (3.8567640614093026,)
340	25   	406.514	357.376	12.5699	1354.84 (3.8567640614093026,)
341	25   	332.384	344.211	13.8359	1503.11 (3.8567640614093026,)
342	25   	451.794	397.287	19.2842	1412.42 (3.8567640614093026,)
343	25   	450.449	317.155	73.0544	1404.15 (3.8567640614093026,)
344	25   	432.06 	387.782	32.3573	1472.13 (3.8567640614093026,)
345	25   	408.213	344.379	29.9374	1278.09 (3.8567640614093026,)
346	25   	345.981	322.906	20.3876	1365.7  (3.8567640614093026,)
347	25   	415.794	343.785	45.5745	1383.12 (3.8567640614093026,)
348	25   	327.099	299.738	10.2888	1159.81 (3.8567640614093026,)
349	25   	303.711	269.786	8.92942	932.81  (3.8567640614093026,)
350	25   	363.093	364.374	17.4043	1450.12 (3.8567640614093026,)
351	25   	401.239	355.328	50.3631	1521.82 (3.8567640614093026,)
352	25   	366.991	319.147	22.1517	1399.02 (3.8567640614093026,)
353	25   	320.644	356.851	8.58556	1540.48 (3.8567640614093026,)
354	25   	224.933	209.668	16.6245	977.071 (3.8567640614093026,)
355	25   	347.5  	293.379	13.8901	1155.82 (3.8567640614093026,)
356	25   	388.08 	288.213	35.2414	1108.81 (3.8567640614093026,)
357	25   	353.422	280.11 	37.0459	1190.75 (3.8567640614093026,)
358	25   	338.27 	289.275	21.758 	1056.87 (3.8567640614093026,)
359	25   	306.612	292.54 	9.85307	1272.83 (3.8567640614093026,)
360	25   	428.001	362.745	25.4389	1463.27 (3.8567640614093026,)
361	25   	363.634	354.482	9.12208	1442.77 (3.8567640614093026,)
362	25   	353.698	326.447	7.65771	1339.94 (3.8567640614093026,)
363	25   	360.837	326.697	4.9335 	1441.17 (3.8567640614093026,)
364	25   	269.789	302.176	12.6788	1504.45 (3.8567640614093026,)
365	25   	446.736	405.809	13.5232	1596.61 (3.8567640614093026,)
366	25   	523.803	489.584	31.8865	1700.71 (3.8567640614093026,)
367	25   	383.216	342.329	26.8826	1599.58 (3.8567640614093026,)
368	25   	385.591	282.321	8.50576	989.76  (3.8567640614093026,)
369	25   	515.958	379.336	29.408 	1538.68 (3.8567640614093026,)
370	25   	326.052	278.002	25.2528	1050.71 (3.8567640614093026,)
371	25   	387.195	394.109	4.8378 	1362.48 (3.8567640614093026,)
372	25   	453.434	302.985	25.6933	1035.77 (3.8567640614093026,)
373	25   	477.605	345.545	32.9124	1596.65 (3.8567640614093026,)
374	25   	376.388	238.879	67.6617	863.713 (3.8567640614093026,)
375	25   	526.994	444.989	24.6273	1640.52 (3.8567640614093026,)
376	25   	483.556	330.742	68.7422	1379.89 (3.8567640614093026,)
377	25   	333.472	266.225	11.1072	910.738 (3.8567640614093026,)
378	25   	605.162	486.876	21.5545	1588.21 (3.8567640614093026,)
379	25   	282.33 	202.821	14.7357	785.73  (3.8567640614093026,)
380	25   	338.224	250.947	30.0909	920.404 (3.8567640614093026,)
381	25   	330.854	347.769	12.2057	1341.18 (3.8567640614093026,)
382	25   	289.627	214.325	14.116 	728.844 (3.8567640614093026,)
383	25   	302.427	245.187	29.3825	903.645 (3.8567640614093026,)
384	25   	341.926	372.004	17.3854	1462.46 (3.8567640614093026,)
385	25   	299.403	243.945	43.8234	885.202 (3.8567640614093026,)
386	25   	255.125	269.52 	11.7676	1236.59 (3.8567640614093026,)
387	25   	305.619	367.538	18.6599	1467.77 (3.8567640614093026,)
388	25   	278.177	229.295	8.92536	987.189 (3.8567640614093026,)
389	25   	271.457	253.788	18.2293	1113.25 (3.8567640614093026,)
390	25   	255.792	193.667	29.0854	719.328 (3.8567640614093026,)
391	25   	300.994	271.606	29.2402	1035.5  (3.8567640614093026,)
392	25   	249.368	284.19 	19.9065	1048.37 (3.8567640614093026,)
393	25   	284.863	293.481	24.9634	1419.13 (3.8567640614093026,)
394	25   	263.261	226.268	10.8878	890.1   (3.8567640614093026,)
395	25   	236.963	251.656	21.5951	956.027 (3.8567640614093026,)
396	25   	222.235	190.283	27.7403	920.132 (3.8567640614093026,)
397	25   	361.152	278.227	23.1872	1209.51 (3.8567640614093026,)
398	25   	362.208	337.471	12.3311	1476.46 (3.8567640614093026,)
399	25   	547.947	407.875	22.8368	1296.37 (3.8567640614093026,)
400	25   	301.329	267.607	17.022 	1164.93 (3.8567640614093026,)
401	25   	361.261	282.104	24.6066	965.185 (3.8567640614093026,)
402	25   	254.693	221.473	11.1292	796.147 (3.8567640614093026,)
403	25   	360.627	280.561	28.9662	1119.74 (3.8567640614093026,)
404	25   	345.345	255.598	38.93  	953.87  (3.8567640614093026,)
405	25   	374.346	352.773	10.3311	1271.47 (3.8567640614093026,)
406	25   	293.705	193.285	32.1351	655.252 (3.8567640614093026,)
407	25   	402.371	325.94 	43.1677	1241.63 (3.8567640614093026,)
408	25   	343.742	307.478	20.7775	1109.99 (3.8567640614093026,)
409	25   	339.121	284.307	37.9128	1074.35 (3.8567640614093026,)
410	25   	396.785	311.004	33.5432	1313.51 (3.8567640614093026,)
411	25   	416.667	405.584	13.6703	1301.09 (3.8567640614093026,)
412	25   	472.57 	384.257	12.2204	1365.66 (3.8567640614093026,)
413	25   	378.253	346.132	7.64023	1121.27 (3.8567640614093026,)
414	25   	410.801	292.125	12.6592	1267.77 (3.8567640614093026,)
415	25   	390.941	285.617	24.4228	1104.84 (3.8567640614093026,)
416	25   	334.279	253.637	13.669 	868.774 (3.8567640614093026,)
417	25   	448.731	420.282	24.996 	1390.51 (3.8567640614093026,)
418	25   	406.048	334.423	15.8027	1059.75 (3.8567640614093026,)
419	25   	400.857	314.108	72.1863	1186.84 (3.8567640614093026,)
420	25   	399.624	348.758	24.3736	1440.73 (3.8567640614093026,)
421	25   	363.32 	292.679	39.5992	944.676 (3.8567640614093026,)
422	25   	542.506	390.581	25.2462	1360.76 (3.8567640614093026,)
423	25   	369.628	344.271	23.1654	1427.43 (3.8567640614093026,)
424	25   	526.427	380.24 	31.9728	1515.93 (3.8567640614093026,)
425	25   	495.023	364.995	36.3522	1376.11 (3.8567640614093026,)
426	25   	418.346	315.738	8.27453	1365.91 (3.8567640614093026,)
427	25   	356.847	299.105	30.3347	1199.55 (3.8567640614093026,)
428	25   	389.472	390.69 	14.6677	1305.57 (3.8567640614093026,)
429	25   	233.766	235.847	17.892 	776.786 (3.8567640614093026,)
430	25   	449.042	387.931	5.20966	1439.18 (3.8567640614093026,)
431	25   	420.472	309.26 	25.0664	1160.64 (3.8567640614093026,)
432	25   	463.771	391.369	21.1681	1495.1  (3.8567640614093026,)
433	25   	351.816	306.443	11.1479	1209.39 (3.8567640614093026,)
434	25   	419.109	314.55 	26.915 	1096.3  (3.8567640614093026,)
435	25   	377.14 	301.098	22.3892	1069.83 (3.8567640614093026,)
436	25   	406.694	323.266	12.7497	1079.34 (3.8567640614093026,)
437	25   	504.577	391.761	36.296 	1392.89 (3.8567640614093026,)
438	25   	407.089	359.663	22.6737	1092.18 (3.8567640614093026,)
439	25   	369.168	373.305	16.8123	1230.22 (3.8567640614093026,)
440	25   	368.714	303.245	24.2803	1114.87 (3.8567640614093026,)
441	25   	315.77 	294.751	25.7908	1039.06 (3.8567640614093026,)
442	25   	345.395	223.486	32.5321	835.554 (3.8567640614093026,)
443	25   	349.331	298.325	11.1707	1098.31 (3.8567640614093026,)
444	25   	356.178	284.247	21.0533	1086.06 (3.8567640614093026,)
445	25   	403.711	317.909	31.4535	1358.89 (3.8567640614093026,)
446	25   	300.241	210.255	9.38061	836.827 (3.8567640614093026,)
447	25   	367.935	279.918	35.0221	1126.72 (3.8567640614093026,)
448	25   	273.004	293.568	47.4717	1399.09 (3.8567640614093026,)
449	25   	243.212	198.136	29.2195	807.848 (3.8567640614093026,)
450	25   	341.299	355.605	54.1086	1388.17 (3.8567640614093026,)
451	25   	278.742	233.683	7.77829	858.299 (3.8567640614093026,)
452	25   	384.753	402.801	28.3183	1448.99 (3.8567640614093026,)
453	25   	320.217	275.33 	31.27  	1296.54 (3.8567640614093026,)
454	25   	390.829	356.404	22.5749	1307.47 (3.8567640614093026,)
455	25   	271.784	191.337	5.89278	740.688 (3.8567640614093026,)
456	25   	408.348	342.579	29.902 	1365.4  (3.8567640614093026,)
457	25   	317.136	267.717	18.5348	1330.29 (3.8567640614093026,)
458	25   	282.866	262.003	18.3117	1137.74 (3.8567640614093026,)
459	25   	333.834	234.814	17.7259	867.209 (3.8567640614093026,)
460	25   	238.252	218.187	15.9092	739.147 (3.8567640614093026,)
461	25   	334.893	311.095	17.9109	1250.42 (3.8567640614093026,)
462	25   	412.143	361.456	29.1133	1580.39 (3.8567640614093026,)
463	25   	349.295	282.796	9.40376	1314.45 (3.8567640614093026,)
464	25   	416.054	374.403	13.5185	1590.63 (3.8567640614093026,)
465	25   	270.548	224.541	26.6183	780.438 (3.8567640614093026,)
466	25   	393.472	368.396	20.6675	1595.1  (3.8567640614093026,)
467	25   	354.355	263.635	26.579 	954.79  (3.8567640614093026,)
468	25   	379.046	378.613	27.1168	1583.65 (3.8567640614093026,)
469	25   	389.865	308.785	7.47962	1010.8  (3.8567640614093026,)
470	25   	268.845	254.522	13.4781	980.143 (3.8567640614093026,)
471	25   	384.68 	326.535	10.7208	1146.47 (3.8567640614093026,)
472	25   	364.862	288.857	13.2084	1363.21 (3.8567640614093026,)
473	25   	350.983	297.606	23.6981	1217.87 (3.8567640614093026,)
474	25   	354.104	294.628	19.9641	1323.59 (3.8567640614093026,)
475	25   	322.323	326.22 	14.9496	1161.6  (3.8567640614093026,)
476	25   	498.243	426.234	23.0206	1584.03 (3.8567640614093026,)
477	25   	355.723	325.193	18.6178	1269.28 (3.8567640614093026,)
478	25   	418.48 	357.988	23.2842	1444.56 (3.8567640614093026,)
479	25   	321.968	317.064	21.0328	1213.98 (3.8567640614093026,)
480	25   	241.659	296.767	21.7668	1394.16 (3.8567640614093026,)
481	25   	440.745	226.864	89.357 	853.217 (3.8567640614093026,)
482	25   	315.526	222.641	19.0646	797.486 (3.8567640614093026,)
483	25   	331.766	278.772	28.7047	1316.02 (3.8567640614093026,)
484	25   	377.121	301.888	13.4885	1047.46 (3.8567640614093026,)
485	25   	375.193	364.067	32.3654	1485.63 (3.8567640614093026,)
486	25   	340.263	353.104	4.23891	1349.51 (3.8567640614093026,)
487	25   	413.814	369.245	16.9914	1439.04 (3.8567640614093026,)
488	25   	362.314	282.217	81.5314	1311.59 (3.8567640614093026,)
489	25   	285.469	281.303	12.1723	1002.01 (3.8567640614093026,)
490	25   	352.766	380.954	27.5332	1438.4  (3.8567640614093026,)
491	25   	419.812	312.843	13.044 	1226.33 (3.8567640614093026,)
492	25   	349.483	247.783	29.0226	927.51  (3.8567640614093026,)
493	25   	400.402	357.465	20.2666	1261.25 (3.8567640614093026,)
494	25   	302.403	238.69 	19.747 	765.212 (3.8567640614093026,)
495	25   	476.907	370.65 	35.4488	1574.27 (3.8567640614093026,)
496	25   	423.707	298.693	41.5164	1021.6  (3.8567640614093026,)
497	25   	279.605	231.126	17.755 	808.812 (3.8567640614093026,)
498	25   	234.1  	178.809	27.1612	709.398 (3.8567640614093026,)
499	25   	339.824	289.175	11.1456	972.152 (3.8567640614093026,)
