In file included from /usr/lib/python2.7/dist-packages/numpy/core/include/numpy/ndarraytypes.h:1761:0,
                 from /usr/lib/python2.7/dist-packages/numpy/core/include/numpy/ndarrayobject.h:17,
                 from /usr/lib/python2.7/dist-packages/numpy/core/include/numpy/arrayobject.h:4,
                 from /home/pinojc/.cache/scipy/python27_compiled/sc_9bade30717731f645b30a512f757f0fa4225.cpp:22:
/usr/lib/python2.7/dist-packages/numpy/core/include/numpy/npy_1_7_deprecated_api.h:15:2: warning: #warning "Using deprecated NumPy API, disable it by " "#defining NPY_NO_DEPRECATED_API NPY_1_7_API_VERSION" [-Wcpp]
 #warning "Using deprecated NumPy API, disable it by " \
  ^
gen	evals	avg              	std              	min           	max               
1  	25   	[ 55902.53452786]	[ 69061.66783768]	[ 61.54333298]	[ 166980.51590327] (61.543332984838642,)
2  	25   	[ 54375.09844406]	[ 68889.82107816]	[ 54.90172952]	[ 167229.48508517] (54.901729516371191,)
3  	25   	[ 43215.19888271]	[ 63895.46566893]	[ 42.27090543]	[ 167549.44275842] (42.270905433919253,)
4  	25   	[ 24972.90346626]	[ 48188.01602586]	[ 22.11568851]	[ 167031.66107366] (22.11568851399138,)
5  	25   	[ 15078.95336416]	[ 35600.65355208]	[ 15.82565708]	[ 167179.03837831] (15.825657084996902,)
6  	25   	[ 8127.43570072] 	[ 31449.11834587]	[ 16.96443916]	[ 161252.98367778] (15.825657084996902,)
7  	25   	[ 810.2570501]   	[ 1754.11949019] 	[ 11.77966234]	[ 6948.13148187]   (11.779662338129921,)
8  	25   	[ 174.22421509]  	[ 320.20001632]  	[ 11.22239837]	[ 1409.43599384]   (11.222398371133304,)
9  	25   	[ 82.95306303]   	[ 114.41236441]  	[ 10.10218366]	[ 468.63243184]    (10.10218365949348,)
10 	25   	[ 49.14360281]   	[ 48.20196064]   	[ 12.01913721]	[ 182.73310934]    (10.10218365949348,)
11 	25   	[ 28.35718391]   	[ 12.42083903]   	[ 9.08902359] 	[ 62.07945554]     (9.0890235913493456,)
12 	25   	[ 22.90737458]   	[ 8.85184966]    	[ 12.05990847]	[ 44.67206103]     (9.0890235913493456,)
13 	25   	[ 18.92420358]   	[ 5.70490673]    	[ 10.82635369]	[ 29.50865067]     (9.0890235913493456,)
14 	25   	[ 16.98717296]   	[ 4.75981499]    	[ 11.03162844]	[ 28.05954233]     (9.0890235913493456,)
15 	25   	[ 15.94612405]   	[ 5.02878919]    	[ 9.50158065] 	[ 28.81298244]     (9.0890235913493456,)
16 	25   	[ 14.70039649]   	[ 6.39233526]    	[ 6.54214171] 	[ 31.70854023]     (6.5421417074109485,)
17 	25   	[ 10.8139357]    	[ 4.80541464]    	[ 6.00325832] 	[ 28.02227711]     (6.0032583240410613,)
18 	25   	[ 8.38983995]    	[ 4.32770849]    	[ 4.1596974]  	[ 25.8894453]      (4.1596973965178723,)
19 	25   	[ 6.79370557]    	[ 5.91970008]    	[ 2.23428407] 	[ 29.47795486]     (2.2342840715693955,)
20 	25   	[ 5.04447686]    	[ 5.16899776]    	[ 1.49498969] 	[ 26.31115036]     (1.494989694214075,)
21 	25   	[ 4.15311915]    	[ 3.92345185]    	[ 1.20221287] 	[ 20.49440306]     (1.2022128680596849,)
22 	25   	[ 4.09802139]    	[ 3.72159897]    	[ 1.21152629] 	[ 19.15759361]     (1.2022128680596849,)
23 	25   	[ 3.3354186]     	[ 2.49615478]    	[ 1.02308757] 	[ 12.01771809]     (1.0230875655227059,)
24 	25   	[ 3.31913292]    	[ 2.41108308]    	[ 0.9939028]  	[ 10.2240763]      (0.99390279748346888,)
25 	25   	[ 2.85403749]    	[ 2.68676923]    	[ 0.92328673] 	[ 12.50008107]     (0.92328673066026623,)
26 	25   	[ 2.67788468]    	[ 2.15040814]    	[ 0.82914239] 	[ 8.28664417]      (0.82914238732661905,)
27 	25   	[ 2.49841045]    	[ 1.92470004]    	[ 0.80375992] 	[ 7.53072625]      (0.80375991728584339,)
28 	25   	[ 3.48570826]    	[ 2.44673634]    	[ 0.81336091] 	[ 9.89950099]      (0.80375991728584339,)
29 	25   	[ 2.78589696]    	[ 2.48469965]    	[ 0.834448]   	[ 10.65781473]     (0.80375991728584339,)
30 	25   	[ 3.05345236]    	[ 2.26692512]    	[ 1.00182701] 	[ 8.10686217]      (0.80375991728584339,)
31 	25   	[ 1.94824378]    	[ 0.89774505]    	[ 0.83686856] 	[ 4.22797271]      (0.80375991728584339,)
32 	25   	[ 2.91093484]    	[ 2.76488163]    	[ 0.79358959] 	[ 10.57083327]     (0.79358959177434951,)
33 	25   	[ 3.02951727]    	[ 2.33289656]    	[ 0.86901971] 	[ 10.22897322]     (0.79358959177434951,)
34 	25   	[ 2.52920596]    	[ 1.63783052]    	[ 0.83328361] 	[ 8.07987791]      (0.79358959177434951,)
35 	25   	[ 3.89203723]    	[ 2.76512387]    	[ 0.87651656] 	[ 11.85284609]     (0.79358959177434951,)
36 	25   	[ 2.87214599]    	[ 2.86046456]    	[ 0.8930928]  	[ 14.56411154]     (0.79358959177434951,)
37 	25   	[ 4.27584995]    	[ 4.01548848]    	[ 0.88825071] 	[ 16.20421975]     (0.79358959177434951,)
38 	25   	[ 3.03815993]    	[ 2.20727791]    	[ 0.85175989] 	[ 7.71413028]      (0.79358959177434951,)
39 	25   	[ 3.28482439]    	[ 3.73692454]    	[ 0.78654138] 	[ 14.39590837]     (0.7865413780982754,)
40 	25   	[ 2.93859928]    	[ 2.3655795]     	[ 0.8695109]  	[ 8.79425161]      (0.7865413780982754,)
41 	25   	[ 2.55723329]    	[ 2.80246016]    	[ 0.72741365] 	[ 14.3191801]      (0.72741364951124599,)
42 	25   	[ 3.15641531]    	[ 3.04098274]    	[ 0.92690063] 	[ 16.00035031]     (0.72741364951124599,)
43 	25   	[ 2.82867248]    	[ 2.46301503]    	[ 0.73982722] 	[ 11.97810313]     (0.72741364951124599,)
44 	25   	[ 3.43393282]    	[ 2.24376792]    	[ 0.70188813] 	[ 7.43632722]      (0.70188813330092825,)
45 	25   	[ 1.95473881]    	[ 1.4783413]     	[ 0.76535845] 	[ 5.72613289]      (0.70188813330092825,)
46 	25   	[ 2.992103]      	[ 2.0741439]     	[ 0.76015833] 	[ 9.51354691]      (0.70188813330092825,)
47 	25   	[ 2.78056688]    	[ 2.37702569]    	[ 0.69966975] 	[ 9.12695004]      (0.69966974549058214,)
48 	25   	[ 3.30628843]    	[ 2.70057671]    	[ 0.72757156] 	[ 9.44615179]      (0.69966974549058214,)
49 	25   	[ 3.23922716]    	[ 2.78559207]    	[ 0.74330017] 	[ 11.10581204]     (0.69966974549058214,)
50 	25   	[ 2.55021058]    	[ 1.33095671]    	[ 0.74926256] 	[ 5.92394914]      (0.69966974549058214,)
51 	25   	[ 2.85274834]    	[ 2.58517583]    	[ 0.59757256] 	[ 10.30604121]     (0.59757256159314653,)
52 	25   	[ 3.0808431]     	[ 2.30832269]    	[ 0.90370143] 	[ 9.46756721]      (0.59757256159314653,)
53 	25   	[ 3.56526007]    	[ 4.8057441]     	[ 0.58527226] 	[ 19.39534094]     (0.58527226032977686,)
54 	25   	[ 2.78209182]    	[ 3.66033215]    	[ 0.53260661] 	[ 19.07856164]     (0.53260661036827184,)
55 	25   	[ 5.27249168]    	[ 11.96699358]   	[ 0.50387295] 	[ 62.41999706]     (0.50387294824627238,)
56 	25   	[ 2.70376841]    	[ 2.00856133]    	[ 0.56040462] 	[ 7.35260146]      (0.50387294824627238,)
57 	25   	[ 2.91837295]    	[ 2.95537228]    	[ 0.55179543] 	[ 11.34963788]     (0.50387294824627238,)
58 	25   	[ 2.51515263]    	[ 2.62582942]    	[ 0.45590677] 	[ 9.18653381]      (0.45590677351573972,)
59 	25   	[ 4.86636748]    	[ 5.49985839]    	[ 0.60210302] 	[ 26.6309843]      (0.45590677351573972,)
60 	25   	[ 2.52126743]    	[ 1.61011367]    	[ 0.60696305] 	[ 6.33245877]      (0.45590677351573972,)
61 	25   	[ 4.88383812]    	[ 10.1507441]    	[ 0.67162973] 	[ 52.14340869]     (0.45590677351573972,)
62 	25   	[ 2.24919126]    	[ 1.92343087]    	[ 0.55379738] 	[ 7.39549842]      (0.45590677351573972,)
63 	25   	[ 2.81689544]    	[ 2.85923991]    	[ 0.51673994] 	[ 13.3314456]      (0.45590677351573972,)
64 	25   	[ 6.3044218]     	[ 10.83621015]   	[ 0.57952958] 	[ 44.85096059]     (0.45590677351573972,)
65 	25   	[ 4.70312718]    	[ 6.27214883]    	[ 0.53772968] 	[ 30.96914273]     (0.45590677351573972,)
66 	25   	[ 5.12841886]    	[ 7.26875238]    	[ 0.52299367] 	[ 30.28340073]     (0.45590677351573972,)
67 	25   	[ 4.29370805]    	[ 5.87974366]    	[ 0.55522883] 	[ 28.7070323]      (0.45590677351573972,)
68 	25   	[ 3.83679279]    	[ 3.44575305]    	[ 0.58125097] 	[ 10.32653451]     (0.45590677351573972,)
69 	25   	[ 3.2400345]     	[ 2.87857002]    	[ 0.47001951] 	[ 10.89361435]     (0.45590677351573972,)
70 	25   	[ 4.24983352]    	[ 6.2503489]     	[ 0.48353632] 	[ 29.46130012]     (0.45590677351573972,)
71 	25   	[ 5.28825286]    	[ 8.57884176]    	[ 0.57221723] 	[ 43.56234029]     (0.45590677351573972,)
72 	25   	[ 5.40108977]    	[ 9.52898726]    	[ 0.73026247] 	[ 45.45608724]     (0.45590677351573972,)
73 	25   	[ 3.26825715]    	[ 3.35837574]    	[ 0.5210825]  	[ 13.01734146]     (0.45590677351573972,)
74 	25   	[ 4.89297382]    	[ 4.47707558]    	[ 0.53321964] 	[ 19.51427342]     (0.45590677351573972,)
75 	25   	[ 8.52410069]    	[ 12.89754937]   	[ 0.5430655]  	[ 50.56255968]     (0.45590677351573972,)
76 	25   	[ 4.79336956]    	[ 3.33839005]    	[ 0.65465345] 	[ 15.09676458]     (0.45590677351573972,)
77 	25   	[ 4.52388325]    	[ 6.00606928]    	[ 0.53414963] 	[ 27.04659208]     (0.45590677351573972,)
78 	25   	[ 3.38696638]    	[ 4.2422213]     	[ 0.33942574] 	[ 20.04532993]     (0.33942574361890748,)
79 	25   	[ 4.74285231]    	[ 5.05660926]    	[ 0.60041888] 	[ 19.03505351]     (0.33942574361890748,)
80 	25   	[ 4.17122778]    	[ 2.94913371]    	[ 0.46421199] 	[ 11.57064035]     (0.33942574361890748,)
81 	25   	[ 3.78613383]    	[ 3.70101094]    	[ 0.41105148] 	[ 13.57704946]     (0.33942574361890748,)
82 	25   	[ 5.11400011]    	[ 5.20965322]    	[ 0.33971688] 	[ 22.22090729]     (0.33942574361890748,)
83 	25   	[ 3.95873072]    	[ 5.81098559]    	[ 0.38144356] 	[ 23.04205352]     (0.33942574361890748,)
84 	25   	[ 4.73249517]    	[ 5.31873483]    	[ 0.43811656] 	[ 22.47701588]     (0.33942574361890748,)
85 	25   	[ 5.32813214]    	[ 6.14753718]    	[ 0.69401492] 	[ 27.08196495]     (0.33942574361890748,)
86 	25   	[ 3.76243555]    	[ 3.52897262]    	[ 0.49647872] 	[ 14.53172449]     (0.33942574361890748,)
87 	25   	[ 6.18966089]    	[ 8.52766087]    	[ 0.49505548] 	[ 38.60654395]     (0.33942574361890748,)
88 	25   	[ 4.61805406]    	[ 5.48879136]    	[ 0.48715979] 	[ 21.81998434]     (0.33942574361890748,)
89 	25   	[ 4.69419055]    	[ 11.00936944]   	[ 0.36774878] 	[ 58.02857001]     (0.33942574361890748,)
90 	25   	[ 4.06607657]    	[ 4.8553022]     	[ 0.49408743] 	[ 23.40451431]     (0.33942574361890748,)
91 	25   	[ 5.61990802]    	[ 6.31805409]    	[ 0.53513554] 	[ 31.6638233]      (0.33942574361890748,)
92 	25   	[ 2.5374694]     	[ 3.24371516]    	[ 0.35143174] 	[ 13.26947426]     (0.33942574361890748,)
93 	25   	[ 3.30343418]    	[ 2.80777816]    	[ 0.4313897]  	[ 10.96802813]     (0.33942574361890748,)
94 	25   	[ 3.17328831]    	[ 4.61959864]    	[ 0.33261154] 	[ 24.3079068]      (0.33261153770226604,)
95 	25   	[ 5.2951363]     	[ 8.96256013]    	[ 0.35830556] 	[ 46.23803205]     (0.33261153770226604,)
96 	25   	[ 5.21850685]    	[ 7.89290241]    	[ 0.34372611] 	[ 38.59243552]     (0.33261153770226604,)
97 	25   	[ 4.90962026]    	[ 7.82517282]    	[ 0.28095108] 	[ 30.59632881]     (0.28095107974837935,)
98 	25   	[ 2.73613146]    	[ 2.22003872]    	[ 0.34911602] 	[ 8.46340497]      (0.28095107974837935,)
99 	25   	[ 4.436679]      	[ 8.78392285]    	[ 0.23576496] 	[ 44.92716488]     (0.23576496025920241,)
100	25   	[ 8.55409769]    	[ 12.31198943]   	[ 0.31101935] 	[ 53.19710471]     (0.23576496025920241,)
