In file included from /usr/lib/python2.7/dist-packages/numpy/core/include/numpy/ndarraytypes.h:1761:0,
                 from /usr/lib/python2.7/dist-packages/numpy/core/include/numpy/ndarrayobject.h:17,
                 from /usr/lib/python2.7/dist-packages/numpy/core/include/numpy/arrayobject.h:4,
                 from /home/pinojc/.cache/scipy/python27_compiled/sc_9bade30717731f645b30a512f757f0fa4251.cpp:22:
/usr/lib/python2.7/dist-packages/numpy/core/include/numpy/npy_1_7_deprecated_api.h:15:2: warning: #warning "Using deprecated NumPy API, disable it by " "#defining NPY_NO_DEPRECATED_API NPY_1_7_API_VERSION" [-Wcpp]
 #warning "Using deprecated NumPy API, disable it by " \
  ^
gen	evals	avg              	std              	min           	max               
1  	25   	[ 79614.31242236]	[ 72002.76124872]	[ 31.89066554]	[ 167009.35076855] (31.890665543566591,)
2  	25   	[ 63151.7410379] 	[ 65283.61612864]	[ 21.93212091]	[ 167020.83685133] (21.932120909619876,)
3  	25   	[ 45148.74739782]	[ 56173.43010372]	[ 19.01594662]	[ 165592.76473872] (19.015946616077763,)
4  	25   	[ 30566.88834467]	[ 46090.44490308]	[ 13.82800067]	[ 160115.67677762] (13.828000671495143,)
5  	25   	[ 18718.17261789]	[ 34028.43924179]	[ 14.74970778]	[ 140471.28470951] (13.828000671495143,)
6  	25   	[ 9728.36887131] 	[ 21746.02745704]	[ 7.75939937] 	[ 87591.30748247]  (7.7593993706434388,)
7  	25   	[ 4336.79333103] 	[ 11964.45753624]	[ 4.18021132] 	[ 55019.26426445]  (4.1802113151771607,)
8  	25   	[ 999.97629314]  	[ 2901.36319721] 	[ 2.27838444] 	[ 13952.89665882]  (2.2783844390379082,)
9  	25   	[ 160.49540148]  	[ 318.47825044]  	[ 3.01824108] 	[ 1417.61965868]   (2.2783844390379082,)
10 	25   	[ 70.74476073]   	[ 131.91194804]  	[ 3.94273517] 	[ 698.4568533]     (2.2783844390379082,)
11 	25   	[ 6716.50703307] 	[ 32693.34463287]	[ 3.63167273] 	[ 166880.26665417] (2.2783844390379082,)
12 	25   	[ 28.94084324]   	[ 26.31472242]   	[ 2.60107366] 	[ 90.88229229]     (2.2783844390379082,)
13 	25   	[ 19.50588881]   	[ 22.33218949]   	[ 3.62145417] 	[ 114.92707765]    (2.2783844390379082,)
14 	25   	[ 20.46523374]   	[ 24.33120028]   	[ 1.84983959] 	[ 117.82735187]    (1.8498395887726642,)
15 	25   	[ 24.4188514]    	[ 41.91647904]   	[ 1.62110927] 	[ 186.86952962]    (1.6211092710091268,)
16 	25   	[ 17.07552379]   	[ 21.35031931]   	[ 1.27636289] 	[ 77.90515665]     (1.27636288715954,)
17 	25   	[ 11.00975739]   	[ 12.62476646]   	[ 0.93991479] 	[ 51.07453507]     (0.93991478562264308,)
18 	25   	[ 8.16498297]    	[ 11.33475054]   	[ 0.52014]    	[ 36.97725135]     (0.52014000166666674,)
19 	25   	[ 9.85037022]    	[ 15.70149868]   	[ 0.53724656] 	[ 65.33043353]     (0.52014000166666674,)
20 	25   	[ 4011.05244144] 	[ 19593.66944763]	[ 1.05090902] 	[ 100000.]         (0.52014000166666674,)
21 	25   	[ 13.20387612]   	[ 22.73683823]   	[ 0.33698065] 	[ 94.92135334]     (0.33698065329647064,)
22 	25   	[ 9.41490135]    	[ 13.28345284]   	[ 0.48173052] 	[ 53.11781626]     (0.33698065329647064,)
23 	25   	[ 7.60175116]    	[ 10.78735886]   	[ 0.4254949]  	[ 44.51048532]     (0.33698065329647064,)
24 	25   	[ 10.78504066]   	[ 15.47833308]   	[ 0.45522293] 	[ 70.00175851]     (0.33698065329647064,)
25 	25   	[ 8.75167275]    	[ 13.58077482]   	[ 0.41227577] 	[ 63.71235692]     (0.33698065329647064,)
26 	25   	[ 6.07888527]    	[ 7.02257554]    	[ 0.47983525] 	[ 28.20484744]     (0.33698065329647064,)
27 	25   	[ 6.04406942]    	[ 9.20754076]    	[ 0.35303427] 	[ 43.15051128]     (0.33698065329647064,)
28 	25   	[ 5.00892109]    	[ 7.56260325]    	[ 0.53862695] 	[ 38.22283681]     (0.33698065329647064,)
29 	25   	[ 5.58709125]    	[ 9.86115604]    	[ 0.52948381] 	[ 44.83842167]     (0.33698065329647064,)
30 	25   	[ 6.07566569]    	[ 8.40603144]    	[ 0.28813388] 	[ 36.25109327]     (0.28813387639918042,)
31 	25   	[ 4.88321464]    	[ 8.5042231]     	[ 0.35179425] 	[ 44.18681128]     (0.28813387639918042,)
32 	25   	[ 4005.3353554]  	[ 19594.83096548]	[ 0.35484485] 	[ 100000.]         (0.28813387639918042,)
33 	25   	[ 4005.26586841] 	[ 19594.84498973]	[ 0.48321889] 	[ 100000.]         (0.28813387639918042,)
34 	25   	[ 5.12686576]    	[ 7.64420012]    	[ 0.46713011] 	[ 40.8532672]      (0.28813387639918042,)
35 	25   	[ 5.96410874]    	[ 7.85463868]    	[ 0.50185938] 	[ 38.65749927]     (0.28813387639918042,)
36 	25   	[ 4.14998392]    	[ 7.57718375]    	[ 0.44695117] 	[ 39.28122517]     (0.28813387639918042,)
37 	25   	[ 4.91358928]    	[ 7.41666685]    	[ 0.26285799] 	[ 37.04650346]     (0.262857993393319,)
38 	25   	[ 5.89627521]    	[ 7.80454297]    	[ 0.55771418] 	[ 35.90544199]     (0.262857993393319,)
39 	25   	[ 4003.46061413] 	[ 19595.21277693]	[ 0.25544831] 	[ 100000.]         (0.25544830960555676,)
40 	25   	[ 5.07870611]    	[ 7.65838041]    	[ 0.20317285] 	[ 37.39748637]     (0.20317284758080092,)
41 	25   	[ 4.29598959]    	[ 8.2511826]     	[ 0.26044649] 	[ 43.03217287]     (0.20317284758080092,)
42 	25   	[ 4.05397484]    	[ 7.80571734]    	[ 0.14888039] 	[ 40.16879529]     (0.1488803916594629,)
43 	25   	[ 4004.04281416] 	[ 19595.09418284]	[ 0.23780028] 	[ 100000.]         (0.1488803916594629,)
44 	25   	[ 4004.35003713] 	[ 19595.0320201] 	[ 0.15971915] 	[ 100000.]         (0.1488803916594629,)
45 	25   	[ 3.66804114]    	[ 7.84495886]    	[ 0.21842312] 	[ 40.56412094]     (0.1488803916594629,)
46 	25   	[ 5.10022173]    	[ 9.73124789]    	[ 0.22200151] 	[ 50.04949749]     (0.1488803916594629,)
47 	25   	[ 5.70048954]    	[ 7.37406735]    	[ 0.24408467] 	[ 35.73971438]     (0.1488803916594629,)
48 	25   	[ 5.52265841]    	[ 8.41896117]    	[ 0.19247572] 	[ 41.88300858]     (0.1488803916594629,)
49 	25   	[ 5.55509248]    	[ 9.5646553]     	[ 0.33086295] 	[ 43.70385817]     (0.1488803916594629,)
50 	25   	[ 5.22229544]    	[ 11.1445427]    	[ 0.24363759] 	[ 57.89757519]     (0.1488803916594629,)
51 	25   	[ 4.8521091]     	[ 7.02445581]    	[ 0.15230952] 	[ 33.07851007]     (0.1488803916594629,)
52 	25   	[ 4.71828517]    	[ 7.38328993]    	[ 0.11601436] 	[ 33.92259292]     (0.11601435526521323,)
53 	25   	[ 3.35931837]    	[ 6.76372514]    	[ 0.2113854]  	[ 34.81994794]     (0.11601435526521323,)
54 	25   	[ 4.33415576]    	[ 6.78197357]    	[ 0.14501932] 	[ 32.37159622]     (0.11601435526521323,)
55 	25   	[ 3.96250609]    	[ 7.9715076]     	[ 0.09046166] 	[ 38.31674801]     (0.090461658229615979,)
56 	25   	[ 4.36558068]    	[ 9.59213077]    	[ 0.19771844] 	[ 48.5563653]      (0.090461658229615979,)
57 	25   	[ 8003.56597212] 	[ 27128.26934472]	[ 0.16976324] 	[ 100000.]         (0.090461658229615979,)
58 	25   	[ 5.68096807]    	[ 8.5427818]     	[ 0.20679733] 	[ 36.80160639]     (0.090461658229615979,)
59 	25   	[ 5.01004482]    	[ 8.14283891]    	[ 0.23276508] 	[ 36.38620776]     (0.090461658229615979,)
60 	25   	[ 4005.56692224] 	[ 19594.78353359]	[ 0.2823421]  	[ 100000.]         (0.090461658229615979,)
61 	25   	[ 4.36614145]    	[ 7.14089165]    	[ 0.23555751] 	[ 37.47334045]     (0.090461658229615979,)
62 	25   	[ 4.75261998]    	[ 8.03792522]    	[ 0.17415365] 	[ 39.9760015]      (0.090461658229615979,)
63 	25   	[ 3.59611572]    	[ 6.36226573]    	[ 0.14424017] 	[ 32.82520793]     (0.090461658229615979,)
64 	25   	[ 4.90516663]    	[ 7.24627562]    	[ 0.23387978] 	[ 29.76350697]     (0.090461658229615979,)
65 	25   	[ 5.95857654]    	[ 11.91062384]   	[ 0.17777395] 	[ 61.62198809]     (0.090461658229615979,)
66 	25   	[ 5.12914047]    	[ 9.62563998]    	[ 0.1816107]  	[ 50.71108407]     (0.090461658229615979,)
67 	25   	[ 4.05121095]    	[ 4.76934087]    	[ 0.2740777]  	[ 17.62308337]     (0.090461658229615979,)
68 	25   	[ 4.11896039]    	[ 5.40890548]    	[ 0.11237321] 	[ 21.80503604]     (0.090461658229615979,)
69 	25   	[ 4003.41123267] 	[ 19595.22212116]	[ 0.13456713] 	[ 100000.]         (0.090461658229615979,)
70 	25   	[ 3.12176314]    	[ 2.59671092]    	[ 0.18217815] 	[ 9.98343321]      (0.090461658229615979,)
71 	25   	[ 2.21095528]    	[ 1.98060626]    	[ 0.21551518] 	[ 8.83573504]      (0.090461658229615979,)
72 	25   	[ 3.84703574]    	[ 4.19333844]    	[ 0.1863578]  	[ 16.7734041]      (0.090461658229615979,)
73 	25   	[ 3.08458312]    	[ 3.5283484]     	[ 0.0930087]  	[ 15.74342235]     (0.090461658229615979,)
74 	25   	[ 3.65043035]    	[ 3.25533089]    	[ 0.55209282] 	[ 12.56179406]     (0.090461658229615979,)
75 	25   	[ 3.20437525]    	[ 3.19782543]    	[ 0.18406519] 	[ 11.64641756]     (0.090461658229615979,)
76 	25   	[ 3.36626047]    	[ 3.2637369]     	[ 0.27978549] 	[ 11.05014939]     (0.090461658229615979,)
77 	25   	[ 4.24202022]    	[ 6.68643163]    	[ 0.12009352] 	[ 30.12433015]     (0.090461658229615979,)
78 	25   	[ 3.72418128]    	[ 4.31603115]    	[ 0.12511412] 	[ 16.36777417]     (0.090461658229615979,)
79 	25   	[ 2.27373126]    	[ 3.28190968]    	[ 0.24495961] 	[ 12.73798198]     (0.090461658229615979,)
80 	25   	[ 3.58537197]    	[ 3.41865447]    	[ 0.25055153] 	[ 13.56351107]     (0.090461658229615979,)
81 	25   	[ 3.01505126]    	[ 3.13602899]    	[ 0.11813734] 	[ 11.55837147]     (0.090461658229615979,)
82 	25   	[ 3.0457612]     	[ 2.25720171]    	[ 0.21654887] 	[ 8.92019145]      (0.090461658229615979,)
83 	25   	[ 3.40013549]    	[ 3.97161799]    	[ 0.16874574] 	[ 17.41502849]     (0.090461658229615979,)
84 	25   	[ 4.97921391]    	[ 5.01032602]    	[ 0.28147521] 	[ 19.87401949]     (0.090461658229615979,)
85 	25   	[ 3.08348001]    	[ 2.81002726]    	[ 0.26328302] 	[ 11.07564514]     (0.090461658229615979,)
86 	25   	[ 2.85356705]    	[ 2.40341673]    	[ 0.35851047] 	[ 9.71832058]      (0.090461658229615979,)
87 	25   	[ 4002.86478353] 	[ 19595.33344094]	[ 0.28017214] 	[ 100000.]         (0.090461658229615979,)
88 	25   	[ 4.34721567]    	[ 5.50530708]    	[ 0.09472155] 	[ 24.53932088]     (0.090461658229615979,)
89 	25   	[ 4003.03238861] 	[ 19595.29927285]	[ 0.15435445] 	[ 100000.]         (0.090461658229615979,)
90 	25   	[ 2.76166014]    	[ 2.5388692]     	[ 0.33741763] 	[ 10.18048041]     (0.090461658229615979,)
91 	25   	[ 2.51130565]    	[ 2.85801412]    	[ 0.23663082] 	[ 12.21148385]     (0.090461658229615979,)
92 	25   	[ 2.43436388]    	[ 2.48063833]    	[ 0.10066863] 	[ 9.1606035]       (0.090461658229615979,)
93 	25   	[ 3.10382759]    	[ 3.86829555]    	[ 0.1976845]  	[ 19.11450154]     (0.090461658229615979,)
94 	25   	[ 2.90491167]    	[ 3.97047787]    	[ 0.11240775] 	[ 19.83952785]     (0.090461658229615979,)
95 	25   	[ 3.31490084]    	[ 3.99123489]    	[ 0.29790485] 	[ 15.78605231]     (0.090461658229615979,)
96 	25   	[ 1.94925181]    	[ 2.54168675]    	[ 0.12494237] 	[ 12.31059813]     (0.090461658229615979,)
97 	25   	[ 1.95198578]    	[ 1.89309321]    	[ 0.1485504]  	[ 8.33986584]      (0.090461658229615979,)
98 	25   	[ 2.72335751]    	[ 2.01027204]    	[ 0.18449905] 	[ 6.48212341]      (0.090461658229615979,)
99 	25   	[ 2.98851719]    	[ 4.35327632]    	[ 0.12183022] 	[ 20.0398574]      (0.090461658229615979,)
100	25   	[ 2.86516196]    	[ 3.81205814]    	[ 0.19624905] 	[ 15.44886214]     (0.090461658229615979,)
