In file included from /usr/lib/python2.7/dist-packages/numpy/core/include/numpy/ndarraytypes.h:1761:0,
                 from /usr/lib/python2.7/dist-packages/numpy/core/include/numpy/ndarrayobject.h:17,
                 from /usr/lib/python2.7/dist-packages/numpy/core/include/numpy/arrayobject.h:4,
                 from /home/pinojc/.cache/scipy/python27_compiled/sc_9bade30717731f645b30a512f757f0fa4261.cpp:22:
/usr/lib/python2.7/dist-packages/numpy/core/include/numpy/npy_1_7_deprecated_api.h:15:2: warning: #warning "Using deprecated NumPy API, disable it by " "#defining NPY_NO_DEPRECATED_API NPY_1_7_API_VERSION" [-Wcpp]
 #warning "Using deprecated NumPy API, disable it by " \
  ^
gen	evals	avg             	std              	min           	max               
1  	25   	[ 34310.5883067]	[ 60552.72582523]	[ 15.07147808]	[ 166782.23668666] (15.071478084172362,)
2  	25   	[ 30865.57271226]	[ 52708.24191527]	[ 15.4303912] 	[ 166757.00760905] (15.071478084172362,)
3  	25   	[ 18789.50157723]	[ 34877.36948113]	[ 12.15387579]	[ 115137.52645541] (12.153875793039111,)
4  	25   	[ 3576.03090769] 	[ 8492.70482853] 	[ 6.84963812] 	[ 36277.69551189]  (6.849638120983319,)
5  	25   	[ 2045.53025505] 	[ 5202.09934287] 	[ 7.55309413] 	[ 21013.89425244]  (6.849638120983319,)
6  	25   	[ 1260.72572447] 	[ 3551.36717634] 	[ 8.0678015]  	[ 16310.64183994]  (6.849638120983319,)
7  	25   	[ 660.16948769]  	[ 2011.59827365] 	[ 7.2125724]  	[ 9967.38634845]   (6.849638120983319,)
8  	25   	[ 251.20378412]  	[ 664.70462676]  	[ 4.54737815] 	[ 3362.67012437]   (4.5473781458021847,)
9  	25   	[ 90.76893121]   	[ 115.98673899]  	[ 3.99842308] 	[ 473.98404966]    (3.9984230846556215,)
10 	25   	[ 47.06975404]   	[ 42.6550559]    	[ 2.42322359] 	[ 179.21332088]    (2.4232235853681292,)
11 	25   	[ 31.1862881]    	[ 33.83132406]   	[ 2.18858704] 	[ 138.67743887]    (2.1885870447856868,)
12 	25   	[ 21.11670578]   	[ 23.55437134]   	[ 1.87758808] 	[ 107.29010576]    (1.8775880776260261,)
13 	25   	[ 24.51418469]   	[ 40.53176817]   	[ 2.5042465]  	[ 189.44891395]    (1.8775880776260261,)
14 	25   	[ 21.93011867]   	[ 32.10915783]   	[ 2.40087888] 	[ 150.41012143]    (1.8775880776260261,)
15 	25   	[ 17.17684233]   	[ 25.32074267]   	[ 1.90821063] 	[ 125.5460136]     (1.8775880776260261,)
16 	25   	[ 13.34683413]   	[ 20.64917749]   	[ 2.30691917] 	[ 76.96121743]     (1.8775880776260261,)
17 	25   	[ 10.55848413]   	[ 17.52569052]   	[ 1.48677965] 	[ 80.53430958]     (1.4867796535456241,)
18 	25   	[ 12.11415299]   	[ 19.95535707]   	[ 1.72587788] 	[ 87.820988]       (1.4867796535456241,)
19 	25   	[ 11.56042671]   	[ 22.32367205]   	[ 0.90986563] 	[ 97.71081142]     (0.90986563009654087,)
20 	25   	[ 10.21341307]   	[ 21.17773479]   	[ 0.6759152]  	[ 90.9621053]      (0.67591520087626478,)
21 	25   	[ 8.98180471]    	[ 22.41469473]   	[ 0.84902429] 	[ 112.05192446]    (0.67591520087626478,)
22 	25   	[ 6.87787735]    	[ 14.33567607]   	[ 0.67791397] 	[ 68.84628619]     (0.67591520087626478,)
23 	25   	[ 11.27250991]   	[ 23.32958938]   	[ 0.87826769] 	[ 101.72977108]    (0.67591520087626478,)
24 	25   	[ 22.0299839]    	[ 82.75205185]   	[ 0.78104932] 	[ 424.19121677]    (0.67591520087626478,)
25 	25   	[ 22.02479768]   	[ 77.77005696]   	[ 0.62003428] 	[ 393.38112704]    (0.62003428424248863,)
26 	25   	[ 17.49146733]   	[ 50.9936514]    	[ 0.79126786] 	[ 224.02764641]    (0.62003428424248863,)
27 	25   	[ 11.21630253]   	[ 32.5714981]    	[ 0.5625993]  	[ 164.33181502]    (0.56259930140055248,)
28 	25   	[ 9.58040597]    	[ 26.39305164]   	[ 0.65167125] 	[ 126.49745747]    (0.56259930140055248,)
29 	25   	[ 10.09519552]   	[ 27.31590043]   	[ 0.7960646]  	[ 113.67981641]    (0.56259930140055248,)
30 	25   	[ 6.92637171]    	[ 16.21148298]   	[ 0.55743368] 	[ 61.77870365]     (0.5574336755885767,)
31 	25   	[ 7.03245743]    	[ 13.80162172]   	[ 0.73725156] 	[ 61.50590944]     (0.5574336755885767,)
32 	25   	[ 12.89727718]   	[ 41.17308176]   	[ 0.67648445] 	[ 213.15861945]    (0.5574336755885767,)
33 	25   	[ 11.90447446]   	[ 31.56315655]   	[ 0.52392526] 	[ 126.75827798]    (0.52392526045406329,)
34 	25   	[ 9.2237638]     	[ 25.56238102]   	[ 0.49595297] 	[ 114.37676854]    (0.49595296862440597,)
35 	25   	[ 8.82447294]    	[ 23.54069582]   	[ 0.45208333] 	[ 106.79203476]    (0.45208333180455906,)
36 	25   	[ 8.16628624]    	[ 18.4488478]    	[ 0.58656124] 	[ 82.33088338]     (0.45208333180455906,)
37 	25   	[ 8.98007418]    	[ 21.5456387]    	[ 0.57427619] 	[ 97.06013213]     (0.45208333180455906,)
38 	25   	[ 11.66795247]   	[ 34.64137165]   	[ 0.68828336] 	[ 163.14018444]    (0.45208333180455906,)
39 	25   	[ 10.99628059]   	[ 30.68022187]   	[ 0.59149859] 	[ 142.9428156]     (0.45208333180455906,)
40 	25   	[ 8.52523601]    	[ 19.4837138]    	[ 0.5692105]  	[ 76.75988428]     (0.45208333180455906,)
41 	25   	[ 8.01288654]    	[ 22.6666755]    	[ 0.45277369] 	[ 112.05006116]    (0.45208333180455906,)
42 	25   	[ 12.33862997]   	[ 32.26906995]   	[ 0.4907623]  	[ 146.3966028]     (0.45208333180455906,)
43 	25   	[ 15.02316332]   	[ 44.42354714]   	[ 0.57204453] 	[ 185.57608065]    (0.45208333180455906,)
44 	25   	[ 12.21386394]   	[ 36.0352837]    	[ 0.53924016] 	[ 163.86123567]    (0.45208333180455906,)
45 	25   	[ 5.89504034]    	[ 14.88871417]   	[ 0.50097346] 	[ 74.6868813]      (0.45208333180455906,)
46 	25   	[ 10.4308607]    	[ 26.32976062]   	[ 0.50328136] 	[ 130.03018552]    (0.45208333180455906,)
47 	25   	[ 15.23250228]   	[ 54.49880876]   	[ 0.42791933] 	[ 275.4144254]     (0.42791933359259465,)
48 	25   	[ 15.57876173]   	[ 56.99302989]   	[ 0.57234897] 	[ 291.78962269]    (0.42791933359259465,)
49 	25   	[ 10.19525721]   	[ 27.44118527]   	[ 0.48943503] 	[ 107.3494226]     (0.42791933359259465,)
50 	25   	[ 10.5295625]    	[ 30.90521007]   	[ 0.54020344] 	[ 152.37395278]    (0.42791933359259465,)
51 	25   	[ 11.71518113]   	[ 40.61886129]   	[ 0.52815515] 	[ 208.36170099]    (0.42791933359259465,)
52 	25   	[ 8.76517969]    	[ 22.77361691]   	[ 0.5686999]  	[ 108.04783984]    (0.42791933359259465,)
53 	25   	[ 6.03008526]    	[ 17.61631422]   	[ 0.50262327] 	[ 88.28605285]     (0.42791933359259465,)
54 	25   	[ 4.19621619]    	[ 9.37713697]    	[ 0.54679514] 	[ 46.2611087]      (0.42791933359259465,)
55 	25   	[ 3.1972945]     	[ 4.2389054]     	[ 0.38993121] 	[ 18.52130951]     (0.38993120647908303,)
56 	25   	[ 3.20234634]    	[ 5.15786237]    	[ 0.36081062] 	[ 24.49250492]     (0.36081061903159301,)
57 	25   	[ 2.61837063]    	[ 4.48701047]    	[ 0.41777049] 	[ 22.85712338]     (0.36081061903159301,)
58 	25   	[ 3.16455041]    	[ 4.7874202]     	[ 0.36499777] 	[ 24.58703711]     (0.36081061903159301,)
59 	25   	[ 3.60817661]    	[ 7.61738208]    	[ 0.44560077] 	[ 40.00560503]     (0.36081061903159301,)
60 	25   	[ 10.31959562]   	[ 39.04302381]   	[ 0.47483485] 	[ 201.27350861]    (0.36081061903159301,)
61 	25   	[ 3.6832665]     	[ 9.12415762]    	[ 0.45125825] 	[ 47.61644141]     (0.36081061903159301,)
62 	25   	[ 2.89468507]    	[ 5.390343]      	[ 0.39265784] 	[ 28.81652726]     (0.36081061903159301,)
63 	25   	[ 2.6394111]     	[ 4.71780906]    	[ 0.50597808] 	[ 24.58766448]     (0.36081061903159301,)
64 	25   	[ 2.39932061]    	[ 4.28409878]    	[ 0.48607858] 	[ 22.02597202]     (0.36081061903159301,)
65 	25   	[ 1.85029458]    	[ 2.47385922]    	[ 0.46915854] 	[ 12.56535061]     (0.36081061903159301,)
66 	25   	[ 4.07345186]    	[ 11.4181606]    	[ 0.46583858] 	[ 59.48399472]     (0.36081061903159301,)
67 	25   	[ 5.87088749]    	[ 23.35834811]   	[ 0.35958813] 	[ 120.26619253]    (0.359588128302332,)
68 	25   	[ 4.6932369]     	[ 12.97451037]   	[ 0.39416471] 	[ 67.5429691]      (0.359588128302332,)
69 	25   	[ 3.71389451]    	[ 8.2693153]     	[ 0.46896042] 	[ 43.70675081]     (0.359588128302332,)
70 	25   	[ 5.146592]      	[ 16.64274484]   	[ 0.57300724] 	[ 86.43111036]     (0.359588128302332,)
71 	25   	[ 5.27190554]    	[ 17.50467292]   	[ 0.4688698]  	[ 90.83963433]     (0.359588128302332,)
72 	25   	[ 3.99255707]    	[ 8.7996532]     	[ 0.41221832] 	[ 45.73493963]     (0.359588128302332,)
73 	25   	[ 2.45335605]    	[ 2.20507761]    	[ 0.41406265] 	[ 9.48725785]      (0.359588128302332,)
74 	25   	[ 2.26431712]    	[ 1.76070321]    	[ 0.40790358] 	[ 7.51954646]      (0.359588128302332,)
75 	25   	[ 3.56311994]    	[ 8.18156485]    	[ 0.46293451] 	[ 43.1074884]      (0.359588128302332,)
76 	25   	[ 2.76992867]    	[ 3.71949406]    	[ 0.42015669] 	[ 16.48227754]     (0.359588128302332,)
77 	25   	[ 2.08535219]    	[ 1.72245603]    	[ 0.44771064] 	[ 7.81586675]      (0.359588128302332,)
78 	25   	[ 2.63127376]    	[ 1.98869706]    	[ 0.36618091] 	[ 7.07549285]      (0.359588128302332,)
79 	25   	[ 1.3373855]     	[ 1.01716405]    	[ 0.42699983] 	[ 4.0080268]       (0.359588128302332,)
80 	25   	[ 1.94054876]    	[ 1.07646234]    	[ 0.63932547] 	[ 4.16324626]      (0.359588128302332,)
81 	25   	[ 1.47655494]    	[ 0.82181164]    	[ 0.49716221] 	[ 3.36874897]      (0.359588128302332,)
82 	25   	[ 1.91377889]    	[ 1.51795584]    	[ 0.41662506] 	[ 7.29921618]      (0.359588128302332,)
83 	25   	[ 1.76685494]    	[ 1.80275155]    	[ 0.38330396] 	[ 6.97049868]      (0.359588128302332,)
84 	25   	[ 2.72262993]    	[ 3.29788018]    	[ 0.39212603] 	[ 16.12524031]     (0.359588128302332,)
85 	25   	[ 2.31453049]    	[ 2.11639961]    	[ 0.45913811] 	[ 10.35444114]     (0.359588128302332,)
86 	25   	[ 2.45102778]    	[ 2.12225804]    	[ 0.46212019] 	[ 7.66439315]      (0.359588128302332,)
87 	25   	[ 1.99524717]    	[ 1.35514329]    	[ 0.52395686] 	[ 6.9193143]       (0.359588128302332,)
88 	25   	[ 1.56303087]    	[ 1.07527976]    	[ 0.4354768]  	[ 5.04710312]      (0.359588128302332,)
89 	25   	[ 2.39321616]    	[ 2.15386886]    	[ 0.42448029] 	[ 7.92255217]      (0.359588128302332,)
90 	25   	[ 2.12368899]    	[ 1.63120436]    	[ 0.49287179] 	[ 7.03965092]      (0.359588128302332,)
91 	25   	[ 2.73119999]    	[ 2.68708434]    	[ 0.39534628] 	[ 13.40123497]     (0.359588128302332,)
92 	25   	[ 1.67480752]    	[ 1.36028112]    	[ 0.45409482] 	[ 6.01079315]      (0.359588128302332,)
93 	25   	[ 2.09776081]    	[ 1.80948448]    	[ 0.43803818] 	[ 7.18522996]      (0.359588128302332,)
94 	25   	[ 2.58364326]    	[ 3.04672523]    	[ 0.38379182] 	[ 15.2770215]      (0.359588128302332,)
95 	25   	[ 1.69024216]    	[ 1.3400052]     	[ 0.46063304] 	[ 6.39255967]      (0.359588128302332,)
96 	25   	[ 1.66183047]    	[ 1.2519479]     	[ 0.50868968] 	[ 4.52656358]      (0.359588128302332,)
97 	25   	[ 1.83856911]    	[ 1.31616243]    	[ 0.55033398] 	[ 5.59323632]      (0.359588128302332,)
98 	25   	[ 3.12047698]    	[ 2.70446741]    	[ 0.45042646] 	[ 11.9304924]      (0.359588128302332,)
99 	25   	[ 2.49799888]    	[ 2.49017873]    	[ 0.41774114] 	[ 10.81575294]     (0.359588128302332,)
100	25   	[ 2.0918927]     	[ 1.53783457]    	[ 0.46818896] 	[ 7.15752764]      (0.359588128302332,)
