In file included from /usr/lib/python2.7/dist-packages/numpy/core/include/numpy/ndarraytypes.h:1761:0,
                 from /usr/lib/python2.7/dist-packages/numpy/core/include/numpy/ndarrayobject.h:17,
                 from /usr/lib/python2.7/dist-packages/numpy/core/include/numpy/arrayobject.h:4,
                 from /home/pinojc/.cache/scipy/python27_compiled/sc_9bade30717731f645b30a512f757f0fa4273.cpp:22:
/usr/lib/python2.7/dist-packages/numpy/core/include/numpy/npy_1_7_deprecated_api.h:15:2: warning: #warning "Using deprecated NumPy API, disable it by " "#defining NPY_NO_DEPRECATED_API NPY_1_7_API_VERSION" [-Wcpp]
 #warning "Using deprecated NumPy API, disable it by " \
  ^
gen	evals	avg              	std              	min           	max             
1  	25   	[ 56666.40638882]	[ 71089.24011446]	[ 49.12798691]	[ 167024.023715] (49.127986913238225,)
2  	25   	[ 48004.77756026]	[ 67465.77119962]	[ 47.39165159]	[ 166961.75924054] (47.391651588690664,)
3  	25   	[ 41600.03584508]	[ 64790.56927131]	[ 38.77642217]	[ 166964.05312233] (38.776422169826148,)
4  	25   	[ 20249.99169865]	[ 42982.68933533]	[ 25.29836066]	[ 166952.50061637] (25.298360664042562,)
5  	25   	[ 15509.30494502]	[ 38301.37009411]	[ 22.64954975]	[ 166847.66132345] (22.649549749234986,)
6  	25   	[ 1912.04398861] 	[ 5126.45200754] 	[ 28.82674927]	[ 22906.90192324]  (22.649549749234986,)
7  	25   	[ 665.64824413]  	[ 1462.21983876] 	[ 25.17250849]	[ 5543.45927534]   (22.649549749234986,)
8  	25   	[ 295.43987631]  	[ 650.02960537]  	[ 25.06659291]	[ 3180.20567152]   (22.649549749234986,)
9  	25   	[ 160.15350931]  	[ 304.93178548]  	[ 16.67724801]	[ 1489.84137447]   (16.677248014092921,)
10 	25   	[ 89.48443564]   	[ 108.34705131]  	[ 21.1573152] 	[ 547.35250218]    (16.677248014092921,)
11 	25   	[ 58.14145765]   	[ 34.0347517]    	[ 15.48597878]	[ 143.64410487]    (15.485978779051841,)
12 	25   	[ 48.09142516]   	[ 29.97339122]   	[ 20.10737905]	[ 149.27687147]    (15.485978779051841,)
13 	25   	[ 38.35375253]   	[ 25.45103385]   	[ 15.69060366]	[ 146.43158542]    (15.485978779051841,)
14 	25   	[ 34.4221439]    	[ 18.09569688]   	[ 10.76545414]	[ 87.66188418]     (10.765454136913096,)
15 	25   	[ 27.94032877]   	[ 19.23623635]   	[ 9.55961917] 	[ 97.20896656]     (9.5596191650967626,)
16 	25   	[ 28.66855565]   	[ 27.69724964]   	[ 5.49028928] 	[ 143.93561721]    (5.4902892831057386,)
17 	25   	[ 24.87690125]   	[ 30.524331]     	[ 5.1441312]  	[ 153.0431941]     (5.1441312021462657,)
18 	25   	[ 20.42013031]   	[ 32.67685799]   	[ 4.90665887] 	[ 176.42566538]    (4.9066588737982144,)
19 	25   	[ 19.44318944]   	[ 26.85824504]   	[ 3.63608665] 	[ 146.56311111]    (3.6360866540018666,)
20 	25   	[ 14.56240517]   	[ 20.68109739]   	[ 3.04714192] 	[ 111.55698431]    (3.0471419222554936,)
21 	25   	[ 4010.41848246] 	[ 19593.79672302]	[ 2.91192314] 	[ 100000.]         (2.9119231375284356,)
22 	25   	[ 9.34212302]    	[ 12.61745621]   	[ 2.0504801]  	[ 67.07968438]     (2.0504801040111857,)
23 	25   	[ 9.4930795]     	[ 16.87030432]   	[ 1.84727322] 	[ 87.88222066]     (1.8472732192184007,)
24 	25   	[ 8.10387969]    	[ 15.17839504]   	[ 1.41038781] 	[ 79.43108678]     (1.4103878074031724,)
25 	25   	[ 9.67344115]    	[ 21.9386173]    	[ 1.6865167]  	[ 114.17932307]    (1.4103878074031724,)
26 	25   	[ 10.30219456]   	[ 28.49527553]   	[ 1.33537536] 	[ 149.2173112]     (1.3353753614962316,)
27 	25   	[ 10.95050235]   	[ 26.78015634]   	[ 1.21576213] 	[ 140.4140115]     (1.2157621316804759,)
28 	25   	[ 10.13642295]   	[ 28.76546058]   	[ 0.90653481] 	[ 148.58145298]    (0.90653480739153836,)
29 	25   	[ 12.02159293]   	[ 31.4697515]    	[ 1.33701174] 	[ 163.95923092]    (0.90653480739153836,)
30 	25   	[ 9.17110337]    	[ 29.9784859]    	[ 0.87155464] 	[ 155.25267125]    (0.87155464014092976,)
31 	25   	[ 9.71527452]    	[ 25.42858019]   	[ 0.66086428] 	[ 132.12971503]    (0.66086428358470795,)
32 	25   	[ 9.24859489]    	[ 25.72753136]   	[ 0.7290988]  	[ 133.76156472]    (0.66086428358470795,)
33 	25   	[ 9.12468468]    	[ 21.4353822]    	[ 0.56996771] 	[ 111.55372883]    (0.56996770845785161,)
34 	25   	[ 8.51416402]    	[ 19.10242422]   	[ 0.62331221] 	[ 100.1817993]     (0.56996770845785161,)
35 	25   	[ 10.68577823]   	[ 25.25843309]   	[ 0.61517596] 	[ 131.64160445]    (0.56996770845785161,)
36 	25   	[ 4014.29928744] 	[ 19593.02717262]	[ 0.59258161] 	[ 100000.]         (0.56996770845785161,)
37 	25   	[ 10.54487641]   	[ 21.94106893]   	[ 0.56479239] 	[ 112.44753828]    (0.56479238844257607,)
38 	25   	[ 9.2212486]     	[ 14.81061564]   	[ 0.72770687] 	[ 73.63706588]     (0.56479238844257607,)
39 	25   	[ 9.08461562]    	[ 19.38331151]   	[ 0.59556585] 	[ 100.04493834]    (0.56479238844257607,)
40 	25   	[ 13.26975556]   	[ 32.02221669]   	[ 0.5842481]  	[ 166.86825388]    (0.56479238844257607,)
41 	25   	[ 4009.26900812] 	[ 19594.03362138]	[ 0.59985007] 	[ 100000.]         (0.56479238844257607,)
42 	25   	[ 10.02848667]   	[ 18.02980667]   	[ 0.59442938] 	[ 92.52590793]     (0.56479238844257607,)
43 	25   	[ 9.78280893]    	[ 26.71742871]   	[ 0.58442408] 	[ 138.93482683]    (0.56479238844257607,)
44 	25   	[ 12.63312448]   	[ 19.23505662]   	[ 0.52857255] 	[ 97.43185768]     (0.52857254952027155,)
45 	25   	[ 4008.86802915] 	[ 19594.12134588]	[ 0.51509111] 	[ 100000.]         (0.51509111023594578,)
46 	25   	[ 8.17356595]    	[ 23.74186447]   	[ 0.50957437] 	[ 123.59686124]    (0.50957437318970811,)
47 	25   	[ 11.40598821]   	[ 31.64398172]   	[ 0.60533882] 	[ 163.46899641]    (0.50957437318970811,)
48 	25   	[ 9.98898902]    	[ 25.51382896]   	[ 0.58182677] 	[ 132.77352316]    (0.50957437318970811,)
49 	25   	[ 10.07087575]   	[ 24.14086759]   	[ 0.5538644]  	[ 125.15869925]    (0.50957437318970811,)
50 	25   	[ 9.51730074]    	[ 18.9933907]    	[ 0.57979866] 	[ 95.49023057]     (0.50957437318970811,)
51 	25   	[ 9.42672663]    	[ 23.16684903]   	[ 0.67984744] 	[ 120.74220552]    (0.50957437318970811,)
52 	25   	[ 11.77671778]   	[ 31.49953479]   	[ 0.54150169] 	[ 160.8651557]     (0.50957437318970811,)
53 	25   	[ 10.48523539]   	[ 30.71037902]   	[ 0.53819916] 	[ 156.77588662]    (0.50957437318970811,)
54 	25   	[ 13.07808631]   	[ 33.24724577]   	[ 0.44509671] 	[ 172.27700534]    (0.44509670572785076,)
55 	25   	[ 13.03453374]   	[ 38.6314157]    	[ 0.63768084] 	[ 200.23819743]    (0.44509670572785076,)
56 	25   	[ 12.63644759]   	[ 38.45763101]   	[ 0.61207371] 	[ 199.15488148]    (0.44509670572785076,)
57 	25   	[ 12.89397745]   	[ 35.32643675]   	[ 0.54975756] 	[ 182.60772332]    (0.44509670572785076,)
58 	25   	[ 13.07502619]   	[ 26.38092244]   	[ 0.520659]   	[ 137.57336341]    (0.44509670572785076,)
59 	25   	[ 12.08608185]   	[ 21.63184625]   	[ 0.59605475] 	[ 109.53638385]    (0.44509670572785076,)
60 	25   	[ 4011.18247766] 	[ 19593.65721806]	[ 0.4841594]  	[ 100000.]         (0.44509670572785076,)
61 	25   	[ 13.44848871]   	[ 29.45567627]   	[ 0.5506059]  	[ 153.64546457]    (0.44509670572785076,)
62 	25   	[ 11.787853]     	[ 25.52710519]   	[ 0.46461706] 	[ 130.97496478]    (0.44509670572785076,)
63 	25   	[ 10.12909512]   	[ 27.12502539]   	[ 0.42482481] 	[ 140.71017634]    (0.42482481446057996,)
64 	25   	[ 11.31313383]   	[ 28.73921485]   	[ 0.41549878] 	[ 149.79359782]    (0.41549877637312299,)
65 	25   	[ 9.93696765]    	[ 27.25932464]   	[ 0.42196053] 	[ 140.5965265]     (0.41549877637312299,)
66 	25   	[ 9.47001067]    	[ 18.17567721]   	[ 0.47403631] 	[ 93.59832768]     (0.41549877637312299,)
67 	25   	[ 11.92618164]   	[ 26.36770558]   	[ 0.45785726] 	[ 133.34087326]    (0.41549877637312299,)
68 	25   	[ 10.40401876]   	[ 22.02864554]   	[ 0.44629125] 	[ 106.93208887]    (0.41549877637312299,)
69 	25   	[ 7.5275817]     	[ 15.89928977]   	[ 0.5003834]  	[ 82.05151069]     (0.41549877637312299,)
70 	25   	[ 8.33715369]    	[ 23.43825158]   	[ 0.4850478]  	[ 122.08828285]    (0.41549877637312299,)
71 	25   	[ 9.0405554]     	[ 29.36066364]   	[ 0.46850955] 	[ 151.59402338]    (0.41549877637312299,)
72 	25   	[ 11.79628687]   	[ 30.87525911]   	[ 0.46123819] 	[ 156.83862006]    (0.41549877637312299,)
73 	25   	[ 14.02734234]   	[ 34.10561452]   	[ 0.53616035] 	[ 172.40204281]    (0.41549877637312299,)
74 	25   	[ 4010.8366066]  	[ 19593.72289398]	[ 0.61550624] 	[ 100000.]         (0.41549877637312299,)
75 	25   	[ 9.25158227]    	[ 21.12860191]   	[ 0.43631998] 	[ 109.95546997]    (0.41549877637312299,)
76 	25   	[ 10.31589723]   	[ 23.44022336]   	[ 0.48360714] 	[ 120.69196579]    (0.41549877637312299,)
77 	25   	[ 12.14649963]   	[ 21.73227618]   	[ 0.62508842] 	[ 112.94361437]    (0.41549877637312299,)
78 	25   	[ 7.88130365]    	[ 16.43777896]   	[ 0.40100529] 	[ 85.80374572]     (0.40100529144327257,)
79 	25   	[ 11.88868982]   	[ 24.26112682]   	[ 0.40455424] 	[ 124.45365461]    (0.40100529144327257,)
80 	25   	[ 11.38607432]   	[ 31.32203838]   	[ 0.46941541] 	[ 163.40780518]    (0.40100529144327257,)
81 	25   	[ 11.36971312]   	[ 23.74919714]   	[ 0.43385471] 	[ 122.7672743]     (0.40100529144327257,)
82 	25   	[ 12.45243646]   	[ 21.47195461]   	[ 0.38392288] 	[ 103.99338986]    (0.38392287960697435,)
83 	25   	[ 9.33896254]    	[ 20.36886619]   	[ 0.45034217] 	[ 104.12519576]    (0.38392287960697435,)
84 	25   	[ 11.49476508]   	[ 32.22498406]   	[ 0.34763227] 	[ 166.91005895]    (0.3476322688700616,)
85 	25   	[ 9.31393168]    	[ 31.18406151]   	[ 0.37567808] 	[ 161.26571981]    (0.3476322688700616,)
86 	25   	[ 10.24138227]   	[ 32.08231758]   	[ 0.47802822] 	[ 165.7149248]     (0.3476322688700616,)
87 	25   	[ 10.81600556]   	[ 32.11935007]   	[ 0.65454534] 	[ 166.70579057]    (0.3476322688700616,)
88 	25   	[ 10.4627195]    	[ 33.73706295]   	[ 0.37813599] 	[ 175.25685361]    (0.3476322688700616,)
89 	25   	[ 11.83747628]   	[ 30.78273685]   	[ 0.44674112] 	[ 159.75307068]    (0.3476322688700616,)
90 	25   	[ 10.21514608]   	[ 25.77947944]   	[ 0.35736934] 	[ 134.3331968]     (0.3476322688700616,)
91 	25   	[ 10.93741633]   	[ 28.91912267]   	[ 0.42070279] 	[ 148.28529034]    (0.3476322688700616,)
92 	25   	[ 4009.76046831] 	[ 19593.93675697]	[ 0.34785157] 	[ 100000.]         (0.3476322688700616,)
93 	25   	[ 11.05509682]   	[ 19.91237454]   	[ 0.51639301] 	[ 104.33901166]    (0.3476322688700616,)
94 	25   	[ 7.73312226]    	[ 8.16265133]    	[ 0.38891518] 	[ 35.1525067]      (0.3476322688700616,)
95 	25   	[ 6.80161192]    	[ 7.09197391]    	[ 0.4994441]  	[ 28.49579786]     (0.3476322688700616,)
96 	25   	[ 6.70304]       	[ 8.00139263]    	[ 0.47705613] 	[ 26.74687827]     (0.3476322688700616,)
97 	25   	[ 5.17469876]    	[ 5.6792239]     	[ 0.52402911] 	[ 18.62804969]     (0.3476322688700616,)
98 	25   	[ 6.80433903]    	[ 7.91248502]    	[ 0.5281888]  	[ 35.086026]       (0.3476322688700616,)
99 	25   	[ 5.47794856]    	[ 7.53169688]    	[ 0.45364211] 	[ 32.46405137]     (0.3476322688700616,)
100	25   	[ 8.49696743]    	[ 11.20499446]   	[ 0.40187523] 	[ 46.0712715]      (0.3476322688700616,)
