In file included from /usr/lib/python2.7/dist-packages/numpy/core/include/numpy/ndarraytypes.h:1761:0,
                 from /usr/lib/python2.7/dist-packages/numpy/core/include/numpy/ndarrayobject.h:17,
                 from /usr/lib/python2.7/dist-packages/numpy/core/include/numpy/arrayobject.h:4,
                 from /home/pinojc/.cache/scipy/python27_compiled/sc_9bade30717731f645b30a512f757f0fa4289.cpp:22:
/usr/lib/python2.7/dist-packages/numpy/core/include/numpy/npy_1_7_deprecated_api.h:15:2: warning: #warning "Using deprecated NumPy API, disable it by " "#defining NPY_NO_DEPRECATED_API NPY_1_7_API_VERSION" [-Wcpp]
 #warning "Using deprecated NumPy API, disable it by " \
  ^
gen	evals	avg              	std              	min           	max               
1  	25   	[ 55869.15840419]	[ 71682.86498734]	[ 69.73754219]	[ 167160.91504705] (69.737542186984513,)
2  	25   	[ 53928.77257615]	[ 68828.76963625]	[ 58.62919375]	[ 166930.77246923] (58.629193753196532,)
3  	25   	[ 32917.83199356]	[ 52202.03872339]	[ 37.54289836]	[ 165479.53851655] (37.542898362844554,)
4  	25   	[ 24999.77709944]	[ 40768.51448973]	[ 14.07031094]	[ 143867.78506137] (14.070310938848147,)
5  	25   	[ 15204.79877824]	[ 34808.28538417]	[ 21.24415491]	[ 165141.6667112]  (14.070310938848147,)
6  	25   	[ 14159.27424318]	[ 28124.56252017]	[ 10.14338192]	[ 100000.]         (10.143381921133699,)
7  	25   	[ 3688.73347883] 	[ 10436.96010692]	[ 4.61911628] 	[ 49045.30734209]  (4.6191162816096316,)
8  	25   	[ 6328.73421288] 	[ 20331.3410604] 	[ 4.61614892] 	[ 100000.]         (4.6161489185179061,)
9  	25   	[ 4558.40070404] 	[ 19549.06106549]	[ 2.90047962] 	[ 100000.]         (2.9004796183079837,)
10 	25   	[ 16195.25550667]	[ 36579.28314349]	[ 2.22818813] 	[ 100000.]         (2.2281881265789876,)
11 	25   	[ 8076.39001057] 	[ 27107.28950673]	[ 3.11573476] 	[ 100000.]         (2.2281881265789876,)
12 	25   	[ 16038.33698196]	[ 36643.91667884]	[ 3.3211567]  	[ 100000.]         (2.2281881265789876,)
13 	25   	[ 20019.74574827]	[ 39990.13294768]	[ 1.56369953] 	[ 100000.]         (1.563699532539395,)
14 	25   	[ 8014.35973503] 	[ 27125.09145448]	[ 1.68355223] 	[ 100000.]         (1.563699532539395,)
15 	25   	[ 4011.66217344] 	[ 19593.54273016]	[ 0.84727002] 	[ 100000.]         (0.84727002291460884,)
16 	25   	[ 4009.48111077] 	[ 19593.98745908]	[ 0.59455955] 	[ 100000.]         (0.59455955057008836,)
17 	25   	[ 4005.37544515] 	[ 19594.82137163]	[ 0.63410252] 	[ 100000.]         (0.59455955057008836,)
18 	25   	[ 16008.22066384]	[ 36657.01950055]	[ 0.915621]   	[ 100000.]         (0.59455955057008836,)
19 	25   	[ 8010.66434474] 	[ 27126.17774667]	[ 0.6158709]  	[ 100000.]         (0.59455955057008836,)
20 	25   	[ 8007.70774773] 	[ 27127.05023881]	[ 0.8534332]  	[ 100000.]         (0.59455955057008836,)
21 	25   	[ 12008.79672809]	[ 32492.90795441]	[ 0.5315951]  	[ 100000.]         (0.53159510062694826,)
22 	25   	[ 12009.34211473]	[ 32492.70959932]	[ 0.66864636] 	[ 100000.]         (0.53159510062694826,)
23 	25   	[ 8011.92069718] 	[ 27125.81449751]	[ 0.89297611] 	[ 100000.]         (0.53159510062694826,)
24 	25   	[ 12.59637475]   	[ 32.62069487]   	[ 0.68664821] 	[ 151.68409309]    (0.53159510062694826,)
25 	25   	[ 13.06364899]   	[ 22.96891035]   	[ 0.51220324] 	[ 113.35967439]    (0.51220323612747098,)
26 	25   	[ 8.08073139]    	[ 13.13656668]   	[ 0.58982716] 	[ 53.15304097]     (0.51220323612747098,)
27 	25   	[ 8010.81992999] 	[ 27126.13493604]	[ 0.61181669] 	[ 100000.]         (0.51220323612747098,)
28 	25   	[ 4008.32571245] 	[ 19594.22303683]	[ 0.66310013] 	[ 100000.]         (0.51220323612747098,)
29 	25   	[ 8009.9048202]  	[ 27126.4038323] 	[ 0.60193167] 	[ 100000.]         (0.51220323612747098,)
30 	25   	[ 12011.93743839]	[ 32491.75409479]	[ 0.51785771] 	[ 100000.]         (0.51220323612747098,)
31 	25   	[ 8012.463009]   	[ 27125.65600078]	[ 0.51867451] 	[ 100000.]         (0.51220323612747098,)
32 	25   	[ 13.63457476]   	[ 36.64138106]   	[ 0.5622328]  	[ 190.26215061]    (0.51220323612747098,)
33 	25   	[ 12.7298046]    	[ 19.50122013]   	[ 0.44422885] 	[ 97.09157528]     (0.44422885422335751,)
34 	25   	[ 7.44986221]    	[ 12.33713101]   	[ 0.53763156] 	[ 61.08285622]     (0.44422885422335751,)
35 	25   	[ 10.85396531]   	[ 19.92444308]   	[ 0.39330897] 	[ 99.99940151]     (0.39330896752420519,)
36 	25   	[ 4012.85195611] 	[ 19593.33247015]	[ 0.47089604] 	[ 100000.]         (0.39330896752420519,)
37 	25   	[ 4012.94654217] 	[ 19593.3309842] 	[ 0.41168677] 	[ 100000.]         (0.39330896752420519,)
38 	25   	[ 14.642841]     	[ 42.89461748]   	[ 0.5408421]  	[ 222.65911272]    (0.39330896752420519,)
39 	25   	[ 13.99293791]   	[ 32.45378971]   	[ 0.39600526] 	[ 166.48655399]    (0.39330896752420519,)
40 	25   	[ 9.94508013]    	[ 21.11382005]   	[ 0.79282175] 	[ 107.49715607]    (0.39330896752420519,)
41 	25   	[ 8004.75113248] 	[ 27127.91956423]	[ 0.3826835]  	[ 100000.]         (0.38268349778436295,)
42 	25   	[ 4010.76452809] 	[ 19593.7298872] 	[ 0.41332241] 	[ 100000.]         (0.38268349778436295,)
43 	25   	[ 9.66682268]    	[ 22.12409028]   	[ 0.41583364] 	[ 114.58657985]    (0.38268349778436295,)
44 	25   	[ 12010.24214447]	[ 32492.38122871]	[ 0.36089803] 	[ 100000.]         (0.3608980285738892,)
45 	25   	[ 10.95042946]   	[ 17.22409118]   	[ 0.34433333] 	[ 89.71849228]     (0.34433332896785118,)
46 	25   	[ 4005.74763041] 	[ 19594.74691783]	[ 0.35107968] 	[ 100000.]         (0.34433332896785118,)
47 	25   	[ 9.05058696]    	[ 9.34706868]    	[ 0.27017329] 	[ 36.56476397]     (0.27017329286985664,)
48 	25   	[ 4004.95444914] 	[ 19594.90738613]	[ 0.29189897] 	[ 100000.]         (0.27017329286985664,)
49 	25   	[ 4005.00466882] 	[ 19594.89726349]	[ 0.32225229] 	[ 100000.]         (0.27017329286985664,)
50 	25   	[ 4006.38417698] 	[ 19594.61696411]	[ 0.30264152] 	[ 100000.]         (0.27017329286985664,)
51 	25   	[ 3.05289201]    	[ 4.09743043]    	[ 0.35334425] 	[ 16.7228625]      (0.27017329286985664,)
52 	25   	[ 6.40109849]    	[ 6.16772766]    	[ 0.485866]   	[ 20.36197187]     (0.27017329286985664,)
53 	25   	[ 8003.81775899] 	[ 27128.19441001]	[ 0.62119725] 	[ 100000.]         (0.27017329286985664,)
54 	25   	[ 4.24133858]    	[ 4.90950062]    	[ 0.23282552] 	[ 18.2772542]      (0.23282552036255064,)
55 	25   	[ 4003.96824877] 	[ 19595.10877822]	[ 0.30614204] 	[ 100000.]         (0.23282552036255064,)
56 	25   	[ 4006.74647718] 	[ 19594.54281828]	[ 0.4028331]  	[ 100000.]         (0.23282552036255064,)
57 	25   	[ 5.31918613]    	[ 6.61090845]    	[ 0.40990977] 	[ 25.60480118]     (0.23282552036255064,)
58 	25   	[ 4004.84942832] 	[ 19594.92885812]	[ 0.25465029] 	[ 100000.]         (0.23282552036255064,)
59 	25   	[ 8004.6606488]  	[ 27127.94611334]	[ 0.33278428] 	[ 100000.]         (0.23282552036255064,)
60 	25   	[ 4003.95107838] 	[ 19595.11200444]	[ 0.29015807] 	[ 100000.]         (0.23282552036255064,)
61 	25   	[ 4005.99943466] 	[ 19594.69446837]	[ 0.43873066] 	[ 100000.]         (0.23282552036255064,)
62 	25   	[ 4004.685624]   	[ 19594.96402372]	[ 0.24114878] 	[ 100000.]         (0.23282552036255064,)
63 	25   	[ 4005.18691016] 	[ 19594.85977033]	[ 0.21540948] 	[ 100000.]         (0.21540948396938478,)
64 	25   	[ 4.6055359]     	[ 4.95839624]    	[ 0.22213731] 	[ 21.45991874]     (0.21540948396938478,)
65 	25   	[ 8006.62150704] 	[ 27127.36897208]	[ 0.13547123] 	[ 100000.]         (0.13547123044583659,)
66 	25   	[ 4.79560151]    	[ 5.18192672]    	[ 0.15079363] 	[ 20.39317465]     (0.13547123044583659,)
67 	25   	[ 4004.62357999] 	[ 19594.97553225]	[ 0.15031362] 	[ 100000.]         (0.13547123044583659,)
68 	25   	[ 3.30089642]    	[ 6.25583183]    	[ 0.12922486] 	[ 31.1823899]      (0.12922485896541047,)
69 	25   	[ 8004.28381015] 	[ 27128.05732498]	[ 0.22519163] 	[ 100000.]         (0.12922485896541047,)
70 	25   	[ 4.02561085]    	[ 3.79879523]    	[ 0.32339422] 	[ 13.81087619]     (0.12922485896541047,)
71 	25   	[ 8005.49099213] 	[ 27127.70104087]	[ 0.51354405] 	[ 100000.]         (0.12922485896541047,)
72 	25   	[ 4004.725026]   	[ 19594.95516824]	[ 0.16923956] 	[ 100000.]         (0.12922485896541047,)
73 	25   	[ 4005.0136302]  	[ 19594.8951074] 	[ 0.18575003] 	[ 100000.]         (0.12922485896541047,)
74 	25   	[ 8004.18085513] 	[ 27128.08748425]	[ 0.38512748] 	[ 100000.]         (0.12922485896541047,)
75 	25   	[ 5.08616214]    	[ 5.59856957]    	[ 0.18414537] 	[ 21.07163431]     (0.12922485896541047,)
76 	25   	[ 7.75855542]    	[ 7.55045823]    	[ 0.18567261] 	[ 28.36469546]     (0.12922485896541047,)
77 	25   	[ 2.21389199]    	[ 1.89215357]    	[ 0.23333867] 	[ 5.67522483]      (0.12922485896541047,)
78 	25   	[ 5.7258269]     	[ 7.23539786]    	[ 0.17218416] 	[ 27.78820806]     (0.12922485896541047,)
79 	25   	[ 3.66807289]    	[ 4.13529466]    	[ 0.18155192] 	[ 18.09628154]     (0.12922485896541047,)
80 	25   	[ 4.41436189]    	[ 5.23393682]    	[ 0.14688173] 	[ 19.1075594]      (0.12922485896541047,)
81 	25   	[ 4.18318165]    	[ 9.26441975]    	[ 0.1570411]  	[ 43.76968656]     (0.12922485896541047,)
82 	25   	[ 3.49114948]    	[ 2.96544995]    	[ 0.19449847] 	[ 12.7820267]      (0.12922485896541047,)
83 	25   	[ 4003.95253136] 	[ 19595.11163993]	[ 0.13249012] 	[ 100000.]         (0.12922485896541047,)
84 	25   	[ 12002.87307753]	[ 32495.09278103]	[ 0.19069208] 	[ 100000.]         (0.12922485896541047,)
85 	25   	[ 12004.33218768]	[ 32494.55467752]	[ 0.17025131] 	[ 100000.]         (0.12922485896541047,)
86 	25   	[ 4003.76101093] 	[ 19595.15072176]	[ 0.12370477] 	[ 100000.]         (0.12370476809407698,)
87 	25   	[ 4004.26795217] 	[ 19595.04720445]	[ 0.22336021] 	[ 100000.]         (0.12370476809407698,)
88 	25   	[ 4004.88047183] 	[ 19594.92323681]	[ 0.16080031] 	[ 100000.]         (0.12370476809407698,)
89 	25   	[ 12004.56690642]	[ 32494.4678422] 	[ 0.15516454] 	[ 100000.]         (0.12370476809407698,)
90 	25   	[ 4005.90555566] 	[ 19594.71295111]	[ 0.23149931] 	[ 100000.]         (0.12370476809407698,)
91 	25   	[ 8003.46904626] 	[ 27128.29714713]	[ 0.15516523] 	[ 100000.]         (0.12370476809407698,)
92 	25   	[ 8003.23766787] 	[ 27128.36551137]	[ 0.13378302] 	[ 100000.]         (0.12370476809407698,)
93 	25   	[ 4004.74704367] 	[ 19594.94967923]	[ 0.19167578] 	[ 100000.]         (0.12370476809407698,)
94 	25   	[ 4003.76284425] 	[ 19595.15053868]	[ 0.17046685] 	[ 100000.]         (0.12370476809407698,)
95 	25   	[ 5.53657208]    	[ 6.94161953]    	[ 0.18296819] 	[ 29.22636226]     (0.12370476809407698,)
96 	25   	[ 3.15667634]    	[ 3.71080237]    	[ 0.10147647] 	[ 16.63738279]     (0.10147647474352979,)
97 	25   	[ 8003.28866926] 	[ 27128.3505795] 	[ 0.09851112] 	[ 100000.]         (0.098511118699589423,)
98 	25   	[ 4.86311082]    	[ 6.86735993]    	[ 0.1021399]  	[ 33.98627596]     (0.098511118699589423,)
99 	25   	[ 1.91217275]    	[ 2.24784544]    	[ 0.22075562] 	[ 8.54786315]      (0.098511118699589423,)
100	25   	[ 3.29345104]    	[ 2.92886368]    	[ 0.23448636] 	[ 9.6001615]       (0.098511118699589423,)
