In file included from /usr/lib/python2.7/dist-packages/numpy/core/include/numpy/ndarraytypes.h:1761:0,
                 from /usr/lib/python2.7/dist-packages/numpy/core/include/numpy/ndarrayobject.h:17,
                 from /usr/lib/python2.7/dist-packages/numpy/core/include/numpy/arrayobject.h:4,
                 from /home/pinojc/.cache/scipy/python27_compiled/sc_9bade30717731f645b30a512f757f0fa4170.cpp:22:
/usr/lib/python2.7/dist-packages/numpy/core/include/numpy/npy_1_7_deprecated_api.h:15:2: warning: #warning "Using deprecated NumPy API, disable it by " "#defining NPY_NO_DEPRECATED_API NPY_1_7_API_VERSION" [-Wcpp]
 #warning "Using deprecated NumPy API, disable it by " \
  ^
gen	evals	avg              	std            	min           	max               
1  	25   	[ 60362.01388367]	[ 70874.703369]	[ 16.09738016]	[ 167285.20970766] (16.097380159875385,)
2  	25   	[ 45590.49468697]	[ 67515.6677939]	[ 9.77650448] 	[ 167606.81781192] (9.7765044772709899,)
3  	25   	[ 40796.7761342] 	[ 63906.07771735]	[ 4.83779312] 	[ 166448.05262772] (4.8377931163887666,)
4  	25   	[ 14987.81690696]	[ 32593.37127709]	[ 3.51701382] 	[ 117049.00974824] (3.5170138187484086,)
5  	25   	[ 5093.71147866] 	[ 14320.02251467]	[ 3.04876645] 	[ 66701.70183422]  (3.0487664504741416,)
6  	25   	[ 8727.77020045] 	[ 27010.165087]  	[ 2.71064094] 	[ 100000.]         (2.7106409355820151,)
7  	25   	[ 4615.51023652] 	[ 19520.64657971]	[ 3.91246804] 	[ 100000.]         (2.7106409355820151,)
8  	25   	[ 171.6874888]   	[ 264.93827874]  	[ 4.59960522] 	[ 1013.82050697]   (2.7106409355820151,)
9  	25   	[ 68.39388212]   	[ 64.33112072]   	[ 2.78446434] 	[ 235.2510826]     (2.7106409355820151,)
10 	25   	[ 42.58938698]   	[ 38.40784518]   	[ 3.72040874] 	[ 186.85324295]    (2.7106409355820151,)
11 	25   	[ 39.21811634]   	[ 46.26515894]   	[ 3.55438284] 	[ 205.29378767]    (2.7106409355820151,)
12 	25   	[ 26.87967029]   	[ 26.77050458]   	[ 3.15092833] 	[ 107.21008663]    (2.7106409355820151,)
13 	25   	[ 16.83508137]   	[ 11.64060548]   	[ 3.48643691] 	[ 41.19393861]     (2.7106409355820151,)
14 	25   	[ 15.91736224]   	[ 13.31880688]   	[ 3.08770835] 	[ 55.37000884]     (2.7106409355820151,)
15 	25   	[ 4010.47472049] 	[ 19593.78087244]	[ 2.81256405] 	[ 100000.]         (2.7106409355820151,)
16 	25   	[ 9.06914458]    	[ 5.68638451]    	[ 1.94381615] 	[ 20.92161013]     (1.9438161506248079,)
17 	25   	[ 7.44984438]    	[ 4.92095291]    	[ 1.98899936] 	[ 20.84554539]     (1.9438161506248079,)
18 	25   	[ 7.47165691]    	[ 5.02795202]    	[ 1.72727956] 	[ 21.36173226]     (1.7272795576735744,)
19 	25   	[ 4008.04455449] 	[ 19594.27759423]	[ 1.49000406] 	[ 100000.]         (1.4900040601682847,)
20 	25   	[ 7.0199999]     	[ 8.23231398]    	[ 1.60134681] 	[ 42.17197578]     (1.4900040601682847,)
21 	25   	[ 5.64783838]    	[ 4.70079626]    	[ 1.32330324] 	[ 20.3444711]      (1.3233032420352271,)
22 	25   	[ 4.46761385]    	[ 3.60722697]    	[ 1.22060066] 	[ 18.47943157]     (1.2206006626482002,)
23 	25   	[ 6.39889665]    	[ 5.89437914]    	[ 1.37661561] 	[ 28.52379254]     (1.2206006626482002,)
24 	25   	[ 4004.32187987] 	[ 19595.03647792]	[ 1.27146375] 	[ 100000.]         (1.2206006626482002,)
25 	25   	[ 7.2129669]     	[ 5.81029853]    	[ 1.46326292] 	[ 25.65373512]     (1.2206006626482002,)
26 	25   	[ 4.63818609]    	[ 3.451266]      	[ 1.22640899] 	[ 14.81876453]     (1.2206006626482002,)
27 	25   	[ 4.37061556]    	[ 3.35107956]    	[ 1.28608562] 	[ 12.41994171]     (1.2206006626482002,)
28 	25   	[ 3.82803174]    	[ 3.48592747]    	[ 1.31030809] 	[ 14.83228181]     (1.2206006626482002,)
29 	25   	[ 5.65124592]    	[ 8.30570066]    	[ 1.34377179] 	[ 42.37542511]     (1.2206006626482002,)
30 	25   	[ 3.73961206]    	[ 2.25810939]    	[ 1.36146713] 	[ 10.44366438]     (1.2206006626482002,)
31 	25   	[ 4004.50810826] 	[ 19594.99798216]	[ 1.48501512] 	[ 100000.]         (1.2206006626482002,)
32 	25   	[ 5.1310297]     	[ 5.79143916]    	[ 1.31322686] 	[ 26.36178271]     (1.2206006626482002,)
33 	25   	[ 3.93443663]    	[ 4.35065592]    	[ 1.39167337] 	[ 21.04887911]     (1.2206006626482002,)
34 	25   	[ 4.17655974]    	[ 3.35074472]    	[ 1.28503756] 	[ 13.81252946]     (1.2206006626482002,)
35 	25   	[ 4.09450132]    	[ 2.19531736]    	[ 1.2988976]  	[ 9.65984737]      (1.2206006626482002,)
36 	25   	[ 4003.63485098] 	[ 19595.17616204]	[ 1.25247863] 	[ 100000.]         (1.2206006626482002,)
37 	25   	[ 3.57086759]    	[ 1.99562902]    	[ 1.20498139] 	[ 7.42072248]      (1.2049813942222611,)
38 	25   	[ 7.04496467]    	[ 7.05681229]    	[ 1.24894767] 	[ 33.17478998]     (1.2049813942222611,)
39 	25   	[ 4004.88375313] 	[ 19594.92172753]	[ 1.33346012] 	[ 100000.]         (1.2049813942222611,)
40 	25   	[ 3.23731681]    	[ 2.29363143]    	[ 1.32606038] 	[ 11.67179831]     (1.2049813942222611,)
41 	25   	[ 5.06117552]    	[ 4.50144717]    	[ 1.2332317]  	[ 16.47838532]     (1.2049813942222611,)
42 	25   	[ 4005.39502964] 	[ 19594.81782906]	[ 1.27957387] 	[ 100000.]         (1.2049813942222611,)
43 	25   	[ 4.51345067]    	[ 3.95883376]    	[ 1.34172019] 	[ 17.52326027]     (1.2049813942222611,)
44 	25   	[ 5.72460675]    	[ 6.92969655]    	[ 1.23831603] 	[ 30.58524897]     (1.2049813942222611,)
45 	25   	[ 7.45064986]    	[ 9.27692806]    	[ 1.32721364] 	[ 33.9198868]      (1.2049813942222611,)
46 	25   	[ 6.51221412]    	[ 8.08482594]    	[ 1.32858503] 	[ 31.60264293]     (1.2049813942222611,)
47 	25   	[ 4.95525681]    	[ 6.38007905]    	[ 1.45484252] 	[ 34.11943451]     (1.2049813942222611,)
48 	25   	[ 5.59268591]    	[ 6.16545387]    	[ 1.25043708] 	[ 27.68738144]     (1.2049813942222611,)
49 	25   	[ 3.79002415]    	[ 3.83748557]    	[ 1.24395182] 	[ 17.74333351]     (1.2049813942222611,)
50 	25   	[ 4.98281807]    	[ 4.14862495]    	[ 1.22063458] 	[ 20.06906221]     (1.2049813942222611,)
51 	25   	[ 5.15271825]    	[ 6.92318101]    	[ 1.38203743] 	[ 31.43077602]     (1.2049813942222611,)
52 	25   	[ 7.24174883]    	[ 6.32057854]    	[ 1.28232449] 	[ 25.94106362]     (1.2049813942222611,)
53 	25   	[ 4.64572449]    	[ 4.36008702]    	[ 1.14581717] 	[ 19.73262746]     (1.1458171686016372,)
54 	25   	[ 4.55685294]    	[ 4.65018388]    	[ 1.18810876] 	[ 18.31918871]     (1.1458171686016372,)
55 	25   	[ 5.26465974]    	[ 6.23925744]    	[ 1.17611166] 	[ 30.31128025]     (1.1458171686016372,)
56 	25   	[ 9.15340319]    	[ 12.30049328]   	[ 1.25029557] 	[ 49.28136329]     (1.1458171686016372,)
57 	25   	[ 5.84996163]    	[ 7.52614953]    	[ 1.20453224] 	[ 37.71857341]     (1.1458171686016372,)
58 	25   	[ 6.57329732]    	[ 5.50030787]    	[ 1.24645008] 	[ 21.25025089]     (1.1458171686016372,)
59 	25   	[ 6.31202281]    	[ 7.07726886]    	[ 1.31610121] 	[ 34.38813088]     (1.1458171686016372,)
60 	25   	[ 8.67362686]    	[ 10.9367682]    	[ 1.30546591] 	[ 55.69043535]     (1.1458171686016372,)
61 	25   	[ 4.76464202]    	[ 3.59290162]    	[ 1.35890202] 	[ 14.83424554]     (1.1458171686016372,)
62 	25   	[ 7.57234947]    	[ 9.49699389]    	[ 1.37692705] 	[ 47.60568705]     (1.1458171686016372,)
63 	25   	[ 5.60343844]    	[ 4.53402332]    	[ 1.21101847] 	[ 19.40257215]     (1.1458171686016372,)
64 	25   	[ 7.07742586]    	[ 5.95373408]    	[ 1.51419032] 	[ 24.90525595]     (1.1458171686016372,)
65 	25   	[ 7.42941517]    	[ 6.95565712]    	[ 1.32388973] 	[ 27.08851]        (1.1458171686016372,)
66 	25   	[ 5.28698392]    	[ 6.84474461]    	[ 1.10855141] 	[ 34.11421331]     (1.1085514130826644,)
67 	25   	[ 8.70819731]    	[ 9.12856474]    	[ 1.15462522] 	[ 28.8705328]      (1.1085514130826644,)
68 	25   	[ 5.79410491]    	[ 5.12198541]    	[ 1.33619476] 	[ 22.11633125]     (1.1085514130826644,)
69 	25   	[ 5.02262854]    	[ 3.82870781]    	[ 1.08508026] 	[ 14.25771299]     (1.0850802614965762,)
70 	25   	[ 5.90477555]    	[ 6.55897811]    	[ 1.31088475] 	[ 31.42339976]     (1.0850802614965762,)
71 	25   	[ 6.03566633]    	[ 4.96990604]    	[ 1.38280274] 	[ 18.34526843]     (1.0850802614965762,)
72 	25   	[ 6.35278579]    	[ 6.86567677]    	[ 1.21434811] 	[ 33.20386911]     (1.0850802614965762,)
73 	25   	[ 5.02510578]    	[ 3.39818253]    	[ 1.36747388] 	[ 13.05991668]     (1.0850802614965762,)
74 	25   	[ 5.43021078]    	[ 5.013036]      	[ 1.14808313] 	[ 17.8162249]      (1.0850802614965762,)
75 	25   	[ 7.55358278]    	[ 8.28244524]    	[ 1.13045837] 	[ 37.47976855]     (1.0850802614965762,)
76 	25   	[ 6.48550779]    	[ 6.63904058]    	[ 1.5517572]  	[ 26.13725032]     (1.0850802614965762,)
77 	25   	[ 5.15147683]    	[ 5.03481328]    	[ 1.20568065] 	[ 19.26560863]     (1.0850802614965762,)
78 	25   	[ 4007.88115581] 	[ 19594.31042235]	[ 1.25037844] 	[ 100000.]         (1.0850802614965762,)
79 	25   	[ 5.16694458]    	[ 4.20690495]    	[ 1.31952163] 	[ 17.48852166]     (1.0850802614965762,)
80 	25   	[ 6.8012132]     	[ 6.18659027]    	[ 1.18780387] 	[ 23.05251524]     (1.0850802614965762,)
81 	25   	[ 5.91037596]    	[ 6.72566724]    	[ 1.21473974] 	[ 29.5733279]      (1.0850802614965762,)
82 	25   	[ 4.95602955]    	[ 4.09942386]    	[ 1.35247799] 	[ 18.5795861]      (1.0850802614965762,)
83 	25   	[ 6.97509117]    	[ 9.35558111]    	[ 1.17093418] 	[ 45.13474679]     (1.0850802614965762,)
84 	25   	[ 5.24037984]    	[ 4.31753398]    	[ 1.1432057]  	[ 14.67362022]     (1.0850802614965762,)
85 	25   	[ 5.48655418]    	[ 4.35571871]    	[ 1.3512787]  	[ 16.82643338]     (1.0850802614965762,)
86 	25   	[ 6.10858153]    	[ 4.89544541]    	[ 1.29350922] 	[ 24.07690431]     (1.0850802614965762,)
87 	25   	[ 5.22797496]    	[ 4.21143953]    	[ 1.18899469] 	[ 18.64615732]     (1.0850802614965762,)
88 	25   	[ 5.44162609]    	[ 6.80762937]    	[ 1.20874333] 	[ 30.57703676]     (1.0850802614965762,)
89 	25   	[ 4005.4050718]  	[ 19594.81559339]	[ 1.14730687] 	[ 100000.]         (1.0850802614965762,)
90 	25   	[ 6.22093499]    	[ 5.35293731]    	[ 1.27860964] 	[ 24.95697499]     (1.0850802614965762,)
91 	25   	[ 4.73939317]    	[ 3.32721411]    	[ 1.24241238] 	[ 13.2097182]      (1.0850802614965762,)
92 	25   	[ 6.42943384]    	[ 5.81117463]    	[ 1.74687831] 	[ 27.65641083]     (1.0850802614965762,)
93 	25   	[ 5.1468159]     	[ 3.94436243]    	[ 1.23034981] 	[ 14.33033757]     (1.0850802614965762,)
94 	25   	[ 4.36920903]    	[ 4.16740878]    	[ 1.20194104] 	[ 16.11590521]     (1.0850802614965762,)
95 	25   	[ 5.80020491]    	[ 5.55695897]    	[ 1.3160377]  	[ 23.74455298]     (1.0850802614965762,)
96 	25   	[ 5.28560775]    	[ 4.71157178]    	[ 1.15496025] 	[ 16.09918757]     (1.0850802614965762,)
97 	25   	[ 5.22227443]    	[ 4.26928223]    	[ 1.13205069] 	[ 17.14881046]     (1.0850802614965762,)
98 	25   	[ 6.92106014]    	[ 6.71399533]    	[ 1.0976416]  	[ 22.83715906]     (1.0850802614965762,)
99 	25   	[ 6.4749365]     	[ 7.07938432]    	[ 1.18523889] 	[ 24.81023023]     (1.0850802614965762,)
100	25   	[ 5.15648589]    	[ 6.12709436]    	[ 1.13401763] 	[ 28.54472781]     (1.0850802614965762,)
