In file included from /usr/lib/python2.7/dist-packages/numpy/core/include/numpy/ndarraytypes.h:1761:0,
                 from /usr/lib/python2.7/dist-packages/numpy/core/include/numpy/ndarrayobject.h:17,
                 from /usr/lib/python2.7/dist-packages/numpy/core/include/numpy/arrayobject.h:4,
                 from /home/pinojc/.cache/scipy/python27_compiled/sc_9bade30717731f645b30a512f757f0fa4188.cpp:22:
/usr/lib/python2.7/dist-packages/numpy/core/include/numpy/npy_1_7_deprecated_api.h:15:2: warning: #warning "Using deprecated NumPy API, disable it by " "#defining NPY_NO_DEPRECATED_API NPY_1_7_API_VERSION" [-Wcpp]
 #warning "Using deprecated NumPy API, disable it by " \
  ^
gen	evals	avg              	std              	min           	max              
1  	25   	[ 68823.27988706]	[ 73908.74988653]	[ 86.98979884]	[ 167029.2398407] (86.98979883646939,)
2  	25   	[ 66723.25255284]	[ 72625.59369647]	[ 26.15118112]	[ 167246.23781473] (26.151181123352242,)
3  	25   	[ 55855.21435824]	[ 67048.1450894] 	[ 21.41264173]	[ 167092.10322419] (21.412641734272015,)
4  	25   	[ 50743.7976134] 	[ 64289.79588633]	[ 14.79158171]	[ 167081.72752214] (14.791581709738438,)
5  	25   	[ 40929.36736361]	[ 56787.40727549]	[ 38.78491612]	[ 167065.31003963] (14.791581709738438,)
6  	25   	[ 28235.20184155]	[ 50169.14574849]	[ 17.68089627]	[ 167022.61515923] (14.791581709738438,)
7  	25   	[ 22271.01633724]	[ 44704.72454664]	[ 7.39163859] 	[ 166767.52984799] (7.39163858658282,)
8  	25   	[ 10928.37721521]	[ 23908.39978915]	[ 15.49536324]	[ 86102.32612378]  (7.39163858658282,)
9  	25   	[ 6724.91884529] 	[ 14732.14644]   	[ 7.28592512] 	[ 59005.32098055]  (7.2859251196649062,)
10 	25   	[ 10643.39943882]	[ 33774.23367787]	[ 5.11181705] 	[ 166353.08819386] (5.1118170477495521,)
11 	25   	[ 9427.51726889] 	[ 32733.49020964]	[ 9.84073844] 	[ 160199.88351128] (5.1118170477495521,)
12 	25   	[ 2927.93843936] 	[ 13041.84319914]	[ 3.7819874]  	[ 66786.70149485]  (3.7819873989961961,)
13 	25   	[ 3377.31640699] 	[ 15553.2529901] 	[ 5.67810298] 	[ 79552.75565854]  (3.7819873989961961,)
14 	25   	[ 2142.2002119]  	[ 9964.90840696] 	[ 1.73245527] 	[ 50950.2103614]   (1.7324552711384158,)
15 	25   	[ 952.51287387]  	[ 4482.86485195] 	[ 2.41240729] 	[ 22912.37814364]  (1.7324552711384158,)
16 	25   	[ 227.44982197]  	[ 1018.87840191] 	[ 1.234883]   	[ 5216.69066753]   (1.2348830027971585,)
17 	25   	[ 45.43964542]   	[ 161.66579727]  	[ 1.16315892] 	[ 822.96874703]    (1.1631589236948399,)
18 	25   	[ 21.54417122]   	[ 57.59294456]   	[ 0.89088341] 	[ 279.52775458]    (0.89088341325497566,)
19 	25   	[ 16.61240662]   	[ 44.06303027]   	[ 0.67499512] 	[ 208.81502462]    (0.67499511812162838,)
20 	25   	[ 12.16500154]   	[ 28.64939375]   	[ 0.80889756] 	[ 141.35318591]    (0.67499511812162838,)
21 	25   	[ 9.33128085]    	[ 25.86873177]   	[ 0.69637055] 	[ 132.03425114]    (0.67499511812162838,)
22 	25   	[ 5.26575035]    	[ 13.03417292]   	[ 0.61666725] 	[ 67.57785468]     (0.6166672517939964,)
23 	25   	[ 15.24591038]   	[ 63.07652001]   	[ 0.38287139] 	[ 323.99477018]    (0.38287138932259451,)
24 	25   	[ 4024.76996867] 	[ 19591.1631579] 	[ 0.47130904] 	[ 100000.]         (0.38287138932259451,)
25 	25   	[ 12.78862136]   	[ 44.82612833]   	[ 0.59593866] 	[ 231.79180027]    (0.38287138932259451,)
26 	25   	[ 4005.24658938] 	[ 19594.84811112]	[ 0.49981514] 	[ 100000.]         (0.38287138932259451,)
27 	25   	[ 3.08233106]    	[ 3.65776533]    	[ 0.36334329] 	[ 19.4725247]      (0.36334329330123993,)
28 	25   	[ 3.10228494]    	[ 3.62908641]    	[ 0.3459176]  	[ 14.48334839]     (0.3459175961627034,)
29 	25   	[ 2.86832389]    	[ 2.76297308]    	[ 0.42783133] 	[ 11.74798833]     (0.3459175961627034,)
30 	25   	[ 4.47132069]    	[ 5.74717027]    	[ 0.43299197] 	[ 27.11755037]     (0.3459175961627034,)
31 	25   	[ 2.44629364]    	[ 2.5660247]     	[ 0.39491393] 	[ 10.86897598]     (0.3459175961627034,)
32 	25   	[ 2.71598765]    	[ 2.71676184]    	[ 0.32551741] 	[ 10.11023402]     (0.3255174119020699,)
33 	25   	[ 2.31206501]    	[ 1.8198746]     	[ 0.3201031]  	[ 6.81672161]      (0.32010309558762745,)
34 	25   	[ 2.7040701]     	[ 2.67493744]    	[ 0.30779285] 	[ 10.05140775]     (0.30779285292182329,)
35 	25   	[ 3.29690927]    	[ 3.11890331]    	[ 0.35481788] 	[ 12.06204623]     (0.30779285292182329,)
36 	25   	[ 2.8168999]     	[ 4.32461297]    	[ 0.30638433] 	[ 17.73865697]     (0.306384329653131,)
37 	25   	[ 4.29949087]    	[ 4.36054099]    	[ 0.39051151] 	[ 16.42253878]     (0.306384329653131,)
38 	25   	[ 3.31818902]    	[ 2.84504825]    	[ 0.39262457] 	[ 11.90994835]     (0.306384329653131,)
39 	25   	[ 2.53386803]    	[ 2.28395886]    	[ 0.39509344] 	[ 7.99845775]      (0.306384329653131,)
40 	25   	[ 2.71978933]    	[ 3.30777218]    	[ 0.33998697] 	[ 14.06411707]     (0.306384329653131,)
41 	25   	[ 3.75605383]    	[ 4.42780085]    	[ 0.37957467] 	[ 21.40902984]     (0.306384329653131,)
42 	25   	[ 1.83617339]    	[ 1.45945803]    	[ 0.37555826] 	[ 6.65454365]      (0.306384329653131,)
43 	25   	[ 2.2157654]     	[ 2.32666818]    	[ 0.22918684] 	[ 9.48317839]      (0.22918683566038836,)
44 	25   	[ 2.34048761]    	[ 2.61968087]    	[ 0.2437392]  	[ 13.2878057]      (0.22918683566038836,)
45 	25   	[ 3.52443939]    	[ 3.26306426]    	[ 0.25216463] 	[ 13.25169981]     (0.22918683566038836,)
46 	25   	[ 2.37819863]    	[ 2.58024942]    	[ 0.16023969] 	[ 9.03719495]      (0.16023969151733122,)
47 	25   	[ 3.40520398]    	[ 2.7527703]     	[ 0.22088412] 	[ 10.59806838]     (0.16023969151733122,)
48 	25   	[ 2.75097996]    	[ 3.03926343]    	[ 0.40418843] 	[ 13.55957868]     (0.16023969151733122,)
49 	25   	[ 2.30086278]    	[ 3.15450864]    	[ 0.25984929] 	[ 12.28412132]     (0.16023969151733122,)
50 	25   	[ 2.79704169]    	[ 2.80581513]    	[ 0.23479064] 	[ 10.39568255]     (0.16023969151733122,)
51 	25   	[ 2.57526256]    	[ 3.81692034]    	[ 0.20742389] 	[ 16.12955123]     (0.16023969151733122,)
52 	25   	[ 3.65028853]    	[ 3.94460908]    	[ 0.22414368] 	[ 16.57014996]     (0.16023969151733122,)
53 	25   	[ 2.6312176]     	[ 2.74263211]    	[ 0.24987713] 	[ 10.01779108]     (0.16023969151733122,)
54 	25   	[ 2.07456028]    	[ 1.88545553]    	[ 0.21883334] 	[ 7.31113833]      (0.16023969151733122,)
55 	25   	[ 2.57083385]    	[ 2.96147743]    	[ 0.21020257] 	[ 9.84509979]      (0.16023969151733122,)
56 	25   	[ 2.37491978]    	[ 2.26801708]    	[ 0.20138425] 	[ 8.95102415]      (0.16023969151733122,)
57 	25   	[ 2.92692102]    	[ 4.69791887]    	[ 0.15877593] 	[ 23.22350014]     (0.15877592588371944,)
58 	25   	[ 2.77188249]    	[ 2.81011259]    	[ 0.1900466]  	[ 11.55293768]     (0.15877592588371944,)
59 	25   	[ 2.47536607]    	[ 3.0744224]     	[ 0.14189026] 	[ 12.58979721]     (0.14189026071934929,)
60 	25   	[ 1.99105332]    	[ 2.14369342]    	[ 0.14556525] 	[ 7.86678749]      (0.14189026071934929,)
61 	25   	[ 2.0724644]     	[ 2.41587118]    	[ 0.27393172] 	[ 9.76750832]      (0.14189026071934929,)
62 	25   	[ 3.23079175]    	[ 2.78198595]    	[ 0.26548957] 	[ 9.06194215]      (0.14189026071934929,)
63 	25   	[ 2.63632464]    	[ 3.10945633]    	[ 0.21595095] 	[ 13.44211921]     (0.14189026071934929,)
64 	25   	[ 1.93506708]    	[ 2.43577822]    	[ 0.17442866] 	[ 8.75008445]      (0.14189026071934929,)
65 	25   	[ 3.60399481]    	[ 3.92885562]    	[ 0.21930218] 	[ 14.65628697]     (0.14189026071934929,)
66 	25   	[ 3.44759836]    	[ 4.79022748]    	[ 0.19481708] 	[ 21.71108185]     (0.14189026071934929,)
67 	25   	[ 3.07202878]    	[ 2.40192]       	[ 0.30891695] 	[ 7.8824763]       (0.14189026071934929,)
68 	25   	[ 2.32256637]    	[ 2.81842508]    	[ 0.29272727] 	[ 14.02922899]     (0.14189026071934929,)
69 	25   	[ 3.57948117]    	[ 4.46653633]    	[ 0.22170244] 	[ 16.87430204]     (0.14189026071934929,)
70 	25   	[ 2.32219242]    	[ 2.69942122]    	[ 0.19192702] 	[ 11.40739871]     (0.14189026071934929,)
71 	25   	[ 2.78461949]    	[ 3.56444259]    	[ 0.17787635] 	[ 13.51279739]     (0.14189026071934929,)
72 	25   	[ 4.0929231]     	[ 6.17844445]    	[ 0.22880252] 	[ 27.79288292]     (0.14189026071934929,)
73 	25   	[ 3.25731194]    	[ 4.11671611]    	[ 0.16900329] 	[ 17.67880937]     (0.14189026071934929,)
74 	25   	[ 4.04560581]    	[ 5.53155343]    	[ 0.2046916]  	[ 23.73860149]     (0.14189026071934929,)
75 	25   	[ 2.21706517]    	[ 2.120959]      	[ 0.12421782] 	[ 7.19503687]      (0.12421782033299975,)
76 	25   	[ 2.40322055]    	[ 3.85818386]    	[ 0.16416332] 	[ 15.83322636]     (0.12421782033299975,)
77 	25   	[ 1.85824509]    	[ 1.98754722]    	[ 0.1363106]  	[ 8.28040981]      (0.12421782033299975,)
78 	25   	[ 1.78025528]    	[ 2.02562429]    	[ 0.19188626] 	[ 7.58561437]      (0.12421782033299975,)
79 	25   	[ 3.93920368]    	[ 4.23520733]    	[ 0.11330485] 	[ 15.31079535]     (0.11330485320639845,)
80 	25   	[ 2.24215907]    	[ 2.58458696]    	[ 0.31574796] 	[ 10.37992213]     (0.11330485320639845,)
81 	25   	[ 2.78105775]    	[ 3.25152097]    	[ 0.16498165] 	[ 13.59364886]     (0.11330485320639845,)
82 	25   	[ 2.55171742]    	[ 3.71264766]    	[ 0.22690637] 	[ 14.13057423]     (0.11330485320639845,)
83 	25   	[ 2.84189625]    	[ 3.88890059]    	[ 0.20666752] 	[ 18.2316159]      (0.11330485320639845,)
84 	25   	[ 2.58828285]    	[ 2.90677628]    	[ 0.14441567] 	[ 10.39347856]     (0.11330485320639845,)
85 	25   	[ 2.72526718]    	[ 3.73801933]    	[ 0.16694092] 	[ 17.68097736]     (0.11330485320639845,)
86 	25   	[ 2.19986634]    	[ 2.40565511]    	[ 0.25791723] 	[ 10.17955254]     (0.11330485320639845,)
87 	25   	[ 3.70962561]    	[ 4.6668371]     	[ 0.3332668]  	[ 21.51496447]     (0.11330485320639845,)
88 	25   	[ 2.44270662]    	[ 2.62797119]    	[ 0.23025027] 	[ 10.91580256]     (0.11330485320639845,)
89 	25   	[ 2.76977484]    	[ 2.98626209]    	[ 0.18489553] 	[ 14.69293479]     (0.11330485320639845,)
90 	25   	[ 2.25213047]    	[ 2.32471195]    	[ 0.19054682] 	[ 11.369618]       (0.11330485320639845,)
91 	25   	[ 3.23669324]    	[ 3.54111317]    	[ 0.13614602] 	[ 13.50377514]     (0.11330485320639845,)
92 	25   	[ 4.03617854]    	[ 4.77805307]    	[ 0.14870777] 	[ 17.98426418]     (0.11330485320639845,)
93 	25   	[ 3.0998407]     	[ 4.00342832]    	[ 0.12124607] 	[ 17.88378098]     (0.11330485320639845,)
94 	25   	[ 3.99966585]    	[ 3.85165156]    	[ 0.18611712] 	[ 12.33089842]     (0.11330485320639845,)
95 	25   	[ 2.72722308]    	[ 3.60212967]    	[ 0.17434829] 	[ 15.63541101]     (0.11330485320639845,)
96 	25   	[ 5.05643082]    	[ 4.45150677]    	[ 0.17771405] 	[ 14.40970313]     (0.11330485320639845,)
97 	25   	[ 2.03486555]    	[ 2.38589302]    	[ 0.15138914] 	[ 10.44276069]     (0.11330485320639845,)
98 	25   	[ 4.17618973]    	[ 6.2234536]     	[ 0.17813134] 	[ 30.66772043]     (0.11330485320639845,)
99 	25   	[ 3.69776491]    	[ 4.90776377]    	[ 0.1397992]  	[ 25.1384399]      (0.11330485320639845,)
100	25   	[ 2.49928455]    	[ 3.28114532]    	[ 0.22530117] 	[ 12.78709529]     (0.11330485320639845,)
