In file included from /usr/lib/python2.7/dist-packages/numpy/core/include/numpy/ndarraytypes.h:1761:0,
                 from /usr/lib/python2.7/dist-packages/numpy/core/include/numpy/ndarrayobject.h:17,
                 from /usr/lib/python2.7/dist-packages/numpy/core/include/numpy/arrayobject.h:4,
                 from /home/pinojc/.cache/scipy/python27_compiled/sc_9bade30717731f645b30a512f757f0fa1565.cpp:22:
/usr/lib/python2.7/dist-packages/numpy/core/include/numpy/npy_1_7_deprecated_api.h:15:2: warning: #warning "Using deprecated NumPy API, disable it by " "#defining NPY_NO_DEPRECATED_API NPY_1_7_API_VERSION" [-Wcpp]
 #warning "Using deprecated NumPy API, disable it by " \
  ^
gen	evals	avg    	std    	min    	max    
0  	100  	891.303	380.772	84.6028	1697.13 (84.602835660804928,)
1  	100  	891.353	404.606	105.702	1639.87 (84.602835660804928,)
2  	100  	882.242	413.277	77.9188	1680.51 (77.918771762396261,)
3  	100  	819.445	434.622	16.0526	1636.17 (16.052582171530226,)
4  	100  	762.415	425.78 	18.0125	1556.17 (16.052582171530226,)
5  	100  	671.797	429.109	14.2232	1634.2  (14.223236655653594,)
6  	100  	590.977	413.349	22.8128	1540.28 (14.223236655653594,)
7  	100  	488.929	411.691	11.8926	1433.84 (11.892635977629563,)
8  	100  	389.171	396.127	11.272 	1624.83 (11.271950707329454,)
9  	100  	328.803	335.894	15.407 	1501.75 (11.271950707329454,)
10 	100  	247.849	355.353	11.092 	1526.23 (11.091950642411561,)
11 	100  	223.501	331.836	10.5768	1442.22 (10.576809483237264,)
12 	100  	221.075	322.474	8.46143	1598.58 (8.4614318090634484,)
13 	100  	194.38 	308.492	7.30016	1583.87 (7.3001628162110794,)
14 	100  	161.343	293.544	7.75375	1424.11 (7.3001628162110794,)
15 	100  	168.963	301.131	8.2607 	1526.68 (7.3001628162110794,)
16 	100  	170.367	301.128	7.58083	1608.49 (7.3001628162110794,)
17 	100  	155.184	288.104	6.70306	1558.79 (6.7030560765201743,)
18 	100  	162.026	289.272	6.6964 	1402.13 (6.6964041072926968,)
19 	100  	160.358	262.242	6.25564	1413.76 (6.255636415195406,)
20 	100  	148.906	276.01 	7.22819	1464.95 (6.255636415195406,)
21 	100  	155.534	274.963	7.01292	1558.96 (6.255636415195406,)
22 	100  	170.103	293.505	6.93259	1454.6  (6.255636415195406,)
23 	100  	150.224	270.684	6.2791 	1424.29 (6.255636415195406,)
24 	100  	131.192	257.713	6.14862	1214.72 (6.1486180562817925,)
25 	100  	143.555	278.903	7.48839	1472.49 (6.1486180562817925,)
26 	100  	141.435	265.372	6.78162	1533.54 (6.1486180562817925,)
27 	100  	114.35 	230.815	7.33541	1418.6  (6.1486180562817925,)
28 	100  	119.891	216.3  	6.65657	1362.49 (6.1486180562817925,)
29 	100  	123.543	240.089	6.98604	1437.5  (6.1486180562817925,)
30 	100  	121.891	220.742	6.88562	1378.02 (6.1486180562817925,)
31 	100  	110.551	200.932	5.36336	1331.25 (5.3633583558473337,)
32 	100  	100.371	169.391	5.65892	1283.61 (5.3633583558473337,)
33 	100  	102.646	184.711	5.53744	1462.21 (5.3633583558473337,)
34 	100  	120.267	164.845	6.41362	1264.13 (5.3633583558473337,)
35 	100  	108.28 	167.523	6.6934 	1252.1  (5.3633583558473337,)
36 	100  	99.2654	180.921	6.23107	1314.55 (5.3633583558473337,)
37 	100  	95.669 	177.453	6.00708	1278.39 (5.3633583558473337,)
38 	100  	91.1017	174.736	6.88599	1352.75 (5.3633583558473337,)
39 	100  	83.3877	172.258	4.99489	1387.71 (4.9948870875567435,)
40 	100  	85.7924	169.82 	4.57461	1392.88 (4.5746099579107211,)
41 	100  	94.647 	169.236	4.65759	1402.39 (4.5746099579107211,)
42 	100  	89.9611	164.539	3.8053 	1382.4  (3.8052969360226445,)
43 	100  	88.5537	167.09 	5.70174	1394.52 (3.8052969360226445,)
44 	100  	96.4058	185    	5.33921	1443.22 (3.8052969360226445,)
45 	100  	80.4471	132.881	5.55278	836.008 (3.8052969360226445,)
46 	100  	88.488 	132.49 	4.6552 	1090.61 (3.8052969360226445,)
47 	100  	78.9073	108.01 	5.32365	809.929 (3.8052969360226445,)
48 	100  	76.1924	99.5708	4.21271	745.403 (3.8052969360226445,)
49 	100  	79.5455	110.37 	4.94094	843.506 (3.8052969360226445,)
50 	100  	82.1952	104.999	4.90932	736.871 (3.8052969360226445,)
51 	100  	85.0307	127.151	4.03059	935.179 (3.8052969360226445,)
52 	100  	75.3337	117.492	4.82613	949.858 (3.8052969360226445,)
53 	100  	80.9693	108.347	5.91753	887.931 (3.8052969360226445,)
54 	100  	85.7445	108.194	5.32189	722.288 (3.8052969360226445,)
55 	100  	74.9661	119.204	4.61642	960.644 (3.8052969360226445,)
56 	100  	74.6893	94.7459	4.2457 	703.4   (3.8052969360226445,)
57 	100  	67.4565	99.414 	5.02917	789.465 (3.8052969360226445,)
58 	100  	68.6542	94.1813	3.98607	773.321 (3.8052969360226445,)
59 	100  	75.7214	100.962	4.46514	846.422 (3.8052969360226445,)
60 	100  	79.4354	114.28 	5.49292	899.179 (3.8052969360226445,)
61 	100  	72.1112	88.427 	4.81865	630.792 (3.8052969360226445,)
62 	100  	76.369 	112.089	4.8402 	771.142 (3.8052969360226445,)
63 	100  	78.1638	112.658	3.70732	812.005 (3.7073169123027698,)
64 	100  	82.117 	113.563	4.33974	852.203 (3.7073169123027698,)
65 	100  	64.5056	92.7867	4.04068	672.666 (3.7073169123027698,)
66 	100  	68.505 	115.552	5.20336	855.829 (3.7073169123027698,)
67 	100  	74.7415	97.4096	5.12637	789.557 (3.7073169123027698,)
68 	100  	80.5127	124.575	3.93773	883.568 (3.7073169123027698,)
69 	100  	70.5332	115.454	3.78424	850.605 (3.7073169123027698,)
70 	100  	77.3503	135.781	4.56473	1037.86 (3.7073169123027698,)
71 	100  	70.5596	113.423	3.81512	736.212 (3.7073169123027698,)
72 	100  	76.9507	104.285	4.14097	617.592 (3.7073169123027698,)
73 	100  	81.5223	125.162	4.44918	955.298 (3.7073169123027698,)
74 	100  	73.9125	128.256	3.95823	932.981 (3.7073169123027698,)
75 	100  	74.9815	108.768	3.95726	854.146 (3.7073169123027698,)
76 	100  	80.3823	102.218	4.51133	672.909 (3.7073169123027698,)
77 	100  	71.1941	80.6117	5.08558	559.491 (3.7073169123027698,)
78 	100  	70.0452	95.6101	4.95572	625.232 (3.7073169123027698,)
79 	100  	88.5857	105.87 	4.13742	721.658 (3.7073169123027698,)
80 	100  	84.4198	85.0838	4.17832	607.052 (3.7073169123027698,)
81 	100  	65.5916	94.4981	4.853  	718.952 (3.7073169123027698,)
82 	100  	72.0871	111.364	3.51845	821.144 (3.5184472283079651,)
83 	100  	72.1524	104.186	3.83238	730.367 (3.5184472283079651,)
84 	100  	73.5954	108.89 	4.50057	812.954 (3.5184472283079651,)
85 	100  	71.4686	109.329	4.87458	900.498 (3.5184472283079651,)
86 	100  	82.5439	109.34 	4.44107	820.226 (3.5184472283079651,)
87 	100  	77.2623	99.9936	3.55858	682.675 (3.5184472283079651,)
88 	100  	62.5321	87.3156	3.2917 	620.807 (3.2917012105441121,)
89 	100  	71.7905	101.05 	3.51033	706.446 (3.2917012105441121,)
90 	100  	73.891 	111.027	4.11673	759.309 (3.2917012105441121,)
91 	100  	71.625 	115.844	3.50267	940.683 (3.2917012105441121,)
92 	100  	81.0736	131.591	4.21776	923.719 (3.2917012105441121,)
93 	100  	86.7577	131.89 	4.92692	983.314 (3.2917012105441121,)
94 	100  	86.4253	134.987	3.79511	979.204 (3.2917012105441121,)
95 	100  	75.9711	136.112	4.21608	1103.15 (3.2917012105441121,)
96 	100  	75.7195	118.437	3.95096	824.999 (3.2917012105441121,)
97 	100  	75.1975	116.788	3.45923	832.264 (3.2917012105441121,)
98 	100  	75.45  	128.138	5.07243	1000.01 (3.2917012105441121,)
99 	100  	67.8602	119.272	3.1427 	828.261 (3.1427029614958228,)
100	100  	70.9485	115.574	4.55205	865.591 (3.1427029614958228,)
101	100  	68.6716	129.521	3.40751	1077.01 (3.1427029614958228,)
102	100  	79.3525	108.516	3.74712	976.057 (3.1427029614958228,)
103	100  	75.5248	117.042	3.00774	962.344 (3.0077395679496681,)
104	100  	78.9611	113.655	3.36012	992.145 (3.0077395679496681,)
105	100  	82.6546	124.658	4.10691	983.96  (3.0077395679496681,)
106	100  	92.8916	127.866	3.25021	998.022 (3.0077395679496681,)
107	100  	63.8764	110.17 	3.90144	838.383 (3.0077395679496681,)
108	100  	88.3508	116.052	3.26408	760.238 (3.0077395679496681,)
109	100  	78.7893	121.468	4.4769 	840.986 (3.0077395679496681,)
110	100  	74.4116	123.569	4.89779	1006.69 (3.0077395679496681,)
111	100  	68.929 	90.8888	4.29468	617.654 (3.0077395679496681,)
112	100  	79.172 	126.298	3.10444	1018.56 (3.0077395679496681,)
113	100  	82.147 	105.345	4.07932	733.158 (3.0077395679496681,)
114	100  	73.3634	95.295 	4.99344	718.626 (3.0077395679496681,)
115	100  	73.6475	85.181 	3.47637	551.455 (3.0077395679496681,)
116	100  	87.3397	108.048	3.42723	705.178 (3.0077395679496681,)
117	100  	72.1129	119.477	2.57784	861.113 (2.577842794812133,)
118	100  	81.7284	112.859	3.938  	961.237 (2.577842794812133,)
119	100  	80.7816	103.968	4.07181	873.589 (2.577842794812133,)
120	100  	82.6325	98.427 	3.7164 	768.487 (2.577842794812133,)
121	100  	81.8789	105.562	2.91426	897.986 (2.577842794812133,)
122	100  	75.8044	100.977	2.73826	756.576 (2.577842794812133,)
123	100  	78.6007	104.935	3.27857	827.877 (2.577842794812133,)
124	100  	77.2223	129.07 	2.73743	959.258 (2.577842794812133,)
125	100  	85.1839	112.153	3.82028	903.927 (2.577842794812133,)
126	100  	73.4243	117.343	5.58578	980.537 (2.577842794812133,)
127	100  	73.507 	135.238	3.34388	1013.73 (2.577842794812133,)
128	100  	73.8472	103.549	3.80237	725.218 (2.577842794812133,)
129	100  	81.0722	131.615	3.04438	936.122 (2.577842794812133,)
130	100  	80.1091	117.701	2.58025	845.618 (2.577842794812133,)
131	100  	75.1781	92.0343	4.74924	641.903 (2.577842794812133,)
132	100  	72.0072	103.345	3.47467	670.994 (2.577842794812133,)
133	100  	72.5687	110.489	3.4799 	838.243 (2.577842794812133,)
134	100  	69.8799	92.267 	3.07854	831.535 (2.577842794812133,)
135	100  	75.2176	96.1028	3.57644	801.816 (2.577842794812133,)
136	100  	84.1598	116.025	4.22853	789.298 (2.577842794812133,)
137	100  	76.2255	113.548	1.90398	850.035 (1.903981513786724,)
138	100  	73.7153	126.65 	2.05783	931.888 (1.903981513786724,)
139	100  	97.1557	123.367	2.8555 	914.565 (1.903981513786724,)
140	100  	94.7569	126.241	2.52167	1040.36 (1.903981513786724,)
141	100  	81.8795	103.44 	2.69126	796.319 (1.903981513786724,)
142	100  	73.8294	117.554	3.3552 	949.774 (1.903981513786724,)
143	100  	74.6777	105.495	4.48782	935.256 (1.903981513786724,)
144	100  	77.5838	111.908	2.87628	926.929 (1.903981513786724,)
145	100  	76.2866	112.595	3.59732	768.618 (1.903981513786724,)
146	100  	84.3512	116.729	2.90384	922.349 (1.903981513786724,)
147	100  	75.9291	113.495	1.89556	814.415 (1.8955635368741501,)
148	100  	92.0963	153.442	3.86694	1176.98 (1.8955635368741501,)
149	100  	84.128 	125.975	3.03395	833.971 (1.8955635368741501,)
150	100  	78.5784	117.655	3.48193	810.381 (1.8955635368741501,)
151	100  	82.8542	115.196	2.64328	968.616 (1.8955635368741501,)
152	100  	82.7433	117.344	2.22048	885.236 (1.8955635368741501,)
153	100  	86.5219	117.256	2.50049	768.727 (1.8955635368741501,)
154	100  	85.7169	113.291	2.6363 	859.344 (1.8955635368741501,)
155	100  	75.0021	116.732	3.79883	955.971 (1.8955635368741501,)
156	100  	78.0024	108.634	2.76437	960.064 (1.8955635368741501,)
157	100  	82.3843	124.404	2.38189	902.518 (1.8955635368741501,)
158	100  	89.3209	131.06 	2.50794	956.225 (1.8955635368741501,)
159	100  	75.0001	122.114	2.25062	1000.26 (1.8955635368741501,)
160	100  	78.8749	131.866	2.08586	1008.74 (1.8955635368741501,)
161	100  	76.1057	94.074 	2.17631	737.257 (1.8955635368741501,)
162	100  	79.9959	104.996	3.00337	714.374 (1.8955635368741501,)
163	100  	83.2663	110.868	3.00342	770.974 (1.8955635368741501,)
164	100  	79.5653	117.189	4.51115	843.396 (1.8955635368741501,)
165	100  	74.9827	115.486	2.46261	810.812 (1.8955635368741501,)
166	100  	73.493 	101.816	2.28211	804.698 (1.8955635368741501,)
167	100  	84.8684	124.145	2.20119	1029.55 (1.8955635368741501,)
168	100  	79.6084	119.44 	6.0529 	934.745 (1.8955635368741501,)
169	100  	73.593 	117.275	2.48215	850.394 (1.8955635368741501,)
170	100  	73.6984	128.203	3.02852	964.03  (1.8955635368741501,)
171	100  	84.2932	124.337	3.02313	844.815 (1.8955635368741501,)
172	100  	80.8566	127.891	2.52914	893.728 (1.8955635368741501,)
173	100  	77.2077	126.984	2.11946	891.284 (1.8955635368741501,)
174	100  	87.1019	115.631	2.89456	966.491 (1.8955635368741501,)
175	100  	82.4827	117.633	3.30216	979.089 (1.8955635368741501,)
176	100  	91.9377	128.725	4.12018	1057.91 (1.8955635368741501,)
177	100  	77.583 	122.694	2.40261	876.931 (1.8955635368741501,)
178	100  	74.3122	96.5882	3.63489	737.746 (1.8955635368741501,)
179	100  	88.0377	107.964	3.27034	907.164 (1.8955635368741501,)
180	100  	91.8819	122.213	2.799  	874.439 (1.8955635368741501,)
181	100  	73.703 	120.169	1.84081	884.847 (1.8408077069511197,)
182	100  	82.0134	117.521	3.62128	828.79  (1.8408077069511197,)
183	100  	81.926 	111.948	3.09759	777.942 (1.8408077069511197,)
184	100  	82.4884	106.176	2.59479	794.1   (1.8408077069511197,)
185	100  	83.7391	119.404	3.58767	939.716 (1.8408077069511197,)
186	100  	81.0657	124.706	2.95243	934.91  (1.8408077069511197,)
187	100  	66.5885	109.538	2.24026	776.051 (1.8408077069511197,)
188	100  	72.7168	119.429	3.10416	865.304 (1.8408077069511197,)
189	100  	82.1604	131.971	2.2177 	1027.08 (1.8408077069511197,)
190	100  	82.1918	110.061	1.68562	827.003 (1.6856187901825543,)
191	100  	88.6837	110.864	3.38121	729.12  (1.6856187901825543,)
192	100  	89.7774	115.55 	3.76825	798.924 (1.6856187901825543,)
193	100  	77.6976	114.428	3.56304	873.47  (1.6856187901825543,)
194	100  	76.3963	106.817	2.05068	705.294 (1.6856187901825543,)
195	100  	76.4869	134.185	2.34199	991.087 (1.6856187901825543,)
196	100  	75.7651	116.297	2.08005	935.917 (1.6856187901825543,)
197	100  	71.4693	113.989	2.69818	951.185 (1.6856187901825543,)
198	100  	79.9868	130.289	2.37049	917.809 (1.6856187901825543,)
199	100  	78.8143	108.58 	3.66243	689.522 (1.6856187901825543,)
200	100  	66.3142	108.221	2.36966	848.43  (1.6856187901825543,)
201	100  	78.0913	101.264	1.97181	799.261 (1.6856187901825543,)
202	100  	82.0972	108.792	2.19819	719.359 (1.6856187901825543,)
203	100  	76.207 	107.035	2.35097	823.081 (1.6856187901825543,)
204	100  	83.5175	124.263	3.2731 	869.255 (1.6856187901825543,)
205	100  	83.1856	110.842	2.18863	779.503 (1.6856187901825543,)
206	100  	77.9864	90.7956	4.92844	706.219 (1.6856187901825543,)
207	100  	72.3979	96.8805	3.94915	724.084 (1.6856187901825543,)
208	100  	72.7443	99.3346	2.80609	676.992 (1.6856187901825543,)
209	100  	66.0067	99.7911	2.0371 	769.586 (1.6856187901825543,)
210	100  	84.0793	126.315	2.82104	997.784 (1.6856187901825543,)
211	100  	72.7161	97.8122	2.53555	791.21  (1.6856187901825543,)
212	100  	85.8367	108.609	2.47006	838.144 (1.6856187901825543,)
213	100  	89.6122	135.315	2.2722 	1021.32 (1.6856187901825543,)
214	100  	84.7689	122.788	1.8648 	965.032 (1.6856187901825543,)
215	100  	86.8941	130.256	2.13612	937.318 (1.6856187901825543,)
216	100  	90.9267	110.372	2.45393	728.891 (1.6856187901825543,)
217	100  	78.5736	114.654	2.20653	801.227 (1.6856187901825543,)
218	100  	71.4752	116.969	3.33784	872.569 (1.6856187901825543,)
219	100  	89.3646	117.931	3.62749	865.91  (1.6856187901825543,)
220	100  	78.0656	120.432	2.9302 	1042.75 (1.6856187901825543,)
221	100  	81.1376	114.344	2.49503	947.739 (1.6856187901825543,)
222	100  	80.5393	117.988	3.03402	806.04  (1.6856187901825543,)
223	100  	71.9835	119.18 	2.37554	845.843 (1.6856187901825543,)
224	100  	74.3903	106.729	1.94455	775.658 (1.6856187901825543,)
225	100  	73.3889	103.134	1.92313	697.1   (1.6856187901825543,)
226	100  	75.8671	96.814 	3.05402	816.12  (1.6856187901825543,)
227	100  	78.1013	92.0713	3.9923 	742.757 (1.6856187901825543,)
228	100  	73.7456	73.4783	1.67527	434.448 (1.6752745065450809,)
229	100  	79.9695	84.0501	4.51519	529.031 (1.6752745065450809,)
230	100  	71.1432	88.9005	2.18958	672.242 (1.6752745065450809,)
231	100  	73.0971	78.2832	2.37114	468.115 (1.6752745065450809,)
232	100  	74.0934	80.2035	1.71365	558.043 (1.6752745065450809,)
233	100  	76.5569	89.8539	2.27723	667.326 (1.6752745065450809,)
234	100  	80.9991	108.041	1.54123	712.446 (1.5412286403672688,)
235	100  	61.2805	76.6633	2.91545	599.459 (1.5412286403672688,)
236	100  	65.4236	96.6671	2.08754	806.287 (1.5412286403672688,)
237	100  	71.8149	98.6903	1.88073	749.585 (1.5412286403672688,)
238	100  	93.6907	94.2319	1.774  	735.136 (1.5412286403672688,)
239	100  	84.3069	93.1914	2.20091	741.894 (1.5412286403672688,)
240	100  	78.5282	78.9577	2.72558	612.506 (1.5412286403672688,)
241	100  	72.8022	71.0514	2.19954	376.081 (1.5412286403672688,)
242	100  	70.0032	93.0887	2.50393	790.04  (1.5412286403672688,)
243	100  	67.1123	70.986 	2.91313	471.224 (1.5412286403672688,)
244	100  	69.2823	73.9961	1.63122	495.672 (1.5412286403672688,)
245	100  	66.9494	78.1974	2.85647	619.189 (1.5412286403672688,)
246	100  	82.4745	80.9455	1.68004	506.871 (1.5412286403672688,)
247	100  	71.4029	82.5242	3.74895	607.602 (1.5412286403672688,)
248	100  	67.2498	84.3172	2.05978	666.422 (1.5412286403672688,)
249	100  	71.5028	98.9911	1.84027	798.944 (1.5412286403672688,)
250	100  	76.5815	96.4078	1.64503	775.29  (1.5412286403672688,)
251	100  	76.2748	84.873 	3.91125	617.767 (1.5412286403672688,)
252	100  	72.4181	78.5141	1.83728	527.06  (1.5412286403672688,)
253	100  	61.2962	63.1784	1.74202	305.957 (1.5412286403672688,)
254	100  	64.4345	64.1527	1.64473	248.688 (1.5412286403672688,)
255	100  	70.8753	64.4372	2.35785	340.315 (1.5412286403672688,)
256	100  	67.6197	63.0182	1.83116	307.723 (1.5412286403672688,)
257	100  	69.6737	64.6834	3.00841	254.583 (1.5412286403672688,)
258	100  	75.1199	65.4075	2.62767	341.909 (1.5412286403672688,)
259	100  	73.4516	60.8521	2.12361	245.379 (1.5412286403672688,)
260	100  	62.9118	52.2674	2.06618	235.226 (1.5412286403672688,)
261	100  	59.5994	52.6365	2.12729	207.974 (1.5412286403672688,)
262	100  	60.2634	53.6151	1.78127	231.649 (1.5412286403672688,)
263	100  	60.5028	58.2312	1.93751	251.63  (1.5412286403672688,)
264	100  	68.8661	61.8614	2.09304	250.517 (1.5412286403672688,)
265	100  	70.9086	63.0648	3.03571	382.215 (1.5412286403672688,)
266	100  	64.9503	57.6774	2.68961	291.832 (1.5412286403672688,)
267	100  	70.26  	65.9485	2.48377	288.894 (1.5412286403672688,)
268	100  	64.3402	54.2185	1.80335	241.397 (1.5412286403672688,)
269	100  	64.5188	55.616 	3.84672	293.967 (1.5412286403672688,)
270	100  	66.5912	62.0098	2.42461	266.298 (1.5412286403672688,)
271	100  	75.2997	63.9368	1.75067	365.738 (1.5412286403672688,)
272	100  	68.1205	57.848 	2.36522	255.962 (1.5412286403672688,)
273	100  	72.7306	62.3156	2.3311 	299.951 (1.5412286403672688,)
274	100  	75.3488	63.1908	2.77185	316.834 (1.5412286403672688,)
275	100  	71.0906	66.9663	2.08094	273.855 (1.5412286403672688,)
276	100  	70.1611	60.3326	1.54842	240.6   (1.5412286403672688,)
277	100  	76.8106	75.3268	1.66244	397.71  (1.5412286403672688,)
278	100  	73.8974	66.4134	2.86997	281.801 (1.5412286403672688,)
279	100  	64.0962	50.9682	2.42692	213.163 (1.5412286403672688,)
280	100  	58.0358	55.5485	3.20068	231.417 (1.5412286403672688,)
281	100  	58.9323	61.1993	1.63481	381.647 (1.5412286403672688,)
282	100  	57.7757	51.2319	2.70202	188.143 (1.5412286403672688,)
283	100  	63.3661	59.6845	1.64678	295.719 (1.5412286403672688,)
284	100  	71.0367	58.492 	4.13197	250.683 (1.5412286403672688,)
285	100  	69.7766	65.0912	2.92593	306.606 (1.5412286403672688,)
286	100  	75.5838	64.6217	2.87122	399.837 (1.5412286403672688,)
287	100  	65.2529	59.7476	2.42177	270.798 (1.5412286403672688,)
288	100  	64.4146	55.0989	2.4153 	240.123 (1.5412286403672688,)
289	100  	62.4235	59.6407	2.72799	239.107 (1.5412286403672688,)
290	100  	64.3554	58.8332	2.61433	320.83  (1.5412286403672688,)
291	100  	60.9169	57.723 	2.01325	294.421 (1.5412286403672688,)
292	100  	74.1551	69.6735	1.64712	288.271 (1.5412286403672688,)
293	100  	78.6916	69.6783	3.15844	344.32  (1.5412286403672688,)
294	100  	64.372 	57.9595	1.9051 	287.405 (1.5412286403672688,)
295	100  	72.1134	67.5413	2.40237	428.642 (1.5412286403672688,)
296	100  	73.2939	63.8836	2.70253	347.876 (1.5412286403672688,)
297	100  	68.5761	67.3283	3.42126	277.345 (1.5412286403672688,)
298	100  	63.9311	62.4079	2.58278	246.518 (1.5412286403672688,)
299	100  	60.3143	54.7708	1.56141	273.643 (1.5412286403672688,)
300	100  	66.9713	60.1521	3.20982	332.745 (1.5412286403672688,)
301	100  	59.3711	56.9728	2.38585	290.364 (1.5412286403672688,)
302	100  	61.1024	58.4159	2.158  	336.905 (1.5412286403672688,)
303	100  	65.8379	59.4444	2.85021	249.83  (1.5412286403672688,)
304	100  	68.8607	73.953 	1.72758	411.996 (1.5412286403672688,)
305	100  	53.8094	49.0507	1.52823	284.321 (1.5282305516132693,)
306	100  	68.6237	61.2797	1.98517	293.206 (1.5282305516132693,)
307	100  	63.89  	57.2725	1.45263	278.333 (1.4526251365310641,)
308	100  	54.2315	49.0676	2.45344	211.523 (1.4526251365310641,)
309	100  	62.8082	65.5761	2.12074	330.908 (1.4526251365310641,)
310	100  	75.2788	65.7551	1.84764	307.607 (1.4526251365310641,)
311	100  	66.6891	63.3844	1.6394 	275.808 (1.4526251365310641,)
312	100  	70.6047	66.2177	2.83054	369.729 (1.4526251365310641,)
313	100  	74.5435	65.487 	2.7278 	302.089 (1.4526251365310641,)
314	100  	89.1172	94.5921	4.12403	595.682 (1.4526251365310641,)
315	100  	74.7942	71.3088	1.3913 	359.625 (1.3912985662677817,)
316	100  	77.919 	68.6338	2.76354	318.007 (1.3912985662677817,)
317	100  	68.7366	63.1173	1.53449	329.211 (1.3912985662677817,)
318	100  	71.614 	66.949 	1.61058	289.897 (1.3912985662677817,)
319	100  	80.5043	75.654 	2.45526	339.058 (1.3912985662677817,)
320	100  	77.9828	71.5535	2.34411	328.972 (1.3912985662677817,)
321	100  	85.4401	82.2069	1.8777 	409.319 (1.3912985662677817,)
322	100  	72.7254	68.3785	2.32971	283.912 (1.3912985662677817,)
323	100  	65.8971	73.3162	2.10122	391.377 (1.3912985662677817,)
324	100  	68.9479	73.7706	1.89087	522.506 (1.3912985662677817,)
325	100  	61.7602	53.9833	1.73841	244.654 (1.3912985662677817,)
326	100  	75.69  	70.4421	1.89789	341.317 (1.3912985662677817,)
327	100  	78.8852	67.329 	2.65872	294.058 (1.3912985662677817,)
328	100  	76.5593	61.1357	3.14642	264.949 (1.3912985662677817,)
329	100  	82.0483	65.5004	1.89091	355.917 (1.3912985662677817,)
330	100  	77.6989	65.066 	4.46161	285.082 (1.3912985662677817,)
331	100  	72.9141	62.867 	1.54842	291.353 (1.3912985662677817,)
332	100  	64.1257	59.5018	3.14299	357.294 (1.3912985662677817,)
333	100  	68.512 	62.6433	2.32664	277.053 (1.3912985662677817,)
334	100  	73.0315	67.4303	2.14989	369.157 (1.3912985662677817,)
335	100  	67.0492	57.8776	1.56421	313.355 (1.3912985662677817,)
336	100  	75.7466	70.2375	1.84518	438.226 (1.3912985662677817,)
337	100  	70.1804	58.6229	2.42575	255.129 (1.3912985662677817,)
338	100  	69.3405	67.2392	1.81882	292.075 (1.3912985662677817,)
339	100  	84.5551	73.4139	3.07458	402.411 (1.3912985662677817,)
340	100  	77.3433	62.2197	1.41206	283.261 (1.3912985662677817,)
341	100  	66.7513	60.2583	2.37557	283.049 (1.3912985662677817,)
342	100  	60.8275	57.6877	1.68235	254.143 (1.3912985662677817,)
343	100  	60.8864	59.699 	2.75744	307.078 (1.3912985662677817,)
344	100  	73.2982	70.5038	1.62039	386.967 (1.3912985662677817,)
345	100  	75.4368	62.1573	1.73067	327.555 (1.3912985662677817,)
346	100  	63.0856	56.3651	2.14934	269.121 (1.3912985662677817,)
347	100  	72.5873	72.2912	2.48721	331.721 (1.3912985662677817,)
348	100  	76.5746	68.8132	1.41582	311.476 (1.3912985662677817,)
349	100  	65.143 	71.5715	2.35069	314.732 (1.3912985662677817,)
350	100  	62.0318	53.8049	1.24736	236.452 (1.2473574746483316,)
351	100  	66.7125	58.2318	2.16747	304.102 (1.2473574746483316,)
352	100  	74.0379	59.3368	1.1535 	296.643 (1.1535000810621299,)
353	100  	68.0825	63.3501	1.6182 	374.294 (1.1535000810621299,)
354	100  	79.0724	66.8212	2.22478	368.601 (1.1535000810621299,)
355	100  	75.1049	74.6989	1.72493	326.295 (1.1535000810621299,)
356	100  	63.5465	69.55  	2.26162	352.767 (1.1535000810621299,)
357	100  	68.7398	62.4974	2.40251	376.344 (1.1535000810621299,)
358	100  	69.6115	62.4136	1.03395	304.383 (1.033954409619398,)
359	100  	60.6087	58.9819	1.67177	290.953 (1.033954409619398,)
360	100  	63.4728	57.4999	1.81616	240.317 (1.033954409619398,)
361	100  	68.8705	72.5635	2.2712 	444.466 (1.033954409619398,)
362	100  	65.1552	69.6046	2.05499	296.162 (1.033954409619398,)
363	100  	67.4106	69.1914	1.5191 	333.32  (1.033954409619398,)
364	100  	67.1576	58.8394	2.23656	286.687 (1.033954409619398,)
365	100  	65.7782	53.5493	2.33902	286.238 (1.033954409619398,)
366	100  	67.9338	65.0193	2.0758 	292.227 (1.033954409619398,)
367	100  	64.667 	63.4574	2.12669	367.354 (1.033954409619398,)
368	100  	69.654 	68.2064	1.28098	302.747 (1.033954409619398,)
369	100  	56.9037	58.835 	1.661  	273.285 (1.033954409619398,)
370	100  	66.2865	64.0154	2.37245	379.273 (1.033954409619398,)
371	100  	67.6229	59.585 	2.5504 	348.865 (1.033954409619398,)
372	100  	66.9757	51.4954	3.28344	215.098 (1.033954409619398,)
373	100  	71.9341	62.7994	2.19066	362.424 (1.033954409619398,)
374	100  	69.6942	66.3204	1.49819	245.208 (1.033954409619398,)
375	100  	64.0629	65.375 	1.98131	459.806 (1.033954409619398,)
376	100  	70.1419	69.0922	1.85075	310.707 (1.033954409619398,)
377	100  	63.796 	58.0881	1.54332	276.025 (1.033954409619398,)
378	100  	62.7692	60.556 	1.52361	238.692 (1.033954409619398,)
379	100  	57.6282	54.2584	1.42292	326.945 (1.033954409619398,)
380	100  	63.7797	64.2651	1.63554	318.903 (1.033954409619398,)
381	100  	65.8535	60.1432	1.74039	296.162 (1.033954409619398,)
382	100  	59.9152	59.3129	1.37213	287.293 (1.033954409619398,)
383	100  	69.3612	60.9177	1.85357	255.228 (1.033954409619398,)
384	100  	63.5163	59.1473	2.17385	297.549 (1.033954409619398,)
385	100  	72.5147	69.229 	1.74294	273.272 (1.033954409619398,)
386	100  	71.2202	71.1517	1.60593	450.432 (1.033954409619398,)
387	100  	68.2664	61.8141	1.79165	321.285 (1.033954409619398,)
388	100  	68.7069	63.6519	1.79726	322.652 (1.033954409619398,)
389	100  	64.1051	55.0265	2.4528 	272.596 (1.033954409619398,)
390	100  	54.3987	52.2138	1.97362	302.25  (1.033954409619398,)
391	100  	63.1339	52.2826	1.6587 	300.437 (1.033954409619398,)
392	100  	62.2194	57.2504	1.46416	261.544 (1.033954409619398,)
393	100  	51.641 	47.2063	1.99202	254.005 (1.033954409619398,)
394	100  	62.9216	57.1387	1.02292	242.884 (1.0229230434766563,)
395	100  	61.1775	55.9386	1.26622	231.952 (1.0229230434766563,)
396	100  	83.3617	72.8929	1.8192 	337.8   (1.0229230434766563,)
397	100  	62.5989	66.7021	2.35322	374.797 (1.0229230434766563,)
398	100  	70.6956	61.3575	1.14509	263.453 (1.0229230434766563,)
399	100  	72.8972	61.4779	1.96931	257.479 (1.0229230434766563,)
400	100  	69.4482	55.876 	1.78061	276.487 (1.0229230434766563,)
401	100  	63.8654	59.3491	2.78508	263.048 (1.0229230434766563,)
402	100  	69.7201	66.2841	1.93115	409.126 (1.0229230434766563,)
403	100  	70.7153	61.1477	2.46922	307.045 (1.0229230434766563,)
404	100  	74.7529	68.5899	2.04412	344.063 (1.0229230434766563,)
405	100  	76.2461	62.658 	1.62242	310.708 (1.0229230434766563,)
406	100  	70.6326	67.9074	1.87227	294.493 (1.0229230434766563,)
407	100  	74.4148	67.226 	2.283  	410.669 (1.0229230434766563,)
408	100  	68.968 	58.9136	1.45767	284.53  (1.0229230434766563,)
409	100  	71.0166	58.3131	1.90112	313.48  (1.0229230434766563,)
410	100  	74.7825	70.8302	2.07643	339.762 (1.0229230434766563,)
411	100  	69.0241	61.5535	1.73481	277.346 (1.0229230434766563,)
412	100  	73.9461	65.3885	1.46863	353.105 (1.0229230434766563,)
413	100  	75.1962	65.3796	1.88519	253.345 (1.0229230434766563,)
414	100  	71.6525	73.8756	1.31608	339.97  (1.0229230434766563,)
415	100  	69.3648	64.9158	2.08622	271.095 (1.0229230434766563,)
416	100  	77.0205	69.5094	1.52714	283.547 (1.0229230434766563,)
417	100  	71.0164	71.4019	1.39034	353.625 (1.0229230434766563,)
418	100  	58.9885	55.215 	1.41945	256.188 (1.0229230434766563,)
419	100  	77.6509	59.1149	2.01398	231.951 (1.0229230434766563,)
420	100  	68.2765	72.0808	1.28525	368.137 (1.0229230434766563,)
421	100  	83.538 	72.8714	1.46913	413.107 (1.0229230434766563,)
422	100  	75.4318	66.4972	1.35747	292.598 (1.0229230434766563,)
423	100  	75.6664	73.3251	2.06708	349.518 (1.0229230434766563,)
424	100  	74.0564	63.1739	2.37726	294.418 (1.0229230434766563,)
425	100  	73.0138	64.4416	1.87754	295.066 (1.0229230434766563,)
426	100  	74.5733	65.7615	1.27032	257.159 (1.0229230434766563,)
427	100  	66.4044	72.2189	1.47542	338.254 (1.0229230434766563,)
428	100  	70.0477	59.4107	1.67429	290.196 (1.0229230434766563,)
429	100  	65.3155	59.1421	2.87457	301.444 (1.0229230434766563,)
430	100  	62.0736	58.8007	1.88732	256.167 (1.0229230434766563,)
431	100  	69.6602	66.243 	1.20084	288.933 (1.0229230434766563,)
432	100  	80.9565	75.4516	2.5056 	400.811 (1.0229230434766563,)
433	100  	70.6536	62.4035	1.99778	361.492 (1.0229230434766563,)
434	100  	79.0756	64.378 	1.79223	317.078 (1.0229230434766563,)
435	100  	77.0867	63.2732	2.41861	286.549 (1.0229230434766563,)
436	100  	68.1216	58.3427	1.5506 	275.954 (1.0229230434766563,)
437	100  	71.8764	64.5205	2.186  	307.321 (1.0229230434766563,)
438	100  	65.1974	55.4546	2.22763	264.807 (1.0229230434766563,)
439	100  	75.7085	68.1457	1.77486	332.606 (1.0229230434766563,)
440	100  	68.639 	69.7166	1.01218	275.173 (1.0121781060061532,)
441	100  	74.1909	72.4632	1.83655	280.89  (1.0121781060061532,)
442	100  	71.0622	61.0048	1.24023	295.284 (1.0121781060061532,)
443	100  	70.6806	61.9138	2.73146	290.23  (1.0121781060061532,)
444	100  	68.0521	57.3498	3.30728	289.459 (1.0121781060061532,)
445	100  	75.8046	70.0202	1.46097	274.823 (1.0121781060061532,)
446	100  	67.2417	66.0011	1.79269	304.037 (1.0121781060061532,)
447	100  	65.8926	60.5563	1.95408	292.004 (1.0121781060061532,)
448	100  	76.5949	64.7421	1.33253	356.346 (1.0121781060061532,)
449	100  	72.8888	64.1336	2.05919	325.437 (1.0121781060061532,)
450	100  	69.7659	69.7742	1.44525	303.036 (1.0121781060061532,)
451	100  	75.805 	66.0093	1.33043	303.797 (1.0121781060061532,)
452	100  	70.6435	74.7817	2.39784	400.852 (1.0121781060061532,)
453	100  	65.1502	58.3011	2.20955	286.823 (1.0121781060061532,)
454	100  	76.9026	65.2278	1.43133	285.332 (1.0121781060061532,)
455	100  	73.0859	66.45  	1.5619 	292.235 (1.0121781060061532,)
456	100  	68.4947	59.5129	2.37639	293.971 (1.0121781060061532,)
457	100  	74.3795	73.4082	2.04554	446.091 (1.0121781060061532,)
458	100  	80.0568	71.3767	1.44311	342.336 (1.0121781060061532,)
459	100  	74.9826	64.7618	1.87922	322.591 (1.0121781060061532,)
460	100  	68.9012	59.0505	2.56826	264.405 (1.0121781060061532,)
461	100  	66.1346	59.1647	2.45774	235.672 (1.0121781060061532,)
462	100  	75.0598	67.6339	1.37006	362.881 (1.0121781060061532,)
463	100  	75.252 	62.5211	1.55494	257.319 (1.0121781060061532,)
464	100  	71.3151	63.4787	2.06635	249.996 (1.0121781060061532,)
465	100  	70.8092	73.2167	1.39533	404.039 (1.0121781060061532,)
466	100  	67.3659	58.1267	1.07727	280.949 (1.0121781060061532,)
467	100  	68.5737	62.8817	1.34934	250.139 (1.0121781060061532,)
468	100  	70.2156	66.2455	1.7646 	345.399 (1.0121781060061532,)
469	100  	68.1711	64.5807	1.23619	365.946 (1.0121781060061532,)
470	100  	70.0011	60.2649	1.53185	239.18  (1.0121781060061532,)
471	100  	67.5871	55.3788	1.04676	246.936 (1.0121781060061532,)
472	100  	74.6625	67.7529	2.19744	334.121 (1.0121781060061532,)
473	100  	78.6117	68.741 	2.21883	299.11  (1.0121781060061532,)
474	100  	57.7498	60.297 	1.38606	289.57  (1.0121781060061532,)
475	100  	73.1357	63.9461	2.53409	270.498 (1.0121781060061532,)
476	100  	82.8272	72.6906	1.84903	317.912 (1.0121781060061532,)
477	100  	78.8809	60.5419	2.93629	340.698 (1.0121781060061532,)
478	100  	71.7124	69.9542	1.68073	307.619 (1.0121781060061532,)
479	100  	65.0176	62.89  	1.89294	269.775 (1.0121781060061532,)
480	100  	67.2104	58.1792	1.7924 	251.666 (1.0121781060061532,)
481	100  	74.101 	68.0979	3.31132	386.873 (1.0121781060061532,)
482	100  	73.7259	67.3906	1.42646	256.533 (1.0121781060061532,)
483	100  	73.8752	65.134 	1.03464	368.255 (1.0121781060061532,)
484	100  	82.6777	71.5965	3.01542	368.732 (1.0121781060061532,)
485	100  	68.8961	64.1706	1.68542	299.003 (1.0121781060061532,)
486	100  	86.0816	82.4099	1.86808	403.129 (1.0121781060061532,)
487	100  	72.2427	69.0838	1.22534	341.058 (1.0121781060061532,)
488	100  	57.1436	47.4612	1.55038	231.004 (1.0121781060061532,)
489	100  	59.0163	47.5501	1.66933	210.558 (1.0121781060061532,)
490	100  	57.1302	54.1335	2.89769	289.624 (1.0121781060061532,)
491	100  	72.023 	59.0288	1.70554	252.963 (1.0121781060061532,)
492	100  	66.3085	59.3037	2.76058	262.355 (1.0121781060061532,)
493	100  	66.1268	61.4583	1.20897	283.775 (1.0121781060061532,)
494	100  	76.0886	62.7789	1.62455	384.581 (1.0121781060061532,)
495	100  	69.9118	70.5   	3.07258	367.19  (1.0121781060061532,)
496	100  	71.8772	66.2609	1.16333	271.584 (1.0121781060061532,)
497	100  	70.0959	67.1365	0.996323	290.048 (0.99632290844402016,)
498	100  	59.7532	49.7375	5.83407 	330.244 (0.99632290844402016,)
499	100  	60.638 	55.963 	1.88063 	288.062 (0.99632290844402016,)
