In file included from /usr/lib/python2.7/dist-packages/numpy/core/include/numpy/ndarraytypes.h:1761:0,
                 from /usr/lib/python2.7/dist-packages/numpy/core/include/numpy/ndarrayobject.h:17,
                 from /usr/lib/python2.7/dist-packages/numpy/core/include/numpy/arrayobject.h:4,
                 from /home/pinojc/.cache/scipy/python27_compiled/sc_9bade30717731f645b30a512f757f0fa1572.cpp:22:
/usr/lib/python2.7/dist-packages/numpy/core/include/numpy/npy_1_7_deprecated_api.h:15:2: warning: #warning "Using deprecated NumPy API, disable it by " "#defining NPY_NO_DEPRECATED_API NPY_1_7_API_VERSION" [-Wcpp]
 #warning "Using deprecated NumPy API, disable it by " \
  ^
gen	evals	avg    	std    	min   	max    
0  	100  	930.371	335.416	90.807	1551.79 (90.807012207921005,)
1  	100  	930.216	349.932	90.9692	1597.27 (90.807012207921005,)
2  	100  	852.431	419.44 	53.6506	1727.85 (53.650609599544765,)
3  	100  	827.008	408.476	51.3988	1818.21 (51.398833885414582,)
4  	100  	768.297	405.763	53.3602	1613.76 (51.398833885414582,)
5  	100  	690.642	395.768	27.481 	1605.27 (27.48097248835851,)
6  	100  	581.335	396.858	35.6947	1572.03 (27.48097248835851,)
7  	100  	495.93 	403.741	26.793 	1523.4  (26.793030749493383,)
8  	100  	463.885	354.688	32.419 	1461.33 (26.793030749493383,)
9  	100  	384.912	366.706	26.1627	1743.11 (26.162672843481801,)
10 	100  	311.314	356.402	20.8144	1652.45 (20.814356101545471,)
11 	100  	244.383	329.518	19.3073	1540.25 (19.307271175965774,)
12 	100  	212.445	293.206	20.1223	1424.32 (19.307271175965774,)
13 	100  	199.063	319.959	17.0416	1450.95 (17.041554254480975,)
14 	100  	175.827	307.196	17.2007	1570.55 (17.041554254480975,)
15 	100  	179.351	313.285	16.6775	1465.86 (16.677524857864334,)
16 	100  	164.521	289.009	15.7425	1363.92 (15.742470958723452,)
17 	100  	154.051	267.177	15.5751	1319.2  (15.575124119200975,)
18 	100  	161.782	267.352	15.7163	1302.37 (15.575124119200975,)
19 	100  	151.393	268.934	15.8408	1234.33 (15.575124119200975,)
20 	100  	149.678	243.777	16.3258	1183.34 (15.575124119200975,)
21 	100  	141.5  	249.637	16.2306	1306.77 (15.575124119200975,)
22 	100  	128.475	230.169	16.1421	1196.74 (15.575124119200975,)
23 	100  	120.39 	221.149	14.5188	1219.72 (14.518824871643879,)
24 	100  	123.764	235.165	14.4513	1173.2  (14.451277398215087,)
25 	100  	133.496	250.004	15.6966	1383.58 (14.451277398215087,)
26 	100  	139.639	260.852	14.8814	1526.63 (14.451277398215087,)
27 	100  	134.473	246.945	14.1656	1211.31 (14.165575165642146,)
28 	100  	132.033	243.994	13.1722	1323.05 (13.172248507892633,)
29 	100  	140.507	249.841	12.2835	1397.67 (12.283458077173808,)
30 	100  	131.057	242.154	13.2563	1334.95 (12.283458077173808,)
31 	100  	142.323	248.95 	11.7172	1288.52 (11.717249849084345,)
32 	100  	142.377	255.066	13.0768	1285.89 (11.717249849084345,)
33 	100  	136.199	263.459	12.0841	1597.32 (11.717249849084345,)
34 	100  	127.913	251.164	12.1096	1310.2  (11.717249849084345,)
35 	100  	129.287	253.005	12.5206	1616.2  (11.717249849084345,)
36 	100  	124.711	230.731	12.5085	1298.32 (11.717249849084345,)
37 	100  	119.529	219.188	11.7898	1174.82 (11.717249849084345,)
38 	100  	116.308	240.95 	10.8931	1303.92 (10.893136695065602,)
39 	100  	114.166	237.831	10.2511	1305.67 (10.251121581343986,)
40 	100  	114.748	239.353	10.2797	1362.5  (10.251121581343986,)
41 	100  	129.528	238.209	10.7399	1386.68 (10.251121581343986,)
42 	100  	109.228	207.362	10.0278	1300.28 (10.027761945316838,)
43 	100  	103.684	202.823	11.0351	1180.61 (10.027761945316838,)
44 	100  	97.9383	219.938	10.7069	1632.94 (10.027761945316838,)
45 	100  	95.8304	200.078	10.0118	1337.02 (10.011834605588319,)
46 	100  	101.176	194.494	10.1335	1292.61 (10.011834605588319,)
47 	100  	94.5595	204.475	9.8497 	1495.41 (9.8497040748289653,)
48 	100  	105.474	191.102	10.4296	1257.03 (9.8497040748289653,)
49 	100  	91.5312	165.091	9.38074	1015.81 (9.3807373325398018,)
50 	100  	108.402	193.396	8.96838	1313.38 (8.9683759043558524,)
51 	100  	99.794 	205.227	7.92589	1406.21 (7.9258932360055923,)
52 	100  	93.8657	199.26 	8.68654	1291.68 (7.9258932360055923,)
53 	100  	102.968	191.316	8.49618	1338.79 (7.9258932360055923,)
54 	100  	113.768	208.758	8.77658	1596.8  (7.9258932360055923,)
55 	100  	103.66 	196.751	9.37132	1478.31 (7.9258932360055923,)
56 	100  	95.2725	189.317	8.3221 	1319.81 (7.9258932360055923,)
57 	100  	109.2  	193.738	9.89052	1304.5  (7.9258932360055923,)
58 	100  	111.857	195.215	9.95931	1477.76 (7.9258932360055923,)
59 	100  	104.174	176.537	8.25259	1110.06 (7.9258932360055923,)
60 	100  	107.128	211.195	9.87236	1359.28 (7.9258932360055923,)
61 	100  	101.633	199.044	8.82262	1482.91 (7.9258932360055923,)
62 	100  	107.779	187.254	8.33369	1322.48 (7.9258932360055923,)
63 	100  	96.5787	183.378	9.00526	1476.88 (7.9258932360055923,)
64 	100  	93.1479	175.994	7.96976	1409.11 (7.9258932360055923,)
65 	100  	93.8317	174.973	8.38595	1357.67 (7.9258932360055923,)
66 	100  	95.5884	171.043	7.98302	1384.79 (7.9258932360055923,)
67 	100  	84.3106	163.364	7.64025	1319.53 (7.6402530380264766,)
68 	100  	96.1555	163.579	8.00385	1193.76 (7.6402530380264766,)
69 	100  	95.5684	168.848	7.41605	1450.63 (7.4160454790192043,)
70 	100  	82.8937	161.831	6.5395 	1254.89 (6.5394953755400191,)
71 	100  	91.7374	165.335	7.27786	1213.01 (6.5394953755400191,)
72 	100  	92.3506	158.042	7.31825	1150.88 (6.5394953755400191,)
73 	100  	90.3497	167.223	6.66453	1201.3  (6.5394953755400191,)
74 	100  	80.4067	164.152	6.79606	1252.46 (6.5394953755400191,)
75 	100  	90.5425	157.605	6.95014	1339.75 (6.5394953755400191,)
76 	100  	90.3303	161.832	6.61584	1246.14 (6.5394953755400191,)
77 	100  	84.997 	157.351	7.78531	1181.01 (6.5394953755400191,)
78 	100  	87.9725	183.338	7.07833	1590.61 (6.5394953755400191,)
79 	100  	86.4323	178.375	7.56326	1410.58 (6.5394953755400191,)
80 	100  	93.1845	188.826	7.53839	1487.44 (6.5394953755400191,)
81 	100  	96.0057	173.582	7.03039	1404.3  (6.5394953755400191,)
82 	100  	97.5833	201.981	7.33567	1632.12 (6.5394953755400191,)
83 	100  	92.8869	189.59 	7.54122	1463.12 (6.5394953755400191,)
84 	100  	86.6354	175.165	6.75518	1322.54 (6.5394953755400191,)
85 	100  	85.3396	174.249	6.67314	1235    (6.5394953755400191,)
86 	100  	92.8302	163.056	6.82757	1190.91 (6.5394953755400191,)
87 	100  	89.3552	168.439	7.78139	1302.37 (6.5394953755400191,)
88 	100  	81.5845	156.849	6.97748	1321.97 (6.5394953755400191,)
89 	100  	80.4603	155.549	7.13746	1130.45 (6.5394953755400191,)
90 	100  	84.9474	162.472	6.63249	1251.93 (6.5394953755400191,)
91 	100  	96.0938	175.471	6.07788	1352.67 (6.0778775087507686,)
92 	100  	92.0293	159.386	5.93551	1119.09 (5.9355056490583626,)
93 	100  	83.3052	169.849	6.0588 	1284.21 (5.9355056490583626,)
94 	100  	86.4656	151.739	6.28727	1111.47 (5.9355056490583626,)
95 	100  	93.4859	164.01 	6.02817	1212.24 (5.9355056490583626,)
96 	100  	95.7583	166.276	6.56751	1321.89 (5.9355056490583626,)
97 	100  	102.884	179.979	5.98276	1417.72 (5.9355056490583626,)
98 	100  	93.4343	172.087	6.28249	1336.82 (5.9355056490583626,)
99 	100  	97.4757	163.639	7.86118	1174.31 (5.9355056490583626,)
100	100  	89.8541	133.065	5.38612	986.816 (5.3861243919757813,)
101	100  	77.4066	114.655	6.24979	971.366 (5.3861243919757813,)
102	100  	75.7226	111.914	4.88684	1004.6  (4.8868439835469211,)
103	100  	82.1823	117.379	5.86834	984.161 (4.8868439835469211,)
104	100  	95.8672	111.722	7.36389	925.232 (4.8868439835469211,)
105	100  	86.2361	110.944	4.77419	872.718 (4.7741933916393906,)
106	100  	82.2583	119.355	5.6846 	991.764 (4.7741933916393906,)
107	100  	72.6947	91.0356	5.49755	711.324 (4.7741933916393906,)
108	100  	89.3164	101.351	4.81547	787.006 (4.7741933916393906,)
109	100  	97.889 	101.92 	4.88898	643.157 (4.7741933916393906,)
110	100  	76.7326	75.8219	5.24158	390.948 (4.7741933916393906,)
111	100  	84.3123	85.9425	5.47012	433.172 (4.7741933916393906,)
112	100  	85.3913	77.398 	5.27786	363.6   (4.7741933916393906,)
113	100  	74.1352	71.8965	5.43018	475.608 (4.7741933916393906,)
114	100  	77.2289	66.817 	5.51564	318.919 (4.7741933916393906,)
115	100  	76.4696	68.8574	5.92646	351.655 (4.7741933916393906,)
116	100  	67.3509	59.2503	5.19294	272.76  (4.7741933916393906,)
117	100  	73.3776	68.8015	5.59151	358.029 (4.7741933916393906,)
118	100  	82.8288	72.2014	6.33669	380.675 (4.7741933916393906,)
119	100  	69.3378	71.1484	5.42658	338.916 (4.7741933916393906,)
120	100  	75.3929	73.4117	5.70824	350.869 (4.7741933916393906,)
121	100  	71.1956	57.883 	5.94624	258.395 (4.7741933916393906,)
122	100  	74.7997	71.247 	5.78367	271.721 (4.7741933916393906,)
123	100  	72.5024	84.0622	5.38897	401.2   (4.7741933916393906,)
124	100  	77.5043	74.2144	6.03071	381.207 (4.7741933916393906,)
125	100  	60.3917	59.6794	5.42176	287.707 (4.7741933916393906,)
126	100  	71.5469	53.5988	5.60873	218.552 (4.7741933916393906,)
127	100  	73.0114	73.2914	5.31333	317.056 (4.7741933916393906,)
128	100  	61.5582	55.065 	4.90708	241.981 (4.7741933916393906,)
129	100  	66.7997	56.9437	5.43794	264.886 (4.7741933916393906,)
130	100  	63.3259	58.5867	5.21832	274.942 (4.7741933916393906,)
131	100  	68.9968	56.5209	5.54043	257.088 (4.7741933916393906,)
132	100  	74.4633	66.6003	5.0424 	318.397 (4.7741933916393906,)
133	100  	71.2077	61.1629	5.70543	239.35  (4.7741933916393906,)
134	100  	60.2308	70.14  	4.51189	373.128 (4.5118934225369989,)
135	100  	63.824 	55.2255	5.09349	273.809 (4.5118934225369989,)
136	100  	68.703 	59.3323	4.29455	295.858 (4.2945534451876535,)
137	100  	78.6042	65.9575	4.97001	276.338 (4.2945534451876535,)
138	100  	80.6335	75.4199	5.09716	387.802 (4.2945534451876535,)
139	100  	76.721 	69.6547	4.86482	324.084 (4.2945534451876535,)
140	100  	62.2382	54.7083	4.16755	293.635 (4.167554033860009,)
141	100  	81.7824	68.1159	5.16186	266.022 (4.167554033860009,)
142	100  	80.1016	68.6113	4.71088	307.377 (4.167554033860009,)
143	100  	73.4101	77.3072	4.65564	365.037 (4.167554033860009,)
144	100  	82.7304	70.2279	4.49495	290.254 (4.167554033860009,)
145	100  	65.4827	62.645 	4.69074	304.671 (4.167554033860009,)
146	100  	77.2178	70.9995	5.10993	396.431 (4.167554033860009,)
147	100  	73.1434	72.0255	4.6027 	368.906 (4.167554033860009,)
148	100  	73.9026	64.3486	5.18016	296.47  (4.167554033860009,)
149	100  	80.165 	71.1699	5.34303	443.435 (4.167554033860009,)
150	100  	71.9232	59.7459	5.14258	288.822 (4.167554033860009,)
151	100  	84.5249	83.8156	5.54937	433.887 (4.167554033860009,)
152	100  	73.0383	72.157 	4.39545	402.052 (4.167554033860009,)
153	100  	82.8437	86.4306	5.41952	418.794 (4.167554033860009,)
154	100  	77.5096	67.699 	5.04662	283.798 (4.167554033860009,)
155	100  	68.0158	58.9815	4.8607 	282.323 (4.167554033860009,)
156	100  	72.1696	67.0973	5.04701	299.728 (4.167554033860009,)
157	100  	82.9946	79.066 	5.28185	419.648 (4.167554033860009,)
158	100  	74.0552	64.7736	5.0692 	291.637 (4.167554033860009,)
159	100  	79.6219	75.5067	4.17463	357.488 (4.167554033860009,)
160	100  	76.9862	66.3584	5.32015	279.754 (4.167554033860009,)
161	100  	91.0262	79.4092	4.27459	383.007 (4.167554033860009,)
162	100  	78.5878	72.4255	5.44705	321.654 (4.167554033860009,)
163	100  	79.8308	74.1807	5.89249	329.444 (4.167554033860009,)
164	100  	80.6507	71.2304	5.91542	309.99  (4.167554033860009,)
165	100  	61.4333	54.6999	4.17513	230.608 (4.167554033860009,)
166	100  	66.3626	65.4793	4.44221	335.655 (4.167554033860009,)
167	100  	66.5447	54.2286	4.89717	281.067 (4.167554033860009,)
168	100  	63.7023	65.181 	4.63517	332.418 (4.167554033860009,)
169	100  	86.3571	67.8492	5.21389	291.622 (4.167554033860009,)
170	100  	76.7391	63.5294	4.16499	271.357 (4.1649920479564084,)
171	100  	74.7659	76.9087	4.54835	389.129 (4.1649920479564084,)
172	100  	81.7535	73.2324	3.90856	488.806 (3.9085649628015471,)
173	100  	67.882 	68.2466	4.21412	334.638 (3.9085649628015471,)
174	100  	76.1776	77.195 	4.37404	427.528 (3.9085649628015471,)
175	100  	75.9721	74.0645	4.40907	392.536 (3.9085649628015471,)
176	100  	80.2406	72.9313	4.46519	340.872 (3.9085649628015471,)
177	100  	65.0387	55.775 	4.78904	245.64  (3.9085649628015471,)
178	100  	85.1867	77.2887	4.9678 	360.189 (3.9085649628015471,)
179	100  	74.6069	71.3369	3.96311	315.554 (3.9085649628015471,)
180	100  	80.0949	75.3798	4.96046	337.253 (3.9085649628015471,)
181	100  	79.0306	69.9101	4.50585	256.321 (3.9085649628015471,)
182	100  	76.6746	65.8774	5.45313	315.579 (3.9085649628015471,)
183	100  	66.8854	60.4124	4.29855	308.237 (3.9085649628015471,)
184	100  	71.8864	64.8622	5.02775	248.494 (3.9085649628015471,)
185	100  	83.6956	86.6591	4.49645	449.407 (3.9085649628015471,)
186	100  	77.9591	73.2804	4.35465	331.331 (3.9085649628015471,)
187	100  	72.8007	75.5231	4.23165	320.787 (3.9085649628015471,)
188	100  	80.2613	78.1709	4.78461	423.942 (3.9085649628015471,)
189	100  	78.3095	70.3449	5.22059	326.815 (3.9085649628015471,)
190	100  	67.0648	68.2258	4.83128	392.812 (3.9085649628015471,)
191	100  	79.6735	76.1627	3.90919	392.911 (3.9085649628015471,)
192	100  	93.5867	86.3165	4.55157	606.296 (3.9085649628015471,)
193	100  	69.4379	63.3686	4.38984	323.795 (3.9085649628015471,)
194	100  	69.9573	70.5787	3.73335	403.719 (3.7333484811212223,)
195	100  	62.7669	53.7654	3.78649	207.526 (3.7333484811212223,)
196	100  	67.4912	66.3744	4.26779	364.687 (3.7333484811212223,)
197	100  	77.5363	71.5622	3.985  	322.2   (3.7333484811212223,)
198	100  	73.7883	72.7854	4.42786	293.311 (3.7333484811212223,)
199	100  	69.9816	59.6286	4.13835	249.817 (3.7333484811212223,)
200	100  	74.7225	71.8832	4.80688	360.196 (3.7333484811212223,)
201	100  	71.8926	69.0324	4.30145	322.15  (3.7333484811212223,)
202	100  	71.6759	57.6588	3.43414	278.372 (3.4341364405696,)
203	100  	66.1125	66.7751	3.32063	308.106 (3.320627567768633,)
204	100  	86.8319	73.5995	3.86804	294.23  (3.320627567768633,)
205	100  	88.746 	91.1747	3.9476 	586.846 (3.320627567768633,)
206	100  	82.3857	70.7987	3.79758	329.31  (3.320627567768633,)
207	100  	75.6572	77.1174	4.07987	431.833 (3.320627567768633,)
208	100  	83.8103	76.4778	3.72289	315.93  (3.320627567768633,)
209	100  	83.5981	74.3923	4.19796	336.795 (3.320627567768633,)
210	100  	94.9573	95.7811	3.94829	620.213 (3.320627567768633,)
211	100  	79.9608	71.4857	4.81171	352.452 (3.320627567768633,)
212	100  	80.1514	71.3373	4.02335	327.953 (3.320627567768633,)
213	100  	88.7193	80.5323	3.6172 	357.597 (3.320627567768633,)
214	100  	80.9598	73.0098	4.02618	282.637 (3.320627567768633,)
215	100  	76.4797	74.6636	4.31848	352.158 (3.320627567768633,)
216	100  	91.0869	90.5539	4.39097	394.364 (3.320627567768633,)
217	100  	90.4722	94.5948	3.39665	643.183 (3.320627567768633,)
218	100  	91.0947	80.3408	4.22199	355.283 (3.320627567768633,)
219	100  	80.8998	74.4608	3.89427	358.224 (3.320627567768633,)
220	100  	73.2563	74.6202	4.07179	435.108 (3.320627567768633,)
221	100  	77.6726	68.0597	4.58413	351.104 (3.320627567768633,)
222	100  	75.5243	74.5192	3.71654	425.545 (3.320627567768633,)
223	100  	70.1548	65.0977	3.95421	291.613 (3.320627567768633,)
224	100  	83.2713	73.5414	3.90253	344.954 (3.320627567768633,)
225	100  	87.9394	73.9619	4.00609	357.604 (3.320627567768633,)
226	100  	72.5395	67.3223	4.30195	384.238 (3.320627567768633,)
227	100  	87.3476	77.2258	4.06901	372.834 (3.320627567768633,)
228	100  	92.994 	79.0443	4.6138 	330.705 (3.320627567768633,)
229	100  	74.6599	69.8661	3.67696	314.589 (3.320627567768633,)
230	100  	81.2839	74.3782	3.12677	361.577 (3.1267674091807498,)
231	100  	89.401 	88.3261	3.7913 	417.771 (3.1267674091807498,)
232	100  	79.7831	74.0475	3.9418 	362.199 (3.1267674091807498,)
233	100  	99.7591	79.4025	4.77753	323.185 (3.1267674091807498,)
234	100  	102.144	78.1487	3.34339	408.56  (3.1267674091807498,)
235	100  	90.4728	76.4426	3.78119	358.681 (3.1267674091807498,)
236	100  	91.3255	79.8575	3.79886	315.294 (3.1267674091807498,)
237	100  	75.1045	60.2462	3.22796	266.965 (3.1267674091807498,)
238	100  	70.0851	63.1044	4.56549	273.101 (3.1267674091807498,)
239	100  	73.6049	63.5813	3.64835	264.865 (3.1267674091807498,)
240	100  	85.4279	79.3482	3.56105	324.818 (3.1267674091807498,)
241	100  	75.8776	79.9114	3.39167	482.488 (3.1267674091807498,)
242	100  	75.3604	68.4088	4.80256	379.604 (3.1267674091807498,)
243	100  	91.7294	90.3797	3.58977	539.813 (3.1267674091807498,)
244	100  	82.2777	75.6598	4.90136	311.904 (3.1267674091807498,)
245	100  	79.7927	82.9088	3.46044	362.014 (3.1267674091807498,)
246	100  	84.0634	76.1423	3.79424	348.322 (3.1267674091807498,)
247	100  	82.0265	79.2742	3.3005 	419.346 (3.1267674091807498,)
248	100  	81.5238	81.943 	3.46342	546.447 (3.1267674091807498,)
249	100  	65.183 	67.8298	2.69733	342.461 (2.6973287705822044,)
250	100  	78.0212	62.6069	3.58369	280.771 (2.6973287705822044,)
251	100  	64.9639	64.6958	3.02566	278.47  (2.6973287705822044,)
252	100  	65.586 	56.2453	3.67714	302.505 (2.6973287705822044,)
253	100  	70.8657	67.8808	3.99319	289.051 (2.6973287705822044,)
254	100  	81.9398	83.0531	3.58072	541.549 (2.6973287705822044,)
255	100  	68.8526	67.2863	3.84425	347.146 (2.6973287705822044,)
256	100  	76.5304	68.1636	3.54208	277.046 (2.6973287705822044,)
257	100  	71.48  	73.1861	2.7948 	369.332 (2.6973287705822044,)
258	100  	75.2122	62.2085	3.14017	324.118 (2.6973287705822044,)
259	100  	75.5964	60.7595	2.9929 	244.05  (2.6973287705822044,)
260	100  	79.1113	86.3994	2.92108	378.409 (2.6973287705822044,)
261	100  	71.7964	69.6444	2.96444	297.078 (2.6973287705822044,)
262	100  	78.4021	73.3807	3.55975	467.437 (2.6973287705822044,)
263	100  	71.8208	68.9057	4.0333 	321.061 (2.6973287705822044,)
264	100  	60.3228	62.0855	3.02438	326.116 (2.6973287705822044,)
265	100  	73.8424	99.6215	3.39582	668.525 (2.6973287705822044,)
266	100  	63.2718	58.8695	3.75419	282.62  (2.6973287705822044,)
267	100  	70.5292	71.3755	3.84682	310.484 (2.6973287705822044,)
268	100  	80.358 	67.6806	4.3944 	345.262 (2.6973287705822044,)
269	100  	76.9942	74.0295	4.2935 	448.968 (2.6973287705822044,)
270	100  	69.1362	67.5957	3.12144	385.714 (2.6973287705822044,)
271	100  	72.747 	63.6161	2.81681	245.852 (2.6973287705822044,)
272	100  	81.6727	82.9829	3.40419	400.861 (2.6973287705822044,)
273	100  	67.4068	70.2872	2.61694	367.365 (2.6169431910762748,)
274	100  	74.9119	76.3   	2.74671	455.312 (2.6169431910762748,)
275	100  	69.8165	66.3037	2.83269	295.032 (2.6169431910762748,)
276	100  	83.4362	78.2143	3.75086	339.897 (2.6169431910762748,)
277	100  	114.487	125.806	2.87892	603.045 (2.6169431910762748,)
278	100  	86.2973	64.4572	4.08701	250.856 (2.6169431910762748,)
279	100  	88.9773	93.1538	2.15018	543.212 (2.1501776789117959,)
280	100  	78.482 	65.082 	3.47665	303.974 (2.1501776789117959,)
281	100  	82.5156	81.1972	2.87111	398.618 (2.1501776789117959,)
282	100  	85.2648	90.6138	2.66121	394.034 (2.1501776789117959,)
283	100  	94.5741	86.704 	2.92031	564.345 (2.1501776789117959,)
284	100  	81.837 	86.6687	3.1489 	396.536 (2.1501776789117959,)
285	100  	80.5927	75.5939	2.1194 	287.666 (2.1194036218501813,)
286	100  	93.3756	76.2719	3.51192	333.013 (2.1194036218501813,)
287	100  	75.9877	70.4759	3.21218	448.657 (2.1194036218501813,)
288	100  	73.3427	66.6657	3.02177	344.65  (2.1194036218501813,)
289	100  	76.4199	72.4785	3.35558	417.256 (2.1194036218501813,)
290	100  	88.1866	75.7332	3.13962	306.735 (2.1194036218501813,)
291	100  	78.7564	77.9898	3.83365	400.6   (2.1194036218501813,)
292	100  	81.5795	75.9926	3.04901	450.24  (2.1194036218501813,)
293	100  	95.7626	83.4684	3.24929	524.164 (2.1194036218501813,)
294	100  	86.0972	68.0438	2.27866	294.489 (2.1194036218501813,)
295	100  	79.5595	83.1682	3.51902	402.607 (2.1194036218501813,)
296	100  	83.2174	67.4971	3.41864	309.751 (2.1194036218501813,)
297	100  	97.7252	81.0589	3.28205	390.777 (2.1194036218501813,)
298	100  	98.4068	90.0155	3.33329	407.299 (2.1194036218501813,)
299	100  	82.69  	66.7283	2.75687	260.96  (2.1194036218501813,)
300	100  	84.735 	79.3105	2.79994	443.356 (2.1194036218501813,)
301	100  	80.1932	61.7965	2.08191	293.658 (2.0819058913201336,)
302	100  	88.3479	77.9722	2.85367	312.074 (2.0819058913201336,)
303	100  	75.9457	65.9718	3.31725	316.61  (2.0819058913201336,)
304	100  	75.0493	73.7449	2.60423	325.288 (2.0819058913201336,)
305	100  	83.6572	78.4617	3.32235	371.334 (2.0819058913201336,)
306	100  	79.4303	72.2642	2.42607	369.728 (2.0819058913201336,)
307	100  	78.4649	74.9092	1.98701	360.843 (1.9870087662276394,)
308	100  	72.3822	68.8408	2.63042	314.661 (1.9870087662276394,)
309	100  	78.3038	69.5395	2.40407	307.162 (1.9870087662276394,)
310	100  	83.1006	74.0505	3.76638	427.051 (1.9870087662276394,)
311	100  	75.0564	80.3962	2.37504	456.759 (1.9870087662276394,)
312	100  	91.4551	83.4769	3.12136	348.648 (1.9870087662276394,)
313	100  	76.3524	76.8933	2.61882	377.386 (1.9870087662276394,)
314	100  	87.438 	82.3196	3.13757	403.103 (1.9870087662276394,)
315	100  	73.3294	70.0422	2.70321	304.003 (1.9870087662276394,)
316	100  	69.1765	63.7943	2.32858	276.556 (1.9870087662276394,)
317	100  	67.0123	62.2745	2.45451	263.991 (1.9870087662276394,)
318	100  	72.5978	70.7298	2.30009	304.773 (1.9870087662276394,)
319	100  	73.9203	72.7606	2.69457	301.878 (1.9870087662276394,)
320	100  	73.7445	75.5794	2.53953	498.295 (1.9870087662276394,)
321	100  	76.0994	64.6607	2.20862	265.794 (1.9870087662276394,)
322	100  	68.4914	65.4263	2.59472	297.058 (1.9870087662276394,)
323	100  	69.6539	67.2029	2.96441	295.612 (1.9870087662276394,)
324	100  	78.8609	63.348 	4.05133	271.652 (1.9870087662276394,)
325	100  	74.0132	65.6855	2.19873	427.325 (1.9870087662276394,)
326	100  	80.8077	72.0529	2.50007	292.985 (1.9870087662276394,)
327	100  	66.8876	64.5654	2.00581	400.332 (1.9870087662276394,)
328	100  	69.6214	67.3111	3.20285	305.851 (1.9870087662276394,)
329	100  	69.6516	68.3712	1.96219	457.834 (1.9621858079398353,)
330	100  	78.4619	68.7535	3.33562	338.779 (1.9621858079398353,)
331	100  	67.9086	61.4225	1.87849	267.593 (1.8784938412154171,)
332	100  	62.7016	66.1131	2.85696	372.451 (1.8784938412154171,)
333	100  	80.3378	67.1954	1.91755	269.45  (1.8784938412154171,)
334	100  	66.8365	63.9071	1.8524 	321.6   (1.8524003566479765,)
335	100  	71.4001	64.7054	1.83297	351.67  (1.8329699341676322,)
336	100  	68.9722	67.3591	2.7617 	320.411 (1.8329699341676322,)
337	100  	77.5791	89.8376	1.7477 	488.353 (1.7476970485468466,)
338	100  	70.3935	63.9948	2.56239	354.362 (1.7476970485468466,)
339	100  	69.4208	70.3957	2.40816	416.032 (1.7476970485468466,)
340	100  	75.2636	73.6501	2.21136	328.949 (1.7476970485468466,)
341	100  	74.0769	65.0936	1.94518	308.041 (1.7476970485468466,)
342	100  	64.9658	57.5873	2.57007	226.196 (1.7476970485468466,)
343	100  	77.8686	72.9515	2.10639	288.743 (1.7476970485468466,)
344	100  	72.4444	67.4459	1.94302	269.193 (1.7476970485468466,)
345	100  	72.3817	71.3754	2.01814	337.64  (1.7476970485468466,)
346	100  	70.7086	58.2916	2.89689	255.91  (1.7476970485468466,)
347	100  	72.904 	68.1019	2.35185	283.418 (1.7476970485468466,)
348	100  	76.187 	71.9806	2.29992	323.362 (1.7476970485468466,)
349	100  	80.3801	66.5844	3.02049	332.029 (1.7476970485468466,)
350	100  	87.4383	81.8172	2.91325	469.181 (1.7476970485468466,)
351	100  	74.9915	75.1709	1.79859	451.629 (1.7476970485468466,)
352	100  	73.0157	64.2864	2.51018	316.763 (1.7476970485468466,)
353	100  	74.7171	68.481 	2.08521	373.425 (1.7476970485468466,)
354	100  	72.6129	63.19  	3.91908	259.377 (1.7476970485468466,)
355	100  	77.6842	70.0404	3.10549	335.15  (1.7476970485468466,)
356	100  	79.4496	70.9698	1.57029	289.339 (1.570292582095139,)
357	100  	66.7086	62.1168	1.95422	263.74  (1.570292582095139,)
358	100  	74.8555	66.9375	2.48693	295.947 (1.570292582095139,)
359	100  	79.3031	67.9739	2.29396	294.501 (1.570292582095139,)
360	100  	80.1669	76.2949	1.85318	366.884 (1.570292582095139,)
361	100  	78.5206	68.4872	3.545  	295.403 (1.570292582095139,)
362	100  	74.5519	70.8315	2.894  	326.46  (1.570292582095139,)
363	100  	76.7594	90.62  	2.12556	639.074 (1.570292582095139,)
364	100  	84.2161	77.2366	2.27262	345.923 (1.570292582095139,)
365	100  	89.3019	82.6808	2.27149	449.365 (1.570292582095139,)
366	100  	93.4506	77.2272	2.75176	384.908 (1.570292582095139,)
367	100  	76.9741	70.3697	1.64076	336.212 (1.570292582095139,)
368	100  	77.9477	72.9933	3.05687	303.724 (1.570292582095139,)
369	100  	75.1083	53.0901	2.46647	230.87  (1.570292582095139,)
370	100  	82.6272	87.7285	1.61431	435.397 (1.570292582095139,)
371	100  	74.7133	74.1887	1.71208	386.677 (1.570292582095139,)
372	100  	82.8627	79.4648	1.88442	350.515 (1.570292582095139,)
373	100  	70.7327	73.1026	2.00526	451.606 (1.570292582095139,)
374	100  	76.2174	67.7257	2.60423	438.383 (1.570292582095139,)
375	100  	76.6761	79.5887	2.44228	406.937 (1.570292582095139,)
376	100  	72.275 	63.4862	3.43287	319.35  (1.570292582095139,)
377	100  	80.0394	91.193 	2.39412	642.23  (1.570292582095139,)
378	100  	68.7924	82.9368	2.14797	536.58  (1.570292582095139,)
379	100  	79.5692	73.4925	2.17244	325.204 (1.570292582095139,)
380	100  	84.7796	79.2186	1.95395	345.731 (1.570292582095139,)
381	100  	80.4988	74.4616	1.27656	260.332 (1.2765642121132565,)
382	100  	70.6996	67.137 	2.27692	346.599 (1.2765642121132565,)
383	100  	72.8633	65.7116	2.78947	303.914 (1.2765642121132565,)
384	100  	79.0708	69.2909	1.8756 	268.096 (1.2765642121132565,)
385	100  	89.0888	73.8199	1.99328	303.673 (1.2765642121132565,)
386	100  	83.9559	66.5175	1.94251	338.378 (1.2765642121132565,)
387	100  	77.7723	79.9612	2.04771	374.703 (1.2765642121132565,)
388	100  	74.7156	82.5093	1.83191	403.784 (1.2765642121132565,)
389	100  	88.5692	79.3157	1.83773	385.371 (1.2765642121132565,)
390	100  	95.1184	80.7068	2.52629	341.322 (1.2765642121132565,)
391	100  	87.7445	84.2113	1.6438 	508.721 (1.2765642121132565,)
392	100  	96.2365	91.79  	2.37654	405.583 (1.2765642121132565,)
393	100  	88.2814	72.8528	2.10756	429.089 (1.2765642121132565,)
394	100  	85.5924	62.6216	2.85455	310.534 (1.2765642121132565,)
395	100  	73.3518	72.2634	2.8923 	479.937 (1.2765642121132565,)
396	100  	88.4013	73.8085	5.42354	282.905 (1.2765642121132565,)
397	100  	77.0094	77.8041	1.53484	400.527 (1.2765642121132565,)
398	100  	67.2056	57.3984	1.94296	292.548 (1.2765642121132565,)
399	100  	69.8874	71.2135	1.49442	446.004 (1.2765642121132565,)
400	100  	78.9229	68.8021	2.28222	399.693 (1.2765642121132565,)
401	100  	78.6733	69.5868	1.78076	328.621 (1.2765642121132565,)
402	100  	85.8612	77.5013	2.40203	348.509 (1.2765642121132565,)
403	100  	78.5129	73.2245	1.7185 	331.408 (1.2765642121132565,)
404	100  	68.9678	58.5851	1.7919 	246.025 (1.2765642121132565,)
405	100  	65.8127	55.6419	2.25651	309.086 (1.2765642121132565,)
406	100  	84.0748	72.751 	2.67352	391.524 (1.2765642121132565,)
407	100  	80.1767	70.3288	2.62168	279.397 (1.2765642121132565,)
408	100  	85.4674	79.1467	2.60131	424.549 (1.2765642121132565,)
409	100  	77.4774	77.0817	3.17583	459.008 (1.2765642121132565,)
410	100  	89.1962	95.6516	3.0264 	678.282 (1.2765642121132565,)
411	100  	85.7333	72.9155	1.48199	315.03  (1.2765642121132565,)
412	100  	91.7071	83.9032	1.54533	358.701 (1.2765642121132565,)
413	100  	70.5432	66.9951	2.78829	349.111 (1.2765642121132565,)
414	100  	83.7853	72.9403	3.50037	317.664 (1.2765642121132565,)
415	100  	93.5555	87.7063	1.79564	525.548 (1.2765642121132565,)
416	100  	87.0124	80.7397	1.47649	354.044 (1.2765642121132565,)
417	100  	84.4373	73.7373	2.29414	339.35  (1.2765642121132565,)
418	100  	98.8726	77.2164	1.6863 	337.647 (1.2765642121132565,)
419	100  	90.1484	69.3539	1.82073	342.078 (1.2765642121132565,)
420	100  	80.41  	75.9746	2.74188	315.025 (1.2765642121132565,)
421	100  	91.7444	87.8432	1.71292	537.268 (1.2765642121132565,)
422	100  	75.4118	68.5183	1.67096	240.357 (1.2765642121132565,)
423	100  	83.9355	82.3119	4.24156	569.455 (1.2765642121132565,)
424	100  	89.2801	75.8068	2.88419	294.995 (1.2765642121132565,)
425	100  	86.8133	76.9297	1.66556	379.379 (1.2765642121132565,)
426	100  	84.9552	78.914 	2.00736	367.503 (1.2765642121132565,)
427	100  	81.8713	71.5116	2.44669	371.712 (1.2765642121132565,)
428	100  	71.6617	62.193 	1.73391	291.53  (1.2765642121132565,)
429	100  	82.6433	69.479 	1.86935	373.548 (1.2765642121132565,)
430	100  	73.8965	70.3643	1.66046	332.263 (1.2765642121132565,)
431	100  	77.7767	69.5431	2.10571	333.446 (1.2765642121132565,)
432	100  	72.5982	61.2522	1.95914	273.77  (1.2765642121132565,)
433	100  	92.3389	89.628 	1.58898	350.585 (1.2765642121132565,)
434	100  	80.8552	73.3979	2.69543	343.765 (1.2765642121132565,)
435	100  	77.9124	73.1134	2.22485	309.319 (1.2765642121132565,)
436	100  	72.4548	69.9849	1.85115	281.921 (1.2765642121132565,)
437	100  	73.2654	63.3343	1.48283	289.371 (1.2765642121132565,)
438	100  	79.2412	65.6357	1.78195	269.631 (1.2765642121132565,)
439	100  	83.7473	76.1015	2.12961	418.862 (1.2765642121132565,)
440	100  	94.4313	77.9615	1.43545	353.763 (1.2765642121132565,)
441	100  	78.0891	67.527 	1.9206 	287.565 (1.2765642121132565,)
442	100  	86.2001	82.7837	2.5222 	421.174 (1.2765642121132565,)
443	100  	75.3294	67.306 	2.60414	300.082 (1.2765642121132565,)
444	100  	78.066 	65.8781	2.35143	253.174 (1.2765642121132565,)
445	100  	77.3707	60.906 	2.47772	266.623 (1.2765642121132565,)
446	100  	78.362 	73.9288	1.39125	344.694 (1.2765642121132565,)
447	100  	79.3002	70.5028	2.50344	330.389 (1.2765642121132565,)
448	100  	80.0128	81.5871	2.72447	398.787 (1.2765642121132565,)
449	100  	79.5507	66.5394	1.46866	291.349 (1.2765642121132565,)
450	100  	73.3223	61.6792	2.14578	240.958 (1.2765642121132565,)
451	100  	76.1825	60.3859	1.72673	275.802 (1.2765642121132565,)
452	100  	86.895 	86.2488	2.0942 	521.158 (1.2765642121132565,)
453	100  	77.8971	76.2466	1.8812 	458.253 (1.2765642121132565,)
454	100  	82.5164	79.0999	2.22908	415.484 (1.2765642121132565,)
455	100  	76.3122	60.0247	1.58514	221.719 (1.2765642121132565,)
456	100  	82.2912	79.7941	2.38361	371.363 (1.2765642121132565,)
457	100  	67.5435	59.2972	2.05371	230.456 (1.2765642121132565,)
458	100  	64.1935	59.0587	1.86995	239.636 (1.2765642121132565,)
459	100  	83.4775	69.9183	1.88724	317.799 (1.2765642121132565,)
460	100  	84.5686	70.7139	2.2144 	378.012 (1.2765642121132565,)
461	100  	66.959 	67.2839	1.76355	449.651 (1.2765642121132565,)
462	100  	82.6923	84.4299	2.33347	372.134 (1.2765642121132565,)
463	100  	76.9115	75.2775	1.22867	449.311 (1.2286696288359724,)
464	100  	80.5624	73.9446	2.56924	344.409 (1.2286696288359724,)
465	100  	63.886 	60.7257	2.02082	241.07  (1.2286696288359724,)
466	100  	87.4236	75.3722	1.79317	346.019 (1.2286696288359724,)
467	100  	73.7005	71.138 	1.33434	346.487 (1.2286696288359724,)
468	100  	76.2218	73.7544	2.17702	342.723 (1.2286696288359724,)
469	100  	74.8204	68.588 	1.90753	290.206 (1.2286696288359724,)
470	100  	75.6346	61.6848	2.13402	286.254 (1.2286696288359724,)
471	100  	74.1188	64.8129	1.47248	266.765 (1.2286696288359724,)
472	100  	77.184 	70.2283	1.23504	323.773 (1.2286696288359724,)
473	100  	71.0848	52.3821	1.68954	217.324 (1.2286696288359724,)
474	100  	72.4593	63.1536	1.63717	250.239 (1.2286696288359724,)
475	100  	99.9446	84.2991	1.73062	313.215 (1.2286696288359724,)
476	100  	101.796	82.7634	3.16015	447.967 (1.2286696288359724,)
477	100  	83.137 	72.9475	1.49257	342.663 (1.2286696288359724,)
478	100  	79.6483	74.5634	1.6373 	401.155 (1.2286696288359724,)
479	100  	79.0665	67.7178	1.80429	325.963 (1.2286696288359724,)
480	100  	82.415 	75.127 	2.41529	381.686 (1.2286696288359724,)
481	100  	79.5616	74.2919	1.84849	323.378 (1.2286696288359724,)
482	100  	69.092 	61.339 	1.77435	259.442 (1.2286696288359724,)
483	100  	77.5963	69.8415	2.07261	410.36  (1.2286696288359724,)
484	100  	74.6343	68.0114	2.17247	281.406 (1.2286696288359724,)
485	100  	78.5392	65.0343	1.81979	287.104 (1.2286696288359724,)
486	100  	73.9277	66.5255	1.61404	319.966 (1.2286696288359724,)
487	100  	79.2833	65.334 	1.82331	267.167 (1.2286696288359724,)
488	100  	82.6333	79.2588	1.93744	465.146 (1.2286696288359724,)
489	100  	87.2097	79.8832	1.65451	326.767 (1.2286696288359724,)
490	100  	84.5142	74.3215	1.61306	408.666 (1.2286696288359724,)
491	100  	77.4249	60.7297	1.85294	301.099 (1.2286696288359724,)
492	100  	80.39  	69.5655	2.41863	416.591 (1.2286696288359724,)
493	100  	70.3492	68.8002	1.24984	325.956 (1.2286696288359724,)
494	100  	61.6833	64.9016	1.45948	371.863 (1.2286696288359724,)
495	100  	73.4597	66.0972	1.74636	333.364 (1.2286696288359724,)
496	100  	72.6845	68.2857	1.53414	324.049 (1.2286696288359724,)
497	100  	65.617 	69.6375	1.61492	315.31  (1.2286696288359724,)
498	100  	71.702 	66.1074	1.89847	388.193 (1.2286696288359724,)
499	100  	83.2695	75.4503	2.18589	343.895 (1.2286696288359724,)
