In file included from /usr/lib/python2.7/dist-packages/numpy/core/include/numpy/ndarraytypes.h:1761:0,
                 from /usr/lib/python2.7/dist-packages/numpy/core/include/numpy/ndarrayobject.h:17,
                 from /usr/lib/python2.7/dist-packages/numpy/core/include/numpy/arrayobject.h:4,
                 from /home/pinojc/.cache/scipy/python27_compiled/sc_9bade30717731f645b30a512f757f0fa1582.cpp:22:
/usr/lib/python2.7/dist-packages/numpy/core/include/numpy/npy_1_7_deprecated_api.h:15:2: warning: #warning "Using deprecated NumPy API, disable it by " "#defining NPY_NO_DEPRECATED_API NPY_1_7_API_VERSION" [-Wcpp]
 #warning "Using deprecated NumPy API, disable it by " \
  ^
gen	evals	avg    	std    	min    	max    
0  	100  	879.799	406.926	106.445	1905.14 (106.44474109547231,)
1  	100  	804.775	416.171	90.9083	1845.72 (90.908288051281559,)
2  	100  	712.269	385.076	70.1396	1859.57 (70.139607810106597,)
3  	100  	610.724	381.242	40.1477	1839.09 (40.147735005089011,)
4  	100  	572.304	389.498	53.5561	1632.02 (40.147735005089011,)
5  	100  	524.455	364.636	23.5355	1555.56 (23.535477808587959,)
6  	100  	465.559	396.601	31.2533	1655.63 (23.535477808587959,)
7  	100  	395.138	367.301	20.837 	1728.16 (20.836956905068774,)
8  	100  	292.372	347.753	22.6565	1742.54 (20.836956905068774,)
9  	100  	226.15 	350.048	21.3884	1673    (20.836956905068774,)
10 	100  	182.98 	294.295	19.0886	1572.13 (19.088627666147016,)
11 	100  	195.979	316.541	17.6411	1626.54 (17.641142578266976,)
12 	100  	177.353	265.831	16.779 	1518.33 (16.779038755668619,)
13 	100  	164.045	205.002	14.9379	1180.82 (14.937925306707626,)
14 	100  	146.593	210.598	14.812 	1372.66 (14.811964112354039,)
15 	100  	168.239	235.813	14.0565	1734.05 (14.056522061364007,)
16 	100  	166.448	216.284	13.551 	1330.92 (13.550969196448976,)
17 	100  	144.098	190.25 	15.4672	1272.29 (13.550969196448976,)
18 	100  	163.033	235.287	13.8008	1459.76 (13.550969196448976,)
19 	100  	157.617	217.878	13.8562	1580.54 (13.550969196448976,)
20 	100  	150.353	203.679	12.9172	1335.67 (12.917158463696968,)
21 	100  	127.256	231.312	12.5251	1596.1  (12.525112842879643,)
22 	100  	133.943	245.281	14.2546	1842.24 (12.525112842879643,)
23 	100  	125.706	228.099	12.7958	1746.69 (12.525112842879643,)
24 	100  	138.389	175.081	12.8341	1319.63 (12.525112842879643,)
25 	100  	129.098	157.817	11.1999	1270.64 (11.199917470994738,)
26 	100  	120.946	151.59 	12.2065	1291.76 (11.199917470994738,)
27 	100  	118.099	174.784	12.6614	1507.41 (11.199917470994738,)
28 	100  	118.548	138.344	12.4978	853.977 (11.199917470994738,)
29 	100  	101.687	116.807	10.9712	773.381 (10.971165804051012,)
30 	100  	116.118	98.9507	11.886 	594.691 (10.971165804051012,)
31 	100  	120.424	138.658	10.8959	913.151 (10.8958824305171,)
32 	100  	93.7202	101.797	11.9976	618.515 (10.8958824305171,)
33 	100  	89.262 	72.4954	9.19656	418.238 (9.1965568540121172,)
34 	100  	109.669	100.621	9.37651	487.459 (9.1965568540121172,)
35 	100  	103.477	117.412	10.809 	740.439 (9.1965568540121172,)
36 	100  	100.329	94.3336	10.7312	460.891 (9.1965568540121172,)
37 	100  	110.408	125.304	6.76192	927.441 (6.7619217735892674,)
38 	100  	97.7284	127.602	7.17052	821.346 (6.7619217735892674,)
39 	100  	107.763	106.051	9.64553	562.937 (6.7619217735892674,)
40 	100  	114.607	119.396	9.12935	627.491 (6.7619217735892674,)
41 	100  	90.0724	90.5022	7.42785	506.279 (6.7619217735892674,)
42 	100  	93.4834	80.8078	6.62861	364.009 (6.6286091694806872,)
43 	100  	110.078	101.42 	6.54746	627.447 (6.5474646691305347,)
44 	100  	116.922	117.032	5.91812	638.864 (5.918115248077723,)
45 	100  	110.048	113.576	6.8249 	536.083 (5.918115248077723,)
46 	100  	99.0528	88.8127	7.72078	431.284 (5.918115248077723,)
47 	100  	92.9882	96.8943	5.85097	466.45  (5.8509662301806431,)
48 	100  	120.467	123.932	6.7562 	802.037 (5.8509662301806431,)
49 	100  	99.4058	97.62  	5.0964 	578.429 (5.0964018896335981,)
50 	100  	126.051	144.558	6.84477	772.514 (5.0964018896335981,)
51 	100  	116.455	132.442	4.88046	827.372 (4.8804562224772718,)
52 	100  	139.841	152.942	6.90564	865.98  (4.8804562224772718,)
53 	100  	114.8  	121.851	4.75149	692.607 (4.7514935366607736,)
54 	100  	113.305	104.48 	5.97795	583.809 (4.7514935366607736,)
55 	100  	104.922	102.864	6.06356	690.795 (4.7514935366607736,)
56 	100  	96.0602	101.107	4.94065	706.648 (4.7514935366607736,)
57 	100  	91.7928	98.9505	5.26525	598.905 (4.7514935366607736,)
58 	100  	97.1655	94.6065	5.0426 	567.51  (4.7514935366607736,)
59 	100  	85.4876	90.801 	5.86522	567.309 (4.7514935366607736,)
60 	100  	86.0258	96.6896	6.26421	764.009 (4.7514935366607736,)
61 	100  	93.5226	104.154	4.06122	801.855 (4.061222536527179,)
62 	100  	103.784	115.349	5.541  	772.61  (4.061222536527179,)
63 	100  	109.737	120.829	5.61368	875.278 (4.061222536527179,)
64 	100  	90.4466	103.431	5.23139	719.831 (4.061222536527179,)
65 	100  	94.9146	99.9519	5.57372	563.435 (4.061222536527179,)
66 	100  	96.9091	112.537	6.11099	859.699 (4.061222536527179,)
67 	100  	94.6389	113.197	4.90048	659.123 (4.061222536527179,)
68 	100  	106.55 	99.6046	5.65401	610.506 (4.061222536527179,)
69 	100  	102.492	113.28 	7.10908	566.688 (4.061222536527179,)
70 	100  	95.351 	104.425	4.06404	693.619 (4.061222536527179,)
71 	100  	91.8455	87.6918	3.80462	448.093 (3.8046230438548303,)
72 	100  	87.0089	90.6718	4.14434	540.271 (3.8046230438548303,)
73 	100  	107.189	122.801	4.78901	712.038 (3.8046230438548303,)
74 	100  	101.955	103.16 	3.75151	610.815 (3.7515087004586385,)
75 	100  	96.9958	95.1293	5.38562	722.4   (3.7515087004586385,)
76 	100  	98.3267	106.309	4.35449	465.174 (3.7515087004586385,)
77 	100  	83.785 	72.6237	4.35281	318.609 (3.7515087004586385,)
78 	100  	99.0621	116.531	5.05954	812.758 (3.7515087004586385,)
79 	100  	109.309	100.556	3.83198	496.762 (3.7515087004586385,)
80 	100  	94.5475	93.4883	4.40105	578.334 (3.7515087004586385,)
81 	100  	99.9929	111.238	3.46604	787.828 (3.4660418652306966,)
82 	100  	97.1561	104.002	3.66464	491.35  (3.4660418652306966,)
83 	100  	91.0597	93.3062	4.92861	512.566 (3.4660418652306966,)
84 	100  	91.1824	82.56  	4.95053	445.506 (3.4660418652306966,)
85 	100  	89.6403	94.204 	2.70458	572.345 (2.7045842280272074,)
86 	100  	93.455 	100.139	2.97777	589.054 (2.7045842280272074,)
87 	100  	96.3998	116.213	2.54963	849.497 (2.5496341371370419,)
88 	100  	83.0771	97.8029	2.87183	810.373 (2.5496341371370419,)
89 	100  	76.3661	86.4796	2.86221	662.115 (2.5496341371370419,)
90 	100  	85.0089	104.658	2.82361	740.308 (2.5496341371370419,)
91 	100  	92.1652	91.0206	3.06444	591.218 (2.5496341371370419,)
92 	100  	101.937	98.1532	3.19083	496.943 (2.5496341371370419,)
93 	100  	91.9136	106.976	3.60145	755.298 (2.5496341371370419,)
94 	100  	87.2304	99.0801	2.80077	613.062 (2.5496341371370419,)
95 	100  	88.4508	97.4181	2.86098	606.431 (2.5496341371370419,)
96 	100  	88.9487	86.0592	2.73587	635.876 (2.5496341371370419,)
97 	100  	81.3497	96.9532	2.39507	673.901 (2.3950712633123485,)
98 	100  	84.8784	99.9569	2.96607	623.343 (2.3950712633123485,)
99 	100  	83.9452	93.3244	2.94278	564.363 (2.3950712633123485,)
100	100  	91.5735	102.534	3.59368	602.918 (2.3950712633123485,)
101	100  	90.6066	94.1148	2.13746	669.924 (2.1374640384197883,)
102	100  	104.911	99.7574	4.54   	362.51  (2.1374640384197883,)
103	100  	104.001	93.3018	3.48861	430.325 (2.1374640384197883,)
104	100  	114.081	95.0933	2.97308	341.902 (2.1374640384197883,)
105	100  	112.972	105.437	2.24662	686.914 (2.1374640384197883,)
106	100  	103.687	114.211	3.06254	707.562 (2.1374640384197883,)
107	100  	103.224	110.586	3.23316	678.26  (2.1374640384197883,)
108	100  	102.193	119.326	2.78652	874.083 (2.1374640384197883,)
109	100  	98.779 	100.158	3.31255	697.57  (2.1374640384197883,)
110	100  	104.733	96.5831	4.6367 	516.421 (2.1374640384197883,)
111	100  	91.0177	88.5071	3.7442 	458.868 (2.1374640384197883,)
112	100  	88.6509	74.9185	2.50985	322.859 (2.1374640384197883,)
113	100  	92.385 	82.0101	2.01309	473.712 (2.0130901142889246,)
114	100  	82.1219	68.7962	2.92994	305.602 (2.0130901142889246,)
115	100  	94.0212	87.7249	4.13905	552.534 (2.0130901142889246,)
116	100  	101.329	99.2979	3.01226	620.986 (2.0130901142889246,)
117	100  	97.6542	98.7683	2.09693	587.572 (2.0130901142889246,)
118	100  	85.2804	92.4566	2.61012	580.382 (2.0130901142889246,)
119	100  	85.1616	86.3385	2.65136	485.717 (2.0130901142889246,)
120	100  	88.4534	87.0245	2.68327	490.01  (2.0130901142889246,)
121	100  	104.392	99.1804	2.53901	589.824 (2.0130901142889246,)
122	100  	111.958	111.027	3.58048	674.307 (2.0130901142889246,)
123	100  	96.1499	112.417	2.23765	734.724 (2.0130901142889246,)
124	100  	90.1147	89.1071	3.20775	568.54  (2.0130901142889246,)
125	100  	107.583	121.414	3.71973	708.187 (2.0130901142889246,)
126	100  	96.5206	99.405 	2.45376	579.085 (2.0130901142889246,)
127	100  	108.784	112.239	2.952  	781.498 (2.0130901142889246,)
128	100  	93.9041	94.4415	2.10516	586.63  (2.0130901142889246,)
129	100  	94.8192	90.9546	2.91544	635.297 (2.0130901142889246,)
130	100  	97.3512	102.367	2.56245	570.531 (2.0130901142889246,)
131	100  	102.287	112.311	2.99788	612.451 (2.0130901142889246,)
132	100  	87.4531	86.3373	3.18121	516.686 (2.0130901142889246,)
133	100  	89.8823	97.4069	2.70168	544.508 (2.0130901142889246,)
134	100  	99.6006	111.549	3.0783 	694.078 (2.0130901142889246,)
135	100  	94.2836	126.29 	2.6137 	989.089 (2.0130901142889246,)
136	100  	96.7177	111.762	2.51125	696.739 (2.0130901142889246,)
137	100  	99.5136	121.64 	2.90368	889.112 (2.0130901142889246,)
138	100  	109.828	114.124	2.92124	812.538 (2.0130901142889246,)
139	100  	94.7004	99.26  	3.22625	655.293 (2.0130901142889246,)
140	100  	100.678	97.0365	2.42827	605.004 (2.0130901142889246,)
141	100  	102.881	90.0527	2.98824	421.809 (2.0130901142889246,)
142	100  	94.3335	91.3932	4.49861	646.489 (2.0130901142889246,)
143	100  	78.766 	85.1005	2.92266	569.318 (2.0130901142889246,)
144	100  	90.4091	84.0725	2.13054	347.167 (2.0130901142889246,)
145	100  	86.3878	78.8989	3.49597	336.49  (2.0130901142889246,)
146	100  	80.127 	65.2442	3.33983	290.335 (2.0130901142889246,)
147	100  	89.7456	92.4856	2.56559	455.594 (2.0130901142889246,)
148	100  	110.64 	100.483	3.66047	523.609 (2.0130901142889246,)
149	100  	107.821	116.3  	5.08115	842.612 (2.0130901142889246,)
150	100  	97.5826	112.67 	2.75113	711.019 (2.0130901142889246,)
151	100  	85.5081	93.7945	2.49124	645.831 (2.0130901142889246,)
152	100  	116.775	118.739	4.06751	758.002 (2.0130901142889246,)
153	100  	89.2072	99.0129	3.10987	588.723 (2.0130901142889246,)
154	100  	99.8433	99.9105	4.82237	512.795 (2.0130901142889246,)
155	100  	96.4869	109.711	2.19063	621.452 (2.0130901142889246,)
156	100  	91.2316	105.298	2.94438	706.01  (2.0130901142889246,)
157	100  	90.0434	104.136	2.01807	802.069 (2.0130901142889246,)
158	100  	90.1249	106.286	2.29547	862.937 (2.0130901142889246,)
159	100  	91.9947	93.2658	2.2658 	644.334 (2.0130901142889246,)
160	100  	88.9053	96.313 	2.61634	594.745 (2.0130901142889246,)
161	100  	99.4691	97.0965	2.33922	605.819 (2.0130901142889246,)
162	100  	114.138	111.162	3.11186	666.859 (2.0130901142889246,)
163	100  	91.8633	95.0894	2.89261	634.606 (2.0130901142889246,)
164	100  	94.7411	118.895	3.23154	786.627 (2.0130901142889246,)
165	100  	78.2287	90.2627	2.76266	689.745 (2.0130901142889246,)
166	100  	96.1962	95.9236	3.1472 	477.869 (2.0130901142889246,)
167	100  	107.251	111.609	2.81306	731.591 (2.0130901142889246,)
168	100  	102.265	112.72 	2.68657	591.84  (2.0130901142889246,)
169	100  	90.4505	91.6826	3.79994	430.61  (2.0130901142889246,)
170	100  	96.7579	77.7798	2.66724	363.669 (2.0130901142889246,)
171	100  	80.5638	66.7817	2.52789	298.71  (2.0130901142889246,)
172	100  	99.3521	95.3492	2.66082	554.423 (2.0130901142889246,)
173	100  	93.5745	78.5004	2.27504	416.821 (2.0130901142889246,)
174	100  	99.4528	82.4655	3.51127	364.043 (2.0130901142889246,)
175	100  	92.084 	80.2227	2.92065	383.114 (2.0130901142889246,)
176	100  	72.9487	65.1092	3.11656	389.223 (2.0130901142889246,)
177	100  	70.5188	69.2251	3.33453	288.68  (2.0130901142889246,)
178	100  	89.497 	84.1813	2.15198	396.071 (2.0130901142889246,)
179	100  	93.2058	84.052 	2.30093	420.899 (2.0130901142889246,)
180	100  	88.3012	91.7689	2.25647	390.586 (2.0130901142889246,)
181	100  	87.7551	79.7663	4.67942	343.697 (2.0130901142889246,)
182	100  	88.6955	80.1587	3.43499	443.487 (2.0130901142889246,)
183	100  	80.199 	68.622 	2.38161	320.508 (2.0130901142889246,)
184	100  	95.2392	97.4233	2.72101	719.976 (2.0130901142889246,)
185	100  	84.731 	77.4005	2.61328	349.276 (2.0130901142889246,)
186	100  	79.5995	78.5451	2.743  	383.243 (2.0130901142889246,)
187	100  	96.093 	95.9857	2.33732	512.583 (2.0130901142889246,)
188	100  	96.0841	85.0801	2.10028	339.878 (2.0130901142889246,)
189	100  	95.0875	76.4681	4.35116	342.945 (2.0130901142889246,)
190	100  	94.7541	101.022	3.66428	452.458 (2.0130901142889246,)
191	100  	86.7001	71.0721	4.13686	402.674 (2.0130901142889246,)
192	100  	88.6398	77.1289	2.32249	357.907 (2.0130901142889246,)
193	100  	86.2599	75.8371	2.80796	323.615 (2.0130901142889246,)
194	100  	84.0215	72.899 	4.35024	383.056 (2.0130901142889246,)
195	100  	86.416 	72.6082	2.28971	355.113 (2.0130901142889246,)
196	100  	98.822 	97.9963	2.71975	567.159 (2.0130901142889246,)
197	100  	82.1999	77.8885	2.65549	363.568 (2.0130901142889246,)
198	100  	91.5852	79.9632	2.21945	359.73  (2.0130901142889246,)
199	100  	87.4524	80.1271	3.29997	386.97  (2.0130901142889246,)
200	100  	94.17  	106.455	1.57092	550.989 (1.5709202956786239,)
201	100  	90.031 	87.5134	2.10862	456.513 (1.5709202956786239,)
202	100  	92.5031	82.6756	1.87242	357.471 (1.5709202956786239,)
203	100  	88.7014	76.657 	2.53544	430.71  (1.5709202956786239,)
204	100  	97.0897	105.501	2.26022	667.356 (1.5709202956786239,)
205	100  	101.774	95.2664	2.12961	471.959 (1.5709202956786239,)
206	100  	94.02  	83.1809	1.73727	384.146 (1.5709202956786239,)
207	100  	77.7148	72.4311	2.08424	417.281 (1.5709202956786239,)
208	100  	78.6128	71.764 	2.82666	320.6   (1.5709202956786239,)
209	100  	92.1621	74.4112	2.11377	324.836 (1.5709202956786239,)
210	100  	79.7107	72.1603	3.21436	382.775 (1.5709202956786239,)
211	100  	86.8792	85.423 	2.36542	377.431 (1.5709202956786239,)
212	100  	86.2889	79.1804	2.14107	340.257 (1.5709202956786239,)
213	100  	98.4344	92.4399	3.59041	548.803 (1.5709202956786239,)
214	100  	98.8439	89.583 	3.77296	419.861 (1.5709202956786239,)
215	100  	86.0554	77.9062	2.65095	344.154 (1.5709202956786239,)
216	100  	107.497	90.6962	2.12597	389.128 (1.5709202956786239,)
217	100  	89.2003	80.7776	2.28098	371.668 (1.5709202956786239,)
218	100  	85.7315	87.1324	2.54386	536.697 (1.5709202956786239,)
219	100  	81.2067	76.8842	2.03077	441.16  (1.5709202956786239,)
220	100  	88.416 	80.3638	3.07542	348.493 (1.5709202956786239,)
221	100  	88.6607	84.626 	1.71655	355.281 (1.5709202956786239,)
222	100  	84.9195	72.3435	1.6028 	329.555 (1.5709202956786239,)
223	100  	93.7259	90.5706	2.44277	651.374 (1.5709202956786239,)
224	100  	89.5328	77.9697	3.75876	456.674 (1.5709202956786239,)
225	100  	83.1055	87.3284	2.89079	523.727 (1.5709202956786239,)
226	100  	72.2409	91.3048	3.25941	620.987 (1.5709202956786239,)
227	100  	77.076 	82.9647	1.81601	438.077 (1.5709202956786239,)
228	100  	88.3918	88.0119	1.99227	438.161 (1.5709202956786239,)
229	100  	82.0078	78.2677	3.13515	345.645 (1.5709202956786239,)
230	100  	95.2858	105.205	4.60164	593.817 (1.5709202956786239,)
231	100  	105.475	79.9212	2.90692	342.847 (1.5709202956786239,)
232	100  	97.2655	100.34 	2.42126	543.917 (1.5709202956786239,)
233	100  	94.8761	88.6896	2.2976 	488.853 (1.5709202956786239,)
234	100  	82.9608	80.9495	2.1315 	397.521 (1.5709202956786239,)
235	100  	89.847 	80.1784	2.19762	435.903 (1.5709202956786239,)
236	100  	91.9003	77.0183	2.24219	363.347 (1.5709202956786239,)
237	100  	97.8624	90.9956	2.13848	500.749 (1.5709202956786239,)
238	100  	96.3011	85.1075	1.85118	381.071 (1.5709202956786239,)
239	100  	85.1439	71.5645	2.18004	364.269 (1.5709202956786239,)
240	100  	87.8339	94.0407	5.17682	536.727 (1.5709202956786239,)
241	100  	100.323	91.9002	2.2551 	502.709 (1.5709202956786239,)
242	100  	84.5531	79.7592	3.08368	336.399 (1.5709202956786239,)
243	100  	90.6869	95.9471	2.04327	480.344 (1.5709202956786239,)
244	100  	83.365 	70.8295	2.63102	312.605 (1.5709202956786239,)
245	100  	85.6101	82.2225	2.80941	485.546 (1.5709202956786239,)
246	100  	75.7238	73.7422	1.84962	375.699 (1.5709202956786239,)
247	100  	94.0284	93.1307	2.88072	406.29  (1.5709202956786239,)
248	100  	94.3176	85.585 	1.93689	377.302 (1.5709202956786239,)
249	100  	84.8125	66.1628	2.44129	265.073 (1.5709202956786239,)
250	100  	81.9475	85.2087	2.02468	411.628 (1.5709202956786239,)
251	100  	84.9074	93.9225	2.95162	702.749 (1.5709202956786239,)
252	100  	94.2227	86.0448	2.61706	496.648 (1.5709202956786239,)
253	100  	86.9961	71.0087	2.63343	385.193 (1.5709202956786239,)
254	100  	92.859 	89.5997	2.1438 	414.462 (1.5709202956786239,)
255	100  	91.6748	83.4039	2.09025	382.155 (1.5709202956786239,)
256	100  	106.432	101.732	2.2522 	508.94  (1.5709202956786239,)
257	100  	95.0718	79.8271	3.65317	400.671 (1.5709202956786239,)
258	100  	82.0557	82.9948	2.97081	405.959 (1.5709202956786239,)
259	100  	83.4183	69.185 	2.23795	298.984 (1.5709202956786239,)
260	100  	85.0344	70.6756	3.30097	313.743 (1.5709202956786239,)
261	100  	88.3665	84.3132	2.88643	423.304 (1.5709202956786239,)
262	100  	85.7184	72.4458	3.76405	353.892 (1.5709202956786239,)
263	100  	82.8226	66.991 	2.13046	379.863 (1.5709202956786239,)
264	100  	82.975 	77.1566	3.24502	301.233 (1.5709202956786239,)
265	100  	86.6165	79.177 	4.22799	368.618 (1.5709202956786239,)
266	100  	91.6158	94.6252	2.85917	581.137 (1.5709202956786239,)
267	100  	82.5222	77.7175	2.67792	320.474 (1.5709202956786239,)
268	100  	89.7362	89.3268	2.44451	498.318 (1.5709202956786239,)
269	100  	85.2495	77.7965	2.88989	371.46  (1.5709202956786239,)
270	100  	96.65  	90.757 	3.84695	462.382 (1.5709202956786239,)
271	100  	70.9845	62.0211	2.7126 	297.805 (1.5709202956786239,)
272	100  	95.0117	74.4327	2.00193	315.626 (1.5709202956786239,)
273	100  	86.208 	80.0786	3.33847	471.718 (1.5709202956786239,)
274	100  	85.6852	75.1229	3.23331	505.303 (1.5709202956786239,)
275	100  	89.5141	88.0774	1.98764	480.778 (1.5709202956786239,)
276	100  	87.3003	78.5663	2.15291	406.61  (1.5709202956786239,)
277	100  	100.475	94.2903	3.79722	534.725 (1.5709202956786239,)
278	100  	107.339	101.582	2.08236	592.249 (1.5709202956786239,)
279	100  	96.9815	80.3507	3.22493	422.202 (1.5709202956786239,)
280	100  	86.8573	74.7232	2.7122 	310.098 (1.5709202956786239,)
281	100  	104.069	97.0518	2.8017 	448.909 (1.5709202956786239,)
282	100  	101.647	90.3911	3.70619	498.808 (1.5709202956786239,)
283	100  	99.1788	84.3224	3.02314	422.584 (1.5709202956786239,)
284	100  	105.697	105.25 	3.36823	477.801 (1.5709202956786239,)
285	100  	93.3239	93.6143	1.98387	533.366 (1.5709202956786239,)
286	100  	89.7991	92.0468	2.67626	573.285 (1.5709202956786239,)
287	100  	79.133 	73.1201	2.71502	324.885 (1.5709202956786239,)
288	100  	97.5785	83.3822	1.63647	342.259 (1.5709202956786239,)
289	100  	89.8665	86.955 	2.45377	538.758 (1.5709202956786239,)
290	100  	89.4205	84.2631	2.84687	422.766 (1.5709202956786239,)
291	100  	90.8467	71.4971	2.99705	345.462 (1.5709202956786239,)
292	100  	92.4978	85.1689	4.36295	436.272 (1.5709202956786239,)
293	100  	99.4811	89.184 	2.03558	363.345 (1.5709202956786239,)
294	100  	108.975	116.226	3.80617	726.608 (1.5709202956786239,)
295	100  	96.9958	84.8714	2.84778	395.868 (1.5709202956786239,)
296	100  	86.918 	80.9611	3.47174	346.884 (1.5709202956786239,)
297	100  	79.422 	75.0276	2.22203	423.814 (1.5709202956786239,)
298	100  	78.043 	79.7492	3.09232	330.03  (1.5709202956786239,)
299	100  	91.1238	86.4167	2.5512 	422.911 (1.5709202956786239,)
300	100  	86.6242	79.187 	1.76199	399.487 (1.5709202956786239,)
301	100  	86.2915	70.3541	2.34927	292.312 (1.5709202956786239,)
302	100  	92.9105	79.9762	1.99058	330.499 (1.5709202956786239,)
303	100  	90.6183	82.8768	2.15995	432.446 (1.5709202956786239,)
304	100  	87.9358	84.4495	3.11522	406.196 (1.5709202956786239,)
305	100  	104.806	86.8489	4.12865	436.641 (1.5709202956786239,)
306	100  	82.4625	79.4867	2.15157	364.641 (1.5709202956786239,)
307	100  	92.7908	71.9622	3.9958 	348.914 (1.5709202956786239,)
308	100  	96.6362	83.6373	4.20999	370.915 (1.5709202956786239,)
309	100  	81.8268	92.1248	1.71342	560.771 (1.5709202956786239,)
310	100  	91.5566	74.5578	2.88317	308.071 (1.5709202956786239,)
311	100  	91.1214	80.9621	1.98396	336.403 (1.5709202956786239,)
312	100  	92.0732	89.3709	2.62098	477.057 (1.5709202956786239,)
313	100  	99.0273	88.6334	4.2457 	402.994 (1.5709202956786239,)
314	100  	105.039	84.8863	1.92087	325.311 (1.5709202956786239,)
315	100  	87.676 	85.7476	3.05415	361.633 (1.5709202956786239,)
316	100  	80.8653	66.6744	2.10053	335.855 (1.5709202956786239,)
317	100  	88.8875	80.747 	1.70663	379.766 (1.5709202956786239,)
318	100  	94.5279	80.1396	3.46096	402.688 (1.5709202956786239,)
319	100  	91.7061	87.9784	3.26966	438.375 (1.5709202956786239,)
320	100  	76.3418	63.1983	2.76986	333.745 (1.5709202956786239,)
321	100  	87.5308	74.3722	2.19766	331.464 (1.5709202956786239,)
322	100  	83.4282	76.5399	2.63327	418.461 (1.5709202956786239,)
323	100  	90.1037	88.5453	1.70717	377.502 (1.5709202956786239,)
324	100  	103.048	108.107	2.29459	521.554 (1.5709202956786239,)
325	100  	102.959	92.653 	2.57157	403.879 (1.5709202956786239,)
326	100  	88.5161	79.8029	2.0286 	456.155 (1.5709202956786239,)
327	100  	105.993	89.1334	1.83841	424.625 (1.5709202956786239,)
328	100  	89.5638	84.8835	2.41976	346.671 (1.5709202956786239,)
329	100  	100.588	89.0082	1.96247	418.805 (1.5709202956786239,)
330	100  	80.7656	73.8921	1.78848	264.028 (1.5709202956786239,)
331	100  	79.5524	75.7735	2.53475	377.202 (1.5709202956786239,)
332	100  	99.3629	88.3914	2.56407	465.498 (1.5709202956786239,)
333	100  	82.9494	81.5984	2.1006 	397.279 (1.5709202956786239,)
334	100  	91.4159	74.5127	3.40973	380.464 (1.5709202956786239,)
335	100  	79.4098	74.4211	1.92537	461.051 (1.5709202956786239,)
336	100  	107.921	83.9324	1.84389	366.966 (1.5709202956786239,)
337	100  	88.6702	73.7634	3.83863	364.617 (1.5709202956786239,)
338	100  	92.3944	87.5175	4.0968 	410.081 (1.5709202956786239,)
339	100  	89.9046	81.9174	2.16934	414.802 (1.5709202956786239,)
340	100  	77.5669	70.5546	3.21904	373.642 (1.5709202956786239,)
341	100  	90.2854	71.2522	2.18775	368.22  (1.5709202956786239,)
342	100  	88.8742	77.7426	1.33785	431.713 (1.3378481205175194,)
343	100  	85.096 	73.2794	3.12553	378.916 (1.3378481205175194,)
344	100  	91.1686	78.4755	1.68355	398.086 (1.3378481205175194,)
345	100  	92.4305	81.3713	1.85108	454.076 (1.3378481205175194,)
346	100  	89.1239	67.5425	3.65213	283.654 (1.3378481205175194,)
347	100  	79.4054	72.2728	1.86996	326.898 (1.3378481205175194,)
348	100  	94.9755	79.3505	2.51626	353.519 (1.3378481205175194,)
349	100  	85.1203	76.2744	2.21561	297.344 (1.3378481205175194,)
350	100  	89.4826	94.4738	2.39575	505.267 (1.3378481205175194,)
351	100  	72.6134	69.2908	2.23161	339.706 (1.3378481205175194,)
352	100  	83.3042	75.7721	2.61514	357.72  (1.3378481205175194,)
353	100  	86.0591	78.3972	2.89978	408.277 (1.3378481205175194,)
354	100  	95.5964	84.4726	2.18191	350.422 (1.3378481205175194,)
355	100  	97.2162	89.2449	1.84654	346.606 (1.3378481205175194,)
356	100  	94.7887	87.2037	3.05604	394.15  (1.3378481205175194,)
357	100  	111.305	107.2  	2.01786	468.601 (1.3378481205175194,)
358	100  	111.086	114.468	2.80351	757.756 (1.3378481205175194,)
359	100  	78.7078	79.8911	3.95474	399.041 (1.3378481205175194,)
360	100  	84.4817	78.1771	1.81249	341.883 (1.3378481205175194,)
361	100  	103.033	94.7   	2.23795	536.168 (1.3378481205175194,)
362	100  	102.074	95.7047	2.31595	609.58  (1.3378481205175194,)
363	100  	87.9189	89.3734	2.6774 	477.71  (1.3378481205175194,)
364	100  	90.3127	88.3692	2.67349	362.86  (1.3378481205175194,)
365	100  	85.1634	77.9346	3.22214	346.108 (1.3378481205175194,)
366	100  	71.7914	66.6998	2.43572	279.602 (1.3378481205175194,)
367	100  	90.6207	87.204 	2.70196	407.459 (1.3378481205175194,)
368	100  	84.0329	81.9537	2.02487	335.544 (1.3378481205175194,)
369	100  	89.3547	86.6684	2.83661	351.63  (1.3378481205175194,)
370	100  	86.9037	75.0696	2.06169	408.279 (1.3378481205175194,)
371	100  	93.5106	89.9479	1.91223	449.04  (1.3378481205175194,)
372	100  	90.6335	87.7022	2.50901	456.815 (1.3378481205175194,)
373	100  	78.9522	78.326 	2.00777	377.645 (1.3378481205175194,)
374	100  	78.2376	72.7439	2.1137 	290.195 (1.3378481205175194,)
375	100  	80.912 	86.2973	2.30044	440.139 (1.3378481205175194,)
376	100  	81.9917	79.8848	2.15953	372.61  (1.3378481205175194,)
377	100  	81.3181	96.7557	2.62479	769.569 (1.3378481205175194,)
378	100  	95.099 	79.2213	1.62029	353.204 (1.3378481205175194,)
379	100  	87.3035	77.4297	3.12036	335.937 (1.3378481205175194,)
380	100  	78.6651	69.5132	2.79884	285.997 (1.3378481205175194,)
381	100  	88.1888	98.5914	1.90971	737.201 (1.3378481205175194,)
382	100  	83.5945	84.4106	2.62622	400.371 (1.3378481205175194,)
383	100  	85.0551	80.9247	2.40918	398.85  (1.3378481205175194,)
384	100  	84.5141	89.3046	1.76873	407.405 (1.3378481205175194,)
385	100  	97.7696	76.9929	2.74065	287.725 (1.3378481205175194,)
386	100  	85.2342	78.4409	2.20928	336.542 (1.3378481205175194,)
387	100  	88.5005	82.2645	2.11086	424.846 (1.3378481205175194,)
388	100  	81.7257	79.8983	1.58418	401.882 (1.3378481205175194,)
389	100  	81.139 	89.2606	1.71828	564.874 (1.3378481205175194,)
390	100  	86.7266	94.7901	2.53698	554.345 (1.3378481205175194,)
391	100  	88.7402	78.897 	1.71388	377.883 (1.3378481205175194,)
392	100  	103.132	86.6951	2.28505	375.255 (1.3378481205175194,)
393	100  	101.253	98.7741	2.68198	478.952 (1.3378481205175194,)
394	100  	101.306	100.984	3.13833	596.93  (1.3378481205175194,)
395	100  	88.6856	82.6489	2.2978 	380.421 (1.3378481205175194,)
396	100  	91.9797	98.1407	1.76745	480.909 (1.3378481205175194,)
397	100  	87.3492	71.3924	3.33957	242.505 (1.3378481205175194,)
398	100  	99.6288	82.4913	2.42091	401.361 (1.3378481205175194,)
399	100  	89.7856	84.6885	2.20007	380.69  (1.3378481205175194,)
400	100  	87.771 	72.8159	2.77862	369.363 (1.3378481205175194,)
401	100  	87.42  	90.6353	3.20433	475.65  (1.3378481205175194,)
402	100  	80.5253	64.4651	3.70219	345.544 (1.3378481205175194,)
403	100  	89.5183	74.5825	3.56643	306.374 (1.3378481205175194,)
404	100  	89.8116	75.5813	1.94513	375.886 (1.3378481205175194,)
405	100  	91.713 	85.0433	2.6325 	342.546 (1.3378481205175194,)
406	100  	83.9507	80.1564	3.45754	328.472 (1.3378481205175194,)
407	100  	90.8585	80.7833	2.68798	383.285 (1.3378481205175194,)
408	100  	91.1357	71.096 	2.39621	278.304 (1.3378481205175194,)
409	100  	92.8524	90.4693	1.61738	572.457 (1.3378481205175194,)
410	100  	97.2219	95.747 	2.30979	513.162 (1.3378481205175194,)
411	100  	91.2567	88.3898	1.98543	353.314 (1.3378481205175194,)
412	100  	104.366	95.9217	1.77768	452.956 (1.3378481205175194,)
413	100  	87.6053	80.3597	2.40285	450.189 (1.3378481205175194,)
414	100  	97.5072	98.7126	1.89379	415.506 (1.3378481205175194,)
415	100  	101.131	109.374	2.34814	607.665 (1.3378481205175194,)
416	100  	92.4579	79.5746	2.86199	361.33  (1.3378481205175194,)
417	100  	105.959	93.3275	2.33217	398.576 (1.3378481205175194,)
418	100  	94.2606	74.6659	3.38271	297.365 (1.3378481205175194,)
419	100  	88.3502	78.88  	1.8273 	436.55  (1.3378481205175194,)
420	100  	86.8683	91.419 	2.2311 	556.114 (1.3378481205175194,)
421	100  	89.8219	89.6413	2.20604	373.637 (1.3378481205175194,)
422	100  	87.1115	77.9572	2.81533	432.168 (1.3378481205175194,)
423	100  	89.6167	81.7376	3.33741	442.431 (1.3378481205175194,)
424	100  	85.2029	85.989 	2.87656	368.237 (1.3378481205175194,)
425	100  	90.7104	73.1048	2.39936	347.446 (1.3378481205175194,)
426	100  	78.0943	71.9945	2.52911	264.748 (1.3378481205175194,)
427	100  	102.46 	87.5384	2.51069	460.539 (1.3378481205175194,)
428	100  	102.621	86.6926	1.79471	374.74  (1.3378481205175194,)
429	100  	71.3878	64.6057	2.88505	335.223 (1.3378481205175194,)
430	100  	74.949 	68.0416	3.41023	340.167 (1.3378481205175194,)
431	100  	73.3383	75.8559	2.05927	341.114 (1.3378481205175194,)
432	100  	79.9229	79.8659	2.2939 	400.756 (1.3378481205175194,)
433	100  	85.9925	81.1262	3.61162	366.103 (1.3378481205175194,)
434	100  	90.3629	86.4286	1.62451	413.244 (1.3378481205175194,)
435	100  	94.9954	88.4853	1.90313	376.095 (1.3378481205175194,)
436	100  	93.704 	93.3834	1.89401	604.482 (1.3378481205175194,)
437	100  	93.2485	84.3572	1.60046	356.634 (1.3378481205175194,)
438	100  	93.4517	82.783 	2.08222	315.131 (1.3378481205175194,)
439	100  	100.204	103.834	2.02   	570.53  (1.3378481205175194,)
440	100  	100.674	83.2752	2.13821	379.539 (1.3378481205175194,)
441	100  	95.9639	103.622	1.78457	560.248 (1.3378481205175194,)
442	100  	91.6031	90.3437	4.02908	390.2   (1.3378481205175194,)
443	100  	94.4509	86.5448	2.3766 	402.028 (1.3378481205175194,)
444	100  	81.4335	78.6504	1.63837	322.714 (1.3378481205175194,)
445	100  	97.1768	90.7825	1.58235	354.154 (1.3378481205175194,)
446	100  	99.0575	81.3536	3.27354	372.109 (1.3378481205175194,)
447	100  	106.529	88.5066	2.57549	323.325 (1.3378481205175194,)
448	100  	109.174	104.273	1.96675	593.199 (1.3378481205175194,)
449	100  	97.4154	79.2684	1.99993	343.454 (1.3378481205175194,)
450	100  	95.1737	92.5118	2.57776	579.167 (1.3378481205175194,)
451	100  	102.272	88.4022	2.50987	355.207 (1.3378481205175194,)
452	100  	96.2302	90.5134	2.23292	526.569 (1.3378481205175194,)
453	100  	83.7712	66.5018	1.95377	322.851 (1.3378481205175194,)
454	100  	94.6287	85.7799	2.25007	385.994 (1.3378481205175194,)
455	100  	87.3825	71.913 	1.57966	316.23  (1.3378481205175194,)
456	100  	93.7498	84.5564	2.54575	402.113 (1.3378481205175194,)
457	100  	100.72 	81.4399	3.26492	365.459 (1.3378481205175194,)
458	100  	124.723	99.369 	2.21656	560.044 (1.3378481205175194,)
459	100  	84.9335	66.4541	5.14871	290.92  (1.3378481205175194,)
460	100  	83.4091	80.0217	2.32986	502.758 (1.3378481205175194,)
461	100  	69.3188	67.7158	1.90182	280.497 (1.3378481205175194,)
462	100  	89.8393	73.7162	1.98999	304.413 (1.3378481205175194,)
463	100  	97.6387	87.1513	1.8238 	448.435 (1.3378481205175194,)
464	100  	92.5153	79.4648	2.56858	356.734 (1.3378481205175194,)
465	100  	96.0405	80.2265	3.28441	502.553 (1.3378481205175194,)
466	100  	98.5355	92.5069	2.58585	427.299 (1.3378481205175194,)
467	100  	85.3503	69.682 	2.65047	278.977 (1.3378481205175194,)
468	100  	82.3462	78.0692	1.92053	481.735 (1.3378481205175194,)
469	100  	82.4437	72.6678	2.40971	322.677 (1.3378481205175194,)
470	100  	86.7965	95.6912	2.23945	465.944 (1.3378481205175194,)
471	100  	103.019	91.828 	3.24919	385.589 (1.3378481205175194,)
472	100  	96.4489	95.2139	1.5348 	578.741 (1.3378481205175194,)
473	100  	99.3846	89.7747	1.93118	384.458 (1.3378481205175194,)
474	100  	106.821	114.082	2.62289	867.69  (1.3378481205175194,)
475	100  	119.231	122.824	2.55271	802.399 (1.3378481205175194,)
476	100  	98.942 	95.0256	2.14012	503.289 (1.3378481205175194,)
477	100  	84.7958	79.0336	2.18748	345.558 (1.3378481205175194,)
478	100  	90.5104	76.614 	4.84638	358.879 (1.3378481205175194,)
479	100  	94.7253	86.6306	1.99388	347.428 (1.3378481205175194,)
480	100  	104.459	101.863	3.37158	488.584 (1.3378481205175194,)
481	100  	110.762	113.917	2.46451	479.222 (1.3378481205175194,)
482	100  	91.6359	73.964 	2.54688	300.309 (1.3378481205175194,)
483	100  	92.2511	86.5207	2.1047 	368.958 (1.3378481205175194,)
484	100  	76.0653	70.4944	2.65133	287.71  (1.3378481205175194,)
485	100  	81.7908	76.3051	1.99254	430.432 (1.3378481205175194,)
486	100  	72.4667	77.8518	1.92225	506.032 (1.3378481205175194,)
487	100  	79.4206	80.8982	2.72509	450.768 (1.3378481205175194,)
488	100  	94.2492	83.1926	2.56419	408.559 (1.3378481205175194,)
489	100  	96.8318	104.079	1.61505	603.985 (1.3378481205175194,)
490	100  	103.067	100.979	2.88297	554.004 (1.3378481205175194,)
491	100  	97.326 	93.9468	2.2883 	472.987 (1.3378481205175194,)
492	100  	97.3389	84.8507	2.43143	383.646 (1.3378481205175194,)
493	100  	98.4402	85.0088	3.4844 	403.066 (1.3378481205175194,)
494	100  	81.4173	75.8125	1.71166	326.803 (1.3378481205175194,)
495	100  	90.0935	80.4211	2.40106	434.785 (1.3378481205175194,)
496	100  	93.6965	80.9791	2.33507	337.426 (1.3378481205175194,)
497	100  	96.0967	81.4154	2.34887	362.197 (1.3378481205175194,)
498	100  	96.9199	90.5869	1.54011	430.948 (1.3378481205175194,)
499	100  	98.6948	97.5331	2.07311	535.61  (1.3378481205175194,)
