In file included from /usr/lib/python2.7/dist-packages/numpy/core/include/numpy/ndarraytypes.h:1761:0,
                 from /usr/lib/python2.7/dist-packages/numpy/core/include/numpy/ndarrayobject.h:17,
                 from /usr/lib/python2.7/dist-packages/numpy/core/include/numpy/arrayobject.h:4,
                 from /home/pinojc/.cache/scipy/python27_compiled/sc_9bade30717731f645b30a512f757f0fa1593.cpp:22:
/usr/lib/python2.7/dist-packages/numpy/core/include/numpy/npy_1_7_deprecated_api.h:15:2: warning: #warning "Using deprecated NumPy API, disable it by " "#defining NPY_NO_DEPRECATED_API NPY_1_7_API_VERSION" [-Wcpp]
 #warning "Using deprecated NumPy API, disable it by " \
  ^
gen	evals	avg    	std    	min    	max    
0  	100  	905.403	380.881	108.307	1818.19 (108.30717705289821,)
1  	100  	861.881	391.441	97.6797	1881.93 (97.679710565190504,)
2  	100  	805.472	395.133	43.4848	1884.69 (43.484842780903556,)
3  	100  	644.652	378.136	37.107 	1691.51 (37.107035225103253,)
4  	100  	569.241	372.448	29.6167	1627.66 (29.616674897302389,)
5  	100  	516.984	346.453	28.8131	1373.56 (28.81305566515983,)
6  	100  	396.723	319.984	36.2251	1480.71 (28.81305566515983,)
7  	100  	316.991	307.387	21.451 	1577.83 (21.45096608196739,)
8  	100  	247.719	317.633	17.1429	1614.86 (17.142944961144433,)
9  	100  	210.399	293.967	10.906 	1350.59 (10.905990230706156,)
10 	100  	205.62 	328.149	10.8401	1682.35 (10.840143186948126,)
11 	100  	174.253	299.348	10.7212	1545.23 (10.721226366844951,)
12 	100  	175.689	317.173	8.60724	1700.95 (8.607235980546438,)
13 	100  	151.837	266.781	7.81148	1354.57 (7.8114830690748551,)
14 	100  	138.545	262.365	7.34475	1508.31 (7.3447538986809633,)
15 	100  	146.468	282.718	8.23812	1623.8  (7.3447538986809633,)
16 	100  	127.871	240.579	9.67345	1419.82 (7.3447538986809633,)
17 	100  	117.884	196.154	8.77044	1207.7  (7.3447538986809633,)
18 	100  	134.036	243.173	8.51312	1520.9  (7.3447538986809633,)
19 	100  	120.787	218.648	8.81247	1333.89 (7.3447538986809633,)
20 	100  	123.832	230.258	8.24057	1209.93 (7.3447538986809633,)
21 	100  	124.152	245.777	8.15479	1362.86 (7.3447538986809633,)
22 	100  	111.374	207.047	7.7011 	1059.8  (7.3447538986809633,)
23 	100  	109.74 	190.455	7.50151	1066.15 (7.3447538986809633,)
24 	100  	109.617	196.838	6.74938	1061.02 (6.7493752755883101,)
25 	100  	120.543	220.238	7.04161	1217.64 (6.7493752755883101,)
26 	100  	119.191	241.332	6.9941 	1555.36 (6.7493752755883101,)
27 	100  	107.261	197.815	6.84982	1210.72 (6.7493752755883101,)
28 	100  	113.063	199.152	8.12053	1389.55 (6.7493752755883101,)
29 	100  	121.619	199.434	8.39373	1092.25 (6.7493752755883101,)
30 	100  	132.447	209.507	7.26169	1176.12 (6.7493752755883101,)
31 	100  	118.307	198.726	7.70521	1229.62 (6.7493752755883101,)
32 	100  	132.94 	209.086	7.55639	1235.58 (6.7493752755883101,)
33 	100  	126.311	217.506	6.15944	1260.39 (6.1594374471826701,)
34 	100  	123.894	219.636	5.54779	1351.88 (5.5477863440748054,)
35 	100  	119.464	231.227	4.58584	1502.02 (4.5858422548617437,)
36 	100  	115.491	213.305	5.48549	1479.41 (4.5858422548617437,)
37 	100  	130.273	233.239	5.67046	1411.17 (4.5858422548617437,)
38 	100  	117.125	239.202	7.29287	1474.97 (4.5858422548617437,)
39 	100  	108.636	217.407	4.96013	1400.86 (4.5858422548617437,)
40 	100  	115.93 	230.863	6.73038	1341.02 (4.5858422548617437,)
41 	100  	118.733	220.745	5.40552	1406.01 (4.5858422548617437,)
42 	100  	122.442	239.23 	4.78029	1499.43 (4.5858422548617437,)
43 	100  	122.97 	228.547	5.47193	1594.22 (4.5858422548617437,)
44 	100  	130.779	236.308	6.46827	1536.72 (4.5858422548617437,)
45 	100  	126.874	233.642	5.23408	1473.61 (4.5858422548617437,)
46 	100  	112.401	187.184	5.53316	1105.85 (4.5858422548617437,)
47 	100  	126.836	235.39 	6.14432	1360.12 (4.5858422548617437,)
48 	100  	112.907	204.157	6.10285	1448.88 (4.5858422548617437,)
49 	100  	101.217	213.598	5.253  	1446.54 (4.5858422548617437,)
50 	100  	96.1321	192.402	5.67919	1238.46 (4.5858422548617437,)
51 	100  	103.179	203.955	5.9447 	1481.68 (4.5858422548617437,)
52 	100  	105.053	203.283	6.09831	1363.41 (4.5858422548617437,)
53 	100  	115.331	190.012	5.78208	1345.56 (4.5858422548617437,)
54 	100  	108.717	184.608	5.78569	1293.16 (4.5858422548617437,)
55 	100  	108.549	202.506	4.92916	1225.02 (4.5858422548617437,)
56 	100  	113.4  	205.221	5.49222	1371.67 (4.5858422548617437,)
57 	100  	104.072	197.305	4.07915	1438.4  (4.0791543251764315,)
58 	100  	99.5207	204.976	5.02877	1535.25 (4.0791543251764315,)
59 	100  	105.644	216.317	4.92148	1532.34 (4.0791543251764315,)
60 	100  	100.907	195.807	5.01656	1349.9  (4.0791543251764315,)
61 	100  	99.9571	210.429	5.4661 	1379.54 (4.0791543251764315,)
62 	100  	113.58 	227.286	4.57862	1690.19 (4.0791543251764315,)
63 	100  	110.992	211.102	3.86555	1442.33 (3.8655528120612592,)
64 	100  	107.726	189.949	4.70591	1041.9  (3.8655528120612592,)
65 	100  	100.795	216.066	4.6328 	1302.87 (3.8655528120612592,)
66 	100  	100.406	180.954	4.7918 	1077.91 (3.8655528120612592,)
67 	100  	116.263	185.254	4.42471	1055.49 (3.8655528120612592,)
68 	100  	97.385 	190.111	4.28076	1122.15 (3.8655528120612592,)
69 	100  	117.926	203.463	6.06606	1380.82 (3.8655528120612592,)
70 	100  	110.624	210.815	3.86491	1465.43 (3.8649097340448066,)
71 	100  	104.679	218.434	3.6945 	1568.13 (3.694495925610136,)
72 	100  	116.317	200.648	4.54914	1161.68 (3.694495925610136,)
73 	100  	104.847	218.793	4.63738	1550.93 (3.694495925610136,)
74 	100  	113.521	223.801	4.15104	1689.19 (3.694495925610136,)
75 	100  	121.071	226.112	3.4362 	1689.31 (3.4361976830441341,)
76 	100  	114.716	204.139	3.84993	1238.2  (3.4361976830441341,)
77 	100  	117.684	198.997	3.01395	1454.95 (3.0139538017270397,)
78 	100  	110.508	227.045	4.28173	1616.41 (3.0139538017270397,)
79 	100  	116.519	222.673	5.607  	1671.26 (3.0139538017270397,)
80 	100  	118.659	227.397	3.5902 	1724.94 (3.0139538017270397,)
81 	100  	115.841	201.873	3.76179	1618.67 (3.0139538017270397,)
82 	100  	104.832	179.284	3.43346	1080.06 (3.0139538017270397,)
83 	100  	107.878	207.922	3.60825	1246.29 (3.0139538017270397,)
84 	100  	101.425	191.364	3.42394	1068.7  (3.0139538017270397,)
85 	100  	111.305	207.665	3.19747	1282.44 (3.0139538017270397,)
86 	100  	103.201	191.343	4.76348	1216.83 (3.0139538017270397,)
87 	100  	103.874	182.27 	4.0391 	1164.13 (3.0139538017270397,)
88 	100  	116.388	222.534	3.43218	1437.39 (3.0139538017270397,)
89 	100  	116.693	232.035	3.85724	1635.33 (3.0139538017270397,)
90 	100  	118.152	219.683	3.9036 	1415.31 (3.0139538017270397,)
91 	100  	115.768	212.4  	3.52669	1534.12 (3.0139538017270397,)
92 	100  	113.019	215.977	5.21542	1625.93 (3.0139538017270397,)
93 	100  	106.617	202.553	4.81304	1325.94 (3.0139538017270397,)
94 	100  	105.376	185.386	4.45078	1157.46 (3.0139538017270397,)
95 	100  	124.27 	231.938	4.21413	1514.45 (3.0139538017270397,)
96 	100  	127.603	202.366	4.6757 	1157.26 (3.0139538017270397,)
97 	100  	112.186	211.498	4.50595	1358.96 (3.0139538017270397,)
98 	100  	112.801	211.35 	4.11752	1661.62 (3.0139538017270397,)
99 	100  	123.287	211.176	4.24496	1414.46 (3.0139538017270397,)
100	100  	123.094	225.92 	2.81169	1641.66 (2.8116918040787615,)
101	100  	109.807	211.956	4.56384	1472.78 (2.8116918040787615,)
102	100  	108.356	198.223	3.0724 	1192.91 (2.8116918040787615,)
103	100  	128.599	214.256	3.87444	1379.69 (2.8116918040787615,)
104	100  	112.166	229.061	2.8731 	1533.64 (2.8116918040787615,)
105	100  	115.064	242.671	3.30459	1487.42 (2.8116918040787615,)
106	100  	114.307	225.337	2.57138	1581.02 (2.5713837384354408,)
107	100  	107.564	205.038	2.57896	1523.29 (2.5713837384354408,)
108	100  	120.395	186.957	3.51732	1249.97 (2.5713837384354408,)
109	100  	112.702	193.001	3.99124	1316.4  (2.5713837384354408,)
110	100  	94.5912	179.391	3.8548 	1139.84 (2.5713837384354408,)
111	100  	96.8541	175.106	2.52888	1111.91 (2.5288778485382535,)
112	100  	102.485	174.721	2.7352 	1262.27 (2.5288778485382535,)
113	100  	105.87 	208.783	2.98893	1566.52 (2.5288778485382535,)
114	100  	108.334	169.416	2.96152	1064.94 (2.5288778485382535,)
115	100  	111.571	183.754	2.62198	1084.9  (2.5288778485382535,)
116	100  	110.546	166.261	2.05815	1122.87 (2.0581463980824557,)
117	100  	119.523	194.117	3.40963	1367.44 (2.0581463980824557,)
118	100  	116.977	204.087	3.0581 	1524.09 (2.0581463980824557,)
119	100  	101.122	203.717	2.75625	1519.41 (2.0581463980824557,)
120	100  	113.006	214.305	3.39578	1675.09 (2.0581463980824557,)
121	100  	107.935	211.485	2.51563	1515.88 (2.0581463980824557,)
122	100  	110.874	160.455	3.37729	1057.23 (2.0581463980824557,)
123	100  	114.705	198.732	3.99735	1606.6  (2.0581463980824557,)
124	100  	91.4983	189.577	3.37403	1500.94 (2.0581463980824557,)
125	100  	109.563	191.517	3.69651	1396.22 (2.0581463980824557,)
126	100  	121.709	193.677	2.04762	1393.24 (2.0476169465318881,)
127	100  	122.756	176.519	2.82009	1094.76 (2.0476169465318881,)
128	100  	114.854	171.203	2.67876	1173.45 (2.0476169465318881,)
129	100  	113.656	168.719	2.43403	1159.01 (2.0476169465318881,)
130	100  	120.15 	181.541	3.17742	1411.87 (2.0476169465318881,)
131	100  	115.499	203.723	2.68417	1505.27 (2.0476169465318881,)
132	100  	108.607	207.423	2.39208	1528.59 (2.0476169465318881,)
133	100  	116.255	187.68 	3.89652	1431.72 (2.0476169465318881,)
134	100  	115.832	169.496	2.13106	1118.08 (2.0476169465318881,)
135	100  	99.2791	169.096	3.02086	1165.73 (2.0476169465318881,)
136	100  	120.053	220.893	3.39997	1726.14 (2.0476169465318881,)
137	100  	114.818	193.701	2.35884	1465.23 (2.0476169465318881,)
138	100  	94.2918	158.374	3.18886	1244.01 (2.0476169465318881,)
139	100  	103.61 	189.373	2.40116	1540.92 (2.0476169465318881,)
140	100  	110.134	201.732	2.99687	1424.18 (2.0476169465318881,)
141	100  	103.041	192.999	3.05998	1369.67 (2.0476169465318881,)
142	100  	111.812	167.521	2.37223	1202.12 (2.0476169465318881,)
143	100  	97.5751	166.197	2.96006	1038.81 (2.0476169465318881,)
144	100  	112.825	173.896	2.53182	1150.46 (2.0476169465318881,)
145	100  	107.85 	168.12 	3.77691	1167.88 (2.0476169465318881,)
146	100  	100.186	172.439	2.9582 	1243.19 (2.0476169465318881,)
147	100  	102.983	207.602	2.88125	1583.46 (2.0476169465318881,)
148	100  	114.446	177.959	2.67756	1434.1  (2.0476169465318881,)
149	100  	129.192	179.642	2.67777	1310.05 (2.0476169465318881,)
150	100  	114.206	182.186	2.97714	1391.25 (2.0476169465318881,)
151	100  	113.889	177.807	2.71946	1202.6  (2.0476169465318881,)
152	100  	101.031	179.86 	3.19544	1229.25 (2.0476169465318881,)
153	100  	94.6803	190.692	2.26705	1516.21 (2.0476169465318881,)
154	100  	103.017	198.451	3.40533	1512.16 (2.0476169465318881,)
155	100  	108.66 	207.937	2.96601	1580.3  (2.0476169465318881,)
156	100  	92.769 	176.192	3.49738	1265.23 (2.0476169465318881,)
157	100  	108.722	191.282	2.51335	1386.71 (2.0476169465318881,)
158	100  	97.5962	206.599	2.27541	1632.44 (2.0476169465318881,)
159	100  	118.77 	221.594	2.38731	1635.42 (2.0476169465318881,)
160	100  	104.647	183.114	3.09285	1343.29 (2.0476169465318881,)
161	100  	101.375	190.372	3.54517	1400.4  (2.0476169465318881,)
162	100  	105.713	187.709	2.3084 	1495.86 (2.0476169465318881,)
163	100  	111.839	181.6  	2.74688	1302.77 (2.0476169465318881,)
164	100  	120.863	191.988	3.48889	1545.78 (2.0476169465318881,)
165	100  	114.296	185.22 	2.90884	1354.31 (2.0476169465318881,)
166	100  	113.978	158.331	4.2957 	1078.53 (2.0476169465318881,)
167	100  	114.332	166.462	4.33191	1373.61 (2.0476169465318881,)
168	100  	108.815	128.449	3.22457	1017.43 (2.0476169465318881,)
169	100  	99.8116	151.455	2.99978	1417.1  (2.0476169465318881,)
170	100  	88.9477	132.65 	3.25872	1264.84 (2.0476169465318881,)
171	100  	88.7215	139.025	1.94426	1319.2  (1.9442585455746861,)
172	100  	93.351 	168.94 	2.03882	1572.25 (1.9442585455746861,)
173	100  	102.431	167.505	3.38679	1581.42 (1.9442585455746861,)
174	100  	103.238	168.892	2.80378	1544.96 (1.9442585455746861,)
175	100  	87.2029	145.206	3.25694	1391.4  (1.9442585455746861,)
176	100  	83.8804	135.565	5.25143	1262.69 (1.9442585455746861,)
177	100  	79.8623	151.668	2.8735 	1473.81 (1.9442585455746861,)
178	100  	96.6282	157.061	2.60095	1456.02 (1.9442585455746861,)
179	100  	94.3972	133.819	2.70672	1221.29 (1.9442585455746861,)
180	100  	101.823	147.885	3.51629	1347.64 (1.9442585455746861,)
181	100  	98.9589	166.362	2.71744	1611.69 (1.9442585455746861,)
182	100  	93.2289	147.981	3.57851	1382.33 (1.9442585455746861,)
183	100  	102.836	169.603	2.58154	1554.04 (1.9442585455746861,)
184	100  	85.12  	125.913	2.15482	1176.83 (1.9442585455746861,)
185	100  	86.3951	133.308	1.83269	1225.7  (1.8326887915049239,)
186	100  	95.0578	123.394	3.15422	1054.14 (1.8326887915049239,)
187	100  	95.9309	136.51 	2.59498	1078.76 (1.8326887915049239,)
188	100  	91.5007	173.349	3.38199	1633.19 (1.8326887915049239,)
189	100  	91.6554	172.696	3.22691	1637.45 (1.8326887915049239,)
190	100  	93.1011	168.094	2.74944	1600.57 (1.8326887915049239,)
191	100  	90.6159	144.316	2.89609	1342.37 (1.8326887915049239,)
192	100  	87.8528	144.119	2.20434	1185.56 (1.8326887915049239,)
193	100  	88.1483	119.666	3.75807	1087.02 (1.8326887915049239,)
194	100  	79.2327	122.97 	3.06096	1122.52 (1.8326887915049239,)
195	100  	102.933	156.73 	3.11051	1405.56 (1.8326887915049239,)
196	100  	95.5599	128.507	3.25639	1065.69 (1.8326887915049239,)
197	100  	95.3445	132.435	2.14797	1128.6  (1.8326887915049239,)
198	100  	108.189	129.981	3.47831	1142.72 (1.8326887915049239,)
199	100  	108.436	137.694	2.10337	1129.43 (1.8326887915049239,)
200	100  	104.936	138.753	2.36669	1173.36 (1.8326887915049239,)
201	100  	105.985	146.422	3.35157	1305.44 (1.8326887915049239,)
202	100  	103.536	145.814	1.78584	1269.14 (1.7858356757579168,)
203	100  	90.8999	161.039	2.82609	1521.92 (1.7858356757579168,)
204	100  	93.3313	119.654	4.97318	1044.89 (1.7858356757579168,)
205	100  	94.2308	131.306	2.99234	1182.75 (1.7858356757579168,)
206	100  	91.6302	150.935	3.2713 	1386.11 (1.7858356757579168,)
207	100  	95.5613	159.483	3.40639	1476.4  (1.7858356757579168,)
208	100  	79.4126	144.937	2.64827	1348.76 (1.7858356757579168,)
209	100  	87.2757	137.105	3.28301	1236.89 (1.7858356757579168,)
210	100  	95.5176	132.792	2.62739	1100.34 (1.7858356757579168,)
211	100  	98.1247	121.762	2.80688	1051.16 (1.7858356757579168,)
212	100  	102.597	141.033	2.08111	1052.29 (1.7858356757579168,)
213	100  	100.031	132.96 	4.98419	1184.26 (1.7858356757579168,)
214	100  	89.8935	115.66 	2.29224	1032.1  (1.7858356757579168,)
215	100  	90.922 	130.45 	2.35571	1128.04 (1.7858356757579168,)
216	100  	89.8754	129.475	2.13366	1112.54 (1.7858356757579168,)
217	100  	89.1134	148.768	2.29703	1394.72 (1.7858356757579168,)
218	100  	97.4223	148.746	2.21496	1335.18 (1.7858356757579168,)
219	100  	106.026	168.952	2.20129	1570.54 (1.7858356757579168,)
220	100  	87.2209	146.585	2.64201	1385.86 (1.7858356757579168,)
221	100  	83.222 	119.649	2.34371	1036.44 (1.7858356757579168,)
222	100  	94.2894	142.131	2.63196	1328.39 (1.7858356757579168,)
223	100  	88.4017	147.408	2.85529	1393.09 (1.7858356757579168,)
224	100  	92.4807	153.481	3.31566	1417.24 (1.7858356757579168,)
225	100  	82.0373	151.738	3.12759	1487.54 (1.7858356757579168,)
226	100  	89.3873	167.769	2.80737	1625.39 (1.7858356757579168,)
227	100  	92.572 	163.396	3.14714	1530.94 (1.7858356757579168,)
228	100  	88.3674	145.06 	2.24937	1380.41 (1.7858356757579168,)
229	100  	99.1616	182.478	2.19565	1736.7  (1.7858356757579168,)
230	100  	100.449	189.224	3.71212	1833.12 (1.7858356757579168,)
231	100  	108.28 	158.925	3.43312	1459.16 (1.7858356757579168,)
232	100  	101.572	173.321	2.39832	1636.56 (1.7858356757579168,)
233	100  	95.3944	164.864	1.89242	1489.61 (1.7858356757579168,)
234	100  	82.9111	158.984	2.09052	1529.87 (1.7858356757579168,)
235	100  	95.5759	159.782	2.50616	1510.54 (1.7858356757579168,)
236	100  	91.9045	168.601	2.00539	1626.67 (1.7858356757579168,)
237	100  	90.3146	149.049	1.9081 	1411.03 (1.7858356757579168,)
238	100  	97.7912	179.608	2.50818	1746.31 (1.7858356757579168,)
239	100  	80.6821	154.017	3.08874	1477.6  (1.7858356757579168,)
240	100  	82.9273	146.274	2.30298	1373.07 (1.7858356757579168,)
241	100  	90.7391	159.599	2.00825	1493.58 (1.7858356757579168,)
242	100  	92.8246	151.384	2.1878 	1418.88 (1.7858356757579168,)
243	100  	102.142	144.629	3.12814	1328.85 (1.7858356757579168,)
244	100  	92.1236	140.794	3.09214	1159.8  (1.7858356757579168,)
245	100  	90.1789	168.611	2.20213	1647.44 (1.7858356757579168,)
246	100  	93.2237	175.111	2.7191 	1704.15 (1.7858356757579168,)
247	100  	94.0809	149.546	1.86477	1400.64 (1.7858356757579168,)
248	100  	80.8885	120.423	2.19367	1125.18 (1.7858356757579168,)
249	100  	92.8712	169.614	3.20807	1634.18 (1.7858356757579168,)
250	100  	86.6985	125.841	2.83555	1097.63 (1.7858356757579168,)
251	100  	90.2518	151.151	2.58642	1332.14 (1.7858356757579168,)
252	100  	96.5807	156.376	2.19119	1358.04 (1.7858356757579168,)
253	100  	95.4832	149.538	1.49321	1336.05 (1.4932133228657276,)
254	100  	94.1997	149.721	2.35374	1347.65 (1.4932133228657276,)
255	100  	104.389	190.428	2.35167	1755.69 (1.4932133228657276,)
256	100  	97.3755	148.261	2.73588	1314.42 (1.4932133228657276,)
257	100  	101.201	153.087	2.00949	1414.88 (1.4932133228657276,)
258	100  	114.184	178.622	2.79685	1632.87 (1.4932133228657276,)
259	100  	112.035	187.916	2.02333	1718.96 (1.4932133228657276,)
260	100  	97.9074	188.5  	1.64744	1785.76 (1.4932133228657276,)
261	100  	94.5519	125.076	3.4374 	1135.82 (1.4932133228657276,)
262	100  	101.591	121.131	2.0358 	982.362 (1.4932133228657276,)
263	100  	100.136	166.616	1.8046 	1508.79 (1.4932133228657276,)
264	100  	98.2869	106.251	1.58541	902.96  (1.4932133228657276,)
265	100  	96.5203	98.8849	2.11124	482.07  (1.4932133228657276,)
266	100  	104.397	94.4402	2.07715	509.788 (1.4932133228657276,)
267	100  	94.8005	90.4823	2.23646	535.773 (1.4932133228657276,)
268	100  	82.9122	69.003 	2.24251	263.032 (1.4932133228657276,)
269	100  	100.646	95.4193	2.136  	634.246 (1.4932133228657276,)
270	100  	103.071	89.0668	1.88645	410.775 (1.4932133228657276,)
271	100  	97.2815	91.1029	2.25377	491.009 (1.4932133228657276,)
272	100  	94.267 	81.206 	2.52507	504.146 (1.4932133228657276,)
273	100  	86.8696	78.1009	3.88061	462.308 (1.4932133228657276,)
274	100  	80.1587	78.1015	1.9966 	375.612 (1.4932133228657276,)
275	100  	88.8526	90.5103	2.97542	421.284 (1.4932133228657276,)
276	100  	93.055 	93.708 	2.52928	529.193 (1.4932133228657276,)
277	100  	77.6864	79.1539	2.00765	285.002 (1.4932133228657276,)
278	100  	79.483 	64.0163	1.86603	268.154 (1.4932133228657276,)
279	100  	85.444 	89.0255	2.90461	496.585 (1.4932133228657276,)
280	100  	109.978	93.3565	3.20727	388.304 (1.4932133228657276,)
281	100  	96.3223	95.1832	2.09861	492.614 (1.4932133228657276,)
282	100  	89.8503	87.7985	2.50698	389.964 (1.4932133228657276,)
283	100  	100.149	84.2395	3.0165 	447.928 (1.4932133228657276,)
284	100  	91.7887	84.168 	2.69036	456.353 (1.4932133228657276,)
285	100  	89.4509	73.1149	3.2184 	389.727 (1.4932133228657276,)
286	100  	99.3084	90.2159	3.90505	398.361 (1.4932133228657276,)
287	100  	97.6703	93.1311	1.63207	494.435 (1.4932133228657276,)
288	100  	90.2364	81.529 	3.07585	372.193 (1.4932133228657276,)
289	100  	89.6259	79.5554	1.83992	349.936 (1.4932133228657276,)
290	100  	90.1894	79.3103	3.07582	363.018 (1.4932133228657276,)
291	100  	69.1983	68.011 	2.47098	360.553 (1.4932133228657276,)
292	100  	78.0246	82.1845	2.76357	448.008 (1.4932133228657276,)
293	100  	83.6109	83.4032	2.44667	328.681 (1.4932133228657276,)
294	100  	93.6139	88.7595	3.16413	390.327 (1.4932133228657276,)
295	100  	96.3544	96.3892	2.3907 	444.701 (1.4932133228657276,)
296	100  	99.3727	81.2812	4.96154	331.532 (1.4932133228657276,)
297	100  	91.6959	90.9485	1.77654	472.025 (1.4932133228657276,)
298	100  	92.8792	89.8043	2.211  	465.148 (1.4932133228657276,)
299	100  	79.1803	67.9018	2.53023	287.137 (1.4932133228657276,)
300	100  	72.9708	77.2784	2.21858	373.099 (1.4932133228657276,)
301	100  	86.531 	86.6193	2.19052	414.7   (1.4932133228657276,)
302	100  	87.9739	76.2657	2.28688	349.656 (1.4932133228657276,)
303	100  	82.0004	69.9453	2.10676	321.861 (1.4932133228657276,)
304	100  	83.2754	71.5915	2.20744	337.557 (1.4932133228657276,)
305	100  	85.8026	88.4212	2.06346	500.79  (1.4932133228657276,)
306	100  	92.0286	90.4427	2.34762	606.395 (1.4932133228657276,)
307	100  	104.367	93.4387	2.15499	374.323 (1.4932133228657276,)
308	100  	82.2184	73.8016	1.8361 	324.588 (1.4932133228657276,)
309	100  	81.5805	83.7098	1.81464	408.434 (1.4932133228657276,)
310	100  	78.4738	68.9416	1.93762	308.96  (1.4932133228657276,)
311	100  	88.2647	83.5193	2.43333	390.593 (1.4932133228657276,)
312	100  	112.077	98.4576	2.80093	519.821 (1.4932133228657276,)
313	100  	92.3186	80.3832	2.01214	385.742 (1.4932133228657276,)
314	100  	87.7719	75.6932	2.09899	401.151 (1.4932133228657276,)
315	100  	87.8781	78.0043	2.73021	341.877 (1.4932133228657276,)
316	100  	100.099	84.6987	3.7907 	381.011 (1.4932133228657276,)
317	100  	104.891	104.853	2.16291	630.797 (1.4932133228657276,)
318	100  	88.5049	81.7146	3.0554 	478.534 (1.4932133228657276,)
319	100  	96.3244	87.6827	1.8393 	383.199 (1.4932133228657276,)
320	100  	74.0416	72.6304	1.77058	321.626 (1.4932133228657276,)
321	100  	89.1864	82.7097	2.43765	381.495 (1.4932133228657276,)
322	100  	91.1512	73.4131	3.14954	378.072 (1.4932133228657276,)
323	100  	94.8374	84.1359	2.29451	338.565 (1.4932133228657276,)
324	100  	99.3264	79.023 	2.4129 	377.805 (1.4932133228657276,)
325	100  	93.8965	90.6455	2.42406	398.326 (1.4932133228657276,)
326	100  	96.9299	91.8564	1.95039	484.621 (1.4932133228657276,)
327	100  	96.358 	89.0392	3.40274	349.863 (1.4932133228657276,)
328	100  	86.2208	83.7493	2.61879	331.983 (1.4932133228657276,)
329	100  	89.086 	83.0726	2.09155	443.986 (1.4932133228657276,)
330	100  	69.6242	63.3472	3.74306	336.117 (1.4932133228657276,)
331	100  	86.9194	76.1652	2.57717	426.126 (1.4932133228657276,)
332	100  	85.2451	78.9191	2.34987	362.145 (1.4932133228657276,)
333	100  	100.264	92.727 	2.47727	425.467 (1.4932133228657276,)
334	100  	96.4868	80.1187	3.62247	301.573 (1.4932133228657276,)
335	100  	89.7197	85.3373	2.23282	509.365 (1.4932133228657276,)
336	100  	80.6268	70.3982	2.61234	389.073 (1.4932133228657276,)
337	100  	79.6433	80.7114	2.01275	549.532 (1.4932133228657276,)
338	100  	78.6724	73.5993	3.22396	361.528 (1.4932133228657276,)
339	100  	95.7583	85.6212	3.14974	389.298 (1.4932133228657276,)
340	100  	90.7908	80.0823	2.99499	370.693 (1.4932133228657276,)
341	100  	84.2913	74.4274	1.9331 	347.891 (1.4932133228657276,)
342	100  	73.5772	71.1904	2.65545	306.916 (1.4932133228657276,)
343	100  	84.7379	85.7046	2.32227	389.524 (1.4932133228657276,)
344	100  	88.1141	79.4526	1.60802	369.56  (1.4932133228657276,)
345	100  	82.5656	73.1666	2.85339	305.599 (1.4932133228657276,)
346	100  	89.8449	83.0716	1.99981	506.311 (1.4932133228657276,)
347	100  	94.7068	83.4561	2.00694	338.846 (1.4932133228657276,)
348	100  	80.389 	76.743 	2.63513	290.72  (1.4932133228657276,)
349	100  	88.871 	81.8632	2.23072	370.503 (1.4932133228657276,)
350	100  	82.5783	73.0389	2.80906	326.04  (1.4932133228657276,)
351	100  	103.038	99.2119	1.37213	542.307 (1.3721286255522027,)
352	100  	83.0204	75.1892	3.51301	375.978 (1.3721286255522027,)
353	100  	98.4269	93.2416	1.71369	422.38  (1.3721286255522027,)
354	100  	91.4707	93.9703	2.52809	380.131 (1.3721286255522027,)
355	100  	79.1293	65.2317	3.18834	262.87  (1.3721286255522027,)
356	100  	92.8626	87.4616	1.8776 	374.239 (1.3721286255522027,)
357	100  	105.626	108.002	1.74723	654.666 (1.3721286255522027,)
358	100  	78.8339	76.4585	2.27187	327.099 (1.3721286255522027,)
359	100  	79.4142	71.0648	1.68898	384.768 (1.3721286255522027,)
360	100  	89.7464	78.7899	2.28512	333.17  (1.3721286255522027,)
361	100  	81.3058	77.2624	3.09238	356.807 (1.3721286255522027,)
362	100  	75.5679	73.8373	2.43595	401.67  (1.3721286255522027,)
363	100  	81.3765	70.8732	3.09358	322.6   (1.3721286255522027,)
364	100  	76.9649	68.7323	2.5045 	299.98  (1.3721286255522027,)
365	100  	83.2941	78.2562	2.36202	370.149 (1.3721286255522027,)
366	100  	90.8343	84.6592	3.02999	406.019 (1.3721286255522027,)
367	100  	96.2487	80.4987	2.75711	381.812 (1.3721286255522027,)
368	100  	89.4987	75.7775	3.7114 	462.547 (1.3721286255522027,)
369	100  	83.9247	87.1266	1.9313 	502.037 (1.3721286255522027,)
370	100  	93.394 	83.4078	4.3652 	382.442 (1.3721286255522027,)
371	100  	79.0061	70.7938	3.21453	401.076 (1.3721286255522027,)
372	100  	80.8309	71.0009	1.8073 	303.243 (1.3721286255522027,)
373	100  	74.0007	69.8977	2.41334	387.552 (1.3721286255522027,)
374	100  	73.0698	69.0128	2.11536	321.955 (1.3721286255522027,)
375	100  	76.7594	75.4378	1.73323	359.944 (1.3721286255522027,)
376	100  	77.9227	67.1512	2.78256	316.558 (1.3721286255522027,)
377	100  	81.5726	74.2865	1.78897	379.258 (1.3721286255522027,)
378	100  	75.9688	60.5202	2.2728 	244.44  (1.3721286255522027,)
379	100  	89.7603	77.2292	3.0366 	324.993 (1.3721286255522027,)
380	100  	88.8245	83.7484	2.68505	377.295 (1.3721286255522027,)
381	100  	76.1534	80.8121	1.97145	604.259 (1.3721286255522027,)
382	100  	80.7227	71.018 	3.48956	358.208 (1.3721286255522027,)
383	100  	85.7824	77.6477	2.21518	390.263 (1.3721286255522027,)
384	100  	87.7166	81.9527	1.87655	361.278 (1.3721286255522027,)
385	100  	82.0811	70.9043	1.95067	270.8   (1.3721286255522027,)
386	100  	93.5157	84.6911	2.0217 	358.542 (1.3721286255522027,)
387	100  	86.4279	67.6625	1.64809	265.957 (1.3721286255522027,)
388	100  	85.9313	75.1245	1.79316	318.729 (1.3721286255522027,)
389	100  	75.7289	68.3464	2.32746	301.615 (1.3721286255522027,)
390	100  	89.7272	80.9036	2.39106	335.826 (1.3721286255522027,)
391	100  	84.19  	79.8   	1.35974	354.245 (1.3597384699646187,)
392	100  	92.6187	82.9084	3.42272	320.634 (1.3597384699646187,)
393	100  	88.2647	90.6152	2.3706 	541.352 (1.3597384699646187,)
394	100  	76.6224	68.541 	2.6913 	303.465 (1.3597384699646187,)
395	100  	88.6941	76.8054	1.72866	390.916 (1.3597384699646187,)
396	100  	83.6827	69.8723	2.02884	303.615 (1.3597384699646187,)
397	100  	67.7378	61.781 	1.56387	243.901 (1.3597384699646187,)
398	100  	80.2082	83.5712	1.58935	334.279 (1.3597384699646187,)
399	100  	82.3662	72.3019	3.84199	300.178 (1.3597384699646187,)
400	100  	89.5648	74.1863	1.78673	342.91  (1.3597384699646187,)
401	100  	72.4641	69.4445	1.87155	363.483 (1.3597384699646187,)
402	100  	75.1467	83.2049	1.91631	522.875 (1.3597384699646187,)
403	100  	84.1417	80.9308	2.86452	392.714 (1.3597384699646187,)
404	100  	89.2021	81.2113	1.98461	385.073 (1.3597384699646187,)
405	100  	90.7864	77.649 	2.41911	328.117 (1.3597384699646187,)
406	100  	87.9734	90.911 	2.55267	642.153 (1.3597384699646187,)
407	100  	82.0617	69.3718	2.0468 	309.68  (1.3597384699646187,)
408	100  	100.018	84.2968	1.54317	402.397 (1.3597384699646187,)
409	100  	98.9764	81.7577	1.81779	368.291 (1.3597384699646187,)
410	100  	87.4901	72.1151	3.44047	308.368 (1.3597384699646187,)
411	100  	93.8902	81.1094	2.77558	320.459 (1.3597384699646187,)
412	100  	102.875	91.447 	2.20721	371.091 (1.3597384699646187,)
413	100  	93.7203	82.5753	1.50458	378.438 (1.3597384699646187,)
414	100  	93.4552	86.1907	2.42483	440.854 (1.3597384699646187,)
415	100  	103.591	103.189	3.9707 	771.004 (1.3597384699646187,)
416	100  	93.1458	85.5706	1.71696	492.985 (1.3597384699646187,)
417	100  	84.8509	73.4636	3.36397	342.87  (1.3597384699646187,)
418	100  	79.327 	80.8304	2.34128	400.107 (1.3597384699646187,)
419	100  	75.2377	71.1606	1.78484	281.9   (1.3597384699646187,)
420	100  	91.9883	94.8013	2.1531 	520.733 (1.3597384699646187,)
421	100  	96.2855	97.1443	2.17188	423.602 (1.3597384699646187,)
422	100  	79.8785	63.9621	2.20821	234.983 (1.3597384699646187,)
423	100  	81.1162	82.5767	2.18426	438.762 (1.3597384699646187,)
424	100  	88.4598	79.7488	1.86699	399.27  (1.3597384699646187,)
425	100  	85.4699	91.0046	1.64786	388.324 (1.3597384699646187,)
426	100  	88.3156	75.9973	2.02661	348.711 (1.3597384699646187,)
427	100  	98.1274	84.61  	2.66292	397.483 (1.3597384699646187,)
428	100  	98.9937	77.5337	1.46474	360.835 (1.3597384699646187,)
429	100  	89.219 	84.1666	2.14724	357.254 (1.3597384699646187,)
430	100  	74.1439	67.8338	2.45689	378.482 (1.3597384699646187,)
431	100  	80.0213	67.514 	3.53459	266.288 (1.3597384699646187,)
432	100  	80.6906	72.1127	2.41548	325.996 (1.3597384699646187,)
433	100  	76.52  	66.6294	2.01917	302.002 (1.3597384699646187,)
434	100  	78.4033	62.2049	1.83549	237.255 (1.3597384699646187,)
435	100  	87.7646	68.6977	2.86482	304.901 (1.3597384699646187,)
436	100  	82.7462	81.9135	1.74899	348.732 (1.3597384699646187,)
437	100  	78.8718	69.445 	2.32499	307.916 (1.3597384699646187,)
438	100  	83.2954	76.3787	1.52757	398.109 (1.3597384699646187,)
439	100  	90.4674	74.1646	1.77137	299.203 (1.3597384699646187,)
440	100  	95.18  	80.9943	2.12348	430.172 (1.3597384699646187,)
441	100  	99.8228	95.3289	3.18156	444.257 (1.3597384699646187,)
442	100  	88.0575	84.2555	4.11939	416.858 (1.3597384699646187,)
443	100  	74.3951	60.1284	2.30037	347.327 (1.3597384699646187,)
444	100  	81.3206	64.3704	3.52058	291.648 (1.3597384699646187,)
445	100  	83.1243	78.1471	3.06001	410.462 (1.3597384699646187,)
446	100  	73.5492	64.3718	1.93323	324.718 (1.3597384699646187,)
447	100  	82.9854	72.2348	2.83868	349.479 (1.3597384699646187,)
448	100  	72.1627	73.2898	2.18726	371.816 (1.3597384699646187,)
449	100  	78.1585	70.2392	2.555  	330.796 (1.3597384699646187,)
450	100  	85.5889	78.0005	1.82422	321.721 (1.3597384699646187,)
451	100  	93.6776	88.1685	1.27757	402.088 (1.2775680834020324,)
452	100  	90.8341	81.4169	2.75994	380.2   (1.2775680834020324,)
453	100  	94.4134	83.6796	2.64198	386.247 (1.2775680834020324,)
454	100  	91.2777	76.975 	2.32181	346.651 (1.2775680834020324,)
455	100  	78.0545	69.2704	2.51575	295.84  (1.2775680834020324,)
456	100  	87.1306	75.653 	4.20068	416.074 (1.2775680834020324,)
457	100  	83.4298	67.8837	2.51186	267.013 (1.2775680834020324,)
458	100  	73.4786	64.6942	2.20534	306.801 (1.2775680834020324,)
459	100  	78.5176	72.3588	3.29167	344.633 (1.2775680834020324,)
460	100  	88.4265	93.4999	2.4245 	544.861 (1.2775680834020324,)
461	100  	73.9399	71.9865	1.67122	309.343 (1.2775680834020324,)
462	100  	74.13  	73.1331	1.85336	328.512 (1.2775680834020324,)
463	100  	75.7858	67.7685	2.97423	288.734 (1.2775680834020324,)
464	100  	82.1052	67.9562	2.86285	310.465 (1.2775680834020324,)
465	100  	84.0307	92.4941	2.18618	662.257 (1.2775680834020324,)
466	100  	80.8707	76.129 	2.0256 	415.742 (1.2775680834020324,)
467	100  	87.9252	81.2192	2.29549	388.453 (1.2775680834020324,)
468	100  	78.7152	73.4445	3.32006	405.249 (1.2775680834020324,)
469	100  	67.0281	63.3763	2.00642	309.368 (1.2775680834020324,)
470	100  	72.847 	60.7285	2.08313	309.396 (1.2775680834020324,)
471	100  	80.2414	77.4005	1.36004	362.231 (1.2775680834020324,)
472	100  	85.3225	74.8796	1.38443	338.631 (1.2775680834020324,)
473	100  	88.5529	87.3383	2.51223	438.449 (1.2775680834020324,)
474	100  	76.8198	68.9031	1.75033	314.059 (1.2775680834020324,)
475	100  	74.7022	81.264 	2.58805	470.624 (1.2775680834020324,)
476	100  	70.6162	72.2408	2.01783	379.6   (1.2775680834020324,)
477	100  	78.8399	73.1444	1.40135	335.43  (1.2775680834020324,)
478	100  	70.4646	67.713 	1.92992	300.104 (1.2775680834020324,)
479	100  	74.413 	74.8513	1.8573 	421.747 (1.2775680834020324,)
480	100  	80.9319	68.6726	3.12944	400.665 (1.2775680834020324,)
481	100  	85.2978	71.1337	2.07523	334.929 (1.2775680834020324,)
482	100  	97.0655	83.1454	1.67631	400.23  (1.2775680834020324,)
483	100  	102.99 	93.7455	2.41349	491.69  (1.2775680834020324,)
484	100  	97.2927	90.2761	1.63679	375.573 (1.2775680834020324,)
485	100  	93.0979	95.2702	2.19418	591.372 (1.2775680834020324,)
486	100  	74.1349	61.0956	1.66795	245.841 (1.2775680834020324,)
487	100  	73.3095	70.6295	1.50919	265.58  (1.2775680834020324,)
488	100  	78.755 	74.7871	2.14555	463.108 (1.2775680834020324,)
489	100  	76.2221	72.2147	2.69441	355.859 (1.2775680834020324,)
490	100  	83.1471	79.22  	3.10058	427.796 (1.2775680834020324,)
491	100  	85.4673	78.9614	2.79034	358.113 (1.2775680834020324,)
492	100  	76.8171	60.8247	1.50873	293.412 (1.2775680834020324,)
493	100  	71.6641	74.6902	1.95829	338.393 (1.2775680834020324,)
494	100  	82.1567	79.1638	2.26647	382.52  (1.2775680834020324,)
495	100  	74.629 	66.9428	1.98683	281.346 (1.2775680834020324,)
496	100  	66.5435	58.5156	2.75911	316.636 (1.2775680834020324,)
497	100  	84.3146	72.228 	2.29627	342.128 (1.2775680834020324,)
498	100  	97.1446	94.3524	1.79658	365.935 (1.2775680834020324,)
499	100  	86.5819	67.5713	2.20277	291.75  (1.2775680834020324,)
