In file included from /usr/lib/python2.7/dist-packages/numpy/core/include/numpy/ndarraytypes.h:1761:0,
                 from /usr/lib/python2.7/dist-packages/numpy/core/include/numpy/ndarrayobject.h:17,
                 from /usr/lib/python2.7/dist-packages/numpy/core/include/numpy/arrayobject.h:4,
                 from /home/pinojc/.cache/scipy/python27_compiled/sc_9bade30717731f645b30a512f757f0fa1613.cpp:22:
/usr/lib/python2.7/dist-packages/numpy/core/include/numpy/npy_1_7_deprecated_api.h:15:2: warning: #warning "Using deprecated NumPy API, disable it by " "#defining NPY_NO_DEPRECATED_API NPY_1_7_API_VERSION" [-Wcpp]
 #warning "Using deprecated NumPy API, disable it by " \
  ^
gen	evals	avg    	std    	min    	max    
0  	100  	853.044	396.695	93.4408	1628.97 (93.440818810149466,)
1  	100  	793.115	389.155	43.0211	1648.17 (43.021112994155196,)
2  	100  	742.692	404.182	62.1009	1648.47 (43.021112994155196,)
3  	100  	689.671	410.476	72.1623	1604.08 (43.021112994155196,)
4  	100  	676.748	423.359	21.0646	1704.99 (21.064643850562287,)
5  	100  	575.565	360.945	32.8804	1414.58 (21.064643850562287,)
6  	100  	517.873	328.787	26.1434	1321.42 (21.064643850562287,)
7  	100  	456.632	334.004	19.9402	1311.05 (19.940152672374126,)
8  	100  	416.628	337.206	17.784 	1299.46 (17.78395793337274,)
9  	100  	384.015	362.054	17.0273	1710.5  (17.027344923948593,)
10 	100  	341.649	343.39 	16.0769	1360.27 (16.076875605777349,)
11 	100  	327.775	368.651	14.7845	1428.06 (14.784501104281381,)
12 	100  	319.796	360.372	13.4356	1697.38 (13.435630910385843,)
13 	100  	287.965	350.775	14.29  	1409.24 (13.435630910385843,)
14 	100  	298.917	352.218	12.1713	1532.61 (12.17128739452399,)
15 	100  	287.679	339.531	12.4802	1494.49 (12.17128739452399,)
16 	100  	267.756	318.139	13.6051	1262.31 (12.17128739452399,)
17 	100  	258.401	320.468	11.3277	1533.32 (11.327673762827217,)
18 	100  	253.742	314.869	12.6885	1256.7  (11.327673762827217,)
19 	100  	260.12 	317.627	10.5201	1565.71 (10.520121694988813,)
20 	100  	236.478	319.758	12.7183	1707.52 (10.520121694988813,)
21 	100  	241.427	282.432	11.999 	1231.09 (10.520121694988813,)
22 	100  	211.954	282.027	10.6417	1227.08 (10.520121694988813,)
23 	100  	208.729	252.985	11.3006	1185.54 (10.520121694988813,)
24 	100  	198.214	295.531	10.3114	1486.08 (10.311423956320981,)
25 	100  	216.252	294.883	10.9646	1477.67 (10.311423956320981,)
26 	100  	209.108	297.791	9.28699	1604.92 (9.286987831475491,)
27 	100  	213.143	292.837	9.27362	1258.15 (9.2736179687733724,)
28 	100  	201.04 	289.974	12.9717	1300.56 (9.2736179687733724,)
29 	100  	196.672	273.384	9.58724	1209.25 (9.2736179687733724,)
30 	100  	194.72 	295.667	9.27968	1616.58 (9.2736179687733724,)
31 	100  	200.26 	272.462	9.63664	1341.46 (9.2736179687733724,)
32 	100  	185.345	281.177	10.769 	1650.05 (9.2736179687733724,)
33 	100  	199.484	290.56 	11.2771	1658.28 (9.2736179687733724,)
34 	100  	184.719	279.36 	10.3201	1268.03 (9.2736179687733724,)
35 	100  	181.506	286.29 	10.907 	1597.16 (9.2736179687733724,)
36 	100  	163.551	255.959	11.6701	1450.74 (9.2736179687733724,)
37 	100  	168.682	247.44 	10.0339	1416.81 (9.2736179687733724,)
38 	100  	157.785	255.388	10.0075	1661.98 (9.2736179687733724,)
39 	100  	166.057	250.934	9.04443	1444.03 (9.0444253315656216,)
40 	100  	157.067	237.696	9.69887	1236.92 (9.0444253315656216,)
41 	100  	134.73 	239.984	9.52481	1633.17 (9.0444253315656216,)
42 	100  	140.072	225.313	11.0741	1383.08 (9.0444253315656216,)
43 	100  	149.127	239.207	11.2799	1575.21 (9.0444253315656216,)
44 	100  	130.827	200.515	11.2949	1275.72 (9.0444253315656216,)
45 	100  	127.44 	183.65 	9.2663 	1188.79 (9.0444253315656216,)
46 	100  	135.135	195.675	8.84336	1204.38 (8.8433550940582393,)
47 	100  	129.532	190.344	9.31873	1148.87 (8.8433550940582393,)
48 	100  	140.441	203.132	8.08068	1142.21 (8.0806835105354402,)
49 	100  	137.97 	214.29 	8.35914	1243.69 (8.0806835105354402,)
50 	100  	145.572	230.086	8.52566	1294.9  (8.0806835105354402,)
51 	100  	137.927	211.796	8.36401	1167.33 (8.0806835105354402,)
52 	100  	134.361	206.939	6.21395	1151.96 (6.2139474828349499,)
53 	100  	129.927	199.215	5.8676 	1151.07 (5.8676015323921273,)
54 	100  	134.296	205.227	8.74688	1048.27 (5.8676015323921273,)
55 	100  	138.625	212.479	6.82982	1208.02 (5.8676015323921273,)
56 	100  	138.256	209.899	7.05574	1135.72 (5.8676015323921273,)
57 	100  	131.79 	216.124	6.8654 	1214.34 (5.8676015323921273,)
58 	100  	129.982	208.331	5.67279	1143.74 (5.6727881582138471,)
59 	100  	127.095	194.622	5.86703	1098.94 (5.6727881582138471,)
60 	100  	129.349	189.513	7.91306	1020.06 (5.6727881582138471,)
61 	100  	132.839	210.346	5.52373	1208.56 (5.5237327570161829,)
62 	100  	126.749	182.291	9.03835	1235.78 (5.5237327570161829,)
63 	100  	130.815	189.626	6.39711	951.976 (5.5237327570161829,)
64 	100  	145.567	210.527	5.21454	1101.61 (5.2145371151273157,)
65 	100  	130.347	211.303	7.39307	1080.08 (5.2145371151273157,)
66 	100  	130.563	202.567	5.86047	1189.18 (5.2145371151273157,)
67 	100  	128.315	214.927	5.78949	1207.87 (5.2145371151273157,)
68 	100  	120.548	182.675	5.86356	1134.92 (5.2145371151273157,)
69 	100  	128.127	187.721	5.57297	1075.41 (5.2145371151273157,)
70 	100  	131.391	186.373	6.44872	1254.84 (5.2145371151273157,)
71 	100  	124.887	192.651	6.90557	1270.37 (5.2145371151273157,)
72 	100  	130.726	190.026	6.50859	1111.46 (5.2145371151273157,)
73 	100  	125.099	194.514	4.96556	1276.09 (4.9655611857616142,)
74 	100  	124.771	175.958	5.74633	1173.53 (4.9655611857616142,)
75 	100  	115.119	180.136	6.11359	1104.25 (4.9655611857616142,)
76 	100  	118.913	193.268	5.68255	1159.22 (4.9655611857616142,)
77 	100  	130.324	211.078	5.05005	1153.66 (4.9655611857616142,)
78 	100  	125.268	202.34 	4.24843	1251.46 (4.2484289403402897,)
79 	100  	122.062	218.646	4.65534	1340.66 (4.2484289403402897,)
80 	100  	114.461	181.821	5.18833	1249.52 (4.2484289403402897,)
81 	100  	125.315	203.478	4.14931	1115.12 (4.1493087101843837,)
82 	100  	132.126	201.069	5.56925	1225.03 (4.1493087101843837,)
83 	100  	128.149	200.134	3.90901	1270.65 (3.9090144514921925,)
84 	100  	126.687	194.33 	5.32875	1125.18 (3.9090144514921925,)
85 	100  	128.785	206.061	4.42155	1241.48 (3.9090144514921925,)
86 	100  	132.88 	196.733	4.7861 	1222.18 (3.9090144514921925,)
87 	100  	111.674	182.767	3.99836	1265.36 (3.9090144514921925,)
88 	100  	125.568	189.922	4.11562	1191.33 (3.9090144514921925,)
89 	100  	117.55 	187.855	4.71341	1158.88 (3.9090144514921925,)
90 	100  	130.461	192.262	4.15782	1152.8  (3.9090144514921925,)
91 	100  	131.491	183.079	6.57562	1232.44 (3.9090144514921925,)
92 	100  	120.842	188.118	7.75092	1291.09 (3.9090144514921925,)
93 	100  	115.558	174.579	5.05714	1199.58 (3.9090144514921925,)
94 	100  	136.22 	214.82 	5.01555	1286.01 (3.9090144514921925,)
95 	100  	119.283	200.104	6.31397	1388.11 (3.9090144514921925,)
96 	100  	115.894	187.735	4.02352	1345.81 (3.9090144514921925,)
97 	100  	121.722	187.403	3.33778	1304.54 (3.3377767233017139,)
98 	100  	112.276	180.006	3.72963	1278.95 (3.3377767233017139,)
99 	100  	116.475	194.636	4.63226	1307.59 (3.3377767233017139,)
100	100  	119.746	182.669	4.50125	1181.39 (3.3377767233017139,)
101	100  	130.528	199.736	5.08512	1186.49 (3.3377767233017139,)
102	100  	121.156	196.362	4.89918	1260.88 (3.3377767233017139,)
103	100  	120.191	186.392	4.32672	1256.23 (3.3377767233017139,)
104	100  	122.804	198.055	4.23611	1372.04 (3.3377767233017139,)
105	100  	130.726	194.6  	3.98121	1356.46 (3.3377767233017139,)
106	100  	133.272	187.632	3.78174	1177.83 (3.3377767233017139,)
107	100  	120.463	190.852	5.10644	1272.82 (3.3377767233017139,)
108	100  	106.968	184.221	3.68358	1259.77 (3.3377767233017139,)
109	100  	127.638	198.998	3.07273	1262.72 (3.0727345346741521,)
110	100  	138.802	199.493	3.56135	1218.07 (3.0727345346741521,)
111	100  	129.976	178.057	3.68658	940.015 (3.0727345346741521,)
112	100  	108.248	169.403	3.07311	974.222 (3.0727345346741521,)
113	100  	121.86 	161.462	3.56564	760.756 (3.0727345346741521,)
114	100  	112.67 	164.633	3.81028	906.498 (3.0727345346741521,)
115	100  	104.553	166.08 	2.67291	1010.9  (2.6729101356596097,)
116	100  	117.039	161.87 	3.61011	899.152 (2.6729101356596097,)
117	100  	102.846	149.081	2.80352	980.367 (2.6729101356596097,)
118	100  	111.019	143.163	2.78176	938.747 (2.6729101356596097,)
119	100  	113.269	159.231	4.39934	936.199 (2.6729101356596097,)
120	100  	120.95 	168.203	3.29235	954.067 (2.6729101356596097,)
121	100  	107.357	182.931	2.50547	916.015 (2.5054721404855371,)
122	100  	101.215	158.76 	3.37407	955.742 (2.5054721404855371,)
123	100  	104.272	149.776	2.81982	806.335 (2.5054721404855371,)
124	100  	106.078	134.914	4.27997	892.016 (2.5054721404855371,)
125	100  	108.435	154.414	3.65168	954.245 (2.5054721404855371,)
126	100  	126.315	153.14 	3.29599	1019.75 (2.5054721404855371,)
127	100  	125.211	166.753	3.39628	977.093 (2.5054721404855371,)
128	100  	118.071	154.358	2.52406	899.686 (2.5054721404855371,)
129	100  	107.195	149.964	2.6741 	777.389 (2.5054721404855371,)
130	100  	108.336	154.088	6.41001	836.999 (2.5054721404855371,)
131	100  	92.2968	132.708	2.99484	694.825 (2.5054721404855371,)
132	100  	103.462	152.335	3.66752	772.772 (2.5054721404855371,)
133	100  	114.191	150.031	3.13484	803.57  (2.5054721404855371,)
134	100  	93.858 	138.973	2.42621	922.65  (2.4262121618943406,)
135	100  	96.6731	147.723	2.74225	943.42  (2.4262121618943406,)
136	100  	94.6609	132.394	2.14792	752.801 (2.1479188903858786,)
137	100  	107.393	138.555	3.51229	818.264 (2.1479188903858786,)
138	100  	98.4692	152.417	2.58961	900.116 (2.1479188903858786,)
139	100  	109.006	163.896	2.78612	995.414 (2.1479188903858786,)
140	100  	112.225	150.324	2.82282	926.287 (2.1479188903858786,)
141	100  	108.337	166.135	2.03873	1010.25 (2.0387343662984905,)
142	100  	108.237	159.164	3.68608	994.302 (2.0387343662984905,)
143	100  	112.127	155.619	2.55888	929.694 (2.0387343662984905,)
144	100  	110.158	165.082	3.04784	890.619 (2.0387343662984905,)
145	100  	108.687	173.13 	3.48897	1094.21 (2.0387343662984905,)
146	100  	105.95 	166.845	3.99011	1034.55 (2.0387343662984905,)
147	100  	109.029	148.375	2.94726	925.999 (2.0387343662984905,)
148	100  	118.794	160.493	2.83243	1073.64 (2.0387343662984905,)
149	100  	113.039	168.997	2.50915	1120.28 (2.0387343662984905,)
150	100  	103.924	160.314	3.23628	973.545 (2.0387343662984905,)
151	100  	125.699	182.743	2.83096	1114.91 (2.0387343662984905,)
152	100  	109.021	177.225	2.30991	1062.29 (2.0387343662984905,)
153	100  	116.694	157.744	2.95238	814.281 (2.0387343662984905,)
154	100  	117.603	185.352	2.61203	1030.11 (2.0387343662984905,)
155	100  	111.123	170.313	1.87128	953.066 (1.8712837570652572,)
156	100  	96.4803	156.105	2.7796 	968.126 (1.8712837570652572,)
157	100  	113.181	155.212	2.34917	1050.13 (1.8712837570652572,)
158	100  	123.593	154.608	3.32628	1027.73 (1.8712837570652572,)
159	100  	123.158	160.932	3.64385	968.41  (1.8712837570652572,)
160	100  	117.413	165.559	2.20156	1116.29 (1.8712837570652572,)
161	100  	108.791	158.394	2.72582	890.856 (1.8712837570652572,)
162	100  	117.875	154.083	3.521  	872.606 (1.8712837570652572,)
163	100  	119.539	151.335	3.02652	907.193 (1.8712837570652572,)
164	100  	115.424	149.384	4.34769	820.838 (1.8712837570652572,)
165	100  	120.402	165.71 	1.98846	957.594 (1.8712837570652572,)
166	100  	108.128	163.252	2.71381	1068.5  (1.8712837570652572,)
167	100  	104.878	160.657	2.91701	973.217 (1.8712837570652572,)
168	100  	115.065	140.846	3.40354	807.202 (1.8712837570652572,)
169	100  	115.514	156.537	2.84729	782.043 (1.8712837570652572,)
170	100  	123.727	153.559	4.88651	815.277 (1.8712837570652572,)
171	100  	112.78 	148.903	2.749  	896.85  (1.8712837570652572,)
172	100  	114.426	169.629	2.87543	1025.75 (1.8712837570652572,)
173	100  	116.391	139.373	4.43319	866.655 (1.8712837570652572,)
174	100  	113.255	141.132	2.37954	952.153 (1.8712837570652572,)
175	100  	104.92 	147.528	2.65276	933.464 (1.8712837570652572,)
176	100  	94.5282	154.781	1.96508	1157.96 (1.8712837570652572,)
177	100  	99.9135	142.519	3.42984	997.448 (1.8712837570652572,)
178	100  	92.4128	147.662	2.08307	1019.79 (1.8712837570652572,)
179	100  	107.533	159.614	2.47166	888.958 (1.8712837570652572,)
180	100  	113.958	178.45 	2.77723	1059.21 (1.8712837570652572,)
181	100  	105.406	165.777	1.65944	986.073 (1.6594421517171944,)
182	100  	101.986	156.281	1.81365	898.246 (1.6594421517171944,)
183	100  	106.874	152.025	2.11285	1024.07 (1.6594421517171944,)
184	100  	85.0333	131.796	2.99758	812.591 (1.6594421517171944,)
185	100  	97.4852	139.421	2.32836	864.29  (1.6594421517171944,)
186	100  	96.7169	137.376	3.85465	943.969 (1.6594421517171944,)
187	100  	101.615	138.837	2.47106	842.482 (1.6594421517171944,)
188	100  	108.735	149.209	1.78723	943.859 (1.6594421517171944,)
189	100  	99.1115	136.783	2.83587	829.945 (1.6594421517171944,)
190	100  	93.6109	133.398	5.2393 	870.264 (1.6594421517171944,)
191	100  	99.2656	135.922	3.05649	869.737 (1.6594421517171944,)
192	100  	110.472	143.807	2.65167	1065.9  (1.6594421517171944,)
193	100  	109.109	142.286	6.77464	840.23  (1.6594421517171944,)
194	100  	99.1436	115.76 	2.94157	911.424 (1.6594421517171944,)
195	100  	97.3264	134.068	1.86757	907.509 (1.6594421517171944,)
196	100  	101.076	133.661	2.13145	877.564 (1.6594421517171944,)
197	100  	96.6209	105.397	2.16314	638.731 (1.6594421517171944,)
198	100  	104.325	128.784	1.8468 	865.892 (1.6594421517171944,)
199	100  	102.268	130.036	2.09985	699.052 (1.6594421517171944,)
200	100  	104.504	120.958	2.34052	853.014 (1.6594421517171944,)
201	100  	95.6883	128.219	1.92118	776.226 (1.6594421517171944,)
202	100  	83.162 	137.108	3.04501	867.064 (1.6594421517171944,)
203	100  	87.5328	127.931	2.69913	964.26  (1.6594421517171944,)
204	100  	94.4467	134.36 	2.72581	940.865 (1.6594421517171944,)
205	100  	107.559	142.138	3.01579	942.381 (1.6594421517171944,)
206	100  	110.314	150.955	2.64207	1086.26 (1.6594421517171944,)
207	100  	103.414	157.659	2.8766 	990.344 (1.6594421517171944,)
208	100  	105.912	148.709	1.75182	1046.42 (1.6594421517171944,)
209	100  	100.902	138.352	3.60153	995.84  (1.6594421517171944,)
210	100  	103.835	140.007	3.73746	1065.28 (1.6594421517171944,)
211	100  	93.4508	149.352	2.19918	1241.23 (1.6594421517171944,)
212	100  	94.3989	141.631	2.43969	1030.95 (1.6594421517171944,)
213	100  	100.197	141.215	2.81488	1146.85 (1.6594421517171944,)
214	100  	84.9938	121.885	1.74455	914.676 (1.6594421517171944,)
215	100  	100.178	124.65 	1.84275	765.928 (1.6594421517171944,)
216	100  	108.702	132.702	3.09744	834.259 (1.6594421517171944,)
217	100  	91.371 	118.221	2.27658	849.774 (1.6594421517171944,)
218	100  	94.73  	126.61 	2.0314 	775.053 (1.6594421517171944,)
219	100  	97.4195	142.182	1.53948	929.277 (1.5394802531916791,)
220	100  	88.7262	128.153	3.08514	846.226 (1.5394802531916791,)
221	100  	101.486	134.853	1.79988	972.808 (1.5394802531916791,)
222	100  	94.3597	129.46 	2.7826 	980.937 (1.5394802531916791,)
223	100  	97.7376	142.564	2.19436	883.457 (1.5394802531916791,)
224	100  	84.97  	126.679	2.3215 	1055.47 (1.5394802531916791,)
225	100  	84.9036	132.578	2.48606	978.316 (1.5394802531916791,)
226	100  	83.1304	118.914	2.80452	742.741 (1.5394802531916791,)
227	100  	91.5962	139.74 	2.24489	871.507 (1.5394802531916791,)
228	100  	90.4257	133.72 	2.95312	929.007 (1.5394802531916791,)
229	100  	90.014 	129.534	1.84649	923.906 (1.5394802531916791,)
230	100  	93.1095	134.131	3.2698 	863.976 (1.5394802531916791,)
231	100  	92.6617	115.198	2.14467	744.549 (1.5394802531916791,)
232	100  	96.1673	130.871	2.56864	831.558 (1.5394802531916791,)
233	100  	91.8094	118.334	3.99836	896.394 (1.5394802531916791,)
234	100  	100.318	144.467	1.91949	1032.99 (1.5394802531916791,)
235	100  	112.108	155.305	1.80993	970.95  (1.5394802531916791,)
236	100  	95.8582	150.653	2.04287	1086.7  (1.5394802531916791,)
237	100  	98.4425	152.674	2.4699 	1127.66 (1.5394802531916791,)
238	100  	101.892	133.25 	3.19634	817.725 (1.5394802531916791,)
239	100  	104.838	129.005	2.25961	965.918 (1.5394802531916791,)
240	100  	101.457	143.218	1.83715	1053.06 (1.5394802531916791,)
241	100  	90.6993	140.345	3.01697	882.734 (1.5394802531916791,)
242	100  	87.213 	138.712	2.35705	928.234 (1.5394802531916791,)
243	100  	94.131 	135.213	3.44234	798.899 (1.5394802531916791,)
244	100  	86.0661	139.549	3.6524 	905.727 (1.5394802531916791,)
245	100  	94.4755	148.978	1.7371 	938.266 (1.5394802531916791,)
246	100  	98.1749	129.489	3.52877	902.672 (1.5394802531916791,)
247	100  	98.7521	124.278	2.33189	783.181 (1.5394802531916791,)
248	100  	100.129	142.309	1.61436	960.097 (1.5394802531916791,)
249	100  	94.6308	131.506	2.07916	966.609 (1.5394802531916791,)
250	100  	99.7297	139.001	2.04649	913.016 (1.5394802531916791,)
251	100  	89.2468	133.311	2.0817 	821.613 (1.5394802531916791,)
252	100  	87.8729	128.247	2.17564	818.745 (1.5394802531916791,)
253	100  	87.4715	124.757	1.37671	933.417 (1.3767120645665967,)
254	100  	105.372	133.769	1.88578	837.042 (1.3767120645665967,)
255	100  	98.5   	136.318	3.24858	920.013 (1.3767120645665967,)
256	100  	119.541	139.204	3.27428	890.944 (1.3767120645665967,)
257	100  	95.22  	142.421	2.06044	930.575 (1.3767120645665967,)
258	100  	92.8781	145.795	1.79346	1052.48 (1.3767120645665967,)
259	100  	96.3105	129.766	1.48944	985.254 (1.3767120645665967,)
260	100  	116.901	140.849	3.25064	907.408 (1.3767120645665967,)
261	100  	112.224	143.233	1.73154	1080.42 (1.3767120645665967,)
262	100  	104.337	146.148	1.59762	874.658 (1.3767120645665967,)
263	100  	98.0376	127.568	1.84378	746.679 (1.3767120645665967,)
264	100  	103.017	120.485	1.38882	727.799 (1.3767120645665967,)
265	100  	100.988	116.798	1.88731	825.757 (1.3767120645665967,)
266	100  	105.637	154.398	1.56388	987.677 (1.3767120645665967,)
267	100  	100.333	138.993	1.46771	898.554 (1.3767120645665967,)
268	100  	89.4597	133.994	2.154  	938.868 (1.3767120645665967,)
269	100  	88.5865	128.399	2.16773	833.137 (1.3767120645665967,)
270	100  	106.031	123.373	1.63035	746.83  (1.3767120645665967,)
271	100  	86.9731	111.427	1.50024	644.099 (1.3767120645665967,)
272	100  	102.274	118.987	2.91759	738.307 (1.3767120645665967,)
273	100  	110.921	133.548	1.69566	910.686 (1.3767120645665967,)
274	100  	103.217	129.075	1.92488	780.439 (1.3767120645665967,)
275	100  	98.898 	123.127	1.24366	778.961 (1.2436563964832943,)
276	100  	85.6144	109.802	1.81252	725.339 (1.2436563964832943,)
277	100  	101.862	134.431	1.65357	966.551 (1.2436563964832943,)
278	100  	100.755	123.958	2.51724	863.713 (1.2436563964832943,)
279	100  	109.685	122.37 	2.40534	686.036 (1.2436563964832943,)
280	100  	118.486	139.424	4.44923	868.888 (1.2436563964832943,)
281	100  	97.7925	124.92 	4.93673	858.098 (1.2436563964832943,)
282	100  	109.029	148.406	2.40057	1001.98 (1.2436563964832943,)
283	100  	106.411	169.696	1.44573	1078.96 (1.2436563964832943,)
284	100  	89.0869	126.018	1.81345	1120.29 (1.2436563964832943,)
285	100  	117.603	148.383	1.25913	830.569 (1.2436563964832943,)
286	100  	95.1704	126.832	2.81269	879.011 (1.2436563964832943,)
287	100  	99.6281	146.662	3.78528	1137.14 (1.2436563964832943,)
288	100  	98.69  	122.706	1.323  	809.086 (1.2436563964832943,)
289	100  	95.0877	132.146	2.42957	885.216 (1.2436563964832943,)
290	100  	103.969	139.056	2.12048	906.794 (1.2436563964832943,)
291	100  	97.4297	143.691	2.10763	1045.46 (1.2436563964832943,)
292	100  	94.4879	130.745	6.89363	829.702 (1.2436563964832943,)
293	100  	95.4674	136.377	2.08881	833.446 (1.2436563964832943,)
294	100  	85.7037	135.82 	2.67204	840.065 (1.2436563964832943,)
295	100  	100.623	152.747	2.24837	922.476 (1.2436563964832943,)
296	100  	111.598	142.464	3.24066	968.113 (1.2436563964832943,)
297	100  	110.851	138.218	2.70042	766.893 (1.2436563964832943,)
298	100  	108.703	128.363	2.07453	760.237 (1.2436563964832943,)
299	100  	91.235 	110.543	2.63567	718.876 (1.2436563964832943,)
300	100  	103.957	124.244	1.40729	808.111 (1.2436563964832943,)
301	100  	100.786	124.28 	1.37565	915.376 (1.2436563964832943,)
302	100  	98.4021	122.139	2.47889	788.3   (1.2436563964832943,)
303	100  	95.1272	137.276	5.03709	969.693 (1.2436563964832943,)
304	100  	96.6186	156.59 	1.4971 	1097.59 (1.2436563964832943,)
305	100  	100.674	157.487	2.42775	1149.39 (1.2436563964832943,)
306	100  	88.9062	147.913	2.07297	1109.29 (1.2436563964832943,)
307	100  	98.0378	140.332	1.92564	911.922 (1.2436563964832943,)
308	100  	94.5872	124.407	1.75903	824.746 (1.2436563964832943,)
309	100  	106.111	148.46 	2.98726	927.456 (1.2436563964832943,)
310	100  	96.4693	133.749	1.65136	913.984 (1.2436563964832943,)
311	100  	104.898	154.671	2.30447	873.457 (1.2436563964832943,)
312	100  	93.3611	131.74 	2.31799	780.557 (1.2436563964832943,)
313	100  	98.8865	145.246	2.40351	1189.43 (1.2436563964832943,)
314	100  	107.623	139.89 	2.05717	980.098 (1.2436563964832943,)
315	100  	107.882	164.797	1.27935	1175.35 (1.2436563964832943,)
316	100  	97.3228	154.987	1.69197	1106.02 (1.2436563964832943,)
317	100  	81.484 	124.546	1.76449	1086.54 (1.2436563964832943,)
318	100  	93.3605	134.076	1.12381	986.6   (1.1238087878353111,)
319	100  	90.975 	116.933	1.71975	873.295 (1.1238087878353111,)
320	100  	94.6244	128.158	1.6288 	876.606 (1.1238087878353111,)
321	100  	108.764	155.935	1.10472	1116.72 (1.1047196615004924,)
322	100  	95.3481	146.414	1.15469	1062.86 (1.1047196615004924,)
323	100  	82.6993	119.273	2.59667	854.434 (1.1047196615004924,)
324	100  	100.618	144.281	2.36104	1098.2  (1.1047196615004924,)
325	100  	105.997	153.855	1.42703	1011.44 (1.1047196615004924,)
326	100  	101.573	151.06 	1.58383	959.752 (1.1047196615004924,)
327	100  	99.6991	150.74 	1.93704	896.674 (1.1047196615004924,)
328	100  	110.179	154.095	1.87118	929.535 (1.1047196615004924,)
329	100  	111.082	158.113	2.30481	1157.28 (1.1047196615004924,)
330	100  	107.602	156.789	1.42919	1170.88 (1.1047196615004924,)
331	100  	93.8214	164.43 	1.49291	1206.54 (1.1047196615004924,)
332	100  	88.436 	118.854	1.42574	834.635 (1.1047196615004924,)
333	100  	101.402	127.763	1.28931	683.137 (1.1047196615004924,)
334	100  	99.7333	120.152	1.81966	782.189 (1.1047196615004924,)
335	100  	100.647	136.351	1.66427	804.764 (1.1047196615004924,)
336	100  	104.095	128.136	1.98205	896.177 (1.1047196615004924,)
337	100  	99.3323	140.825	1.15251	919.317 (1.1047196615004924,)
338	100  	106.631	144.446	1.57896	1022.15 (1.1047196615004924,)
339	100  	98.0815	131.017	1.47612	1015.69 (1.1047196615004924,)
340	100  	98.3013	139.458	1.62946	999.249 (1.1047196615004924,)
341	100  	97.4694	117.648	1.35529	693.308 (1.1047196615004924,)
342	100  	97.3734	141.678	1.35517	920.864 (1.1047196615004924,)
343	100  	95.8246	146.492	1.0685 	973.27  (1.0685028414449556,)
344	100  	91.2512	136.288	1.36346	1003.05 (1.0685028414449556,)
345	100  	89.3076	134.817	2.2568 	971.515 (1.0685028414449556,)
346	100  	96.4143	128.205	1.49597	919.186 (1.0685028414449556,)
347	100  	85.0752	122.908	1.27353	856.87  (1.0685028414449556,)
348	100  	102.979	129.506	1.07567	842.413 (1.0685028414449556,)
349	100  	100.795	109.022	1.50376	595.647 (1.0685028414449556,)
350	100  	107.184	129.15 	1.83562	854.84  (1.0685028414449556,)
351	100  	107.524	143.947	1.24544	856.06  (1.0685028414449556,)
352	100  	100.345	127.223	1.35809	903.301 (1.0685028414449556,)
353	100  	86.7325	122.339	2.31851	846.589 (1.0685028414449556,)
354	100  	93.0664	140.991	1.74151	992.382 (1.0685028414449556,)
355	100  	107.383	146.334	2.00874	1173.83 (1.0685028414449556,)
356	100  	100.963	134.561	1.418  	1014.88 (1.0685028414449556,)
357	100  	107.862	159.441	1.07127	1032.99 (1.0685028414449556,)
358	100  	104.173	127.241	1.0964 	862.002 (1.0685028414449556,)
359	100  	104.668	148.236	1.83714	912.587 (1.0685028414449556,)
360	100  	95.0411	132.7  	1.43312	880.28  (1.0685028414449556,)
361	100  	102.348	144.532	1.51514	1003.51 (1.0685028414449556,)
362	100  	93.5349	128.646	1.2275 	868.606 (1.0685028414449556,)
363	100  	102.281	142.242	1.21047	921.309 (1.0685028414449556,)
364	100  	99.0539	140.365	1.97417	925.261 (1.0685028414449556,)
365	100  	96.8118	130.221	1.94952	901.763 (1.0685028414449556,)
366	100  	91.5189	123.761	1.49982	781.828 (1.0685028414449556,)
367	100  	114.26 	145.646	4.21359	948.722 (1.0685028414449556,)
368	100  	106.183	142.026	2.1957 	860.811 (1.0685028414449556,)
369	100  	108.198	138.382	2.497  	1059    (1.0685028414449556,)
370	100  	99.6689	153.92 	2.041  	1090.07 (1.0685028414449556,)
371	100  	93.4873	135.194	3.29168	936.447 (1.0685028414449556,)
372	100  	110.174	136.741	1.4183 	1029.7  (1.0685028414449556,)
373	100  	93.0032	151.447	1.14874	1049.67 (1.0685028414449556,)
374	100  	102.277	155.714	2.41184	1134.95 (1.0685028414449556,)
375	100  	93.0507	131.386	1.59097	894.144 (1.0685028414449556,)
376	100  	93.457 	128.686	2.21244	948.96  (1.0685028414449556,)
377	100  	104.486	134.967	2.65396	926.343 (1.0685028414449556,)
378	100  	102.466	150.912	2.48816	1064.89 (1.0685028414449556,)
379	100  	108.581	154.949	1.57814	1050.6  (1.0685028414449556,)
380	100  	110.659	158.014	1.30422	1075.36 (1.0685028414449556,)
381	100  	107.58 	156.734	1.62519	1098.34 (1.0685028414449556,)
382	100  	110.236	158.914	1.20411	1025.35 (1.0685028414449556,)
383	100  	95.4101	137.645	3.27922	906.898 (1.0685028414449556,)
384	100  	97.1539	147.32 	3.32634	973.734 (1.0685028414449556,)
385	100  	103.107	142.887	1.80003	905.866 (1.0685028414449556,)
386	100  	89.7663	123.621	1.29684	1054.26 (1.0685028414449556,)
387	100  	92.4984	136.239	1.54011	804.973 (1.0685028414449556,)
388	100  	90.9108	130.718	1.68598	743.65  (1.0685028414449556,)
389	100  	80.2462	121.043	2.04353	742.671 (1.0685028414449556,)
390	100  	92.3679	139.431	2.00002	918.809 (1.0685028414449556,)
391	100  	92.9458	143.626	1.86761	1031.25 (1.0685028414449556,)
392	100  	95.3664	132.278	3.15497	917.676 (1.0685028414449556,)
393	100  	105.667	125.925	1.1844 	892.885 (1.0685028414449556,)
394	100  	110.262	147.862	2.40368	1062.92 (1.0685028414449556,)
395	100  	95.6187	138.011	1.25885	1048.76 (1.0685028414449556,)
396	100  	102.973	141.045	2.38531	870.816 (1.0685028414449556,)
397	100  	97.9477	142.857	1.41309	940.984 (1.0685028414449556,)
398	100  	95.9538	136.504	1.85586	1105.7  (1.0685028414449556,)
399	100  	97.7662	135.914	1.4781 	930.755 (1.0685028414449556,)
400	100  	98.7188	136.927	1.8055 	1017.26 (1.0685028414449556,)
401	100  	103.135	136.303	2.4475 	1094.23 (1.0685028414449556,)
402	100  	97.6153	160.715	1.41417	1090.81 (1.0685028414449556,)
403	100  	92.3901	124.515	1.29297	688.587 (1.0685028414449556,)
404	100  	96.7737	131.642	1.70696	739.736 (1.0685028414449556,)
405	100  	105.779	138.832	1.72119	870.106 (1.0685028414449556,)
406	100  	96.7775	134.955	1.6372 	890.297 (1.0685028414449556,)
407	100  	96.5095	148.84 	1.85268	976.306 (1.0685028414449556,)
408	100  	96.6881	135.528	2.50275	944.841 (1.0685028414449556,)
409	100  	93.5766	141.096	2.29479	900.53  (1.0685028414449556,)
410	100  	94.6858	134.171	1.16963	861.369 (1.0685028414449556,)
411	100  	96.0404	145.652	3.68168	976.92  (1.0685028414449556,)
412	100  	98.4549	144.186	1.65132	959.326 (1.0685028414449556,)
413	100  	92.1651	142.476	2.23565	992.212 (1.0685028414449556,)
414	100  	93.1705	144.568	1.80786	933.475 (1.0685028414449556,)
415	100  	119.562	151.185	1.77123	1025.37 (1.0685028414449556,)
416	100  	106.42 	133.107	2.00874	774.477 (1.0685028414449556,)
417	100  	105.865	117.212	1.16798	814.418 (1.0685028414449556,)
418	100  	90.7806	124.924	1.90915	806.189 (1.0685028414449556,)
419	100  	93.1397	130.503	3.11845	927.098 (1.0685028414449556,)
420	100  	92.4933	142.712	1.17517	1069.88 (1.0685028414449556,)
421	100  	100.656	134.608	1.19167	1002.25 (1.0685028414449556,)
422	100  	101.932	142.35 	2.13947	1156.1  (1.0685028414449556,)
423	100  	113.758	132.331	2.14661	958.686 (1.0685028414449556,)
424	100  	104.036	125.097	3.09797	833.701 (1.0685028414449556,)
425	100  	98.6675	148.234	1.05664	1013.6  (1.0566417765307099,)
426	100  	96.6781	124.922	1.6621 	771.327 (1.0566417765307099,)
427	100  	102.798	174.403	3.18759	1159.4  (1.0566417765307099,)
428	100  	109.766	157.239	1.27705	1130.69 (1.0566417765307099,)
429	100  	103.271	140.171	1.96206	863.056 (1.0566417765307099,)
430	100  	102.494	142.387	1.37304	931.375 (1.0566417765307099,)
431	100  	100.502	154.504	1.77754	1073.76 (1.0566417765307099,)
432	100  	96.0963	134.873	1.52291	919.731 (1.0566417765307099,)
433	100  	100.684	129.704	1.79166	833.245 (1.0566417765307099,)
434	100  	115.531	132.606	1.61638	941.174 (1.0566417765307099,)
435	100  	122.05 	139.046	1.42081	812.898 (1.0566417765307099,)
436	100  	112.42 	149.202	2.04331	1157.43 (1.0566417765307099,)
437	100  	89.3075	127.898	1.53069	1060.21 (1.0566417765307099,)
438	100  	100.811	148.053	1.59074	956.079 (1.0566417765307099,)
439	100  	105.049	141.541	2.14785	994.228 (1.0566417765307099,)
440	100  	95.7376	132.625	3.13995	913.405 (1.0566417765307099,)
441	100  	105.416	134.42 	1.12573	1047.94 (1.0566417765307099,)
442	100  	103.702	156.95 	1.12598	1207.78 (1.0566417765307099,)
443	100  	100.826	131.591	3.39913	1071.77 (1.0566417765307099,)
444	100  	100.944	149.647	1.61065	1163.6  (1.0566417765307099,)
445	100  	106.563	136.457	1.29701	1022.9  (1.0566417765307099,)
446	100  	98.3835	152.964	2.02046	876.912 (1.0566417765307099,)
447	100  	105.839	154.977	1.26524	994.784 (1.0566417765307099,)
448	100  	92.1484	136.988	1.74015	1060.36 (1.0566417765307099,)
449	100  	99.7991	138.257	1.23723	901.521 (1.0566417765307099,)
450	100  	95.8476	125.657	1.52164	956.951 (1.0566417765307099,)
451	100  	94.1825	150.894	1.36616	1008.1  (1.0566417765307099,)
452	100  	100.665	144.306	1.12302	961.16  (1.0566417765307099,)
453	100  	106.997	136.127	2.0851 	998.734 (1.0566417765307099,)
454	100  	99.8642	144.054	1.32967	1043.05 (1.0566417765307099,)
455	100  	99.6264	143.319	2.94035	1111.65 (1.0566417765307099,)
456	100  	97.9262	133.9  	1.36472	969.619 (1.0566417765307099,)
457	100  	96.0841	136.369	1.7636 	1056.43 (1.0566417765307099,)
458	100  	100.516	138.746	1.83131	1051.48 (1.0566417765307099,)
459	100  	88.3892	137.149	1.47878	958.905 (1.0566417765307099,)
460	100  	95.8786	130.602	1.4586 	875.883 (1.0566417765307099,)
461	100  	105.853	129.742	1.99801	970.971 (1.0566417765307099,)
462	100  	99.4974	134.246	1.58822	921.801 (1.0566417765307099,)
463	100  	107.812	148.639	2.24205	961.532 (1.0566417765307099,)
464	100  	111.656	134.775	1.53453	839.668 (1.0566417765307099,)
465	100  	111.879	144.912	2.30593	867.149 (1.0566417765307099,)
466	100  	111.519	146.417	1.3744 	1043.37 (1.0566417765307099,)
467	100  	97.9749	135.954	1.36388	1038.07 (1.0566417765307099,)
468	100  	91.5788	138.746	1.51523	804.753 (1.0566417765307099,)
469	100  	98.5482	140.136	1.06113	947.928 (1.0566417765307099,)
470	100  	88.4311	128.609	1.38046	887.953 (1.0566417765307099,)
471	100  	102.212	139.589	1.94133	957.004 (1.0566417765307099,)
472	100  	94.1776	133.377	2.12846	913.58  (1.0566417765307099,)
473	100  	103.353	123.717	1.17851	701.76  (1.0566417765307099,)
474	100  	101.662	129.263	2.57335	849.854 (1.0566417765307099,)
475	100  	97.5234	137.305	1.30388	993.769 (1.0566417765307099,)
476	100  	90.1133	120.952	2.14892	808.505 (1.0566417765307099,)
477	100  	91.7685	110.008	1.37653	737.87  (1.0566417765307099,)
478	100  	93.9366	137.285	1.60136	889.123 (1.0566417765307099,)
479	100  	90.2043	138.818	2.05652	1101.59 (1.0566417765307099,)
480	100  	82.9977	138.261	1.20771	1129.68 (1.0566417765307099,)
481	100  	97.792 	164.079	4.24838	1263.17 (1.0566417765307099,)
482	100  	94.4246	147.889	1.73507	962.001 (1.0566417765307099,)
483	100  	95.8219	137.704	1.0067 	931.267 (1.0067033283179667,)
484	100  	91.4976	121.222	1.38674	775.005 (1.0067033283179667,)
485	100  	108.124	142.432	1.55834	862.524 (1.0067033283179667,)
486	100  	112.033	134    	1.61969	858.685 (1.0067033283179667,)
487	100  	101.503	132.346	1.79108	879.542 (1.0067033283179667,)
488	100  	113.048	159.409	1.21508	1006.63 (1.0067033283179667,)
489	100  	105.2  	126.567	2.12412	797.338 (1.0067033283179667,)
490	100  	96.5369	129.572	1.03219	822.036 (1.0067033283179667,)
491	100  	94.6418	120.451	2.30832	719.71  (1.0067033283179667,)
492	100  	95.1702	119.879	2.76946	768.623 (1.0067033283179667,)
493	100  	71.8214	109.492	2.68414	772.784 (1.0067033283179667,)
494	100  	105.504	141.641	1.50603	843.031 (1.0067033283179667,)
495	100  	97.6571	151.832	1.67017	1095.14 (1.0067033283179667,)
496	100  	102.848	145.691	1.158  	982.856 (1.0067033283179667,)
497	100  	106.863	134.455	1.71469	1041.76 (1.0067033283179667,)
498	100  	102.124	137.034	1.41397	958.241 (1.0067033283179667,)
499	100  	102.927	144.461	1.11419	967.274 (1.0067033283179667,)
