In file included from /usr/lib/python2.7/dist-packages/numpy/core/include/numpy/ndarraytypes.h:1761:0,
                 from /usr/lib/python2.7/dist-packages/numpy/core/include/numpy/ndarrayobject.h:17,
                 from /usr/lib/python2.7/dist-packages/numpy/core/include/numpy/arrayobject.h:4,
                 from /home/pinojc/.cache/scipy/python27_compiled/sc_9bade30717731f645b30a512f757f0fa1669.cpp:22:
/usr/lib/python2.7/dist-packages/numpy/core/include/numpy/npy_1_7_deprecated_api.h:15:2: warning: #warning "Using deprecated NumPy API, disable it by " "#defining NPY_NO_DEPRECATED_API NPY_1_7_API_VERSION" [-Wcpp]
 #warning "Using deprecated NumPy API, disable it by " \
  ^
gen	evals	avg    	std    	min    	max    
0  	100  	810.509	364.186	117.909	1744.36 (117.90905233918151,)
1  	100  	769.918	394.629	40.273 	1789.1  (40.273043880217486,)
2  	100  	703.441	405.203	85.6249	1725.66 (40.273043880217486,)
3  	100  	679.043	437.825	32.5693	1690.29 (32.569344793901834,)
4  	100  	634.811	444.402	37.0504	1654.34 (32.569344793901834,)
5  	100  	579.69 	452.328	29.1245	1751.35 (29.124527798855333,)
6  	100  	514.019	446.573	33.1671	1667    (29.124527798855333,)
7  	100  	440.287	402.802	30.2148	1600.28 (29.124527798855333,)
8  	100  	470.542	408.659	29.4239	1708.54 (29.124527798855333,)
9  	100  	390.772	390.642	27.3965	1557.36 (27.396505240522245,)
10 	100  	407.22 	403.279	30.002 	1636.03 (27.396505240522245,)
11 	100  	367.929	429.022	27.6399	1684.64 (27.396505240522245,)
12 	100  	320.568	360.826	26.9623	1516.36 (26.962313856434882,)
13 	100  	316.6  	368.334	26.3243	1471.99 (26.324342865185844,)
14 	100  	281.328	371.312	25.1679	1485.46 (25.167891152005584,)
15 	100  	294.598	361.921	22.9881	1483.58 (22.98809833536334,)
16 	100  	255.189	358.309	27.4179	1470.45 (22.98809833536334,)
17 	100  	239.328	320.191	19.1487	1420.87 (19.148735137569311,)
18 	100  	243.4  	329.961	21.3222	1464.43 (19.148735137569311,)
19 	100  	244.781	323.632	20.4928	1304.52 (19.148735137569311,)
20 	100  	225.521	322.542	20.1643	1323.13 (19.148735137569311,)
21 	100  	202.884	295.199	18.5901	1354.12 (18.590056147062732,)
22 	100  	195.296	310.512	17.4322	1402.58 (17.432210422095253,)
23 	100  	231.986	319.625	16.5154	1466.06 (16.515361432031032,)
24 	100  	203.875	300.428	17.6964	1376.9  (16.515361432031032,)
25 	100  	198.026	287.127	16.4786	1480.3  (16.478553514994726,)
26 	100  	200.773	296.073	16.7097	1336.55 (16.478553514994726,)
27 	100  	187.504	270.536	16.2067	1245.57 (16.206672436420654,)
28 	100  	174.021	270.033	16.8127	1255.4  (16.206672436420654,)
29 	100  	175.619	282.52 	16.0732	1437.59 (16.073212404191594,)
30 	100  	182.234	280.536	15.7521	1398.54 (15.752058960922733,)
31 	100  	189.169	288.948	16.0635	1433.02 (15.752058960922733,)
32 	100  	174.402	278.609	16.1025	1391.47 (15.752058960922733,)
33 	100  	194.515	305.202	15.8173	1443.76 (15.752058960922733,)
34 	100  	171.126	280.725	15.1788	1399.53 (15.178767682333847,)
35 	100  	168.164	243.083	15.2702	1215.9  (15.178767682333847,)
36 	100  	166.014	267.334	15.9467	1247.68 (15.178767682333847,)
37 	100  	160.448	248.084	15.5933	1314.22 (15.178767682333847,)
38 	100  	158.869	244.801	14.6114	1386.48 (14.611350616082001,)
39 	100  	138.142	234.833	15.1371	1314.46 (14.611350616082001,)
40 	100  	145.552	225.58 	13.8555	1311.97 (13.855529095259355,)
41 	100  	140.076	234.506	12.5648	1292.2  (12.56483132556918,)
42 	100  	125.744	205.185	13.3152	1200.13 (12.56483132556918,)
43 	100  	131.533	213.77 	12.1415	1297.25 (12.14152268268672,)
44 	100  	150.9  	223.061	12.0976	1307.66 (12.097608193485339,)
45 	100  	143.197	214.277	12.4406	1213.11 (12.097608193485339,)
46 	100  	124.004	200.976	11.0338	1264.23 (11.033812839599603,)
47 	100  	113.612	201.234	13.0079	1409.84 (11.033812839599603,)
48 	100  	122.351	213.259	12.0154	1294.95 (11.033812839599603,)
49 	100  	124.415	199.993	11.8828	1209.06 (11.033812839599603,)
50 	100  	133.813	209.704	11.9629	1324.89 (11.033812839599603,)
51 	100  	120.911	190.57 	11.1137	1203.12 (11.033812839599603,)
52 	100  	108.012	206.388	11.3208	1280.22 (11.033812839599603,)
53 	100  	116.604	216.886	11.1302	1304.27 (11.033812839599603,)
54 	100  	108.347	205.118	10.5791	1415.5  (10.579098094116496,)
55 	100  	101.839	200.1  	10.9852	1408.98 (10.579098094116496,)
56 	100  	113.394	229.297	10.498 	1381.12 (10.497976073742787,)
57 	100  	118.828	211.923	10.4276	1313.67 (10.427617930306262,)
58 	100  	128.258	224.012	11.8859	1508.84 (10.427617930306262,)
59 	100  	136.605	237.486	13.5111	1445.68 (10.427617930306262,)
60 	100  	136.46 	213.384	11.7019	1441.46 (10.427617930306262,)
61 	100  	119.874	191.619	11.4326	1298.1  (10.427617930306262,)
62 	100  	120.34 	216.214	11.2019	1334.41 (10.427617930306262,)
63 	100  	107.546	191.04 	11.0946	1321.75 (10.427617930306262,)
64 	100  	117.364	203.753	11.1921	1273.28 (10.427617930306262,)
65 	100  	136.27 	207.334	11.8948	1221.71 (10.427617930306262,)
66 	100  	122.316	212.565	11.1383	1298.6  (10.427617930306262,)
67 	100  	114.387	192.607	10.8394	1376.62 (10.427617930306262,)
68 	100  	121.084	210.496	11.0778	1396.46 (10.427617930306262,)
69 	100  	126.4  	200.645	10.3711	1183.71 (10.371124651988707,)
70 	100  	133.904	197.744	10.8357	1286.72 (10.371124651988707,)
71 	100  	136.072	223.332	10.1185	1193.94 (10.118468395467527,)
72 	100  	120.727	201.5  	10.2052	1226.44 (10.118468395467527,)
73 	100  	129.537	218.743	9.22353	1421.84 (9.223526185177521,)
74 	100  	124.795	209.884	9.71901	1360.73 (9.223526185177521,)
75 	100  	105.66 	186.396	9.70974	1360.33 (9.223526185177521,)
76 	100  	118.18 	183.328	9.58638	1257.5  (9.223526185177521,)
77 	100  	113.026	192.919	9.52699	1290.08 (9.223526185177521,)
78 	100  	119.512	186.867	10.3307	1209.25 (9.223526185177521,)
79 	100  	123.218	214.285	10.1593	1281.52 (9.223526185177521,)
80 	100  	122.31 	203.648	9.90616	1266.92 (9.223526185177521,)
81 	100  	110.85 	184.9  	9.47334	1251.86 (9.223526185177521,)
82 	100  	111.24 	191.386	10.0537	1188.28 (9.223526185177521,)
83 	100  	109.408	190.572	9.6039 	1418.35 (9.223526185177521,)
84 	100  	106.629	190.978	10.8693	1381.91 (9.223526185177521,)
85 	100  	96.6302	173.032	11.4949	1288.09 (9.223526185177521,)
86 	100  	120.21 	198.227	9.66745	1299.83 (9.223526185177521,)
87 	100  	110.398	191.275	9.20433	1320.94 (9.2043319397217171,)
88 	100  	123.687	216.734	9.1333 	1209.59 (9.1332975652949617,)
89 	100  	106.918	213.7  	8.73489	1294.32 (8.7348888141752354,)
90 	100  	137.468	222.107	7.96032	1396.5  (7.9603188904223057,)
91 	100  	136.931	224.671	9.01276	1357.35 (7.9603188904223057,)
92 	100  	118.916	216.296	9.45759	1370.73 (7.9603188904223057,)
93 	100  	117.004	208.293	7.76363	1437.5  (7.7636334776016014,)
94 	100  	121.355	208.828	8.43665	1407.8  (7.7636334776016014,)
95 	100  	133.305	211.584	9.31982	1420.53 (7.7636334776016014,)
96 	100  	130.571	209.851	7.43911	1314.14 (7.4391063474413253,)
97 	100  	130.944	210.197	7.32772	1412.84 (7.3277189127162332,)
98 	100  	156.19 	233.794	6.51474	1452.08 (6.5147373196479981,)
99 	100  	141.117	202.719	7.73665	1316.1  (6.5147373196479981,)
100	100  	138.594	215.01 	7.33058	1311.18 (6.5147373196479981,)
101	100  	133.615	207.373	6.94543	1436.83 (6.5147373196479981,)
102	100  	126.08 	206.623	9.10543	1488.53 (6.5147373196479981,)
103	100  	115.893	190.446	7.04317	1474.06 (6.5147373196479981,)
104	100  	132.117	209.492	6.5235 	1542.46 (6.5147373196479981,)
105	100  	121.658	199.043	8.05449	1400.3  (6.5147373196479981,)
106	100  	127.066	212.32 	6.40787	1352.63 (6.4078705276613164,)
107	100  	108.109	206.685	9.05018	1450.35 (6.4078705276613164,)
108	100  	133.145	202.657	8.76486	1372.4  (6.4078705276613164,)
109	100  	128.223	203.643	8.15272	1330.21 (6.4078705276613164,)
110	100  	140.735	221.152	7.56253	1352.39 (6.4078705276613164,)
111	100  	119.595	196.289	7.56963	1162.98 (6.4078705276613164,)
112	100  	126.83 	203.916	8.01054	1209.43 (6.4078705276613164,)
113	100  	116.166	200.325	6.59726	1275.62 (6.4078705276613164,)
114	100  	126.279	198.521	7.2733 	1238.22 (6.4078705276613164,)
115	100  	127.271	187.559	9.31299	1258.73 (6.4078705276613164,)
116	100  	122.66 	200.234	7.08856	1301.13 (6.4078705276613164,)
117	100  	120.973	191.096	7.84   	1270.13 (6.4078705276613164,)
118	100  	137.4  	177.162	6.45623	1262.48 (6.4078705276613164,)
119	100  	144.833	212.275	6.0778 	1234.74 (6.0778047105919875,)
120	100  	146.931	200.357	7.1589 	1223.79 (6.0778047105919875,)
121	100  	134.414	198.043	7.07079	1268.77 (6.0778047105919875,)
122	100  	120.029	198.087	6.57858	1456.27 (6.0778047105919875,)
123	100  	128.732	217.443	6.2886 	1529.25 (6.0778047105919875,)
124	100  	126.222	205.925	7.07665	1496.09 (6.0778047105919875,)
125	100  	128.027	205.275	8.03181	1503.23 (6.0778047105919875,)
126	100  	130.15 	206.211	8.10019	1387.31 (6.0778047105919875,)
127	100  	132.136	199.805	7.71101	1452.76 (6.0778047105919875,)
128	100  	120.997	194.039	6.65613	1357.21 (6.0778047105919875,)
129	100  	134.06 	199.841	6.65164	1245.56 (6.0778047105919875,)
130	100  	138.852	210.24 	7.11862	1306.53 (6.0778047105919875,)
131	100  	124.677	214.748	6.3617 	1448.92 (6.0778047105919875,)
132	100  	125.435	203.066	6.99959	1457.42 (6.0778047105919875,)
133	100  	134.794	192.45 	7.03099	1414.88 (6.0778047105919875,)
134	100  	123.434	195.756	6.93802	1294.31 (6.0778047105919875,)
135	100  	130.691	205.854	6.32789	1383.73 (6.0778047105919875,)
136	100  	128.962	193.326	7.75131	1306.66 (6.0778047105919875,)
137	100  	133.844	203.358	6.57656	1369.1  (6.0778047105919875,)
138	100  	121.235	199.191	7.15411	1370.65 (6.0778047105919875,)
139	100  	144.055	207.406	6.6555 	1362.25 (6.0778047105919875,)
140	100  	127.053	197.738	6.12881	1334.11 (6.0778047105919875,)
141	100  	141.063	200.335	7.75356	1404.61 (6.0778047105919875,)
142	100  	119.946	197.487	6.47338	1379.72 (6.0778047105919875,)
143	100  	128.38 	208.015	7.1358 	1410.13 (6.0778047105919875,)
144	100  	129.577	223.643	6.68125	1255.89 (6.0778047105919875,)
145	100  	124.975	195.111	6.7562 	1302.23 (6.0778047105919875,)
146	100  	112.912	194.059	6.68552	1372.99 (6.0778047105919875,)
147	100  	118.264	191.737	6.65824	1302.07 (6.0778047105919875,)
148	100  	133.44 	197.345	5.58447	1341.22 (5.5844705611470769,)
149	100  	133.041	196.276	5.94421	1224.22 (5.5844705611470769,)
150	100  	136.496	197.498	6.35891	1202.89 (5.5844705611470769,)
151	100  	125.817	193.397	6.02584	1190.62 (5.5844705611470769,)
152	100  	125.665	199.77 	6.78344	1238.98 (5.5844705611470769,)
153	100  	129.143	195.214	5.76818	1164.82 (5.5844705611470769,)
154	100  	126.397	176.458	6.14474	1290.99 (5.5844705611470769,)
155	100  	143.088	213.854	7.30704	1404.29 (5.5844705611470769,)
156	100  	128.621	197.926	6.10335	1380.95 (5.5844705611470769,)
157	100  	125.286	183.344	5.70833	1183.28 (5.5844705611470769,)
158	100  	120.066	201.133	5.85843	1319.73 (5.5844705611470769,)
159	100  	132.495	196.848	6.24933	1260.9  (5.5844705611470769,)
160	100  	130.722	204.421	6.76424	1268.32 (5.5844705611470769,)
161	100  	132.016	202.005	6.09309	1232.27 (5.5844705611470769,)
162	100  	132.392	205.727	5.56664	1365.98 (5.5666407815213157,)
163	100  	125.256	219.561	5.92675	1427.39 (5.5666407815213157,)
164	100  	133.396	223.129	6.52547	1460.78 (5.5666407815213157,)
165	100  	123.477	220.868	6.11402	1432.36 (5.5666407815213157,)
166	100  	124.244	207.734	6.31872	1423.26 (5.5666407815213157,)
167	100  	126.302	216.161	6.38323	1430.49 (5.5666407815213157,)
168	100  	136.406	213.364	6.3792 	1434.46 (5.5666407815213157,)
169	100  	125.652	214.94 	6.47361	1397.92 (5.5666407815213157,)
170	100  	137.434	204.534	5.52097	1384.29 (5.5209687105232108,)
171	100  	138.744	201.696	6.50419	1374.39 (5.5209687105232108,)
172	100  	140.306	205.966	6.31031	1313.36 (5.5209687105232108,)
173	100  	141.84 	210.338	6.16608	1317.87 (5.5209687105232108,)
174	100  	123.027	207.231	5.61838	1291.1  (5.5209687105232108,)
175	100  	130.726	218.493	6.03008	1437.33 (5.5209687105232108,)
176	100  	131.276	226.646	5.83103	1533.64 (5.5209687105232108,)
177	100  	144.338	203.109	6.50734	1374.75 (5.5209687105232108,)
178	100  	120.933	201.672	5.44164	1392.02 (5.4416385060901824,)
179	100  	136.527	202.068	6.18888	1229.67 (5.4416385060901824,)
180	100  	142.23 	218.86 	6.27475	1260.36 (5.4416385060901824,)
181	100  	146.249	200.75 	6.04346	1182.38 (5.4416385060901824,)
182	100  	143.391	205.471	5.41939	1271.07 (5.4193937927152946,)
183	100  	123.433	208.452	6.55365	1327.51 (5.4193937927152946,)
184	100  	129.238	203.259	6.4445 	1310.27 (5.4193937927152946,)
185	100  	136.857	199.947	7.41291	1308.57 (5.4193937927152946,)
186	100  	134.643	213.451	6.20876	1455.4  (5.4193937927152946,)
187	100  	140.36 	220.157	5.50082	1440.01 (5.4193937927152946,)
188	100  	127.841	214.827	6.24094	1467.86 (5.4193937927152946,)
189	100  	134.203	232.228	6.44544	1530.99 (5.4193937927152946,)
190	100  	128.123	216.091	6.1866 	1451.22 (5.4193937927152946,)
191	100  	131.011	222.088	5.71123	1510.79 (5.4193937927152946,)
192	100  	122.26 	210.347	6.05546	1388.86 (5.4193937927152946,)
193	100  	123.186	195.506	5.86805	1288.93 (5.4193937927152946,)
194	100  	143.285	213.148	6.3138 	1328.18 (5.4193937927152946,)
195	100  	127.138	205.125	5.86499	1416.67 (5.4193937927152946,)
196	100  	114.177	199.537	5.84601	1390.66 (5.4193937927152946,)
197	100  	119.746	201.02 	6.06598	1216.98 (5.4193937927152946,)
198	100  	122.807	203.098	5.56064	1334.07 (5.4193937927152946,)
199	100  	142.386	217.744	5.67283	1384.06 (5.4193937927152946,)
200	100  	130.784	211.886	5.46844	1417.75 (5.4193937927152946,)
201	100  	137.377	213.025	6.0011 	1414.01 (5.4193937927152946,)
202	100  	135.17 	210.292	5.94444	1344.02 (5.4193937927152946,)
203	100  	125.314	218.668	5.79214	1366.89 (5.4193937927152946,)
204	100  	116.614	207.633	6.36298	1388.61 (5.4193937927152946,)
205	100  	126.922	203.281	5.18112	1396.1  (5.1811162043545247,)
206	100  	127.357	198.786	5.63177	1363.01 (5.1811162043545247,)
207	100  	117.593	204.235	5.35625	1398.91 (5.1811162043545247,)
208	100  	131.951	203.9  	5.86249	1355.12 (5.1811162043545247,)
209	100  	140.163	218.929	4.97086	1332.83 (4.9708611529481352,)
210	100  	142.165	210.731	5.10846	1425.56 (4.9708611529481352,)
211	100  	112.591	204.062	5.13191	1432.71 (4.9708611529481352,)
212	100  	131.947	192.32 	5.30999	1474.21 (4.9708611529481352,)
213	100  	134.637	199.528	6.54292	1470.53 (4.9708611529481352,)
214	100  	115.687	184.861	4.97177	1352.91 (4.9708611529481352,)
215	100  	120.951	192.603	5.3113 	1427.08 (4.9708611529481352,)
216	100  	114.391	191.862	5.0213 	1381.11 (4.9708611529481352,)
217	100  	110.118	183.07 	5.44098	1336.31 (4.9708611529481352,)
218	100  	122.079	194.913	4.786  	1364.89 (4.7860040751131523,)
219	100  	132.293	191.049	5.79376	1202.3  (4.7860040751131523,)
220	100  	122.615	189.493	5.54321	1271.19 (4.7860040751131523,)
221	100  	123.249	191.016	5.76842	1395.37 (4.7860040751131523,)
222	100  	114.784	181.664	5.0433 	1226.41 (4.7860040751131523,)
223	100  	126.4  	200.341	5.3205 	1398.37 (4.7860040751131523,)
224	100  	106.758	169.975	5.52115	1300.67 (4.7860040751131523,)
225	100  	106.522	179.241	5.82278	1348.28 (4.7860040751131523,)
226	100  	113.864	193.546	5.45014	1476.2  (4.7860040751131523,)
227	100  	113.386	191.645	4.83735	1405.19 (4.7860040751131523,)
228	100  	108.186	192.785	5.19361	1430.89 (4.7860040751131523,)
229	100  	104.808	178.874	5.03786	1260.42 (4.7860040751131523,)
230	100  	121.921	190.331	5.99531	1362.72 (4.7860040751131523,)
231	100  	107.515	187.796	5.16616	1392.68 (4.7860040751131523,)
232	100  	100.858	183.919	5.25571	1291.3  (4.7860040751131523,)
233	100  	107.746	170.351	5.04827	1131.13 (4.7860040751131523,)
234	100  	122.414	195.098	5.016  	1296.74 (4.7860040751131523,)
235	100  	120.186	189.366	4.74698	1304.93 (4.7469753806914525,)
236	100  	115.412	179.049	5.19042	1346.54 (4.7469753806914525,)
237	100  	116.166	187.231	5.09002	1348.11 (4.7469753806914525,)
238	100  	110.116	197.443	4.64477	1346.22 (4.644773438304802,)
239	100  	126.954	201.928	5.29799	1356.41 (4.644773438304802,)
240	100  	120.508	203.916	5.41638	1239.95 (4.644773438304802,)
241	100  	134.345	210.22 	5.3602 	1307.49 (4.644773438304802,)
242	100  	117.338	199.292	4.39317	1404.62 (4.3931747834621087,)
243	100  	106.645	204.604	4.37909	1423.33 (4.3790921644785925,)
244	100  	122.446	199.221	4.45046	1440.16 (4.3790921644785925,)
245	100  	140.242	191.625	4.47997	1255.67 (4.3790921644785925,)
246	100  	131.716	192.162	5.02174	1277.35 (4.3790921644785925,)
247	100  	144.496	201.504	5.30191	1296.96 (4.3790921644785925,)
248	100  	139.568	218.107	4.26701	1463.02 (4.2670138068708106,)
249	100  	121.664	190.533	5.60212	1388.65 (4.2670138068708106,)
250	100  	136.323	201.004	4.67272	1389.83 (4.2670138068708106,)
251	100  	114.676	195.459	5.09994	1462.24 (4.2670138068708106,)
252	100  	136.588	211.918	4.38634	1444.73 (4.2670138068708106,)
253	100  	118.776	180.981	4.33708	1399.58 (4.2670138068708106,)
254	100  	124.103	181.538	4.85841	1375.29 (4.2670138068708106,)
255	100  	134.302	193.215	4.60305	1333.92 (4.2670138068708106,)
256	100  	119.113	182.497	4.55768	1341.81 (4.2670138068708106,)
257	100  	112.966	191.399	4.77866	1284.59 (4.2670138068708106,)
258	100  	125.047	197.645	5.21904	1383.78 (4.2670138068708106,)
259	100  	109.572	187.867	4.54264	1255.13 (4.2670138068708106,)
260	100  	114.444	200.213	3.6502 	1199.01 (3.6501967068973347,)
261	100  	113.896	185.933	4.32411	1242.79 (3.6501967068973347,)
262	100  	119.853	187.603	5.30747	1252.73 (3.6501967068973347,)
263	100  	133.015	187.795	4.6524 	1256.84 (3.6501967068973347,)
264	100  	143.159	203.062	4.18841	1307.88 (3.6501967068973347,)
265	100  	145.758	191.52 	4.6866 	1216.94 (3.6501967068973347,)
266	100  	129.035	178.21 	3.9069 	1203.59 (3.6501967068973347,)
267	100  	153.045	179.82 	5.64735	1037.65 (3.6501967068973347,)
268	100  	124.58 	179.301	4.79678	1059.33 (3.6501967068973347,)
269	100  	128.365	191.035	5.07297	1221.94 (3.6501967068973347,)
270	100  	125.601	165.591	3.97156	1131.19 (3.6501967068973347,)
271	100  	141.396	186.731	4.33148	1060.7  (3.6501967068973347,)
272	100  	133.521	179.117	5.52547	1211.1  (3.6501967068973347,)
273	100  	123.346	149.882	6.77931	1011.96 (3.6501967068973347,)
274	100  	112.439	141.35 	4.31751	929.717 (3.6501967068973347,)
275	100  	128.429	163.078	5.54485	1223.67 (3.6501967068973347,)
276	100  	125.597	148.957	4.60895	1030.96 (3.6501967068973347,)
277	100  	134.467	165.978	5.21514	982.987 (3.6501967068973347,)
278	100  	123.242	154.186	4.53108	1024.36 (3.6501967068973347,)
279	100  	112.32 	146.713	4.57018	1150.61 (3.6501967068973347,)
280	100  	109.413	142.877	4.45346	1216.23 (3.6501967068973347,)
281	100  	118.332	138.243	4.80932	956.226 (3.6501967068973347,)
282	100  	105.525	102.093	4.81914	632.645 (3.6501967068973347,)
283	100  	102.802	136.215	5.33198	1106.31 (3.6501967068973347,)
284	100  	115.56 	126.088	4.55893	907.365 (3.6501967068973347,)
285	100  	119.384	132.692	4.40027	1032.14 (3.6501967068973347,)
286	100  	117.92 	152.258	4.83757	1174.8  (3.6501967068973347,)
287	100  	132.398	124.163	5.01922	666.399 (3.6501967068973347,)
288	100  	117.942	121.599	4.20729	847.461 (3.6501967068973347,)
289	100  	108.843	131.199	5.22159	1108.13 (3.6501967068973347,)
290	100  	115.007	130.392	4.32955	1003.89 (3.6501967068973347,)
291	100  	96.7925	134.303	4.21165	1091.04 (3.6501967068973347,)
292	100  	109.106	141.069	5.15302	1060.53 (3.6501967068973347,)
293	100  	123.042	129.858	5.09212	925.38  (3.6501967068973347,)
294	100  	111.337	133.433	4.57111	1039.75 (3.6501967068973347,)
295	100  	120.389	153.802	4.72556	1289.46 (3.6501967068973347,)
296	100  	125.241	153.293	5.14963	1174.44 (3.6501967068973347,)
297	100  	127.672	144.769	4.73794	1125.41 (3.6501967068973347,)
298	100  	129.079	122.025	4.61886	903.371 (3.6501967068973347,)
299	100  	104.104	114.558	3.83443	863.638 (3.6501967068973347,)
300	100  	103.909	104.517	3.62585	678.987 (3.6258455168926811,)
301	100  	109.634	114.805	4.34999	654.557 (3.6258455168926811,)
302	100  	108.17 	116.209	3.72485	618.634 (3.6258455168926811,)
303	100  	108.676	110.155	4.69397	542.029 (3.6258455168926811,)
304	100  	106.618	116.221	4.65271	771.152 (3.6258455168926811,)
305	100  	112.103	121.726	4.8908 	763.676 (3.6258455168926811,)
306	100  	105.378	108.053	4.11842	709.15  (3.6258455168926811,)
307	100  	126.731	138.954	4.05782	933.966 (3.6258455168926811,)
308	100  	139.41 	146.452	5.22817	785.111 (3.6258455168926811,)
309	100  	97.578 	88.79  	4.48719	403.185 (3.6258455168926811,)
310	100  	87.6826	111.542	4.79676	800.918 (3.6258455168926811,)
311	100  	107.653	116.037	4.19609	772.16  (3.6258455168926811,)
312	100  	115.616	110.594	4.7959 	840.247 (3.6258455168926811,)
313	100  	126.284	140.136	4.36094	1020.49 (3.6258455168926811,)
314	100  	101.451	103.853	3.9608 	549.373 (3.6258455168926811,)
315	100  	114.149	111.475	3.77819	550.848 (3.6258455168926811,)
316	100  	110.051	99.9273	3.86658	560.285 (3.6258455168926811,)
317	100  	104.333	106.722	3.76159	483.241 (3.6258455168926811,)
318	100  	102.017	114.493	3.95136	795.48  (3.6258455168926811,)
319	100  	112.07 	134.8  	4.57798	970.717 (3.6258455168926811,)
320	100  	126.183	152.687	4.86727	1148.23 (3.6258455168926811,)
321	100  	118.637	126.459	5.21257	898.564 (3.6258455168926811,)
322	100  	121.875	140.889	4.40786	945.538 (3.6258455168926811,)
323	100  	108.172	113.521	4.08281	904.953 (3.6258455168926811,)
324	100  	98.2035	123.48 	5.43414	859.155 (3.6258455168926811,)
325	100  	100.971	124.875	5.25629	911.645 (3.6258455168926811,)
326	100  	109.282	126.717	4.72479	1015.36 (3.6258455168926811,)
327	100  	111.773	115.585	4.83894	697.375 (3.6258455168926811,)
328	100  	94.052 	104.581	4.44076	697.351 (3.6258455168926811,)
329	100  	95.3812	119.339	4.77762	995.435 (3.6258455168926811,)
330	100  	103.413	136.076	4.33281	1021.57 (3.6258455168926811,)
331	100  	113.579	127.038	3.86462	698.511 (3.6258455168926811,)
332	100  	115.759	119.957	6.46548	680.686 (3.6258455168926811,)
333	100  	121.638	149.188	4.30155	1032.78 (3.6258455168926811,)
334	100  	101.664	121.412	4.8134 	919.621 (3.6258455168926811,)
335	100  	99.4219	104.278	4.31844	600.179 (3.6258455168926811,)
336	100  	90.5145	91.4318	4.13419	524.079 (3.6258455168926811,)
337	100  	108.259	108.856	4.83128	648.258 (3.6258455168926811,)
338	100  	106.472	105.764	4.05769	597.147 (3.6258455168926811,)
339	100  	106.357	102.248	3.95583	599.436 (3.6258455168926811,)
340	100  	106.809	118.427	4.88462	945.308 (3.6258455168926811,)
341	100  	112.008	130.328	4.91281	882.331 (3.6258455168926811,)
342	100  	127.431	137.97 	4.75149	983.926 (3.6258455168926811,)
343	100  	108.422	130.139	4.60407	1012    (3.6258455168926811,)
344	100  	100.608	127.526	4.98117	1101.09 (3.6258455168926811,)
345	100  	106.264	142.108	4.14403	1141.01 (3.6258455168926811,)
346	100  	104.618	139.35 	3.44712	1178.49 (3.447119962217545,)
347	100  	123.923	138.81 	4.29363	1050.1  (3.447119962217545,)
348	100  	107.213	116.634	5.48793	837.783 (3.447119962217545,)
349	100  	109.592	136.036	3.38694	1076.28 (3.3869423671883392,)
350	100  	112.675	120.54 	4.52138	792.547 (3.3869423671883392,)
351	100  	119.589	117.202	4.20153	725.955 (3.3869423671883392,)
352	100  	137.533	122.933	4.02088	774.274 (3.3869423671883392,)
353	100  	137.255	162.156	4.12517	1176.41 (3.3869423671883392,)
354	100  	112.835	122.178	3.47885	872.35  (3.3869423671883392,)
355	100  	109.438	108.109	4.38796	622.473 (3.3869423671883392,)
356	100  	103.06 	100.525	5.02633	582.539 (3.3869423671883392,)
357	100  	114.129	139.153	3.2157 	1044.55 (3.2157048592400161,)
358	100  	105.784	109.129	3.42282	827.25  (3.2157048592400161,)
359	100  	114.615	148.106	4.63438	1126.13 (3.2157048592400161,)
360	100  	106.058	133.197	3.91664	1009.19 (3.2157048592400161,)
361	100  	98.1752	108.167	4.18314	734.372 (3.2157048592400161,)
362	100  	121.185	142.14 	4.64327	832.506 (3.2157048592400161,)
363	100  	125.241	118.575	3.69073	844.309 (3.2157048592400161,)
364	100  	110.336	130.446	3.26405	889.514 (3.2157048592400161,)
365	100  	100.831	125.477	3.50899	816.651 (3.2157048592400161,)
366	100  	115.597	125.644	4.35586	951.655 (3.2157048592400161,)
367	100  	124.332	138.919	4.77694	912.77  (3.2157048592400161,)
368	100  	114.975	131.859	3.95345	850.025 (3.2157048592400161,)
369	100  	117.558	150.336	4.17809	1036.59 (3.2157048592400161,)
370	100  	114.317	114.192	4.28315	787.382 (3.2157048592400161,)
371	100  	107.096	108.634	4.06391	718.688 (3.2157048592400161,)
372	100  	102.101	119.144	3.37132	935.305 (3.2157048592400161,)
373	100  	95.085 	119.826	2.94179	899.585 (2.9417855179150103,)
374	100  	130.552	147.489	4.69043	1184.5  (2.9417855179150103,)
375	100  	136.784	177.565	4.1248 	1287.23 (2.9417855179150103,)
376	100  	129.651	149.796	4.67071	1180.99 (2.9417855179150103,)
377	100  	126.572	146.161	2.91657	1120    (2.9165659183187089,)
378	100  	132.928	140.14 	5.92832	1075.19 (2.9165659183187089,)
379	100  	143.462	137.352	3.48261	932.551 (2.9165659183187089,)
380	100  	120.607	132.139	4.69777	1005.46 (2.9165659183187089,)
381	100  	126.575	134.358	4.39958	921.207 (2.9165659183187089,)
382	100  	118.337	136.143	3.86946	872.268 (2.9165659183187089,)
383	100  	125.829	139.651	3.65439	1049.62 (2.9165659183187089,)
384	100  	126.386	140.101	3.81084	1010.26 (2.9165659183187089,)
385	100  	117.341	127.944	4.01175	733.544 (2.9165659183187089,)
386	100  	118.881	112.762	5.89755	778.092 (2.9165659183187089,)
387	100  	132.932	130.39 	4.04422	817.46  (2.9165659183187089,)
388	100  	121.879	118.898	4.32806	823.776 (2.9165659183187089,)
389	100  	110.349	133.798	4.54957	1056.23 (2.9165659183187089,)
390	100  	126.465	159.454	3.41363	1270.12 (2.9165659183187089,)
391	100  	103.823	127.863	3.62673	1087.88 (2.9165659183187089,)
392	100  	120.695	147.576	3.51068	973.146 (2.9165659183187089,)
393	100  	111.703	122.49 	3.58942	760.909 (2.9165659183187089,)
394	100  	118.372	114.281	3.26693	895.995 (2.9165659183187089,)
395	100  	121.828	124.924	4.04761	851.395 (2.9165659183187089,)
396	100  	121.912	126.498	3.21886	876.989 (2.9165659183187089,)
397	100  	112.931	125.435	3.36519	938.072 (2.9165659183187089,)
398	100  	125.45 	129.364	5.85339	735.854 (2.9165659183187089,)
399	100  	115.095	130.277	4.41075	826.653 (2.9165659183187089,)
400	100  	131.117	141.934	4.25063	1011.75 (2.9165659183187089,)
401	100  	130.026	146.929	4.17669	1059.87 (2.9165659183187089,)
402	100  	115.552	128.456	3.31503	928.727 (2.9165659183187089,)
403	100  	134.086	132.387	3.70962	798.622 (2.9165659183187089,)
404	100  	132.677	127.512	3.51363	870.393 (2.9165659183187089,)
405	100  	115.746	119.855	3.87255	750.507 (2.9165659183187089,)
406	100  	118.108	100.12 	3.93252	435.733 (2.9165659183187089,)
407	100  	117.876	114.123	4.33066	615.883 (2.9165659183187089,)
408	100  	106.583	105.139	3.61773	616.727 (2.9165659183187089,)
409	100  	119.973	129.296	4.21913	720.95  (2.9165659183187089,)
410	100  	113.552	129.386	4.03238	997.127 (2.9165659183187089,)
411	100  	107.422	115.565	3.48533	847.378 (2.9165659183187089,)
412	100  	120.211	125.883	3.99502	958.975 (2.9165659183187089,)
413	100  	118.628	132.032	5.54593	971.032 (2.9165659183187089,)
414	100  	125.897	112.942	5.84474	590.603 (2.9165659183187089,)
415	100  	123.323	139.563	3.66979	1102.37 (2.9165659183187089,)
416	100  	104.938	121.077	6.25494	869.846 (2.9165659183187089,)
417	100  	103.323	91.287 	4.69826	504.786 (2.9165659183187089,)
418	100  	110.672	122.882	3.43098	908.108 (2.9165659183187089,)
419	100  	96.7619	121.736	4.09071	906.887 (2.9165659183187089,)
420	100  	97.6581	117.859	3.75497	1040.78 (2.9165659183187089,)
421	100  	116.062	144.91 	4.21266	1069.02 (2.9165659183187089,)
422	100  	120.906	132.803	3.73942	1016.9  (2.9165659183187089,)
423	100  	93.203 	120.3  	2.93953	966.988 (2.9165659183187089,)
424	100  	97.6676	94.4849	3.23043	569.621 (2.9165659183187089,)
425	100  	118.191	122.634	3.31901	711.575 (2.9165659183187089,)
426	100  	131.916	150.002	3.54798	884.703 (2.9165659183187089,)
427	100  	112.136	120.555	3.8644 	880.285 (2.9165659183187089,)
428	100  	132.113	149.074	3.23616	986.798 (2.9165659183187089,)
429	100  	118.531	119.55 	3.30234	792.621 (2.9165659183187089,)
430	100  	98.0172	91.0654	3.36927	462.389 (2.9165659183187089,)
431	100  	136.557	116    	3.3961 	703.787 (2.9165659183187089,)
432	100  	100.921	115.871	3.80509	737.754 (2.9165659183187089,)
433	100  	113.432	128.805	4.00564	655.086 (2.9165659183187089,)
434	100  	108.568	123.529	2.91721	932.304 (2.9165659183187089,)
435	100  	111.249	137.435	3.26895	916.553 (2.9165659183187089,)
436	100  	118.521	118.861	3.21804	906     (2.9165659183187089,)
437	100  	104.375	109.805	4.33387	788.958 (2.9165659183187089,)
438	100  	106.178	101.391	4.02111	559.104 (2.9165659183187089,)
439	100  	121.122	119.728	3.44039	704.27  (2.9165659183187089,)
440	100  	93.3758	107.28 	5.09787	839.701 (2.9165659183187089,)
441	100  	106.712	100.81 	4.58031	705.876 (2.9165659183187089,)
442	100  	109.126	115.297	3.52899	736.49  (2.9165659183187089,)
443	100  	106.548	115.112	3.69077	699.07  (2.9165659183187089,)
444	100  	101.638	99.4328	3.53822	558.898 (2.9165659183187089,)
445	100  	111.851	109.423	3.0991 	791.921 (2.9165659183187089,)
446	100  	100.868	117.833	4.56378	938.413 (2.9165659183187089,)
447	100  	120.428	127.236	3.58412	887.076 (2.9165659183187089,)
448	100  	105.965	126.893	4.27561	999.218 (2.9165659183187089,)
449	100  	110.428	114.136	3.60679	886.007 (2.9165659183187089,)
450	100  	129.196	134.867	3.41266	1064.71 (2.9165659183187089,)
451	100  	116.024	112.342	4.02467	660.352 (2.9165659183187089,)
452	100  	119.09 	117.211	3.68358	858.502 (2.9165659183187089,)
453	100  	117.069	136.78 	3.32815	1017.6  (2.9165659183187089,)
454	100  	108.2  	122.278	3.57512	935.043 (2.9165659183187089,)
455	100  	111.069	107.123	6.27161	578.3   (2.9165659183187089,)
456	100  	102.315	107.204	4.37758	506.64  (2.9165659183187089,)
457	100  	101.938	111.605	4.23113	805.193 (2.9165659183187089,)
458	100  	116.25 	151.433	3.31211	1094.62 (2.9165659183187089,)
459	100  	103.23 	136.251	2.78361	1171.59 (2.7836068033191825,)
460	100  	100.219	115.879	4.58431	946.481 (2.7836068033191825,)
461	100  	121.847	130.683	3.23305	764.008 (2.7836068033191825,)
462	100  	108.561	117.921	4.95446	798.34  (2.7836068033191825,)
463	100  	91.4606	118.413	3.83232	1057.93 (2.7836068033191825,)
464	100  	95.1768	106.805	3.35529	769.668 (2.7836068033191825,)
465	100  	105.97 	96.6497	2.70889	568.105 (2.7088891923422951,)
466	100  	129.88 	127.442	3.86853	656.298 (2.7088891923422951,)
467	100  	113.649	119.842	2.78534	851.92  (2.7088891923422951,)
468	100  	111.818	135.557	2.90587	985.37  (2.7088891923422951,)
469	100  	125.833	137.746	3.20148	866.283 (2.7088891923422951,)
470	100  	136.098	129.687	5.3962 	833.85  (2.7088891923422951,)
471	100  	117.612	118.916	3.20476	852.041 (2.7088891923422951,)
472	100  	112.976	134.68 	3.02469	789.359 (2.7088891923422951,)
473	100  	132.743	143.848	3.06134	920.737 (2.7088891923422951,)
474	100  	136.641	131.009	3.04109	725.363 (2.7088891923422951,)
475	100  	139.753	148.551	3.35277	993.555 (2.7088891923422951,)
476	100  	130.129	128.808	3.37822	764.447 (2.7088891923422951,)
477	100  	118.166	126.095	4.80074	844.252 (2.7088891923422951,)
478	100  	114.984	139.283	3.28801	1113.16 (2.7088891923422951,)
479	100  	111.945	132.1  	3.89622	997.13  (2.7088891923422951,)
480	100  	115.831	112.64 	3.61036	684.433 (2.7088891923422951,)
481	100  	127.48 	123.164	3.44399	589.782 (2.7088891923422951,)
482	100  	132.52 	139.823	4.7063 	819.33  (2.7088891923422951,)
483	100  	117.462	128.277	3.02624	807.215 (2.7088891923422951,)
484	100  	108.483	124.926	3.7016 	864.351 (2.7088891923422951,)
485	100  	112.945	114.664	2.94542	888.896 (2.7088891923422951,)
486	100  	113.496	145.528	3.99184	1182.37 (2.7088891923422951,)
487	100  	98.6164	129.663	2.72242	1040.99 (2.7088891923422951,)
488	100  	118.756	140.505	3.15924	1110.49 (2.7088891923422951,)
489	100  	109.238	131.836	2.83325	1113.66 (2.7088891923422951,)
490	100  	104.413	123.414	4.42121	1037.19 (2.7088891923422951,)
491	100  	127.887	162.785	2.96813	1249.64 (2.7088891923422951,)
492	100  	148.414	156.716	3.05013	1273.19 (2.7088891923422951,)
493	100  	113.986	133.233	3.57945	1055.93 (2.7088891923422951,)
494	100  	100.79 	129.4  	3.16905	1062    (2.7088891923422951,)
495	100  	130.381	145.466	3.43567	1069.39 (2.7088891923422951,)
496	100  	126.147	132.016	3.39182	1053.99 (2.7088891923422951,)
497	100  	119.083	135.301	5.27895	951.305 (2.7088891923422951,)
498	100  	120.372	125.258	5.33548	887.065 (2.7088891923422951,)
499	100  	136.454	112.394	2.64524	791.946 (2.6452355274623711,)
