In file included from /usr/lib/python2.7/dist-packages/numpy/core/include/numpy/ndarraytypes.h:1761:0,
                 from /usr/lib/python2.7/dist-packages/numpy/core/include/numpy/ndarrayobject.h:17,
                 from /usr/lib/python2.7/dist-packages/numpy/core/include/numpy/arrayobject.h:4,
                 from /home/pinojc/.cache/scipy/python27_compiled/sc_9bade30717731f645b30a512f757f0fa1527.cpp:22:
/usr/lib/python2.7/dist-packages/numpy/core/include/numpy/npy_1_7_deprecated_api.h:15:2: warning: #warning "Using deprecated NumPy API, disable it by " "#defining NPY_NO_DEPRECATED_API NPY_1_7_API_VERSION" [-Wcpp]
 #warning "Using deprecated NumPy API, disable it by " \
  ^
gen	evals	avg    	std    	min    	max   
0  	100  	821.976	403.903	75.8172	1688.8 (75.817189829613895,)
1  	100  	783.355	447.911	33.0456	1667.17 (33.045553210496429,)
2  	100  	705.211	441.606	38.3251	1544.45 (33.045553210496429,)
3  	100  	681.199	450.683	39.0294	1695.9  (33.045553210496429,)
4  	100  	636.936	438.833	41.5472	1828.11 (33.045553210496429,)
5  	100  	590.324	433.712	29.1927	1833.81 (29.192681896474294,)
6  	100  	557.471	449.839	35.1452	1916.19 (29.192681896474294,)
7  	100  	499.177	398.119	23.6273	1641.36 (23.627345722087224,)
8  	100  	402.072	373.915	24.0774	1693.03 (23.627345722087224,)
9  	100  	318.648	321.138	20.5486	1503.47 (20.54860570266775,)
10 	100  	244.116	297.844	19.7839	1798.35 (19.783938083690817,)
11 	100  	235.292	276.38 	19.2401	1449.75 (19.240097043034677,)
12 	100  	232.763	283.755	19.689 	1798.97 (19.240097043034677,)
13 	100  	188.098	210.503	17.9494	1293.96 (17.949372882096096,)
14 	100  	180.776	241.128	16.4156	1418.89 (16.415609345303917,)
15 	100  	216.77 	226.306	17.1995	1410.32 (16.415609345303917,)
16 	100  	184.819	223.299	17.3596	1497.97 (16.415609345303917,)
17 	100  	176.177	217.041	13.6388	1338.58 (13.638833645497998,)
18 	100  	163.075	202.806	13.0612	1247.16 (13.061215101197437,)
19 	100  	153.537	177.092	14.8246	1257.62 (13.061215101197437,)
20 	100  	160.215	221.949	14.2226	1409.15 (13.061215101197437,)
21 	100  	145.427	207.956	12.317 	1357.58 (12.317046277588883,)
22 	100  	130.772	201.555	12.1119	1528.69 (12.111880989445174,)
23 	100  	139.241	196.036	13.1651	1532.4  (12.111880989445174,)
24 	100  	145.021	208.023	12.9926	1602.26 (12.111880989445174,)
25 	100  	187.83 	211.986	12.8251	1407.87 (12.111880989445174,)
26 	100  	162.853	205.816	12.8178	1428.09 (12.111880989445174,)
27 	100  	146.434	181.594	12.6339	1337.33 (12.111880989445174,)
28 	100  	160.179	202.004	12.4303	1427.33 (12.111880989445174,)
29 	100  	149.88 	203.355	11.5615	1539.26 (11.561463699711956,)
30 	100  	124.937	184.821	10.7375	1321.83 (10.737476532492288,)
31 	100  	138.02 	176.068	11.3378	1204.1  (10.737476532492288,)
32 	100  	156.92 	235.42 	11.6806	1526.34 (10.737476532492288,)
33 	100  	143.194	175.499	11.4923	1155.46 (10.737476532492288,)
34 	100  	161.627	194.997	12.0571	1365.69 (10.737476532492288,)
35 	100  	159.178	183.225	12.2269	1473.72 (10.737476532492288,)
36 	100  	150.064	210.082	12.2574	1613.53 (10.737476532492288,)
37 	100  	139.049	184.609	10.8362	1375.68 (10.737476532492288,)
38 	100  	143.591	187.016	10.7907	1545.17 (10.737476532492288,)
39 	100  	149.244	194.304	10.9974	1264.44 (10.737476532492288,)
40 	100  	160.496	177.632	11.0417	1403.36 (10.737476532492288,)
41 	100  	123.779	150.989	11.324 	1369.65 (10.737476532492288,)
42 	100  	147.035	192.303	11.4381	1483.73 (10.737476532492288,)
43 	100  	129.479	162.369	10.664 	1412.46 (10.664026023127512,)
44 	100  	139.775	163.073	10.8546	1412    (10.664026023127512,)
45 	100  	131.755	166.434	10.5528	1160.17 (10.55280752108156,)
46 	100  	153.082	185.824	11.5956	1505.62 (10.55280752108156,)
47 	100  	125.376	156.741	10.3657	1344.03 (10.365680610230694,)
48 	100  	143.272	181.27 	11.3149	1456.39 (10.365680610230694,)
49 	100  	137.849	159.427	10.1044	1269.95 (10.104414716216267,)
50 	100  	136.441	199.625	11.5458	1421.57 (10.104414716216267,)
51 	100  	137.552	176.321	11.2272	1341.5  (10.104414716216267,)
52 	100  	129.751	149.809	11.1388	1197.64 (10.104414716216267,)
53 	100  	129.459	170.615	10.4872	1246.39 (10.104414716216267,)
54 	100  	140.047	186.621	11.0868	1631.49 (10.104414716216267,)
55 	100  	136.642	175.076	10.5786	1441.38 (10.104414716216267,)
56 	100  	135.147	173.871	12.1876	1464.72 (10.104414716216267,)
57 	100  	122.954	180.988	11.5663	1583.35 (10.104414716216267,)
58 	100  	125.022	174.522	10.5556	1573.98 (10.104414716216267,)
59 	100  	133.334	189.608	11.4136	1592.56 (10.104414716216267,)
60 	100  	151.951	191.722	10.26  	1543.53 (10.104414716216267,)
61 	100  	148.581	178.853	11.2447	1390.29 (10.104414716216267,)
62 	100  	144.099	185.803	11.9775	1447.14 (10.104414716216267,)
63 	100  	117.283	144.858	11.6262	1126.25 (10.104414716216267,)
64 	100  	144.464	181.416	10.4316	1423.34 (10.104414716216267,)
65 	100  	143.422	171.729	11.0103	1310.56 (10.104414716216267,)
66 	100  	139.546	166.586	10.6712	1228.76 (10.104414716216267,)
67 	100  	120.544	163.166	9.79951	1371.32 (9.7995105015153143,)
68 	100  	147.169	193.617	10.5984	1547.89 (9.7995105015153143,)
69 	100  	137.777	165.477	10.9629	1351.61 (9.7995105015153143,)
70 	100  	145.507	177.676	9.94456	1453.14 (9.7995105015153143,)
71 	100  	154.557	196.796	9.67354	1328.3  (9.6735389261245963,)
72 	100  	138.92 	163.288	10.7145	1051.01 (9.6735389261245963,)
73 	100  	136.501	168.369	11.081 	1208.09 (9.6735389261245963,)
74 	100  	137.976	165.543	10.1252	1356.25 (9.6735389261245963,)
75 	100  	152.827	171.964	10.7578	1505.29 (9.6735389261245963,)
76 	100  	145.017	172.23 	10.3819	1409.6  (9.6735389261245963,)
77 	100  	134.057	104.578	10.1992	444.109 (9.6735389261245963,)
78 	100  	141.26 	110.008	10.3019	522.58  (9.6735389261245963,)
79 	100  	135.958	115.792	9.34306	584.766 (9.34305763406301,)
80 	100  	104.108	100.365	10.3662	600.059 (9.34305763406301,)
81 	100  	119.099	114.599	10.5327	534.225 (9.34305763406301,)
82 	100  	101.16 	103.845	10.2349	508.028 (9.34305763406301,)
83 	100  	130.809	129.195	9.39973	646.974 (9.34305763406301,)
84 	100  	138.868	139.84 	9.66893	608.077 (9.34305763406301,)
85 	100  	143.294	116.546	9.31907	565.664 (9.3190748088383302,)
86 	100  	129.52 	125.364	9.36751	794.252 (9.3190748088383302,)
87 	100  	151.762	154.351	10.5949	881.816 (9.3190748088383302,)
88 	100  	129.296	104.201	9.38047	456.054 (9.3190748088383302,)
89 	100  	99.6183	89.4861	9.06907	439.638 (9.0690683370481935,)
90 	100  	114.821	129.924	10.8258	577.217 (9.0690683370481935,)
91 	100  	148.643	134.239	10.2729	715.149 (9.0690683370481935,)
92 	100  	130.688	137.698	10.7238	626.336 (9.0690683370481935,)
93 	100  	135.605	148.488	9.16277	857.436 (9.0690683370481935,)
94 	100  	135.823	121.406	9.29862	497.561 (9.0690683370481935,)
95 	100  	116.426	104.872	8.74891	453.34  (8.7489125388177857,)
96 	100  	127.539	105.922	9.63423	467.071 (8.7489125388177857,)
97 	100  	109.414	91.5934	9.18892	380.848 (8.7489125388177857,)
98 	100  	126.919	108.662	10.5457	561.463 (8.7489125388177857,)
99 	100  	122.206	119.155	9.13351	812.169 (8.7489125388177857,)
100	100  	115.736	133.4  	9.10154	704.839 (8.7489125388177857,)
101	100  	112.968	161.892	9.20224	1112.67 (8.7489125388177857,)
102	100  	119.54 	118.856	9.12899	694.272 (8.7489125388177857,)
103	100  	117.911	127.744	9.05465	905.476 (8.7489125388177857,)
104	100  	128.471	124.595	8.53588	720.79  (8.5358784620610475,)
105	100  	98.0694	121.033	8.59214	711.942 (8.5358784620610475,)
106	100  	110.712	91.4333	9.69494	492.475 (8.5358784620610475,)
107	100  	123.801	118.069	9.10284	796.319 (8.5358784620610475,)
108	100  	118.108	121.809	8.69453	862.074 (8.5358784620610475,)
109	100  	131.972	132.719	9.60218	668.549 (8.5358784620610475,)
110	100  	124.585	137.362	9.57698	794.946 (8.5358784620610475,)
111	100  	131.852	129.805	9.65319	749.894 (8.5358784620610475,)
112	100  	150.592	128.485	9.58966	821.055 (8.5358784620610475,)
113	100  	131.532	128.435	10.2057	610.957 (8.5358784620610475,)
114	100  	147.262	116.94 	8.93152	548.413 (8.5358784620610475,)
115	100  	147.337	148.849	9.93905	895.39  (8.5358784620610475,)
116	100  	117.576	100.788	9.97491	447.098 (8.5358784620610475,)
117	100  	113.647	100.53 	9.10081	430.621 (8.5358784620610475,)
118	100  	121.164	118.06 	9.02602	621.621 (8.5358784620610475,)
119	100  	118.744	119.939	9.39213	559.817 (8.5358784620610475,)
120	100  	139.78 	125.677	8.54109	573.326 (8.5358784620610475,)
121	100  	151.776	156.714	8.80202	857.459 (8.5358784620610475,)
122	100  	111.981	99.6098	9.00017	426.731 (8.5358784620610475,)
123	100  	111.243	104.114	9.25633	445.228 (8.5358784620610475,)
124	100  	124.804	104.488	8.77153	534.418 (8.5358784620610475,)
125	100  	131.018	145.001	9.77823	726.45  (8.5358784620610475,)
126	100  	137.188	112.004	9.35742	596.912 (8.5358784620610475,)
127	100  	135.745	121.681	8.99086	623.577 (8.5358784620610475,)
128	100  	132.571	113.796	8.85745	576.217 (8.5358784620610475,)
129	100  	146.032	130.684	9.17752	688.808 (8.5358784620610475,)
130	100  	145.49 	134.26 	10.2339	607.494 (8.5358784620610475,)
131	100  	121.825	111.331	9.29875	530.772 (8.5358784620610475,)
132	100  	105.898	106.159	8.43236	418.491 (8.4323617307235086,)
133	100  	102.089	98.6801	8.611  	437.674 (8.4323617307235086,)
134	100  	130.2  	98.0607	8.63007	471.79  (8.4323617307235086,)
135	100  	103.99 	94.8425	8.50034	446.275 (8.4323617307235086,)
136	100  	108.326	100.544	9.05465	413.393 (8.4323617307235086,)
137	100  	119.657	96.9988	9.29001	465.938 (8.4323617307235086,)
138	100  	106.787	90.7437	8.15002	381.031 (8.1500209031759105,)
139	100  	117.993	113.447	9.15516	616.954 (8.1500209031759105,)
140	100  	129.531	123.157	8.53571	663.086 (8.1500209031759105,)
141	100  	113.41 	114.641	9.00703	813.812 (8.1500209031759105,)
142	100  	127.447	127.782	8.9595 	900.769 (8.1500209031759105,)
143	100  	125.474	104.55 	8.54567	445.149 (8.1500209031759105,)
144	100  	123.052	123.415	8.77356	677.769 (8.1500209031759105,)
145	100  	130.163	140.243	8.31054	798.384 (8.1500209031759105,)
146	100  	130.246	132.955	9.70623	828.665 (8.1500209031759105,)
147	100  	116.342	107.383	9.90931	616.783 (8.1500209031759105,)
148	100  	112.08 	119.374	8.5043 	734.716 (8.1500209031759105,)
149	100  	125.389	115.424	8.41514	562.201 (8.1500209031759105,)
150	100  	113.159	106.924	8.40585	607.937 (8.1500209031759105,)
151	100  	109.106	104.832	8.42518	498.105 (8.1500209031759105,)
152	100  	128.831	119.302	8.53728	790.985 (8.1500209031759105,)
153	100  	136.655	148.662	8.62423	742.06  (8.1500209031759105,)
154	100  	121.6  	111.618	8.74175	491.458 (8.1500209031759105,)
155	100  	141.708	112.181	9.56031	404.606 (8.1500209031759105,)
156	100  	137.352	122.361	9.06418	495.402 (8.1500209031759105,)
157	100  	113.289	101.667	8.22458	479.13  (8.1500209031759105,)
158	100  	104.77 	101.534	9.17027	518.862 (8.1500209031759105,)
159	100  	106.082	106.321	8.74613	515.787 (8.1500209031759105,)
160	100  	124.409	138.623	8.30527	894.376 (8.1500209031759105,)
161	100  	112.689	107.218	8.80099	614.226 (8.1500209031759105,)
162	100  	108.639	116.446	7.8629 	709.35  (7.8628950192323348,)
163	100  	107.085	99.6641	7.7823 	512.76  (7.7822970773792424,)
164	100  	109.802	103.9  	8.53745	401.758 (7.7822970773792424,)
165	100  	119.78 	117.051	8.88072	703.281 (7.7822970773792424,)
166	100  	121.019	114.977	8.75266	667.749 (7.7822970773792424,)
167	100  	112.936	109.364	8.0738 	556.447 (7.7822970773792424,)
168	100  	146.402	149.149	8.93056	993.011 (7.7822970773792424,)
169	100  	110.028	102.401	8.0645 	495.712 (7.7822970773792424,)
170	100  	113.621	109.951	8.54618	436.086 (7.7822970773792424,)
171	100  	149.738	127.266	9.29161	711.005 (7.7822970773792424,)
172	100  	117.445	106.178	7.64202	564.162 (7.6420160101615187,)
173	100  	103.11 	93.0228	7.31532	448.411 (7.3153171882909804,)
174	100  	107.35 	99.8817	7.56484	543.174 (7.3153171882909804,)
175	100  	138.965	116.721	9.43949	502.462 (7.3153171882909804,)
176	100  	129.206	113.223	7.54282	576.392 (7.3153171882909804,)
177	100  	132.035	131.457	7.9313 	898.759 (7.3153171882909804,)
178	100  	128.872	124.817	8.4143 	665.147 (7.3153171882909804,)
179	100  	127.448	125.676	8.03228	828.863 (7.3153171882909804,)
180	100  	114.271	100.629	7.42278	540.916 (7.3153171882909804,)
181	100  	145.535	139.103	7.61061	572.616 (7.3153171882909804,)
182	100  	131.335	120.738	7.80316	641.712 (7.3153171882909804,)
183	100  	119.491	101.657	9.10187	492.154 (7.3153171882909804,)
184	100  	97.2581	95.7699	8.28336	448.911 (7.3153171882909804,)
185	100  	105.78 	86.6369	7.91948	443.407 (7.3153171882909804,)
186	100  	99.2005	99.4131	7.26517	395.242 (7.2651675085095215,)
187	100  	100.996	100.856	7.76697	453.12  (7.2651675085095215,)
188	100  	127.698	115.558	8.71875	646.442 (7.2651675085095215,)
189	100  	117.381	101.165	7.21242	514.349 (7.212423039774734,)
190	100  	103.753	87.7037	8.00536	402.473 (7.212423039774734,)
191	100  	100.945	95.2029	7.62949	571.407 (7.212423039774734,)
192	100  	111.013	115.189	6.74426	647.822 (6.7442605589312388,)
193	100  	118.338	121.573	7.23435	532.117 (6.7442605589312388,)
194	100  	119.156	126.559	7.29179	592.948 (6.7442605589312388,)
195	100  	140.422	133.615	7.78614	685.352 (6.7442605589312388,)
196	100  	127.742	121.517	7.51903	546.764 (6.7442605589312388,)
197	100  	130.536	133.004	7.7771 	747.277 (6.7442605589312388,)
198	100  	129.622	122.174	7.96492	522.915 (6.7442605589312388,)
199	100  	131.344	123.655	8.42558	733.276 (6.7442605589312388,)
200	100  	110.082	95.1469	7.4827 	382.597 (6.7442605589312388,)
201	100  	109.771	99.5059	7.29202	523.969 (6.7442605589312388,)
202	100  	108.76 	96.2145	7.21582	442.243 (6.7442605589312388,)
203	100  	112.849	108.418	7.09136	635.604 (6.7442605589312388,)
204	100  	115.954	108.704	7.94343	667.156 (6.7442605589312388,)
205	100  	136.202	123.159	6.94578	629.87  (6.7442605589312388,)
206	100  	124.902	115.206	7.21361	615.188 (6.7442605589312388,)
207	100  	137.728	129.116	6.70446	574.301 (6.7044574569394255,)
208	100  	117.273	102.558	7.29816	416.903 (6.7044574569394255,)
209	100  	95.7973	82.6996	7.28301	411.927 (6.7044574569394255,)
210	100  	116.968	106.271	6.71935	566.332 (6.7044574569394255,)
211	100  	123.683	108.91 	7.69692	563.45  (6.7044574569394255,)
212	100  	118.428	128.707	6.06668	799.334 (6.0666799339868085,)
213	100  	114.913	126.736	6.01455	670.487 (6.0145519960055953,)
214	100  	127.551	120.203	7.59734	552.25  (6.0145519960055953,)
215	100  	111.042	107.929	6.79244	464.676 (6.0145519960055953,)
216	100  	115.073	101.431	6.37283	358.083 (6.0145519960055953,)
217	100  	117.058	89.4974	7.24844	424.898 (6.0145519960055953,)
218	100  	133.283	123.137	8.31753	688.391 (6.0145519960055953,)
219	100  	101.645	105.981	6.24192	405.043 (6.0145519960055953,)
220	100  	113.106	106.433	7.61713	465.131 (6.0145519960055953,)
221	100  	125.162	139.511	6.48835	782.836 (6.0145519960055953,)
222	100  	126.974	111.588	6.49214	577.68  (6.0145519960055953,)
223	100  	135.143	156.186	7.42422	941.365 (6.0145519960055953,)
224	100  	138.701	146.009	6.61823	839.45  (6.0145519960055953,)
225	100  	140.741	128.003	7.50179	811.914 (6.0145519960055953,)
226	100  	119.319	97.4077	6.74311	368.386 (6.0145519960055953,)
227	100  	121.195	126.667	6.55684	698.857 (6.0145519960055953,)
228	100  	115.894	124.831	7.07174	669.18  (6.0145519960055953,)
229	100  	117.946	107.426	6.47861	577.307 (6.0145519960055953,)
230	100  	124.538	117.952	6.35542	615.304 (6.0145519960055953,)
231	100  	122.569	136.425	6.37656	617.093 (6.0145519960055953,)
232	100  	132.277	125.119	6.67855	564.503 (6.0145519960055953,)
233	100  	108.808	103.798	8.49382	596.232 (6.0145519960055953,)
234	100  	110.971	98.9801	6.01961	397.98  (6.0145519960055953,)
235	100  	105.075	121.795	6.12193	746.173 (6.0145519960055953,)
236	100  	105.904	103.048	7.34535	633.653 (6.0145519960055953,)
237	100  	109.284	107.812	6.6375 	547.223 (6.0145519960055953,)
238	100  	109.838	105.139	6.89392	524.548 (6.0145519960055953,)
239	100  	106.617	99.3936	6.83266	494.735 (6.0145519960055953,)
240	100  	110.648	105.052	7.03573	565.208 (6.0145519960055953,)
241	100  	111.979	104.565	7.77635	459.768 (6.0145519960055953,)
242	100  	131.772	158.075	6.724  	882.257 (6.0145519960055953,)
243	100  	130.924	109.976	6.50576	451.236 (6.0145519960055953,)
244	100  	117.39 	101.887	7.11989	466.7   (6.0145519960055953,)
245	100  	118.04 	101.371	6.79577	389.9   (6.0145519960055953,)
246	100  	105.129	101.172	6.22374	520.946 (6.0145519960055953,)
247	100  	99.948 	102.109	6.84409	469.006 (6.0145519960055953,)
248	100  	111.692	108.362	6.41418	445.217 (6.0145519960055953,)
249	100  	118.797	123.378	5.52632	663.831 (5.5263241156581708,)
250	100  	113.938	96.5418	5.23912	486.002 (5.2391218431499977,)
251	100  	119.839	135.386	6.20137	765.185 (5.2391218431499977,)
252	100  	115.317	124.697	6.12618	908.918 (5.2391218431499977,)
253	100  	114.421	92.9081	6.08312	406.945 (5.2391218431499977,)
254	100  	110.584	120.234	5.41353	669.623 (5.2391218431499977,)
255	100  	95.9524	88.1811	6.37641	484.101 (5.2391218431499977,)
256	100  	116.763	106.605	6.74574	568.646 (5.2391218431499977,)
257	100  	100.26 	107.477	5.78743	505.119 (5.2391218431499977,)
258	100  	91.5316	98.1203	6.0006 	461.248 (5.2391218431499977,)
259	100  	121.888	140.403	5.96808	718.472 (5.2391218431499977,)
260	100  	106.268	106.811	5.81117	506.203 (5.2391218431499977,)
261	100  	98.7725	103.668	5.23148	511.05  (5.2314751874849703,)
262	100  	104.52 	97.568 	5.08002	389.27  (5.0800152202084856,)
263	100  	112.455	129.526	5.34408	858.241 (5.0800152202084856,)
264	100  	111.805	114.406	5.3217 	536.514 (5.0800152202084856,)
265	100  	113.12 	90.8657	6.11311	379.848 (5.0800152202084856,)
266	100  	122.669	114.551	5.44724	565.339 (5.0800152202084856,)
267	100  	132.972	123.926	6.43999	749.255 (5.0800152202084856,)
268	100  	117.26 	114.146	6.05058	758.543 (5.0800152202084856,)
269	100  	106.332	99.3012	6.04589	608.028 (5.0800152202084856,)
270	100  	107.243	96.2934	6.34935	356.22  (5.0800152202084856,)
271	100  	112.268	103.919	6.12499	532.869 (5.0800152202084856,)
272	100  	102.714	91.2824	5.49867	396.597 (5.0800152202084856,)
273	100  	106.82 	116.476	4.91687	660.268 (4.9168683162485616,)
274	100  	98.0745	89.4181	5.37823	455.002 (4.9168683162485616,)
275	100  	121.576	118.159	5.74408	590.447 (4.9168683162485616,)
276	100  	109.588	90.1354	5.35227	387.639 (4.9168683162485616,)
277	100  	117.112	92.9566	5.81054	411.201 (4.9168683162485616,)
278	100  	122.192	100.83 	4.98371	427.473 (4.9168683162485616,)
279	100  	109.773	112.894	7.25771	723.305 (4.9168683162485616,)
280	100  	116.999	107.742	5.43005	521.549 (4.9168683162485616,)
281	100  	117.369	111.183	7.42721	489.551 (4.9168683162485616,)
282	100  	127.147	109.574	6.39522	589.247 (4.9168683162485616,)
283	100  	117.682	123.077	4.83688	824.633 (4.836881309671158,)
284	100  	135.67 	156.751	5.81395	900.083 (4.836881309671158,)
285	100  	119.564	108.889	4.79617	591.596 (4.7961676245735569,)
286	100  	110.71 	104.314	4.82424	493.885 (4.7961676245735569,)
287	100  	102.177	95.7784	5.85305	436.805 (4.7961676245735569,)
288	100  	104.907	97.4123	5.26993	488.669 (4.7961676245735569,)
289	100  	124.985	106.089	5.21659	585.829 (4.7961676245735569,)
290	100  	110.568	104.861	5.99362	595.717 (4.7961676245735569,)
291	100  	110.991	96.8141	5.32395	386.696 (4.7961676245735569,)
292	100  	114.56 	117.356	4.70276	566.25  (4.7027646141391211,)
293	100  	110.936	109.846	5.01226	650.459 (4.7027646141391211,)
294	100  	114.229	98.6587	5.16018	434.596 (4.7027646141391211,)
295	100  	111.731	100.788	5.77353	567.928 (4.7027646141391211,)
296	100  	109.144	94.5095	4.80417	464.788 (4.7027646141391211,)
297	100  	103.15 	101.337	5.28428	528.26  (4.7027646141391211,)
298	100  	106.205	102.851	5.33158	663.022 (4.7027646141391211,)
299	100  	102.466	97.593 	5.56637	429.845 (4.7027646141391211,)
300	100  	116.721	102.975	5.7861 	427.056 (4.7027646141391211,)
301	100  	112.009	116.197	5.8819 	656.688 (4.7027646141391211,)
302	100  	115.483	102.7  	5.25708	514.371 (4.7027646141391211,)
303	100  	93.548 	82.1473	7.19532	352.982 (4.7027646141391211,)
304	100  	96.6729	101.606	6.25025	463.842 (4.7027646141391211,)
305	100  	109.039	112.138	5.97552	654.46  (4.7027646141391211,)
306	100  	113.843	104.985	7.02326	647.894 (4.7027646141391211,)
307	100  	106.691	97.9428	4.90224	383.12  (4.7027646141391211,)
308	100  	108.134	97.3842	5.54245	413.161 (4.7027646141391211,)
309	100  	115.733	108.178	5.48604	616.501 (4.7027646141391211,)
310	100  	103.31 	105.498	4.80077	510.33  (4.7027646141391211,)
311	100  	102.686	110.824	4.9794 	738.608 (4.7027646141391211,)
312	100  	124.743	133.247	4.9081 	920.047 (4.7027646141391211,)
313	100  	125.847	108.304	5.86845	550.284 (4.7027646141391211,)
314	100  	114.442	99.0675	5.68612	440.638 (4.7027646141391211,)
315	100  	126.363	136.727	4.79824	887.56  (4.7027646141391211,)
316	100  	108.633	127.581	4.59908	881.728 (4.5990784926796033,)
317	100  	99.6841	100.832	5.58557	517.443 (4.5990784926796033,)
318	100  	104.79 	104.909	4.6924 	473.328 (4.5990784926796033,)
319	100  	107.299	119.173	5.12662	897.134 (4.5990784926796033,)
320	100  	118.034	116.794	4.94816	660.584 (4.5990784926796033,)
321	100  	100.314	96.0895	4.59127	473.128 (4.5912656961689446,)
322	100  	106.777	94.8597	6.33519	415.674 (4.5912656961689446,)
323	100  	108.168	99.7494	5.17103	578.459 (4.5912656961689446,)
324	100  	109.001	85.9286	4.73915	403.359 (4.5912656961689446,)
325	100  	92.1263	75.3382	5.39147	326.768 (4.5912656961689446,)
326	100  	112.801	121.915	4.73811	688.039 (4.5912656961689446,)
327	100  	112.241	106.05 	6.48775	613.247 (4.5912656961689446,)
328	100  	130.14 	130.05 	6.27114	610.546 (4.5912656961689446,)
329	100  	116.197	118.228	5.47304	618.816 (4.5912656961689446,)
330	100  	98.6559	97.4585	4.9873 	552.529 (4.5912656961689446,)
331	100  	97.6574	97.1114	5.06674	547.937 (4.5912656961689446,)
332	100  	102.66 	108.01 	5.61722	789.019 (4.5912656961689446,)
333	100  	108.599	139.141	4.92162	988.41  (4.5912656961689446,)
334	100  	101.214	95.7852	5.03142	615.629 (4.5912656961689446,)
335	100  	95.2891	102.894	4.72835	446.338 (4.5912656961689446,)
336	100  	94.9438	87.4391	5.35065	383.767 (4.5912656961689446,)
337	100  	105.486	91.5547	5.35948	426.552 (4.5912656961689446,)
338	100  	111.154	114.119	5.21529	671.851 (4.5912656961689446,)
339	100  	100.255	100.932	6.59952	503.78  (4.5912656961689446,)
340	100  	90.4696	78.2841	5.48589	317.19  (4.5912656961689446,)
341	100  	92.9065	91.0971	4.86798	424.031 (4.5912656961689446,)
342	100  	100.136	112.538	4.75401	716.417 (4.5912656961689446,)
343	100  	94.9866	87.8004	5.66736	414.1   (4.5912656961689446,)
344	100  	83.0814	66.0567	5.70335	289.786 (4.5912656961689446,)
345	100  	102.808	96.8937	6.63013	419.15  (4.5912656961689446,)
346	100  	113.888	107.831	5.50222	457.075 (4.5912656961689446,)
347	100  	94.0517	85.6694	4.63908	365.059 (4.5912656961689446,)
348	100  	110.119	106.062	5.13854	448.183 (4.5912656961689446,)
349	100  	102.927	102.792	5.14272	470.421 (4.5912656961689446,)
350	100  	99.9049	91.9044	5.40815	367.729 (4.5912656961689446,)
351	100  	95.6023	93.6851	5.47204	556.411 (4.5912656961689446,)
352	100  	115.049	123.751	4.54242	738.261 (4.5424155345824113,)
353	100  	107.709	86.2548	4.8223 	453.046 (4.5424155345824113,)
354	100  	103.803	91.5412	6.10459	379.813 (4.5424155345824113,)
355	100  	107.343	111.351	6.03312	598.759 (4.5424155345824113,)
356	100  	107.248	99.6689	5.24385	442.993 (4.5424155345824113,)
357	100  	106.865	91.7823	5.87585	411.226 (4.5424155345824113,)
358	100  	102.035	88.4604	5.74013	398.753 (4.5424155345824113,)
359	100  	103.805	105.103	5.8379 	462.416 (4.5424155345824113,)
360	100  	105.185	104.239	4.76071	661.708 (4.5424155345824113,)
361	100  	98.5993	112.506	4.66179	766.216 (4.5424155345824113,)
362	100  	103.911	89.9252	4.34508	497.476 (4.3450761648896448,)
363	100  	98.9604	92.4379	5.01476	393.329 (4.3450761648896448,)
364	100  	108.551	103.997	4.51967	592.876 (4.3450761648896448,)
365	100  	115.843	96.2111	4.27325	386.594 (4.2732482658063331,)
366	100  	117.031	97.5534	4.19137	465.911 (4.1913726402908189,)
367	100  	127.791	123.858	4.8757 	686.864 (4.1913726402908189,)
368	100  	103.596	89.7626	4.45447	329.557 (4.1913726402908189,)
369	100  	103.728	102.714	4.52963	476.93  (4.1913726402908189,)
370	100  	101.05 	86.4214	5.00694	396.422 (4.1913726402908189,)
371	100  	89.845 	84.2858	4.87785	402.544 (4.1913726402908189,)
372	100  	82.6547	82.297 	4.52677	359.693 (4.1913726402908189,)
373	100  	103.452	89.048 	5.00154	403.309 (4.1913726402908189,)
374	100  	88.6265	88.007 	4.25698	398.551 (4.1913726402908189,)
375	100  	93.4297	93.874 	4.62161	445.48  (4.1913726402908189,)
376	100  	96.7813	80.1473	6.01413	353.113 (4.1913726402908189,)
377	100  	88.0499	79.3982	4.77775	325.461 (4.1913726402908189,)
378	100  	101.272	92.8923	4.53571	497.526 (4.1913726402908189,)
379	100  	103.845	105.032	4.66016	577.271 (4.1913726402908189,)
380	100  	108.784	101.805	5.11922	450.109 (4.1913726402908189,)
381	100  	110.903	102.338	4.56203	514.487 (4.1913726402908189,)
382	100  	111.438	100.937	5.14859	553.535 (4.1913726402908189,)
383	100  	104.058	97.1242	5.35415	454.806 (4.1913726402908189,)
384	100  	109.569	113.279	5.56183	614.497 (4.1913726402908189,)
385	100  	103.031	94.9123	4.61395	381.382 (4.1913726402908189,)
386	100  	95.8357	81.8726	4.24817	362.2   (4.1913726402908189,)
387	100  	106.646	96.717 	4.66063	514.13  (4.1913726402908189,)
388	100  	103.077	108.042	4.6736 	489.196 (4.1913726402908189,)
389	100  	137.116	132.297	5.75898	694.425 (4.1913726402908189,)
390	100  	113.656	103.548	4.87942	521.276 (4.1913726402908189,)
391	100  	121.076	110.647	6.87632	577.156 (4.1913726402908189,)
392	100  	98.3051	90.1043	4.50172	374.054 (4.1913726402908189,)
393	100  	118.199	101.008	5.08022	466.801 (4.1913726402908189,)
394	100  	111.891	101.498	4.59566	544.136 (4.1913726402908189,)
395	100  	112.379	115.617	5.03521	832.174 (4.1913726402908189,)
396	100  	110.907	100.108	4.6225 	399.926 (4.1913726402908189,)
397	100  	105.58 	107.065	4.4569 	540.416 (4.1913726402908189,)
398	100  	114.116	106.302	5.12086	448.537 (4.1913726402908189,)
399	100  	93.6115	95.8978	3.99293	437.62  (3.9929282327256193,)
400	100  	89.1161	73.7888	5.41921	311.357 (3.9929282327256193,)
401	100  	103.913	87.6249	4.91129	381.56  (3.9929282327256193,)
402	100  	89.66  	96.8391	5.10786	617.01  (3.9929282327256193,)
403	100  	97.7718	92.4305	5.02977	499.222 (3.9929282327256193,)
404	100  	94.4594	75.797 	4.57788	299.879 (3.9929282327256193,)
405	100  	93.4326	85.1624	4.47021	360.74  (3.9929282327256193,)
406	100  	89.0557	82.8567	5.0609 	383.885 (3.9929282327256193,)
407	100  	106.581	98.6707	4.6805 	478.163 (3.9929282327256193,)
408	100  	89.593 	90.8693	3.67021	583.52  (3.6702097369281734,)
409	100  	84.8363	83.6717	4.47396	406.594 (3.6702097369281734,)
410	100  	70.6023	67.5782	4.17638	424.312 (3.6702097369281734,)
411	100  	106.025	99.4297	5.09981	455.637 (3.6702097369281734,)
412	100  	106.151	96.9032	4.12838	501.015 (3.6702097369281734,)
413	100  	94.7669	105.51 	3.79848	622.79  (3.6702097369281734,)
414	100  	92.8399	95.1408	4.32469	524.813 (3.6702097369281734,)
415	100  	91.0185	94.5809	4.76768	572.629 (3.6702097369281734,)
416	100  	95.918 	88.125 	4.36124	398.024 (3.6702097369281734,)
417	100  	84.8319	75.6283	4.51937	358.018 (3.6702097369281734,)
418	100  	101.175	100.992	4.12151	437.466 (3.6702097369281734,)
419	100  	104.359	89.1381	4.44788	426.135 (3.6702097369281734,)
420	100  	115.238	95.3847	5.21265	469.605 (3.6702097369281734,)
421	100  	101.04 	96.7817	4.45928	564.188 (3.6702097369281734,)
422	100  	101.618	94.7408	4.26467	538.622 (3.6702097369281734,)
423	100  	109.241	112.497	4.25747	613.374 (3.6702097369281734,)
424	100  	94.6916	85.98  	4.27855	397.243 (3.6702097369281734,)
425	100  	112.652	103.936	5.2515 	573.657 (3.6702097369281734,)
426	100  	108.174	104.718	4.10829	581.093 (3.6702097369281734,)
427	100  	95.8027	94.4055	3.40684	581.395 (3.4068432111539146,)
428	100  	96.628 	83.6379	4.02936	384.401 (3.4068432111539146,)
429	100  	95.6013	89.8719	4.10193	475.106 (3.4068432111539146,)
430	100  	87.1051	83.1663	4.22726	446.15  (3.4068432111539146,)
431	100  	122.604	105.625	3.86205	592.907 (3.4068432111539146,)
432	100  	109.395	110.6  	4.42614	508.803 (3.4068432111539146,)
433	100  	99.145 	90.7348	4.39531	397.69  (3.4068432111539146,)
434	100  	102.75 	83.2159	4.25127	417.634 (3.4068432111539146,)
435	100  	107.394	122.941	4.44101	730.85  (3.4068432111539146,)
436	100  	121.61 	109.839	5.00978	537.878 (3.4068432111539146,)
437	100  	92.9146	84.4841	4.14625	436.011 (3.4068432111539146,)
438	100  	76.9578	69.3742	3.76569	361.229 (3.4068432111539146,)
439	100  	85.5504	90.5924	4.28229	532.39  (3.4068432111539146,)
440	100  	101.041	88.0243	4.10887	472.353 (3.4068432111539146,)
441	100  	96.2113	94.9829	4.19241	494.699 (3.4068432111539146,)
442	100  	101.95 	85.1013	3.89658	443.88  (3.4068432111539146,)
443	100  	121.405	99.5626	3.84426	501.878 (3.4068432111539146,)
444	100  	108.499	99.2076	3.58302	452.599 (3.4068432111539146,)
445	100  	83.3542	73.8501	4.38057	321.873 (3.4068432111539146,)
446	100  	96.9888	103.216	4.53537	618.993 (3.4068432111539146,)
447	100  	121.234	117.32 	3.60339	561.123 (3.4068432111539146,)
448	100  	107.479	91.6011	3.90244	484.038 (3.4068432111539146,)
449	100  	91.4866	85.1614	3.95753	371.415 (3.4068432111539146,)
450	100  	107.98 	98.7248	4.29141	470.039 (3.4068432111539146,)
451	100  	109.944	91.6201	4.7444 	433.288 (3.4068432111539146,)
452	100  	87.3032	82.3735	3.73161	322.194 (3.4068432111539146,)
453	100  	96.9219	89.8776	4.38464	460.478 (3.4068432111539146,)
454	100  	86.3657	85.9082	4.50339	379.074 (3.4068432111539146,)
455	100  	120.294	104.858	4.27607	449.613 (3.4068432111539146,)
456	100  	109.135	93.65  	4.66957	407.842 (3.4068432111539146,)
457	100  	104.103	95.2646	4.10929	441.851 (3.4068432111539146,)
458	100  	97.3424	90.5198	4.77623	379.079 (3.4068432111539146,)
459	100  	96.1134	83.7411	3.95765	320.374 (3.4068432111539146,)
460	100  	103.67 	82.4845	4.84155	349.464 (3.4068432111539146,)
461	100  	102.412	79.6451	4.28264	424.776 (3.4068432111539146,)
462	100  	92.0429	82.4225	3.70875	420.711 (3.4068432111539146,)
463	100  	89.8107	87.3022	3.92871	469.391 (3.4068432111539146,)
464	100  	107.441	97.0149	3.59831	476.481 (3.4068432111539146,)
465	100  	98.2044	95.377 	4.60413	489.564 (3.4068432111539146,)
466	100  	91.3105	85.2807	4.45979	397.563 (3.4068432111539146,)
467	100  	107.824	98.7209	4.45704	504.583 (3.4068432111539146,)
468	100  	105.014	83.329 	3.74199	384.326 (3.4068432111539146,)
469	100  	103.707	101.231	4.38513	439.431 (3.4068432111539146,)
470	100  	99.5179	94.4922	3.80013	487.593 (3.4068432111539146,)
471	100  	87.028 	73.6515	4.26911	312.976 (3.4068432111539146,)
472	100  	92.242 	90.0245	5.20235	605.644 (3.4068432111539146,)
473	100  	114.345	105.119	6.08214	554.526 (3.4068432111539146,)
474	100  	98.7385	88.4106	5.06406	412.424 (3.4068432111539146,)
475	100  	103.481	96.5493	4.11824	515.067 (3.4068432111539146,)
476	100  	98.1692	91.3663	4.30861	364.653 (3.4068432111539146,)
477	100  	90.3686	99.9949	4.14562	443.696 (3.4068432111539146,)
478	100  	89.2902	83.554 	4.20235	463.19  (3.4068432111539146,)
479	100  	83.2607	79.6759	4.08111	425.75  (3.4068432111539146,)
480	100  	92.8026	80.2976	4.43808	424.39  (3.4068432111539146,)
481	100  	99.645 	90.5868	3.98208	382.674 (3.4068432111539146,)
482	100  	91.6549	93.2506	3.82135	513.693 (3.4068432111539146,)
483	100  	90.1823	82.7822	3.84491	375.756 (3.4068432111539146,)
484	100  	103.299	83.1728	4.64227	346.641 (3.4068432111539146,)
485	100  	86.2951	81.6595	4.19214	368.26  (3.4068432111539146,)
486	100  	95.1888	82.064 	3.55902	347.095 (3.4068432111539146,)
487	100  	95.7626	92.1103	5.12053	449.731 (3.4068432111539146,)
488	100  	97.4552	78.3385	4.03576	366.699 (3.4068432111539146,)
489	100  	91.9462	85.934 	3.99543	366.089 (3.4068432111539146,)
490	100  	105.919	96.4273	3.95552	523.076 (3.4068432111539146,)
491	100  	95.5485	86.6319	3.2831 	512.124 (3.283096113256335,)
492	100  	92.8336	88.6569	4.5291 	441.975 (3.283096113256335,)
493	100  	91.5631	84.7341	4.3385 	365.153 (3.283096113256335,)
494	100  	109.766	101.863	4.58108	698.73  (3.283096113256335,)
495	100  	110.52 	103.983	3.69   	526.763 (3.283096113256335,)
496	100  	121.88 	103.195	4.29966	457.183 (3.283096113256335,)
497	100  	108.826	93.1406	4.05826	449.277 (3.283096113256335,)
498	100  	115.064	114.272	4.04464	664.413 (3.283096113256335,)
499	100  	101.237	89.4166	4.05141	384.416 (3.283096113256335,)
