In file included from /usr/lib/python2.7/dist-packages/numpy/core/include/numpy/ndarraytypes.h:1761:0,
                 from /usr/lib/python2.7/dist-packages/numpy/core/include/numpy/ndarrayobject.h:17,
                 from /usr/lib/python2.7/dist-packages/numpy/core/include/numpy/arrayobject.h:4,
                 from /home/pinojc/.cache/scipy/python27_compiled/sc_9bade30717731f645b30a512f757f0fa1801.cpp:22:
/usr/lib/python2.7/dist-packages/numpy/core/include/numpy/npy_1_7_deprecated_api.h:15:2: warning: #warning "Using deprecated NumPy API, disable it by " "#defining NPY_NO_DEPRECATED_API NPY_1_7_API_VERSION" [-Wcpp]
 #warning "Using deprecated NumPy API, disable it by " \
  ^
gen	evals	avg    	std    	min    	max    
0  	100  	1128.41	329.827	162.368	1811.64 (162.36810637198715,)
1  	100  	1227.52	302.777	163.662	1803.92 (162.36810637198715,)
2  	100  	1253.69	301.073	209.651	1780.52 (162.36810637198715,)
3  	100  	1230.96	322.681	196.435	1779.86 (162.36810637198715,)
4  	100  	1226.15	317.218	199.073	1747.76 (162.36810637198715,)
5  	100  	1213.75	339.234	149.022	1745.14 (149.02155535900005,)
6  	100  	1157.34	361.061	150.781	1753.76 (149.02155535900005,)
7  	100  	1104.76	420.51 	158.457	1747.24 (149.02155535900005,)
8  	100  	1007.12	471.82 	152.338	1777.46 (149.02155535900005,)
9  	100  	971.037	511.628	146.293	1701.27 (146.29317239221777,)
10 	100  	923.185	530.829	143.622	1667.95 (143.62186264120794,)
11 	100  	885.164	540.889	141.001	1672.26 (141.00071817522633,)
12 	100  	850.06 	535.109	142.219	1607.65 (141.00071817522633,)
13 	100  	822.067	554.75 	140.521	1598.76 (140.52081165266205,)
14 	100  	804.75 	569.777	138.573	1669.72 (138.5728339218025,)
15 	100  	791.504	572.423	135.397	1661.6  (135.39657235524814,)
16 	100  	780.222	550.732	137.942	1650.14 (135.39657235524814,)
17 	100  	758.445	578.749	137.098	1633.29 (135.39657235524814,)
18 	100  	759.391	554.378	138.067	1611.91 (135.39657235524814,)
19 	100  	759.329	569.085	136.815	1656.78 (135.39657235524814,)
20 	100  	760.675	554.901	140.912	1690.99 (135.39657235524814,)
21 	100  	752.801	556.631	138.607	1646.29 (135.39657235524814,)
22 	100  	726.745	549.437	133.308	1630.92 (133.308444553339,)
23 	100  	723.195	558.091	131.827	1660.97 (131.82728360097349,)
24 	100  	704.022	534.522	131.981	1596.24 (131.82728360097349,)
25 	100  	698.537	545.177	136.165	1595.31 (131.82728360097349,)
26 	100  	685.822	551.218	129.497	1665.01 (129.49683338008356,)
27 	100  	678.181	555.127	126.498	1616.75 (126.49794710750524,)
28 	100  	665.474	577.13 	124.11 	1683.96 (124.10992917590366,)
29 	100  	664.536	579.838	121.264	1683.88 (121.26367027020932,)
30 	100  	653.478	577.022	117.026	1661.41 (117.02594869248294,)
31 	100  	657.546	586.159	122.281	1696.58 (117.02594869248294,)
32 	100  	650.47 	585.866	108.479	1701.42 (108.47903607483335,)
33 	100  	646.377	581.249	109.958	1622.9  (108.47903607483335,)
34 	100  	623.233	583.457	112.632	1614.12 (108.47903607483335,)
35 	100  	623.936	570.249	106.306	1613.32 (106.30587806564438,)
36 	100  	604.69 	566.324	103.055	1592.77 (103.05491269133022,)
37 	100  	604.241	572.069	99.3876	1653.65 (99.387572829980456,)
38 	100  	604.883	590.617	98.6185	1618.47 (98.618529717313294,)
39 	100  	592.578	576.961	95.777 	1679.5  (95.777003233402425,)
40 	100  	606.829	594.642	89.8589	1671.35 (89.858898811883705,)
41 	100  	591.92 	583.826	93.3185	1605.97 (89.858898811883705,)
42 	100  	589.848	582.13 	89.9808	1616.64 (89.858898811883705,)
43 	100  	586.305	590.07 	91.518 	1640.97 (89.858898811883705,)
44 	100  	580.92 	583.075	93.8284	1647.54 (89.858898811883705,)
45 	100  	566.139	570.75 	87.4361	1671.33 (87.43607834739629,)
46 	100  	562.844	568.918	89.5646	1637.74 (87.43607834739629,)
47 	100  	533.352	552.231	88.0832	1549.06 (87.43607834739629,)
48 	100  	543.446	560.898	89.1108	1597.85 (87.43607834739629,)
49 	100  	517.497	558.072	89.5262	1645.46 (87.43607834739629,)
50 	100  	519.426	565.921	87.8544	1665.14 (87.43607834739629,)
51 	100  	506.533	550.559	87.8586	1608.82 (87.43607834739629,)
52 	100  	498.631	554.624	86.4828	1638.09 (86.482767215211879,)
53 	100  	474.544	539.126	86.1111	1623.06 (86.11112067139625,)
54 	100  	458.515	520.971	88.1888	1591.08 (86.11112067139625,)
55 	100  	440.72 	523.703	82.8507	1569.66 (82.850690573932994,)
56 	100  	459.904	548.049	83.5476	1619.09 (82.850690573932994,)
57 	100  	453.433	544.233	82.9718	1641.18 (82.850690573932994,)
58 	100  	457.389	544.436	80.6691	1627.81 (80.669115329269374,)
59 	100  	445.934	540.08 	81.335 	1700.51 (80.669115329269374,)
60 	100  	438.306	543.132	80.7255	1653.94 (80.669115329269374,)
61 	100  	444.833	565.892	77.7791	1673.29 (77.77912711055275,)
62 	100  	457.039	554.685	76.5864	1601.29 (76.586441036503274,)
63 	100  	459.806	568.752	73.3064	1646.39 (73.306448845634975,)
64 	100  	444.124	563.872	75.781 	1630.24 (73.306448845634975,)
65 	100  	438.839	560.189	74.6282	1628.75 (73.306448845634975,)
66 	100  	437.662	552.738	70.7425	1681.15 (70.742507938351906,)
67 	100  	446.424	565.293	72.3815	1644.86 (70.742507938351906,)
68 	100  	439.886	564.071	69.2707	1631.78 (69.270667746436402,)
69 	100  	464.38 	585.229	75.8802	1666.89 (69.270667746436402,)
70 	100  	457.922	578.83 	71.3589	1660.09 (69.270667746436402,)
71 	100  	455.382	568.531	64.6866	1639.01 (64.686612433315446,)
72 	100  	455.505	578.423	63.6697	1646.81 (63.669693120620863,)
73 	100  	459.558	578.452	64.7218	1672.81 (63.669693120620863,)
74 	100  	444.359	559.918	62.0533	1655.16 (62.053343749855493,)
75 	100  	460.007	563.724	62.5586	1688.91 (62.053343749855493,)
76 	100  	446.345	579.977	62.5677	1631.62 (62.053343749855493,)
77 	100  	440.785	576.691	62.3047	1665.7  (62.053343749855493,)
78 	100  	428.262	556.372	61.6319	1607.46 (61.631946787531319,)
79 	100  	439.719	563.489	62.1335	1660.17 (61.631946787531319,)
80 	100  	445.882	552.819	62.9412	1685.77 (61.631946787531319,)
81 	100  	453.665	562.051	61.7545	1636.09 (61.631946787531319,)
82 	100  	448.226	541.857	61.0139	1660.05 (61.013920961586031,)
83 	100  	434.546	561.224	62.6065	1617.2  (61.013920961586031,)
84 	100  	436.008	554.156	64.5764	1662.83 (61.013920961586031,)
85 	100  	438.741	562.156	60.6338	1622.39 (60.633754480275094,)
86 	100  	430.803	559.229	62.6823	1597.87 (60.633754480275094,)
87 	100  	453.52 	561.42 	62.4792	1656.58 (60.633754480275094,)
88 	100  	445.644	558.718	63.5623	1665.89 (60.633754480275094,)
89 	100  	442.155	539.889	58.7153	1628.33 (58.715313177228992,)
90 	100  	445.594	573.591	60.7291	1678.34 (58.715313177228992,)
91 	100  	457.398	569.157	59.497 	1685.2  (58.715313177228992,)
92 	100  	463.673	565.906	62.1154	1650.79 (58.715313177228992,)
93 	100  	462.404	558.562	61.9382	1642.76 (58.715313177228992,)
94 	100  	452.04 	564.694	59.8554	1650.46 (58.715313177228992,)
95 	100  	447.404	568.49 	59.4166	1699.12 (58.715313177228992,)
96 	100  	441.543	559.56 	62.1037	1619.57 (58.715313177228992,)
97 	100  	438.963	555.89 	60.2611	1640.65 (58.715313177228992,)
98 	100  	457.836	554.636	66.0459	1672.21 (58.715313177228992,)
99 	100  	447.825	565.036	61.104 	1671.49 (58.715313177228992,)
100	100  	465.144	569.208	59.0707	1639.33 (58.715313177228992,)
101	100  	457.874	568.5  	61.1857	1624.73 (58.715313177228992,)
102	100  	465.653	567.618	59.1532	1629.05 (58.715313177228992,)
103	100  	439.5  	576.567	59.6154	1647.15 (58.715313177228992,)
104	100  	445.307	555.588	63.1725	1627.63 (58.715313177228992,)
105	100  	438.787	566.009	61.5314	1675.88 (58.715313177228992,)
106	100  	435.837	565.964	60.2432	1650.5  (58.715313177228992,)
107	100  	448.093	561.609	61.2578	1674.62 (58.715313177228992,)
108	100  	443.664	560.839	58.6805	1642.05 (58.680511639948193,)
109	100  	447.698	569.888	59.6469	1641.97 (58.680511639948193,)
110	100  	439.792	567.255	60.7395	1636.73 (58.680511639948193,)
111	100  	426.524	554.001	62.3699	1670.88 (58.680511639948193,)
112	100  	449.455	557.253	59.6311	1638.83 (58.680511639948193,)
113	100  	441.6  	567.158	61.0363	1686.75 (58.680511639948193,)
114	100  	434.337	566.936	58.0709	1644.87 (58.070884240503567,)
115	100  	433.905	573.542	60.2421	1688.74 (58.070884240503567,)
116	100  	418.154	549.175	59.5118	1644.95 (58.070884240503567,)
117	100  	428.387	560.155	57.8968	1697.23 (57.89682025886102,)
118	100  	462.796	567.542	59.6742	1691.89 (57.89682025886102,)
119	100  	448.74 	577.229	58.4454	1664.7  (57.89682025886102,)
120	100  	455.882	578.056	59.1404	1683.51 (57.89682025886102,)
121	100  	443.226	567.218	58.5828	1699.49 (57.89682025886102,)
122	100  	448.289	576.608	58.1002	1719.39 (57.89682025886102,)
123	100  	450.149	582.675	56.9279	1629.44 (56.927861990107587,)
124	100  	436.249	589.111	57.8305	1673.87 (56.927861990107587,)
125	100  	454.536	572.006	57.5333	1685.2  (56.927861990107587,)
126	100  	441.499	585.406	55.7612	1711.71 (55.761209059619297,)
127	100  	447.49 	588.347	59.4811	1696.81 (55.761209059619297,)
128	100  	441.847	565.384	58.496 	1660.99 (55.761209059619297,)
129	100  	445.151	586.205	56.128 	1693.15 (55.761209059619297,)
130	100  	442.948	585.473	56.5655	1692.25 (55.761209059619297,)
131	100  	456.597	577.887	59.4361	1672.22 (55.761209059619297,)
132	100  	441.637	568.929	56.314 	1691.4  (55.761209059619297,)
133	100  	454.474	575.616	56.1953	1640.88 (55.761209059619297,)
134	100  	449.676	580.289	57.3832	1660    (55.761209059619297,)
135	100  	440.117	580.797	57.0208	1685.26 (55.761209059619297,)
136	100  	432.394	584.493	57.8193	1664    (55.761209059619297,)
137	100  	444.387	582.587	56.0082	1661.66 (55.761209059619297,)
138	100  	426.013	572.783	56.6423	1633.66 (55.761209059619297,)
139	100  	438.545	572.537	56.1431	1662.38 (55.761209059619297,)
140	100  	442.213	576.241	57.7082	1659.39 (55.761209059619297,)
141	100  	450.399	587.67 	59.9968	1692.71 (55.761209059619297,)
142	100  	448.63 	580.919	56.5334	1700.92 (55.761209059619297,)
143	100  	439.195	579.479	57.7288	1674.95 (55.761209059619297,)
144	100  	453.608	584.863	55.7265	1668.25 (55.726487304864349,)
145	100  	452.117	574.52 	56.8702	1646.62 (55.726487304864349,)
146	100  	440.225	569.831	57.7165	1659.1  (55.726487304864349,)
147	100  	445.42 	562.882	57.0562	1698.79 (55.726487304864349,)
148	100  	448.355	566.372	58.7983	1612.4  (55.726487304864349,)
149	100  	450.596	555.783	56.5223	1636.67 (55.726487304864349,)
150	100  	432.421	561.74 	57.2005	1634.43 (55.726487304864349,)
151	100  	436.15 	568.696	55.8386	1687.73 (55.726487304864349,)
152	100  	441.809	570.162	55.5868	1633.64 (55.586829805842392,)
153	100  	475.238	571.415	56.3399	1671.68 (55.586829805842392,)
154	100  	455.579	592.526	54.3426	1664.98 (54.342595826180627,)
155	100  	nan    	nan    	nan    	nan     (54.342595826180627,)
156	100  	444.657	589.976	58.1911	1671.98 (54.342595826180627,)
157	100  	473.387	594.049	56.4635	1667.81 (54.342595826180627,)
158	100  	448.517	595.326	56.9112	1646.56 (54.342595826180627,)
159	100  	457.291	589.733	55.1597	1650.32 (54.342595826180627,)
160	100  	445.261	587.486	57.6005	1677.62 (54.342595826180627,)
161	100  	459.85 	582.132	54.713 	1685.02 (54.342595826180627,)
162	100  	457.625	567.52 	56.5611	1690.12 (54.342595826180627,)
163	100  	449.772	576.093	57.0949	1690.38 (54.342595826180627,)
164	100  	440.573	571.354	56.2664	1702.8  (54.342595826180627,)
165	100  	434.807	588.611	57.4924	1679.28 (54.342595826180627,)
166	100  	456.91 	588.837	55.1961	1709.25 (54.342595826180627,)
167	100  	441.675	584.294	56.4502	1687.13 (54.342595826180627,)
168	100  	476.831	576.881	56.154 	1680.09 (54.342595826180627,)
169	100  	445.89 	585.658	57.4371	1702.87 (54.342595826180627,)
170	100  	448.286	594.313	59.7841	1671.37 (54.342595826180627,)
171	100  	449.771	581.68 	54.9529	1644.28 (54.342595826180627,)
172	100  	455.527	586.16 	57.3781	1724.6  (54.342595826180627,)
173	100  	455.011	602.22 	61     	1712.42 (54.342595826180627,)
174	100  	467.428	584.905	54.5834	1693.68 (54.342595826180627,)
175	100  	455.233	588.756	57.2973	1694.77 (54.342595826180627,)
176	100  	451.7  	605.984	56.1345	1717.76 (54.342595826180627,)
177	100  	448.723	589.22 	54.7986	1696.98 (54.342595826180627,)
178	100  	436.427	582.153	55.8185	1689.36 (54.342595826180627,)
179	100  	438.673	580.776	55.4577	1687.89 (54.342595826180627,)
180	100  	457.12 	572.945	55.898 	1662.41 (54.342595826180627,)
181	100  	457.273	590.184	58.1727	1704.95 (54.342595826180627,)
182	100  	460.139	588.49 	56.557 	1696.02 (54.342595826180627,)
183	100  	451.629	593.04 	55.6879	1662.63 (54.342595826180627,)
184	100  	437.315	574.768	57.9932	1673.06 (54.342595826180627,)
185	100  	431.618	574.744	55.6542	1649.39 (54.342595826180627,)
186	100  	432.647	569.099	55.7262	1652.68 (54.342595826180627,)
187	100  	451.89 	578.822	56.004 	1651.94 (54.342595826180627,)
188	100  	452.032	579.508	54.6941	1687.51 (54.342595826180627,)
189	100  	441.368	584.862	56.6202	1711.98 (54.342595826180627,)
190	100  	457.81 	574.706	54.4687	1665.78 (54.342595826180627,)
191	100  	450.303	577.172	55.3668	1678.76 (54.342595826180627,)
192	100  	450.399	585.648	56.5908	1671.74 (54.342595826180627,)
193	100  	454.514	579.836	57.2489	1682.7  (54.342595826180627,)
194	100  	457.326	579.997	56.393 	1678.38 (54.342595826180627,)
195	100  	445.018	589.676	57.1833	1690.37 (54.342595826180627,)
196	100  	441.338	593.647	55.1842	1663.57 (54.342595826180627,)
197	100  	444.063	589.861	55.4835	1637.14 (54.342595826180627,)
198	100  	446.002	583.832	53.6665	1682.92 (53.666521601617248,)
199	100  	445.472	585.77 	57.5029	1671.1  (53.666521601617248,)
200	100  	440.163	560.372	57.8061	1650.46 (53.666521601617248,)
201	100  	441.934	588.011	57.0023	1669.29 (53.666521601617248,)
202	100  	444.374	580.276	55.7949	1665.93 (53.666521601617248,)
203	100  	437.198	591.648	56.037 	1655.39 (53.666521601617248,)
204	100  	437.234	577.989	55.2945	1667.82 (53.666521601617248,)
205	100  	435.747	576.936	53.509 	1664.52 (53.509034362157166,)
206	100  	462.352	569.968	54.6967	1667.29 (53.509034362157166,)
207	100  	453.67 	583.223	55.0225	1694.51 (53.509034362157166,)
208	100  	456.742	568.627	54.5474	1672.54 (53.509034362157166,)
209	100  	428.581	577.69 	53.7353	1650.47 (53.509034362157166,)
210	100  	452.284	577.266	58.1649	1678.4  (53.509034362157166,)
211	100  	438.817	575.908	53.7669	1695.2  (53.509034362157166,)
212	100  	443.642	574.395	55.119 	1661.02 (53.509034362157166,)
213	100  	458.297	571.94 	54.2358	1677.93 (53.509034362157166,)
214	100  	441.701	583.045	54.5226	1692.85 (53.509034362157166,)
215	100  	459.204	576.649	56.677 	1643.39 (53.509034362157166,)
216	100  	440.596	580.759	54.1453	1660.16 (53.509034362157166,)
217	100  	444.856	577.935	53.3839	1636.96 (53.383943680753809,)
218	100  	455.998	578.089	53.4863	1702.54 (53.383943680753809,)
219	100  	458.124	567.407	55.4962	1669.51 (53.383943680753809,)
220	100  	457.244	565.962	54.3347	1654.17 (53.383943680753809,)
221	100  	452.453	588.911	53.512 	1722.11 (53.383943680753809,)
222	100  	462.061	585.446	53.7018	1659.32 (53.383943680753809,)
223	100  	458.56 	582.158	57.5876	1671.53 (53.383943680753809,)
224	100  	452.805	596.739	53.6947	1716.72 (53.383943680753809,)
225	100  	455.22 	600.514	53.5206	1678.69 (53.383943680753809,)
226	100  	442.979	581.468	55.6486	1663.22 (53.383943680753809,)
227	100  	454.731	589.144	53.4065	1670.97 (53.383943680753809,)
228	100  	460.362	586.704	54.7047	1678.44 (53.383943680753809,)
229	100  	440.078	583.759	55.6838	1676.29 (53.383943680753809,)
230	100  	450.779	566.414	53.8453	1665.73 (53.383943680753809,)
231	100  	438.233	569.304	53.9939	1689.86 (53.383943680753809,)
232	100  	442.963	572.331	54.7222	1714.51 (53.383943680753809,)
233	100  	466.577	579.031	55.0182	1697.34 (53.383943680753809,)
234	100  	447.365	570.344	55.7344	1649.76 (53.383943680753809,)
235	100  	442.759	575.946	52.1986	1696.32 (52.198636154931648,)
236	100  	448.711	595.149	56.0196	1667.01 (52.198636154931648,)
237	100  	461.816	562.237	55.3156	1691.44 (52.198636154931648,)
238	100  	459.181	585.77 	56.1817	1682.52 (52.198636154931648,)
239	100  	464.134	587.226	56.1312	1694.8  (52.198636154931648,)
240	100  	444.452	585.172	55.6596	1669.42 (52.198636154931648,)
241	100  	458.314	588.903	53.6559	1711.91 (52.198636154931648,)
242	100  	450.042	591.463	53.9406	1663.27 (52.198636154931648,)
243	100  	451.361	582.633	56.2755	1670.18 (52.198636154931648,)
244	100  	456.325	581.802	52.7708	1670.08 (52.198636154931648,)
245	100  	469.781	583.077	58.3228	1680.12 (52.198636154931648,)
246	100  	455.458	587.145	54.4628	1685.73 (52.198636154931648,)
247	100  	477.187	576.754	53.7557	1679.99 (52.198636154931648,)
248	100  	450.345	581.05 	55.2797	1648.86 (52.198636154931648,)
249	100  	449.011	579.057	53.3573	1671.59 (52.198636154931648,)
250	100  	454.711	586.951	52.4993	1696.46 (52.198636154931648,)
251	100  	467.387	585.776	54.5581	1682.23 (52.198636154931648,)
252	100  	458.74 	594.396	55.7449	1688.8  (52.198636154931648,)
253	100  	473.991	588.127	55.8388	1706.35 (52.198636154931648,)
254	100  	463.883	578.967	53.3849	1723.62 (52.198636154931648,)
255	100  	454.567	601.849	54.1758	1704.76 (52.198636154931648,)
256	100  	454.451	591.102	52.7572	1664.06 (52.198636154931648,)
257	100  	460.599	593.958	55.2306	1688.31 (52.198636154931648,)
258	100  	469.916	590.114	53.7531	1713.14 (52.198636154931648,)
259	100  	464.18 	590.544	53.053 	1673.35 (52.198636154931648,)
260	100  	480.018	587.18 	55.5774	1674.07 (52.198636154931648,)
261	100  	467.714	579.706	56.4562	1699.56 (52.198636154931648,)
262	100  	464.069	590.191	55.7404	1735.19 (52.198636154931648,)
263	100  	446.806	590.756	55.5999	1709.2  (52.198636154931648,)
264	100  	444.605	586.276	55.2874	1706.1  (52.198636154931648,)
265	100  	463.506	584.854	53.125 	1684.28 (52.198636154931648,)
266	100  	451.063	572.522	53.8667	1721.54 (52.198636154931648,)
267	100  	441.065	570.037	54.53  	1656.26 (52.198636154931648,)
268	100  	458.726	573.899	51.3304	1680.88 (51.330415137607055,)
269	100  	451.158	577.593	54.5112	1666.83 (51.330415137607055,)
270	100  	464.675	583.126	53.8639	1701.46 (51.330415137607055,)
271	100  	456.831	569.131	54.9017	1674.52 (51.330415137607055,)
272	100  	455.359	587.463	56.3576	1690.6  (51.330415137607055,)
273	100  	462.976	587.64 	55.4289	1692.5  (51.330415137607055,)
274	100  	469.217	602.596	53.3485	1682.14 (51.330415137607055,)
275	100  	457.264	578.547	53.69  	1671.62 (51.330415137607055,)
276	100  	449.744	586.223	54.1933	1659.96 (51.330415137607055,)
277	100  	450.1  	592.019	53.6318	1671.65 (51.330415137607055,)
278	100  	471.366	586.71 	53.6075	1698.56 (51.330415137607055,)
279	100  	461.904	578.127	54.4099	1724.67 (51.330415137607055,)
280	100  	450.822	589.809	52.1896	1672.75 (51.330415137607055,)
281	100  	464.285	590.424	55.2676	1663.49 (51.330415137607055,)
282	100  	455.87 	593.235	54.2484	1701.7  (51.330415137607055,)
283	100  	453.487	589.074	52.9247	1671.82 (51.330415137607055,)
284	100  	450.327	585.503	53.4909	1705.08 (51.330415137607055,)
285	100  	441.077	579.779	54.354 	1674.4  (51.330415137607055,)
286	100  	469.25 	585.084	53.7852	1677.01 (51.330415137607055,)
287	100  	454.958	588.3  	52.1876	1687.56 (51.330415137607055,)
288	100  	455.53 	582.73 	54.2188	1688.29 (51.330415137607055,)
289	100  	455.731	590.915	54.2959	1685.22 (51.330415137607055,)
290	100  	456.032	583.208	52.1084	1666    (51.330415137607055,)
291	100  	467.37 	580.954	55.3025	1690.01 (51.330415137607055,)
292	100  	455.321	571.061	54.526 	1668.68 (51.330415137607055,)
293	100  	458.158	583.377	53.3724	1664.55 (51.330415137607055,)
294	100  	467.951	571.921	53.5744	1662.36 (51.330415137607055,)
295	100  	451.052	578.814	52.5667	1697.57 (51.330415137607055,)
296	100  	461.681	593.058	51.7549	1719.49 (51.330415137607055,)
297	100  	468.322	589.275	52.4541	1701.24 (51.330415137607055,)
298	100  	467.521	586.689	53.0876	1700.01 (51.330415137607055,)
299	100  	454.228	575.715	52.257 	1710.88 (51.330415137607055,)
300	100  	467.328	595.52 	53.4684	1673.23 (51.330415137607055,)
301	100  	453.625	581.912	53.0311	1654.05 (51.330415137607055,)
302	100  	456.779	573.34 	53.1192	1729.22 (51.330415137607055,)
303	100  	449.659	587.711	53.4289	1715.86 (51.330415137607055,)
304	100  	458.986	605.044	52.6769	1691.61 (51.330415137607055,)
305	100  	466.072	582.753	53.0273	1711.98 (51.330415137607055,)
306	100  	460.173	596.851	52.8701	1686.28 (51.330415137607055,)
307	100  	460.1  	578.821	51.9737	1628.39 (51.330415137607055,)
308	100  	462.015	588.703	54.1759	1680.03 (51.330415137607055,)
309	100  	466.995	582.673	51.4053	1669.29 (51.330415137607055,)
310	100  	456.852	603.552	55.4392	1690.54 (51.330415137607055,)
311	100  	468.161	591.621	53.3916	1696.48 (51.330415137607055,)
312	100  	466.269	592.432	49.9435	1697.45 (49.94354138425161,)
313	100  	453.512	598.519	52.3019	1719.61 (49.94354138425161,)
314	100  	454.422	595.779	51.9497	1717.39 (49.94354138425161,)
315	100  	456.215	605.76 	50.4679	1723.22 (49.94354138425161,)
316	100  	469.74 	595.67 	52.7644	1693.22 (49.94354138425161,)
317	100  	452.285	593.455	55.0562	1710.39 (49.94354138425161,)
318	100  	446.978	602.08 	52.1922	1705.73 (49.94354138425161,)
319	100  	467.046	584.707	51.797 	1679.7  (49.94354138425161,)
320	100  	452.789	583.23 	52.3502	1672.48 (49.94354138425161,)
321	100  	463.836	580.413	51.6831	1703.1  (49.94354138425161,)
322	100  	449.623	591.986	55.4217	1709.25 (49.94354138425161,)
323	100  	468.293	589.985	52.8835	1667.05 (49.94354138425161,)
324	100  	466.335	599.476	53.2716	1708.54 (49.94354138425161,)
325	100  	446.372	582.762	52.6829	1665.42 (49.94354138425161,)
326	100  	458.418	579.448	53.7154	1650.23 (49.94354138425161,)
327	100  	448.885	589.535	50.4258	1712.37 (49.94354138425161,)
328	100  	453.181	599.889	53.3555	1721.88 (49.94354138425161,)
329	100  	457.771	590.661	50.6871	1684.93 (49.94354138425161,)
330	100  	437.464	588.502	51.7367	1742.04 (49.94354138425161,)
331	100  	461.388	582.682	51.6374	1677.39 (49.94354138425161,)
332	100  	453.845	596.392	49.4255	1686.07 (49.425539449329925,)
333	100  	466.194	599.312	51.6573	1716.98 (49.425539449329925,)
334	100  	463.88 	606.543	48.9015	1687.17 (48.901477450196978,)
335	100  	469.662	579.737	50.6566	1706.79 (48.901477450196978,)
336	100  	454.54 	595.147	51.6622	1734.63 (48.901477450196978,)
337	100  	447.669	593.899	50.093 	1702.78 (48.901477450196978,)
338	100  	471.209	595.231	49.8713	1708.72 (48.901477450196978,)
339	100  	458.381	595.944	52.1247	1675.62 (48.901477450196978,)
340	100  	466.506	596.49 	51.5011	1720.97 (48.901477450196978,)
341	100  	463.406	580.196	50.3354	1681.95 (48.901477450196978,)
342	100  	471.111	587.456	53.362 	1657.08 (48.901477450196978,)
343	100  	479.219	599.139	49.6321	1738.24 (48.901477450196978,)
344	100  	459.651	585.06 	50.4634	1692.78 (48.901477450196978,)
345	100  	465.357	596.397	52.0397	1700.65 (48.901477450196978,)
346	100  	466.774	596.632	51.5461	1690.06 (48.901477450196978,)
347	100  	454.686	602.386	51.9639	1674.39 (48.901477450196978,)
348	100  	476.192	598.799	52.7107	1693.22 (48.901477450196978,)
349	100  	456.758	592.9  	50.0704	1704.14 (48.901477450196978,)
350	100  	458.485	606.502	50.5525	1691.34 (48.901477450196978,)
351	100  	483.787	585.75 	51.2153	1689.71 (48.901477450196978,)
352	100  	463.518	588.986	51.102 	1666.38 (48.901477450196978,)
353	100  	454.989	592.74 	50.8784	1672.82 (48.901477450196978,)
354	100  	463.343	577.215	55.7409	1666.23 (48.901477450196978,)
355	100  	456.461	586.224	51.4295	1718.5  (48.901477450196978,)
356	100  	455.152	599.962	52.5656	1646.36 (48.901477450196978,)
357	100  	466.519	590.733	49.2923	1691.91 (48.901477450196978,)
358	100  	466.434	588.608	52.6134	1682.45 (48.901477450196978,)
359	100  	453.658	599.85 	50.9064	1685.32 (48.901477450196978,)
360	100  	461.481	593.813	49.4441	1684.09 (48.901477450196978,)
361	100  	465.495	600.906	50.3488	1702.95 (48.901477450196978,)
362	100  	454.811	586.707	54.1978	1677.83 (48.901477450196978,)
363	100  	463.262	596.152	49.1263	1706.73 (48.901477450196978,)
364	100  	459.117	588.024	52.0352	1701.3  (48.901477450196978,)
365	100  	454.231	609.382	50.3115	1717.16 (48.901477450196978,)
366	100  	473.942	597.151	52.7169	1663.82 (48.901477450196978,)
367	100  	465.491	582.084	51.0539	1666.37 (48.901477450196978,)
368	100  	449.627	595.149	48.8362	1702.8  (48.836191913451835,)
369	100  	450.876	591.682	48.9279	1670.28 (48.836191913451835,)
370	100  	458.24 	597.036	50.5267	1684.23 (48.836191913451835,)
371	100  	462.102	598.147	49.4239	1667.99 (48.836191913451835,)
372	100  	460.183	592.942	49.6336	1708.12 (48.836191913451835,)
373	100  	462.385	584.483	50.2545	1689.72 (48.836191913451835,)
374	100  	456.553	592.892	51.1375	1711.31 (48.836191913451835,)
375	100  	448.273	586.994	51.589 	1680.83 (48.836191913451835,)
376	100  	461.136	575.379	54.0582	1651    (48.836191913451835,)
377	100  	455.796	587.897	51.3422	1698.85 (48.836191913451835,)
378	100  	445.112	594.7  	53.0555	1679.41 (48.836191913451835,)
379	100  	468.385	589.583	48.9046	1683.2  (48.836191913451835,)
380	100  	460.71 	608.008	51.3398	1681.19 (48.836191913451835,)
381	100  	471.015	598.738	51.0188	1703.3  (48.836191913451835,)
382	100  	452.463	616.172	50.3989	1721.65 (48.836191913451835,)
383	100  	457.536	609.62 	52.3623	1694.49 (48.836191913451835,)
384	100  	455.204	599.553	51.9032	1695.63 (48.836191913451835,)
385	100  	458.113	589.471	49.607 	1664.7  (48.836191913451835,)
386	100  	457.803	603.992	51.6815	1677.28 (48.836191913451835,)
387	100  	475.756	589.378	50.1359	1702.1  (48.836191913451835,)
388	100  	456.154	594.801	51.3772	1687.58 (48.836191913451835,)
389	100  	458.074	600.452	48.9829	1679.96 (48.836191913451835,)
390	100  	468.813	603.812	51.8708	1705.48 (48.836191913451835,)
391	100  	454.27 	597.2  	52.6123	1686.35 (48.836191913451835,)
392	100  	452.227	592.275	51.7157	1712.76 (48.836191913451835,)
393	100  	443.421	599.11 	51.0157	1677.54 (48.836191913451835,)
394	100  	448.021	586.709	50.4403	1683.89 (48.836191913451835,)
395	100  	449.467	582.222	51.9922	1717.92 (48.836191913451835,)
396	100  	467.4  	600.95 	48.721 	1683.75 (48.72095012564241,)
397	100  	450.629	601.274	49.4692	1694.25 (48.72095012564241,)
398	100  	451.861	602.778	55.9701	1671.94 (48.72095012564241,)
399	100  	453.617	607.226	48.5631	1698.56 (48.563090355969784,)
400	100  	451.141	609.925	49.1586	1712.32 (48.563090355969784,)
401	100  	466.348	592.308	48.5556	1707.27 (48.55555029795066,)
402	100  	456.406	606.648	50.4266	1699.34 (48.55555029795066,)
403	100  	494.843	597.885	51.927 	1721.91 (48.55555029795066,)
404	100  	462.013	607.466	49.2401	1728.08 (48.55555029795066,)
405	100  	472.617	618.461	50.13  	1694.47 (48.55555029795066,)
406	100  	470.767	605.912	49.9113	1666.8  (48.55555029795066,)
407	100  	474.843	602.433	53.1768	1708.02 (48.55555029795066,)
408	100  	452.839	612.634	48.1391	1714.73 (48.139064910561814,)
409	100  	466.775	614.011	49.5347	1696.85 (48.139064910561814,)
410	100  	464.058	604.374	48.9687	1694.16 (48.139064910561814,)
411	100  	459.577	595.19 	49.1279	1687.61 (48.139064910561814,)
412	100  	450.134	593.014	50.7702	1706.51 (48.139064910561814,)
413	100  	463.295	605.698	48.5833	1728.25 (48.139064910561814,)
414	100  	468.002	579.98 	50.112 	1710.51 (48.139064910561814,)
415	100  	453.974	595.091	50.039 	1684.01 (48.139064910561814,)
416	100  	455.405	598.621	50.3838	1707.67 (48.139064910561814,)
417	100  	454.519	594.208	49.4777	1737.81 (48.139064910561814,)
418	100  	475.348	596.986	52.2026	1694.05 (48.139064910561814,)
419	100  	465.4  	612.017	48.2997	1708.9  (48.139064910561814,)
420	100  	472.778	584.939	50.5349	1718.43 (48.139064910561814,)
421	100  	458.763	588.302	51.3002	1703.53 (48.139064910561814,)
422	100  	467.492	598.549	49.0171	1722.02 (48.139064910561814,)
423	100  	453.172	605.809	50.7843	1734.91 (48.139064910561814,)
424	100  	474.242	601.329	52.7514	1711.92 (48.139064910561814,)
425	100  	454.165	597.311	49.6043	1707.57 (48.139064910561814,)
426	100  	468.456	598.563	49.7118	1699.01 (48.139064910561814,)
427	100  	479.481	596.439	50.4177	1706.35 (48.139064910561814,)
428	100  	475.272	610.36 	49.9012	1731.89 (48.139064910561814,)
429	100  	484.147	594.028	51.2784	1678.68 (48.139064910561814,)
430	100  	451.623	600.935	51.8344	1701.02 (48.139064910561814,)
431	100  	460.903	593.325	48.6307	1697.7  (48.139064910561814,)
432	100  	468.256	597.508	50.1338	1710.79 (48.139064910561814,)
433	100  	455.927	596.166	49.9184	1706.65 (48.139064910561814,)
434	100  	486.492	590.383	48.2349	1689.98 (48.139064910561814,)
435	100  	445.113	597.77 	48.0505	1716.21 (48.050500163451972,)
436	100  	446.501	603.456	48.5548	1672.09 (48.050500163451972,)
437	100  	462.78 	599.226	47.6307	1697.36 (47.630651246406089,)
438	100  	457.3  	589.516	46.9611	1652.97 (46.961109022522074,)
439	100  	457.526	578.345	50.043 	1647.25 (46.961109022522074,)
440	100  	472.421	594.428	48.7623	1707.33 (46.961109022522074,)
441	100  	456.885	588.827	48.0597	1698.1  (46.961109022522074,)
442	100  	453.913	586.101	46.9525	1689.15 (46.952495214962028,)
443	100  	433.654	588.686	50.9064	1659.27 (46.952495214962028,)
444	100  	455.012	587.583	48.0011	1729.28 (46.952495214962028,)
445	100  	440.474	573.799	52.4746	1683.38 (46.952495214962028,)
446	100  	450.972	580.881	47.6946	1696.24 (46.952495214962028,)
447	100  	460.009	577.517	48.4985	1662.06 (46.952495214962028,)
448	100  	451.427	591.084	48.3891	1672.65 (46.952495214962028,)
449	100  	461.302	591.879	50.0592	1687.95 (46.952495214962028,)
450	100  	459.257	591.946	48.4295	1704.77 (46.952495214962028,)
451	100  	458.86 	596.731	48.9882	1661.96 (46.952495214962028,)
452	100  	463.48 	592.61 	48.6255	1671.57 (46.952495214962028,)
453	100  	462.032	591.079	49.6964	1689    (46.952495214962028,)
454	100  	462.859	596.052	49.2635	1653.28 (46.952495214962028,)
455	100  	473.853	588.382	52.8483	1738.55 (46.952495214962028,)
456	100  	455.894	582.157	46.4992	1676.37 (46.499243967415644,)
457	100  	449.655	601.896	46.9715	1690.92 (46.499243967415644,)
458	100  	465.986	602.123	49.9446	1682.14 (46.499243967415644,)
459	100  	461.404	598.007	48.4122	1710.39 (46.499243967415644,)
460	100  	461.153	613.991	48.1445	1722.78 (46.499243967415644,)
461	100  	445.165	596.346	47.3178	1703.42 (46.499243967415644,)
462	100  	439.05 	603.173	47.9604	1749.02 (46.499243967415644,)
463	100  	446.633	603.578	50.3627	1699.39 (46.499243967415644,)
464	100  	465.863	604.245	48.0295	1699.77 (46.499243967415644,)
465	100  	449.738	605.991	48.5939	1667.06 (46.499243967415644,)
466	100  	445.82 	599.426	47.3973	1711.14 (46.499243967415644,)
467	100  	454.118	600.179	48.7909	1708.71 (46.499243967415644,)
468	100  	458.459	599.375	50.949 	1687.49 (46.499243967415644,)
469	100  	466.594	593.812	48.6634	1704.55 (46.499243967415644,)
470	100  	456.206	581.871	51.9055	1724.18 (46.499243967415644,)
471	100  	458.58 	597.625	47.9133	1741.18 (46.499243967415644,)
472	100  	440.687	592.913	46.4856	1701.77 (46.485628027080729,)
473	100  	445.327	597.002	48.5639	1703.07 (46.485628027080729,)
474	100  	456.02 	589.291	47.1262	1680.4  (46.485628027080729,)
475	100  	450.279	593.073	48.1933	1700.52 (46.485628027080729,)
476	100  	454.228	593.105	48.1044	1703.28 (46.485628027080729,)
477	100  	453.972	589.783	49.8831	1685.88 (46.485628027080729,)
478	100  	448.195	599.982	47.7216	1706.35 (46.485628027080729,)
479	100  	442.16 	598.494	48.5183	1688.68 (46.485628027080729,)
480	100  	445.059	593.9  	48.1858	1673.16 (46.485628027080729,)
481	100  	435.477	584.545	47.7155	1710.23 (46.485628027080729,)
482	100  	450.271	582.594	48.2416	1655.44 (46.485628027080729,)
483	100  	427.435	589.38 	48.5174	1661.47 (46.485628027080729,)
484	100  	438.257	588.69 	48.0882	1697.29 (46.485628027080729,)
485	100  	433.895	589.095	47.7075	1690.39 (46.485628027080729,)
486	100  	429.963	591.287	46.9111	1704.18 (46.485628027080729,)
487	100  	424.192	590.959	47.1405	1710.12 (46.485628027080729,)
488	100  	451.599	591.344	47.3603	1706.63 (46.485628027080729,)
489	100  	420.234	595.054	48.3893	1694.46 (46.485628027080729,)
490	100  	439.695	601.351	47.1265	1720.13 (46.485628027080729,)
491	100  	425.572	596.895	47.688 	1679.66 (46.485628027080729,)
492	100  	432.896	596.578	47.257 	1700.63 (46.485628027080729,)
493	100  	440.349	588.798	47.971 	1734.15 (46.485628027080729,)
494	100  	437.016	604.984	47.077 	1712.49 (46.485628027080729,)
495	100  	444.596	607.945	46.7837	1725.1  (46.485628027080729,)
496	100  	444.51 	597.376	47.3744	1679.14 (46.485628027080729,)
497	100  	448.605	590.057	49.2934	1673.67 (46.485628027080729,)
498	100  	424.339	581.462	47.8341	1683.67 (46.485628027080729,)
499	100  	428.548	574.93 	48.2181	1702.75 (46.485628027080729,)
