In file included from /usr/lib/python2.7/dist-packages/numpy/core/include/numpy/ndarraytypes.h:1761:0,
                 from /usr/lib/python2.7/dist-packages/numpy/core/include/numpy/ndarrayobject.h:17,
                 from /usr/lib/python2.7/dist-packages/numpy/core/include/numpy/arrayobject.h:4,
                 from /home/pinojc/.cache/scipy/python27_compiled/sc_9bade30717731f645b30a512f757f0fa1810.cpp:22:
/usr/lib/python2.7/dist-packages/numpy/core/include/numpy/npy_1_7_deprecated_api.h:15:2: warning: #warning "Using deprecated NumPy API, disable it by " "#defining NPY_NO_DEPRECATED_API NPY_1_7_API_VERSION" [-Wcpp]
 #warning "Using deprecated NumPy API, disable it by " \
  ^
gen	evals	avg    	std    	min    	max    
0  	100  	1122.86	327.929	469.369	1810.32 (469.36872715031052,)
1  	100  	1124.93	308.128	487.743	1790.39 (469.36872715031052,)
2  	100  	1062   	297.527	499.203	1725.16 (469.36872715031052,)
3  	100  	1004.26	288.265	396.1  	1634.73 (396.09962170970664,)
4  	100  	907.945	275.779	419.484	1543.53 (396.09962170970664,)
5  	100  	795.931	273.537	352.178	1599.02 (352.17827964795737,)
6  	100  	708.239	247.091	361.496	1556.83 (352.17827964795737,)
7  	100  	623.095	260.017	324.983	1579.03 (324.982816236274,)
8  	100  	531.436	283.936	275.761	1594.22 (275.76072556028964,)
9  	100  	463.789	297.21 	243.342	1634.98 (243.34200318223955,)
10 	100  	410.565	278.049	221.4  	1572.36 (221.39984633556682,)
11 	100  	379.725	289.95 	202.682	1625.71 (202.68220648555152,)
12 	100  	343.693	276.721	190.922	1633.31 (190.9219926307411,)
13 	100  	326.645	266.679	185.505	1662.01 (185.50473362514265,)
14 	100  	319.08 	283.996	171.222	1693.3  (171.22224987574563,)
15 	100  	290.874	275.331	164.209	1605.72 (164.20906644034767,)
16 	100  	276.094	257.582	158.932	1579.33 (158.93198613590818,)
17 	100  	258.76 	228.79 	154.581	1506.45 (154.5813200067827,)
18 	100  	249.699	229.316	152.158	1512.34 (152.1584045927697,)
19 	100  	243.538	229.833	146.26 	1641.46 (146.26020529519107,)
20 	100  	245.626	217.927	148.487	1510.44 (146.26020529519107,)
21 	100  	243.825	233.896	145.771	1592.49 (145.77080878521465,)
22 	100  	233.38 	211.996	141.755	1713.47 (141.7547032080854,)
23 	100  	225.562	205.59 	140.906	1627.16 (140.90641261590432,)
24 	100  	222.048	206.789	136.027	1641.94 (136.02664287186406,)
25 	100  	220.065	206.168	132.777	1655.41 (132.77692087656212,)
26 	100  	208.535	204.124	129.943	1588.92 (129.94286013613549,)
27 	100  	205.369	205.901	132.939	1565.13 (129.94286013613549,)
28 	100  	210.252	201.312	130.814	1623.4  (129.94286013613549,)
29 	100  	206.599	190.236	128.62 	1594.84 (128.62009128270716,)
30 	100  	201.111	206.065	127.643	1594    (127.64343932757986,)
31 	100  	202.848	202.513	122.591	1661.79 (122.59083654597856,)
32 	100  	201.848	196.876	119.559	1612.19 (119.55945996737346,)
33 	100  	194.449	188.44 	110.318	1608.83 (110.31778854761384,)
34 	100  	193.944	205.404	106.024	1613.59 (106.02403112155083,)
35 	100  	196.162	208.793	100.12 	1626.14 (100.12011104850659,)
36 	100  	186.612	199.222	93.1081	1652.05 (93.10808765945319,)
37 	100  	194.939	207.732	89.3676	1632.66 (89.367587404691236,)
38 	100  	180.432	206.32 	81.2452	1628.95 (81.245214079428578,)
39 	100  	175.934	201.996	82.7496	1449.1  (81.245214079428578,)
40 	100  	168.639	184.281	79.5661	1365.65 (79.566138634264831,)
41 	100  	159.241	151.029	78.1886	1149.91 (78.188572699610575,)
42 	100  	158.845	140.466	76.4531	1196.04 (76.453117145496023,)
43 	100  	154.461	133.217	79.6777	1122.47 (76.453117145496023,)
44 	100  	154.23 	141.108	74.7751	1327.68 (74.775092865847085,)
45 	100  	137.062	121.741	73.93  	1231.38 (73.929973770590749,)
46 	100  	142.848	124.687	64.7289	1270.86 (64.728915216370964,)
47 	100  	139.314	151.816	61.4353	1495.89 (61.435316286453521,)
48 	100  	143.806	143.706	61.7762	1404.97 (61.435316286453521,)
49 	100  	145.189	144.405	57.4969	1399.31 (57.496930562557878,)
50 	100  	147.803	151.451	50.1793	1407.38 (50.17927740312129,)
51 	100  	139.333	139.974	40.0217	1289.31 (40.021706380006535,)
52 	100  	164.172	175.085	43.5068	1487.68 (40.021706380006535,)
53 	100  	184.204	174.737	44.1401	1404.56 (40.021706380006535,)
54 	100  	150.273	150.216	43.9961	1322.17 (40.021706380006535,)
55 	100  	155.389	139.999	40.7989	1331.72 (40.021706380006535,)
56 	100  	161.89 	162.536	44.3393	1518.21 (40.021706380006535,)
57 	100  	165.538	164.2  	40.9839	1395.38 (40.021706380006535,)
58 	100  	150.393	143.945	40.1955	1276.51 (40.021706380006535,)
59 	100  	163.831	160.704	37.4961	1376.45 (37.496103644199735,)
60 	100  	160.382	170.879	39.3951	1443.46 (37.496103644199735,)
61 	100  	169.947	182.062	39.4963	1539.29 (37.496103644199735,)
62 	100  	153.57 	164.264	36.2242	1438.93 (36.224153765251316,)
63 	100  	154.1  	169.43 	38.76  	1521.88 (36.224153765251316,)
64 	100  	162.742	150.374	37.0878	1278.76 (36.224153765251316,)
65 	100  	175.741	164.239	37.6656	1377.84 (36.224153765251316,)
66 	100  	154.193	148.909	38.6128	1214.43 (36.224153765251316,)
67 	100  	167.047	161.42 	39.303 	1215.17 (36.224153765251316,)
68 	100  	174.244	169.632	40.7881	1411.63 (36.224153765251316,)
69 	100  	164.194	150.335	34.3154	1345.92 (34.315365386843823,)
70 	100  	158.946	163.799	36.1393	1132.59 (34.315365386843823,)
71 	100  	167.413	143.923	40.1672	1290.94 (34.315365386843823,)
72 	100  	171.973	173.63 	34.3315	1296.42 (34.315365386843823,)
73 	100  	150.091	147.085	33.7613	1340.94 (33.761322333913121,)
74 	100  	163.367	159.639	31.7569	1377.24 (31.756902783904081,)
75 	100  	184.062	189.274	32.0157	1504.75 (31.756902783904081,)
76 	100  	166.122	161.622	29.4109	1317.9  (29.410879487566866,)
77 	100  	162.065	180.215	29.3539	1398.93 (29.353865926002989,)
78 	100  	191.023	183.326	29.7703	1550.82 (29.353865926002989,)
79 	100  	178.363	168.002	29.5176	1432.2  (29.353865926002989,)
80 	100  	166.467	152.999	35.2552	1257.7  (29.353865926002989,)
81 	100  	166.97 	151.672	33.411 	1295.14 (29.353865926002989,)
82 	100  	185.75 	175.51 	31.5391	1515.09 (29.353865926002989,)
83 	100  	195.881	196.084	30.4617	1563.71 (29.353865926002989,)
84 	100  	192.029	181.449	34.909 	1340.65 (29.353865926002989,)
85 	100  	179.878	182.502	34.0056	1440.83 (29.353865926002989,)
86 	100  	171.185	170.219	29.4443	1276.98 (29.353865926002989,)
87 	100  	173.715	167.754	34.0992	1348.92 (29.353865926002989,)
88 	100  	177.926	144.725	30.3182	1216.31 (29.353865926002989,)
89 	100  	185.047	148.093	30.9255	1148.22 (29.353865926002989,)
90 	100  	180.605	150.995	30.4296	1228.45 (29.353865926002989,)
91 	100  	164.545	154.283	32.5193	1315.49 (29.353865926002989,)
92 	100  	164.424	169.744	25.3005	1138.47 (25.300526943356171,)
93 	100  	147.024	158.79 	31.423 	1409.37 (25.300526943356171,)
94 	100  	177.298	179.391	28.8496	1423.86 (25.300526943356171,)
95 	100  	179.192	169.64 	23.6074	1451.91 (23.607370060318612,)
96 	100  	163.551	152.599	26.4814	1279.27 (23.607370060318612,)
97 	100  	165.875	149.639	26.7278	1312.08 (23.607370060318612,)
98 	100  	164.93 	167.762	25.4967	1305.3  (23.607370060318612,)
99 	100  	169.003	161.328	24.4928	1310.88 (23.607370060318612,)
100	100  	151.621	163.841	24.2725	1422.53 (23.607370060318612,)
101	100  	152.413	161.961	25.6993	1407.84 (23.607370060318612,)
102	100  	182.822	172.825	25.0593	1414.87 (23.607370060318612,)
103	100  	165.441	158.705	21.3085	1334.14 (21.308467163027661,)
104	100  	178.054	168.195	26.0551	1469.19 (21.308467163027661,)
105	100  	161.163	159.729	21.0281	1273.06 (21.028114083025713,)
106	100  	191.196	190.267	23.4847	1477.48 (21.028114083025713,)
107	100  	166.166	185.242	23.8991	1406.99 (21.028114083025713,)
108	100  	153.31 	165.907	18.1856	1342.05 (18.185645624992986,)
109	100  	172.418	178.281	28.9332	1546.7  (18.185645624992986,)
110	100  	183.267	189.694	20.8828	1515.95 (18.185645624992986,)
111	100  	174.303	176.329	27.715 	1568.93 (18.185645624992986,)
112	100  	178.535	183.433	27.6157	1469.65 (18.185645624992986,)
113	100  	179.309	176.155	27.1715	1432.45 (18.185645624992986,)
114	100  	181.076	171.141	25.3773	1379.6  (18.185645624992986,)
115	100  	182.247	165.03 	20.9551	1341.9  (18.185645624992986,)
116	100  	169.235	187.863	23.2113	1543.33 (18.185645624992986,)
117	100  	163.01 	173.063	23.9457	1470.98 (18.185645624992986,)
118	100  	184.242	176.002	20.0702	1279.74 (18.185645624992986,)
119	100  	201.824	176.115	19.7149	1297.24 (18.185645624992986,)
120	100  	179.554	163.592	22.2139	1317.23 (18.185645624992986,)
121	100  	157.86 	177.872	30.0006	1436.25 (18.185645624992986,)
122	100  	174.823	177.651	22.4112	1341.13 (18.185645624992986,)
123	100  	170.814	160.886	19.5884	1217.65 (18.185645624992986,)
124	100  	182.118	189.083	22.2031	1392.68 (18.185645624992986,)
125	100  	186.029	191.301	18.2662	1527.18 (18.185645624992986,)
126	100  	180.342	183.918	16.7858	1588.92 (16.785811779514841,)
127	100  	166.276	167.694	20.0153	1332.97 (16.785811779514841,)
128	100  	173.2  	174.059	18.5243	1444.93 (16.785811779514841,)
129	100  	177.917	167.947	20.7819	1330.5  (16.785811779514841,)
130	100  	182.914	160.317	20.8785	1355.23 (16.785811779514841,)
131	100  	204.025	188.985	20.9164	1163.23 (16.785811779514841,)
132	100  	185.05 	156.863	22.92  	1140.05 (16.785811779514841,)
133	100  	179.999	185.92 	17.8053	1367.98 (16.785811779514841,)
134	100  	187.392	199.97 	19.0084	1397.29 (16.785811779514841,)
135	100  	201.304	182.101	24.4209	1352.04 (16.785811779514841,)
136	100  	184.715	169.088	19.8905	1359.96 (16.785811779514841,)
137	100  	177.638	171.251	16.3528	1249.02 (16.352796756220155,)
138	100  	201.767	179.967	21.7926	1164.48 (16.352796756220155,)
139	100  	183.753	191.355	17.6622	1183.44 (16.352796756220155,)
140	100  	192.993	175.485	25.5988	1345.25 (16.352796756220155,)
141	100  	215.31 	194.052	17.8687	1345.7  (16.352796756220155,)
142	100  	190.759	192.093	22.3099	1413.07 (16.352796756220155,)
143	100  	185.13 	196.573	16.2559	1404.9  (16.255906849989028,)
144	100  	170.015	161.145	18.9112	1255.06 (16.255906849989028,)
145	100  	169.726	170.903	22.1727	1463.38 (16.255906849989028,)
146	100  	166.306	195.847	21.9369	1430.28 (16.255906849989028,)
147	100  	170.843	179.794	20.1151	1295.46 (16.255906849989028,)
148	100  	189.71 	182.216	16.8408	1437.13 (16.255906849989028,)
149	100  	206.214	191.62 	19.51  	1475.33 (16.255906849989028,)
150	100  	184.684	179.109	21.5866	1443.68 (16.255906849989028,)
151	100  	166.616	180.847	19.9006	1453.1  (16.255906849989028,)
152	100  	172.153	155.866	18.4523	1313.77 (16.255906849989028,)
153	100  	173.871	170.707	23.892 	1304.5  (16.255906849989028,)
154	100  	174.729	164.831	22.9651	1297.63 (16.255906849989028,)
155	100  	173.367	151.572	24.5208	1231.71 (16.255906849989028,)
156	100  	193.179	189.387	20.0112	1122.04 (16.255906849989028,)
157	100  	164.57 	151.759	19.5109	1178.8  (16.255906849989028,)
158	100  	161.265	155.79 	21.1473	1320.73 (16.255906849989028,)
159	100  	163.167	157.521	17.1604	1278.26 (16.255906849989028,)
160	100  	169.193	157.68 	18.0351	1169.39 (16.255906849989028,)
161	100  	171.642	184.491	17.8984	1397.64 (16.255906849989028,)
162	100  	184.137	179.101	17.823 	1415.11 (16.255906849989028,)
163	100  	166.571	171.22 	17.3479	1415.75 (16.255906849989028,)
164	100  	156.148	154.773	15.1306	1146.7  (15.130647612423459,)
165	100  	177.618	189.58 	24.1698	1371.1  (15.130647612423459,)
166	100  	187.828	189.97 	19.6523	1433.29 (15.130647612423459,)
167	100  	185.92 	171.69 	19.1406	1324.23 (15.130647612423459,)
168	100  	210.733	192.688	15.7554	1382.23 (15.130647612423459,)
169	100  	200.836	204.494	21.8569	1435.53 (15.130647612423459,)
170	100  	195.771	169.16 	17.6721	1323.29 (15.130647612423459,)
171	100  	201.661	191.121	23.8768	1492.59 (15.130647612423459,)
172	100  	184.721	165.653	15.9136	1360.63 (15.130647612423459,)
173	100  	215.508	202.721	20.6884	1413.49 (15.130647612423459,)
174	100  	192.772	194.084	20.0508	1281.61 (15.130647612423459,)
175	100  	187.679	194.34 	22.7488	1545.77 (15.130647612423459,)
176	100  	190.418	202.056	16.9146	1377.42 (15.130647612423459,)
177	100  	176.66 	186.486	16.1691	1435.75 (15.130647612423459,)
178	100  	195.321	193.014	22.5396	1428.5  (15.130647612423459,)
179	100  	185.687	172.138	21.2786	1351.68 (15.130647612423459,)
180	100  	173.82 	167.732	15.8075	1300.29 (15.130647612423459,)
181	100  	200.758	199.939	18.6955	1498.56 (15.130647612423459,)
182	100  	199.109	195.641	17.5833	1512.8  (15.130647612423459,)
183	100  	181.538	203.723	17.4583	1541.85 (15.130647612423459,)
184	100  	173.129	180.856	17.6228	1499.77 (15.130647612423459,)
185	100  	193.427	173.923	20.3489	1400.35 (15.130647612423459,)
186	100  	192.152	187.549	22.795 	1419.42 (15.130647612423459,)
187	100  	201.19 	184.961	21.0964	1460.35 (15.130647612423459,)
188	100  	191.245	193.653	15.2323	1427.43 (15.130647612423459,)
189	100  	190.231	179.139	16.767 	1400.2  (15.130647612423459,)
190	100  	175.498	195.262	16.8507	1444.92 (15.130647612423459,)
191	100  	193.011	176.222	21.4416	1322.7  (15.130647612423459,)
192	100  	197.545	179.102	17.8422	1378.83 (15.130647612423459,)
193	100  	186.01 	182.999	18.8019	1428.85 (15.130647612423459,)
194	100  	178.37 	169.213	21.0419	1301.88 (15.130647612423459,)
195	100  	207.039	184.544	21.5858	1425.23 (15.130647612423459,)
196	100  	208.557	198.714	18.412 	1484.06 (15.130647612423459,)
197	100  	198.468	191.72 	20.5766	1502.86 (15.130647612423459,)
198	100  	171.465	177.479	19.5783	1501.43 (15.130647612423459,)
199	100  	158.576	178.338	16.8263	1517.61 (15.130647612423459,)
200	100  	178.911	183.036	19.3791	1269.24 (15.130647612423459,)
201	100  	176.779	162.366	18.8655	1233.68 (15.130647612423459,)
202	100  	177.389	184.697	18.4116	1501.93 (15.130647612423459,)
203	100  	192.399	203.178	20.1907	1430.81 (15.130647612423459,)
204	100  	175.238	155.975	19.82  	1373.07 (15.130647612423459,)
205	100  	214.332	178.735	22.0762	1366.32 (15.130647612423459,)
206	100  	184.005	173.136	18.9035	1346.53 (15.130647612423459,)
207	100  	174.264	180.956	17.4795	1514.62 (15.130647612423459,)
208	100  	192.361	190.649	18.1282	1434.36 (15.130647612423459,)
209	100  	198.554	179.707	17.7416	1480.1  (15.130647612423459,)
210	100  	202.29 	214.009	17.4437	1575.8  (15.130647612423459,)
211	100  	183.669	175.458	18.7858	1384.88 (15.130647612423459,)
212	100  	161.372	175.893	16.6571	1488.4  (15.130647612423459,)
213	100  	176.057	167.405	19.4496	1424.64 (15.130647612423459,)
214	100  	176.754	163.801	17.8815	1451.02 (15.130647612423459,)
215	100  	194.187	184.356	17.2134	1392.51 (15.130647612423459,)
216	100  	198.947	178.519	21.7076	1556.96 (15.130647612423459,)
217	100  	199.08 	181.473	20.493 	1380.24 (15.130647612423459,)
218	100  	195.631	183.513	16.8872	1440.22 (15.130647612423459,)
219	100  	190.926	173.955	17.2138	1393.31 (15.130647612423459,)
220	100  	188.133	181.635	18.8005	1368.49 (15.130647612423459,)
221	100  	155.411	151.488	18.1714	1251.02 (15.130647612423459,)
222	100  	184.615	171.531	26.111 	1402.94 (15.130647612423459,)
223	100  	195.301	181.493	21.0968	1329.61 (15.130647612423459,)
224	100  	200.914	174.743	19.7108	1360.17 (15.130647612423459,)
225	100  	203.148	168.984	20.2932	1299.59 (15.130647612423459,)
226	100  	182.819	167.037	23.3958	1340.12 (15.130647612423459,)
227	100  	189.428	201.006	17.9497	1501.93 (15.130647612423459,)
228	100  	175.219	169.823	17.2858	1293.33 (15.130647612423459,)
229	100  	180.005	182.535	20.5768	1467.91 (15.130647612423459,)
230	100  	184.624	166.518	24.2693	1287.28 (15.130647612423459,)
231	100  	183.821	189.415	14.9029	1396.99 (14.902862499699991,)
232	100  	182.653	171.543	21.702 	1435.29 (14.902862499699991,)
233	100  	200.811	189.243	16.5479	1390.27 (14.902862499699991,)
234	100  	181.806	170.758	17.0937	1346.53 (14.902862499699991,)
235	100  	182.483	185.784	19.3956	1466.8  (14.902862499699991,)
236	100  	177.821	181.442	16.0443	1340.18 (14.902862499699991,)
237	100  	161.869	171.069	15.9469	1485.91 (14.902862499699991,)
238	100  	188.863	178.472	16.6664	1443.59 (14.902862499699991,)
239	100  	158.043	173.833	20.154 	1387.28 (14.902862499699991,)
240	100  	192.821	186.732	24.4951	1458.98 (14.902862499699991,)
241	100  	171.167	167.656	14.9425	1443.33 (14.902862499699991,)
242	100  	199.973	178.738	26.2241	1458.73 (14.902862499699991,)
243	100  	184.02 	197.807	20.9506	1571.03 (14.902862499699991,)
244	100  	173.093	171.382	14.9914	1406.71 (14.902862499699991,)
245	100  	193.785	210.148	13.4498	1578.31 (13.449760646560508,)
246	100  	190.823	184.194	18.5118	1380.87 (13.449760646560508,)
247	100  	169.252	184.471	11.7908	1569.97 (11.790790902636529,)
248	100  	156.949	175.868	16.7813	1428.65 (11.790790902636529,)
249	100  	153.081	159.023	14.8009	1261.02 (11.790790902636529,)
250	100  	142.578	159.208	16.9538	1448.12 (11.790790902636529,)
251	100  	185.521	196.067	12.6636	1516.73 (11.790790902636529,)
252	100  	203.771	179.19 	18.2784	1262.42 (11.790790902636529,)
253	100  	197.692	191.283	13.7134	1352.92 (11.790790902636529,)
254	100  	203.087	199.68 	16.3429	1429.18 (11.790790902636529,)
255	100  	187.768	185.696	14.9387	1489.36 (11.790790902636529,)
256	100  	185.983	180.627	14.5158	1437.29 (11.790790902636529,)
257	100  	189.612	183.703	16.0315	1351.09 (11.790790902636529,)
258	100  	213.461	214.313	18.0386	1341.62 (11.790790902636529,)
259	100  	188.357	185.4  	23.8852	1436.68 (11.790790902636529,)
260	100  	191.355	195.507	17.263 	1517.45 (11.790790902636529,)
261	100  	184.554	171.374	19.7312	1451.4  (11.790790902636529,)
262	100  	183.036	182.329	17.9882	1383.21 (11.790790902636529,)
263	100  	182.994	169.054	15.9963	1439.98 (11.790790902636529,)
264	100  	189.99 	195.996	21.0848	1397.68 (11.790790902636529,)
265	100  	191.196	193.12 	19.3737	1555.77 (11.790790902636529,)
266	100  	179.122	170.317	16.3259	1350.14 (11.790790902636529,)
267	100  	173.043	165.08 	17.9055	1254.42 (11.790790902636529,)
268	100  	193.522	189.141	17.556 	1374.88 (11.790790902636529,)
269	100  	182.999	177.749	20.2316	1393.61 (11.790790902636529,)
270	100  	185.278	170.976	17.09  	1297.75 (11.790790902636529,)
271	100  	171.892	177.945	18.0555	1429.16 (11.790790902636529,)
272	100  	184.3  	186.518	15.984 	1531.83 (11.790790902636529,)
273	100  	184.743	178.826	15.1855	1452.14 (11.790790902636529,)
274	100  	197.887	187.747	17.9835	1460.11 (11.790790902636529,)
275	100  	192.562	191.723	16.9173	1558.97 (11.790790902636529,)
276	100  	178.474	189.847	20.3151	1582.74 (11.790790902636529,)
277	100  	206.395	215.701	17.3034	1361.17 (11.790790902636529,)
278	100  	210.415	195.592	23.875 	1550.08 (11.790790902636529,)
279	100  	194.682	187.871	15.8222	1370.91 (11.790790902636529,)
280	100  	208.153	195.796	17.7859	1480.45 (11.790790902636529,)
281	100  	183.389	171.112	13.737 	1437.62 (11.790790902636529,)
282	100  	216.491	190.482	16.9715	1456.68 (11.790790902636529,)
283	100  	179.206	183.981	21.6075	1269    (11.790790902636529,)
284	100  	190.969	189.854	19.9351	1526.08 (11.790790902636529,)
285	100  	195.791	175.153	13.4312	1403.39 (11.790790902636529,)
286	100  	199.212	191.582	14.7316	1428.25 (11.790790902636529,)
287	100  	188.774	194.178	13.8867	1554.01 (11.790790902636529,)
288	100  	196.317	202.966	20.6771	1500.01 (11.790790902636529,)
289	100  	171.972	175.693	17.8745	1438.29 (11.790790902636529,)
290	100  	186.466	193.275	13.2629	1471.23 (11.790790902636529,)
291	100  	173.5  	179.7  	16.4334	1518.2  (11.790790902636529,)
292	100  	189.945	189.692	13.6468	1464.45 (11.790790902636529,)
293	100  	190.6  	199.798	12.4348	1515.75 (11.790790902636529,)
294	100  	193.133	179.813	15.7848	1322.81 (11.790790902636529,)
295	100  	200.791	184.526	16.4973	1373.08 (11.790790902636529,)
296	100  	179.047	170.624	17.8486	1395.18 (11.790790902636529,)
297	100  	193.326	187.756	20.1618	1474.53 (11.790790902636529,)
298	100  	181.487	171.714	24.895 	1321.05 (11.790790902636529,)
299	100  	179.536	163.913	13.9346	1158.41 (11.790790902636529,)
300	100  	175.791	180.418	15.0509	1357.95 (11.790790902636529,)
301	100  	174.179	189.822	16.0077	1490.76 (11.790790902636529,)
302	100  	151.907	165.599	13.4146	1462.93 (11.790790902636529,)
303	100  	176.727	151.494	19.8339	1175.98 (11.790790902636529,)
304	100  	183.914	177.805	15.5296	1431.82 (11.790790902636529,)
305	100  	200.606	193.666	17.8509	1480.75 (11.790790902636529,)
306	100  	184.237	179.248	15.989 	1281.22 (11.790790902636529,)
307	100  	170.721	169.966	17.7964	1441.88 (11.790790902636529,)
308	100  	182.871	176.441	16.5955	1446.49 (11.790790902636529,)
309	100  	177.398	175.395	16.6044	1449.09 (11.790790902636529,)
310	100  	198.416	197.398	12.195 	1309.76 (11.790790902636529,)
311	100  	199.432	188.911	15.6062	1480.12 (11.790790902636529,)
312	100  	178.812	214.29 	14.8857	1493.25 (11.790790902636529,)
313	100  	197.817	177.586	16.6485	1385.06 (11.790790902636529,)
314	100  	165.302	153.104	12.9379	1169.28 (11.790790902636529,)
315	100  	175.681	179.133	14.0554	1436.66 (11.790790902636529,)
316	100  	186.047	200.782	16.4166	1412.77 (11.790790902636529,)
317	100  	187.024	200.11 	16.079 	1412    (11.790790902636529,)
318	100  	181.31 	173.64 	12.8976	1441.51 (11.790790902636529,)
319	100  	188.818	187.165	18.6419	1588.73 (11.790790902636529,)
320	100  	173.21 	168.62 	16.6297	1383.51 (11.790790902636529,)
321	100  	166.339	165.167	16.1394	1374.43 (11.790790902636529,)
322	100  	179.573	159.615	13.7721	1324.8  (11.790790902636529,)
323	100  	163.593	176.947	13.6821	1374.89 (11.790790902636529,)
324	100  	168.177	181.155	11.613 	1426.51 (11.612972235498345,)
325	100  	166.926	174.445	15.8682	1240.76 (11.612972235498345,)
326	100  	187.097	199.277	15.3781	1347.36 (11.612972235498345,)
327	100  	184.483	173.852	14.1622	1434.76 (11.612972235498345,)
328	100  	226.575	208.025	17.624 	1499.65 (11.612972235498345,)
329	100  	189.57 	174.093	12.4561	1507.11 (11.612972235498345,)
330	100  	198.72 	206.28 	15.173 	1520.58 (11.612972235498345,)
331	100  	193.704	173.937	17.0916	1414.33 (11.612972235498345,)
332	100  	197.649	192.526	18.1352	1484.65 (11.612972235498345,)
333	100  	183.761	201.483	15.7396	1459.38 (11.612972235498345,)
334	100  	169.404	163.308	19.5287	1313.29 (11.612972235498345,)
335	100  	161.202	175.917	15.3028	1421.56 (11.612972235498345,)
336	100  	179.994	193.871	18.5044	1511.82 (11.612972235498345,)
337	100  	161.252	191.215	16.5361	1467.39 (11.612972235498345,)
338	100  	163.213	166.906	16.3819	1368.21 (11.612972235498345,)
339	100  	199.19 	165.386	14.6097	1348    (11.612972235498345,)
340	100  	196.977	169.206	17.0963	1303.91 (11.612972235498345,)
341	100  	183.261	196.991	15.379 	1418.67 (11.612972235498345,)
342	100  	164.912	177.871	14.5019	1260.51 (11.612972235498345,)
343	100  	170.77 	167.537	12.1675	1449.86 (11.612972235498345,)
344	100  	179.529	185.84 	19.593 	1296.15 (11.612972235498345,)
345	100  	179.346	161.624	21.4909	1293.71 (11.612972235498345,)
346	100  	175.591	177.419	16.0809	1436.48 (11.612972235498345,)
347	100  	171.621	165.888	18.9617	1417.84 (11.612972235498345,)
348	100  	186.316	190.951	21.4656	1505.82 (11.612972235498345,)
349	100  	196.362	189.018	14.584 	1422.61 (11.612972235498345,)
350	100  	185.494	166.156	16.1868	1365.13 (11.612972235498345,)
351	100  	168.705	183.859	17.0053	1440.44 (11.612972235498345,)
352	100  	173.213	191.014	14.7363	1464.04 (11.612972235498345,)
353	100  	170.346	171.663	13.3958	1429.85 (11.612972235498345,)
354	100  	173.281	184.82 	17.3871	1404.48 (11.612972235498345,)
355	100  	164.557	181.329	15.1537	1241.57 (11.612972235498345,)
356	100  	162.78 	171.092	17.0219	1333.12 (11.612972235498345,)
357	100  	185.738	179.022	15.5842	1414.19 (11.612972235498345,)
358	100  	173.306	184.496	14.6051	1436.65 (11.612972235498345,)
359	100  	181.625	186.786	20.1158	1478.4  (11.612972235498345,)
360	100  	191.482	177.492	16.6389	1517.79 (11.612972235498345,)
361	100  	174.387	174.008	12.439 	1475.55 (11.612972235498345,)
362	100  	177.42 	185.534	14.0647	1485.42 (11.612972235498345,)
363	100  	172.696	191.208	16.7259	1362.19 (11.612972235498345,)
364	100  	179.077	179.26 	15.5824	1349.65 (11.612972235498345,)
365	100  	173.291	189.019	16.4043	1489.8  (11.612972235498345,)
366	100  	196.775	205.765	18.5443	1550.82 (11.612972235498345,)
367	100  	199.696	191.183	13.1302	1572.73 (11.612972235498345,)
368	100  	195.735	195.982	13.4756	1563.4  (11.612972235498345,)
369	100  	204.927	195.851	13.7435	1520.73 (11.612972235498345,)
370	100  	197.665	184.525	18.3197	1510.56 (11.612972235498345,)
371	100  	194.592	196.281	14.8202	1555.45 (11.612972235498345,)
372	100  	175.385	181.358	15.5325	1516.64 (11.612972235498345,)
373	100  	187.239	180.813	13.2888	1335.88 (11.612972235498345,)
374	100  	185.403	167.83 	19.4392	1305.35 (11.612972235498345,)
375	100  	208.516	204.013	17.0302	1529.08 (11.612972235498345,)
376	100  	174.753	174.025	12.9157	1491.21 (11.612972235498345,)
377	100  	184.186	194.73 	15.7315	1581.05 (11.612972235498345,)
378	100  	161.489	179.623	15.7926	1549.36 (11.612972235498345,)
379	100  	179.267	191.274	12.6776	1506.17 (11.612972235498345,)
380	100  	176.688	179.247	15.3763	1507.28 (11.612972235498345,)
381	100  	191.823	218.584	12.2538	1546.13 (11.612972235498345,)
382	100  	182.258	174.044	13.9945	1426.57 (11.612972235498345,)
383	100  	159.828	161.376	13.0015	1222.67 (11.612972235498345,)
384	100  	171.574	172.877	14.5727	1361.2  (11.612972235498345,)
385	100  	177.177	170.958	15.0124	1217.41 (11.612972235498345,)
386	100  	172.979	170.155	16.1218	1399.15 (11.612972235498345,)
387	100  	181.788	180.901	14.2287	1437.65 (11.612972235498345,)
388	100  	181.935	185.989	13.2796	1377.39 (11.612972235498345,)
389	100  	170.345	190.04 	15.5655	1480.87 (11.612972235498345,)
390	100  	174.504	160.308	29.332 	1358.31 (11.612972235498345,)
391	100  	183.994	201.744	15.7985	1577.07 (11.612972235498345,)
392	100  	177.724	184.34 	11.8739	1510.96 (11.612972235498345,)
393	100  	176.448	180.779	17.6807	1477.94 (11.612972235498345,)
394	100  	155.526	163.037	13.9485	1276.41 (11.612972235498345,)
395	100  	197.939	194.495	12.9474	1443.67 (11.612972235498345,)
396	100  	172.888	176.639	15.8258	1522.16 (11.612972235498345,)
397	100  	200.662	193.147	20.7572	1450.33 (11.612972235498345,)
398	100  	191.247	191.929	13.1464	1434.48 (11.612972235498345,)
399	100  	170.03 	185.3  	15.6212	1500.88 (11.612972235498345,)
400	100  	205.038	200.865	16.9669	1507.78 (11.612972235498345,)
401	100  	207.257	185.109	22.4264	1493.64 (11.612972235498345,)
402	100  	181.937	180.572	18.0554	1437.24 (11.612972235498345,)
403	100  	179.636	173.541	17.48  	1344.15 (11.612972235498345,)
404	100  	171.682	174.606	14.7477	1513.24 (11.612972235498345,)
405	100  	161.106	182.069	14.5529	1481.69 (11.612972235498345,)
406	100  	172.501	189.734	16.863 	1493.83 (11.612972235498345,)
407	100  	168.088	180.497	14.1644	1454.69 (11.612972235498345,)
408	100  	188.553	197.069	13.2556	1371.07 (11.612972235498345,)
409	100  	154.305	160.122	12.6756	1455.07 (11.612972235498345,)
410	100  	159.537	170.479	18.8459	1544.21 (11.612972235498345,)
411	100  	167.03 	185.721	16.4581	1448.7  (11.612972235498345,)
412	100  	182.285	202.303	15.6464	1506.55 (11.612972235498345,)
413	100  	174.646	178.04 	17.3272	1475.38 (11.612972235498345,)
414	100  	186.059	181.697	17.5378	1524.83 (11.612972235498345,)
415	100  	190.293	187.779	15.3504	1485.09 (11.612972235498345,)
416	100  	164.152	171.532	12.0487	1452.3  (11.612972235498345,)
417	100  	166.365	154.743	14.4851	1369.99 (11.612972235498345,)
418	100  	183.655	176.964	16.4314	1372.11 (11.612972235498345,)
419	100  	182.889	176.171	14.0377	1387.82 (11.612972235498345,)
420	100  	180.456	180.443	14.2403	1339.98 (11.612972235498345,)
421	100  	169.321	200.241	13.0407	1554.2  (11.612972235498345,)
422	100  	172.757	189.746	18.1992	1356.22 (11.612972235498345,)
423	100  	188.677	196.134	14.7103	1463.94 (11.612972235498345,)
424	100  	207.118	193.521	16.9658	1527.36 (11.612972235498345,)
425	100  	205.944	190.441	12.3269	1503.58 (11.612972235498345,)
426	100  	188.112	203.656	18.2752	1430.74 (11.612972235498345,)
427	100  	179.235	178.065	20.3329	1447.13 (11.612972235498345,)
428	100  	185.267	203.447	12.9833	1390.07 (11.612972235498345,)
429	100  	165.293	164.519	15.6224	1375.84 (11.612972235498345,)
430	100  	178.015	166.578	18.5319	1330.62 (11.612972235498345,)
431	100  	167.167	177.566	14.723 	1432.84 (11.612972235498345,)
432	100  	167.548	181.641	14.3972	1547.64 (11.612972235498345,)
433	100  	178.446	185.522	14.3663	1480.67 (11.612972235498345,)
434	100  	163.454	163.688	16.6789	1337.75 (11.612972235498345,)
435	100  	147.567	174.516	15.3672	1506.68 (11.612972235498345,)
436	100  	173.76 	178.231	14.212 	1409.46 (11.612972235498345,)
437	100  	181.276	186.594	14.5232	1570.06 (11.612972235498345,)
438	100  	183.724	204.385	16.976 	1576    (11.612972235498345,)
439	100  	161.85 	177.891	14.6913	1484.55 (11.612972235498345,)
440	100  	151.408	169.285	14.8584	1421.55 (11.612972235498345,)
441	100  	159.303	173.228	14.0452	1415.07 (11.612972235498345,)
442	100  	174.628	186.861	15.4993	1493.29 (11.612972235498345,)
443	100  	180.943	178.515	17.3899	1345.65 (11.612972235498345,)
444	100  	163.088	164.86 	14.6862	1322.01 (11.612972235498345,)
445	100  	177.098	175.729	11.9192	1392.23 (11.612972235498345,)
446	100  	165.374	173.118	15.9275	1392.05 (11.612972235498345,)
447	100  	161.468	170.429	11.3568	1332.05 (11.356804914105,)
448	100  	168.284	177.591	16.0574	1492.49 (11.356804914105,)
449	100  	172.246	172.906	13.3526	1451.9  (11.356804914105,)
450	100  	188.904	199.51 	14.9363	1410.38 (11.356804914105,)
451	100  	167.194	189.078	19.449 	1540.23 (11.356804914105,)
452	100  	160.811	178.287	11.4034	1467.05 (11.356804914105,)
453	100  	174.604	179.966	13.0548	1477.35 (11.356804914105,)
454	100  	178.671	179.731	11.9225	1540.86 (11.356804914105,)
455	100  	175.995	176.007	14.6979	1516.09 (11.356804914105,)
456	100  	187.175	182.195	14.3132	1434.72 (11.356804914105,)
457	100  	179.117	163.103	16.4474	1412.8  (11.356804914105,)
458	100  	178.803	172.899	13.7275	1398.75 (11.356804914105,)
459	100  	178.495	177.401	13.75  	1426.34 (11.356804914105,)
460	100  	197.001	192.06 	11.8073	1549.8  (11.356804914105,)
461	100  	186.608	176.243	18.1336	1381.98 (11.356804914105,)
462	100  	177.325	177.821	13.2007	1382.46 (11.356804914105,)
463	100  	192.362	172.466	17.42  	1400.03 (11.356804914105,)
464	100  	172.964	193.25 	13.0545	1535.12 (11.356804914105,)
465	100  	170.574	157.852	15.1117	1340.5  (11.356804914105,)
466	100  	200.743	203.619	13.3634	1264.63 (11.356804914105,)
467	100  	190.965	187.994	18.5735	1465.51 (11.356804914105,)
468	100  	172.907	176.907	15.4796	1474.89 (11.356804914105,)
469	100  	163.817	171.835	12.9125	1284.22 (11.356804914105,)
470	100  	177.43 	177.779	17.4402	1408.1  (11.356804914105,)
471	100  	204.146	197.966	13.0708	1474.19 (11.356804914105,)
472	100  	177.712	190.57 	14.0273	1434.42 (11.356804914105,)
473	100  	169.832	167.588	13.6517	1335.67 (11.356804914105,)
474	100  	174.396	173.434	12.1498	1492.35 (11.356804914105,)
475	100  	163.651	156.602	15.0208	1205.93 (11.356804914105,)
476	100  	180.028	174.528	11.6515	1329.6  (11.356804914105,)
477	100  	170.462	180.485	12.9291	1474.96 (11.356804914105,)
478	100  	168.363	175.836	12.7786	1315.88 (11.356804914105,)
479	100  	206.904	204.517	16.7811	1408.1  (11.356804914105,)
480	100  	169.077	176.28 	20.6272	1492.4  (11.356804914105,)
481	100  	179.39 	167.03 	19.865 	1406    (11.356804914105,)
482	100  	175.324	176.864	14.9714	1385.26 (11.356804914105,)
483	100  	164.915	166.664	16.6361	1489.84 (11.356804914105,)
484	100  	174.589	171.817	18.5237	1416.37 (11.356804914105,)
485	100  	208.369	183.843	14.2371	1315.22 (11.356804914105,)
486	100  	173.185	163.467	20.6146	1301.48 (11.356804914105,)
487	100  	183.929	176.098	13.0872	1450.48 (11.356804914105,)
488	100  	172.416	172.012	13.3138	1350.63 (11.356804914105,)
489	100  	180.692	186.832	18.2165	1393.03 (11.356804914105,)
490	100  	195.147	178.861	14.3448	1370.24 (11.356804914105,)
491	100  	174.253	163.543	14.5236	1295.57 (11.356804914105,)
492	100  	173.281	174.375	16.8291	1437.71 (11.356804914105,)
493	100  	165.421	190.982	12.2006	1453.64 (11.356804914105,)
494	100  	164.36 	190.329	17.9537	1437.84 (11.356804914105,)
495	100  	149.698	176.469	16.4849	1483.88 (11.356804914105,)
496	100  	153.251	162.404	14.3031	1300.04 (11.356804914105,)
497	100  	167.615	179.889	15.5217	1369.54 (11.356804914105,)
498	100  	186.608	182.708	15.3176	1541.54 (11.356804914105,)
499	100  	177.087	182.486	9.66809	1450.43 (9.6680929525591477,)
