In file included from /usr/lib/python2.7/dist-packages/numpy/core/include/numpy/ndarraytypes.h:1761:0,
                 from /usr/lib/python2.7/dist-packages/numpy/core/include/numpy/ndarrayobject.h:17,
                 from /usr/lib/python2.7/dist-packages/numpy/core/include/numpy/arrayobject.h:4,
                 from /home/pinojc/.cache/scipy/python27_compiled/sc_9bade30717731f645b30a512f757f0fa1747.cpp:22:
/usr/lib/python2.7/dist-packages/numpy/core/include/numpy/npy_1_7_deprecated_api.h:15:2: warning: #warning "Using deprecated NumPy API, disable it by " "#defining NPY_NO_DEPRECATED_API NPY_1_7_API_VERSION" [-Wcpp]
 #warning "Using deprecated NumPy API, disable it by " \
  ^
gen	evals	avg   	std    	min   	max    
0  	100  	1067.7	315.477	182.33	1760.94 (182.32953906929106,)
1  	100  	1098.47	339.988	175.041	1792.52 (175.04122358149669,)
2  	100  	1133.78	327.571	156.99 	1807.19 (156.99030011064971,)
3  	100  	1146.35	336.67 	158.521	1786.16 (156.99030011064971,)
4  	100  	1112.84	347.451	142.977	1787.75 (142.97676205581448,)
5  	100  	1059.63	383.795	95.5175	1740.38 (95.517547328789234,)
6  	100  	968.668	415.503	104.464	1665.98 (95.517547328789234,)
7  	100  	886.191	443.504	65.9392	1633.66 (65.939200412081846,)
8  	100  	825.708	494.524	66.9646	1646.96 (65.939200412081846,)
9  	100  	759.363	533.628	68.7281	1657.66 (65.939200412081846,)
10 	100  	723.314	534.376	57.8929	1685.24 (57.892914440668214,)
11 	100  	695.612	523.826	55.8091	1692.62 (55.809088214160809,)
12 	100  	662.58 	519.476	54.0942	1678.73 (54.094232851344813,)
13 	100  	616.632	516.049	56.6597	1627.13 (54.094232851344813,)
14 	100  	579.774	515.314	57.6926	1636.02 (54.094232851344813,)
15 	100  	590.368	529.618	52.0825	1606.98 (52.082476133864361,)
16 	100  	588.276	528.355	47.019 	1659.46 (47.019035673990658,)
17 	100  	558.223	535.593	46.9479	1626.28 (46.947893215985843,)
18 	100  	539.91 	530.187	48.0342	1686.14 (46.947893215985843,)
19 	100  	536.018	523.926	36.8003	1700.62 (36.800264940814166,)
20 	100  	535.618	524.3  	45.4025	1712.48 (36.800264940814166,)
21 	100  	525.152	518.846	46.7211	1706.44 (36.800264940814166,)
22 	100  	520.275	528.63 	33.6037	1694.51 (33.603704456870069,)
23 	100  	503.939	515.579	37.3986	1657.79 (33.603704456870069,)
24 	100  	504.472	535.362	34.6846	1678.37 (33.603704456870069,)
25 	100  	512.401	543.153	31.9751	1728.41 (31.975053738790013,)
26 	100  	504.706	558.349	30.529 	1710.17 (30.529043810365671,)
27 	100  	503.725	563.903	30.4633	1701.19 (30.463306968518513,)
28 	100  	503.232	565.643	33.2198	1751.5  (30.463306968518513,)
29 	100  	504.153	541.745	29.94  	1708.28 (29.939970461822369,)
30 	100  	490.301	549.665	31.2571	1717.83 (29.939970461822369,)
31 	100  	497.832	551.446	28.6122	1709.43 (28.612169046445764,)
32 	100  	487.062	548.575	28.7757	1689.53 (28.612169046445764,)
33 	100  	508.006	544.018	28.0315	1665.76 (28.031529128548225,)
34 	100  	491.139	544.189	25.6316	1724.18 (25.631607380928735,)
35 	100  	481.208	551.728	28.1832	1696.23 (25.631607380928735,)
36 	100  	481.722	560.888	24.4045	1635.3  (24.40446433814764,)
37 	100  	512.12 	557.037	19.0861	1622.76 (19.086092981833279,)
38 	100  	497.148	587.254	18.6246	1689.86 (18.624582714295027,)
39 	100  	492.74 	572.073	17.7282	1655.47 (17.728212029149624,)
40 	100  	483.492	559.895	16.3283	1682.06 (16.328278739764677,)
41 	100  	480.815	553.652	18.0204	1703.58 (16.328278739764677,)
42 	100  	491.661	557.334	18.2041	1675.14 (16.328278739764677,)
43 	100  	490.524	552.61 	17.372 	1688.2  (16.328278739764677,)
44 	100  	467.06 	555.01 	17.6865	1671.13 (16.328278739764677,)
45 	100  	471.082	556.221	18.6531	1683.9  (16.328278739764677,)
46 	100  	463.324	560.241	18.0733	1686.34 (16.328278739764677,)
47 	100  	464.257	578.43 	18.4946	1705.37 (16.328278739764677,)
48 	100  	458.463	580.594	17.7087	1723.82 (16.328278739764677,)
49 	100  	467.836	578.847	16.3262	1692.33 (16.326199540706963,)
50 	100  	467.415	580.93 	16.7476	1656.29 (16.326199540706963,)
51 	100  	466.17 	563.579	15.6953	1639.47 (15.695345344784261,)
52 	100  	468.814	560.078	22.933 	1670.05 (15.695345344784261,)
53 	100  	473.959	580.231	20.4833	1673.92 (15.695345344784261,)
54 	100  	459.784	572.678	14.6158	1733.14 (14.615763794324893,)
55 	100  	467.481	565.99 	15.6824	1718.71 (14.615763794324893,)
56 	100  	465.995	564.775	19.4394	1725.14 (14.615763794324893,)
57 	100  	462.037	567.661	16.3557	1697.9  (14.615763794324893,)
58 	100  	468.399	567.525	19.1678	1738.66 (14.615763794324893,)
59 	100  	478.767	557.268	17.1032	1725.65 (14.615763794324893,)
60 	100  	463.79 	567.232	15.0485	1693.36 (14.615763794324893,)
61 	100  	453.573	554.63 	18.2081	1648.88 (14.615763794324893,)
62 	100  	448.14 	552.185	17.2801	1710.33 (14.615763794324893,)
63 	100  	452.939	550.515	15.2229	1703.79 (14.615763794324893,)
64 	100  	460.368	546.872	19.9311	1696.44 (14.615763794324893,)
65 	100  	445.795	535.934	19.4709	1679.72 (14.615763794324893,)
66 	100  	452.181	556.085	19.7713	1652.12 (14.615763794324893,)
67 	100  	453.936	554.359	18.089 	1699.84 (14.615763794324893,)
68 	100  	450.223	531.091	23.0396	1646.54 (14.615763794324893,)
69 	100  	422.839	535.093	19.3776	1667.78 (14.615763794324893,)
70 	100  	443.636	541.192	19.5899	1732.99 (14.615763794324893,)
71 	100  	440.653	543.078	18.0961	1714.25 (14.615763794324893,)
72 	100  	431.916	542.07 	19.9485	1701.08 (14.615763794324893,)
73 	100  	423.814	531.499	17.3211	1623.85 (14.615763794324893,)
74 	100  	438.618	550.509	16.8545	1676.84 (14.615763794324893,)
75 	100  	425.285	535.359	14.4622	1693.21 (14.462152720004973,)
76 	100  	418.679	545.231	15.3105	1713.38 (14.462152720004973,)
77 	100  	411.664	523.741	13.1659	1685.43 (13.165859643234697,)
78 	100  	447.789	567.723	14.1595	1708.42 (13.165859643234697,)
79 	100  	456.908	574.35 	13.0967	1724.04 (13.096735917042011,)
80 	100  	458.798	568.97 	19.3786	1712.17 (13.096735917042011,)
81 	100  	466.086	563.527	16.8331	1719.13 (13.096735917042011,)
82 	100  	476.895	577.103	14.2466	1730.76 (13.096735917042011,)
83 	100  	465.958	580.616	14.4359	1713.36 (13.096735917042011,)
84 	100  	472.184	561.884	18.543 	1702.93 (13.096735917042011,)
85 	100  	465.434	561.431	13.7365	1664.34 (13.096735917042011,)
86 	100  	455.272	554.612	16.5221	1675.05 (13.096735917042011,)
87 	100  	440.9  	567.921	15.7735	1678.35 (13.096735917042011,)
88 	100  	432.761	555.247	16.8942	1705.95 (13.096735917042011,)
89 	100  	436.922	550.803	15.8351	1649.13 (13.096735917042011,)
90 	100  	454.232	556.472	19.057 	1739.46 (13.096735917042011,)
91 	100  	458.283	555.593	16.7285	1728.42 (13.096735917042011,)
92 	100  	464.356	561.037	12.1145	1680.82 (12.114532129107873,)
93 	100  	424.378	537.515	17.6637	1681.58 (12.114532129107873,)
94 	100  	430.061	543.895	17.8474	1732.16 (12.114532129107873,)
95 	100  	440.778	554.885	15.9405	1726.93 (12.114532129107873,)
96 	100  	458.813	557.005	13.3996	1697.28 (12.114532129107873,)
97 	100  	465.401	554.246	15.8219	1737.34 (12.114532129107873,)
98 	100  	443.743	543.694	16.1286	1730.53 (12.114532129107873,)
99 	100  	444.409	559.566	14.7995	1738.53 (12.114532129107873,)
100	100  	467.591	567.44 	11.9983	1718.54 (11.998328310819051,)
101	100  	450.496	544.067	14.8312	1672.99 (11.998328310819051,)
102	100  	446.64 	541.897	15.2161	1709.51 (11.998328310819051,)
103	100  	444.723	547.151	15.7751	1705.13 (11.998328310819051,)
104	100  	440.581	540.149	13.0766	1677.97 (11.998328310819051,)
105	100  	443.585	537.467	13.3898	1670.34 (11.998328310819051,)
106	100  	458.595	552.519	14.8497	1716.1  (11.998328310819051,)
107	100  	445.289	541.995	14.0441	1710    (11.998328310819051,)
108	100  	456.242	539.531	13.35  	1740.65 (11.998328310819051,)
109	100  	446.562	548.236	16.2127	1734.21 (11.998328310819051,)
110	100  	430.381	539.734	15.4593	1733.49 (11.998328310819051,)
111	100  	434.018	553.821	15.256 	1751.01 (11.998328310819051,)
112	100  	445.889	545.744	14.2975	1744.49 (11.998328310819051,)
113	100  	448.159	548.908	16.009 	1651.49 (11.998328310819051,)
114	100  	444.474	551.652	16.9345	1694.28 (11.998328310819051,)
115	100  	458.255	561.853	13.1663	1650.19 (11.998328310819051,)
116	100  	443.818	560.644	14.7212	1696.46 (11.998328310819051,)
117	100  	449.126	549.982	15.7068	1694.01 (11.998328310819051,)
118	100  	448.656	553.147	16.6113	1657.92 (11.998328310819051,)
119	100  	442.636	553.592	12.8229	1729.17 (11.998328310819051,)
120	100  	455.187	554.68 	14.3637	1679.02 (11.998328310819051,)
121	100  	nan    	nan    	nan    	nan     (11.998328310819051,)
122	100  	447.638	558.724	13.5719	1706.12 (11.998328310819051,)
123	100  	451.368	567.247	14.9379	1718.47 (11.998328310819051,)
124	100  	444.22 	563.769	14.4914	1734.57 (11.998328310819051,)
125	100  	442.074	550.756	16.6748	1681.03 (11.998328310819051,)
126	100  	440.66 	558.341	14.8695	1727.8  (11.998328310819051,)
127	100  	438.067	555.647	12.3626	1695.47 (11.998328310819051,)
128	100  	435.313	539.702	14.8947	1733.74 (11.998328310819051,)
129	100  	436.575	553.711	13.2878	1710.77 (11.998328310819051,)
130	100  	454.842	544.305	16.928 	1695.11 (11.998328310819051,)
131	100  	475.079	548.834	13.0742	1645.6  (11.998328310819051,)
132	100  	445.603	549.229	15.6095	1721.28 (11.998328310819051,)
133	100  	444.388	552.883	16.8002	1693.37 (11.998328310819051,)
134	100  	446.549	560.692	13.8747	1709.67 (11.998328310819051,)
135	100  	449.905	548.817	17.9279	1726.86 (11.998328310819051,)
136	100  	441.546	548.088	11.8377	1771.35 (11.837705601585164,)
137	100  	445.093	558.795	16.8709	1744.39 (11.837705601585164,)
138	100  	459.586	560.043	15.8836	1730.77 (11.837705601585164,)
139	100  	421.302	570.209	11.9146	1724.58 (11.837705601585164,)
140	100  	444.246	560.596	13.5108	1704.87 (11.837705601585164,)
141	100  	440.674	544.784	17.2736	1681.21 (11.837705601585164,)
142	100  	437.661	548.633	14.2766	1717.39 (11.837705601585164,)
143	100  	446.93 	546.789	16.9896	1682.1  (11.837705601585164,)
144	100  	442.635	550.292	16.9732	1710.65 (11.837705601585164,)
145	100  	441.548	553.57 	14.1856	1720.3  (11.837705601585164,)
146	100  	438.073	556.241	11.957 	1724.78 (11.837705601585164,)
147	100  	434.263	539.475	16.0612	1694.71 (11.837705601585164,)
148	100  	432.033	538.153	13.785 	1702.53 (11.837705601585164,)
149	100  	432.049	557.409	14.7748	1730.56 (11.837705601585164,)
150	100  	446.767	561.35 	15.1007	1735.03 (11.837705601585164,)
151	100  	435.388	542.665	19.3748	1672.46 (11.837705601585164,)
152	100  	439.087	554.425	13.6328	1697.88 (11.837705601585164,)
153	100  	445.468	542.054	14.1215	1682.46 (11.837705601585164,)
154	100  	429.73 	541.016	19.1255	1646.11 (11.837705601585164,)
155	100  	419.185	563.277	12.7339	1684.05 (11.837705601585164,)
156	100  	443.61 	552.323	11.6437	1650.6  (11.643696480230913,)
157	100  	441.305	551.271	13.4991	1706.16 (11.643696480230913,)
158	100  	422.011	556.901	17.6195	1698.08 (11.643696480230913,)
159	100  	433.713	565.233	14.0609	1700.31 (11.643696480230913,)
160	100  	427.833	543.015	16.5903	1716.44 (11.643696480230913,)
161	100  	431.934	551.554	12.4056	1684.68 (11.643696480230913,)
162	100  	449.357	539.188	14.2858	1678.52 (11.643696480230913,)
163	100  	438.326	538.274	13.2706	1699.13 (11.643696480230913,)
164	100  	428.049	553.689	13.9296	1710    (11.643696480230913,)
165	100  	437.76 	545.219	13.3224	1707.34 (11.643696480230913,)
166	100  	443.732	556.613	13.8641	1746.39 (11.643696480230913,)
167	100  	458.061	553.931	23.1186	1682.24 (11.643696480230913,)
168	100  	439.782	547.751	12.069 	1661.85 (11.643696480230913,)
169	100  	427.843	567.352	13.494 	1707.53 (11.643696480230913,)
170	100  	427.204	556.119	16.8066	1724.01 (11.643696480230913,)
171	100  	411.899	548.369	14.4392	1693.26 (11.643696480230913,)
172	100  	422.717	570.082	14.2219	1668.68 (11.643696480230913,)
173	100  	447    	544.766	13.2926	1692.06 (11.643696480230913,)
174	100  	439.213	554.023	17.7126	1701.79 (11.643696480230913,)
175	100  	440.725	539.73 	19.8298	1687.48 (11.643696480230913,)
176	100  	432.221	547.218	15.0654	1696.44 (11.643696480230913,)
177	100  	430.441	550.826	14.5332	1725.03 (11.643696480230913,)
178	100  	450.044	546.032	14.8434	1718.47 (11.643696480230913,)
179	100  	440.588	544.996	11.8437	1672.28 (11.643696480230913,)
180	100  	453.554	547.076	14.0036	1692.4  (11.643696480230913,)
181	100  	453.887	548.274	15.1051	1640.35 (11.643696480230913,)
182	100  	447.619	552.145	17.0592	1704.67 (11.643696480230913,)
183	100  	449.704	529.363	15.0155	1690.36 (11.643696480230913,)
184	100  	450.772	535.518	12.4334	1687.58 (11.643696480230913,)
185	100  	436.462	545.295	14.0507	1692.16 (11.643696480230913,)
186	100  	456.838	540.237	13.6967	1676.8  (11.643696480230913,)
187	100  	440.814	534.919	13.8608	1648.33 (11.643696480230913,)
188	100  	432.047	537.03 	23.5995	1673.13 (11.643696480230913,)
189	100  	429.947	535.377	14.2241	1686.51 (11.643696480230913,)
190	100  	439.522	544.89 	14.9297	1693.68 (11.643696480230913,)
191	100  	436.224	543.617	16.32  	1670.85 (11.643696480230913,)
192	100  	427.502	552.563	11.5464	1714.98 (11.546384915603747,)
193	100  	437.626	564.217	13.4839	1712.07 (11.546384915603747,)
194	100  	439.904	551.426	14.358 	1679.37 (11.546384915603747,)
195	100  	472.339	557.049	14.7929	1686.97 (11.546384915603747,)
196	100  	440.797	560.743	17.6064	1741.73 (11.546384915603747,)
197	100  	458.536	551.156	16.4244	1702.37 (11.546384915603747,)
198	100  	439.715	559.94 	12.2171	1734.57 (11.546384915603747,)
199	100  	456.222	554.266	14.2119	1704.28 (11.546384915603747,)
200	100  	420.961	547.277	13.3523	1726.13 (11.546384915603747,)
201	100  	449.062	543.213	12.7609	1721.14 (11.546384915603747,)
202	100  	429.644	520.356	27.5699	1701.34 (11.546384915603747,)
203	100  	457.291	526.317	14.1021	1676.37 (11.546384915603747,)
204	100  	461.317	543.072	12.2165	1731.66 (11.546384915603747,)
205	100  	445.658	548.608	13.3848	1682.26 (11.546384915603747,)
206	100  	464.989	554.368	12.6968	1693.21 (11.546384915603747,)
207	100  	447.061	537.879	12.6522	1686.57 (11.546384915603747,)
208	100  	435.739	548.407	12.3343	1732.34 (11.546384915603747,)
209	100  	436.391	552.828	11.2155	1745.19 (11.215503013465041,)
210	100  	420.772	555.903	11.0911	1709.02 (11.091075240405615,)
211	100  	425.937	546.565	14.7912	1743.45 (11.091075240405615,)
212	100  	435.963	542.81 	13.1087	1694.08 (11.091075240405615,)
213	100  	433.765	551.132	11.8149	1692.18 (11.091075240405615,)
214	100  	419.154	551.131	20.4803	1725.54 (11.091075240405615,)
215	100  	410.98 	545.685	19.0912	1717.03 (11.091075240405615,)
216	100  	431.769	542.894	13.6456	1746.03 (11.091075240405615,)
217	100  	433.562	541.83 	11.9757	1726.96 (11.091075240405615,)
218	100  	426.705	542.738	14.4641	1753.49 (11.091075240405615,)
219	100  	424.067	552.603	13.1497	1697.81 (11.091075240405615,)
220	100  	423.481	553.886	13.9098	1725.86 (11.091075240405615,)
221	100  	419.886	556.778	11.0466	1729.31 (11.046601001619152,)
222	100  	430.483	555.272	13.4233	1721.69 (11.046601001619152,)
223	100  	417.456	544.391	11.8287	1707.83 (11.046601001619152,)
224	100  	424.054	540.687	13.5477	1735.43 (11.046601001619152,)
225	100  	410.257	540.974	12.647 	1697.86 (11.046601001619152,)
226	100  	415.338	553.705	12.8331	1724.14 (11.046601001619152,)
227	100  	421.524	547.291	14.6319	1739.97 (11.046601001619152,)
228	100  	421.215	556.042	16.2732	1710.82 (11.046601001619152,)
229	100  	421.257	556.567	11.5531	1709.92 (11.046601001619152,)
230	100  	441.634	548.187	15.0665	1699.28 (11.046601001619152,)
231	100  	421.183	551.265	11.86  	1713.24 (11.046601001619152,)
232	100  	452.227	564.441	11.8771	1751.71 (11.046601001619152,)
233	100  	421.396	551.367	16.8121	1733.85 (11.046601001619152,)
234	100  	429.774	554.995	12.6642	1710.59 (11.046601001619152,)
235	100  	417.826	545.24 	11.7858	1669.64 (11.046601001619152,)
236	100  	409.682	545.402	13.5781	1701.03 (11.046601001619152,)
237	100  	419.518	536.076	18.2675	1697.21 (11.046601001619152,)
238	100  	441.446	552.278	14.6291	1680.96 (11.046601001619152,)
239	100  	442.282	545.12 	15.9968	1693.76 (11.046601001619152,)
240	100  	443.736	531.264	12.3206	1724    (11.046601001619152,)
241	100  	432.752	532.57 	13.7284	1721.55 (11.046601001619152,)
242	100  	444.473	543.28 	14.4699	1763.94 (11.046601001619152,)
243	100  	427.294	545.099	12.5196	1719.78 (11.046601001619152,)
244	100  	428.814	538.581	14.4214	1720.54 (11.046601001619152,)
245	100  	415.102	545.2  	12.3473	1708.98 (11.046601001619152,)
246	100  	427.699	546.277	11.7016	1732.22 (11.046601001619152,)
247	100  	420.029	559.199	12.6374	1705.63 (11.046601001619152,)
248	100  	432.602	544.58 	13.0204	1737.6  (11.046601001619152,)
249	100  	455.937	550.981	11.5304	1721.88 (11.046601001619152,)
250	100  	427.914	557.968	14.8206	1738.77 (11.046601001619152,)
251	100  	418.811	548.501	14.1546	1670.58 (11.046601001619152,)
252	100  	425.698	545.613	15.132 	1700.56 (11.046601001619152,)
253	100  	431.165	539.393	14.4792	1718.79 (11.046601001619152,)
254	100  	419.997	541.902	13.9103	1709.54 (11.046601001619152,)
255	100  	423.795	541.903	11.4702	1734.1  (11.046601001619152,)
256	100  	420.814	559.501	11.9294	1738.26 (11.046601001619152,)
257	100  	428.485	544.252	12.1415	1757.7  (11.046601001619152,)
258	100  	422.285	539.098	13.4002	1715.61 (11.046601001619152,)
259	100  	427.847	550.306	13.6441	1703.42 (11.046601001619152,)
260	100  	422.045	543.619	17.1842	1732.4  (11.046601001619152,)
261	100  	411.33 	550.974	11.2845	1721.14 (11.046601001619152,)
262	100  	433.992	555.962	11.6101	1734.31 (11.046601001619152,)
263	100  	428.169	545.08 	14.7672	1720.61 (11.046601001619152,)
264	100  	436.158	533.505	15.8065	1739.67 (11.046601001619152,)
265	100  	433.064	546.448	14.0048	1720.99 (11.046601001619152,)
266	100  	430.335	555.058	14.8362	1705.02 (11.046601001619152,)
267	100  	443.83 	553.07 	11.5839	1708.68 (11.046601001619152,)
268	100  	437.63 	552.302	13.0291	1760.35 (11.046601001619152,)
269	100  	441.543	553.766	12.627 	1718.4  (11.046601001619152,)
270	100  	422.145	554.374	14.2585	1705.46 (11.046601001619152,)
271	100  	411.711	549.248	12.744 	1691.94 (11.046601001619152,)
272	100  	429.536	531.038	12.8816	1724.92 (11.046601001619152,)
273	100  	412.642	550.76 	15.6046	1671.76 (11.046601001619152,)
274	100  	434.662	533.55 	14.4031	1706.52 (11.046601001619152,)
275	100  	411.211	536.848	16.1225	1681.35 (11.046601001619152,)
276	100  	415.84 	522.629	18.0828	1698.1  (11.046601001619152,)
277	100  	426.825	547.472	14.8544	1709.33 (11.046601001619152,)
278	100  	421.082	536.149	16.5771	1724.67 (11.046601001619152,)
279	100  	430.917	553.89 	14.617 	1739.65 (11.046601001619152,)
280	100  	423.04 	524.99 	21.0558	1723.66 (11.046601001619152,)
281	100  	437.711	547.512	20.4693	1733.49 (11.046601001619152,)
282	100  	434.674	542.514	15.0138	1749.38 (11.046601001619152,)
283	100  	420.493	532.784	11.6173	1680.63 (11.046601001619152,)
284	100  	424.549	534.734	15.2954	1689.79 (11.046601001619152,)
285	100  	416.759	551.198	11.8907	1696.03 (11.046601001619152,)
286	100  	420.106	537.285	12.9442	1705.19 (11.046601001619152,)
287	100  	429.4  	533.932	19.1004	1714.54 (11.046601001619152,)
288	100  	411.083	537.724	11.8921	1707.58 (11.046601001619152,)
289	100  	399.048	542.486	23.7116	1736.91 (11.046601001619152,)
290	100  	405.171	547.031	16.2835	1731.98 (11.046601001619152,)
291	100  	415.781	553.789	12.8473	1785.23 (11.046601001619152,)
292	100  	412.86 	553.603	13.3944	1761.78 (11.046601001619152,)
293	100  	403.338	548.184	14.2368	1751.27 (11.046601001619152,)
294	100  	402.872	549.477	12.1685	1758.04 (11.046601001619152,)
295	100  	408.724	546.078	12.3997	1706.78 (11.046601001619152,)
296	100  	416.45 	548.976	15.0096	1753.63 (11.046601001619152,)
297	100  	417.044	541.108	13.3469	1713.41 (11.046601001619152,)
298	100  	415.765	539.4  	14.4056	1744.55 (11.046601001619152,)
299	100  	438.813	544.907	12.0372	1748.63 (11.046601001619152,)
300	100  	424.059	536.896	13.292 	1722.5  (11.046601001619152,)
301	100  	408.976	551.32 	12.7276	1759    (11.046601001619152,)
302	100  	420.956	548.761	14.9154	1760.91 (11.046601001619152,)
303	100  	422.741	531.87 	13.4607	1702.52 (11.046601001619152,)
304	100  	423.473	548.111	14.2906	1734.36 (11.046601001619152,)
305	100  	434.004	544.839	13.984 	1711.8  (11.046601001619152,)
306	100  	412.754	533.83 	14.1765	1684.9  (11.046601001619152,)
307	100  	427.937	535.003	12.1551	1677.56 (11.046601001619152,)
308	100  	414.765	536.896	11.642 	1719.13 (11.046601001619152,)
309	100  	415.485	533.211	13.7336	1717.01 (11.046601001619152,)
310	100  	409.728	531.631	14.0616	1739.34 (11.046601001619152,)
311	100  	395.185	537.512	14.4511	1714.14 (11.046601001619152,)
312	100  	402.67 	532.157	13.5349	1728.49 (11.046601001619152,)
313	100  	390.418	529.208	11.9389	1697.54 (11.046601001619152,)
314	100  	394.76 	536.473	15.1407	1722.78 (11.046601001619152,)
315	100  	373.945	518.776	12.9412	1701.65 (11.046601001619152,)
316	100  	385.721	538.983	17.5565	1749.06 (11.046601001619152,)
317	100  	371.218	529.276	17.0379	1731.06 (11.046601001619152,)
318	100  	371.166	526.233	14.6405	1700.68 (11.046601001619152,)
319	100  	386.196	512.517	15.3848	1692.7  (11.046601001619152,)
320	100  	391.889	523.546	11.6056	1716.86 (11.046601001619152,)
321	100  	407.354	536.819	12.1065	1714.22 (11.046601001619152,)
322	100  	399.119	522.364	11.2132	1721.08 (11.046601001619152,)
323	100  	416.396	523.913	13.9329	1738.28 (11.046601001619152,)
324	100  	416.193	530.308	11.4833	1742.8  (11.046601001619152,)
325	100  	420.916	535.547	14.7391	1722.06 (11.046601001619152,)
326	100  	402.481	535.526	11.749 	1686.89 (11.046601001619152,)
327	100  	383.612	539.966	13.1987	1722.02 (11.046601001619152,)
328	100  	394.717	542.163	17.5295	1734.27 (11.046601001619152,)
329	100  	396.69 	531.674	13.4887	1655.63 (11.046601001619152,)
330	100  	409.649	523.544	12.0476	1702.48 (11.046601001619152,)
331	100  	388.886	522.744	11.185 	1724.15 (11.046601001619152,)
332	100  	382.682	529.822	13.8549	1713.17 (11.046601001619152,)
333	100  	389.052	530.769	12.3574	1719.09 (11.046601001619152,)
334	100  	392.606	522.752	12.8021	1709.57 (11.046601001619152,)
335	100  	397.122	517.187	11.3957	1696.58 (11.046601001619152,)
336	100  	394.55 	527.782	17.3251	1693.47 (11.046601001619152,)
337	100  	386.406	537.459	12.1396	1681.49 (11.046601001619152,)
338	100  	382.904	527.383	10.8726	1674.14 (10.872649350015966,)
339	100  	387.067	516.718	13.0961	1704.48 (10.872649350015966,)
340	100  	396.151	519.585	11.4164	1726.76 (10.872649350015966,)
341	100  	401.158	530.11 	14.4568	1674.12 (10.872649350015966,)
342	100  	406.307	533.922	12.2477	1674.77 (10.872649350015966,)
343	100  	390.763	525.047	15.082 	1700.01 (10.872649350015966,)
344	100  	386.567	513.652	12.0655	1670.2  (10.872649350015966,)
345	100  	395.565	522.891	14.1258	1694.76 (10.872649350015966,)
346	100  	394.339	522.807	11.24  	1676.95 (10.872649350015966,)
347	100  	401.149	522.017	15.2092	1692.77 (10.872649350015966,)
348	100  	388.84 	507.806	20.2937	1687.86 (10.872649350015966,)
349	100  	397.203	524.425	15.2828	1673.78 (10.872649350015966,)
350	100  	393.083	525.73 	15.236 	1713.97 (10.872649350015966,)
351	100  	398.258	532.246	11.3028	1723.96 (10.872649350015966,)
352	100  	398.521	506.39 	17.6414	1660.68 (10.872649350015966,)
353	100  	397.037	513.032	12.67  	1708.25 (10.872649350015966,)
354	100  	414.197	528.847	13.3827	1708.56 (10.872649350015966,)
355	100  	387.959	513.101	15.0964	1670    (10.872649350015966,)
356	100  	387.292	518.827	12.5679	1721.06 (10.872649350015966,)
357	100  	394.704	526.369	12.2252	1728.07 (10.872649350015966,)
358	100  	400.308	518.637	13.1465	1711.29 (10.872649350015966,)
359	100  	388.662	533.272	12.9156	1723.28 (10.872649350015966,)
360	100  	398.116	527.549	12.6666	1749.24 (10.872649350015966,)
361	100  	400.174	522.313	13.8748	1712.96 (10.872649350015966,)
362	100  	399.158	507.306	14.8082	1677.92 (10.872649350015966,)
363	100  	411.218	522.803	12.5921	1688.8  (10.872649350015966,)
364	100  	387.24 	522.292	14.0128	1731.78 (10.872649350015966,)
365	100  	394.772	530.007	12.0718	1753.49 (10.872649350015966,)
366	100  	388.093	518.622	16.5997	1721.3  (10.872649350015966,)
367	100  	392.552	507.724	13.9167	1744.1  (10.872649350015966,)
368	100  	399.641	520.942	15.3135	1682.58 (10.872649350015966,)
369	100  	401.383	526.263	12.4769	1693.23 (10.872649350015966,)
370	100  	394.402	535.317	12.5411	1731.96 (10.872649350015966,)
371	100  	nan    	nan    	nan    	nan     (10.872649350015966,)
372	100  	390.456	522.846	15.9649	1709.8  (10.872649350015966,)
373	100  	413.264	538.712	12.5361	1693.63 (10.872649350015966,)
374	100  	414.191	519.006	14.028 	1736.76 (10.872649350015966,)
375	100  	389.281	525.536	11.0067	1741.84 (10.872649350015966,)
376	100  	410.058	521.145	12.9317	1733.6  (10.872649350015966,)
377	100  	412.773	518.947	11.7744	1646.03 (10.872649350015966,)
378	100  	386.298	518.9  	12.4131	1673.49 (10.872649350015966,)
379	100  	392.91 	524.262	12.2659	1666.1  (10.872649350015966,)
380	100  	392.479	514.757	17.4982	1684.24 (10.872649350015966,)
381	100  	391.058	534.328	12.6535	1696.94 (10.872649350015966,)
382	100  	383.275	524.293	16.0098	1692.47 (10.872649350015966,)
383	100  	411.012	519.926	13.3444	1719.21 (10.872649350015966,)
384	100  	380.893	519.302	12.8673	1696.68 (10.872649350015966,)
385	100  	383.906	522.846	13.0394	1765.88 (10.872649350015966,)
386	100  	396.106	510.813	11.1222	1740.85 (10.872649350015966,)
387	100  	395.239	516.514	13.402 	1722.14 (10.872649350015966,)
388	100  	377.115	525.037	15.389 	1652.27 (10.872649350015966,)
389	100  	398.851	497.853	12.4803	1712.54 (10.872649350015966,)
390	100  	394.009	512.025	10.9101	1719.31 (10.872649350015966,)
391	100  	393.599	509.457	15.6413	1707.23 (10.872649350015966,)
392	100  	391.92 	526.348	14.131 	1733.61 (10.872649350015966,)
393	100  	386.74 	528.924	14.4826	1693.04 (10.872649350015966,)
394	100  	376.175	517.893	14.9152	1673.85 (10.872649350015966,)
395	100  	381.616	510.915	11.9012	1700.3  (10.872649350015966,)
396	100  	381.834	532.474	13.0694	1674.98 (10.872649350015966,)
397	100  	383.813	527.859	11.3043	1710.92 (10.872649350015966,)
398	100  	389.273	516.91 	12.3376	1693.29 (10.872649350015966,)
399	100  	409.56 	502.061	13.0346	1654.06 (10.872649350015966,)
400	100  	406.968	499.404	17.0015	1674.79 (10.872649350015966,)
401	100  	384.656	504.413	12.9175	1688.4  (10.872649350015966,)
402	100  	391.053	512.612	14.825 	1643.88 (10.872649350015966,)
403	100  	389.554	516.188	17.1806	1733.57 (10.872649350015966,)
404	100  	385.787	502.518	18.8104	1701.93 (10.872649350015966,)
405	100  	390.031	514.918	17.4195	1677.12 (10.872649350015966,)
406	100  	374.431	498.541	14.5502	1700.69 (10.872649350015966,)
407	100  	376.506	501.322	12.1781	1707.66 (10.872649350015966,)
408	100  	362.742	511.121	11.1591	1671.91 (10.872649350015966,)
409	100  	380.12 	509.05 	12.0507	1669.95 (10.872649350015966,)
410	100  	381.684	500.611	12.6249	1626.65 (10.872649350015966,)
411	100  	380.267	508.726	17.5194	1671.79 (10.872649350015966,)
412	100  	353.176	520.264	12.557 	1670.58 (10.872649350015966,)
413	100  	379.136	505.49 	12.2024	1653.75 (10.872649350015966,)
414	100  	364.319	495.081	16.6871	1677.72 (10.872649350015966,)
415	100  	371.445	495.683	12.8759	1689.55 (10.872649350015966,)
416	100  	366.323	495.769	12.8226	1669.84 (10.872649350015966,)
417	100  	339.4  	493.705	16.8015	1622.81 (10.872649350015966,)
418	100  	372.685	496.736	11.6496	1680.18 (10.872649350015966,)
419	100  	359.004	522.857	13.0372	1696.91 (10.872649350015966,)
420	100  	356.551	491.45 	12.8346	1639.84 (10.872649350015966,)
421	100  	357.896	500.707	11.4323	1669.72 (10.872649350015966,)
422	100  	362.655	498.992	11.7945	1693.36 (10.872649350015966,)
423	100  	387.415	503.653	13.9229	1681.09 (10.872649350015966,)
424	100  	375.173	500.807	12.0009	1678.22 (10.872649350015966,)
425	100  	360.413	507.608	14.1338	1704.2  (10.872649350015966,)
426	100  	358.342	513.73 	12.0182	1643.27 (10.872649350015966,)
427	100  	369.853	502.347	12.2448	1701.2  (10.872649350015966,)
428	100  	387.799	502.238	15.8058	1693.46 (10.872649350015966,)
429	100  	364.193	490.269	16.5462	1659.43 (10.872649350015966,)
430	100  	353.906	500.664	11.1632	1666.44 (10.872649350015966,)
431	100  	365.32 	510.109	17.6951	1672.04 (10.872649350015966,)
432	100  	362.546	502.349	11.8687	1681.85 (10.872649350015966,)
433	100  	365.307	497.525	12.8535	1690.35 (10.872649350015966,)
434	100  	355.006	493.414	13.8169	1687.33 (10.872649350015966,)
435	100  	370.415	484.068	14.0919	1656.15 (10.872649350015966,)
436	100  	346.56 	493.702	14.3869	1662.5  (10.872649350015966,)
437	100  	356.767	498.631	15.8876	1651.66 (10.872649350015966,)
438	100  	362.557	518.032	11.835 	1715.69 (10.872649350015966,)
439	100  	385.333	515.427	12.9645	1677.23 (10.872649350015966,)
440	100  	362.165	513.163	12.7686	1693.28 (10.872649350015966,)
441	100  	373.788	503.027	14.4591	1682.96 (10.872649350015966,)
442	100  	355.447	517.041	13.1903	1717.37 (10.872649350015966,)
443	100  	370.585	505.287	12.6239	1655.42 (10.872649350015966,)
444	100  	348.971	521.745	13.4641	1702.97 (10.872649350015966,)
445	100  	357.662	509.613	11.5264	1693.69 (10.872649350015966,)
446	100  	376.867	504.501	12.7599	1698.79 (10.872649350015966,)
447	100  	361.373	499.762	14.9946	1710.47 (10.872649350015966,)
448	100  	352.756	482.658	10.9941	1687.79 (10.872649350015966,)
449	100  	358.295	499.028	12.3654	1682.11 (10.872649350015966,)
450	100  	351.762	489.441	15.6459	1718.11 (10.872649350015966,)
451	100  	360.357	509.754	13.054 	1704.15 (10.872649350015966,)
452	100  	354.038	508.616	15.1242	1714.46 (10.872649350015966,)
453	100  	377.542	497.23 	15.3723	1725.65 (10.872649350015966,)
454	100  	362.371	511.066	12.6621	1689.96 (10.872649350015966,)
455	100  	356.56 	500.6  	11.7329	1622.8  (10.872649350015966,)
456	100  	367.025	501.463	11.6217	1723.3  (10.872649350015966,)
457	100  	377.227	508.148	12.5706	1721.89 (10.872649350015966,)
458	100  	365.174	497.863	13.791 	1699.49 (10.872649350015966,)
459	100  	368.429	502.733	12.7924	1701.22 (10.872649350015966,)
460	100  	362.704	498.052	12.8662	1686.53 (10.872649350015966,)
461	100  	363.686	508.31 	13.0859	1702.9  (10.872649350015966,)
462	100  	383.104	500.223	20.7441	1738.48 (10.872649350015966,)
463	100  	372.313	496.388	13.2068	1686.19 (10.872649350015966,)
464	100  	371.93 	496.105	17.2875	1639.78 (10.872649350015966,)
465	100  	371.002	494.012	13.9174	1632.32 (10.872649350015966,)
466	100  	361.735	505.761	12.112 	1677.43 (10.872649350015966,)
467	100  	371.668	515.743	13.5145	1672.15 (10.872649350015966,)
468	100  	382.888	496.185	11.5885	1692.78 (10.872649350015966,)
469	100  	361.609	502.086	11.9161	1739.06 (10.872649350015966,)
470	100  	379.749	511.061	12.4017	1694.16 (10.872649350015966,)
471	100  	368.234	507.393	12.9673	1671.67 (10.872649350015966,)
472	100  	366.309	507.585	13.6883	1688.24 (10.872649350015966,)
473	100  	357.37 	503.411	13.2087	1674.58 (10.872649350015966,)
474	100  	365.993	492.658	13.3715	1686.88 (10.872649350015966,)
475	100  	353.225	515.408	12.3768	1672.16 (10.872649350015966,)
476	100  	352.232	497.863	16.7582	1618.96 (10.872649350015966,)
477	100  	352.378	497.812	16.0404	1693.22 (10.872649350015966,)
478	100  	359.29 	511.997	13.9563	1707.29 (10.872649350015966,)
479	100  	363.744	495.445	12.6421	1682.47 (10.872649350015966,)
480	100  	375.774	512.218	11.3247	1637.95 (10.872649350015966,)
481	100  	387.529	506.998	12.201 	1687.93 (10.872649350015966,)
482	100  	360.924	504.944	11.9595	1651.18 (10.872649350015966,)
483	100  	353.783	511.464	11.2852	1648.31 (10.872649350015966,)
484	100  	361.01 	508.92 	13.0996	1682.6  (10.872649350015966,)
485	100  	359.342	495.162	14.4248	1666.72 (10.872649350015966,)
486	100  	358.362	496.683	17.4903	1669.68 (10.872649350015966,)
487	100  	384.798	505.673	17.728 	1666.02 (10.872649350015966,)
488	100  	383.542	499.33 	14.5932	1690.71 (10.872649350015966,)
489	100  	359.529	496.86 	11.789 	1672.09 (10.872649350015966,)
490	100  	370.307	506.253	17.886 	1644.55 (10.872649350015966,)
491	100  	361.807	495.246	14.0508	1677.14 (10.872649350015966,)
492	100  	360.757	509.702	13.4815	1676.95 (10.872649350015966,)
493	100  	370.294	500.572	14.115 	1715.75 (10.872649350015966,)
494	100  	373.187	495.06 	11.3635	1700.37 (10.872649350015966,)
495	100  	365.663	503.569	18.1227	1689.49 (10.872649350015966,)
496	100  	375.857	504.153	15.6216	1659.05 (10.872649350015966,)
497	100  	373.085	497.017	11.757 	1692.26 (10.872649350015966,)
498	100  	354.803	505.575	12.1896	1676.01 (10.872649350015966,)
499	100  	368.989	503.771	12.8718	1681.17 (10.872649350015966,)
