In file included from /usr/lib/python2.7/dist-packages/numpy/core/include/numpy/ndarraytypes.h:1761:0,
                 from /usr/lib/python2.7/dist-packages/numpy/core/include/numpy/ndarrayobject.h:17,
                 from /usr/lib/python2.7/dist-packages/numpy/core/include/numpy/arrayobject.h:4,
                 from /home/pinojc/.cache/scipy/python27_compiled/sc_9bade30717731f645b30a512f757f0fa1824.cpp:22:
/usr/lib/python2.7/dist-packages/numpy/core/include/numpy/npy_1_7_deprecated_api.h:15:2: warning: #warning "Using deprecated NumPy API, disable it by " "#defining NPY_NO_DEPRECATED_API NPY_1_7_API_VERSION" [-Wcpp]
 #warning "Using deprecated NumPy API, disable it by " \
  ^
gen	evals	avg    	std    	min    	max    
0  	100  	1157.95	332.804	391.431	1768.64 (391.43068159203375,)
1  	100  	1182.27	318.179	277.09 	1709.15 (277.08996494853619,)
2  	100  	1121.65	340.322	256.769	1656.5  (256.76859755161558,)
3  	100  	1046.28	340.347	283.378	1723.75 (256.76859755161558,)
4  	100  	972.222	337.468	272.969	1658.28 (256.76859755161558,)
5  	100  	878.909	350.864	225.178	1604.75 (225.17777206823766,)
6  	100  	807.374	363.782	223.951	1576.81 (223.95090688274541,)
7  	100  	687.701	385.866	181.34 	1586.81 (181.33998706925007,)
8  	100  	559.245	426.454	137.674	1608.93 (137.67353239336887,)
9  	100  	464.278	428.189	130.115	1670.99 (130.11521791945904,)
10 	100  	417.488	437.755	106.774	1634.09 (106.77356854663532,)
11 	100  	375.714	454.51 	93.7021	1592.4  (93.702073582355567,)
12 	100  	352.648	454.097	81.7928	1606.97 (81.792775198692638,)
13 	100  	340.641	446.713	71.9148	1652.55 (71.914818825468629,)
14 	100  	320.928	447.18 	72.2999	1575.95 (71.914818825468629,)
15 	100  	317.434	437.369	66.137 	1623.26 (66.137029913293091,)
16 	100  	321.269	444.412	65.8663	1614.87 (65.866259704542912,)
17 	100  	312.944	446.341	57.112 	1654.73 (57.111968922555107,)
18 	100  	325.83 	470.711	51.4929	1646.43 (51.492876686541329,)
19 	100  	310    	459.851	49.5929	1658.9  (49.592945205522753,)
20 	100  	312.09 	450.946	44.332 	1553.53 (44.331977270765961,)
21 	100  	303.705	449.185	31.2203	1624.13 (31.220268298459132,)
22 	100  	299.129	449.012	30.2256	1668.32 (30.225610039694267,)
23 	100  	295.371	452.592	34.0783	1642.81 (30.225610039694267,)
24 	100  	281.643	448.865	31.1834	1634.67 (30.225610039694267,)
25 	100  	287.998	448.145	24.3804	1669.28 (24.380352786990532,)
26 	100  	267.795	431.014	18.2827	1529.88 (18.282699765119389,)
27 	100  	268.87 	433.305	21.5245	1543.22 (18.282699765119389,)
28 	100  	266.427	423.25 	17.4342	1524.38 (17.434178935335215,)
29 	100  	260.887	425.625	19.4898	1565.81 (17.434178935335215,)
30 	100  	255.109	425.567	20.9069	1556.06 (17.434178935335215,)
31 	100  	257.755	430.657	19.4392	1627.81 (17.434178935335215,)
32 	100  	267.614	427.456	20.5336	1555.03 (17.434178935335215,)
33 	100  	262.923	424.63 	20.253 	1542.91 (17.434178935335215,)
34 	100  	264.347	431.739	18.6222	1576.03 (17.434178935335215,)
35 	100  	270.405	422.881	19.609 	1557.73 (17.434178935335215,)
36 	100  	260.82 	426.726	17.9886	1587.52 (17.434178935335215,)
37 	100  	251.31 	416.291	19.5314	1540.33 (17.434178935335215,)
38 	100  	264.408	436.207	18.6884	1600.22 (17.434178935335215,)
39 	100  	260.008	425.918	22.5059	1547.84 (17.434178935335215,)
40 	100  	279.275	420.765	18.5794	1562.47 (17.434178935335215,)
41 	100  	258.936	428.511	19.2599	1547.46 (17.434178935335215,)
42 	100  	256.008	422.206	18.8424	1565.45 (17.434178935335215,)
43 	100  	264.078	429.547	17.8957	1570.87 (17.434178935335215,)
44 	100  	255.467	434.25 	19.2814	1597.15 (17.434178935335215,)
45 	100  	252.197	412.664	20.3177	1583.92 (17.434178935335215,)
46 	100  	260.072	417.698	18.5593	1589.45 (17.434178935335215,)
47 	100  	272.126	429.216	19.3474	1645.92 (17.434178935335215,)
48 	100  	261.154	425.281	17.4318	1525.52 (17.431794450037344,)
49 	100  	279.038	421.9  	21.5441	1603.81 (17.431794450037344,)
50 	100  	278.916	414.235	17.0252	1539.9  (17.025247970231401,)
51 	100  	252.161	414.012	17.2962	1554.86 (17.025247970231401,)
52 	100  	261.285	419.807	17.4845	1605.7  (17.025247970231401,)
53 	100  	255.997	418.591	17.7317	1533.74 (17.025247970231401,)
54 	100  	247.654	398.644	16.8741	1504.29 (16.874147383486502,)
55 	100  	248.957	415.192	18.0227	1552.13 (16.874147383486502,)
56 	100  	258.723	411.676	21.5763	1559.03 (16.874147383486502,)
57 	100  	257.909	401.283	20.5455	1482.65 (16.874147383486502,)
58 	100  	252.266	417.175	25.7237	1520.31 (16.874147383486502,)
59 	100  	250.368	424.428	16.931 	1620.35 (16.874147383486502,)
60 	100  	247.139	413.312	18.248 	1591.74 (16.874147383486502,)
61 	100  	254.886	416.58 	23.3972	1592.31 (16.874147383486502,)
62 	100  	254.185	409.691	20.6374	1606.63 (16.874147383486502,)
63 	100  	251.075	421.18 	18.9773	1587.87 (16.874147383486502,)
64 	100  	260.164	420.138	16.799 	1563.55 (16.799021139639169,)
65 	100  	264.261	437.012	14.9936	1583.84 (14.993619132496629,)
66 	100  	265.577	423.96 	15.0158	1597.62 (14.993619132496629,)
67 	100  	264.788	411.361	15.4199	1564.01 (14.993619132496629,)
68 	100  	261.007	427.691	14.1344	1624    (14.134438693655641,)
69 	100  	245.578	421.178	16.5875	1598.29 (14.134438693655641,)
70 	100  	254.565	424.305	14.7443	1578.43 (14.134438693655641,)
71 	100  	249.164	411.087	14.0651	1555.27 (14.065132842712313,)
72 	100  	240.502	400.618	16.8948	1537.08 (14.065132842712313,)
73 	100  	247.199	410.621	12.8989	1596.24 (12.898926817790459,)
74 	100  	241.546	399.326	16.421 	1512.05 (12.898926817790459,)
75 	100  	244.054	406.277	22.2001	1554.06 (12.898926817790459,)
76 	100  	248.11 	402.557	14.4286	1616.25 (12.898926817790459,)
77 	100  	261.209	395.613	16.5051	1605.19 (12.898926817790459,)
78 	100  	235.382	387.907	16.223 	1519.69 (12.898926817790459,)
79 	100  	249.733	388.754	16.273 	1512.91 (12.898926817790459,)
80 	100  	236.536	410.441	14.2053	1624.81 (12.898926817790459,)
81 	100  	238.391	396.194	15.1389	1613.23 (12.898926817790459,)
82 	100  	247.332	398.886	17.3434	1571.63 (12.898926817790459,)
83 	100  	258.477	404.631	15.3067	1603.89 (12.898926817790459,)
84 	100  	239.256	408.301	15.8118	1579.99 (12.898926817790459,)
85 	100  	240.523	406.724	13.8972	1594.3  (12.898926817790459,)
86 	100  	229.169	411.01 	15.3751	1561.23 (12.898926817790459,)
87 	100  	225.161	411.243	12.8222	1565.73 (12.82223636808614,)
88 	100  	237.745	408.614	16.0303	1581.53 (12.82223636808614,)
89 	100  	251.331	402.359	16.2559	1606.42 (12.82223636808614,)
90 	100  	241.318	401.462	15.5335	1558    (12.82223636808614,)
91 	100  	252.344	409.133	13.8089	1559.95 (12.82223636808614,)
92 	100  	249.949	402.48 	18.6276	1601.5  (12.82223636808614,)
93 	100  	245.266	396.604	14.6471	1574.33 (12.82223636808614,)
94 	100  	248.243	411.326	17.0316	1551.76 (12.82223636808614,)
95 	100  	245.92 	406.645	14.0346	1531.76 (12.82223636808614,)
96 	100  	240.702	409.623	13.5579	1565.48 (12.82223636808614,)
97 	100  	240.662	400.837	20.2555	1544.23 (12.82223636808614,)
98 	100  	240.232	401.543	17.8982	1531.52 (12.82223636808614,)
99 	100  	243.991	405.249	15.1676	1565.56 (12.82223636808614,)
100	100  	230.129	399.416	16.866 	1575.71 (12.82223636808614,)
101	100  	222.612	405.749	13.3658	1516.19 (12.82223636808614,)
102	100  	230.5  	403.003	15.031 	1574.82 (12.82223636808614,)
103	100  	241.91 	395.663	14.7055	1546.73 (12.82223636808614,)
104	100  	243.839	382.659	15.7663	1535.4  (12.82223636808614,)
105	100  	237.007	412.595	16.5331	1601.43 (12.82223636808614,)
106	100  	247.251	400.579	13.2395	1563.86 (12.82223636808614,)
107	100  	231.757	380.362	15.8191	1509.04 (12.82223636808614,)
108	100  	234.678	405.374	18.2531	1570.55 (12.82223636808614,)
109	100  	235.299	396.042	13.641 	1593.73 (12.82223636808614,)
110	100  	226.709	385.605	15.4081	1540.08 (12.82223636808614,)
111	100  	219.486	389.643	16.1072	1534.06 (12.82223636808614,)
112	100  	205.33 	362.653	15.2528	1551.11 (12.82223636808614,)
113	100  	215.176	370.969	15.9533	1535.66 (12.82223636808614,)
114	100  	218.663	374.267	17.9165	1549.6  (12.82223636808614,)
115	100  	211.051	369.457	18.6912	1504.42 (12.82223636808614,)
116	100  	222.851	366.993	14.2185	1537.45 (12.82223636808614,)
117	100  	214.673	365.343	14.0295	1460.64 (12.82223636808614,)
118	100  	212.433	376.513	15.051 	1609.27 (12.82223636808614,)
119	100  	217.51 	377.644	14.797 	1592.11 (12.82223636808614,)
120	100  	220.365	393.01 	12.1087	1598.67 (12.108658094379859,)
121	100  	211.22 	388.231	15.4706	1551.55 (12.108658094379859,)
122	100  	210.267	383.596	15.3896	1535.36 (12.108658094379859,)
123	100  	205.928	369.89 	16.4279	1506.63 (12.108658094379859,)
124	100  	215.017	367.853	14.8976	1542.15 (12.108658094379859,)
125	100  	211.299	379.269	12.4185	1564.93 (12.108658094379859,)
126	100  	190.677	358.914	13.7592	1561.08 (12.108658094379859,)
127	100  	204.821	354.702	13.5645	1498.38 (12.108658094379859,)
128	100  	204.941	354.435	14.5763	1615.84 (12.108658094379859,)
129	100  	206.022	352.955	15.1589	1525.3  (12.108658094379859,)
130	100  	201.738	344.529	18.4318	1546.57 (12.108658094379859,)
131	100  	191.385	338.892	14.0944	1528.29 (12.108658094379859,)
132	100  	176.48 	343.158	14.5396	1544.73 (12.108658094379859,)
133	100  	186.163	335.743	11.8135	1546.87 (11.813514596103424,)
134	100  	183.046	347.446	12.8541	1525.57 (11.813514596103424,)
135	100  	203.186	339.028	12.4208	1571.66 (11.813514596103424,)
136	100  	178.429	345.365	15.5653	1582.16 (11.813514596103424,)
137	100  	187.426	343.413	10.4375	1539.09 (10.437473529248797,)
138	100  	185.829	358.104	11.1895	1586.7  (10.437473529248797,)
139	100  	177.172	349.376	10.6268	1563.31 (10.437473529248797,)
140	100  	190.174	345.046	11.9077	1553.4  (10.437473529248797,)
141	100  	191.825	363.393	12.1996	1587.78 (10.437473529248797,)
142	100  	181.46 	347.206	12.4431	1521.71 (10.437473529248797,)
143	100  	180.677	350.224	12.6359	1537.17 (10.437473529248797,)
144	100  	181.678	355.885	10.0143	1599.6  (10.01429547440328,)
145	100  	192.282	356.225	12.4515	1542.04 (10.01429547440328,)
146	100  	193.519	357.977	11.4427	1559.7  (10.01429547440328,)
147	100  	189.933	352.578	13.0611	1480.24 (10.01429547440328,)
148	100  	185.248	362.976	11.0954	1533.6  (10.01429547440328,)
149	100  	192.962	352.607	19.5174	1530.75 (10.01429547440328,)
150	100  	187.932	350.115	11.3289	1550.91 (10.01429547440328,)
151	100  	189.186	339.337	10.5151	1550.23 (10.01429547440328,)
152	100  	191.729	352.116	11.5521	1539.99 (10.01429547440328,)
153	100  	190.099	356.085	12.1273	1550.07 (10.01429547440328,)
154	100  	184.13 	357.995	13.3522	1530.71 (10.01429547440328,)
155	100  	182.184	355.812	11.8774	1529.28 (10.01429547440328,)
156	100  	179.708	356.521	11.1476	1588.47 (10.01429547440328,)
157	100  	191.338	361.867	15.6107	1582.17 (10.01429547440328,)
158	100  	199.915	366.734	13.1881	1596.51 (10.01429547440328,)
159	100  	204.368	366.943	10.9685	1589.53 (10.01429547440328,)
160	100  	189.397	365.455	11.6392	1598.2  (10.01429547440328,)
161	100  	189.941	362.62 	10.8173	1624.7  (10.01429547440328,)
162	100  	183.576	359.646	12.2252	1618.13 (10.01429547440328,)
163	100  	187.52 	350.151	12.8829	1582.48 (10.01429547440328,)
164	100  	195.576	358.033	11.8074	1642.94 (10.01429547440328,)
165	100  	192.915	345.236	10.3672	1569.89 (10.01429547440328,)
166	100  	201.77 	357.386	10.6071	1566.14 (10.01429547440328,)
167	100  	177.521	329.84 	10.4343	1514.62 (10.01429547440328,)
168	100  	172.979	317.524	10.1895	1484.04 (10.01429547440328,)
169	100  	169.386	318.865	12.8037	1582.75 (10.01429547440328,)
170	100  	175.671	317.261	12.1543	1602.25 (10.01429547440328,)
171	100  	161.86 	330.255	13.9136	1605.43 (10.01429547440328,)
172	100  	175.469	330.705	13.4299	1593.66 (10.01429547440328,)
173	100  	165.132	330.507	11.3508	1600.7  (10.01429547440328,)
174	100  	175.206	343.151	11.8204	1597.69 (10.01429547440328,)
175	100  	171.692	338.079	12.4576	1545.14 (10.01429547440328,)
176	100  	188.468	345.816	11.3829	1608.32 (10.01429547440328,)
177	100  	170.776	339.57 	12.3542	1611.96 (10.01429547440328,)
178	100  	182.413	331.29 	11.704 	1560.49 (10.01429547440328,)
179	100  	185.263	344.275	11.449 	1596.53 (10.01429547440328,)
180	100  	173.405	343.421	11.9631	1567.35 (10.01429547440328,)
181	100  	171.791	341.761	9.02026	1561.4  (9.0202617726790333,)
182	100  	162.853	333.648	10.6626	1570.58 (9.0202617726790333,)
183	100  	168.351	332.234	10.1285	1584.5  (9.0202617726790333,)
184	100  	167.431	330.113	10.6694	1629.63 (9.0202617726790333,)
185	100  	175.974	324.78 	10.5705	1531.61 (9.0202617726790333,)
186	100  	158.411	336.117	10.7014	1559.13 (9.0202617726790333,)
187	100  	152.809	347.862	10.2718	1622.75 (9.0202617726790333,)
188	100  	168.272	342.767	11.2803	1563.54 (9.0202617726790333,)
189	100  	161.729	349.773	12.2822	1623.12 (9.0202617726790333,)
190	100  	162.568	339.139	10.1325	1564.06 (9.0202617726790333,)
191	100  	173.482	327.55 	11.0276	1539.54 (9.0202617726790333,)
192	100  	168.079	340.322	10.4696	1616.41 (9.0202617726790333,)
193	100  	156.531	330.743	10.8595	1639.67 (9.0202617726790333,)
194	100  	171.437	332.531	12.7845	1595.8  (9.0202617726790333,)
195	100  	172.122	340.685	11.526 	1540.11 (9.0202617726790333,)
196	100  	166.044	333.646	12.8309	1600.23 (9.0202617726790333,)
197	100  	168.755	327.123	9.72911	1513.96 (9.0202617726790333,)
198	100  	171.633	334.772	8.95703	1549.3  (8.9570297737940301,)
199	100  	158.235	332.559	12.4773	1549.53 (8.9570297737940301,)
200	100  	150.731	318.662	10.7918	1601.88 (8.9570297737940301,)
201	100  	164.972	342.257	11.2613	1634.46 (8.9570297737940301,)
202	100  	165.606	338.949	11.1925	1597.17 (8.9570297737940301,)
203	100  	173.288	347.351	9.62408	1617.61 (8.9570297737940301,)
204	100  	165.914	335.681	9.84572	1572.49 (8.9570297737940301,)
205	100  	186.932	342.107	12.5413	1604.76 (8.9570297737940301,)
206	100  	176.641	334.052	9.7872 	1580.12 (8.9570297737940301,)
207	100  	173.434	331.75 	10.1613	1581.08 (8.9570297737940301,)
208	100  	178.407	342.643	10.2936	1603.21 (8.9570297737940301,)
209	100  	177.523	337.749	12.5013	1583.67 (8.9570297737940301,)
210	100  	172.335	335.119	11.027 	1538.12 (8.9570297737940301,)
211	100  	156.488	335.165	11.6796	1541.26 (8.9570297737940301,)
212	100  	166.832	335.018	9.9524 	1587.58 (8.9570297737940301,)
213	100  	158.759	338.453	10.2639	1582.42 (8.9570297737940301,)
214	100  	170.623	338.161	11.1154	1531.3  (8.9570297737940301,)
215	100  	175.643	335.378	13.6004	1573.28 (8.9570297737940301,)
216	100  	166.293	322.969	10.7099	1527.55 (8.9570297737940301,)
217	100  	161.687	333.743	9.21461	1583.87 (8.9570297737940301,)
218	100  	165.967	345.397	9.18437	1592.2  (8.9570297737940301,)
219	100  	167.689	333.371	10.9903	1576.62 (8.9570297737940301,)
220	100  	164.637	325.059	13.7374	1531.75 (8.9570297737940301,)
221	100  	170.115	341.451	10.5309	1579.96 (8.9570297737940301,)
222	100  	178.107	354.184	11.6206	1665.17 (8.9570297737940301,)
223	100  	175.503	349.563	9.9798 	1635.79 (8.9570297737940301,)
224	100  	168.072	346.352	9.85647	1617.21 (8.9570297737940301,)
225	100  	166.191	331.581	11.0118	1535.78 (8.9570297737940301,)
226	100  	152.683	327.496	11.7074	1497.48 (8.9570297737940301,)
227	100  	161.613	330.119	10.9191	1513.47 (8.9570297737940301,)
228	100  	158.082	327.545	12.8925	1549.7  (8.9570297737940301,)
229	100  	168.592	335.851	9.59324	1561.82 (8.9570297737940301,)
230	100  	168.331	348.239	9.04816	1548.47 (8.9570297737940301,)
231	100  	174.559	340.005	9.94631	1586.9  (8.9570297737940301,)
232	100  	165.377	330.974	11.5509	1598.72 (8.9570297737940301,)
233	100  	162.066	342.639	10.2442	1551.9  (8.9570297737940301,)
234	100  	163.966	329.574	8.21785	1529.99 (8.2178513695180371,)
235	100  	160.887	332.121	8.60091	1548    (8.2178513695180371,)
236	100  	160.058	340.926	8.71901	1620.27 (8.2178513695180371,)
237	100  	167.082	337.257	8.72324	1589.59 (8.2178513695180371,)
238	100  	159.031	340.134	9.57021	1593.89 (8.2178513695180371,)
239	100  	162.12 	342.572	8.50397	1656.4  (8.2178513695180371,)
240	100  	150.514	345.085	10.2314	1590.87 (8.2178513695180371,)
241	100  	170.144	346.529	8.1841 	1658.42 (8.184102259468764,)
242	100  	168.118	352.486	10.7606	1633.56 (8.184102259468764,)
243	100  	180.133	351.58 	8.39493	1621    (8.184102259468764,)
244	100  	176.134	346.627	9.97923	1599.67 (8.184102259468764,)
245	100  	164.853	351.325	8.28571	1623.84 (8.184102259468764,)
246	100  	153.32 	341.607	10.9389	1678.09 (8.184102259468764,)
247	100  	168.001	344.35 	8.39763	1607.04 (8.184102259468764,)
248	100  	168.547	339.922	8.55311	1604.54 (8.184102259468764,)
249	100  	167.011	345.945	14.7397	1554.64 (8.184102259468764,)
250	100  	167.533	349.503	11.09  	1645.69 (8.184102259468764,)
251	100  	168.166	344.479	14.9529	1606.28 (8.184102259468764,)
252	100  	163.712	333.302	7.6039 	1559.46 (7.6039004408456261,)
253	100  	166.553	341.137	11.3427	1556.69 (7.6039004408456261,)
254	100  	168.113	336.888	9.50188	1572.14 (7.6039004408456261,)
255	100  	170.547	333.777	10.0486	1523.05 (7.6039004408456261,)
256	100  	170.53 	323.519	8.60007	1493.76 (7.6039004408456261,)
257	100  	170.592	343.452	11.3184	1582.17 (7.6039004408456261,)
258	100  	173.292	352.474	9.00129	1588.44 (7.6039004408456261,)
259	100  	178.334	344.923	10.7904	1583.28 (7.6039004408456261,)
260	100  	172.949	332.071	10.4227	1584.74 (7.6039004408456261,)
261	100  	170.98 	333.737	8.14686	1545.72 (7.6039004408456261,)
262	100  	166.328	346.414	8.13399	1586.11 (7.6039004408456261,)
263	100  	160.582	341.008	9.40491	1568.74 (7.6039004408456261,)
264	100  	154.535	327.377	8.21439	1565.15 (7.6039004408456261,)
265	100  	164.483	336.721	7.60292	1562.72 (7.6029194532736719,)
266	100  	163.217	330.92 	7.79398	1535.93 (7.6029194532736719,)
267	100  	173.975	337.989	9.34636	1555.17 (7.6029194532736719,)
268	100  	176.527	325.565	7.303  	1530.25 (7.3029968090248136,)
269	100  	178.661	332.746	9.06872	1537.57 (7.3029968090248136,)
270	100  	179.74 	331.446	7.97362	1552.92 (7.3029968090248136,)
271	100  	161.467	314.102	8.61557	1573.28 (7.3029968090248136,)
272	100  	164.22 	303.173	8.13723	1533.93 (7.3029968090248136,)
273	100  	152.84 	309.054	10.0581	1638.85 (7.3029968090248136,)
274	100  	164.937	311.445	7.85581	1644.78 (7.3029968090248136,)
275	100  	166.605	315.547	10.2147	1639.97 (7.3029968090248136,)
276	100  	163.325	319.179	8.82781	1645.09 (7.3029968090248136,)
277	100  	170.87 	307.559	10.222 	1568.57 (7.3029968090248136,)
278	100  	173.869	305.065	10.6925	1539.91 (7.3029968090248136,)
279	100  	164.245	297.384	10.1434	1516.96 (7.3029968090248136,)
280	100  	167.584	294.212	8.58975	1435.57 (7.3029968090248136,)
281	100  	170.951	277.188	7.51601	1460.57 (7.3029968090248136,)
282	100  	170.064	305.837	8.47443	1513.38 (7.3029968090248136,)
283	100  	157.747	301.651	10.5062	1587.54 (7.3029968090248136,)
284	100  	166.728	297.041	8.78337	1590.2  (7.3029968090248136,)
285	100  	154.747	295.408	11.8706	1487.14 (7.3029968090248136,)
286	100  	150.709	309.171	10.9139	1558.61 (7.3029968090248136,)
287	100  	161.855	314.017	7.66671	1596.13 (7.3029968090248136,)
288	100  	158.458	305.571	8.51858	1527.11 (7.3029968090248136,)
289	100  	156.435	304.402	8.00789	1539.24 (7.3029968090248136,)
290	100  	151.871	303.435	9.34478	1562.37 (7.3029968090248136,)
291	100  	150.266	303.572	8.09713	1477.67 (7.3029968090248136,)
292	100  	157.459	306.949	10.2808	1592.97 (7.3029968090248136,)
293	100  	161.335	315.473	8.39954	1574.99 (7.3029968090248136,)
294	100  	164.498	313.703	9.9073 	1572.32 (7.3029968090248136,)
295	100  	153.03 	307.952	9.13494	1556.03 (7.3029968090248136,)
296	100  	155.897	309.777	9.86691	1546.34 (7.3029968090248136,)
297	100  	161.462	311.282	7.88473	1518.58 (7.3029968090248136,)
298	100  	158.418	316.212	10.4034	1600.13 (7.3029968090248136,)
299	100  	141.897	312.65 	8.21159	1533.51 (7.3029968090248136,)
300	100  	141.751	286.276	8.71777	1451.03 (7.3029968090248136,)
301	100  	142.328	303.432	9.41281	1530.92 (7.3029968090248136,)
302	100  	169.141	322.22 	10.1315	1604.6  (7.3029968090248136,)
303	100  	161.021	305.024	8.68788	1599.51 (7.3029968090248136,)
304	100  	142.423	303.427	8.72851	1601.28 (7.3029968090248136,)
305	100  	156.836	306.2  	10.5392	1602.64 (7.3029968090248136,)
306	100  	159.791	319.249	7.2905 	1553.66 (7.2905018083870354,)
307	100  	157.409	319.046	8.29721	1583.2  (7.2905018083870354,)
308	100  	153.289	309.28 	9.03995	1599.97 (7.2905018083870354,)
309	100  	166.189	306.049	11.0875	1691.47 (7.2905018083870354,)
310	100  	164.925	308.291	8.34715	1656.1  (7.2905018083870354,)
311	100  	155.105	302.303	7.36934	1591.6  (7.2905018083870354,)
312	100  	143.037	307.046	8.67126	1591.76 (7.2905018083870354,)
313	100  	160.294	303.043	11.3275	1554.22 (7.2905018083870354,)
314	100  	163.388	305.907	8.09454	1575.68 (7.2905018083870354,)
315	100  	166.998	312.698	9.91096	1531.04 (7.2905018083870354,)
316	100  	162.145	307.947	7.31485	1590.69 (7.2905018083870354,)
317	100  	165.087	313.223	9.80078	1564.76 (7.2905018083870354,)
318	100  	161.437	303.582	8.33565	1558.6  (7.2905018083870354,)
319	100  	157.507	316.665	7.63578	1605    (7.2905018083870354,)
320	100  	150.054	311.4  	9.33638	1566.41 (7.2905018083870354,)
321	100  	155.542	311.676	9.06226	1545.96 (7.2905018083870354,)
322	100  	161.152	304.085	10.3959	1566.69 (7.2905018083870354,)
323	100  	174.124	313.718	9.66098	1523.65 (7.2905018083870354,)
324	100  	175.767	311.094	7.60801	1598.09 (7.2905018083870354,)
325	100  	158.884	291.647	9.15499	1507.94 (7.2905018083870354,)
326	100  	157.381	301.665	7.45567	1589.01 (7.2905018083870354,)
327	100  	151.175	310.343	10.2349	1538.91 (7.2905018083870354,)
328	100  	163.288	317.408	9.2361 	1557.42 (7.2905018083870354,)
329	100  	157.539	303.171	8.9146 	1587.63 (7.2905018083870354,)
330	100  	152.271	316.478	9.775  	1586.2  (7.2905018083870354,)
331	100  	159.772	294.978	10.0019	1643.21 (7.2905018083870354,)
332	100  	149.059	287.562	7.21521	1491.43 (7.215210869535281,)
333	100  	144.613	298.603	9.86138	1547.98 (7.215210869535281,)
334	100  	151.47 	290.091	8.22856	1541.32 (7.215210869535281,)
335	100  	157.846	300.265	8.07759	1572.62 (7.215210869535281,)
336	100  	158.695	295.949	10.5912	1559.18 (7.215210869535281,)
337	100  	154.159	295.729	10.7064	1542.93 (7.215210869535281,)
338	100  	166.027	315.49 	8.38533	1555.93 (7.215210869535281,)
339	100  	163.286	306.746	9.87107	1515.87 (7.215210869535281,)
340	100  	174.996	309.236	8.41416	1586.58 (7.215210869535281,)
341	100  	159.628	305.123	8.34586	1555.09 (7.215210869535281,)
342	100  	163.767	303.864	9.00756	1572.66 (7.215210869535281,)
343	100  	152.021	306.687	8.25978	1527.46 (7.215210869535281,)
344	100  	153.537	302.336	7.10754	1539.41 (7.107542969450841,)
345	100  	151.36 	305.212	6.99585	1531.74 (6.995853545798985,)
346	100  	165.705	313.828	7.61332	1616.52 (6.995853545798985,)
347	100  	167.849	324.764	6.6251 	1625.05 (6.6251049857119808,)
348	100  	153.059	315.664	6.75585	1632.08 (6.6251049857119808,)
349	100  	148.168	304.607	9.22861	1561.11 (6.6251049857119808,)
350	100  	161.324	306.811	9.15768	1574.67 (6.6251049857119808,)
351	100  	157.062	301.545	7.62956	1483.63 (6.6251049857119808,)
352	100  	157.222	308.971	8.07606	1521.64 (6.6251049857119808,)
353	100  	129.257	299.985	8.0215 	1523.15 (6.6251049857119808,)
354	100  	154.761	312.485	8.39863	1508.72 (6.6251049857119808,)
355	100  	151.36 	310.359	6.99404	1553.44 (6.6251049857119808,)
356	100  	166.324	312.983	8.28468	1544.79 (6.6251049857119808,)
357	100  	161.64 	304.861	8.45857	1512.26 (6.6251049857119808,)
358	100  	159.641	297.032	7.4776 	1535.77 (6.6251049857119808,)
359	100  	146.696	313.798	7.76618	1579.02 (6.6251049857119808,)
360	100  	153.793	314.347	7.74423	1585.25 (6.6251049857119808,)
361	100  	164.612	314.174	7.77601	1555.41 (6.6251049857119808,)
362	100  	161.315	315.938	8.07209	1584.65 (6.6251049857119808,)
363	100  	154.014	310.233	9.27525	1578.88 (6.6251049857119808,)
364	100  	147.516	309.861	7.20808	1612.21 (6.6251049857119808,)
365	100  	151.16 	318.867	7.76594	1569.23 (6.6251049857119808,)
366	100  	162.126	307.746	9.12691	1541.59 (6.6251049857119808,)
367	100  	148.868	295.953	7.36829	1510.43 (6.6251049857119808,)
368	100  	150.353	312.676	7.71733	1546.89 (6.6251049857119808,)
369	100  	159.686	298.625	9.77482	1503.02 (6.6251049857119808,)
370	100  	154.687	307.406	7.35349	1523.54 (6.6251049857119808,)
371	100  	150.507	302.799	9.29325	1545.2  (6.6251049857119808,)
372	100  	162.819	314.715	6.59136	1588.1  (6.5913581961178709,)
373	100  	159.502	310.143	6.55377	1550.62 (6.5537676062908581,)
374	100  	157.782	312.087	8.91134	1572.15 (6.5537676062908581,)
375	100  	180.677	314.474	8.79606	1565.75 (6.5537676062908581,)
376	100  	160.467	317.644	7.53998	1576.4  (6.5537676062908581,)
377	100  	161.037	312.393	7.92748	1574.36 (6.5537676062908581,)
378	100  	151.797	316.122	6.95642	1544.23 (6.5537676062908581,)
379	100  	153.916	316.15 	7.54891	1597.73 (6.5537676062908581,)
380	100  	163.673	322.407	7.43178	1628.86 (6.5537676062908581,)
381	100  	161.262	310.587	10.6643	1536.36 (6.5537676062908581,)
382	100  	171.196	319.971	7.6736 	1572.34 (6.5537676062908581,)
383	100  	157.749	316.975	8.15688	1597.76 (6.5537676062908581,)
384	100  	147.168	321.051	6.42404	1574.29 (6.4240353030183508,)
385	100  	161.231	312.124	7.66879	1539.8  (6.4240353030183508,)
386	100  	164.644	304.589	8.20068	1560.14 (6.4240353030183508,)
387	100  	167.961	304.312	9.86317	1507.01 (6.4240353030183508,)
388	100  	147.99 	294.434	6.65398	1560.21 (6.4240353030183508,)
389	100  	152.349	318.82 	8.28637	1575.97 (6.4240353030183508,)
390	100  	157.321	308.547	8.21798	1498.01 (6.4240353030183508,)
391	100  	161.457	312.671	8.06071	1552.86 (6.4240353030183508,)
392	100  	152.258	304.127	6.6318 	1620.35 (6.4240353030183508,)
393	100  	163.249	314.307	8.52254	1553.12 (6.4240353030183508,)
394	100  	166.304	310.113	9.86426	1591.94 (6.4240353030183508,)
395	100  	154.153	314.141	9.74703	1573.39 (6.4240353030183508,)
396	100  	158.324	322.133	8.31539	1563    (6.4240353030183508,)
397	100  	157.814	312.292	7.552  	1593.42 (6.4240353030183508,)
398	100  	159.309	316.301	8.7513 	1600.6  (6.4240353030183508,)
399	100  	155.042	318.279	6.74503	1602.97 (6.4240353030183508,)
400	100  	145.918	310.049	6.14524	1596.53 (6.1452357641374649,)
401	100  	151.136	298.718	7.37225	1534.34 (6.1452357641374649,)
402	100  	159.33 	309.397	7.68698	1511.9  (6.1452357641374649,)
403	100  	148.3  	312.521	10.1432	1541.44 (6.1452357641374649,)
404	100  	156.596	301.143	9.03689	1493.51 (6.1452357641374649,)
405	100  	156.163	296.084	8.77737	1492.36 (6.1452357641374649,)
406	100  	155.61 	311.91 	6.4248 	1523.65 (6.1452357641374649,)
407	100  	153.248	317.852	9.64025	1582.27 (6.1452357641374649,)
408	100  	152.386	303.133	8.87444	1500.22 (6.1452357641374649,)
409	100  	164.773	309.499	8.4019 	1635.67 (6.1452357641374649,)
410	100  	158.262	311.895	6.94286	1575.11 (6.1452357641374649,)
411	100  	159.95 	304.091	7.31375	1531.03 (6.1452357641374649,)
412	100  	150.247	302.172	7.67365	1566.49 (6.1452357641374649,)
413	100  	153.869	312.738	6.94928	1633.76 (6.1452357641374649,)
414	100  	143.312	288.329	7.43684	1499.3  (6.1452357641374649,)
415	100  	159.703	299.197	8.61482	1570.11 (6.1452357641374649,)
416	100  	153.245	296.141	6.40443	1505.38 (6.1452357641374649,)
417	100  	154.153	313.458	6.56945	1590.32 (6.1452357641374649,)
418	100  	145.268	309.883	7.02689	1569.63 (6.1452357641374649,)
419	100  	163.338	306.547	7.84465	1530.26 (6.1452357641374649,)
420	100  	161.312	295.624	6.04659	1488.04 (6.0465931459540503,)
421	100  	166.432	319.441	6.21877	1568.39 (6.0465931459540503,)
422	100  	174.241	316.391	6.47867	1564.88 (6.0465931459540503,)
423	100  	170.932	306.075	7.80345	1533.13 (6.0465931459540503,)
424	100  	164.279	301.325	11.2828	1574.68 (6.0465931459540503,)
425	100  	157.91 	309.427	8.28883	1542.36 (6.0465931459540503,)
426	100  	150.709	307.106	7.16109	1539.73 (6.0465931459540503,)
427	100  	153.254	325.73 	7.68946	1630.64 (6.0465931459540503,)
428	100  	169.041	319.968	6.49249	1614.09 (6.0465931459540503,)
429	100  	169.7  	306.63 	7.46671	1529.1  (6.0465931459540503,)
430	100  	170.229	320.419	7.56336	1675.85 (6.0465931459540503,)
431	100  	165.559	311.505	8.96379	1627.31 (6.0465931459540503,)
432	100  	157.067	327.43 	8.57091	1628.67 (6.0465931459540503,)
433	100  	164.372	308.929	8.84833	1638.44 (6.0465931459540503,)
434	100  	153.353	313.002	8.24044	1518.72 (6.0465931459540503,)
435	100  	153.744	307.134	7.71505	1559.39 (6.0465931459540503,)
436	100  	150.259	297.821	6.50948	1565.89 (6.0465931459540503,)
437	100  	169.641	312.086	9.78201	1556.19 (6.0465931459540503,)
438	100  	159.201	312.529	6.64586	1644.67 (6.0465931459540503,)
439	100  	159.929	315.983	5.94339	1582.55 (5.9433934079982835,)
440	100  	146.389	314.188	5.21751	1589.3  (5.2175125627000289,)
441	100  	155.131	309.094	7.68945	1521.03 (5.2175125627000289,)
442	100  	160.112	308.597	7.46677	1552    (5.2175125627000289,)
443	100  	158.938	305.267	5.30923	1590.19 (5.2175125627000289,)
444	100  	163.606	299.593	11.0486	1516.88 (5.2175125627000289,)
445	100  	154.812	294.819	6.41673	1558.69 (5.2175125627000289,)
446	100  	159.931	305.958	9.2203 	1529.59 (5.2175125627000289,)
447	100  	156.69 	313.322	5.9407 	1613.66 (5.2175125627000289,)
448	100  	156.351	307.055	8.28874	1543.87 (5.2175125627000289,)
449	100  	144.456	301.088	6.78263	1554.98 (5.2175125627000289,)
450	100  	153.346	301.691	8.51027	1496.86 (5.2175125627000289,)
451	100  	148.645	315.996	9.46224	1559.99 (5.2175125627000289,)
452	100  	167.161	315.636	6.31014	1607.95 (5.2175125627000289,)
453	100  	157.796	293.118	5.84563	1509.63 (5.2175125627000289,)
454	100  	160.904	320.571	9.07789	1560.15 (5.2175125627000289,)
455	100  	148.37 	316.457	7.9689 	1565.59 (5.2175125627000289,)
456	100  	160.254	317.509	7.65334	1565.42 (5.2175125627000289,)
457	100  	172.588	306.115	8.69818	1514.47 (5.2175125627000289,)
458	100  	151.195	314.921	8.80576	1541.52 (5.2175125627000289,)
459	100  	154.933	313.151	6.67609	1564.03 (5.2175125627000289,)
460	100  	162.787	320.098	7.9246 	1601.64 (5.2175125627000289,)
461	100  	152.684	313.721	7.31335	1593.06 (5.2175125627000289,)
462	100  	153.271	328.498	7.34511	1638.19 (5.2175125627000289,)
463	100  	159.307	330.014	8.2174 	1619.99 (5.2175125627000289,)
464	100  	168.856	324.545	8.33959	1646.29 (5.2175125627000289,)
465	100  	156.983	318.612	5.63354	1599.09 (5.2175125627000289,)
466	100  	153.085	322.345	7.42379	1602.46 (5.2175125627000289,)
467	100  	151.175	315.29 	7.32465	1606.66 (5.2175125627000289,)
468	100  	158.854	304.255	7.11089	1604.67 (5.2175125627000289,)
469	100  	163.59 	319.329	6.24184	1598.94 (5.2175125627000289,)
470	100  	160.745	309.868	7.49684	1584.52 (5.2175125627000289,)
471	100  	165.839	313.637	8.19489	1553.87 (5.2175125627000289,)
472	100  	155.156	306.421	6.47558	1514.71 (5.2175125627000289,)
473	100  	160.865	315.085	7.8652 	1611.98 (5.2175125627000289,)
474	100  	150.664	314.139	7.6984 	1562.91 (5.2175125627000289,)
475	100  	154.465	314.981	7.5573 	1555.99 (5.2175125627000289,)
476	100  	168.25 	318.775	5.91342	1528.73 (5.2175125627000289,)
477	100  	163.273	297.478	8.58853	1547.47 (5.2175125627000289,)
478	100  	160.326	292.361	6.00028	1508.35 (5.2175125627000289,)
479	100  	167.331	308.37 	7.81501	1505.87 (5.2175125627000289,)
480	100  	155.057	300.442	5.82287	1490.62 (5.2175125627000289,)
481	100  	164.074	315.918	8.38983	1575.74 (5.2175125627000289,)
482	100  	165.216	314.283	8.73781	1554.36 (5.2175125627000289,)
483	100  	164.829	303.335	7.66971	1486.21 (5.2175125627000289,)
484	100  	155.082	310.61 	6.13541	1576.25 (5.2175125627000289,)
485	100  	168.204	305.352	6.46712	1568.04 (5.2175125627000289,)
486	100  	170.42 	311.575	6.34729	1540.13 (5.2175125627000289,)
487	100  	164.17 	319.801	5.4758 	1556.76 (5.2175125627000289,)
488	100  	166.523	319.817	5.27426	1579.89 (5.2175125627000289,)
489	100  	166.412	310.863	7.87304	1565.1  (5.2175125627000289,)
490	100  	161.315	313.056	6.17028	1536.45 (5.2175125627000289,)
491	100  	159.776	307.796	8.10559	1581.98 (5.2175125627000289,)
492	100  	164.449	291.726	8.76519	1526.84 (5.2175125627000289,)
493	100  	161.047	298.544	6.51423	1526.08 (5.2175125627000289,)
494	100  	159.961	315.981	6.5285 	1547.52 (5.2175125627000289,)
495	100  	160.378	313.142	7.07462	1579.51 (5.2175125627000289,)
496	100  	172.814	311.058	5.97703	1557.12 (5.2175125627000289,)
497	100  	153.864	310.076	6.58235	1543.99 (5.2175125627000289,)
498	100  	157.709	314.721	7.6145 	1607.56 (5.2175125627000289,)
499	100  	167.855	317.3  	8.35727	1551.69 (5.2175125627000289,)
