In file included from /usr/lib/python2.7/dist-packages/numpy/core/include/numpy/ndarraytypes.h:1761:0,
                 from /usr/lib/python2.7/dist-packages/numpy/core/include/numpy/ndarrayobject.h:17,
                 from /usr/lib/python2.7/dist-packages/numpy/core/include/numpy/arrayobject.h:4,
                 from /home/pinojc/.cache/scipy/python27_compiled/sc_9bade30717731f645b30a512f757f0fa1748.cpp:22:
/usr/lib/python2.7/dist-packages/numpy/core/include/numpy/npy_1_7_deprecated_api.h:15:2: warning: #warning "Using deprecated NumPy API, disable it by " "#defining NPY_NO_DEPRECATED_API NPY_1_7_API_VERSION" [-Wcpp]
 #warning "Using deprecated NumPy API, disable it by " \
  ^
gen	evals	avg    	std    	min    	max    
0  	100  	1059.68	295.923	363.733	1675.93 (363.73327440521075,)
1  	100  	1071.29	316.929	332.884	1664.11 (332.88423563590658,)
2  	100  	1043.05	325.536	320.66 	1710.43 (320.65990429077726,)
3  	100  	949.566	313.178	310.616	1620.89 (310.61613072493901,)
4  	100  	883.716	306.672	386.452	1579.34 (310.61613072493901,)
5  	100  	812.62 	331.757	274.155	1656.95 (274.15509413470625,)
6  	100  	700.048	384.1  	214.124	1624.91 (214.1238146157992,)
7  	100  	590.926	373.4  	200.149	1566.08 (200.1486573333793,)
8  	100  	534.801	379.62 	180.572	1482.54 (180.5720224585051,)
9  	100  	474.532	401.384	165.656	1420.97 (165.65598288913324,)
10 	100  	412.332	368.728	153.159	1469.86 (153.15869729305169,)
11 	100  	377.259	377.013	119.749	1518.53 (119.7485991100682,)
12 	100  	339.113	391.168	101.682	1501.88 (101.68217507373866,)
13 	100  	319.211	407.705	96.5878	1514.63 (96.587813666693236,)
14 	100  	301.54 	394.836	92.0668	1471.58 (92.066783379198739,)
15 	100  	283.27 	378.342	84.9363	1381.26 (84.936311840531857,)
16 	100  	293.178	409.23 	78.8941	1542.15 (78.894052731024587,)
17 	100  	293.9  	411.005	78.4576	1463.45 (78.45761219724919,)
18 	100  	288.5  	404.848	79.5472	1488.77 (78.45761219724919,)
19 	100  	272.683	390.814	76.0889	1514.95 (76.088870865199226,)
20 	100  	269.726	390.006	70.4127	1507.29 (70.412689314158385,)
21 	100  	274.806	390.94 	68.8783	1496.59 (68.878349557144361,)
22 	100  	265.021	391.21 	65.5501	1486.77 (65.550065770636635,)
23 	100  	263.836	380.483	66.091 	1485.44 (65.550065770636635,)
24 	100  	255.327	372.784	66.7078	1477.33 (65.550065770636635,)
25 	100  	259.487	377.713	63.606 	1542.72 (63.605956668780301,)
26 	100  	253.834	349.913	64.3564	1492.64 (63.605956668780301,)
27 	100  	249.186	344.215	63.0792	1574.47 (63.079156752524504,)
28 	100  	242.687	355.922	60.7991	1566.11 (60.79907516292274,)
29 	100  	235.29 	362.303	59.1028	1525.63 (59.102797775537503,)
30 	100  	247.852	364.217	60.0905	1509.27 (59.102797775537503,)
31 	100  	235.483	344.399	55.5945	1479.79 (55.594477469175274,)
32 	100  	226.922	344.724	61.4595	1463.84 (55.594477469175274,)
33 	100  	235.48 	341.972	64.94  	1526.34 (55.594477469175274,)
34 	100  	236.271	334.193	59.2694	1460.6  (55.594477469175274,)
35 	100  	243.081	352.996	59.8978	1542.43 (55.594477469175274,)
36 	100  	236.331	349.032	56.4571	1554.47 (55.594477469175274,)
37 	100  	223.383	340.716	56.4242	1492.87 (55.594477469175274,)
38 	100  	216.757	332.921	55.8801	1513.28 (55.594477469175274,)
39 	100  	223.094	335.071	60.7548	1535.86 (55.594477469175274,)
40 	100  	212.68 	324.7  	56.6924	1446.67 (55.594477469175274,)
41 	100  	214.142	321.56 	64.1789	1579.04 (55.594477469175274,)
42 	100  	209.581	317.268	54.8644	1575.33 (54.864449006863936,)
43 	100  	197.139	313.42 	52.6179	1504.53 (52.617865483122557,)
44 	100  	204.804	325.611	50.1956	1523.29 (50.195580545658274,)
45 	100  	196.4  	317.488	52.1588	1531.39 (50.195580545658274,)
46 	100  	193.927	313.211	51.9931	1470.45 (50.195580545658274,)
47 	100  	200.193	325.012	54.0081	1498.26 (50.195580545658274,)
48 	100  	203.436	323.753	51.4149	1577.45 (50.195580545658274,)
49 	100  	190.599	306.899	54.3963	1567.15 (50.195580545658274,)
50 	100  	183.615	302.295	56.0937	1515.46 (50.195580545658274,)
51 	100  	189.362	315.604	51.5139	1570.5  (50.195580545658274,)
52 	100  	190.447	327.383	50.1495	1581.5  (50.149451546929356,)
53 	100  	196.399	313.445	47.5853	1573.18 (47.585283855648846,)
54 	100  	189.245	321.085	44.503 	1499.83 (44.503041757084482,)
55 	100  	186.245	307.873	42.396 	1540.84 (42.395981585209704,)
56 	100  	203.375	316.341	48.7189	1574.66 (42.395981585209704,)
57 	100  	197.955	307.699	45.5729	1553.87 (42.395981585209704,)
58 	100  	208.67 	322.324	48.5675	1508.78 (42.395981585209704,)
59 	100  	199.528	312.699	43.2555	1415.64 (42.395981585209704,)
60 	100  	204.502	330.909	43.5   	1549.99 (42.395981585209704,)
61 	100  	186.835	309.253	42.7108	1492.55 (42.395981585209704,)
62 	100  	192.725	322.804	44.2028	1588.2  (42.395981585209704,)
63 	100  	192.995	319.036	45.2087	1453.71 (42.395981585209704,)
64 	100  	185.453	315.054	43.4104	1568.94 (42.395981585209704,)
65 	100  	180.593	319.979	41.6979	1531.85 (41.697896431856812,)
66 	100  	182.634	311.557	44.3434	1488.26 (41.697896431856812,)
67 	100  	187.506	314.624	43.0788	1470.25 (41.697896431856812,)
68 	100  	192.236	309.193	44.1654	1433.88 (41.697896431856812,)
69 	100  	187.482	310.191	40.55  	1498.01 (40.550000171686833,)
70 	100  	197.457	333.321	45.8514	1550.23 (40.550000171686833,)
71 	100  	180.945	316.042	45.2643	1551.14 (40.550000171686833,)
72 	100  	196.313	325.012	41.6956	1555.26 (40.550000171686833,)
73 	100  	185.657	317.211	42.9225	1520.93 (40.550000171686833,)
74 	100  	190.157	305.554	44.2008	1468.39 (40.550000171686833,)
75 	100  	193.749	316.385	46.7489	1522.27 (40.550000171686833,)
76 	100  	182.522	307.66 	41.6152	1506.5  (40.550000171686833,)
77 	100  	180.663	313.315	41.4672	1521.22 (40.550000171686833,)
78 	100  	186.285	320.326	38.6521	1476.31 (38.652113851664637,)
79 	100  	185.015	323.879	39.4011	1536.47 (38.652113851664637,)
80 	100  	177.05 	311.194	42.0256	1566.22 (38.652113851664637,)
81 	100  	178.025	302.957	45.3651	1511.81 (38.652113851664637,)
82 	100  	191.232	293.809	40.3088	1453.24 (38.652113851664637,)
83 	100  	187.816	310.415	38.9732	1472.74 (38.652113851664637,)
84 	100  	180.524	312.611	39.2387	1520.62 (38.652113851664637,)
85 	100  	177.618	321.452	39.5138	1445.67 (38.652113851664637,)
86 	100  	179.566	288.212	40.8912	1448.33 (38.652113851664637,)
87 	100  	179.549	290.981	39.7891	1523.89 (38.652113851664637,)
88 	100  	176.812	291.41 	41.1996	1468.62 (38.652113851664637,)
89 	100  	172.252	294.039	39.8465	1511.47 (38.652113851664637,)
90 	100  	180.601	303.404	39.9763	1458.94 (38.652113851664637,)
91 	100  	178.862	307.054	39.9288	1490.24 (38.652113851664637,)
92 	100  	180.824	315.853	41.5753	1458.93 (38.652113851664637,)
93 	100  	183.923	334.293	42.6462	1536.21 (38.652113851664637,)
94 	100  	187.826	318.301	40.1587	1547.52 (38.652113851664637,)
95 	100  	177.354	316.079	39.6231	1555.69 (38.652113851664637,)
96 	100  	176.348	307.134	39.6894	1552.06 (38.652113851664637,)
97 	100  	182.411	321.55 	40.904 	1602.5  (38.652113851664637,)
98 	100  	185.184	340.893	41.7259	1538.58 (38.652113851664637,)
99 	100  	178.209	317.127	41.4883	1473.68 (38.652113851664637,)
100	100  	180.366	309.966	39.5476	1580.03 (38.652113851664637,)
101	100  	175.105	314.428	41.2366	1488.13 (38.652113851664637,)
102	100  	179.916	319.414	37.4564	1518.5  (37.456405075065426,)
103	100  	181.324	301.995	41.1129	1561.41 (37.456405075065426,)
104	100  	198.897	332.46 	39.0377	1564.81 (37.456405075065426,)
105	100  	185.651	303.234	42.3376	1434.27 (37.456405075065426,)
106	100  	192.661	317.006	40.9237	1501.34 (37.456405075065426,)
107	100  	190.436	314.693	40.57  	1575.32 (37.456405075065426,)
108	100  	185.654	301.821	37.561 	1492.18 (37.456405075065426,)
109	100  	178.615	307.086	38.0876	1535.92 (37.456405075065426,)
110	100  	175.351	294.162	39.4416	1439.14 (37.456405075065426,)
111	100  	160.833	302.57 	38.987 	1452.05 (37.456405075065426,)
112	100  	164.208	293.793	38.7658	1474.97 (37.456405075065426,)
113	100  	171.814	301.372	39.2471	1550.25 (37.456405075065426,)
114	100  	186.776	311.306	42.0791	1557.15 (37.456405075065426,)
115	100  	177.966	301.711	39.6157	1486.78 (37.456405075065426,)
116	100  	172.916	288.436	42.2425	1482.06 (37.456405075065426,)
117	100  	181.629	298.781	38.9536	1444.99 (37.456405075065426,)
118	100  	175.465	310.205	38.3227	1452.44 (37.456405075065426,)
119	100  	178.822	313.158	36.8917	1478.46 (36.891721730150444,)
120	100  	167.202	317.332	38.3492	1548.59 (36.891721730150444,)
121	100  	175.759	296.752	39.3691	1480.34 (36.891721730150444,)
122	100  	178.393	317.851	38.3743	1512.89 (36.891721730150444,)
123	100  	173.079	292.723	40.9583	1446.21 (36.891721730150444,)
124	100  	167.822	289.874	38.1403	1442.45 (36.891721730150444,)
125	100  	177.419	311.637	41.5191	1462.14 (36.891721730150444,)
126	100  	174.173	322.879	34.9674	1515.74 (34.967414108766782,)
127	100  	188.688	311.37 	35.6158	1522.87 (34.967414108766782,)
128	100  	178.291	321.581	38.1741	1530.23 (34.967414108766782,)
129	100  	177.187	318.509	38.1544	1569.08 (34.967414108766782,)
130	100  	172.086	305.935	38.1327	1562.07 (34.967414108766782,)
131	100  	166.75 	310.083	32.5315	1510.63 (32.531520269721007,)
132	100  	176.176	305.841	32.3764	1548.86 (32.376405440523705,)
133	100  	169.476	282.431	34.573 	1432.12 (32.376405440523705,)
134	100  	163.764	281.085	37.7307	1441.02 (32.376405440523705,)
135	100  	170.33 	290.84 	37.9148	1504.99 (32.376405440523705,)
136	100  	175.996	293.947	38.4686	1509.55 (32.376405440523705,)
137	100  	170.609	289.03 	37.7556	1445.28 (32.376405440523705,)
138	100  	168.132	300.889	34.1366	1522.37 (32.376405440523705,)
139	100  	179.143	309.143	37.5884	1548.01 (32.376405440523705,)
140	100  	175.843	302.168	34.516 	1531.59 (32.376405440523705,)
141	100  	167.322	264.373	31.0589	1430.36 (31.058931489796564,)
142	100  	162.888	290.005	33.7636	1500.58 (31.058931489796564,)
143	100  	154.469	278.096	36.4066	1401.64 (31.058931489796564,)
144	100  	159.851	278.39 	35.1261	1371.35 (31.058931489796564,)
145	100  	171.68 	286.313	34.7587	1437.13 (31.058931489796564,)
146	100  	165.265	297.258	37.1298	1497.19 (31.058931489796564,)
147	100  	178.027	307.214	33.9827	1535.76 (31.058931489796564,)
148	100  	184.2  	320.524	33.3482	1491.53 (31.058931489796564,)
149	100  	174.977	312.51 	32.7734	1509.2  (31.058931489796564,)
150	100  	165.535	293.527	34.454 	1433.92 (31.058931489796564,)
151	100  	173.507	297.592	34.9256	1473.56 (31.058931489796564,)
152	100  	166.033	311.44 	32.2309	1594.36 (31.058931489796564,)
153	100  	176.076	294.579	36.1746	1474.47 (31.058931489796564,)
154	100  	169.46 	299.314	29.7162	1497.8  (29.716178357892161,)
155	100  	159.087	288.011	29.6826	1528.04 (29.682639053504165,)
156	100  	170.438	301.134	29.9098	1541.32 (29.682639053504165,)
157	100  	165.825	306.54 	28.8099	1503.32 (28.809851704439552,)
158	100  	160.475	280.712	29.6587	1406.79 (28.809851704439552,)
159	100  	164.62 	299.13 	28.8974	1537.32 (28.809851704439552,)
160	100  	162.528	287.673	31.5949	1530.24 (28.809851704439552,)
161	100  	159.681	280.337	30.8108	1550.1  (28.809851704439552,)
162	100  	157.949	284.861	29.1963	1470.28 (28.809851704439552,)
163	100  	151.37 	270.936	31.011 	1527.11 (28.809851704439552,)
164	100  	156.402	270.918	31.4429	1505.86 (28.809851704439552,)
165	100  	156.201	269.971	29.3354	1409.68 (28.809851704439552,)
166	100  	153.149	290.539	32.3855	1555.71 (28.809851704439552,)
167	100  	149.091	277.148	32.0596	1451.33 (28.809851704439552,)
168	100  	146.936	288.555	30.0794	1513.94 (28.809851704439552,)
169	100  	153.226	290.581	32.0671	1502.68 (28.809851704439552,)
170	100  	156.521	287.652	29.8067	1517.07 (28.809851704439552,)
171	100  	157.068	291.489	29.3671	1494.13 (28.809851704439552,)
172	100  	155.637	281.53 	32.0535	1440.7  (28.809851704439552,)
173	100  	159.937	299.319	34.0928	1498.86 (28.809851704439552,)
174	100  	145.392	294.508	28.428 	1614.25 (28.428000729808439,)
175	100  	146.804	285.969	32.1734	1559.14 (28.428000729808439,)
176	100  	150.255	288.748	27.9356	1586.9  (27.935565645485173,)
177	100  	148.055	267.395	32.0822	1456.51 (27.935565645485173,)
178	100  	148.612	262.174	29.8815	1446.1  (27.935565645485173,)
179	100  	147.781	272.199	30.51  	1505.81 (27.935565645485173,)
180	100  	142.139	254.37 	28.8454	1410.41 (27.935565645485173,)
181	100  	144.378	280.613	26.9786	1496.09 (26.978606565102659,)
182	100  	152.238	294.339	24.7905	1585.52 (24.790512237893932,)
183	100  	144.555	288.974	25.216 	1460.29 (24.790512237893932,)
184	100  	145.882	283.612	26.116 	1580.5  (24.790512237893932,)
185	100  	150.828	292.687	23.5699	1563.76 (23.569937489733405,)
186	100  	142.361	289.151	23.5857	1490.39 (23.569937489733405,)
187	100  	148.122	289.484	22.1242	1496.57 (22.124236438013106,)
188	100  	150.251	291.764	22.2208	1502.16 (22.124236438013106,)
189	100  	146.662	298.024	23.5   	1486.82 (22.124236438013106,)
190	100  	151.984	298.382	21.7489	1526.34 (21.748932533154949,)
191	100  	151.818	279.17 	23.726 	1486.59 (21.748932533154949,)
192	100  	141.041	297.096	20.7534	1494.02 (20.753385318325943,)
193	100  	157.029	294.203	25.101 	1502.17 (20.753385318325943,)
194	100  	147.971	287.561	22.2945	1450.39 (20.753385318325943,)
195	100  	140.085	285.215	21.1109	1502.16 (20.753385318325943,)
196	100  	145.003	279.565	20.0526	1504.9  (20.052596778480005,)
197	100  	146.168	286.369	19.889 	1499.28 (19.888957149584915,)
198	100  	162.559	299.757	24.6039	1556.28 (19.888957149584915,)
199	100  	149.761	283.997	21.3069	1456.5  (19.888957149584915,)
200	100  	157.288	298.826	21.293 	1599.73 (19.888957149584915,)
201	100  	139.148	281.086	22.0146	1425.41 (19.888957149584915,)
202	100  	147.083	280.832	21.9921	1439.08 (19.888957149584915,)
203	100  	143.601	290.258	20.9864	1502.45 (19.888957149584915,)
204	100  	139.963	275.78 	21.6912	1424.01 (19.888957149584915,)
205	100  	144    	274.843	22.3906	1397.15 (19.888957149584915,)
206	100  	148.443	304.015	20.7037	1632.9  (19.888957149584915,)
207	100  	148.117	302.323	19.6936	1549.94 (19.693643137094085,)
208	100  	148.991	297.053	21.2509	1472.36 (19.693643137094085,)
209	100  	146.262	286.178	21.1984	1472.36 (19.693643137094085,)
210	100  	143.521	309.703	21.1898	1549.36 (19.693643137094085,)
211	100  	142.483	308.102	20.8168	1577.25 (19.693643137094085,)
212	100  	139.903	291.777	19.6677	1506.4  (19.667709888326435,)
213	100  	141.776	285.874	21.1756	1463.41 (19.667709888326435,)
214	100  	139.236	280.314	21.3073	1496.77 (19.667709888326435,)
215	100  	150.856	295.376	18.4198	1493.74 (18.419792892960785,)
216	100  	136.9  	296.133	24.053 	1546.81 (18.419792892960785,)
217	100  	149.662	292.898	21.5744	1581.36 (18.419792892960785,)
218	100  	147.555	281.937	20.2984	1421.7  (18.419792892960785,)
219	100  	144.289	279.246	17.6228	1541.68 (17.62283427819786,)
220	100  	143.079	278.315	17.9614	1535.32 (17.62283427819786,)
221	100  	144.529	271.695	17.8478	1440.98 (17.62283427819786,)
222	100  	135.939	281.424	17.906 	1413.7  (17.62283427819786,)
223	100  	133.852	294.994	15.9924	1504.99 (15.992429879392201,)
224	100  	137.774	307.163	17.4891	1535.33 (15.992429879392201,)
225	100  	143.589	294.256	17.8333	1516.54 (15.992429879392201,)
226	100  	135.793	284.756	16.497 	1479.11 (15.992429879392201,)
227	100  	132.213	276.763	19.5344	1585.12 (15.992429879392201,)
228	100  	137.611	277.779	18.3913	1491.72 (15.992429879392201,)
229	100  	138.219	284.63 	18.1501	1421.1  (15.992429879392201,)
230	100  	135.146	288.209	19.2813	1504.37 (15.992429879392201,)
231	100  	130.586	264.461	16.3207	1341.9  (15.992429879392201,)
232	100  	132.796	282.995	17.5957	1512.54 (15.992429879392201,)
233	100  	132.241	292.469	18.1963	1528.94 (15.992429879392201,)
234	100  	129.896	273.706	14.4181	1425.43 (14.418097817397241,)
235	100  	130.007	276.254	16.4684	1413.17 (14.418097817397241,)
236	100  	125.061	283.657	16.7703	1542.72 (14.418097817397241,)
237	100  	136.126	280.949	15.3065	1453.21 (14.418097817397241,)
238	100  	142.957	279.268	16.6778	1424.42 (14.418097817397241,)
239	100  	134.888	277.765	14.6517	1462.32 (14.418097817397241,)
240	100  	143.947	278.914	14.4239	1411.41 (14.418097817397241,)
241	100  	134.328	298.558	17.424 	1541    (14.418097817397241,)
242	100  	132.214	278.403	13.9977	1508.79 (13.997745537535634,)
243	100  	142.206	298.392	16.0273	1551.49 (13.997745537535634,)
244	100  	141.599	300.75 	15.8409	1545.69 (13.997745537535634,)
245	100  	165.41 	313.155	14.4335	1612.83 (13.997745537535634,)
246	100  	143.846	299.575	15.3271	1498.85 (13.997745537535634,)
247	100  	138.205	307.23 	14.5231	1558.82 (13.997745537535634,)
248	100  	145.4  	298.026	15.198 	1460.86 (13.997745537535634,)
249	100  	149.885	298.51 	14.7271	1564.18 (13.997745537535634,)
250	100  	141.481	291.138	12.8201	1513.06 (12.820133781252622,)
251	100  	143.152	287.52 	15.2147	1545.89 (12.820133781252622,)
252	100  	160.479	297.359	14.7292	1567.89 (12.820133781252622,)
253	100  	146.992	302.209	12.0228	1471.92 (12.022810954332545,)
254	100  	134.17 	285.422	14.3093	1515.97 (12.022810954332545,)
255	100  	139.276	277.563	13.2172	1537.13 (12.022810954332545,)
256	100  	140.654	308.705	14.29  	1551.42 (12.022810954332545,)
257	100  	140.917	298.818	14.4504	1527.11 (12.022810954332545,)
258	100  	143.567	282.351	12.6974	1477.43 (12.022810954332545,)
259	100  	154.247	277.164	11.6185	1489.31 (11.618450759779945,)
260	100  	146.94 	287.049	13.0985	1464.48 (11.618450759779945,)
261	100  	152.243	299.647	12.7694	1528.58 (11.618450759779945,)
262	100  	148.217	292.857	12.7964	1511.68 (11.618450759779945,)
263	100  	141.213	300.161	13.9218	1590.18 (11.618450759779945,)
264	100  	147.231	301.412	12.8625	1546.4  (11.618450759779945,)
265	100  	149.957	300.958	12.3669	1540.77 (11.618450759779945,)
266	100  	150.001	319.3  	12.7699	1557.9  (11.618450759779945,)
267	100  	157.178	319.008	12.8646	1634.1  (11.618450759779945,)
268	100  	154.805	301.893	11.5625	1570.86 (11.562501151065792,)
269	100  	138.739	312.428	11.7669	1631.52 (11.562501151065792,)
270	100  	145.983	290.404	12.3905	1455.23 (11.562501151065792,)
271	100  	150.824	292.741	12.3226	1438.81 (11.562501151065792,)
272	100  	157.394	287.864	13.2728	1410.07 (11.562501151065792,)
273	100  	145.48 	291.874	11.6094	1454.9  (11.562501151065792,)
274	100  	139.242	300.997	11.5636	1548.12 (11.562501151065792,)
275	100  	167.112	312.782	11.3312	1579.88 (11.331225547148856,)
276	100  	136.277	309.101	10.4377	1627.02 (10.437744526838969,)
277	100  	152.896	311.232	12.7846	1600.34 (10.437744526838969,)
278	100  	144.13 	317.999	12.1836	1578.61 (10.437744526838969,)
279	100  	152.42 	280.209	11.2616	1483.16 (10.437744526838969,)
280	100  	149.027	292.138	10.4188	1506.74 (10.418819856347609,)
281	100  	161.898	308.726	11.9077	1518.5  (10.418819856347609,)
282	100  	145.345	283.896	12.1673	1502.76 (10.418819856347609,)
283	100  	153.436	295.927	11.932 	1514.59 (10.418819856347609,)
284	100  	155.093	317.721	10.5623	1646.84 (10.418819856347609,)
285	100  	165.071	305.727	11.7557	1565.31 (10.418819856347609,)
286	100  	137.871	291.689	11.1787	1528.17 (10.418819856347609,)
287	100  	146.974	303.742	11.5399	1559.42 (10.418819856347609,)
288	100  	149.787	308.991	10.6364	1598.09 (10.418819856347609,)
289	100  	155.756	305.829	11.6804	1559.35 (10.418819856347609,)
290	100  	149.191	303.555	11.4101	1540.26 (10.418819856347609,)
291	100  	163.408	307.157	12.7492	1507.01 (10.418819856347609,)
292	100  	154.399	298.445	12.9543	1526.62 (10.418819856347609,)
293	100  	149.564	298.766	11.5781	1469.04 (10.418819856347609,)
294	100  	151.595	302.951	10.1283	1489.21 (10.128259024064981,)
295	100  	143.355	294.661	10.907 	1531.75 (10.128259024064981,)
296	100  	151.013	293.121	11.531 	1507.76 (10.128259024064981,)
297	100  	148.278	311.681	12.9408	1573.13 (10.128259024064981,)
298	100  	166.124	314.957	12.1822	1547.72 (10.128259024064981,)
299	100  	153.044	307.266	12.5424	1569.5  (10.128259024064981,)
300	100  	157.237	308.745	11.5849	1588.82 (10.128259024064981,)
301	100  	147.038	300.014	11.0343	1494.1  (10.128259024064981,)
302	100  	145.626	293.704	12.4161	1498.83 (10.128259024064981,)
303	100  	145.11 	285.539	12.3806	1425.4  (10.128259024064981,)
304	100  	151.735	304.596	10.6006	1543.62 (10.128259024064981,)
305	100  	159.336	309.377	11.6742	1533.93 (10.128259024064981,)
306	100  	164.602	299.642	11.2453	1537.88 (10.128259024064981,)
307	100  	155.432	303.98 	12.5577	1555.21 (10.128259024064981,)
308	100  	155.33 	319.333	10.6974	1543.78 (10.128259024064981,)
309	100  	145.576	285.876	10.7724	1531.77 (10.128259024064981,)
310	100  	125.259	281.563	10.202 	1614.39 (10.128259024064981,)
311	100  	135.462	282.063	10.8036	1528.7  (10.128259024064981,)
312	100  	152.627	290.877	12.9565	1554.46 (10.128259024064981,)
313	100  	152.287	284.243	10.9651	1480.17 (10.128259024064981,)
314	100  	161.357	279.344	12.122 	1414.23 (10.128259024064981,)
315	100  	147.3  	276.912	10.9532	1455.43 (10.128259024064981,)
316	100  	151.309	303.905	11.6759	1537.17 (10.128259024064981,)
317	100  	161.824	303.7  	14.7197	1540.88 (10.128259024064981,)
318	100  	169.922	302.246	13.0699	1496.91 (10.128259024064981,)
319	100  	153.869	304.497	11.2473	1503.5  (10.128259024064981,)
320	100  	153.936	294.74 	11.1944	1454.92 (10.128259024064981,)
321	100  	138.106	302.588	10.5452	1475.82 (10.128259024064981,)
322	100  	142.733	295.672	10.7999	1472.86 (10.128259024064981,)
323	100  	151.213	302.628	10.7082	1525.2  (10.128259024064981,)
324	100  	154.505	300.343	12.6854	1509.65 (10.128259024064981,)
325	100  	138.151	313.176	10.629 	1606.75 (10.128259024064981,)
326	100  	150.015	308.052	11.458 	1535.15 (10.128259024064981,)
327	100  	158.402	301.406	11.5489	1529.15 (10.128259024064981,)
328	100  	140.978	279.846	11.4124	1496.13 (10.128259024064981,)
329	100  	149.783	308.545	11.9486	1604.62 (10.128259024064981,)
330	100  	138.103	290.141	10.0428	1489.9  (10.042821050039711,)
331	100  	157.491	297.826	11.6156	1562.19 (10.042821050039711,)
332	100  	160.931	287.789	13.5279	1472.05 (10.042821050039711,)
333	100  	159.235	297.24 	10.4316	1562.56 (10.042821050039711,)
334	100  	143.551	301.056	11.3039	1505.2  (10.042821050039711,)
335	100  	153.634	305.703	11.1189	1526.95 (10.042821050039711,)
336	100  	154.118	311.46 	9.69679	1513.54 (9.6967878639968852,)
337	100  	134.072	287.06 	10.7013	1536.36 (9.6967878639968852,)
338	100  	144.437	283.53 	11.0949	1514.71 (9.6967878639968852,)
339	100  	142.594	292.748	10.8541	1492.12 (9.6967878639968852,)
340	100  	154.56 	300.278	10.6982	1487.47 (9.6967878639968852,)
341	100  	146.365	288.883	10.5435	1453.42 (9.6967878639968852,)
342	100  	145.822	285.43 	10.7501	1543.58 (9.6967878639968852,)
343	100  	140.317	286.124	10.4034	1410.72 (9.6967878639968852,)
344	100  	144.552	293.992	11.504 	1480.71 (9.6967878639968852,)
345	100  	149.373	280.3  	11.3295	1487.26 (9.6967878639968852,)
346	100  	137.393	292.801	10.3579	1529.11 (9.6967878639968852,)
347	100  	132.649	293.951	10.7054	1525.78 (9.6967878639968852,)
348	100  	144.747	306.268	12.26  	1556.43 (9.6967878639968852,)
349	100  	141.119	296.337	12.7799	1498.94 (9.6967878639968852,)
350	100  	137.185	297.875	11.6092	1609.46 (9.6967878639968852,)
351	100  	138.061	300.762	10.4791	1568.15 (9.6967878639968852,)
352	100  	141.619	296.64 	11.5425	1537.02 (9.6967878639968852,)
353	100  	164.162	308.07 	10.7876	1639.76 (9.6967878639968852,)
354	100  	151.916	307.657	10.3473	1507.58 (9.6967878639968852,)
355	100  	148.326	299.513	10.2224	1541.53 (9.6967878639968852,)
356	100  	144.313	302.381	10.0529	1609.1  (9.6967878639968852,)
357	100  	150.544	304.871	11.543 	1573.28 (9.6967878639968852,)
358	100  	151.465	304.972	11.0745	1517.05 (9.6967878639968852,)
359	100  	146.101	298.552	10.6295	1517.59 (9.6967878639968852,)
360	100  	143.77 	302.949	10.82  	1563.19 (9.6967878639968852,)
361	100  	149.193	305.247	11.6697	1602.12 (9.6967878639968852,)
362	100  	152.56 	301.557	9.72151	1565.5  (9.6967878639968852,)
363	100  	141.632	295.698	10.6761	1609.14 (9.6967878639968852,)
364	100  	152.582	307.082	10.2461	1502.12 (9.6967878639968852,)
365	100  	140.715	295.138	11.3316	1445.41 (9.6967878639968852,)
366	100  	149.582	295.614	8.73605	1489.1  (8.7360471590230446,)
367	100  	156.027	313.721	10.5229	1575.44 (8.7360471590230446,)
368	100  	156.687	300.108	10.402 	1505.59 (8.7360471590230446,)
369	100  	155.687	301.391	9.86311	1622.15 (8.7360471590230446,)
370	100  	157.843	299.228	9.88801	1610.39 (8.7360471590230446,)
371	100  	148.326	288.238	10.315 	1491.35 (8.7360471590230446,)
372	100  	156.177	293.725	10.459 	1528.42 (8.7360471590230446,)
373	100  	161.213	293.851	10.5449	1567.05 (8.7360471590230446,)
374	100  	148.201	294.053	11.7001	1534.96 (8.7360471590230446,)
375	100  	136.814	300.64 	9.94559	1546.51 (8.7360471590230446,)
376	100  	145.193	295.679	10.565 	1506.38 (8.7360471590230446,)
377	100  	160.013	297.483	9.94784	1513.6  (8.7360471590230446,)
378	100  	166.683	308.021	11.3328	1584.72 (8.7360471590230446,)
379	100  	151.9  	299.125	11.4453	1587.5  (8.7360471590230446,)
380	100  	153.78 	299.519	9.10331	1532.24 (8.7360471590230446,)
381	100  	151.001	297.755	9.80729	1571.76 (8.7360471590230446,)
382	100  	154.892	308.976	10.1525	1642.2  (8.7360471590230446,)
383	100  	161.737	316.318	9.84243	1635.67 (8.7360471590230446,)
384	100  	154.549	293.717	11.6625	1525.73 (8.7360471590230446,)
385	100  	158.348	302.186	11.3807	1483.56 (8.7360471590230446,)
386	100  	152.743	289.148	10.0576	1510.2  (8.7360471590230446,)
387	100  	158.589	307.901	9.59181	1606.74 (8.7360471590230446,)
388	100  	154.472	297.831	9.9315 	1455.87 (8.7360471590230446,)
389	100  	154.542	301.798	10.7724	1574.43 (8.7360471590230446,)
390	100  	153.242	292.813	10.5338	1548.84 (8.7360471590230446,)
391	100  	152.372	288.499	10.7452	1553.23 (8.7360471590230446,)
392	100  	143.795	296.321	10.1202	1595.56 (8.7360471590230446,)
393	100  	148.158	295.028	9.81242	1519.96 (8.7360471590230446,)
394	100  	146.532	292.609	10.4733	1586.44 (8.7360471590230446,)
395	100  	147.199	298.696	9.0519 	1604.12 (8.7360471590230446,)
396	100  	163.696	308.882	10.7518	1543.04 (8.7360471590230446,)
397	100  	155.081	297.243	10.6877	1485.01 (8.7360471590230446,)
398	100  	149.862	295.484	11.5886	1468.21 (8.7360471590230446,)
399	100  	146.649	304.306	9.95917	1597.25 (8.7360471590230446,)
400	100  	147.486	307.097	9.42291	1575.87 (8.7360471590230446,)
401	100  	145.015	288.477	9.84432	1583.97 (8.7360471590230446,)
402	100  	143.863	299.05 	11.6948	1555.67 (8.7360471590230446,)
403	100  	149.709	311.588	9.55813	1571.36 (8.7360471590230446,)
404	100  	147.499	296.417	11.0469	1599.44 (8.7360471590230446,)
405	100  	148.517	278.656	8.89591	1442.23 (8.7360471590230446,)
406	100  	140.09 	294.201	9.87926	1587.69 (8.7360471590230446,)
407	100  	155.549	303.915	10.9357	1622.24 (8.7360471590230446,)
408	100  	142.125	295.586	9.58128	1615.74 (8.7360471590230446,)
409	100  	149.541	309.614	10.9982	1613.06 (8.7360471590230446,)
410	100  	154.639	294.689	12.7226	1508.02 (8.7360471590230446,)
411	100  	146.473	300.629	11.3291	1579.32 (8.7360471590230446,)
412	100  	147.228	315.534	9.49416	1534.89 (8.7360471590230446,)
413	100  	143.258	316.675	9.66339	1572.03 (8.7360471590230446,)
414	100  	156.922	300.904	9.45983	1541.55 (8.7360471590230446,)
415	100  	157.076	288.907	9.14972	1500.88 (8.7360471590230446,)
416	100  	133.242	293.346	9.66523	1536.7  (8.7360471590230446,)
417	100  	142.404	297.087	8.4717 	1550.04 (8.471697645914281,)
418	100  	133.407	289.58 	10.4227	1519.1  (8.471697645914281,)
419	100  	156.861	298.996	9.58451	1613.05 (8.471697645914281,)
420	100  	171.228	292.962	10.5012	1688.39 (8.471697645914281,)
421	100  	153.13 	307.008	10.1957	1573.06 (8.471697645914281,)
422	100  	157.797	306.158	10.4515	1550.33 (8.471697645914281,)
423	100  	146.637	305.156	10.9985	1498.45 (8.471697645914281,)
424	100  	150.966	311.655	9.16231	1594.15 (8.471697645914281,)
425	100  	147.117	297.109	12.7952	1567.75 (8.471697645914281,)
426	100  	155.116	291.829	10.2881	1482.17 (8.471697645914281,)
427	100  	153.436	270.571	9.29659	1428.6  (8.471697645914281,)
428	100  	149.361	300.152	9.9114 	1513.91 (8.471697645914281,)
429	100  	153.5  	296.166	10.667 	1604.49 (8.471697645914281,)
430	100  	149.898	293.618	9.54088	1485.74 (8.471697645914281,)
431	100  	151.649	299.947	9.98688	1496.9  (8.471697645914281,)
432	100  	147.957	306.206	9.65644	1531.11 (8.471697645914281,)
433	100  	158.515	294.172	9.88694	1402.43 (8.471697645914281,)
434	100  	144.059	296.108	9.10999	1554.65 (8.471697645914281,)
435	100  	143.425	299.043	10.0348	1495    (8.471697645914281,)
436	100  	156.691	297.962	9.08805	1495.09 (8.471697645914281,)
437	100  	135.372	316.041	10.1653	1599.68 (8.471697645914281,)
438	100  	151.923	302.615	10.173 	1543.6  (8.471697645914281,)
439	100  	163.745	297.391	9.10905	1540.17 (8.471697645914281,)
440	100  	150.706	290.285	9.7597 	1512.25 (8.471697645914281,)
441	100  	148.382	301.21 	9.89598	1484.23 (8.471697645914281,)
442	100  	155.589	297.937	12.6493	1479.93 (8.471697645914281,)
443	100  	149.643	297.275	10.5798	1512.46 (8.471697645914281,)
444	100  	148.553	302.105	10.5271	1530.04 (8.471697645914281,)
445	100  	149.2  	319.417	10.3301	1564    (8.471697645914281,)
446	100  	148.71 	307.17 	10.0093	1541.63 (8.471697645914281,)
447	100  	153.835	314.294	9.52706	1525.02 (8.471697645914281,)
448	100  	150.709	306.297	10.9243	1565.26 (8.471697645914281,)
449	100  	137.223	292.352	9.80184	1553.95 (8.471697645914281,)
450	100  	136.67 	294.206	8.93133	1533.22 (8.471697645914281,)
451	100  	156.983	288.842	9.54703	1578.46 (8.471697645914281,)
452	100  	140.667	287.76 	9.69357	1445.15 (8.471697645914281,)
453	100  	154.315	300.806	12.168 	1518.09 (8.471697645914281,)
454	100  	144.357	299.702	9.80544	1545.88 (8.471697645914281,)
455	100  	142.538	314.406	10.5106	1626.85 (8.471697645914281,)
456	100  	143.595	294.895	11.4372	1455.49 (8.471697645914281,)
457	100  	147.019	305.224	10.7817	1559.93 (8.471697645914281,)
458	100  	150.782	311.483	10.7464	1568.81 (8.471697645914281,)
459	100  	158.247	318.005	9.59296	1559.31 (8.471697645914281,)
460	100  	151.133	293.016	8.24272	1470.39 (8.2427197221954973,)
461	100  	133.252	279.709	9.48282	1470.99 (8.2427197221954973,)
462	100  	145.7  	299.004	10.0576	1503.95 (8.2427197221954973,)
463	100  	154.453	284.1  	10.2379	1438.43 (8.2427197221954973,)
464	100  	159.003	301.326	9.21308	1542.33 (8.2427197221954973,)
465	100  	154.263	312.313	9.71102	1578.48 (8.2427197221954973,)
466	100  	168.544	310.32 	9.13614	1535.75 (8.2427197221954973,)
467	100  	152.037	309.53 	9.32624	1585.97 (8.2427197221954973,)
468	100  	141.362	305.893	8.83702	1573.77 (8.2427197221954973,)
469	100  	142.745	324.255	10.4914	1637.23 (8.2427197221954973,)
470	100  	150.998	305.956	8.97634	1493.91 (8.2427197221954973,)
471	100  	141.558	308.592	9.26303	1544.07 (8.2427197221954973,)
472	100  	151.309	323.479	8.68824	1568.04 (8.2427197221954973,)
473	100  	151.386	302.877	9.30011	1515.47 (8.2427197221954973,)
474	100  	135.053	288.15 	9.16235	1526.22 (8.2427197221954973,)
475	100  	148.688	313.274	9.77883	1610.5  (8.2427197221954973,)
476	100  	149.129	305.946	9.9567 	1610.48 (8.2427197221954973,)
477	100  	138.064	309.925	9.67008	1574.65 (8.2427197221954973,)
478	100  	137.925	303.293	10.3072	1546.23 (8.2427197221954973,)
479	100  	151.833	293.95 	9.86973	1567.79 (8.2427197221954973,)
480	100  	152.817	313.781	9.79647	1610.66 (8.2427197221954973,)
481	100  	153.513	313.648	9.14035	1594.26 (8.2427197221954973,)
482	100  	152.918	322.314	9.99843	1684.45 (8.2427197221954973,)
483	100  	160.399	321.02 	10.4895	1702.96 (8.2427197221954973,)
484	100  	146.54 	298.604	9.09413	1702.89 (8.2427197221954973,)
485	100  	149.879	293.867	8.46741	1515.05 (8.2427197221954973,)
486	100  	154.527	298.541	10.0546	1460.06 (8.2427197221954973,)
487	100  	146.063	296.039	9.79311	1490.79 (8.2427197221954973,)
488	100  	135.186	296.054	9.4464 	1504.29 (8.2427197221954973,)
489	100  	149.262	289.588	8.62123	1524.87 (8.2427197221954973,)
490	100  	166.215	296.608	10.6193	1564.19 (8.2427197221954973,)
491	100  	153.683	294.21 	9.37178	1576.58 (8.2427197221954973,)
492	100  	150.138	302.003	8.53362	1596.23 (8.2427197221954973,)
493	100  	154.243	316.11 	9.32486	1594.06 (8.2427197221954973,)
494	100  	154.297	300.002	8.91863	1514.53 (8.2427197221954973,)
495	100  	137.426	306.26 	9.59499	1544.83 (8.2427197221954973,)
496	100  	127.502	308.943	10.215 	1612.49 (8.2427197221954973,)
497	100  	140.095	296.395	9.85351	1571.84 (8.2427197221954973,)
498	100  	156.577	305.955	9.5143 	1517.38 (8.2427197221954973,)
499	100  	154.68 	302.007	11.1154	1534.52 (8.2427197221954973,)
