In file included from /usr/lib/python2.7/dist-packages/numpy/core/include/numpy/ndarraytypes.h:1761:0,
                 from /usr/lib/python2.7/dist-packages/numpy/core/include/numpy/ndarrayobject.h:17,
                 from /usr/lib/python2.7/dist-packages/numpy/core/include/numpy/arrayobject.h:4,
                 from /home/pinojc/.cache/scipy/python27_compiled/sc_9bade30717731f645b30a512f757f0fa1555.cpp:22:
/usr/lib/python2.7/dist-packages/numpy/core/include/numpy/npy_1_7_deprecated_api.h:15:2: warning: #warning "Using deprecated NumPy API, disable it by " "#defining NPY_NO_DEPRECATED_API NPY_1_7_API_VERSION" [-Wcpp]
 #warning "Using deprecated NumPy API, disable it by " \
  ^
gen	evals	avg    	std    	min    	max    
0  	100  	759.162	364.232	53.8257	1713.22 (53.825734493545987,)
1  	100  	753.145	397.509	17.4113	1652.58 (17.411288442049749,)
2  	100  	719.002	391.936	36.1099	1638.26 (17.411288442049749,)
3  	100  	699.399	407.151	43.3861	1641.45 (17.411288442049749,)
4  	100  	639.84 	385.34 	77.991 	1543.16 (17.411288442049749,)
5  	100  	584.661	383.999	44.5314	1521.89 (17.411288442049749,)
6  	100  	564.867	384.735	52.8635	1589.13 (17.411288442049749,)
7  	100  	509.91 	379.375	27.2119	1655.22 (17.411288442049749,)
8  	100  	467.751	370.081	19.8477	1527.53 (17.411288442049749,)
9  	100  	425.782	362.229	19.3397	1617.82 (17.411288442049749,)
10 	100  	371.967	352.341	16.7709	1443.59 (16.770935749836656,)
11 	100  	312.927	320.164	23.6721	1455.59 (16.770935749836656,)
12 	100  	272.649	318.717	16.6336	1371.58 (16.633612702260788,)
13 	100  	271.298	300.342	20.8996	1358.98 (16.633612702260788,)
14 	100  	267.513	313.932	15.4069	1379.8  (15.406895797720992,)
15 	100  	235.98 	306.179	16.0318	1443.92 (15.406895797720992,)
16 	100  	226.503	303.317	15.899 	1370.66 (15.406895797720992,)
17 	100  	244.151	307.193	17.0647	1443.18 (15.406895797720992,)
18 	100  	211.868	292.366	15.849 	1415.95 (15.406895797720992,)
19 	100  	194.259	285.656	16.18  	1423.55 (15.406895797720992,)
20 	100  	206.926	301.17 	15.4719	1626.83 (15.406895797720992,)
21 	100  	195.005	284.406	15.853 	1376.57 (15.406895797720992,)
22 	100  	181.057	277.263	15.1177	1506.13 (15.117687405146281,)
23 	100  	179.796	286.919	15.1715	1523.46 (15.117687405146281,)
24 	100  	176.364	274.16 	15.686 	1635.52 (15.117687405146281,)
25 	100  	181.686	275.191	15.8437	1507.6  (15.117687405146281,)
26 	100  	193.585	261.338	16.1702	1545.1  (15.117687405146281,)
27 	100  	168.498	269.097	15.7962	1417.37 (15.117687405146281,)
28 	100  	171.029	260.638	15.8076	1416.72 (15.117687405146281,)
29 	100  	174.432	270.158	15.8276	1656.5  (15.117687405146281,)
30 	100  	174.033	263.386	15.5784	1487.55 (15.117687405146281,)
31 	100  	163.76 	260.18 	16.5281	1435.1  (15.117687405146281,)
32 	100  	169.421	252.268	16.1412	1366.86 (15.117687405146281,)
33 	100  	151.838	243.915	15.7454	1501.81 (15.117687405146281,)
34 	100  	158.331	236.139	15.1525	1372.12 (15.117687405146281,)
35 	100  	149.55 	236.996	15.3145	1415.8  (15.117687405146281,)
36 	100  	149.926	237.115	15.1678	1348.78 (15.117687405146281,)
37 	100  	152.364	235.963	15.9245	1274.7  (15.117687405146281,)
38 	100  	163.418	251.152	15.0873	1385.63 (15.087346619532275,)
39 	100  	169.052	242.07 	15.5702	1426.08 (15.087346619532275,)
40 	100  	151.974	222.822	15.3545	1244.38 (15.087346619532275,)
41 	100  	146.198	247.338	15.3417	1355.11 (15.087346619532275,)
42 	100  	120.979	232.185	15.7115	1285.93 (15.087346619532275,)
43 	100  	157.752	262.719	15.4933	1633.87 (15.087346619532275,)
44 	100  	158.985	262.549	14.6701	1467.99 (14.670135197552172,)
45 	100  	161.381	261.039	14.8158	1349.98 (14.670135197552172,)
46 	100  	154.776	247.193	14.8444	1380.45 (14.670135197552172,)
47 	100  	172.183	238.129	14.3584	1369.51 (14.358407105354175,)
48 	100  	156.837	231.626	14.754 	1428.72 (14.358407105354175,)
49 	100  	160.973	226.083	14.7712	1330.83 (14.358407105354175,)
50 	100  	156.734	232.889	14.5864	1332.72 (14.358407105354175,)
51 	100  	171.681	230.295	15.0247	1369.75 (14.358407105354175,)
52 	100  	167.617	233.525	16.1066	1466.5  (14.358407105354175,)
53 	100  	163.154	252.784	14.472 	1548.37 (14.358407105354175,)
54 	100  	156.513	256.462	14.8111	1391.64 (14.358407105354175,)
55 	100  	148.132	242.542	14.2679	1351.24 (14.267933348597248,)
56 	100  	152.765	241.224	14.5877	1480.74 (14.267933348597248,)
57 	100  	155.527	229.824	14.683 	1329.46 (14.267933348597248,)
58 	100  	157.328	231.824	14.3502	1339.37 (14.267933348597248,)
59 	100  	166.762	238.525	15.1939	1472.53 (14.267933348597248,)
60 	100  	155.212	240.009	14.9354	1361.82 (14.267933348597248,)
61 	100  	145.706	214.283	14.3283	1341.09 (14.267933348597248,)
62 	100  	154.398	238.135	15.0276	1348.81 (14.267933348597248,)
63 	100  	147.576	221.448	14.1518	1331.44 (14.151766912315709,)
64 	100  	139.522	232.135	13.8463	1341.32 (13.846269228965175,)
65 	100  	133.659	218.884	14.0331	1321.23 (13.846269228965175,)
66 	100  	154.699	229.322	14.4518	1353.24 (13.846269228965175,)
67 	100  	149.704	230.209	14.1538	1447.27 (13.846269228965175,)
68 	100  	144.73 	231.187	15.034 	1452.97 (13.846269228965175,)
69 	100  	150.342	207.4  	14.3653	1354.43 (13.846269228965175,)
70 	100  	123.735	193.957	14.1535	1242.47 (13.846269228965175,)
71 	100  	144.428	242.952	14.9345	1512.21 (13.846269228965175,)
72 	100  	141.275	220.29 	14.3285	1460.62 (13.846269228965175,)
73 	100  	141.176	220.151	13.7033	1352.35 (13.70327573913408,)
74 	100  	139.235	199.575	14.1277	1284.25 (13.70327573913408,)
75 	100  	156.386	234.105	14.3243	1368.17 (13.70327573913408,)
76 	100  	138.563	227.414	15.1615	1406.89 (13.70327573913408,)
77 	100  	142.279	232.809	14.7804	1352.6  (13.70327573913408,)
78 	100  	150.511	227.347	14.3428	1459.21 (13.70327573913408,)
79 	100  	147.066	233.183	14.8302	1370.69 (13.70327573913408,)
80 	100  	139.836	219.662	14.6302	1336.27 (13.70327573913408,)
81 	100  	140.528	224.226	14.3524	1350.78 (13.70327573913408,)
82 	100  	143.609	225.36 	14.057 	1441.57 (13.70327573913408,)
83 	100  	144.25 	216.827	14.0858	1291.6  (13.70327573913408,)
84 	100  	140.504	237.982	13.9443	1415.33 (13.70327573913408,)
85 	100  	142.681	214.089	14.3853	1332.79 (13.70327573913408,)
86 	100  	136.775	225.663	13.1751	1375.6  (13.175067311928874,)
87 	100  	136.863	220.633	13.9985	1401.16 (13.175067311928874,)
88 	100  	141.821	236.482	14.4898	1446.72 (13.175067311928874,)
89 	100  	141.374	229.616	13.822 	1393.09 (13.175067311928874,)
90 	100  	147.523	235.095	14.6653	1438.13 (13.175067311928874,)
91 	100  	125.374	212.815	14.8791	1426.18 (13.175067311928874,)
92 	100  	141.325	209.276	14.5757	1363.48 (13.175067311928874,)
93 	100  	131.697	201.335	13.0888	1386.42 (13.088764452908164,)
94 	100  	148.128	223.001	13.064 	1474.99 (13.063999727842283,)
95 	100  	144.192	232.647	12.058 	1505.11 (12.057983630474848,)
96 	100  	124.933	227.581	12.4572	1467.1  (12.057983630474848,)
97 	100  	125.106	211.749	13.0842	1332.37 (12.057983630474848,)
98 	100  	152.09 	230.376	13.5498	1328.1  (12.057983630474848,)
99 	100  	137.477	224.436	13.7353	1419.89 (12.057983630474848,)
100	100  	140.671	229.513	12.3086	1435.77 (12.057983630474848,)
101	100  	148.454	230.993	14.2001	1412.87 (12.057983630474848,)
102	100  	153.487	233.073	14.0315	1369.38 (12.057983630474848,)
103	100  	138.61 	221.495	12.4362	1305.59 (12.057983630474848,)
104	100  	123.361	224.252	13.535 	1398.21 (12.057983630474848,)
105	100  	139.611	204.171	12.8517	1345.34 (12.057983630474848,)
106	100  	149.201	229.832	12.1292	1432.18 (12.057983630474848,)
107	100  	129.773	221.328	12.8848	1392.42 (12.057983630474848,)
108	100  	141.887	230.765	12.1042	1429.57 (12.057983630474848,)
109	100  	131.671	229.852	12.2195	1429.06 (12.057983630474848,)
110	100  	139.509	237.038	13.7086	1409.34 (12.057983630474848,)
111	100  	137.09 	231.051	12.5813	1404.26 (12.057983630474848,)
112	100  	139.955	230.922	12.9432	1415.34 (12.057983630474848,)
113	100  	121.507	222.078	12.5749	1435.47 (12.057983630474848,)
114	100  	137.113	238.978	12.5216	1437.6  (12.057983630474848,)
115	100  	121.895	230.475	12.683 	1432.68 (12.057983630474848,)
116	100  	127.545	224.613	12.605 	1414.81 (12.057983630474848,)
117	100  	136.642	237.076	13.1621	1482.06 (12.057983630474848,)
118	100  	148.847	242.361	12.0729	1444.11 (12.057983630474848,)
119	100  	144.453	223.855	12.6327	1300.9  (12.057983630474848,)
120	100  	142.271	213.331	12.6043	1330.88 (12.057983630474848,)
121	100  	141.201	220.468	12.1058	1280.01 (12.057983630474848,)
122	100  	140.142	223.156	12.2514	1360.62 (12.057983630474848,)
123	100  	133.233	233.229	12.5143	1390.39 (12.057983630474848,)
124	100  	133.756	237.743	12.5014	1506.3  (12.057983630474848,)
125	100  	139.65 	235.93 	11.7586	1432.32 (11.758638842024338,)
126	100  	131.447	224.498	13.0448	1349.34 (11.758638842024338,)
127	100  	139.626	224.529	11.9214	1377.48 (11.758638842024338,)
128	100  	139.95 	224.725	12.8969	1342.27 (11.758638842024338,)
129	100  	142.571	241.934	11.4987	1454.69 (11.498716349388578,)
130	100  	117.071	221.504	10.9666	1349.83 (10.966636491150156,)
131	100  	124.104	218.889	10.8971	1401.87 (10.897132888232596,)
132	100  	133.895	217.253	11.6477	1386.17 (10.897132888232596,)
133	100  	117.837	218.295	11.432 	1472.84 (10.897132888232596,)
134	100  	131.35 	234.394	11.5741	1427.95 (10.897132888232596,)
135	100  	121.604	224.993	11.5831	1389.51 (10.897132888232596,)
136	100  	129.073	222.961	11.4345	1361.24 (10.897132888232596,)
137	100  	128.536	232.412	11.4004	1436.57 (10.897132888232596,)
138	100  	126.549	207.263	12.7525	1464.65 (10.897132888232596,)
139	100  	118.942	234.128	11.4822	1416.74 (10.897132888232596,)
140	100  	124.657	227.099	11.7198	1335.67 (10.897132888232596,)
141	100  	130.835	240.865	11.9983	1518.06 (10.897132888232596,)
142	100  	118.221	222.176	11.9084	1436    (10.897132888232596,)
143	100  	128.075	237.57 	11.6922	1482.12 (10.897132888232596,)
144	100  	121.272	217.394	10.5168	1307.79 (10.516756010965054,)
145	100  	129.225	224.608	10.3587	1371.95 (10.358724302009902,)
146	100  	126.12 	232.332	9.69952	1439.73 (9.6995153048252263,)
147	100  	126.603	243.381	10.5573	1535.32 (9.6995153048252263,)
148	100  	120.97 	203.977	10.8033	1374.26 (9.6995153048252263,)
149	100  	128.171	218.612	11.7352	1420.42 (9.6995153048252263,)
150	100  	130.008	224.867	12.8673	1395.95 (9.6995153048252263,)
151	100  	121.598	210.052	10.3355	1325.16 (9.6995153048252263,)
152	100  	121.603	207.774	10.3205	1323.34 (9.6995153048252263,)
153	100  	116.383	206.981	10.9243	1306.15 (9.6995153048252263,)
154	100  	134.09 	224.135	9.69321	1378.72 (9.6932098108382494,)
155	100  	133.168	206.938	9.8738 	1377.11 (9.6932098108382494,)
156	100  	139.829	226.192	11.7368	1360.08 (9.6932098108382494,)
157	100  	125.413	226.576	10.2185	1419.9  (9.6932098108382494,)
158	100  	125.41 	230.165	10.204 	1491.47 (9.6932098108382494,)
159	100  	123.882	211.919	10.1104	1341.31 (9.6932098108382494,)
160	100  	114.819	209.612	10.2947	1324.42 (9.6932098108382494,)
161	100  	118.743	203.506	9.96387	1334.38 (9.6932098108382494,)
162	100  	125.226	222.072	10.3181	1485.02 (9.6932098108382494,)
163	100  	122.68 	223.11 	10.5381	1429.81 (9.6932098108382494,)
164	100  	120.027	222.081	9.3026 	1491.39 (9.3026021852075349,)
165	100  	128.172	235.475	10.6082	1505.12 (9.3026021852075349,)
166	100  	138.092	214.388	10.0017	1457.87 (9.3026021852075349,)
167	100  	146.197	207.518	9.37934	1469.71 (9.3026021852075349,)
168	100  	133.532	214.802	11.1789	1411.22 (9.3026021852075349,)
169	100  	125.34 	205.333	10.6734	1322.25 (9.3026021852075349,)
170	100  	136.438	223.379	10.8049	1477.32 (9.3026021852075349,)
171	100  	126.485	220.927	9.37139	1396.6  (9.3026021852075349,)
172	100  	128.097	232.55 	9.50203	1492.67 (9.3026021852075349,)
173	100  	122.316	243.337	10.723 	1577.31 (9.3026021852075349,)
174	100  	127.465	210.965	9.96839	1423.19 (9.3026021852075349,)
175	100  	127.903	224.433	10.6146	1328.81 (9.3026021852075349,)
176	100  	124.186	225.484	9.90419	1389.5  (9.3026021852075349,)
177	100  	114.872	217.347	9.97941	1424.84 (9.3026021852075349,)
178	100  	131.789	237.835	10.1846	1574.56 (9.3026021852075349,)
179	100  	117.823	217.151	10.6869	1327.9  (9.3026021852075349,)
180	100  	118.363	199.125	10.8417	1342.34 (9.3026021852075349,)
181	100  	127.417	195.833	10.5382	1327.04 (9.3026021852075349,)
182	100  	104.304	178.781	10.5177	1251.82 (9.3026021852075349,)
183	100  	117.947	195.77 	10.2143	1396.31 (9.3026021852075349,)
184	100  	114.59 	202.75 	9.13041	1403.82 (9.130414128403352,)
185	100  	108.914	204.169	9.66268	1448.92 (9.130414128403352,)
186	100  	108.827	203.204	9.70273	1533.55 (9.130414128403352,)
187	100  	100.711	177.121	10.1679	1401.37 (9.130414128403352,)
188	100  	107.013	192.881	10.1477	1463.32 (9.130414128403352,)
189	100  	114.034	205.509	8.50867	1477.69 (8.5086702941556833,)
190	100  	112.079	180.181	7.63744	1288.07 (7.637443791488284,)
191	100  	106.371	190.97 	8.49687	1369.33 (7.637443791488284,)
192	100  	111.622	191.4  	9.37933	1325.3  (7.637443791488284,)
193	100  	113.005	173.313	9.34889	1261.15 (7.637443791488284,)
194	100  	102.632	160.769	10.6681	1108.72 (7.637443791488284,)
195	100  	114.363	180.46 	7.39693	1332.27 (7.3969349366803092,)
196	100  	97.3151	165.269	7.42461	1218.33 (7.3969349366803092,)
197	100  	104.134	176.773	9.54989	1285.9  (7.3969349366803092,)
198	100  	115.382	181.644	8.97872	1291.88 (7.3969349366803092,)
199	100  	99.94  	181.872	7.25527	1311.97 (7.2552684670495111,)
200	100  	103.676	187.843	8.38702	1400.69 (7.2552684670495111,)
201	100  	124.363	182.098	9.70812	1333.4  (7.2552684670495111,)
202	100  	123.109	184.891	9.1749 	1388.57 (7.2552684670495111,)
203	100  	115.078	171.729	8.28691	1194.66 (7.2552684670495111,)
204	100  	99.7152	172.138	10.793 	1307.38 (7.2552684670495111,)
205	100  	102.38 	167.693	9.13684	1258.67 (7.2552684670495111,)
206	100  	110.75 	176.974	8.35747	1302.11 (7.2552684670495111,)
207	100  	101.208	181.328	8.48114	1374.93 (7.2552684670495111,)
208	100  	111.584	174.8  	8.02155	1332.59 (7.2552684670495111,)
209	100  	105.492	166.018	7.95233	1235.45 (7.2552684670495111,)
210	100  	117    	188.781	9.1417 	1422.17 (7.2552684670495111,)
211	100  	101.166	159.787	8.03106	1238.01 (7.2552684670495111,)
212	100  	96.4344	180.718	8.19694	1312.74 (7.2552684670495111,)
213	100  	100.789	183.697	8.27296	1473.98 (7.2552684670495111,)
214	100  	114.696	181.334	8.8008 	1362.68 (7.2552684670495111,)
215	100  	106.572	198.58 	7.89879	1489.16 (7.2552684670495111,)
216	100  	104.207	185.146	6.90749	1357.41 (6.9074900662943115,)
217	100  	105.068	194.962	7.74399	1474.06 (6.9074900662943115,)
218	100  	108.791	193.987	9.04251	1481.59 (6.9074900662943115,)
219	100  	121.23 	205.765	8.14731	1508.41 (6.9074900662943115,)
220	100  	110.245	205.052	7.11134	1531.46 (6.9074900662943115,)
221	100  	111.114	186.469	7.86589	1475.46 (6.9074900662943115,)
222	100  	111.945	197.027	7.71588	1442.31 (6.9074900662943115,)
223	100  	111.317	194.646	7.1219 	1442.15 (6.9074900662943115,)
224	100  	113.651	191.611	9.50984	1343.74 (6.9074900662943115,)
225	100  	113.913	189.265	7.67759	1405.95 (6.9074900662943115,)
226	100  	116.794	188.827	6.62087	1458.79 (6.6208687303327798,)
227	100  	115.484	182.224	7.07722	1385.92 (6.6208687303327798,)
228	100  	120.073	179.935	7.59127	1313.68 (6.6208687303327798,)
229	100  	105.773	187.841	7.96983	1371.82 (6.6208687303327798,)
230	100  	110.93 	203.216	7.39407	1464.4  (6.6208687303327798,)
231	100  	137.317	220.719	6.86033	1479.14 (6.6208687303327798,)
232	100  	122.254	190.095	7.23114	1375.4  (6.6208687303327798,)
233	100  	102.418	181.837	8.14851	1494.08 (6.6208687303327798,)
234	100  	108.897	201.621	7.41483	1521.66 (6.6208687303327798,)
235	100  	114.471	192.359	8.39099	1440.08 (6.6208687303327798,)
236	100  	117.163	185.112	7.19358	1347.91 (6.6208687303327798,)
237	100  	124.084	190.439	7.23138	1508.46 (6.6208687303327798,)
238	100  	111.33 	178.148	9.49594	1433.94 (6.6208687303327798,)
239	100  	109.502	202.79 	6.46506	1469.39 (6.4650554533685227,)
240	100  	99.1695	190.283	10.7785	1435.59 (6.4650554533685227,)
241	100  	111.545	204.539	7.5606 	1525.7  (6.4650554533685227,)
242	100  	107.664	198.177	8.54574	1425.54 (6.4650554533685227,)
243	100  	107.975	194.143	7.51771	1361.77 (6.4650554533685227,)
244	100  	120.54 	181.992	9.01392	1285.65 (6.4650554533685227,)
245	100  	102.483	181.204	6.86773	1305.54 (6.4650554533685227,)
246	100  	111.861	194.962	7.19019	1401.04 (6.4650554533685227,)
247	100  	116.061	186.225	7.42552	1317.41 (6.4650554533685227,)
248	100  	123.457	194    	8.47402	1427.68 (6.4650554533685227,)
249	100  	106.44 	197.153	6.09691	1429.37 (6.0969082293954822,)
250	100  	114.869	195.551	7.35204	1512.92 (6.0969082293954822,)
251	100  	116.193	201.164	7.46918	1435.51 (6.0969082293954822,)
252	100  	109.17 	192.725	6.42938	1397.95 (6.0969082293954822,)
253	100  	112.126	203.941	6.09024	1499.59 (6.0902375348682041,)
254	100  	118.649	191.238	6.27846	1354.52 (6.0902375348682041,)
255	100  	120.113	203.828	6.7143 	1409.7  (6.0902375348682041,)
256	100  	120.108	208.662	6.08377	1477.29 (6.0837711082101817,)
257	100  	113.23 	211.504	7.2291 	1540.93 (6.0837711082101817,)
258	100  	116.971	200.308	6.74449	1419.15 (6.0837711082101817,)
259	100  	121.246	210.517	6.13549	1483.54 (6.0837711082101817,)
260	100  	103.938	180.557	6.9155 	1289.98 (6.0837711082101817,)
261	100  	116.691	195.75 	6.0612 	1528.13 (6.0612027476558596,)
262	100  	109.944	176.345	7.9964 	1314.44 (6.0612027476558596,)
263	100  	98.6762	193.83 	7.43207	1480.07 (6.0612027476558596,)
264	100  	109.32 	194.425	6.61967	1400.44 (6.0612027476558596,)
265	100  	111.909	192.274	6.46165	1464.92 (6.0612027476558596,)
266	100  	123.931	203.352	7.73038	1524.33 (6.0612027476558596,)
267	100  	127.342	188.955	8.61331	1334.95 (6.0612027476558596,)
268	100  	119.379	204.099	6.57782	1452.81 (6.0612027476558596,)
269	100  	115.111	207.126	7.30846	1506.28 (6.0612027476558596,)
270	100  	105.568	195.988	7.51408	1458.36 (6.0612027476558596,)
271	100  	121.604	207.959	8.23668	1523.16 (6.0612027476558596,)
272	100  	111.93 	193.508	7.44717	1423.16 (6.0612027476558596,)
273	100  	104.005	202.953	7.20098	1452.59 (6.0612027476558596,)
274	100  	116.68 	199.876	6.55976	1399.22 (6.0612027476558596,)
275	100  	111.435	193.866	7.61668	1361.88 (6.0612027476558596,)
276	100  	126.541	193.115	6.25885	1452.84 (6.0612027476558596,)
277	100  	120.327	192.703	8.18998	1365.97 (6.0612027476558596,)
278	100  	114.417	201.219	8.02405	1493.4  (6.0612027476558596,)
279	100  	108.327	182.691	6.51651	1344.79 (6.0612027476558596,)
280	100  	118.255	185.02 	6.94167	1441.61 (6.0612027476558596,)
281	100  	114.766	186.246	7.01458	1460.68 (6.0612027476558596,)
282	100  	117.651	199.213	6.6564 	1500.26 (6.0612027476558596,)
283	100  	114.791	195.426	6.35853	1482.24 (6.0612027476558596,)
284	100  	120.208	179.899	6.46502	1383.24 (6.0612027476558596,)
285	100  	110.945	181.028	7.70284	1281.42 (6.0612027476558596,)
286	100  	104.985	191.318	6.61039	1425.63 (6.0612027476558596,)
287	100  	117.526	199.061	6.89246	1449.77 (6.0612027476558596,)
288	100  	102.422	193.643	6.89546	1374.67 (6.0612027476558596,)
289	100  	99.1921	196.075	6.20771	1583.03 (6.0612027476558596,)
290	100  	108.047	200.433	6.52559	1422.09 (6.0612027476558596,)
291	100  	100.336	185.504	7.80305	1399.72 (6.0612027476558596,)
292	100  	114.406	188.608	6.58675	1474.75 (6.0612027476558596,)
293	100  	118.296	192.908	6.46779	1362.1  (6.0612027476558596,)
294	100  	124.988	204.81 	9.19809	1482.82 (6.0612027476558596,)
295	100  	126.519	176.921	7.73855	1217.17 (6.0612027476558596,)
296	100  	115.105	187.885	6.1954 	1314.68 (6.0612027476558596,)
297	100  	119.058	201.835	7.70805	1482.75 (6.0612027476558596,)
298	100  	123.047	199.21 	7.87491	1372.6  (6.0612027476558596,)
299	100  	130.669	184.261	7.13387	1334.56 (6.0612027476558596,)
300	100  	115.086	198.691	6.21019	1393.62 (6.0612027476558596,)
301	100  	99.5479	195.87 	6.62315	1409.33 (6.0612027476558596,)
302	100  	96.386 	178.843	6.71179	1338.84 (6.0612027476558596,)
303	100  	106.377	191.795	7.38051	1381.5  (6.0612027476558596,)
304	100  	93.5951	191.663	7.02397	1393.19 (6.0612027476558596,)
305	100  	96.0346	188.777	6.23099	1408.32 (6.0612027476558596,)
306	100  	101.447	182.797	7.18947	1325.2  (6.0612027476558596,)
307	100  	99.5395	190.314	6.35706	1380.92 (6.0612027476558596,)
308	100  	88.2451	181.14 	6.62705	1296.28 (6.0612027476558596,)
309	100  	95.5392	174.475	7.84424	1340.19 (6.0612027476558596,)
310	100  	97.1595	202.17 	6.33839	1506.96 (6.0612027476558596,)
311	100  	108.236	194.081	6.13723	1355.26 (6.0612027476558596,)
312	100  	101.501	172.823	6.63377	1210.77 (6.0612027476558596,)
313	100  	109.466	198.176	6.52685	1411.06 (6.0612027476558596,)
314	100  	100.794	196.442	6.3239 	1388.3  (6.0612027476558596,)
315	100  	99.6896	193.068	6.51901	1488    (6.0612027476558596,)
316	100  	108.411	204.805	5.82541	1465.35 (5.8254067353592909,)
317	100  	97.1633	195.592	6.53689	1510.84 (5.8254067353592909,)
318	100  	110.115	202.655	6.37427	1517.72 (5.8254067353592909,)
319	100  	109.877	192.736	6.09475	1512.85 (5.8254067353592909,)
320	100  	108.839	187.69 	6.80804	1400.8  (5.8254067353592909,)
321	100  	121.199	193.892	6.53538	1397.83 (5.8254067353592909,)
322	100  	110.503	203.906	6.33605	1516.74 (5.8254067353592909,)
323	100  	101.549	203.928	6.14647	1469.48 (5.8254067353592909,)
324	100  	111.946	209.384	7.86368	1480.5  (5.8254067353592909,)
325	100  	116.535	212.866	6.35316	1563.8  (5.8254067353592909,)
326	100  	120.349	199.326	5.92938	1440.19 (5.8254067353592909,)
327	100  	108.321	193.407	5.89023	1412    (5.8254067353592909,)
328	100  	115.255	195.959	8.0243 	1392.85 (5.8254067353592909,)
329	100  	116.499	201.844	5.87795	1402.82 (5.8254067353592909,)
330	100  	116.62 	177.23 	6.99776	1218.6  (5.8254067353592909,)
331	100  	113.691	185.102	5.94599	1333.43 (5.8254067353592909,)
332	100  	120.917	185.448	6.49281	1300.94 (5.8254067353592909,)
333	100  	117.756	203.083	6.07477	1435.84 (5.8254067353592909,)
334	100  	111.771	195.168	6.62291	1362.36 (5.8254067353592909,)
335	100  	118.658	195.905	5.52552	1537.07 (5.5255247564274832,)
336	100  	105.424	202.219	5.49344	1423.06 (5.4934406251547951,)
337	100  	103.053	193.805	6.4331 	1443.83 (5.4934406251547951,)
338	100  	108.147	204.779	6.2885 	1547.32 (5.4934406251547951,)
339	100  	106.422	196.707	6.2895 	1400.49 (5.4934406251547951,)
340	100  	98.6954	201.562	6.40778	1532.52 (5.4934406251547951,)
341	100  	108.794	194.959	5.95409	1434.34 (5.4934406251547951,)
342	100  	101.249	166.742	5.80126	1203.83 (5.4934406251547951,)
343	100  	114.651	186.058	5.76038	1386.96 (5.4934406251547951,)
344	100  	112.253	190.81 	6.32755	1408.56 (5.4934406251547951,)
345	100  	102.173	198.652	8.21211	1411.64 (5.4934406251547951,)
346	100  	100.07 	187.11 	6.31131	1460.59 (5.4934406251547951,)
347	100  	109.411	191.344	6.82219	1364.67 (5.4934406251547951,)
348	100  	118.383	197.299	6.79466	1406.7  (5.4934406251547951,)
349	100  	112.671	198.59 	5.96813	1475.72 (5.4934406251547951,)
350	100  	111.179	202.115	8.31191	1508.8  (5.4934406251547951,)
351	100  	106.01 	184.713	6.70258	1364.61 (5.4934406251547951,)
352	100  	111.62 	187.778	6.34924	1403.59 (5.4934406251547951,)
353	100  	96.4372	197.359	5.67909	1471.38 (5.4934406251547951,)
354	100  	105.315	194.185	7.65495	1459.73 (5.4934406251547951,)
355	100  	105.273	190.455	6.73311	1395.38 (5.4934406251547951,)
356	100  	95.123 	186.738	5.81869	1423.1  (5.4934406251547951,)
357	100  	98.9422	188.551	5.79738	1428.51 (5.4934406251547951,)
358	100  	97.5059	176.198	5.97713	1385.35 (5.4934406251547951,)
359	100  	96.1762	187.452	5.84908	1461.78 (5.4934406251547951,)
360	100  	107.419	192.518	6.17656	1361.01 (5.4934406251547951,)
361	100  	117.88 	197.874	6.55776	1458.53 (5.4934406251547951,)
362	100  	110.333	198.692	5.77659	1431    (5.4934406251547951,)
363	100  	104.277	208.865	6.2364 	1540.53 (5.4934406251547951,)
364	100  	113.544	192.661	6.06474	1487.9  (5.4934406251547951,)
365	100  	107.744	202.44 	6.47627	1443.56 (5.4934406251547951,)
366	100  	106.742	196.231	6.46311	1387.79 (5.4934406251547951,)
367	100  	112.884	193.13 	5.93987	1352.74 (5.4934406251547951,)
368	100  	110.989	201.058	8.06338	1473.19 (5.4934406251547951,)
369	100  	121.949	200.871	7.00681	1476.55 (5.4934406251547951,)
370	100  	110.356	191.254	6.5838 	1421.75 (5.4934406251547951,)
371	100  	120.464	203.508	6.62232	1435.58 (5.4934406251547951,)
372	100  	114.548	189.745	5.07798	1371.23 (5.0779843809943142,)
373	100  	110.36 	182.288	6.04407	1360.15 (5.0779843809943142,)
374	100  	110.484	191.224	6.50077	1385.83 (5.0779843809943142,)
375	100  	108.064	190.886	6.59379	1451.13 (5.0779843809943142,)
376	100  	92.7303	173.257	5.21593	1218.09 (5.0779843809943142,)
377	100  	102.155	180.362	5.58716	1395.06 (5.0779843809943142,)
378	100  	113.947	188.53 	5.53613	1283.82 (5.0779843809943142,)
379	100  	97.8614	193.601	6.3707 	1447.87 (5.0779843809943142,)
380	100  	108.991	190.872	6.5969 	1451.11 (5.0779843809943142,)
381	100  	115.418	179.193	5.92695	1386.64 (5.0779843809943142,)
382	100  	107.305	185.604	5.48504	1422.64 (5.0779843809943142,)
383	100  	101.418	166.65 	5.59103	1329.41 (5.0779843809943142,)
384	100  	95.755 	186.769	5.57264	1397.24 (5.0779843809943142,)
385	100  	103.88 	182.247	5.33719	1301.61 (5.0779843809943142,)
386	100  	96.9857	181.673	6.65392	1332.36 (5.0779843809943142,)
387	100  	107.74 	178.445	6.90999	1321.31 (5.0779843809943142,)
388	100  	108.283	183.284	5.27937	1423.83 (5.0779843809943142,)
389	100  	106.144	182.729	6.50705	1569.54 (5.0779843809943142,)
390	100  	123.845	181.378	5.83085	1470.17 (5.0779843809943142,)
391	100  	105.073	181.804	5.02732	1310.77 (5.0273201674868417,)
392	100  	92.2275	191.718	5.21774	1488.95 (5.0273201674868417,)
393	100  	101.767	189.111	8.08774	1408.82 (5.0273201674868417,)
394	100  	106.85 	190.269	6.8296 	1448.48 (5.0273201674868417,)
395	100  	116.594	195.984	5.37794	1400.07 (5.0273201674868417,)
396	100  	125.059	206.388	5.22151	1512.11 (5.0273201674868417,)
397	100  	114.357	180.786	5.84118	1442.5  (5.0273201674868417,)
398	100  	106.424	175.212	6.78598	1441.78 (5.0273201674868417,)
399	100  	116.886	192.29 	5.22131	1481.71 (5.0273201674868417,)
400	100  	119.205	190.449	5.0916 	1394.89 (5.0273201674868417,)
401	100  	110.826	201.481	5.43005	1491.16 (5.0273201674868417,)
402	100  	101.465	180.28 	5.94863	1336.85 (5.0273201674868417,)
403	100  	100.264	192.112	6.40912	1398.17 (5.0273201674868417,)
404	100  	115.537	196.303	5.21634	1370.74 (5.0273201674868417,)
405	100  	104.942	173.87 	5.58072	1245.5  (5.0273201674868417,)
406	100  	115.521	179.147	6.47353	1357.74 (5.0273201674868417,)
407	100  	126.129	176.211	6.62554	1337.64 (5.0273201674868417,)
408	100  	117.236	179.1  	6.28147	1357.74 (5.0273201674868417,)
409	100  	117.562	170.484	6.74319	1315.94 (5.0273201674868417,)
410	100  	112.388	184.138	5.87861	1392.85 (5.0273201674868417,)
411	100  	112.086	182.602	6.133  	1379.37 (5.0273201674868417,)
412	100  	103.401	191.979	5.53845	1418.91 (5.0273201674868417,)
413	100  	110.127	189.171	5.491  	1374.52 (5.0273201674868417,)
414	100  	117.094	184.321	5.87493	1371.46 (5.0273201674868417,)
415	100  	109.182	181.089	5.14502	1397.06 (5.0273201674868417,)
416	100  	106.817	202.241	6.89055	1519.7  (5.0273201674868417,)
417	100  	105.988	203.46 	6.00656	1478.56 (5.0273201674868417,)
418	100  	96.4091	208.649	5.79045	1528.58 (5.0273201674868417,)
419	100  	112.64 	214.256	5.64099	1499.28 (5.0273201674868417,)
420	100  	112.259	192.007	5.45692	1408.02 (5.0273201674868417,)
421	100  	114.745	209.402	5.69434	1513.92 (5.0273201674868417,)
422	100  	114.138	200.375	5.43226	1407.57 (5.0273201674868417,)
423	100  	98.1294	178.395	6.48453	1269.08 (5.0273201674868417,)
424	100  	100.885	169.484	5.64752	1280.85 (5.0273201674868417,)
425	100  	106.595	197.147	5.05932	1563.55 (5.0273201674868417,)
426	100  	114.004	181.369	5.33866	1457.65 (5.0273201674868417,)
427	100  	112.03 	185.205	5.8765 	1521.53 (5.0273201674868417,)
428	100  	96.2345	182.844	5.70726	1453.92 (5.0273201674868417,)
429	100  	105.929	188.231	5.43556	1431.44 (5.0273201674868417,)
430	100  	105.369	184.765	6.01316	1450.33 (5.0273201674868417,)
431	100  	107.391	181.38 	4.83576	1334.84 (4.8357648840447602,)
432	100  	98.8868	194.841	6.01327	1430.89 (4.8357648840447602,)
433	100  	110.445	196.179	5.60921	1416.08 (4.8357648840447602,)
434	100  	117.368	202.041	4.98534	1422.15 (4.8357648840447602,)
435	100  	110.318	195.751	5.56835	1388.57 (4.8357648840447602,)
436	100  	113.505	182.373	5.70172	1478.4  (4.8357648840447602,)
437	100  	125    	188.698	5.31849	1352.15 (4.8357648840447602,)
438	100  	130.382	171.707	4.71606	1228.51 (4.71605993724652,)
439	100  	109.131	190.663	4.7689 	1371.74 (4.71605993724652,)
440	100  	111.485	204.934	4.85424	1425.26 (4.71605993724652,)
441	100  	113.716	206.897	6.83584	1438.98 (4.71605993724652,)
442	100  	120.237	208.861	4.95825	1474.87 (4.71605993724652,)
443	100  	117.096	185.253	4.93542	1452.42 (4.71605993724652,)
444	100  	108.983	175.62 	4.92945	1270.84 (4.71605993724652,)
445	100  	112.047	184.817	5.60769	1339.16 (4.71605993724652,)
446	100  	118.84 	199.517	6.15651	1423.04 (4.71605993724652,)
447	100  	110.44 	203.225	5.11936	1436.81 (4.71605993724652,)
448	100  	110.873	196.134	5.52201	1410.11 (4.71605993724652,)
449	100  	103.633	185.429	4.92989	1334.19 (4.71605993724652,)
450	100  	112.618	182.488	6.21869	1330.05 (4.71605993724652,)
451	100  	99.2801	184.329	4.28304	1467.06 (4.2830364346771121,)
452	100  	99.0437	198.824	5.44194	1484.84 (4.2830364346771121,)
453	100  	104.282	209.937	4.60026	1563.65 (4.2830364346771121,)
454	100  	116.631	199.923	4.83498	1450.67 (4.2830364346771121,)
455	100  	112.478	200.614	5.05746	1510.39 (4.2830364346771121,)
456	100  	115.631	202.068	5.99929	1462.79 (4.2830364346771121,)
457	100  	134.631	205.502	5.32549	1469.16 (4.2830364346771121,)
458	100  	117.367	201.941	5.92212	1415.51 (4.2830364346771121,)
459	100  	114.837	188.825	7.14981	1381.67 (4.2830364346771121,)
460	100  	113.308	185.396	4.45582	1336.6  (4.2830364346771121,)
461	100  	118.795	193.763	5.39107	1412.96 (4.2830364346771121,)
462	100  	104.649	184.788	5.49834	1333.77 (4.2830364346771121,)
463	100  	119.834	180.697	5.05323	1463.8  (4.2830364346771121,)
464	100  	97.3187	181.929	4.25002	1435.14 (4.2500240863114644,)
465	100  	109.563	190.899	4.56864	1351.02 (4.2500240863114644,)
466	100  	121.021	195.308	4.6783 	1397.31 (4.2500240863114644,)
467	100  	119.788	192.265	4.45643	1442.62 (4.2500240863114644,)
468	100  	97.109 	182.576	4.51755	1407.36 (4.2500240863114644,)
469	100  	109.337	198.698	5.00671	1387.89 (4.2500240863114644,)
470	100  	109.974	183.011	4.58145	1310.13 (4.2500240863114644,)
471	100  	116.621	190.093	5.68263	1496.75 (4.2500240863114644,)
472	100  	124.856	198.319	4.337  	1405.86 (4.2500240863114644,)
473	100  	111.698	201.041	4.89407	1485.13 (4.2500240863114644,)
474	100  	114.384	174.187	4.73594	1339.53 (4.2500240863114644,)
475	100  	102.985	173.424	4.53478	1413.7  (4.2500240863114644,)
476	100  	115.893	187.642	4.81709	1406.26 (4.2500240863114644,)
477	100  	114.603	169.142	5.39829	1307.71 (4.2500240863114644,)
478	100  	109.652	173.311	4.95724	1335.96 (4.2500240863114644,)
479	100  	109.17 	172.326	5.19679	1412.11 (4.2500240863114644,)
480	100  	103.191	179.369	5.14278	1450.02 (4.2500240863114644,)
481	100  	106.106	194.031	5.00246	1404.3  (4.2500240863114644,)
482	100  	109.664	195.223	4.40418	1378.09 (4.2500240863114644,)
483	100  	103.826	180.663	5.78591	1391.5  (4.2500240863114644,)
484	100  	103.966	175.229	4.75979	1263.21 (4.2500240863114644,)
485	100  	127.284	185.693	5.13601	1348.46 (4.2500240863114644,)
486	100  	109.055	187.58 	5.3433 	1484.11 (4.2500240863114644,)
487	100  	102.573	209.348	5.03829	1514.93 (4.2500240863114644,)
488	100  	110.429	212.037	5.47334	1535.22 (4.2500240863114644,)
489	100  	109.792	210.557	5.30585	1483.4  (4.2500240863114644,)
490	100  	114.93 	193.038	4.88981	1449.52 (4.2500240863114644,)
491	100  	99.418 	185.638	5.51974	1348.17 (4.2500240863114644,)
492	100  	102.802	155.176	5.19961	1189.95 (4.2500240863114644,)
493	100  	117.561	199.724	4.72621	1500.03 (4.2500240863114644,)
494	100  	109.787	188.376	4.42573	1350.8  (4.2500240863114644,)
495	100  	112.097	184.443	4.89768	1290.94 (4.2500240863114644,)
496	100  	108.146	181.071	6.71314	1338.78 (4.2500240863114644,)
497	100  	95.2536	174.65 	5.5566 	1269.67 (4.2500240863114644,)
498	100  	109.172	185.69 	4.6586 	1366.47 (4.2500240863114644,)
499	100  	108.39 	190.69 	4.47217	1499.07 (4.2500240863114644,)
