In file included from /usr/lib/python2.7/dist-packages/numpy/core/include/numpy/ndarraytypes.h:1761:0,
                 from /usr/lib/python2.7/dist-packages/numpy/core/include/numpy/ndarrayobject.h:17,
                 from /usr/lib/python2.7/dist-packages/numpy/core/include/numpy/arrayobject.h:4,
                 from /home/pinojc/.cache/scipy/python27_compiled/sc_9bade30717731f645b30a512f757f0fa1563.cpp:22:
/usr/lib/python2.7/dist-packages/numpy/core/include/numpy/npy_1_7_deprecated_api.h:15:2: warning: #warning "Using deprecated NumPy API, disable it by " "#defining NPY_NO_DEPRECATED_API NPY_1_7_API_VERSION" [-Wcpp]
 #warning "Using deprecated NumPy API, disable it by " \
  ^
gen	evals	avg    	std    	min    	max    
0  	100  	844.526	365.643	104.737	1576.49 (104.73712172723891,)
1  	100  	819.138	392.31 	105.57 	1648.43 (104.73712172723891,)
2  	100  	757.24 	380.505	92.0516	1743.11 (92.051588732976057,)
3  	100  	693.392	441.921	67.8699	1770.79 (67.869888317505769,)
4  	100  	717.786	458.771	69.4858	1865.49 (67.869888317505769,)
5  	100  	630.439	452.049	31.7673	1945.18 (31.767326195451854,)
6  	100  	536.244	468.876	27.4445	1859.1  (27.444520887827352,)
7  	100  	520.073	423.701	26.5366	1628.3  (26.536563421411337,)
8  	100  	459.921	399.087	36.7312	1699.33 (26.536563421411337,)
9  	100  	396.937	377.261	25.8495	1814.33 (25.849505310261559,)
10 	100  	337.505	345.467	23.5069	1894.14 (23.506898379943038,)
11 	100  	336.334	359.607	25.2655	1760.04 (23.506898379943038,)
12 	100  	281.619	340.167	33.3209	1748.92 (23.506898379943038,)
13 	100  	250.959	313.393	20.079 	1687.62 (20.078967720341346,)
14 	100  	227.508	304.562	19.602 	1863.55 (19.601977753312919,)
15 	100  	198.201	271.01 	17.8083	1768.1  (17.808327489661924,)
16 	100  	189.977	246.734	16.8238	1343.23 (16.823779591471393,)
17 	100  	222.753	294.27 	17.5879	1884.92 (16.823779591471393,)
18 	100  	215.676	272.632	15.7124	1749.3  (15.71243394422741,)
19 	100  	216.107	248.985	18.2203	1575.81 (15.71243394422741,)
20 	100  	192.195	243.169	16.732 	1787.81 (15.71243394422741,)
21 	100  	192.24 	254.485	15.6137	1604.6  (15.613717889236547,)
22 	100  	181.831	210.387	13.6651	1124.22 (13.66507813638613,)
23 	100  	172.919	222.093	16.5141	1436.82 (13.66507813638613,)
24 	100  	177.434	251.169	13.6841	1833.04 (13.66507813638613,)
25 	100  	192.01 	215.019	13.714 	1577.15 (13.66507813638613,)
26 	100  	183.714	229.596	15.0079	1400.1  (13.66507813638613,)
27 	100  	172.946	217.983	13.4235	1770.22 (13.423515585584946,)
28 	100  	150.518	234.484	13.2165	1870.01 (13.216501461428122,)
29 	100  	165.438	231.188	17.0154	1748.63 (13.216501461428122,)
30 	100  	169.135	218.399	13.1701	1495.07 (13.170102547372524,)
31 	100  	145.052	233.048	12.9438	1789.9  (12.943784469616448,)
32 	100  	168.495	230.43 	12.7585	1364.89 (12.758502878547329,)
33 	100  	171.857	254.939	14.1055	1801.7  (12.758502878547329,)
34 	100  	166.852	236.69 	12.8992	1764.7  (12.758502878547329,)
35 	100  	166.217	178.563	15.3818	965.935 (12.758502878547329,)
36 	100  	178.076	199.844	12.7854	1126.27 (12.758502878547329,)
37 	100  	163.346	190.349	11.0719	1045.68 (11.071911022354392,)
38 	100  	147.263	182.628	12.2248	1064.23 (11.071911022354392,)
39 	100  	171.54 	206.78 	13.4486	1200.4  (11.071911022354392,)
40 	100  	148.442	177.758	12.6773	964.337 (11.071911022354392,)
41 	100  	132.524	158.4  	12.0824	887.638 (11.071911022354392,)
42 	100  	135.335	164.809	14.079 	974.212 (11.071911022354392,)
43 	100  	124.715	153.164	12.2509	974.625 (11.071911022354392,)
44 	100  	139.1  	161.268	13.7283	932.595 (11.071911022354392,)
45 	100  	130.429	140.7  	12.1795	787.167 (11.071911022354392,)
46 	100  	127.149	162.534	11.0385	1050.02 (11.038525697477715,)
47 	100  	153.352	196.653	11.0936	1126.41 (11.038525697477715,)
48 	100  	157.18 	193.619	11.11  	988.517 (11.038525697477715,)
49 	100  	141.323	165.475	10.7247	997.778 (10.724695503666423,)
50 	100  	140.629	181.919	12.3517	1119.45 (10.724695503666423,)
51 	100  	160.133	202.437	12.6483	1147.65 (10.724695503666423,)
52 	100  	151.34 	162.151	11.4698	945.039 (10.724695503666423,)
53 	100  	141.534	163.483	14.2728	1032.07 (10.724695503666423,)
54 	100  	145.834	171.66 	12.137 	943.658 (10.724695503666423,)
55 	100  	151.304	156.266	10.8636	968.753 (10.724695503666423,)
56 	100  	160.181	175.008	12.6969	1001.86 (10.724695503666423,)
57 	100  	144.292	157.056	10.7074	936.551 (10.707369172750793,)
58 	100  	147.186	181.061	12.2933	1168.93 (10.707369172750793,)
59 	100  	164.431	187.351	10.596 	1087.43 (10.596012889622994,)
60 	100  	114.606	131.665	15.2646	952.803 (10.596012889622994,)
61 	100  	116.219	155.765	10.4958	1027.58 (10.495786533670362,)
62 	100  	147.485	158.17 	12.8377	1006.6  (10.495786533670362,)
63 	100  	156.496	156.329	10.939 	997.704 (10.495786533670362,)
64 	100  	146.808	174.756	12.6658	784.269 (10.495786533670362,)
65 	100  	123.25 	130.289	11.2514	870.299 (10.495786533670362,)
66 	100  	138.759	160.797	10.1582	947.582 (10.158212660607129,)
67 	100  	130.725	143.007	9.56784	837.746 (9.5678443630142791,)
68 	100  	138.852	158.548	9.97086	866.233 (9.5678443630142791,)
69 	100  	150.428	154.164	13.359 	798.617 (9.5678443630142791,)
70 	100  	137.493	135.257	9.87685	868.566 (9.5678443630142791,)
71 	100  	154.779	171.444	10.5817	922.885 (9.5678443630142791,)
72 	100  	150.977	149.518	10.4653	1027.03 (9.5678443630142791,)
73 	100  	149.69 	189.855	9.66607	961.34  (9.5678443630142791,)
74 	100  	138.424	137.748	8.83538	778.345 (8.8353822038767849,)
75 	100  	121.346	145.908	9.32662	943.333 (8.8353822038767849,)
76 	100  	136.843	153.887	9.21793	916.9   (8.8353822038767849,)
77 	100  	147.507	165.41 	9.76818	940.35  (8.8353822038767849,)
78 	100  	133.957	151.878	11.7046	813.929 (8.8353822038767849,)
79 	100  	141.596	186.613	9.31835	988.716 (8.8353822038767849,)
80 	100  	133.092	152.38 	9.88868	931.987 (8.8353822038767849,)
81 	100  	134.695	170.761	10.3284	851.341 (8.8353822038767849,)
82 	100  	123.942	166.495	8.22139	926.84  (8.2213885605263481,)
83 	100  	113.519	123.692	10.1163	665.318 (8.2213885605263481,)
84 	100  	133.328	149.867	9.51798	963.614 (8.2213885605263481,)
85 	100  	140.556	143.948	11.2133	963.605 (8.2213885605263481,)
86 	100  	145.127	175.627	7.81974	1028.56 (7.8197449876133991,)
87 	100  	134.612	183.566	11.4152	1268.86 (7.8197449876133991,)
88 	100  	137.474	170.522	8.40765	918.361 (7.8197449876133991,)
89 	100  	148.041	179.359	8.46905	1107.6  (7.8197449876133991,)
90 	100  	133.954	145.426	9.66649	856.502 (7.8197449876133991,)
91 	100  	142.773	172.654	8.83679	912.811 (7.8197449876133991,)
92 	100  	152.915	171.697	9.47818	1018.43 (7.8197449876133991,)
93 	100  	124.195	142.655	11.2066	978.1   (7.8197449876133991,)
94 	100  	137.711	174.074	9.55004	972.667 (7.8197449876133991,)
95 	100  	127.758	162.562	8.94905	1065.72 (7.8197449876133991,)
96 	100  	131.369	128.552	8.02328	914.302 (7.8197449876133991,)
97 	100  	117.11 	135.372	7.87501	912.173 (7.8197449876133991,)
98 	100  	125.52 	160.749	8.58825	898.916 (7.8197449876133991,)
99 	100  	131.534	153.437	8.2939 	763.722 (7.8197449876133991,)
100	100  	126.558	146.319	8.76032	794.838 (7.8197449876133991,)
101	100  	138.863	164.818	8.57884	978.73  (7.8197449876133991,)
102	100  	132.803	176.933	8.2454 	898.861 (7.8197449876133991,)
103	100  	107.256	142.299	6.68883	859.254 (6.6888299450284086,)
104	100  	134.338	160.608	7.25443	1094.75 (6.6888299450284086,)
105	100  	103.286	117.504	9.06503	804.334 (6.6888299450284086,)
106	100  	142.046	156.918	7.26894	728.705 (6.6888299450284086,)
107	100  	133.557	150.808	8.80109	911.398 (6.6888299450284086,)
108	100  	115.827	147.478	8.09673	993.485 (6.6888299450284086,)
109	100  	123.156	125.853	8.73321	829.53  (6.6888299450284086,)
110	100  	137.255	138.655	8.77899	785.389 (6.6888299450284086,)
111	100  	141.663	132.761	8.28116	766.223 (6.6888299450284086,)
112	100  	137.63 	130.544	10.1356	708.732 (6.6888299450284086,)
113	100  	132.075	142.761	8.06089	944.74  (6.6888299450284086,)
114	100  	120.708	147.498	7.63542	1028.8  (6.6888299450284086,)
115	100  	113.002	154.794	7.0925 	1022.89 (6.6888299450284086,)
116	100  	131.865	159.738	9.65072	999.079 (6.6888299450284086,)
117	100  	131.099	149.848	8.14691	1028.83 (6.6888299450284086,)
118	100  	128.93 	142.419	10.7167	1018.41 (6.6888299450284086,)
119	100  	124.774	154.162	8.22941	883.741 (6.6888299450284086,)
120	100  	124.912	164.427	7.82521	1161.96 (6.6888299450284086,)
121	100  	147.019	169.397	7.20715	1005.73 (6.6888299450284086,)
122	100  	151.755	189.817	6.28748	923.704 (6.2874788275878659,)
123	100  	126.29 	123.458	8.574  	727.399 (6.2874788275878659,)
124	100  	129.868	139.958	6.41211	751.514 (6.2874788275878659,)
125	100  	129.341	142.799	7.8037 	816.478 (6.2874788275878659,)
126	100  	118.93 	143.621	9.97826	920.271 (6.2874788275878659,)
127	100  	126.281	129.928	8.85701	814.613 (6.2874788275878659,)
128	100  	124.935	137.007	6.75657	684.398 (6.2874788275878659,)
129	100  	137.629	148.723	8.10456	867.291 (6.2874788275878659,)
130	100  	144.698	142.31 	6.83914	752.035 (6.2874788275878659,)
131	100  	141.696	145.871	7.41756	908.179 (6.2874788275878659,)
132	100  	107.521	125.875	6.9006 	807.241 (6.2874788275878659,)
133	100  	111.566	129.143	9.26704	1013.17 (6.2874788275878659,)
134	100  	121.374	135.131	6.7878 	846.916 (6.2874788275878659,)
135	100  	112.779	139.211	6.9221 	989.741 (6.2874788275878659,)
136	100  	128.433	133.906	6.68527	1028.22 (6.2874788275878659,)
137	100  	114.471	130.334	6.42824	814.56  (6.2874788275878659,)
138	100  	119.071	138.692	6.86247	943.179 (6.2874788275878659,)
139	100  	138.058	147.645	7.47117	877.489 (6.2874788275878659,)
140	100  	125.995	130.266	7.33741	682.187 (6.2874788275878659,)
141	100  	125.057	132.76 	8.74155	936.875 (6.2874788275878659,)
142	100  	127.599	143.966	7.01372	915.797 (6.2874788275878659,)
143	100  	122.904	152.263	7.2969 	1076.31 (6.2874788275878659,)
144	100  	131.262	149.524	6.9174 	937.001 (6.2874788275878659,)
145	100  	134.507	143.565	6.67111	837.448 (6.2874788275878659,)
146	100  	141.412	165.202	7.69122	959.786 (6.2874788275878659,)
147	100  	138.326	156.457	8.952  	846.735 (6.2874788275878659,)
148	100  	129.086	158.465	8.55955	936.229 (6.2874788275878659,)
149	100  	133.35 	155.166	7.07278	896.627 (6.2874788275878659,)
150	100  	120.201	145.238	6.597  	937.601 (6.2874788275878659,)
151	100  	118.47 	160.562	9.29233	1021.78 (6.2874788275878659,)
152	100  	129.894	156.006	8.43477	975.219 (6.2874788275878659,)
153	100  	109.687	143.121	8.48573	852.726 (6.2874788275878659,)
154	100  	134.365	148.768	7.65878	886.75  (6.2874788275878659,)
155	100  	128.645	137.602	6.13672	742.229 (6.1367172490673694,)
156	100  	120.026	134.402	7.5614 	817.434 (6.1367172490673694,)
157	100  	119.975	129.438	5.79163	813.078 (5.7916250270937963,)
158	100  	105.878	127.255	6.62348	954.614 (5.7916250270937963,)
159	100  	122.886	145.577	5.91597	1032.95 (5.7916250270937963,)
160	100  	133.171	143.08 	7.19999	1062.86 (5.7916250270937963,)
161	100  	125.234	151.053	7.01021	1004.5  (5.7916250270937963,)
162	100  	139.026	142.363	6.63749	945.579 (5.7916250270937963,)
163	100  	126.761	172.482	5.83443	1016.16 (5.7916250270937963,)
164	100  	116.303	135.058	5.13629	882.344 (5.1362928484764669,)
165	100  	152.105	171.392	7.07129	1070.36 (5.1362928484764669,)
166	100  	141.339	145.821	6.98885	879.599 (5.1362928484764669,)
167	100  	144.008	147.375	7.47291	893.13  (5.1362928484764669,)
168	100  	140.655	138.604	7.01032	807.875 (5.1362928484764669,)
169	100  	126.91 	125.672	7.12426	856.237 (5.1362928484764669,)
170	100  	147.725	166.1  	7.39614	854.126 (5.1362928484764669,)
171	100  	141.259	155.572	7.74657	1066.83 (5.1362928484764669,)
172	100  	126.183	121.844	8.84549	862.161 (5.1362928484764669,)
173	100  	139.86 	153.009	5.8185 	1105.77 (5.1362928484764669,)
174	100  	138.701	183.896	6.49438	1045.69 (5.1362928484764669,)
175	100  	129.977	156.723	5.68896	933.136 (5.1362928484764669,)
176	100  	143.102	174.102	7.39791	1009.73 (5.1362928484764669,)
177	100  	154.568	152.465	6.72992	930.134 (5.1362928484764669,)
178	100  	136.828	152.533	5.69467	969.25  (5.1362928484764669,)
179	100  	130.447	129.336	5.87874	850.056 (5.1362928484764669,)
180	100  	145.065	148.185	6.29561	857.238 (5.1362928484764669,)
181	100  	135.023	141.751	8.55231	913.755 (5.1362928484764669,)
182	100  	107.576	141.575	7.39567	945.059 (5.1362928484764669,)
183	100  	132.092	139.386	7.68191	1049.7  (5.1362928484764669,)
184	100  	140.589	174.714	8.3871 	1048.35 (5.1362928484764669,)
185	100  	131.379	147.63 	6.77657	1112.73 (5.1362928484764669,)
186	100  	129.336	145.143	5.50825	941.338 (5.1362928484764669,)
187	100  	118.573	142.302	7.49096	774.832 (5.1362928484764669,)
188	100  	124.745	113.473	10.3235	628.664 (5.1362928484764669,)
189	100  	103.304	115.531	6.33386	751.418 (5.1362928484764669,)
190	100  	109.283	134.535	5.52968	840.027 (5.1362928484764669,)
191	100  	132.812	148.346	8.51913	1012.54 (5.1362928484764669,)
192	100  	129.403	142.967	4.96476	815.585 (4.9647617347773894,)
193	100  	157.593	157.321	5.12447	803.542 (4.9647617347773894,)
194	100  	148.711	144.867	6.35801	939.054 (4.9647617347773894,)
195	100  	117.222	154.236	7.72049	1014.01 (4.9647617347773894,)
196	100  	145.217	163.577	6.58011	1065.2  (4.9647617347773894,)
197	100  	144.012	163.585	7.27929	1146.05 (4.9647617347773894,)
198	100  	151.652	166.282	6.08652	1040.59 (4.9647617347773894,)
199	100  	146.24 	174.406	6.43534	1097.29 (4.9647617347773894,)
200	100  	118.704	146.394	7.29987	989.304 (4.9647617347773894,)
201	100  	131.044	136.969	5.92187	934.406 (4.9647617347773894,)
202	100  	156.301	168.101	6.96635	965.145 (4.9647617347773894,)
203	100  	149.331	154.54 	5.82356	1020.59 (4.9647617347773894,)
204	100  	119.761	137.304	6.51642	1109.92 (4.9647617347773894,)
205	100  	132.341	184.397	6.08603	1202.65 (4.9647617347773894,)
206	100  	149.93 	167.787	6.93383	1124.73 (4.9647617347773894,)
207	100  	123.391	160.546	5.92737	1145.24 (4.9647617347773894,)
208	100  	142.121	165.008	7.14636	1132.34 (4.9647617347773894,)
209	100  	132.467	150.921	6.04497	977.596 (4.9647617347773894,)
210	100  	122.026	153.662	6.12771	1151.92 (4.9647617347773894,)
211	100  	132.701	148.079	6.01697	1064.23 (4.9647617347773894,)
212	100  	131.533	156.886	6.3177 	854.275 (4.9647617347773894,)
213	100  	131.998	177.469	5.83845	1145.19 (4.9647617347773894,)
214	100  	137.077	158.605	5.82839	1080.67 (4.9647617347773894,)
215	100  	138.054	171.791	6.36474	1053.57 (4.9647617347773894,)
216	100  	146.951	152.831	5.99292	716.143 (4.9647617347773894,)
217	100  	134.154	152.514	5.75654	974.084 (4.9647617347773894,)
218	100  	149.453	193.54 	5.97428	1104.58 (4.9647617347773894,)
219	100  	133.451	157.472	5.31804	961.169 (4.9647617347773894,)
220	100  	127.366	140.065	7.46685	919.833 (4.9647617347773894,)
221	100  	125.402	151.097	7.03553	873.965 (4.9647617347773894,)
222	100  	129.203	158.922	5.97629	937.866 (4.9647617347773894,)
223	100  	134.52 	139.619	6.3542 	1016.7  (4.9647617347773894,)
224	100  	123.931	139.332	5.35098	869.109 (4.9647617347773894,)
225	100  	132.652	149.249	6.00691	990.84  (4.9647617347773894,)
226	100  	130.422	162.431	4.79479	957.41  (4.794785687268794,)
227	100  	122.392	146.56 	5.71095	944.641 (4.794785687268794,)
228	100  	140.297	154.025	5.03812	767.242 (4.794785687268794,)
229	100  	134.535	158.387	6.05767	1071.3  (4.794785687268794,)
230	100  	161.401	176.019	6.74319	974.683 (4.794785687268794,)
231	100  	132.376	172.949	6.11207	1009.14 (4.794785687268794,)
232	100  	131.461	132.04 	5.62172	867.72  (4.794785687268794,)
233	100  	139.587	164.453	3.91118	971.309 (3.9111772098034185,)
234	100  	123.756	144.682	5.82727	962.795 (3.9111772098034185,)
235	100  	131.331	149.772	6.36967	1003.8  (3.9111772098034185,)
236	100  	145.322	160.114	8.01704	1089.64 (3.9111772098034185,)
237	100  	154.495	188.104	3.7745 	1029.4  (3.7744973308106209,)
238	100  	116.892	140.163	4.94461	972.014 (3.7744973308106209,)
239	100  	148.644	177.098	5.35302	1150.63 (3.7744973308106209,)
240	100  	149.948	172.028	7.67482	1083.1  (3.7744973308106209,)
241	100  	138.349	136.298	5.86945	825.015 (3.7744973308106209,)
242	100  	170.192	167.876	5.14183	917.505 (3.7744973308106209,)
243	100  	142.249	141.232	6.72913	795.138 (3.7744973308106209,)
244	100  	150.75 	160.57 	4.46835	770.766 (3.7744973308106209,)
245	100  	122.378	131.045	6.13975	876.356 (3.7744973308106209,)
246	100  	142.853	151.608	4.74131	956.225 (3.7744973308106209,)
247	100  	139.179	186.233	5.56422	1115.56 (3.7744973308106209,)
248	100  	147.853	172.374	8.18776	1066.86 (3.7744973308106209,)
249	100  	153.851	162.3  	6.10967	1104.95 (3.7744973308106209,)
250	100  	136.807	159.018	6.086  	1061.16 (3.7744973308106209,)
251	100  	136.728	179.616	6.20673	1108.99 (3.7744973308106209,)
252	100  	128.877	149.868	3.90307	1089.51 (3.7744973308106209,)
253	100  	129.048	129.769	4.58633	797.719 (3.7744973308106209,)
254	100  	153.368	151.596	4.35754	848.635 (3.7744973308106209,)
255	100  	144.936	155.812	6.90682	961.329 (3.7744973308106209,)
256	100  	140.272	150.25 	4.74469	936.339 (3.7744973308106209,)
257	100  	126.509	138.522	4.63025	869.397 (3.7744973308106209,)
258	100  	134.535	156.41 	6.27607	1022.56 (3.7744973308106209,)
259	100  	134.447	170.972	5.74198	1029.45 (3.7744973308106209,)
260	100  	134.464	181.8  	5.29814	1082.24 (3.7744973308106209,)
261	100  	126.725	146.589	5.71509	985.548 (3.7744973308106209,)
262	100  	146.424	138.44 	6.22707	712.62  (3.7744973308106209,)
263	100  	170.817	169.917	6.51754	1090.75 (3.7744973308106209,)
264	100  	150.737	172.667	5.26673	864.86  (3.7744973308106209,)
265	100  	126.036	179.244	4.97553	1185.31 (3.7744973308106209,)
266	100  	140.232	159.89 	4.14668	971.659 (3.7744973308106209,)
267	100  	125.567	140.523	5.41667	736.531 (3.7744973308106209,)
268	100  	147.166	156.588	5.0789 	1046.57 (3.7744973308106209,)
269	100  	144.823	155.774	3.99351	930.808 (3.7744973308106209,)
270	100  	147.653	156.848	8.61588	1066.72 (3.7744973308106209,)
271	100  	142.411	172.019	3.82567	933.129 (3.7744973308106209,)
272	100  	142.173	176.607	6.2386 	1019.73 (3.7744973308106209,)
273	100  	140.716	161.124	4.42358	916.186 (3.7744973308106209,)
274	100  	141.092	166.916	5.9237 	922.162 (3.7744973308106209,)
275	100  	141.828	160.839	4.96649	1020.33 (3.7744973308106209,)
276	100  	145.311	166.023	6.54182	1034.78 (3.7744973308106209,)
277	100  	132.382	158.901	5.49666	985.681 (3.7744973308106209,)
278	100  	151.783	181.586	4.39163	907.704 (3.7744973308106209,)
279	100  	124.608	138.129	5.61252	1044.2  (3.7744973308106209,)
280	100  	146.073	146.788	6.60184	827.122 (3.7744973308106209,)
281	100  	140.757	155.451	5.04813	1123.2  (3.7744973308106209,)
282	100  	138.15 	157.363	4.90482	1003.02 (3.7744973308106209,)
283	100  	143.387	155.826	5.8403 	931.099 (3.7744973308106209,)
284	100  	138.065	164.566	6.31191	1079.6  (3.7744973308106209,)
285	100  	158.398	153.827	3.5444 	871.455 (3.5443987791472207,)
286	100  	132.788	168.791	5.77138	977.743 (3.5443987791472207,)
287	100  	113.18 	135.345	6.37483	849.421 (3.5443987791472207,)
288	100  	143.254	149.657	5.43424	954.586 (3.5443987791472207,)
289	100  	144.368	168.226	4.85478	978.087 (3.5443987791472207,)
290	100  	143.742	179.317	5.43231	1084.53 (3.5443987791472207,)
291	100  	136.881	162.282	3.91661	1044.56 (3.5443987791472207,)
292	100  	125.669	150.628	4.55964	874.021 (3.5443987791472207,)
293	100  	129.34 	149.385	4.559  	873.699 (3.5443987791472207,)
294	100  	146.225	149.616	5.75423	855.237 (3.5443987791472207,)
295	100  	131.692	149.825	6.98098	959.095 (3.5443987791472207,)
296	100  	150.256	161.194	4.42241	827.113 (3.5443987791472207,)
297	100  	142.106	169.347	5.6325 	1021.82 (3.5443987791472207,)
298	100  	137.006	173.911	3.9027 	1133.24 (3.5443987791472207,)
299	100  	147.398	171.034	5.22496	907.399 (3.5443987791472207,)
300	100  	151.345	156.094	4.48592	949.981 (3.5443987791472207,)
301	100  	145.008	157.929	6.66324	936.922 (3.5443987791472207,)
302	100  	121.084	125.806	6.68752	746.376 (3.5443987791472207,)
303	100  	121.545	136.75 	6.77578	773.041 (3.5443987791472207,)
304	100  	126.567	129.916	5.47126	814.709 (3.5443987791472207,)
305	100  	137.692	153.602	5.64475	900.114 (3.5443987791472207,)
306	100  	137.515	144.707	3.23033	961.674 (3.2303326954081055,)
307	100  	148.975	169.176	4.55772	1027.86 (3.2303326954081055,)
308	100  	144.996	155.627	3.41087	999.883 (3.2303326954081055,)
309	100  	135.2  	163.077	5.35778	1072.26 (3.2303326954081055,)
310	100  	139.306	152.251	4.56651	1097.93 (3.2303326954081055,)
311	100  	147.367	150.345	4.11425	999.378 (3.2303326954081055,)
312	100  	153.743	182.135	5.23821	1045.54 (3.2303326954081055,)
313	100  	130.434	159.582	4.49575	1025.47 (3.2303326954081055,)
314	100  	143.432	163.695	2.77074	1024.89 (2.7707397956976951,)
315	100  	140.022	144.035	5.1114 	885.183 (2.7707397956976951,)
316	100  	153.661	148.033	5.90284	781.591 (2.7707397956976951,)
317	100  	162.38 	169.977	4.61863	906.086 (2.7707397956976951,)
318	100  	162.652	175.441	3.88201	1041.69 (2.7707397956976951,)
319	100  	129.326	161.433	3.31205	1089.54 (2.7707397956976951,)
320	100  	146.699	171.194	5.51344	1115.43 (2.7707397956976951,)
321	100  	129.444	166.325	3.97975	1031.36 (2.7707397956976951,)
322	100  	146.197	164.568	5.90512	1039.94 (2.7707397956976951,)
323	100  	128.165	139.604	3.72341	975.134 (2.7707397956976951,)
324	100  	135.228	158.846	5.13269	1125.17 (2.7707397956976951,)
325	100  	145.179	168.147	4.88053	918.426 (2.7707397956976951,)
326	100  	143.923	142.059	7.94292	911.224 (2.7707397956976951,)
327	100  	126.067	148.633	4.11454	945.981 (2.7707397956976951,)
328	100  	137.409	147.773	3.05906	1025.52 (2.7707397956976951,)
329	100  	114.313	146.121	3.11623	880.651 (2.7707397956976951,)
330	100  	129.3  	151.124	4.31613	1013.17 (2.7707397956976951,)
331	100  	126.017	131.132	5.23866	831.958 (2.7707397956976951,)
332	100  	155.99 	161.135	3.64267	973.859 (2.7707397956976951,)
333	100  	163.888	174.901	4.849  	1072.51 (2.7707397956976951,)
334	100  	151.418	174.822	8.27281	1240.26 (2.7707397956976951,)
335	100  	140.148	155.959	6.71481	996.926 (2.7707397956976951,)
336	100  	148.906	159.334	3.31429	994.91  (2.7707397956976951,)
337	100  	132.84 	171.153	2.70208	1055.99 (2.702083148540269,)
338	100  	126.779	165.691	2.65532	1083.03 (2.6553223831575909,)
339	100  	150.505	164.81 	3.25976	1155.29 (2.6553223831575909,)
340	100  	178.367	181.228	4.3686 	939.767 (2.6553223831575909,)
341	100  	138.91 	158.288	5.31103	808.636 (2.6553223831575909,)
342	100  	133.152	151.447	3.90526	820.428 (2.6553223831575909,)
343	100  	153.467	175.724	6.3914 	899.716 (2.6553223831575909,)
344	100  	135.932	160.818	2.73973	988.332 (2.6553223831575909,)
345	100  	142.412	160.454	1.83897	1135.43 (1.838970666904906,)
346	100  	153.505	169.936	3.5854 	917.466 (1.838970666904906,)
347	100  	152.39 	171.763	4.50745	924.011 (1.838970666904906,)
348	100  	163.299	162.23 	5.59178	860.553 (1.838970666904906,)
349	100  	142.845	170.707	2.39204	1034.02 (1.838970666904906,)
350	100  	132.433	141.822	3.55284	890.017 (1.838970666904906,)
351	100  	129.892	154.206	6.00844	883.993 (1.838970666904906,)
352	100  	155.661	157.97 	4.2052 	815.714 (1.838970666904906,)
353	100  	129.453	152.893	4.30403	989.296 (1.838970666904906,)
354	100  	125.814	166.759	4.77372	966.234 (1.838970666904906,)
355	100  	136.65 	146.014	1.96812	877.46  (1.838970666904906,)
356	100  	135.092	145.325	3.36811	952.062 (1.838970666904906,)
357	100  	118.548	134.659	3.11564	818.127 (1.838970666904906,)
358	100  	134.069	153.035	3.37334	744.41  (1.838970666904906,)
359	100  	129.986	144.999	2.62501	884.399 (1.838970666904906,)
360	100  	134.007	163.289	7.0047 	1011.23 (1.838970666904906,)
361	100  	135.243	161.458	6.23848	870.648 (1.838970666904906,)
362	100  	153.316	182.673	2.62586	1105.17 (1.838970666904906,)
363	100  	155.973	179.379	3.3385 	1087.45 (1.838970666904906,)
364	100  	135.807	173.318	4.34953	1087.34 (1.838970666904906,)
365	100  	138.869	173.533	4.07456	1127.61 (1.838970666904906,)
366	100  	125.741	147.527	3.34104	938.831 (1.838970666904906,)
367	100  	120.351	156.551	4.83846	1073.24 (1.838970666904906,)
368	100  	132.295	155.003	2.56979	922.261 (1.838970666904906,)
369	100  	110.938	126.123	2.82353	821.789 (1.838970666904906,)
370	100  	119.431	158.013	2.57642	1090.69 (1.838970666904906,)
371	100  	153.25 	169.619	3.26514	978.287 (1.838970666904906,)
372	100  	151.602	164.135	2.79381	966.258 (1.838970666904906,)
373	100  	135.283	159.521	3.60073	999.447 (1.838970666904906,)
374	100  	145.514	175.951	3.94437	1124.85 (1.838970666904906,)
375	100  	120.147	145.709	3.22844	889.801 (1.838970666904906,)
376	100  	142.373	145.637	4.50684	821.388 (1.838970666904906,)
377	100  	134.709	141.155	3.3544 	866.482 (1.838970666904906,)
378	100  	132.239	142.9  	3.54134	774.245 (1.838970666904906,)
379	100  	146.015	150.381	3.46592	936.532 (1.838970666904906,)
380	100  	133.058	152.508	2.98811	902.921 (1.838970666904906,)
381	100  	122.862	150.968	2.49003	860.012 (1.838970666904906,)
382	100  	132.715	148.331	2.89768	923.009 (1.838970666904906,)
383	100  	149.221	140.928	4.21355	850.791 (1.838970666904906,)
384	100  	136.213	143.279	3.0354 	783.574 (1.838970666904906,)
385	100  	129.219	137.093	2.27626	716.624 (1.838970666904906,)
386	100  	126.494	130.748	2.93719	788.892 (1.838970666904906,)
387	100  	139.774	176.697	2.58552	1043.78 (1.838970666904906,)
388	100  	159.402	160.132	3.73184	940.383 (1.838970666904906,)
389	100  	128.369	135.05 	2.24598	901.391 (1.838970666904906,)
390	100  	108.589	130.218	3.70146	1032.6  (1.838970666904906,)
391	100  	123.122	142.16 	3.95666	947.737 (1.838970666904906,)
392	100  	114.335	133.466	4.82448	748.192 (1.838970666904906,)
393	100  	151.22 	159.479	6.53007	872.257 (1.838970666904906,)
394	100  	128.55 	145.376	3.48653	997.401 (1.838970666904906,)
395	100  	130.975	145.227	4.15302	923.345 (1.838970666904906,)
396	100  	131.911	159.016	2.57622	1001.36 (1.838970666904906,)
397	100  	127.817	159.755	2.8114 	995.807 (1.838970666904906,)
398	100  	135.944	144.847	4.04653	948.114 (1.838970666904906,)
399	100  	158.726	146.686	4.49232	960.874 (1.838970666904906,)
400	100  	155.988	160.015	2.75485	932.871 (1.838970666904906,)
401	100  	152.581	167.386	4.06104	844.557 (1.838970666904906,)
402	100  	150.145	187.417	2.92152	1037.69 (1.838970666904906,)
403	100  	143.711	147.046	3.04812	916.194 (1.838970666904906,)
404	100  	145.582	159.78 	2.62385	1122.53 (1.838970666904906,)
405	100  	137.004	160.405	3.30621	1038.26 (1.838970666904906,)
406	100  	146.867	153.7  	2.26912	852.151 (1.838970666904906,)
407	100  	137.82 	136.425	5.28459	744.041 (1.838970666904906,)
408	100  	123.972	160.719	3.99151	1033.72 (1.838970666904906,)
409	100  	180.025	167.849	3.85566	1056.56 (1.838970666904906,)
410	100  	176.879	172.363	4.04561	1095.43 (1.838970666904906,)
411	100  	133.316	165.899	2.44103	1025.6  (1.838970666904906,)
412	100  	132.138	154.633	2.99832	878.198 (1.838970666904906,)
413	100  	126.745	157.423	2.24429	1012.21 (1.838970666904906,)
414	100  	122.783	157.675	2.06744	953.533 (1.838970666904906,)
415	100  	126.806	142.193	3.0054 	766.675 (1.838970666904906,)
416	100  	145.276	176.072	2.63551	929.074 (1.838970666904906,)
417	100  	157.116	171.444	2.42365	915.71  (1.838970666904906,)
418	100  	170.827	169.704	5.47599	1108.86 (1.838970666904906,)
419	100  	147.463	175.174	2.4697 	992.9   (1.838970666904906,)
420	100  	143.737	158.945	3.56956	855.888 (1.838970666904906,)
421	100  	136.291	144.543	3.23639	918.911 (1.838970666904906,)
422	100  	125.09 	137.197	2.50573	928.622 (1.838970666904906,)
423	100  	133.552	145.383	3.71426	769.994 (1.838970666904906,)
424	100  	135.09 	154.765	2.51785	832.115 (1.838970666904906,)
425	100  	134.233	142.335	4.30566	766.425 (1.838970666904906,)
426	100  	129.347	157.921	3.36356	924.551 (1.838970666904906,)
427	100  	161.766	180.756	2.93275	1028.02 (1.838970666904906,)
428	100  	148.727	170.151	4.72469	1073.3  (1.838970666904906,)
429	100  	130.687	144.97 	4.7112 	943.057 (1.838970666904906,)
430	100  	132.606	158.093	2.91815	1033.33 (1.838970666904906,)
431	100  	154.528	173.725	3.57608	1052.71 (1.838970666904906,)
432	100  	146.054	164.115	2.49289	1006.4  (1.838970666904906,)
433	100  	133.601	139.767	1.92398	812.664 (1.838970666904906,)
434	100  	133.941	162.568	2.90428	941.355 (1.838970666904906,)
435	100  	142.334	145.244	3.99919	872.022 (1.838970666904906,)
436	100  	146.005	153.651	2.98361	711.076 (1.838970666904906,)
437	100  	135.721	147.895	2.45127	874.79  (1.838970666904906,)
438	100  	141.877	170.088	3.1453 	1010.47 (1.838970666904906,)
439	100  	141.364	161.723	2.83113	985.165 (1.838970666904906,)
440	100  	162.938	187.205	2.73878	999.028 (1.838970666904906,)
441	100  	147.239	145.723	3.06839	868.142 (1.838970666904906,)
442	100  	132.269	140.262	3.92712	988.171 (1.838970666904906,)
443	100  	131.555	140.492	1.94386	1016.47 (1.838970666904906,)
444	100  	138.702	150.079	2.47003	928.591 (1.838970666904906,)
445	100  	159.123	167.719	3.6129 	1045.09 (1.838970666904906,)
446	100  	150.764	141.259	2.75659	817.597 (1.838970666904906,)
447	100  	160.812	175.398	3.22846	1200.46 (1.838970666904906,)
448	100  	141.911	157.404	2.49429	857.627 (1.838970666904906,)
449	100  	159.92 	184.458	2.54998	981.626 (1.838970666904906,)
450	100  	151.871	163.665	2.46129	998.7   (1.838970666904906,)
451	100  	148.03 	139.66 	2.93531	982.838 (1.838970666904906,)
452	100  	129.676	162.604	3.64194	950.689 (1.838970666904906,)
453	100  	137.302	144.057	2.42995	919.408 (1.838970666904906,)
454	100  	132.611	138.182	4.03964	875.091 (1.838970666904906,)
455	100  	137.83 	147.859	3.09585	811.178 (1.838970666904906,)
456	100  	125.512	138.926	2.31667	864.313 (1.838970666904906,)
457	100  	145.742	150.792	2.8827 	895.592 (1.838970666904906,)
458	100  	144.867	154.29 	4.55551	1090.08 (1.838970666904906,)
459	100  	134.581	144.919	2.7424 	998.725 (1.838970666904906,)
460	100  	124.544	154.37 	3.40708	957.996 (1.838970666904906,)
461	100  	135.481	148.231	2.31122	927.213 (1.838970666904906,)
462	100  	150.729	164.954	3.22432	1059.46 (1.838970666904906,)
463	100  	154.19 	165.503	3.67149	996.365 (1.838970666904906,)
464	100  	155.43 	154.875	5.20934	814.358 (1.838970666904906,)
465	100  	141.173	157.893	2.7047 	969.83  (1.838970666904906,)
466	100  	138.039	151.426	2.98169	983.673 (1.838970666904906,)
467	100  	150.615	164.928	3.29895	944.172 (1.838970666904906,)
468	100  	144.347	154.202	2.59178	851.64  (1.838970666904906,)
469	100  	133.395	133.258	2.81608	820.376 (1.838970666904906,)
470	100  	133.732	155.867	3.78468	919.372 (1.838970666904906,)
471	100  	135.308	138.429	3.07979	731.335 (1.838970666904906,)
472	100  	156.739	156.27 	3.0436 	965.139 (1.838970666904906,)
473	100  	157.897	161.143	2.17456	913.039 (1.838970666904906,)
474	100  	142.119	140.011	2.67501	761.839 (1.838970666904906,)
475	100  	144.22 	167.278	2.71815	800.051 (1.838970666904906,)
476	100  	122.596	139.558	4.66258	945.181 (1.838970666904906,)
477	100  	123.06 	139.888	2.32095	942.726 (1.838970666904906,)
478	100  	134.767	154.669	3.11401	977.867 (1.838970666904906,)
479	100  	131.194	155.402	2.97294	1036.71 (1.838970666904906,)
480	100  	138.702	152.886	2.45486	921.792 (1.838970666904906,)
481	100  	134.97 	152.535	3.68298	943.39  (1.838970666904906,)
482	100  	120.519	138.025	3.71106	1014.73 (1.838970666904906,)
483	100  	140.053	154.582	3.13048	1029.17 (1.838970666904906,)
484	100  	132.57 	151.301	3.04223	911.434 (1.838970666904906,)
485	100  	130.292	131.098	2.95054	817.562 (1.838970666904906,)
486	100  	155.674	149.248	3.02505	894.573 (1.838970666904906,)
487	100  	145.437	137.045	3.25195	926.791 (1.838970666904906,)
488	100  	152.698	158.97 	2.64536	889.814 (1.838970666904906,)
489	100  	142.273	159.482	2.55772	893.1   (1.838970666904906,)
490	100  	129.881	144.689	3.92143	949.755 (1.838970666904906,)
491	100  	135.643	149.504	1.99181	894.067 (1.838970666904906,)
492	100  	143.209	137.231	3.20879	749.662 (1.838970666904906,)
493	100  	137.046	132.33 	3.51576	928.889 (1.838970666904906,)
494	100  	136.349	157.792	3.22908	987.052 (1.838970666904906,)
495	100  	119.702	141.516	2.63672	965.011 (1.838970666904906,)
496	100  	113.429	138.034	3.46408	945.542 (1.838970666904906,)
497	100  	136.97 	160.072	2.68231	988.066 (1.838970666904906,)
498	100  	127.001	147.106	2.91805	866.328 (1.838970666904906,)
499	100  	136.098	136.581	2.87311	929.369 (1.838970666904906,)
