In file included from /usr/lib/python2.7/dist-packages/numpy/core/include/numpy/ndarraytypes.h:1761:0,
                 from /usr/lib/python2.7/dist-packages/numpy/core/include/numpy/ndarrayobject.h:17,
                 from /usr/lib/python2.7/dist-packages/numpy/core/include/numpy/arrayobject.h:4,
                 from /home/pinojc/.cache/scipy/python27_compiled/sc_9bade30717731f645b30a512f757f0fa1594.cpp:22:
/usr/lib/python2.7/dist-packages/numpy/core/include/numpy/npy_1_7_deprecated_api.h:15:2: warning: #warning "Using deprecated NumPy API, disable it by " "#defining NPY_NO_DEPRECATED_API NPY_1_7_API_VERSION" [-Wcpp]
 #warning "Using deprecated NumPy API, disable it by " \
  ^
gen	evals	avg    	std    	min    	max    
0  	100  	829.927	383.159	61.4736	1637.11 (61.473575910388263,)
1  	100  	822.373	392.774	29.1047	1752.42 (29.104663968803671,)
2  	100  	784.152	369.527	27.7621	1715.82 (27.76211753941055,)
3  	100  	688.935	390.237	48.2237	1586.64 (27.76211753941055,)
4  	100  	653.271	359.631	48.6522	1449.12 (27.76211753941055,)
5  	100  	586.071	357.63 	22.6863	1409.96 (22.686292664354895,)
6  	100  	606.512	369.831	35.8505	1728.48 (22.686292664354895,)
7  	100  	566.664	361.604	21.468 	1781.16 (21.467953495750756,)
8  	100  	489.022	344.2  	21.2146	1320.84 (21.214635355298913,)
9  	100  	469.996	377.497	22.8482	1904.14 (21.214635355298913,)
10 	100  	436.063	372.387	24.0783	1878.84 (21.214635355298913,)
11 	100  	398.364	343.523	22.4379	1249.31 (21.214635355298913,)
12 	100  	360.791	354.566	20.8091	1216.12 (20.809122545380106,)
13 	100  	350.78 	342.206	19.7139	1154.42 (19.713875904192058,)
14 	100  	352.103	350.297	20.0313	1202.92 (19.713875904192058,)
15 	100  	343.295	352.347	19.3986	1265.7  (19.398601604956248,)
16 	100  	350.771	355.129	19.6374	1233.6  (19.398601604956248,)
17 	100  	328.557	372.977	19.8767	1305.79 (19.398601604956248,)
18 	100  	328.277	356.968	20.1237	1275.2  (19.398601604956248,)
19 	100  	322.381	355.96 	18.6651	1248.49 (18.665131444724537,)
20 	100  	340.255	373.332	19.8949	1428.23 (18.665131444724537,)
21 	100  	299.474	372.606	19.4125	1338.92 (18.665131444724537,)
22 	100  	310.675	353.636	19.2164	1260.12 (18.665131444724537,)
23 	100  	307.113	357.832	17.8216	1381.47 (17.821577359753295,)
24 	100  	303.211	361.967	18.6942	1310.06 (17.821577359753295,)
25 	100  	281.592	352.233	18.0906	1270.57 (17.821577359753295,)
26 	100  	286.34 	351.938	17.8022	1367.83 (17.802168527972341,)
27 	100  	295.045	343.41 	17.3097	1335.42 (17.309666119135652,)
28 	100  	274.65 	328.409	16.9429	1144.99 (16.942905712738632,)
29 	100  	275.511	345.053	17.4974	1274.71 (16.942905712738632,)
30 	100  	268.88 	337.332	17.6995	1308.66 (16.942905712738632,)
31 	100  	263.396	336.501	18.008 	1315.65 (16.942905712738632,)
32 	100  	273.939	337.301	16.6725	1309.85 (16.672489221371787,)
33 	100  	259.846	349.658	16.751 	1321.63 (16.672489221371787,)
34 	100  	265.898	328.767	15.7365	1210.37 (15.736473013787318,)
35 	100  	254.143	317.426	15.4706	1258.44 (15.470558594261199,)
36 	100  	252.696	328.517	15.4315	1253.73 (15.431542419630034,)
37 	100  	260.131	336.373	14.106 	1332.34 (14.106009356456568,)
38 	100  	236.247	306.041	15.3159	1260.86 (14.106009356456568,)
39 	100  	225.31 	292.619	14.4788	1311.18 (14.106009356456568,)
40 	100  	221.647	301.362	12.6763	1332.27 (12.67629208447436,)
41 	100  	212.31 	305.176	15.2809	1302.32 (12.67629208447436,)
42 	100  	209.374	291.175	13.8186	1346.33 (12.67629208447436,)
43 	100  	217.889	297.867	11.6721	1284.86 (11.672086461293896,)
44 	100  	203.925	275.116	11.6201	1184.2  (11.620107590789416,)
45 	100  	211.906	269.642	11.9436	1157.42 (11.620107590789416,)
46 	100  	180.556	254.094	11.4567	1154.28 (11.456709304030964,)
47 	100  	184.298	267.667	11.916 	1170.41 (11.456709304030964,)
48 	100  	192.152	265.687	11.5903	1230.64 (11.456709304030964,)
49 	100  	185.203	265.038	10.9237	1145.45 (10.923689750248334,)
50 	100  	194.876	276.893	11.3948	1157.86 (10.923689750248334,)
51 	100  	190.273	270.93 	12.119 	1083.67 (10.923689750248334,)
52 	100  	184.742	253.732	12.5924	1009.31 (10.923689750248334,)
53 	100  	175.378	282.016	10.0531	1171.42 (10.053083664718665,)
54 	100  	181.069	263.423	9.72424	1235.3  (9.7242411274561888,)
55 	100  	174.765	256.111	13.2395	1141.86 (9.7242411274561888,)
56 	100  	193.138	262.182	10.4818	1194.34 (9.7242411274561888,)
57 	100  	180.735	263.189	9.45362	1159.12 (9.4536164601638415,)
58 	100  	194.799	258.45 	10.3105	1159.52 (9.4536164601638415,)
59 	100  	190.4  	268.809	9.90458	1233.79 (9.4536164601638415,)
60 	100  	171.502	256.864	9.626  	1115.1  (9.4536164601638415,)
61 	100  	179.364	240.227	9.96274	1125.74 (9.4536164601638415,)
62 	100  	175.492	249.351	9.38106	1094.07 (9.3810560587517795,)
63 	100  	171.693	245.47 	9.34594	1271.97 (9.3459362112759425,)
64 	100  	165.603	245.707	9.55747	1114.4  (9.3459362112759425,)
65 	100  	166.48 	246.845	9.00909	1108.46 (9.009093341873939,)
66 	100  	163.647	241.133	8.85571	1089.81 (8.8557097832512319,)
67 	100  	149.539	231.592	9.78793	1070.73 (8.8557097832512319,)
68 	100  	164.875	242.177	11.1531	1063.54 (8.8557097832512319,)
69 	100  	155.46 	240.571	8.80826	1125.54 (8.8082569639489208,)
70 	100  	149.862	241.076	9.48355	1139.78 (8.8082569639489208,)
71 	100  	155.472	253.028	7.41402	1235.76 (7.4140195124912553,)
72 	100  	161.782	273.447	8.47328	1230.97 (7.4140195124912553,)
73 	100  	157.211	255.599	8.68525	1227.34 (7.4140195124912553,)
74 	100  	162.712	242.361	7.62819	1195.9  (7.4140195124912553,)
75 	100  	151.218	244.443	8.3842 	1179.89 (7.4140195124912553,)
76 	100  	169.73 	250.752	7.59374	1122.86 (7.4140195124912553,)
77 	100  	171.323	260.429	8.49251	1107.1  (7.4140195124912553,)
78 	100  	185.451	272.147	8.50026	1160.49 (7.4140195124912553,)
79 	100  	176.417	265.715	8.11638	1194.23 (7.4140195124912553,)
80 	100  	172.968	263.819	7.38161	1226.26 (7.3816092026719389,)
81 	100  	185.234	283.548	7.98756	1225.95 (7.3816092026719389,)
82 	100  	172.587	274.599	7.88636	1335.62 (7.3816092026719389,)
83 	100  	148.293	268.286	7.96512	1267.32 (7.3816092026719389,)
84 	100  	160.801	271.708	7.71444	1353.77 (7.3816092026719389,)
85 	100  	159.218	281.831	7.83159	1358.99 (7.3816092026719389,)
86 	100  	175.841	273.72 	8.20478	1219.95 (7.3816092026719389,)
87 	100  	175.659	262.056	7.16611	1254.33 (7.1661139534819487,)
88 	100  	165.905	255.966	6.95236	1222.04 (6.9523577537418335,)
89 	100  	163.245	259.061	8.33268	1182    (6.9523577537418335,)
90 	100  	145.204	226.758	8.85616	1323.44 (6.9523577537418335,)
91 	100  	146.076	231.844	9.13504	1306.53 (6.9523577537418335,)
92 	100  	143.943	231.034	8.17318	1210.1  (6.9523577537418335,)
93 	100  	147.527	228.118	7.97931	1187.15 (6.9523577537418335,)
94 	100  	129.316	215.067	7.15771	1151.16 (6.9523577537418335,)
95 	100  	143.508	216.305	7.42438	1233.7  (6.9523577537418335,)
96 	100  	141.21 	227.927	6.69714	1200.66 (6.6971431242895934,)
97 	100  	130.466	224.15 	8.08826	1144.97 (6.6971431242895934,)
98 	100  	139.434	244.714	7.03153	1170.43 (6.6971431242895934,)
99 	100  	134.498	220.392	7.69878	1124.16 (6.6971431242895934,)
100	100  	118.247	209.018	7.35166	1167.96 (6.6971431242895934,)
101	100  	127.143	195.279	8.42607	1043.19 (6.6971431242895934,)
102	100  	121.875	196.605	7.33502	1026.16 (6.6971431242895934,)
103	100  	122.788	187.577	7.38114	1013.12 (6.6971431242895934,)
104	100  	128.873	213.673	7.33392	1272.01 (6.6971431242895934,)
105	100  	127.997	209.953	7.7672 	1277.16 (6.6971431242895934,)
106	100  	119.404	197.954	7.37027	1059.2  (6.6971431242895934,)
107	100  	118.444	190.97 	7.80389	1091.77 (6.6971431242895934,)
108	100  	115.128	191.8  	7.00015	1045.44 (6.6971431242895934,)
109	100  	124.335	221.934	6.97542	1119.39 (6.6971431242895934,)
110	100  	123.305	207.774	7.1524 	1227.86 (6.6971431242895934,)
111	100  	136.897	238.261	6.78912	1193.43 (6.6971431242895934,)
112	100  	130.937	222.204	6.60392	1182.48 (6.6039196520083134,)
113	100  	124.876	231.377	7.48156	1256.46 (6.6039196520083134,)
114	100  	132.853	232.883	6.84982	1238.34 (6.6039196520083134,)
115	100  	124.459	222.154	7.02945	1170.9  (6.6039196520083134,)
116	100  	143.563	232.229	7.01232	1197.97 (6.6039196520083134,)
117	100  	121.8  	216.955	7.07911	1159.95 (6.6039196520083134,)
118	100  	130.826	236.697	7.00318	1227.54 (6.6039196520083134,)
119	100  	122.164	230.568	7.44431	1255.25 (6.6039196520083134,)
120	100  	127.532	223.771	7.78789	1180.15 (6.6039196520083134,)
121	100  	127.542	210.29 	7.60374	1133.73 (6.6039196520083134,)
122	100  	129.298	213.784	7.07951	1191.77 (6.6039196520083134,)
123	100  	145.309	228.671	7.6571 	1226.17 (6.6039196520083134,)
124	100  	134.005	218.859	7.1599 	1243.43 (6.6039196520083134,)
125	100  	134.519	206.719	7.21158	1137.4  (6.6039196520083134,)
126	100  	116.902	205.078	7.16789	1170.07 (6.6039196520083134,)
127	100  	118.734	214.425	7.26602	1266.78 (6.6039196520083134,)
128	100  	115.593	202.146	6.91001	1120.27 (6.6039196520083134,)
129	100  	129.993	210.897	7.10226	1157.64 (6.6039196520083134,)
130	100  	129.492	215.763	7.02396	1136.91 (6.6039196520083134,)
131	100  	127.572	224.376	8.03774	1188.9  (6.6039196520083134,)
132	100  	122.565	224.253	7.44847	1259.66 (6.6039196520083134,)
133	100  	118.099	209.271	6.81112	1250.55 (6.6039196520083134,)
134	100  	147.381	220.122	6.17685	1097.26 (6.1768520006786662,)
135	100  	133.691	229.432	6.7327 	1181.76 (6.1768520006786662,)
136	100  	128.339	225.46 	6.94842	1203.57 (6.1768520006786662,)
137	100  	132.472	202.508	7.12677	1176.55 (6.1768520006786662,)
138	100  	133.627	209.892	6.84759	1105.05 (6.1768520006786662,)
139	100  	138.039	215.988	6.69329	1201.61 (6.1768520006786662,)
140	100  	134.535	217.694	6.58621	1181.35 (6.1768520006786662,)
141	100  	135.568	228.568	6.64639	1262.7  (6.1768520006786662,)
142	100  	138.183	219.419	7.32717	1241.19 (6.1768520006786662,)
143	100  	139.521	221.641	6.30479	1146    (6.1768520006786662,)
144	100  	123.179	205.706	11.0763	1112.25 (6.1768520006786662,)
145	100  	141.627	217.923	6.06422	1180.23 (6.0642233363930051,)
146	100  	125.187	222.884	5.98433	1193.83 (5.9843335934969817,)
147	100  	126.348	216.029	6.83401	1091.01 (5.9843335934969817,)
148	100  	129.223	215.468	6.12912	1124.49 (5.9843335934969817,)
149	100  	125.045	214.993	6.24358	1138.58 (5.9843335934969817,)
150	100  	146.25 	227.061	5.80601	1174.58 (5.8060134031477997,)
151	100  	129.905	221.042	6.81484	1184.47 (5.8060134031477997,)
152	100  	119.129	206.035	6.12918	1111.52 (5.8060134031477997,)
153	100  	127.579	201.681	6.11336	1080.44 (5.8060134031477997,)
154	100  	132.613	210.839	6.04375	1204.77 (5.8060134031477997,)
155	100  	120.341	208.76 	6.52333	1160.3  (5.8060134031477997,)
156	100  	124.34 	213.69 	6.4443 	1162.85 (5.8060134031477997,)
157	100  	109.803	219.391	6.56568	1249.84 (5.8060134031477997,)
158	100  	127.621	232.845	6.15488	1285.61 (5.8060134031477997,)
159	100  	124.836	233.952	6.82883	1243.92 (5.8060134031477997,)
160	100  	131.112	232.261	6.35802	1322.87 (5.8060134031477997,)
161	100  	138.22 	231.288	5.5108 	1264.26 (5.5108026936182002,)
162	100  	131.037	232.372	6.77899	1178.26 (5.5108026936182002,)
163	100  	115.649	212.453	6.4444 	1206.74 (5.5108026936182002,)
164	100  	114.757	191.75 	6.4603 	1071.19 (5.5108026936182002,)
165	100  	124.448	204.715	5.84108	1113.9  (5.5108026936182002,)
166	100  	124.276	192.43 	6.30282	1007.34 (5.5108026936182002,)
167	100  	121.982	220.059	5.67001	1201.21 (5.5108026936182002,)
168	100  	130.653	229.495	5.96303	1238.48 (5.5108026936182002,)
169	100  	131.657	211.4  	5.94232	1084.13 (5.5108026936182002,)
170	100  	130.112	217.722	5.96052	1170.68 (5.5108026936182002,)
171	100  	134.505	213.398	5.92353	1094.42 (5.5108026936182002,)
172	100  	125.874	214.729	5.62487	1032.05 (5.5108026936182002,)
173	100  	130.423	223.269	5.22912	1272.52 (5.2291206889839792,)
174	100  	131.947	211.707	5.76363	1199.88 (5.2291206889839792,)
175	100  	143.877	207.219	6.48914	1160.84 (5.2291206889839792,)
176	100  	134.359	234.047	5.29233	1168.44 (5.2291206889839792,)
177	100  	129.328	222.587	5.57235	1139.54 (5.2291206889839792,)
178	100  	119.38 	225.081	5.32841	1219.19 (5.2291206889839792,)
179	100  	118.744	218.855	5.80282	1184.94 (5.2291206889839792,)
180	100  	123.716	209.614	6.41086	1160.89 (5.2291206889839792,)
181	100  	128.497	219.061	6.15912	1130.63 (5.2291206889839792,)
182	100  	124.118	206.534	5.80669	1106.32 (5.2291206889839792,)
183	100  	115.347	210.082	5.07451	1147.47 (5.0745093988521743,)
184	100  	120.921	199.058	5.61509	1108.18 (5.0745093988521743,)
185	100  	142.032	220.682	4.91558	1145.46 (4.9155799468635157,)
186	100  	129.501	211.318	5.46527	1109.56 (4.9155799468635157,)
187	100  	131.836	231.006	5.93177	1181.39 (4.9155799468635157,)
188	100  	119.237	223.673	5.0791 	1154.32 (4.9155799468635157,)
189	100  	116.414	209.116	4.96534	1091.62 (4.9155799468635157,)
190	100  	126.347	210.997	6.20852	1150.93 (4.9155799468635157,)
191	100  	129.457	222.046	5.81628	1226.77 (4.9155799468635157,)
192	100  	132.388	219.897	5.74018	1120.6  (4.9155799468635157,)
193	100  	121.529	222.388	5.4699 	1215.72 (4.9155799468635157,)
194	100  	117.582	199.792	5.53588	1005.37 (4.9155799468635157,)
195	100  	125.498	216.165	5.37798	1196.87 (4.9155799468635157,)
196	100  	126.725	213.591	5.27198	1152.04 (4.9155799468635157,)
197	100  	122.882	217.136	6.26446	1178.61 (4.9155799468635157,)
198	100  	128.757	235.85 	5.35687	1254.71 (4.9155799468635157,)
199	100  	116.733	219.461	6.41309	1256.96 (4.9155799468635157,)
200	100  	123.86 	231.984	5.25931	1212.01 (4.9155799468635157,)
201	100  	118.576	197.59 	6.02344	1219.95 (4.9155799468635157,)
202	100  	117.36 	204.087	5.02116	1178.52 (4.9155799468635157,)
203	100  	118.157	228.203	5.93727	1367.05 (4.9155799468635157,)
204	100  	119.998	207.407	5.39701	1171.75 (4.9155799468635157,)
205	100  	139.917	220.94 	5.49531	1282.8  (4.9155799468635157,)
206	100  	130.505	218.988	6.38006	1278.95 (4.9155799468635157,)
207	100  	127.937	214.791	5.64659	1160.23 (4.9155799468635157,)
208	100  	126.78 	216.863	6.03477	1234.19 (4.9155799468635157,)
209	100  	114.961	203.004	5.456  	1259.52 (4.9155799468635157,)
210	100  	112.145	224.098	5.38743	1289.56 (4.9155799468635157,)
211	100  	127.89 	208.439	6.86032	1131.61 (4.9155799468635157,)
212	100  	133.64 	226.828	5.82349	1169.2  (4.9155799468635157,)
213	100  	130.721	220.652	5.63105	1261.75 (4.9155799468635157,)
214	100  	116.452	218.225	6.18706	1198.51 (4.9155799468635157,)
215	100  	123.4  	218.097	5.11706	1108.84 (4.9155799468635157,)
216	100  	111.37 	214.234	5.20352	1149.02 (4.9155799468635157,)
217	100  	112.559	208.941	5.13693	1186.25 (4.9155799468635157,)
218	100  	115.08 	211.034	5.66521	1186.08 (4.9155799468635157,)
219	100  	101.641	214.044	5.2653 	1138.19 (4.9155799468635157,)
220	100  	128.723	224.173	5.61775	1217.79 (4.9155799468635157,)
221	100  	121.708	211.157	5.24373	1119.84 (4.9155799468635157,)
222	100  	118.899	211.525	5.52113	1218.2  (4.9155799468635157,)
223	100  	128.958	197.184	4.89528	1184.07 (4.8952835049480417,)
224	100  	115.408	197.914	5.19418	1180.47 (4.8952835049480417,)
225	100  	112.034	188.982	5.66052	1148.7  (4.8952835049480417,)
226	100  	109.261	192.108	5.5995 	1194.46 (4.8952835049480417,)
227	100  	113.854	210.15 	5.30021	1254.26 (4.8952835049480417,)
228	100  	101.64 	212.739	5.47989	1285.41 (4.8952835049480417,)
229	100  	107.959	204.391	5.52439	1200.09 (4.8952835049480417,)
230	100  	114.017	200.6  	5.21299	1115.15 (4.8952835049480417,)
231	100  	115.09 	212.533	5.42117	1233.18 (4.8952835049480417,)
232	100  	106.575	205.979	5.61804	1157.36 (4.8952835049480417,)
233	100  	107.832	206.456	6.09007	1293.31 (4.8952835049480417,)
234	100  	99.5091	193.659	5.11604	1226.22 (4.8952835049480417,)
235	100  	104.054	195.625	5.02936	1281    (4.8952835049480417,)
236	100  	104.634	192.807	5.15172	1196.03 (4.8952835049480417,)
237	100  	109.399	194.25 	5.80781	1237.9  (4.8952835049480417,)
238	100  	112.856	189.14 	6.09526	1220.33 (4.8952835049480417,)
239	100  	94.4349	169.11 	5.99401	1135.57 (4.8952835049480417,)
240	100  	107.771	176.726	4.90909	1027.06 (4.8952835049480417,)
241	100  	116.379	205.991	4.89518	1153.83 (4.8951840235185733,)
242	100  	102.32 	203.14 	5.90413	1213.78 (4.8951840235185733,)
243	100  	113.863	191.258	5.78113	1144.02 (4.8951840235185733,)
244	100  	109.156	177.386	6.36781	1059.99 (4.8951840235185733,)
245	100  	97.0053	166.578	4.76195	1019.95 (4.7619518889511054,)
246	100  	110.858	182.951	5.24678	1115.12 (4.7619518889511054,)
247	100  	88.5509	175.849	5.47261	1074.46 (4.7619518889511054,)
248	100  	91.5104	173.91 	5.56235	1031.72 (4.7619518889511054,)
249	100  	103.223	165.158	5.30853	1142.95 (4.7619518889511054,)
250	100  	102.718	177.96 	5.09242	1248.46 (4.7619518889511054,)
251	100  	103.99 	189.289	5.49996	1151.51 (4.7619518889511054,)
252	100  	112.531	173.018	5.7887 	1171.05 (4.7619518889511054,)
253	100  	110.277	201.216	5.48246	1159.81 (4.7619518889511054,)
254	100  	104.285	192.8  	5.50015	1299.65 (4.7619518889511054,)
255	100  	98.9573	195.866	4.81878	1243.82 (4.7619518889511054,)
256	100  	111.36 	200.21 	4.92487	1204.9  (4.7619518889511054,)
257	100  	112.643	180.016	5.77554	1125.74 (4.7619518889511054,)
258	100  	110.221	193.264	5.52441	1138.24 (4.7619518889511054,)
259	100  	118.963	180.232	6.9691 	1076.91 (4.7619518889511054,)
260	100  	110.611	178.794	5.6958 	1137.54 (4.7619518889511054,)
261	100  	110.254	197.381	4.5191 	1133.36 (4.5190956146950017,)
262	100  	117.216	201.586	4.6081 	1213.36 (4.5190956146950017,)
263	100  	112.422	205.682	5.07262	1254.63 (4.5190956146950017,)
264	100  	109.999	198.871	5.05601	1251.39 (4.5190956146950017,)
265	100  	96.4272	198.107	5.05384	1228.13 (4.5190956146950017,)
266	100  	106.22 	199.757	4.47789	1249.75 (4.4778887255017743,)
267	100  	110.684	211.547	4.42143	1260.9  (4.4214339516679626,)
268	100  	111.493	206.237	4.59932	1256.53 (4.4214339516679626,)
269	100  	123.047	225.683	5.15508	1285.33 (4.4214339516679626,)
270	100  	112.889	198.352	5.70565	1252.44 (4.4214339516679626,)
271	100  	109.655	216.738	4.82638	1375.18 (4.4214339516679626,)
272	100  	104.366	207.667	4.89454	1341.71 (4.4214339516679626,)
273	100  	101.338	196.24 	4.53293	1175.51 (4.4214339516679626,)
274	100  	109.789	189.092	4.76597	1113.46 (4.4214339516679626,)
275	100  	106.69 	199.813	4.96588	1166.14 (4.4214339516679626,)
276	100  	108.832	186.34 	5.98504	1080.75 (4.4214339516679626,)
277	100  	96.2348	179.596	4.47034	1112.34 (4.4214339516679626,)
278	100  	110.089	198.785	6.08874	1223.97 (4.4214339516679626,)
279	100  	111.697	188.067	5.32905	1154.9  (4.4214339516679626,)
280	100  	111.796	196.241	4.80495	1204.1  (4.4214339516679626,)
281	100  	108.817	198.885	4.39809	1232.18 (4.3980928759329938,)
282	100  	100.21 	188.128	4.97438	1185.42 (4.3980928759329938,)
283	100  	125.863	197.178	4.29212	1256.2  (4.2921248076105236,)
284	100  	104.212	196.169	5.29268	1250.57 (4.2921248076105236,)
285	100  	112.781	192.666	4.49782	1326.26 (4.2921248076105236,)
286	100  	98.5434	173.831	4.84839	1163    (4.2921248076105236,)
287	100  	108.281	194.275	4.55877	1221.16 (4.2921248076105236,)
288	100  	101.446	198.121	4.5007 	1266.22 (4.2921248076105236,)
289	100  	108.658	198.808	4.20582	1251.45 (4.2058242122560694,)
290	100  	111.655	169.429	5.27631	998.058 (4.2058242122560694,)
291	100  	103.573	168.511	4.16528	1063.34 (4.1652828744670245,)
292	100  	103.281	177.295	5.41772	1022.98 (4.1652828744670245,)
293	100  	99.1703	183.512	4.44136	1106.4  (4.1652828744670245,)
294	100  	94.6629	169.996	4.39961	1041.64 (4.1652828744670245,)
295	100  	94.0885	161.082	4.88654	1131.72 (4.1652828744670245,)
296	100  	108.606	169.996	4.97868	1001.4  (4.1652828744670245,)
297	100  	84.8757	165.551	5.30435	1022.9  (4.1652828744670245,)
298	100  	89.1905	138.65 	5.11687	889.253 (4.1652828744670245,)
299	100  	89.9479	143.938	4.29915	896.449 (4.1652828744670245,)
300	100  	99.4789	137.082	4.18901	900.632 (4.1652828744670245,)
301	100  	85.1323	109.649	4.70693	786.857 (4.1652828744670245,)
302	100  	82.9026	104.041	4.51542	855.779 (4.1652828744670245,)
303	100  	87.7211	125.735	4.58213	1104.24 (4.1652828744670245,)
304	100  	88.8267	108.532	4.54353	722.202 (4.1652828744670245,)
305	100  	88.7659	123.094	4.14839	964.368 (4.1483902142167617,)
306	100  	77.9903	89.6447	4.86307	601.208 (4.1483902142167617,)
307	100  	94.8772	116.275	4.59258	942.957 (4.1483902142167617,)
308	100  	88.5053	129.947	5.73143	1051.97 (4.1483902142167617,)
309	100  	82.5021	108.037	4.82442	886.268 (4.1483902142167617,)
310	100  	76.5013	102.307	4.52883	840.841 (4.1483902142167617,)
311	100  	87.6012	131.406	4.58637	1091.89 (4.1483902142167617,)
312	100  	79.2181	117.042	4.52065	979.235 (4.1483902142167617,)
313	100  	85.9163	125.165	4.27145	1056.78 (4.1483902142167617,)
314	100  	86.9171	122.676	5.25272	1031.23 (4.1483902142167617,)
315	100  	88.7422	132.325	5.14492	943.19  (4.1483902142167617,)
316	100  	89.7048	102.433	4.60532	746.738 (4.1483902142167617,)
317	100  	80.6115	121.381	3.82712	796.731 (3.827122403975654,)
318	100  	93.4674	139.466	3.85333	1159.45 (3.827122403975654,)
319	100  	101.803	153.753	4.35707	1159.81 (3.827122403975654,)
320	100  	98.7211	132.073	4.22829	963.525 (3.827122403975654,)
321	100  	95.7427	136.653	4.35787	1027.27 (3.827122403975654,)
322	100  	101.294	128.509	3.92004	827.973 (3.827122403975654,)
323	100  	92.9321	128.309	4.93889	1107.11 (3.827122403975654,)
324	100  	92.3209	128.374	5.24752	1050.93 (3.827122403975654,)
325	100  	105.664	148.402	4.76517	1221.72 (3.827122403975654,)
326	100  	101.408	126.718	4.51505	1021.12 (3.827122403975654,)
327	100  	100.461	132.961	4.29597	1032.39 (3.827122403975654,)
328	100  	92.6344	123.815	4.60469	930.378 (3.827122403975654,)
329	100  	83.5739	128.089	4.36701	1000.6  (3.827122403975654,)
330	100  	96.6616	139.496	4.46957	1022.27 (3.827122403975654,)
331	100  	87.179 	137.298	3.85454	1014.73 (3.827122403975654,)
332	100  	94.4141	142.476	6.18216	1214.31 (3.827122403975654,)
333	100  	104.563	140.12 	4.92262	962.084 (3.827122403975654,)
334	100  	106.471	134.351	4.07774	879.476 (3.827122403975654,)
335	100  	89.1055	130.921	4.55794	1161.28 (3.827122403975654,)
336	100  	92.0275	127.146	5.0344 	1058.46 (3.827122403975654,)
337	100  	78.7383	120.314	4.68981	1028.47 (3.827122403975654,)
338	100  	91.8391	125.896	4.07167	895.51  (3.827122403975654,)
339	100  	80.2125	106.444	4.44372	760.473 (3.827122403975654,)
340	100  	93.4631	141.204	4.92764	1181.04 (3.827122403975654,)
341	100  	78.9069	124.434	4.46634	1033.65 (3.827122403975654,)
342	100  	73.5073	111.032	5.26915	1026.14 (3.827122403975654,)
343	100  	96.3585	139.216	4.18327	1134.57 (3.827122403975654,)
344	100  	80.3404	147.347	4.59123	1229.66 (3.827122403975654,)
345	100  	96.4075	148.629	5.08495	1214.5  (3.827122403975654,)
346	100  	96.4936	144.981	4.35145	1091.88 (3.827122403975654,)
347	100  	98.0652	148.894	3.92144	1079.23 (3.827122403975654,)
348	100  	81.6877	136.466	4.84622	1095.62 (3.827122403975654,)
349	100  	84.3575	134.731	5.62585	1025.72 (3.827122403975654,)
350	100  	96.7451	131.427	4.85299	925.129 (3.827122403975654,)
351	100  	79.105 	137.041	4.03572	1129.23 (3.827122403975654,)
352	100  	80.7695	113.982	4.51634	977.189 (3.827122403975654,)
353	100  	89.8802	111.62 	4.77105	747.336 (3.827122403975654,)
354	100  	93.9228	118.483	4.16013	906.586 (3.827122403975654,)
355	100  	82.8918	99.7172	3.75369	798.381 (3.7536880725917157,)
356	100  	90.0123	120.063	3.9723 	999.032 (3.7536880725917157,)
357	100  	77.7404	120.438	3.9262 	1074.72 (3.7536880725917157,)
358	100  	88.9638	119.952	4.16618	1034.36 (3.7536880725917157,)
359	100  	98.3129	113.776	4.4375 	782.86  (3.7536880725917157,)
360	100  	93.3847	130.333	4.90282	988.791 (3.7536880725917157,)
361	100  	102.682	130.437	4.14807	898.558 (3.7536880725917157,)
362	100  	98.0549	112.759	4.08623	745.531 (3.7536880725917157,)
363	100  	101.928	143.37 	4.46412	1045.31 (3.7536880725917157,)
364	100  	89.7854	125.711	4.60462	902.326 (3.7536880725917157,)
365	100  	77.9728	116.135	3.93673	839.834 (3.7536880725917157,)
366	100  	80.3832	122.491	3.94254	860.484 (3.7536880725917157,)
367	100  	89.2851	135.037	4.93106	1086.1  (3.7536880725917157,)
368	100  	86.6365	144.505	4.37506	1018.19 (3.7536880725917157,)
369	100  	74.7057	127.565	3.94175	997.58  (3.7536880725917157,)
370	100  	71.4712	104.964	3.99941	906.347 (3.7536880725917157,)
371	100  	83.0764	117.135	5.0647 	993.987 (3.7536880725917157,)
372	100  	91.1356	110.934	4.1174 	883.615 (3.7536880725917157,)
373	100  	97.2912	114.795	3.93565	761.558 (3.7536880725917157,)
374	100  	96.2359	125.955	3.98675	921.495 (3.7536880725917157,)
375	100  	105.299	141.149	4.66162	1167.12 (3.7536880725917157,)
376	100  	108.557	135.471	4.22499	1144.11 (3.7536880725917157,)
377	100  	102.39 	148.733	3.98181	1052.44 (3.7536880725917157,)
378	100  	84.4179	135.206	4.96477	1111.46 (3.7536880725917157,)
379	100  	91.0024	133.467	4.26615	965.824 (3.7536880725917157,)
380	100  	88.2723	132.545	4.27076	918.222 (3.7536880725917157,)
381	100  	86.5286	129.05 	4.17755	1046.59 (3.7536880725917157,)
382	100  	88.748 	142.094	3.81024	1091.49 (3.7536880725917157,)
383	100  	92.8873	138.946	3.75258	1154.32 (3.7525761315288118,)
384	100  	75.5698	125.427	4.17845	962.445 (3.7525761315288118,)
385	100  	101.803	133.843	4.09287	875.755 (3.7525761315288118,)
386	100  	115.727	126.887	6.34059	886.968 (3.7525761315288118,)
387	100  	95.2053	128.417	4.03537	972.453 (3.7525761315288118,)
388	100  	103.763	152.788	4.25581	1219    (3.7525761315288118,)
389	100  	103.204	112.306	4.03108	926.943 (3.7525761315288118,)
390	100  	99.0494	124.458	3.72616	875.241 (3.7261593453107449,)
391	100  	97.5854	125.799	3.69943	926.164 (3.6994262063462515,)
392	100  	87.5182	127.121	4.32154	920.119 (3.6994262063462515,)
393	100  	92.0819	130.447	3.95122	943.814 (3.6994262063462515,)
394	100  	84.3147	125.765	4.6469 	1052.4  (3.6994262063462515,)
395	100  	84.4007	114.379	4.41109	989.508 (3.6994262063462515,)
396	100  	84.487 	107.646	4.38413	756.135 (3.6994262063462515,)
397	100  	83.9865	123.396	3.83814	973.487 (3.6994262063462515,)
398	100  	77.7393	109.222	4.10028	1021.31 (3.6994262063462515,)
399	100  	85.3938	122.476	4.23902	1095.32 (3.6994262063462515,)
400	100  	93.89  	115.654	3.90643	986.652 (3.6994262063462515,)
401	100  	97.5031	113.937	3.86367	915.009 (3.6994262063462515,)
402	100  	99.4783	126.684	3.76595	1064.94 (3.6994262063462515,)
403	100  	87.9615	118.202	4.28996	917.048 (3.6994262063462515,)
404	100  	91.6529	126.298	4.62617	1039.31 (3.6994262063462515,)
405	100  	100.344	126.542	3.69826	953.541 (3.6982648793321586,)
406	100  	105.054	153.367	3.52838	1230.35 (3.5283796373726282,)
407	100  	94.9646	152.494	3.74722	1251.4  (3.5283796373726282,)
408	100  	98.3731	157.426	4.16113	1075.88 (3.5283796373726282,)
409	100  	111.126	149.898	4.49408	1202.8  (3.5283796373726282,)
410	100  	96.4367	139.769	3.47743	1226.16 (3.4774322636399551,)
411	100  	100.586	143.918	4.32374	1158.3  (3.4774322636399551,)
412	100  	93.4166	139.095	4.32513	1102.48 (3.4774322636399551,)
413	100  	91.118 	137.498	4.22209	1055.28 (3.4774322636399551,)
414	100  	84.8997	151.308	4.18612	1133.46 (3.4774322636399551,)
415	100  	93.5463	135.498	3.4573 	853.814 (3.4572952658693756,)
416	100  	90.6559	146.998	3.82322	1252.88 (3.4572952658693756,)
417	100  	84.3542	115.329	3.685  	1052.72 (3.4572952658693756,)
418	100  	106.436	140.627	4.02714	1089.46 (3.4572952658693756,)
419	100  	97.6848	147.942	3.96415	1091.72 (3.4572952658693756,)
420	100  	100.698	133.837	4.11798	973.843 (3.4572952658693756,)
421	100  	105.714	156.381	4.04396	1221.82 (3.4572952658693756,)
422	100  	100.67 	134.11 	3.94692	988.072 (3.4572952658693756,)
423	100  	82.2974	138.333	4.35081	1142.17 (3.4572952658693756,)
424	100  	97.291 	157.319	4.63387	1317.21 (3.4572952658693756,)
425	100  	95.3282	139.695	4.19492	1063.18 (3.4572952658693756,)
426	100  	114.689	147.36 	4.50996	1180.1  (3.4572952658693756,)
427	100  	104.573	131.754	4.38449	1096.33 (3.4572952658693756,)
428	100  	93.7857	150.56 	4.02368	1165.34 (3.4572952658693756,)
429	100  	85.7758	143.226	3.45526	1055.7  (3.4552647900584161,)
430	100  	96.2863	149.966	4.25288	1221.55 (3.4552647900584161,)
431	100  	89.9662	132.618	4.6333 	1097.82 (3.4552647900584161,)
432	100  	94.7165	152.073	3.87626	1156.31 (3.4552647900584161,)
433	100  	97.9555	163.374	3.51925	1299.82 (3.4552647900584161,)
434	100  	97.3434	154.848	3.77769	1266.43 (3.4552647900584161,)
435	100  	96.3408	145.172	3.48732	1232.91 (3.4552647900584161,)
436	100  	93.5064	125.73 	3.75959	1111.31 (3.4552647900584161,)
437	100  	98.7061	155.395	3.48866	1144.32 (3.4552647900584161,)
438	100  	93.8596	143.89 	3.84703	1078.42 (3.4552647900584161,)
439	100  	92.6648	138.148	3.62893	1123.25 (3.4552647900584161,)
440	100  	89.4485	133.841	4.27452	1143.93 (3.4552647900584161,)
441	100  	93.1471	148.141	3.78948	1230.63 (3.4552647900584161,)
442	100  	88.1709	133.017	3.70546	1062.84 (3.4552647900584161,)
443	100  	81.0759	110.819	3.45738	803.413 (3.4552647900584161,)
444	100  	83.3085	142.397	3.84671	1258.08 (3.4552647900584161,)
445	100  	88.4997	138.774	4.72092	1142.27 (3.4552647900584161,)
446	100  	84.0058	130.563	4.7848 	984.35  (3.4552647900584161,)
447	100  	81.6847	125.629	3.5162 	1075.33 (3.4552647900584161,)
448	100  	87.6113	136.293	3.52838	1206.71 (3.4552647900584161,)
449	100  	83.3942	136.865	3.66689	1129.48 (3.4552647900584161,)
450	100  	93.4788	145.38 	3.31391	1083.19 (3.313912033546031,)
451	100  	102.982	119.124	4.36285	872.598 (3.313912033546031,)
452	100  	94.844 	132.846	4.26373	1141.65 (3.313912033546031,)
453	100  	94.6623	122.198	3.55879	937.53  (3.313912033546031,)
454	100  	95.0363	97.2524	3.67562	671.327 (3.313912033546031,)
455	100  	91.908 	138.036	3.38687	1006.92 (3.313912033546031,)
456	100  	95.3633	130.108	3.9004 	1001.34 (3.313912033546031,)
457	100  	85.683 	119.605	3.54012	938.742 (3.313912033546031,)
458	100  	78.4932	97.7955	4.47094	683.7   (3.313912033546031,)
459	100  	80.963 	129.189	3.32091	1095.36 (3.313912033546031,)
460	100  	80.0798	123.229	4.07814	958.899 (3.313912033546031,)
461	100  	88.4663	127.877	3.62148	1071.31 (3.313912033546031,)
462	100  	77.0266	120.56 	4.23111	1020.27 (3.313912033546031,)
463	100  	91.1097	124.298	3.53598	1020.62 (3.313912033546031,)
464	100  	80.7546	127.187	4.66297	1165.83 (3.313912033546031,)
465	100  	83.8838	132.497	4.00745	1070.83 (3.313912033546031,)
466	100  	81.1104	116.434	3.93309	873.234 (3.313912033546031,)
467	100  	70.9424	113.919	3.95742	902.711 (3.313912033546031,)
468	100  	75.7813	124.778	3.62191	1000.6  (3.313912033546031,)
469	100  	81.9411	131.788	4.95902	1073.31 (3.313912033546031,)
470	100  	98.7818	128.465	4.97318	941.52  (3.313912033546031,)
471	100  	85.6531	125.746	3.8489 	1045.42 (3.313912033546031,)
472	100  	76.8073	121.722	4.01016	1073.54 (3.313912033546031,)
473	100  	94.8804	146.321	3.53513	1292.15 (3.313912033546031,)
474	100  	86.004 	137.902	4.33299	1212.65 (3.313912033546031,)
475	100  	82.5062	126.081	3.30451	1092.77 (3.3045060535994697,)
476	100  	83.2505	111.742	4.27406	920.991 (3.3045060535994697,)
477	100  	92.9169	139.076	3.96101	1179.56 (3.3045060535994697,)
478	100  	86.8177	134.879	4.78616	1185.65 (3.3045060535994697,)
479	100  	94.5146	130.922	5.57819	1089.95 (3.3045060535994697,)
480	100  	94.3496	139.117	4.26773	1215.92 (3.3045060535994697,)
481	100  	89.5995	137.002	3.74809	1088.29 (3.3045060535994697,)
482	100  	75.1759	110.819	4.08534	1019.28 (3.3045060535994697,)
483	100  	93.6065	136.229	3.51053	1198.45 (3.3045060535994697,)
484	100  	93.8043	129.081	3.97269	1146.54 (3.3045060535994697,)
485	100  	83.6734	123.402	4.16222	942.221 (3.3045060535994697,)
486	100  	79.1119	115.884	4.31121	1005.37 (3.3045060535994697,)
487	100  	90.447 	124.38 	3.73909	816.455 (3.3045060535994697,)
488	100  	86.0416	113.364	3.50161	919.938 (3.3045060535994697,)
489	100  	98.2901	116.772	4.66147	953.245 (3.3045060535994697,)
490	100  	82.1848	134.806	3.61971	1199.48 (3.3045060535994697,)
491	100  	86.6282	143.532	3.88525	1167.67 (3.3045060535994697,)
492	100  	97.5479	154.383	3.7266 	1239.03 (3.3045060535994697,)
493	100  	94.4525	141.521	5.05812	1039.3  (3.3045060535994697,)
494	100  	81.3495	112.481	3.69884	787.69  (3.3045060535994697,)
495	100  	97.0627	135.165	3.8049 	1076.14 (3.3045060535994697,)
496	100  	99.4981	133.35 	3.27633	1060.67 (3.2763262124658641,)
497	100  	95.727 	131.909	3.89989	1032.58 (3.2763262124658641,)
498	100  	94.8732	141.998	4.14796	1095.15 (3.2763262124658641,)
499	100  	92.6126	128.482	4.37259	1035.74 (3.2763262124658641,)
