In file included from /usr/lib/python2.7/dist-packages/numpy/core/include/numpy/ndarraytypes.h:1761:0,
                 from /usr/lib/python2.7/dist-packages/numpy/core/include/numpy/ndarrayobject.h:17,
                 from /usr/lib/python2.7/dist-packages/numpy/core/include/numpy/arrayobject.h:4,
                 from /home/pinojc/.cache/scipy/python27_compiled/sc_9bade30717731f645b30a512f757f0fa1648.cpp:22:
/usr/lib/python2.7/dist-packages/numpy/core/include/numpy/npy_1_7_deprecated_api.h:15:2: warning: #warning "Using deprecated NumPy API, disable it by " "#defining NPY_NO_DEPRECATED_API NPY_1_7_API_VERSION" [-Wcpp]
 #warning "Using deprecated NumPy API, disable it by " \
  ^
gen	evals	avg    	std    	min    	max    
0  	100  	863.197	366.134	187.696	1745.05 (187.69577841025375,)
1  	100  	825.02 	388.195	133.998	1701.4  (133.99845951237813,)
2  	100  	803.001	452.607	28.7854	1946.34 (28.785385697856846,)
3  	100  	725.093	481.378	39.742 	1858.99 (28.785385697856846,)
4  	100  	642.632	442.45 	32.5978	1682.98 (28.785385697856846,)
5  	100  	512.342	420.163	24.2161	1656.83 (24.216064326748064,)
6  	100  	450.51 	390.778	31.6344	1526.16 (24.216064326748064,)
7  	100  	394.052	387.29 	18.2246	1707.34 (18.22463253001132,)
8  	100  	331.017	388.655	18.4093	1697.02 (18.22463253001132,)
9  	100  	269.226	347.587	12.278 	1526.77 (12.278034589642077,)
10 	100  	235.398	367.27 	11.5074	1689.18 (11.507358444727,)
11 	100  	206.879	334.315	11.6271	1425.89 (11.507358444727,)
12 	100  	196.212	319.958	12.4153	1627.27 (11.507358444727,)
13 	100  	188.685	310.971	11.7535	1422.29 (11.507358444727,)
14 	100  	187.675	323.049	10.972 	1698.02 (10.972043029783435,)
15 	100  	169.569	313.542	11.268 	1519.17 (10.972043029783435,)
16 	100  	170.446	289.306	10.7581	1334.48 (10.758117231411884,)
17 	100  	190.533	312.974	11.6566	1457.53 (10.758117231411884,)
18 	100  	164.98 	279.338	11.0271	1508.71 (10.758117231411884,)
19 	100  	149.412	259.661	10.9975	1449.65 (10.758117231411884,)
20 	100  	135.526	257.003	11.3336	1462.88 (10.758117231411884,)
21 	100  	137.161	235.208	11.0926	1385.99 (10.758117231411884,)
22 	100  	142.8  	245.473	12.0159	1512.58 (10.758117231411884,)
23 	100  	133.977	244.658	12.607 	1576.37 (10.758117231411884,)
24 	100  	140.345	268.864	10.7629	1624.56 (10.758117231411884,)
25 	100  	159.007	286.962	10.2455	1554.14 (10.245466689161233,)
26 	100  	143.119	239.684	10.898 	1379.81 (10.245466689161233,)
27 	100  	135.336	238.632	10.8126	1395.58 (10.245466689161233,)
28 	100  	126.511	222.186	10.8498	1490.95 (10.245466689161233,)
29 	100  	144.638	243.787	10.679 	1524.23 (10.245466689161233,)
30 	100  	142.973	236.404	11.6914	1393.05 (10.245466689161233,)
31 	100  	128.246	256.849	10.8406	1588.85 (10.245466689161233,)
32 	100  	137.948	257.322	11.3561	1483.97 (10.245466689161233,)
33 	100  	134.403	253.776	9.99136	1598.83 (9.991359185231472,)
34 	100  	146.741	247.049	9.91965	1579.69 (9.9196474160054837,)
35 	100  	124.94 	254.478	10.2644	1738.61 (9.9196474160054837,)
36 	100  	117.976	219.935	9.94788	1341.68 (9.9196474160054837,)
37 	100  	123.98 	253.712	10.2527	1628.57 (9.9196474160054837,)
38 	100  	125.839	228.751	11.2412	1582.74 (9.9196474160054837,)
39 	100  	136.39 	247.851	9.6993 	1619.8  (9.6992970726388084,)
40 	100  	140.595	241.355	11.1996	1566.63 (9.6992970726388084,)
41 	100  	151.97 	247.991	11.9769	1607.51 (9.6992970726388084,)
42 	100  	144.197	229.484	10.4937	1428.11 (9.6992970726388084,)
43 	100  	135.984	238.239	11.3709	1447.89 (9.6992970726388084,)
44 	100  	127.242	205.55 	9.74501	1362.38 (9.6992970726388084,)
45 	100  	126.612	236.624	9.08996	1710.14 (9.0899576552019337,)
46 	100  	130.283	243.372	11.4886	1543.77 (9.0899576552019337,)
47 	100  	128.758	242.072	11.5034	1683.55 (9.0899576552019337,)
48 	100  	129.028	234.662	9.96634	1367.19 (9.0899576552019337,)
49 	100  	150.073	248.351	9.75334	1642.36 (9.0899576552019337,)
50 	100  	135.049	226.878	10.1313	1429.34 (9.0899576552019337,)
51 	100  	132.006	225.333	12.3609	1528.43 (9.0899576552019337,)
52 	100  	115.221	200.141	10.3803	1333.82 (9.0899576552019337,)
53 	100  	115.445	211.425	9.46093	1407.82 (9.0899576552019337,)
54 	100  	127.557	211.696	9.83962	1364.37 (9.0899576552019337,)
55 	100  	118.94 	217.123	10.362 	1381.87 (9.0899576552019337,)
56 	100  	118.619	199.365	9.08735	1305.4  (9.087346834739753,)
57 	100  	120.099	192.408	8.24595	1299.86 (8.2459488473370293,)
58 	100  	105.952	172.971	8.81529	1348.24 (8.2459488473370293,)
59 	100  	117.484	175.013	9.7195 	1323.13 (8.2459488473370293,)
60 	100  	116.226	175.875	8.52733	1321.72 (8.2459488473370293,)
61 	100  	108.246	175.682	9.17798	1327.3  (8.2459488473370293,)
62 	100  	108.846	172.865	8.60389	1348.1  (8.2459488473370293,)
63 	100  	98.0488	179.447	7.62641	1373.36 (7.6264080082026515,)
64 	100  	101.788	188.057	8.66041	1258.94 (7.6264080082026515,)
65 	100  	103.702	182.635	8.98108	1331.08 (7.6264080082026515,)
66 	100  	97.0544	178.268	8.56446	1381.27 (7.6264080082026515,)
67 	100  	108.926	171.82 	7.66536	1273.07 (7.6264080082026515,)
68 	100  	115.419	172.271	9.75968	1303.01 (7.6264080082026515,)
69 	100  	129.096	189.086	9.72812	1344.4  (7.6264080082026515,)
70 	100  	99.1278	194.149	7.08963	1574.99 (7.0896250328057855,)
71 	100  	97.7061	185.653	7.95992	1552.67 (7.0896250328057855,)
72 	100  	105.287	145.799	8.16046	1121.17 (7.0896250328057855,)
73 	100  	101.292	167.747	9.67361	1322.45 (7.0896250328057855,)
74 	100  	120.459	175.961	8.81101	1346.69 (7.0896250328057855,)
75 	100  	105.358	170.031	7.82435	1338.47 (7.0896250328057855,)
76 	100  	113.82 	178.115	8.85009	1556.29 (7.0896250328057855,)
77 	100  	110.713	167.227	10.5725	1331.11 (7.0896250328057855,)
78 	100  	119.633	184.436	8.00421	1375.44 (7.0896250328057855,)
79 	100  	103.076	165.894	8.26836	1157.2  (7.0896250328057855,)
80 	100  	103.922	189.059	7.50049	1548.13 (7.0896250328057855,)
81 	100  	104.994	164.536	7.82291	1404.56 (7.0896250328057855,)
82 	100  	112.059	203.429	7.56089	1599.22 (7.0896250328057855,)
83 	100  	106.473	184.59 	8.99618	1332.09 (7.0896250328057855,)
84 	100  	95.3849	173.101	8.77368	1308.78 (7.0896250328057855,)
85 	100  	99.1878	179.931	7.31527	1342.21 (7.0896250328057855,)
86 	100  	104.037	165.612	7.26799	1336.11 (7.0896250328057855,)
87 	100  	98.3771	168.143	7.82795	1314.54 (7.0896250328057855,)
88 	100  	114.812	191.226	8.50018	1345.08 (7.0896250328057855,)
89 	100  	107.588	192.874	7.80894	1534.23 (7.0896250328057855,)
90 	100  	93.8888	161.335	7.36373	1242.7  (7.0896250328057855,)
91 	100  	91.7438	163.663	6.40976	1316.78 (6.4097624207651043,)
92 	100  	96.2979	159.166	7.07571	1333.43 (6.4097624207651043,)
93 	100  	97.6336	171.196	6.5798 	1392.52 (6.4097624207651043,)
94 	100  	102.6  	170.077	6.93082	1354.21 (6.4097624207651043,)
95 	100  	92.2265	162.878	6.7272 	1313.95 (6.4097624207651043,)
96 	100  	98.0464	165.408	6.47086	1283.26 (6.4097624207651043,)
97 	100  	95.6884	156.374	8.52252	1118.64 (6.4097624207651043,)
98 	100  	103.034	179.509	6.86326	1298.99 (6.4097624207651043,)
99 	100  	96.9386	175.452	7.61446	1389.07 (6.4097624207651043,)
100	100  	102.947	161.616	7.00121	1296.96 (6.4097624207651043,)
101	100  	99.8315	178.225	5.9327 	1313.17 (5.9326951795672409,)
102	100  	109.856	186.742	6.6365 	1593.11 (5.9326951795672409,)
103	100  	97.8933	155.986	5.73996	1317.23 (5.7399615029946087,)
104	100  	102.604	163.64 	6.39059	1300.4  (5.7399615029946087,)
105	100  	115.5  	178.603	7.45743	1364.27 (5.7399615029946087,)
106	100  	123.303	194.718	7.39333	1444.53 (5.7399615029946087,)
107	100  	96.821 	175.55 	5.67071	1298.58 (5.6707130116083349,)
108	100  	104.199	204.852	6.17847	1595.43 (5.6707130116083349,)
109	100  	102.109	180.366	7.28215	1477.07 (5.6707130116083349,)
110	100  	114.537	192.354	6.24204	1404.85 (5.6707130116083349,)
111	100  	103.696	180.942	6.33271	1350.13 (5.6707130116083349,)
112	100  	100.657	173.501	7.36108	1283.96 (5.6707130116083349,)
113	100  	101.179	169.961	7.49546	1320.52 (5.6707130116083349,)
114	100  	107.825	202.239	7.0628 	1610.09 (5.6707130116083349,)
115	100  	107.193	202.073	6.59055	1723.2  (5.6707130116083349,)
116	100  	118.294	200.173	6.29111	1394.56 (5.6707130116083349,)
117	100  	123.517	179.867	7.24202	1299.14 (5.6707130116083349,)
118	100  	104.506	171.053	6.36042	1248.58 (5.6707130116083349,)
119	100  	106.165	177.256	5.35498	1184.07 (5.3549766128261025,)
120	100  	108.55 	178.976	4.52469	1320.97 (4.5246894119537142,)
121	100  	118.472	187.667	5.53795	1350.19 (4.5246894119537142,)
122	100  	107.105	165.127	6.04036	1307.22 (4.5246894119537142,)
123	100  	100.758	166.734	5.39342	1299.47 (4.5246894119537142,)
124	100  	111.166	162.315	6.91115	1230.29 (4.5246894119537142,)
125	100  	112.465	162.051	5.79297	1411.39 (4.5246894119537142,)
126	100  	105.031	171.927	4.50301	1462.03 (4.5030092111585338,)
127	100  	102.478	146.269	7.54991	1243.92 (4.5030092111585338,)
128	100  	102.35 	151.987	6.43189	1290.45 (4.5030092111585338,)
129	100  	92.9319	163.368	5.50954	1442.72 (4.5030092111585338,)
130	100  	89.6805	156.047	5.31884	1285.99 (4.5030092111585338,)
131	100  	97.7812	159.454	5.38898	1267.61 (4.5030092111585338,)
132	100  	113.35 	157.136	5.56148	1042.07 (4.5030092111585338,)
133	100  	103.735	164.202	5.40283	1303.14 (4.5030092111585338,)
134	100  	110.081	165.045	4.28784	1342.95 (4.2878391164552383,)
135	100  	98.7819	151.362	6.7524 	1278.84 (4.2878391164552383,)
136	100  	104.559	158.512	5.42801	1266.98 (4.2878391164552383,)
137	100  	95.721 	159.445	4.58101	1253.33 (4.2878391164552383,)
138	100  	116.239	165.416	7.1347 	1253.72 (4.2878391164552383,)
139	100  	112.384	175.166	4.71568	1309.63 (4.2878391164552383,)
140	100  	112.252	169.537	6.04662	1271.33 (4.2878391164552383,)
141	100  	116.448	167.322	5.11851	1301.58 (4.2878391164552383,)
142	100  	99.898 	154.445	7.21212	1303.65 (4.2878391164552383,)
143	100  	107.209	164.632	5.3342 	1347.2  (4.2878391164552383,)
144	100  	93.4714	151.034	4.86202	1278.87 (4.2878391164552383,)
145	100  	109.764	138.818	4.56767	1078.54 (4.2878391164552383,)
146	100  	104.48 	159.182	4.60964	1372.88 (4.2878391164552383,)
147	100  	107.196	171.19 	5.34424	1392.11 (4.2878391164552383,)
148	100  	110.506	165.284	6.11619	1255.86 (4.2878391164552383,)
149	100  	112.044	169.509	5.19802	1302.55 (4.2878391164552383,)
150	100  	112.862	176.696	4.86584	1293.05 (4.2878391164552383,)
151	100  	106.101	159.496	5.97332	1306    (4.2878391164552383,)
152	100  	99.7646	166.559	4.44649	1428.26 (4.2878391164552383,)
153	100  	93.5541	156.28 	4.74837	1308.42 (4.2878391164552383,)
154	100  	92.1954	161.651	3.57624	1330.65 (3.5762388520996766,)
155	100  	106.002	185.593	4.8479 	1549.55 (3.5762388520996766,)
156	100  	91.4775	170.274	3.8101 	1330.09 (3.5762388520996766,)
157	100  	97.0118	169.213	4.17924	1288.93 (3.5762388520996766,)
158	100  	100.996	186.871	4.76482	1507.34 (3.5762388520996766,)
159	100  	107.643	175.663	4.6026 	1473.11 (3.5762388520996766,)
160	100  	110.606	182.456	5.53653	1545.92 (3.5762388520996766,)
161	100  	97.3077	171.345	5.21046	1447.19 (3.5762388520996766,)
162	100  	104.586	161.361	4.86774	1308.6  (3.5762388520996766,)
163	100  	95.1271	148.61 	5.60865	1182.93 (3.5762388520996766,)
164	100  	98.1429	155.056	4.15247	1281.14 (3.5762388520996766,)
165	100  	99.1882	161.993	5.76325	1386.23 (3.5762388520996766,)
166	100  	96.7086	175.62 	4.00473	1443.75 (3.5762388520996766,)
167	100  	83.6487	159.321	4.36879	1342.22 (3.5762388520996766,)
168	100  	98.5459	155.766	4.584  	1335.27 (3.5762388520996766,)
169	100  	103.433	165.952	3.34509	1319.2  (3.3450866163998518,)
170	100  	106.902	195.937	5.77655	1679.29 (3.3450866163998518,)
171	100  	97.5183	167.799	3.84016	1314.37 (3.3450866163998518,)
172	100  	101.979	170.731	4.24788	1311.54 (3.3450866163998518,)
173	100  	110.458	162.903	3.71694	1315.75 (3.3450866163998518,)
174	100  	105.725	163.916	3.80035	1295.41 (3.3450866163998518,)
175	100  	119.8  	173.33 	4.37531	1256.51 (3.3450866163998518,)
176	100  	100.446	169.671	4.33004	1286.67 (3.3450866163998518,)
177	100  	100.52 	161.503	3.55155	1349.03 (3.3450866163998518,)
178	100  	96.7405	158.872	3.59642	1294.05 (3.3450866163998518,)
179	100  	101.458	160.589	4.44344	1090.86 (3.3450866163998518,)
180	100  	101.302	161.594	4.73792	1283.57 (3.3450866163998518,)
181	100  	109.691	161.04 	5.1024 	1281.07 (3.3450866163998518,)
182	100  	104.123	158.278	4.34119	1209.18 (3.3450866163998518,)
183	100  	111.431	168.689	6.11356	1262.68 (3.3450866163998518,)
184	100  	103.246	170.802	4.4549 	1348.13 (3.3450866163998518,)
185	100  	94.9921	173.483	3.43192	1322.3  (3.3450866163998518,)
186	100  	112.782	192.283	5.54657	1693.01 (3.3450866163998518,)
187	100  	109.766	178.389	4.18887	1410.73 (3.3450866163998518,)
188	100  	108.143	166.472	4.13591	1384.27 (3.3450866163998518,)
189	100  	109.946	158.759	4.1674 	1273.24 (3.3450866163998518,)
190	100  	107.894	189.672	3.20179	1612.42 (3.20178808312507,)
191	100  	95.4518	169.656	3.4419 	1324.96 (3.20178808312507,)
192	100  	111.466	187.468	3.15767	1451.9  (3.1576720984571125,)
193	100  	104.663	170.927	4.9744 	1381.22 (3.1576720984571125,)
194	100  	101.507	159.384	4.95358	1212.62 (3.1576720984571125,)
195	100  	105.167	188.105	4.84003	1615.56 (3.1576720984571125,)
196	100  	85.4068	185.618	3.86425	1426.03 (3.1576720984571125,)
197	100  	101.965	183.921	3.5923 	1529.97 (3.1576720984571125,)
198	100  	101.32 	177.468	4.40012	1478.99 (3.1576720984571125,)
199	100  	92.7907	163.04 	3.21725	1209.04 (3.1576720984571125,)
200	100  	92.6627	166.172	5.83933	1470.95 (3.1576720984571125,)
201	100  	105.605	167.738	4.64756	1444.43 (3.1576720984571125,)
202	100  	100.679	166.1  	4.24022	1365.68 (3.1576720984571125,)
203	100  	93.7533	169.474	2.61044	1344.68 (2.6104444085477612,)
204	100  	87.4077	174.18 	4.01008	1532.58 (2.6104444085477612,)
205	100  	97.8588	174.347	2.62943	1428.04 (2.6104444085477612,)
206	100  	109.281	169.187	3.5607 	1327.05 (2.6104444085477612,)
207	100  	108.152	155.596	4.08867	1229.4  (2.6104444085477612,)
208	100  	97.1371	175.037	3.78066	1290.26 (2.6104444085477612,)
209	100  	102.431	174.697	3.43407	1530.61 (2.6104444085477612,)
210	100  	114.275	170.853	3.76   	1333.81 (2.6104444085477612,)
211	100  	94.9815	155.251	4.91037	1352.34 (2.6104444085477612,)
212	100  	109.18 	155.813	2.66316	1273.75 (2.6104444085477612,)
213	100  	105.341	157.391	4.75643	1247.37 (2.6104444085477612,)
214	100  	96.9217	156.022	3.66044	1298.65 (2.6104444085477612,)
215	100  	106.484	194.407	2.695  	1647.82 (2.6104444085477612,)
216	100  	100.965	172.044	3.73218	1493.13 (2.6104444085477612,)
217	100  	108.026	175.904	4.66925	1429.14 (2.6104444085477612,)
218	100  	106.544	197.737	3.56432	1649.44 (2.6104444085477612,)
219	100  	98.7535	170.842	3.5393 	1323.33 (2.6104444085477612,)
220	100  	108.917	176.82 	2.7843 	1432.91 (2.6104444085477612,)
221	100  	102.384	167.914	3.01727	1293.96 (2.6104444085477612,)
222	100  	96.2152	167.838	4.35785	1372.4  (2.6104444085477612,)
223	100  	95.6409	164.228	2.94956	1442.25 (2.6104444085477612,)
224	100  	105.322	176.866	3.22639	1390.23 (2.6104444085477612,)
225	100  	100.829	179.008	4.30037	1527.8  (2.6104444085477612,)
226	100  	113.086	177.805	2.72225	1357.12 (2.6104444085477612,)
227	100  	102.013	160.376	3.38719	1305.38 (2.6104444085477612,)
228	100  	95.5009	197.745	3.18445	1628.61 (2.6104444085477612,)
229	100  	87.1616	172.753	3.37962	1355.15 (2.6104444085477612,)
230	100  	101.444	153.926	3.73852	1320.98 (2.6104444085477612,)
231	100  	101.979	176.221	3.21093	1515.76 (2.6104444085477612,)
232	100  	91.4037	156.348	4.25342	1195.95 (2.6104444085477612,)
233	100  	108.404	170.117	4.19173	1323.09 (2.6104444085477612,)
234	100  	96.5079	168.394	3.48442	1369.98 (2.6104444085477612,)
235	100  	89.4054	169.876	3.98322	1332.59 (2.6104444085477612,)
236	100  	97.2128	168.193	3.12652	1303.36 (2.6104444085477612,)
237	100  	102.625	196.183	3.87924	1629.32 (2.6104444085477612,)
238	100  	98.2394	158.308	3.44673	1402.14 (2.6104444085477612,)
239	100  	99.969 	159.605	3.0661 	1308.66 (2.6104444085477612,)
240	100  	94.1802	158.296	2.19121	1302.86 (2.1912070491803104,)
241	100  	97.0523	157.762	2.7389 	1349.46 (2.1912070491803104,)
242	100  	106.498	165.701	4.12248	1404.58 (2.1912070491803104,)
243	100  	100.399	151.399	3.16451	1321.03 (2.1912070491803104,)
244	100  	100.463	169.119	3.33255	1440.19 (2.1912070491803104,)
245	100  	102.591	177.73 	2.31726	1542.11 (2.1912070491803104,)
246	100  	92.4473	174.033	4.61218	1438.04 (2.1912070491803104,)
247	100  	97.6124	163.882	2.74483	1201.27 (2.1912070491803104,)
248	100  	88.1721	167.3  	3.88917	1244.39 (2.1912070491803104,)
249	100  	90.6625	168.658	2.28745	1338.18 (2.1912070491803104,)
250	100  	100.186	172.709	3.24136	1427.01 (2.1912070491803104,)
251	100  	98.9107	162.925	3.41404	1410.13 (2.1912070491803104,)
252	100  	103.924	187.003	3.47772	1496.35 (2.1912070491803104,)
253	100  	102.557	196.083	3.52512	1600.77 (2.1912070491803104,)
254	100  	92.016 	190.403	2.66127	1574.13 (2.1912070491803104,)
255	100  	96.3525	173.164	2.36167	1327.03 (2.1912070491803104,)
256	100  	100.093	182.477	4.33645	1604.59 (2.1912070491803104,)
257	100  	88.9562	184.105	3.08264	1492.01 (2.1912070491803104,)
258	100  	84.8297	160.567	4.76116	1293.94 (2.1912070491803104,)
259	100  	83.2947	156.369	2.36899	1300.58 (2.1912070491803104,)
260	100  	105.544	157.924	4.86893	1305.97 (2.1912070491803104,)
261	100  	108.322	182.965	4.29658	1608.45 (2.1912070491803104,)
262	100  	99.6242	161.531	3.84388	1313.67 (2.1912070491803104,)
263	100  	94.9066	162.246	2.86814	1222.1  (2.1912070491803104,)
264	100  	113.59 	175.707	3.06885	1319.61 (2.1912070491803104,)
265	100  	100.772	155.146	3.00234	1299.29 (2.1912070491803104,)
266	100  	98.7952	169.113	2.75547	1424.92 (2.1912070491803104,)
267	100  	95.115 	158.347	2.84667	1262.06 (2.1912070491803104,)
268	100  	98.5782	164.148	2.93376	1514.62 (2.1912070491803104,)
269	100  	105.843	183.608	2.78812	1572.64 (2.1912070491803104,)
270	100  	94.6754	161.476	3.29438	1398.12 (2.1912070491803104,)
271	100  	90.5116	167.405	3.46823	1490.94 (2.1912070491803104,)
272	100  	102.669	173.921	2.75888	1455.17 (2.1912070491803104,)
273	100  	90.4382	173.26 	2.10032	1541.89 (2.1003243340272255,)
274	100  	97.4814	175.38 	2.58282	1450.99 (2.1003243340272255,)
275	100  	107.395	178.281	2.914  	1373.22 (2.1003243340272255,)
276	100  	101.713	167.282	4.01602	1308.82 (2.1003243340272255,)
277	100  	106.648	161.361	2.482  	1278.36 (2.1003243340272255,)
278	100  	110.378	164.991	2.06967	1279.48 (2.0696655105913062,)
279	100  	100.579	162.187	2.59221	1310.45 (2.0696655105913062,)
280	100  	90.8478	163.182	3.18224	1348.9  (2.0696655105913062,)
281	100  	85.9374	163.945	3.14854	1303.41 (2.0696655105913062,)
282	100  	112.823	155.052	1.97395	1300.6  (1.9739467411991076,)
283	100  	92.7426	149.466	2.88391	1222.13 (1.9739467411991076,)
284	100  	93.4819	150.291	2.89172	1248.09 (1.9739467411991076,)
285	100  	101.54 	169.349	3.77653	1335.93 (1.9739467411991076,)
286	100  	105.293	163.416	2.39258	1297.68 (1.9739467411991076,)
287	100  	96.7144	165.498	1.63243	1272.53 (1.632432289033106,)
288	100  	104.835	175.805	2.43183	1366.69 (1.632432289033106,)
289	100  	126.756	191.664	6.45831	1325.27 (1.632432289033106,)
290	100  	103.348	161.032	2.84458	1212.6  (1.632432289033106,)
291	100  	98.9362	167.068	2.31643	1430.79 (1.632432289033106,)
292	100  	100.214	155.153	2.17345	1289.96 (1.632432289033106,)
293	100  	107.254	154.296	1.77422	1302.41 (1.632432289033106,)
294	100  	115.681	153.813	3.72299	1121.08 (1.632432289033106,)
295	100  	114.293	177.185	2.3882 	1304.59 (1.632432289033106,)
296	100  	106.752	149.607	1.96278	1063.79 (1.632432289033106,)
297	100  	109.762	162.623	2.98898	1282.4  (1.632432289033106,)
298	100  	111.403	166.813	3.01611	1213.68 (1.632432289033106,)
299	100  	106.187	165.023	4.1251 	1302.22 (1.632432289033106,)
300	100  	102.59 	162.504	3.04425	1274.03 (1.632432289033106,)
301	100  	102.268	145.089	2.70483	1268.76 (1.632432289033106,)
302	100  	90.8253	145.634	2.41828	1355.72 (1.632432289033106,)
303	100  	97.4595	159.599	2.84464	1535.14 (1.632432289033106,)
304	100  	88.087 	136.613	2.04067	1300.19 (1.632432289033106,)
305	100  	95.2583	142.859	2.05211	1293.92 (1.632432289033106,)
306	100  	96.9349	145.526	2.29836	1336.04 (1.632432289033106,)
307	100  	96.1861	147.223	2.65039	1325.31 (1.632432289033106,)
308	100  	86.5501	137.967	1.64618	1285.91 (1.632432289033106,)
309	100  	95.2081	137.776	3.94   	1221.69 (1.632432289033106,)
310	100  	89.4144	135.796	3.25898	1267.52 (1.632432289033106,)
311	100  	94.7527	146.168	2.50591	1321.4  (1.632432289033106,)
312	100  	103.709	155.149	2.99287	1266.42 (1.632432289033106,)
313	100  	94.4283	146.809	3.86534	1290.02 (1.632432289033106,)
314	100  	100.56 	137.334	1.61582	1224.75 (1.6158183638822468,)
315	100  	93.7977	144.714	1.56071	1326.78 (1.5607138041260704,)
316	100  	106.129	147.628	2.53893	1341.6  (1.5607138041260704,)
317	100  	113.55 	155.605	2.78678	1336.05 (1.5607138041260704,)
318	100  	105.623	145.025	2.71611	1282.34 (1.5607138041260704,)
319	100  	94.7495	166.675	2.01646	1631.11 (1.5607138041260704,)
320	100  	91.0183	159.745	1.84273	1519.77 (1.5607138041260704,)
321	100  	92.3559	142.137	3.28652	1306.32 (1.5607138041260704,)
322	100  	95.4348	148.398	2.9196 	1278.5  (1.5607138041260704,)
323	100  	95.3102	141.697	1.91272	1295.14 (1.5607138041260704,)
324	100  	100.701	152.724	2.59028	1375.91 (1.5607138041260704,)
325	100  	103.173	157.102	4.13032	1467.52 (1.5607138041260704,)
326	100  	103.353	165.685	3.26851	1537.15 (1.5607138041260704,)
327	100  	103.697	164.435	2.47883	1486.06 (1.5607138041260704,)
328	100  	92.7707	134.173	2.96576	1214.36 (1.5607138041260704,)
329	100  	81.1667	138.875	1.99967	1318.92 (1.5607138041260704,)
330	100  	94.038 	131.25 	2.30122	1208.85 (1.5607138041260704,)
331	100  	95.9473	136.691	2.25365	1239.83 (1.5607138041260704,)
332	100  	90.2828	136.737	2.72712	1227.52 (1.5607138041260704,)
333	100  	96.9992	141.502	1.54776	1278.04 (1.5477614265616819,)
334	100  	91.6592	150.044	2.54005	1361.77 (1.5477614265616819,)
335	100  	95.3013	147.607	1.9138 	1333.41 (1.5477614265616819,)
336	100  	99.7787	143.568	1.95236	1343.29 (1.5477614265616819,)
337	100  	99.7313	141.334	2.08184	1283.43 (1.5477614265616819,)
338	100  	113.199	167.457	3.20701	1381.27 (1.5477614265616819,)
339	100  	105.245	165.338	1.76218	1508.19 (1.5477614265616819,)
340	100  	87.9384	143.563	2.52664	1326.4  (1.5477614265616819,)
341	100  	88.4225	154.529	2.90206	1484.96 (1.5477614265616819,)
342	100  	95.5714	132.943	1.36559	1261.21 (1.3655922549531956,)
343	100  	88.0013	137.316	1.51499	1286.19 (1.3655922549531956,)
344	100  	91.1271	147.664	2.67115	1396.56 (1.3655922549531956,)
345	100  	97.7258	147.699	2.09499	1338.63 (1.3655922549531956,)
346	100  	94.6589	145.978	2.17554	1354.81 (1.3655922549531956,)
347	100  	100.906	153.102	1.9278 	1357.23 (1.3655922549531956,)
348	100  	103.704	144.477	4.08227	1326.03 (1.3655922549531956,)
349	100  	89.2482	164.442	1.80862	1567.32 (1.3655922549531956,)
350	100  	101.001	166.165	2.2138 	1403.84 (1.3655922549531956,)
351	100  	93.4515	146.455	2.01448	1344.98 (1.3655922549531956,)
352	100  	93.0773	141.194	2.0159 	1276.69 (1.3655922549531956,)
353	100  	93.3554	156.491	1.47997	1483.6  (1.3655922549531956,)
354	100  	96.9311	150.037	2.0579 	1335.16 (1.3655922549531956,)
355	100  	99.2726	157.223	2.25377	1483.47 (1.3655922549531956,)
356	100  	81.3884	136.577	1.59884	1305.56 (1.3655922549531956,)
357	100  	89.8383	118.647	2.78463	1001.51 (1.3655922549531956,)
358	100  	100.548	142.819	1.94138	1319.19 (1.3655922549531956,)
359	100  	103.471	152.821	2.51698	1366.71 (1.3655922549531956,)
360	100  	99.5665	139.477	1.73012	1277.85 (1.3655922549531956,)
361	100  	113.812	154.601	2.40663	1383.29 (1.3655922549531956,)
362	100  	112.776	149.107	2.51227	1332.03 (1.3655922549531956,)
363	100  	103.183	136.88 	2.64137	1216.82 (1.3655922549531956,)
364	100  	101.387	179.904	5.11303	1742.66 (1.3655922549531956,)
365	100  	92.8124	156.959	1.74932	1462.99 (1.3655922549531956,)
366	100  	104.492	144.395	2.04239	1261.9  (1.3655922549531956,)
367	100  	107.364	146.019	1.51016	1358.49 (1.3655922549531956,)
368	100  	98.0055	151.265	1.98274	1335.28 (1.3655922549531956,)
369	100  	87.3468	138.618	2.09649	1291.55 (1.3655922549531956,)
370	100  	95.9334	145.859	2.16947	1287.24 (1.3655922549531956,)
371	100  	100.243	141.251	2.98311	1283.9  (1.3655922549531956,)
372	100  	101.177	134.615	2.85308	1247    (1.3655922549531956,)
373	100  	104.011	162.908	1.9951 	1543.26 (1.3655922549531956,)
374	100  	85.5826	142.789	2.14943	1286.87 (1.3655922549531956,)
375	100  	97.648 	134.35 	1.75357	1215.31 (1.3655922549531956,)
376	100  	99.0732	137.111	2.12356	1221.44 (1.3655922549531956,)
377	100  	103.494	143.979	1.37984	1287.99 (1.3655922549531956,)
378	100  	105.496	159.22 	2.11859	1392.93 (1.3655922549531956,)
379	100  	102.273	148.519	1.87579	1324.62 (1.3655922549531956,)
380	100  	109.745	145.314	2.87066	1258.25 (1.3655922549531956,)
381	100  	98.8289	138.249	1.87766	1236.98 (1.3655922549531956,)
382	100  	93.0789	133.953	2.15226	1087.46 (1.3655922549531956,)
383	100  	95.8903	118.499	2.28551	941.225 (1.3655922549531956,)
384	100  	87.8879	140.059	2.14617	1253.37 (1.3655922549531956,)
385	100  	98.5902	147.048	1.69161	1303.14 (1.3655922549531956,)
386	100  	96.008 	139.259	2.86752	1303.24 (1.3655922549531956,)
387	100  	91.7187	163.44 	1.46903	1497.28 (1.3655922549531956,)
388	100  	78.6663	132.851	1.44507	1249.68 (1.3655922549531956,)
389	100  	88.947 	127.708	2.93238	1205.01 (1.3655922549531956,)
390	100  	101.749	145.364	1.93341	1286.62 (1.3655922549531956,)
391	100  	83.6822	140.139	2.375  	1310.22 (1.3655922549531956,)
392	100  	87.7144	139.293	2.31147	1298.99 (1.3655922549531956,)
393	100  	102.169	151.324	1.88145	1345.56 (1.3655922549531956,)
394	100  	86.9834	133.437	2.50437	1219.73 (1.3655922549531956,)
395	100  	94.2671	131.507	1.64464	1134.4  (1.3655922549531956,)
396	100  	96.5275	145.336	1.71281	1350.39 (1.3655922549531956,)
397	100  	96.5762	150.137	2.81768	1331.27 (1.3655922549531956,)
398	100  	98.8362	147.39 	2.54542	1370.8  (1.3655922549531956,)
399	100  	90.7529	146.906	2.54057	1320.26 (1.3655922549531956,)
400	100  	92.3065	150.255	1.71429	1377.63 (1.3655922549531956,)
401	100  	83.374 	140.073	2.94107	1326.33 (1.3655922549531956,)
402	100  	84.7631	135.374	2.71978	1261.76 (1.3655922549531956,)
403	100  	85.4577	139.076	1.62989	1337.96 (1.3655922549531956,)
404	100  	104.336	140.464	3.42051	1294.98 (1.3655922549531956,)
405	100  	107.1  	129.725	2.60563	1005.29 (1.3655922549531956,)
406	100  	96.1954	142.311	2.1333 	1292.84 (1.3655922549531956,)
407	100  	86.8285	161.772	2.60304	1561.22 (1.3655922549531956,)
408	100  	107.108	151.101	2.93709	1383.92 (1.3655922549531956,)
409	100  	107.947	153.262	2.51721	1291.72 (1.3655922549531956,)
410	100  	106.934	142.49 	1.88126	1286.03 (1.3655922549531956,)
411	100  	113.639	153.016	1.44063	1340.12 (1.3655922549531956,)
412	100  	110.124	158.045	2.08252	1389.83 (1.3655922549531956,)
413	100  	102.854	143.824	3.04549	1333.85 (1.3655922549531956,)
414	100  	98.8751	138.247	1.9194 	1278.86 (1.3655922549531956,)
415	100  	109.752	152.615	2.69978	1334.98 (1.3655922549531956,)
416	100  	109.929	168.238	2.27659	1600.59 (1.3655922549531956,)
417	100  	97.3306	146.442	2.37171	1312.16 (1.3655922549531956,)
418	100  	107.511	146.22 	1.9124 	1327.84 (1.3655922549531956,)
419	100  	106.201	162.1  	1.68845	1396.92 (1.3655922549531956,)
420	100  	110.776	148.542	1.52945	1303.01 (1.3655922549531956,)
421	100  	84.6506	141.199	1.85696	1324.75 (1.3655922549531956,)
422	100  	84.3094	142.087	2.31611	1299.2  (1.3655922549531956,)
423	100  	97.4585	134.42 	2.11621	1234.1  (1.3655922549531956,)
424	100  	95.7197	152.921	3.51732	1448.6  (1.3655922549531956,)
425	100  	103.952	147.626	1.79307	1309.26 (1.3655922549531956,)
426	100  	103.404	144.304	2.46468	1301.29 (1.3655922549531956,)
427	100  	108.956	140.281	2.27655	1231.44 (1.3655922549531956,)
428	100  	104.159	152.839	2.82038	1296.65 (1.3655922549531956,)
429	100  	99.7415	147.17 	2.18495	1310.96 (1.3655922549531956,)
430	100  	89.7656	143.469	1.87113	1344.8  (1.3655922549531956,)
431	100  	96.4061	143.584	3.74892	1299.78 (1.3655922549531956,)
432	100  	93.6122	144.523	2.14445	1314.76 (1.3655922549531956,)
433	100  	101.615	141.9  	1.59448	1291.7  (1.3655922549531956,)
434	100  	96.8432	140.922	2.03594	1327.66 (1.3655922549531956,)
435	100  	99.3187	155.927	2.19457	1408.15 (1.3655922549531956,)
436	100  	99.7712	150.447	3.08713	1326.16 (1.3655922549531956,)
437	100  	102.146	155.368	2.33346	1372.09 (1.3655922549531956,)
438	100  	103.739	146.46 	3.12483	1313.44 (1.3655922549531956,)
439	100  	104.06 	146.389	2.36475	1341.82 (1.3655922549531956,)
440	100  	99.5973	146.768	1.2243 	1258.99 (1.2243024648003187,)
441	100  	92.8077	139.369	1.78589	1348.53 (1.2243024648003187,)
442	100  	99.4047	146.833	1.78937	1345.8  (1.2243024648003187,)
443	100  	98.8084	147.374	1.71143	1350.97 (1.2243024648003187,)
444	100  	97.3306	135.958	2.69534	1295.41 (1.2243024648003187,)
445	100  	91.7599	138.73 	3.49504	1293.49 (1.2243024648003187,)
446	100  	89.2694	141.149	2.11323	1333.09 (1.2243024648003187,)
447	100  	91.9978	135.123	2.22462	1247.25 (1.2243024648003187,)
448	100  	98.1986	143.498	1.84191	1330.34 (1.2243024648003187,)
449	100  	98.3237	147.921	2.08855	1345.25 (1.2243024648003187,)
450	100  	101.691	145.922	1.41569	1294.25 (1.2243024648003187,)
451	100  	110.208	143.562	1.81158	1209.77 (1.2243024648003187,)
452	100  	93.0497	142.122	2.60056	1314.58 (1.2243024648003187,)
453	100  	95.5046	153.568	1.25712	1420.37 (1.2243024648003187,)
454	100  	103.441	147.668	2.70691	1366.73 (1.2243024648003187,)
455	100  	81.0386	142.428	2.25838	1256.33 (1.2243024648003187,)
456	100  	94.2763	120.831	6.20973	1014.41 (1.2243024648003187,)
457	100  	96.8482	126.255	1.86999	1112.88 (1.2243024648003187,)
458	100  	102.848	139.99 	1.46938	1220.42 (1.2243024648003187,)
459	100  	125.742	167.625	1.9269 	1403.04 (1.2243024648003187,)
460	100  	109.512	157.604	1.48406	1409.69 (1.2243024648003187,)
461	100  	109.234	180.332	1.26917	1727.38 (1.2243024648003187,)
462	100  	108.35 	153.276	2.26204	1393.25 (1.2243024648003187,)
463	100  	102.254	175.485	1.17003	1680.25 (1.1700269099949479,)
464	100  	111.427	159.154	2.11389	1393.05 (1.1700269099949479,)
465	100  	103.144	158.914	1.85524	1454.08 (1.1700269099949479,)
466	100  	111.56 	150.402	2.20334	1332.75 (1.1700269099949479,)
467	100  	101.572	148.881	1.49713	1393.3  (1.1700269099949479,)
468	100  	94.5836	144.711	1.74248	1350.16 (1.1700269099949479,)
469	100  	96.8845	162.843	1.77304	1565.57 (1.1700269099949479,)
470	100  	83.3603	137.623	1.92932	1289.97 (1.1700269099949479,)
471	100  	95.5087	145.422	1.54851	1341.86 (1.1700269099949479,)
472	100  	103.985	141.091	3.05046	1315.75 (1.1700269099949479,)
473	100  	115.049	150.861	1.75901	1237.48 (1.1700269099949479,)
474	100  	109.484	157.944	1.69247	1328.19 (1.1700269099949479,)
475	100  	98.0482	150.863	2.48378	1331.73 (1.1700269099949479,)
476	100  	93.4536	138.194	2.35146	1286.15 (1.1700269099949479,)
477	100  	104.431	143.077	2.35897	1284.65 (1.1700269099949479,)
478	100  	112.198	157.33 	3.10475	1456.61 (1.1700269099949479,)
479	100  	102.809	145.781	2.09879	1279.98 (1.1700269099949479,)
480	100  	105.318	142.041	2.6217 	1256.02 (1.1700269099949479,)
481	100  	109.991	167.366	2.34132	1545.81 (1.1700269099949479,)
482	100  	93.4859	143.573	2.89799	1274.24 (1.1700269099949479,)
483	100  	89.2744	135.371	1.68128	1250.32 (1.1700269099949479,)
484	100  	104.204	141.866	2.86004	1233.45 (1.1700269099949479,)
485	100  	92.0236	119.381	2.0303 	991.122 (1.1700269099949479,)
486	100  	104.876	132.137	2.1085 	1155.53 (1.1700269099949479,)
487	100  	87.1907	138.294	2.28536	1257.3  (1.1700269099949479,)
488	100  	83.2139	138.594	1.59957	1324.71 (1.1700269099949479,)
489	100  	99.118 	146.813	1.63548	1325.4  (1.1700269099949479,)
490	100  	97.3413	145.338	1.92228	1352    (1.1700269099949479,)
491	100  	102.139	142.78 	1.91888	1276.99 (1.1700269099949479,)
492	100  	109.197	154.823	3.11086	1386.2  (1.1700269099949479,)
493	100  	97.6223	138.752	1.40267	1234.88 (1.1700269099949479,)
494	100  	92.266 	140.435	1.93206	1317.16 (1.1700269099949479,)
495	100  	93.9151	131.648	2.54607	1245.88 (1.1700269099949479,)
496	100  	114.575	148.451	1.53284	1295.25 (1.1700269099949479,)
497	100  	108.264	138.278	1.86024	1206.18 (1.1700269099949479,)
498	100  	109.512	147.771	2.25607	1368.14 (1.1700269099949479,)
499	100  	105.572	147.692	1.29008	1359.06 (1.1700269099949479,)
