In file included from /usr/lib/python2.7/dist-packages/numpy/core/include/numpy/ndarraytypes.h:1761:0,
                 from /usr/lib/python2.7/dist-packages/numpy/core/include/numpy/ndarrayobject.h:17,
                 from /usr/lib/python2.7/dist-packages/numpy/core/include/numpy/arrayobject.h:4,
                 from /home/pinojc/.cache/scipy/python27_compiled/sc_9bade30717731f645b30a512f757f0fa1470.cpp:22:
/usr/lib/python2.7/dist-packages/numpy/core/include/numpy/npy_1_7_deprecated_api.h:15:2: warning: #warning "Using deprecated NumPy API, disable it by " "#defining NPY_NO_DEPRECATED_API NPY_1_7_API_VERSION" [-Wcpp]
 #warning "Using deprecated NumPy API, disable it by " \
  ^
gen	evals	avg    	std    	min    	max   
0  	100  	824.058	395.225	92.9287	1796.3 (92.928701537182903,)
1  	100  	786.708	373.272	87.1021	1903.17 (87.102137614175859,)
2  	100  	734.221	382.648	72.9229	1866.08 (72.922943569886712,)
3  	100  	676.903	429.592	42.5517	1876.16 (42.551672473911758,)
4  	100  	617.336	404.2  	16.658 	1646.24 (16.658039548355692,)
5  	100  	532.959	375.726	16.6169	1350.96 (16.616941023788769,)
6  	100  	434.156	384.441	14.4626	1702.85 (14.462596416847843,)
7  	100  	348.134	367.998	11.9319	1737.55 (11.931881059360501,)
8  	100  	319.546	359.004	10.7809	1588.71 (10.780910790987679,)
9  	100  	285.995	354.661	8.91475	1747.91 (8.9147520758214398,)
10 	100  	272.745	337.641	10.3735	1720.84 (8.9147520758214398,)
11 	100  	214.337	304.65 	8.55711	1435.93 (8.5571146113936685,)
12 	100  	194.645	298.036	7.46662	1809.28 (7.4666182143823754,)
13 	100  	191.087	275.194	8.57871	1584.23 (7.4666182143823754,)
14 	100  	173.974	281.057	7.65348	1765.29 (7.4666182143823754,)
15 	100  	174.26 	281.234	7.76012	1700.25 (7.4666182143823754,)
16 	100  	158.789	277.288	8.23547	1653.74 (7.4666182143823754,)
17 	100  	161.534	269.432	6.93897	1560.54 (6.9389677476237566,)
18 	100  	164.937	263.127	8.11569	1611.81 (6.9389677476237566,)
19 	100  	144.448	228.283	7.21419	986.211 (6.9389677476237566,)
20 	100  	162.482	270.607	6.83136	1662.85 (6.831361338226448,)
21 	100  	151.664	286.139	7.99955	1733.55 (6.831361338226448,)
22 	100  	157.728	275.695	7.60071	1472.59 (6.831361338226448,)
23 	100  	129.69 	244.273	6.74996	1099.25 (6.7499561008275712,)
24 	100  	139.119	235.974	6.5348 	1197.46 (6.5347988326729451,)
25 	100  	150.765	236.881	6.24849	1069.46 (6.248488075337173,)
26 	100  	142.984	232.349	8.34994	1160.09 (6.248488075337173,)
27 	100  	150.734	236.373	7.09414	1180.81 (6.248488075337173,)
28 	100  	140.211	219.822	6.35298	1205.57 (6.248488075337173,)
29 	100  	134.931	209.234	6.62879	1085.97 (6.248488075337173,)
30 	100  	131.648	210.684	7.0269 	1131.33 (6.248488075337173,)
31 	100  	142.893	212.959	6.45972	1089.8  (6.248488075337173,)
32 	100  	143.987	221.448	7.54152	1172.94 (6.248488075337173,)
33 	100  	134.472	217.491	5.99485	1058.29 (5.9948530629848733,)
34 	100  	134.379	207.554	6.41582	1048.79 (5.9948530629848733,)
35 	100  	131.215	212.485	5.94464	1101.34 (5.9446409276186643,)
36 	100  	129.828	221.899	6.98597	1058.92 (5.9446409276186643,)
37 	100  	146.636	218.698	6.60574	1078.61 (5.9446409276186643,)
38 	100  	135.437	218.53 	5.48316	1011.24 (5.4831571062953319,)
39 	100  	135.208	221.078	7.06309	1100.67 (5.4831571062953319,)
40 	100  	135.281	238.847	5.68754	1138.96 (5.4831571062953319,)
41 	100  	130.096	235.222	6.04918	1149.79 (5.4831571062953319,)
42 	100  	143.109	210.486	5.51437	979.708 (5.4831571062953319,)
43 	100  	158.366	236.001	6.197  	1243.81 (5.4831571062953319,)
44 	100  	132.615	221.653	6.46382	1114.46 (5.4831571062953319,)
45 	100  	138.793	239.766	5.72514	1174.1  (5.4831571062953319,)
46 	100  	133.179	219.303	5.5949 	1087.03 (5.4831571062953319,)
47 	100  	139.803	218.111	6.71095	1082.42 (5.4831571062953319,)
48 	100  	128.424	216.504	6.36224	1023.01 (5.4831571062953319,)
49 	100  	137.23 	203.82 	5.72262	1049.79 (5.4831571062953319,)
50 	100  	143.811	208.468	4.77201	1127.16 (4.7720087331590877,)
51 	100  	137.398	201.635	4.70209	1026.8  (4.7020865179415248,)
52 	100  	129.375	194.397	5.59584	1064.66 (4.7020865179415248,)
53 	100  	138.44 	209.706	5.86299	1122.73 (4.7020865179415248,)
54 	100  	124.91 	197.098	6.62366	1135.45 (4.7020865179415248,)
55 	100  	128.286	189.208	5.42761	959.589 (4.7020865179415248,)
56 	100  	138.438	199.266	5.47871	987.254 (4.7020865179415248,)
57 	100  	125.176	202.493	5.37675	991.574 (4.7020865179415248,)
58 	100  	136.754	220.361	4.87404	1185.08 (4.7020865179415248,)
59 	100  	127.737	204.454	5.56621	1192.68 (4.7020865179415248,)
60 	100  	125.038	201.949	5.54554	1140.61 (4.7020865179415248,)
61 	100  	129.38 	201.152	5.30675	1181.57 (4.7020865179415248,)
62 	100  	138.117	194.949	6.41584	1147.77 (4.7020865179415248,)
63 	100  	136.534	207.203	5.50186	1127.78 (4.7020865179415248,)
64 	100  	123.111	195.355	4.60206	1202.71 (4.6020626439655272,)
65 	100  	104.335	193.993	5.56466	1216.59 (4.6020626439655272,)
66 	100  	128.493	210.868	4.83896	1247.66 (4.6020626439655272,)
67 	100  	144.139	221.903	5.08513	1226.12 (4.6020626439655272,)
68 	100  	143.58 	209.311	5.08589	1193.28 (4.6020626439655272,)
69 	100  	131.386	216.564	4.7687 	1147.05 (4.6020626439655272,)
70 	100  	123.838	198.219	4.74563	1093.05 (4.6020626439655272,)
71 	100  	139.275	201.63 	4.44964	1076.13 (4.4496395146395882,)
72 	100  	121.477	209.987	5.2829 	1251.44 (4.4496395146395882,)
73 	100  	116.048	185.346	4.17654	1113.62 (4.1765355096996668,)
74 	100  	118.882	185.017	4.40293	1046.03 (4.1765355096996668,)
75 	100  	126.319	190.368	4.22425	1102.56 (4.1765355096996668,)
76 	100  	125.066	189.084	4.70165	1088.5  (4.1765355096996668,)
77 	100  	122.322	194.787	4.3702 	1159.64 (4.1765355096996668,)
78 	100  	108.58 	185.624	4.87398	1037.41 (4.1765355096996668,)
79 	100  	110.597	181.681	4.07733	1041.92 (4.0773321048157394,)
80 	100  	102.1  	181.621	5.26368	1158.6  (4.0773321048157394,)
81 	100  	105.695	181.632	4.49321	1120.46 (4.0773321048157394,)
82 	100  	111.989	186.745	4.64438	1131.92 (4.0773321048157394,)
83 	100  	110.611	181.949	4.87266	1114.4  (4.0773321048157394,)
84 	100  	111.729	177.802	3.91011	1229.17 (3.9101060900924542,)
85 	100  	115.384	184.843	3.62252	1058.47 (3.6225169706137343,)
86 	100  	119.855	193.95 	3.73984	1072.99 (3.6225169706137343,)
87 	100  	121.263	188.549	3.73204	1053.69 (3.6225169706137343,)
88 	100  	107.747	191.683	3.54576	1089.39 (3.545764273125882,)
89 	100  	94.072 	151.587	4.01222	1032.39 (3.545764273125882,)
90 	100  	98.4895	146.276	3.98952	873.949 (3.545764273125882,)
91 	100  	107.834	174.23 	3.15943	1053.3  (3.1594311990103923,)
92 	100  	99.5864	162.122	4.90604	1020.46 (3.1594311990103923,)
93 	100  	114.348	174.612	3.9598 	1020.43 (3.1594311990103923,)
94 	100  	106.217	164.569	2.62687	999.852 (2.6268722061152565,)
95 	100  	107.276	174.546	2.89372	1125.64 (2.6268722061152565,)
96 	100  	108.511	167.891	4.17706	1044.8  (2.6268722061152565,)
97 	100  	116.211	177.261	3.46084	1123.76 (2.6268722061152565,)
98 	100  	104.817	181.114	3.19423	1174.63 (2.6268722061152565,)
99 	100  	113.461	164.609	3.16468	1118.49 (2.6268722061152565,)
100	100  	129.783	169.739	3.1225 	1048.72 (2.6268722061152565,)
101	100  	120.19 	176.837	3.6279 	1081.33 (2.6268722061152565,)
102	100  	112.018	172.788	3.08284	1161.5  (2.6268722061152565,)
103	100  	92.4853	166.814	3.10341	1251.86 (2.6268722061152565,)
104	100  	108.799	171.533	3.30579	1217.38 (2.6268722061152565,)
105	100  	94.6233	161.209	3.52923	1143.61 (2.6268722061152565,)
106	100  	125.33 	166.204	5.97248	1099.32 (2.6268722061152565,)
107	100  	109.199	172.335	3.2527 	1054.15 (2.6268722061152565,)
108	100  	106.669	174.532	2.96222	989.467 (2.6268722061152565,)
109	100  	100.995	156.881	2.76901	1037.3  (2.6268722061152565,)
110	100  	108.489	176.098	2.76068	1182.42 (2.6268722061152565,)
111	100  	105.706	167.17 	3.1698 	944.814 (2.6268722061152565,)
112	100  	99.0329	158.642	2.66854	1108.86 (2.6268722061152565,)
113	100  	99.6392	160.64 	3.55801	1011.84 (2.6268722061152565,)
114	100  	119.61 	173.656	2.93456	1080.68 (2.6268722061152565,)
115	100  	118.247	175.26 	3.32169	1090.03 (2.6268722061152565,)
116	100  	132.37 	194.555	3.3886 	1188.64 (2.6268722061152565,)
117	100  	122.473	180.953	3.71519	1213.94 (2.6268722061152565,)
118	100  	112.754	178.825	3.55942	1206.79 (2.6268722061152565,)
119	100  	90.7598	150.711	2.78615	1131.7  (2.6268722061152565,)
120	100  	97.802 	156.501	3.12914	1084.03 (2.6268722061152565,)
121	100  	94.0181	147.138	3.22597	1174.55 (2.6268722061152565,)
122	100  	95.5157	148.658	3.15825	1082.78 (2.6268722061152565,)
123	100  	100.886	129    	2.90989	827.171 (2.6268722061152565,)
124	100  	107.441	160.083	3.00017	1038.15 (2.6268722061152565,)
125	100  	100.937	154.042	3.3149 	1002.13 (2.6268722061152565,)
126	100  	103.121	146.496	2.34958	1038.51 (2.3495765718865891,)
127	100  	94.3031	166.505	3.52923	1144.52 (2.3495765718865891,)
128	100  	99.2181	139.809	3.15669	1040.38 (2.3495765718865891,)
129	100  	111.158	164.422	2.82736	971.248 (2.3495765718865891,)
130	100  	101.984	145.959	2.60944	926.014 (2.3495765718865891,)
131	100  	86.104 	135.389	3.23915	808.521 (2.3495765718865891,)
132	100  	104.378	126.883	2.89259	801.784 (2.3495765718865891,)
133	100  	98.2196	138.782	2.98351	1070.49 (2.3495765718865891,)
134	100  	101.716	138.983	3.28809	883.471 (2.3495765718865891,)
135	100  	99.5957	136.532	3.38023	938.724 (2.3495765718865891,)
136	100  	92.7984	126.716	3.77192	857.384 (2.3495765718865891,)
137	100  	101.298	143.77 	3.40233	1087.42 (2.3495765718865891,)
138	100  	95.4511	134.486	3.57121	896.497 (2.3495765718865891,)
139	100  	92.1974	159.638	3.40948	1061.79 (2.3495765718865891,)
140	100  	107.998	166.374	3.77494	1083.8  (2.3495765718865891,)
141	100  	107.47 	155.546	2.43493	996.203 (2.3495765718865891,)
142	100  	99.1414	148.266	3.0395 	891.623 (2.3495765718865891,)
143	100  	101.359	157.96 	2.68263	994.081 (2.3495765718865891,)
144	100  	102.693	145.062	3.07891	1138.75 (2.3495765718865891,)
145	100  	103.585	137.57 	2.5251 	1074.33 (2.3495765718865891,)
146	100  	98.1521	138.661	2.64476	999.616 (2.3495765718865891,)
147	100  	102.871	156.028	2.94698	1097.56 (2.3495765718865891,)
148	100  	111.367	182.494	3.26389	1127.88 (2.3495765718865891,)
149	100  	109.23 	175.641	2.49023	1017.55 (2.3495765718865891,)
150	100  	101.456	166.764	3.26306	1148    (2.3495765718865891,)
151	100  	101.395	181.159	2.63415	1210.32 (2.3495765718865891,)
152	100  	93.9877	159.284	2.91305	1130.47 (2.3495765718865891,)
153	100  	99.0999	162.746	2.41276	1110.4  (2.3495765718865891,)
154	100  	104.635	161.505	2.91953	1172.36 (2.3495765718865891,)
155	100  	99.5661	154.822	2.98936	1086.72 (2.3495765718865891,)
156	100  	100.237	164.471	2.50609	1236.08 (2.3495765718865891,)
157	100  	100.892	172.11 	2.6953 	1099.91 (2.3495765718865891,)
158	100  	96.4188	166.806	2.84722	1080.65 (2.3495765718865891,)
159	100  	95.2472	176.722	3.5445 	1217.11 (2.3495765718865891,)
160	100  	85.179 	144.658	2.71826	1045.65 (2.3495765718865891,)
161	100  	85.5054	154.527	3.10498	1060.06 (2.3495765718865891,)
162	100  	107.445	167.589	2.51562	1068.39 (2.3495765718865891,)
163	100  	108.2  	158.993	3.79068	1063.81 (2.3495765718865891,)
164	100  	106.916	160.674	2.89886	974.809 (2.3495765718865891,)
165	100  	107.454	153.809	3.21032	1114.5  (2.3495765718865891,)
166	100  	85.5608	137.415	3.64807	922.346 (2.3495765718865891,)
167	100  	84.8253	116.21 	3.31297	857.424 (2.3495765718865891,)
168	100  	85.1507	134.408	2.56458	961.492 (2.3495765718865891,)
169	100  	97.5726	137.726	3.01123	965.32  (2.3495765718865891,)
170	100  	100.549	148.313	2.90708	1005.54 (2.3495765718865891,)
171	100  	84.4914	151.362	2.62821	996.477 (2.3495765718865891,)
172	100  	84.958 	169.682	2.1508 	1120    (2.1508045172589694,)
173	100  	99.3802	176.654	2.70048	1194.93 (2.1508045172589694,)
174	100  	95.7688	164.129	2.25908	1095.72 (2.1508045172589694,)
175	100  	102.303	158.23 	3.3723 	1212.59 (2.1508045172589694,)
176	100  	106.343	154.644	3.17714	1068.41 (2.1508045172589694,)
177	100  	98.8102	150.506	2.3237 	1003.17 (2.1508045172589694,)
178	100  	97.0974	159.198	2.49396	986.977 (2.1508045172589694,)
179	100  	80.6375	135.771	2.76143	922.899 (2.1508045172589694,)
180	100  	97.8871	155.338	1.85536	1115.95 (1.8553552066934083,)
181	100  	100.158	161.151	2.56383	973.51  (1.8553552066934083,)
182	100  	100.488	146.937	3.18049	920.541 (1.8553552066934083,)
183	100  	94.83  	135.214	3.33705	812.553 (1.8553552066934083,)
184	100  	102.318	156.795	2.15305	927.528 (1.8553552066934083,)
185	100  	111.582	164.536	2.31885	1129.22 (1.8553552066934083,)
186	100  	104.219	138.746	3.07106	1094.32 (1.8553552066934083,)
187	100  	106.667	149.857	2.3314 	1052.83 (1.8553552066934083,)
188	100  	95.2741	146.715	2.18689	1018.5  (1.8553552066934083,)
189	100  	102.24 	164.768	2.03448	1105.39 (1.8553552066934083,)
190	100  	108.537	171.548	2.09691	1100.2  (1.8553552066934083,)
191	100  	112.488	153.451	2.42463	1093.48 (1.8553552066934083,)
192	100  	103.715	150.861	2.72076	1029.23 (1.8553552066934083,)
193	100  	110.767	156.315	1.92748	1061.41 (1.8553552066934083,)
194	100  	97.1549	151.75 	3.10993	1229.21 (1.8553552066934083,)
195	100  	90.2381	160.656	2.02454	1323.52 (1.8553552066934083,)
196	100  	95.9221	166.917	1.96919	1313.23 (1.8553552066934083,)
197	100  	97.2696	160.646	2.58475	1272.27 (1.8553552066934083,)
198	100  	102.794	166.123	2.34455	1305.52 (1.8553552066934083,)
199	100  	88.3706	138.864	2.17248	1132.74 (1.8553552066934083,)
200	100  	94.704 	145.215	2.11662	1295.1  (1.8553552066934083,)
201	100  	92.102 	142.242	2.23574	1165.88 (1.8553552066934083,)
202	100  	92.3381	143.686	2.05206	1172.21 (1.8553552066934083,)
203	100  	101.69 	159.12 	2.36287	1187.41 (1.8553552066934083,)
204	100  	85.1672	141.416	2.07697	1046.35 (1.8553552066934083,)
205	100  	92.7345	140.135	2.10348	1011.15 (1.8553552066934083,)
206	100  	94.8925	129.833	1.8995 	774.817 (1.8553552066934083,)
207	100  	94.5701	146.287	2.68627	1015.18 (1.8553552066934083,)
208	100  	93.4037	145.075	2.37142	974.865 (1.8553552066934083,)
209	100  	100.871	153.509	2.47914	1014.56 (1.8553552066934083,)
210	100  	106.335	150.591	2.00409	978.784 (1.8553552066934083,)
211	100  	104.367	153.723	2.74571	933.801 (1.8553552066934083,)
212	100  	97.1077	158.723	1.92437	1003.26 (1.8553552066934083,)
213	100  	98.9047	177.625	2.13906	1177.9  (1.8553552066934083,)
214	100  	97.8089	182.454	2.03934	1250.78 (1.8553552066934083,)
215	100  	99.9108	169.842	1.91388	1253.41 (1.8553552066934083,)
216	100  	101.672	165.634	2.59441	1316.56 (1.8553552066934083,)
217	100  	97.048 	134.928	2.26347	1131.5  (1.8553552066934083,)
218	100  	95.4162	144.435	2.81087	1067.69 (1.8553552066934083,)
219	100  	101.423	149.996	1.98165	1120.12 (1.8553552066934083,)
220	100  	97.1743	163.163	2.68586	1019.86 (1.8553552066934083,)
221	100  	98.3846	168.263	2.54281	1264.11 (1.8553552066934083,)
222	100  	94.731 	151.621	2.33062	1124.13 (1.8553552066934083,)
223	100  	96.5975	158.678	1.84427	1160.48 (1.8442696401941518,)
224	100  	103.43 	161.599	1.81792	1202.03 (1.8179238376748312,)
225	100  	118.804	183.426	2.07997	1369.57 (1.8179238376748312,)
226	100  	109.103	178.819	2.56483	1244.86 (1.8179238376748312,)
227	100  	98.4146	165.942	2.07935	1297.1  (1.8179238376748312,)
228	100  	109.902	179.814	2.09844	1352.63 (1.8179238376748312,)
229	100  	108.366	180.633	1.82302	1169.68 (1.8179238376748312,)
230	100  	97.8096	169.904	1.72624	1134.91 (1.726241106717977,)
231	100  	107.674	147.969	2.16047	1007.65 (1.726241106717977,)
232	100  	111.604	156.73 	2.94676	967.193 (1.726241106717977,)
233	100  	92.6061	155.113	2.03036	1055.87 (1.726241106717977,)
234	100  	99.9576	148.296	2.08634	920.873 (1.726241106717977,)
235	100  	102.448	163.351	2.15762	954.283 (1.726241106717977,)
236	100  	114.391	152.718	2.4124 	861.959 (1.726241106717977,)
237	100  	83.3444	149.843	1.85842	992.024 (1.726241106717977,)
238	100  	107.524	162.064	2.00541	1102.95 (1.726241106717977,)
239	100  	108.913	153.771	1.98875	989.244 (1.726241106717977,)
240	100  	114.167	184.436	2.52156	1170.96 (1.726241106717977,)
241	100  	99.0668	154.566	2.03984	1099.25 (1.726241106717977,)
242	100  	106.992	181.663	2.06195	1239.98 (1.726241106717977,)
243	100  	86.7784	133.256	2.22567	912.567 (1.726241106717977,)
244	100  	94.4471	166.269	1.94465	1179.17 (1.726241106717977,)
245	100  	100.613	154.141	2.52367	1018.02 (1.726241106717977,)
246	100  	86.6255	157.803	2.34143	1129.91 (1.726241106717977,)
247	100  	101.289	137.808	2.00039	948.757 (1.726241106717977,)
248	100  	93.9673	139.513	2.0419 	994.97  (1.726241106717977,)
249	100  	98.4428	141.455	1.9722 	1056.71 (1.726241106717977,)
250	100  	102.377	149.181	2.26854	1010.4  (1.726241106717977,)
251	100  	99.9505	152.944	2.03813	979.006 (1.726241106717977,)
252	100  	100.542	163.022	1.99994	1113.19 (1.726241106717977,)
253	100  	99.0303	164.784	2.03109	1002.98 (1.726241106717977,)
254	100  	110.026	156.923	2.07867	1149.6  (1.726241106717977,)
255	100  	106.22 	164.006	2.03353	1187.39 (1.726241106717977,)
256	100  	111.224	143.605	1.90943	1123.31 (1.726241106717977,)
257	100  	108.514	159.154	1.9724 	1182.58 (1.726241106717977,)
258	100  	99.6806	143.419	1.8006 	1159.88 (1.726241106717977,)
259	100  	87.307 	152.728	2.4346 	1152.76 (1.726241106717977,)
260	100  	87.2933	152.012	1.68835	1165.34 (1.6883538234384969,)
261	100  	97.3028	166.117	2.18072	1207.45 (1.6883538234384969,)
262	100  	107.663	163.053	1.78516	1140.92 (1.6883538234384969,)
263	100  	100.11 	150.291	2.30626	1245.16 (1.6883538234384969,)
264	100  	98.1233	149.162	1.82383	1022.23 (1.6883538234384969,)
265	100  	101.764	151.835	2.14428	1045.79 (1.6883538234384969,)
266	100  	96.6417	150.174	2.03156	1044.77 (1.6883538234384969,)
267	100  	100.891	159.422	1.9084 	1028.23 (1.6883538234384969,)
268	100  	110.681	163.704	1.74615	1211.77 (1.6883538234384969,)
269	100  	107.838	142.372	1.70982	984.772 (1.6883538234384969,)
270	100  	103.879	150.838	2.21107	1088.2  (1.6883538234384969,)
271	100  	103.356	156.785	2.01852	987.691 (1.6883538234384969,)
272	100  	99.2063	160.557	1.76219	937.181 (1.6883538234384969,)
273	100  	95.691 	149.428	2.20566	963.042 (1.6883538234384969,)
274	100  	107.212	153.43 	2.12782	986.827 (1.6883538234384969,)
275	100  	110.133	151.755	1.98412	999.082 (1.6883538234384969,)
276	100  	118.339	172.049	2.59471	1071.14 (1.6883538234384969,)
277	100  	117.637	165.088	1.62166	1059.99 (1.6216608387155109,)
278	100  	99.9387	162.068	1.79806	1018.3  (1.6216608387155109,)
279	100  	94.3212	148.559	2.42677	968.144 (1.6216608387155109,)
280	100  	89.3518	137.323	2.08811	982.208 (1.6216608387155109,)
281	100  	100.378	137.818	1.99635	989.851 (1.6216608387155109,)
282	100  	105.937	164.136	1.84787	1175.7  (1.6216608387155109,)
283	100  	98.0615	146.958	2.11669	1124.69 (1.6216608387155109,)
284	100  	103.43 	157.338	2.18848	1134.58 (1.6216608387155109,)
285	100  	99.8199	156.192	1.98651	1085.08 (1.6216608387155109,)
286	100  	100.15 	142.449	2.09974	1011.85 (1.6216608387155109,)
287	100  	104.41 	151.483	3.53939	980.785 (1.6216608387155109,)
288	100  	99.6353	160.706	2.14645	1160.05 (1.6216608387155109,)
289	100  	109.05 	177.666	2.12078	1233.41 (1.6216608387155109,)
290	100  	97.9872	176.487	1.88212	1237.93 (1.6216608387155109,)
291	100  	103.8  	170.322	2.15276	1160.5  (1.6216608387155109,)
292	100  	98.697 	171.696	1.93685	1194.4  (1.6216608387155109,)
293	100  	108.784	169.296	2.04269	1106.92 (1.6216608387155109,)
294	100  	109.905	169.16 	2.03107	1089.22 (1.6216608387155109,)
295	100  	101.976	149.583	2.05656	1112.89 (1.6216608387155109,)
296	100  	99.1642	151.298	2.09492	993.652 (1.6216608387155109,)
297	100  	97.4924	140.825	2.82254	1029.59 (1.6216608387155109,)
298	100  	98.6303	149.391	2.0871 	1038.36 (1.6216608387155109,)
299	100  	103.228	151.146	1.84856	1029.53 (1.6216608387155109,)
300	100  	105.425	159.044	1.7816 	985.163 (1.6216608387155109,)
301	100  	114.769	177.514	2.07981	1234.09 (1.6216608387155109,)
302	100  	111.918	152.506	2.19919	1023.47 (1.6216608387155109,)
303	100  	103.697	159.877	1.76179	1118.32 (1.6216608387155109,)
304	100  	109.538	160.519	1.78507	941.42  (1.6216608387155109,)
305	100  	105.716	137.302	1.61012	930.117 (1.6101181117829304,)
306	100  	103.524	154.539	2.15701	1108    (1.6101181117829304,)
307	100  	100.385	184.698	1.66256	1104.16 (1.6101181117829304,)
308	100  	109.024	175.358	1.75316	1064.52 (1.6101181117829304,)
309	100  	104.491	175.192	1.91406	1100.01 (1.6101181117829304,)
310	100  	121.645	169.938	1.85313	1025.21 (1.6101181117829304,)
311	100  	120.696	171.282	2.16439	1180.98 (1.6101181117829304,)
312	100  	112.272	181.787	2.03844	1242.56 (1.6101181117829304,)
313	100  	106.471	167.389	2.11585	1073.59 (1.6101181117829304,)
314	100  	110.154	175.894	1.76766	1147.07 (1.6101181117829304,)
315	100  	97.3788	169.249	1.65669	1223.27 (1.6101181117829304,)
316	100  	102.944	160.516	1.70244	1250.87 (1.6101181117829304,)
317	100  	94.9889	156.558	1.80976	1163.2  (1.6101181117829304,)
318	100  	96.9327	166.161	1.85403	1307.03 (1.6101181117829304,)
319	100  	104.823	163.254	1.54145	1295.03 (1.5414453708932891,)
320	100  	108.648	164.833	2.12455	1227.79 (1.5414453708932891,)
321	100  	103.748	160.175	1.87986	1151.11 (1.5414453708932891,)
322	100  	97.3004	147.304	1.82257	953.848 (1.5414453708932891,)
323	100  	107.727	159.412	2.10492	966.855 (1.5414453708932891,)
324	100  	103.638	167.436	2.8201 	1184.91 (1.5414453708932891,)
325	100  	99.7535	156.721	2.26438	1159    (1.5414453708932891,)
326	100  	106.324	169.936	2.45578	1155.31 (1.5414453708932891,)
327	100  	102.345	147.641	1.5982 	996.111 (1.5414453708932891,)
328	100  	94.1722	142.327	1.63291	1027.7  (1.5414453708932891,)
329	100  	96.6567	152.418	1.96536	854.933 (1.5414453708932891,)
330	100  	98.1356	144.627	4.16447	952.356 (1.5414453708932891,)
331	100  	100.704	148.264	1.96457	999.327 (1.5414453708932891,)
332	100  	95.4819	154.554	1.85814	977.479 (1.5414453708932891,)
333	100  	105.428	165.123	1.88958	1031.37 (1.5414453708932891,)
334	100  	100.645	158.858	2.36437	1043.85 (1.5414453708932891,)
335	100  	97.3815	161.168	2.09425	1151.13 (1.5414453708932891,)
336	100  	110.723	168.084	2.54504	1116.25 (1.5414453708932891,)
337	100  	111.647	174.292	1.92037	1094.25 (1.5414453708932891,)
338	100  	103.051	159.939	1.84791	1022.55 (1.5414453708932891,)
339	100  	107.678	164.959	1.61798	1095.37 (1.5414453708932891,)
340	100  	100.335	173.203	2.05264	1108.51 (1.5414453708932891,)
341	100  	97.2582	155.057	1.67501	1032.02 (1.5414453708932891,)
342	100  	90.3992	154.532	2.62261	1206.09 (1.5414453708932891,)
343	100  	102.545	149.217	1.33335	955.461 (1.3333525436528444,)
344	100  	117.292	164.833	2.4166 	1134.43 (1.3333525436528444,)
345	100  	101.871	151.697	1.5682 	1030.84 (1.3333525436528444,)
346	100  	114.722	157.014	2.81402	987.768 (1.3333525436528444,)
347	100  	108.971	158.975	1.67227	1003.97 (1.3333525436528444,)
348	100  	96.6058	172.34 	1.58276	1168.2  (1.3333525436528444,)
349	100  	94.1544	149.58 	2.35234	1095.84 (1.3333525436528444,)
350	100  	100.749	171.036	2.09759	1169.66 (1.3333525436528444,)
351	100  	97.5419	161.619	1.71868	1184.75 (1.3333525436528444,)
352	100  	100.802	160.999	1.67207	1197.31 (1.3333525436528444,)
353	100  	88.7627	155.276	2.05679	1057.07 (1.3333525436528444,)
354	100  	100.845	176.544	1.62967	1082.84 (1.3333525436528444,)
355	100  	112.924	174.403	1.53014	1166.38 (1.3333525436528444,)
356	100  	114.234	160.128	1.69361	1016.95 (1.3333525436528444,)
357	100  	96.1165	160.421	2.06574	1095.59 (1.3333525436528444,)
358	100  	97.5401	150.114	1.49884	1003.51 (1.3333525436528444,)
359	100  	103.285	149.151	2.33368	1004.51 (1.3333525436528444,)
360	100  	104.786	148.983	1.80585	933.803 (1.3333525436528444,)
361	100  	86.9803	131.972	1.50919	841.769 (1.3333525436528444,)
362	100  	91.1736	134.887	1.79983	963.196 (1.3333525436528444,)
363	100  	94.3704	160.476	2.03305	1022.03 (1.3333525436528444,)
364	100  	100.653	156.895	1.70513	1022.47 (1.3333525436528444,)
365	100  	92.8258	153.334	1.75525	1028.49 (1.3333525436528444,)
366	100  	103.587	131.828	2.28766	863.799 (1.3333525436528444,)
367	100  	97.5153	130.096	1.60905	829.008 (1.3333525436528444,)
368	100  	102.709	127.674	3.26   	831.094 (1.3333525436528444,)
369	100  	107.238	165.093	1.51639	1064.97 (1.3333525436528444,)
370	100  	98.1429	161.32 	1.54506	1086.37 (1.3333525436528444,)
371	100  	105.026	161.48 	1.62404	1077.24 (1.3333525436528444,)
372	100  	105.563	171.194	1.38754	1180.55 (1.3333525436528444,)
373	100  	101.784	149.631	2.36433	1051.43 (1.3333525436528444,)
374	100  	113.219	155.283	1.50326	978.502 (1.3333525436528444,)
375	100  	109.082	154.954	1.54737	1044.26 (1.3333525436528444,)
376	100  	104.082	158.762	2.4086 	1128.59 (1.3333525436528444,)
377	100  	108.659	171.592	1.49756	1096.7  (1.3333525436528444,)
378	100  	105.544	175.464	1.60277	1201.14 (1.3333525436528444,)
379	100  	104.945	164.847	1.51483	1086.69 (1.3333525436528444,)
380	100  	116.336	168.72 	2.59562	1077.66 (1.3333525436528444,)
381	100  	113.46 	185.511	1.53286	1233.7  (1.3333525436528444,)
382	100  	99.8159	177.989	1.74009	1207.59 (1.3333525436528444,)
383	100  	98.6227	173.849	1.70097	1092.06 (1.3333525436528444,)
384	100  	102.81 	152.437	2.04193	1073.69 (1.3333525436528444,)
385	100  	110.302	169.037	1.54077	1162.68 (1.3333525436528444,)
386	100  	112.122	163.273	2.02663	1263.83 (1.3333525436528444,)
387	100  	100.95 	182.504	2.97921	1323.91 (1.3333525436528444,)
388	100  	96.9209	176.602	1.62986	1302.48 (1.3333525436528444,)
389	100  	106.337	171.647	2.0447 	1199.07 (1.3333525436528444,)
390	100  	99.7403	179.014	1.7045 	1225.16 (1.3333525436528444,)
391	100  	105.788	166.108	2.75584	1223.74 (1.3333525436528444,)
392	100  	114.61 	189.535	1.44763	1297.81 (1.3333525436528444,)
393	100  	108.474	172.451	1.54767	1206.51 (1.3333525436528444,)
394	100  	103.548	161.503	1.88083	1079.53 (1.3333525436528444,)
395	100  	107.705	167.092	1.5713 	1143.13 (1.3333525436528444,)
396	100  	99.3376	136.14 	2.01432	1054.24 (1.3333525436528444,)
397	100  	110.488	155.617	2.29363	1037.15 (1.3333525436528444,)
398	100  	115.94 	162.179	1.59156	1011.45 (1.3333525436528444,)
399	100  	99.5494	164.902	1.54818	1110.94 (1.3333525436528444,)
400	100  	107.069	182.769	1.22368	1228.78 (1.2236788924410991,)
401	100  	111.259	183.56 	1.36583	1255.82 (1.2236788924410991,)
402	100  	111.099	174.123	1.95784	1239.34 (1.2236788924410991,)
403	100  	106.305	158.109	2.23762	1128.78 (1.2236788924410991,)
404	100  	105.94 	160.752	2.16939	1165.08 (1.2236788924410991,)
405	100  	113.845	171.834	1.57327	1074.42 (1.2236788924410991,)
406	100  	110.863	157.312	1.4453 	1037.31 (1.2236788924410991,)
407	100  	108.229	137.854	1.58182	927.616 (1.2236788924410991,)
408	100  	106.656	157.527	1.90531	1017.89 (1.2236788924410991,)
409	100  	90.0493	145.774	1.98957	984.446 (1.2236788924410991,)
410	100  	92.2087	157.47 	1.78455	1103.44 (1.2236788924410991,)
411	100  	109.313	187.661	1.56535	1246.47 (1.2236788924410991,)
412	100  	95.2029	160.442	1.63818	1058.76 (1.2236788924410991,)
413	100  	98.6974	169.877	1.59838	1161.56 (1.2236788924410991,)
414	100  	91.5828	160.736	2.30475	1083.63 (1.2236788924410991,)
415	100  	99.1136	166.804	1.54529	1057.88 (1.2236788924410991,)
416	100  	108.001	154.107	1.51342	1119.84 (1.2236788924410991,)
417	100  	100.587	172.858	1.36996	1213.68 (1.2236788924410991,)
418	100  	102.299	179.293	1.7665 	1281.47 (1.2236788924410991,)
419	100  	96.9527	181.141	1.47489	1249.88 (1.2236788924410991,)
420	100  	103.979	180.041	1.35962	1202.16 (1.2236788924410991,)
421	100  	112.961	211.321	1.48717	1442.1  (1.2236788924410991,)
422	100  	100.936	199.514	1.6897 	1326.93 (1.2236788924410991,)
423	100  	108.275	187.963	2.10282	1234.28 (1.2236788924410991,)
424	100  	100.724	182.662	1.66332	1151.21 (1.2236788924410991,)
425	100  	93.4802	174.439	2.09188	1196.31 (1.2236788924410991,)
426	100  	100.167	170.76 	1.47677	1124.43 (1.2236788924410991,)
427	100  	95.3519	164.115	1.88663	1095.34 (1.2236788924410991,)
428	100  	93.7366	155.574	1.54064	1009.45 (1.2236788924410991,)
429	100  	96.9138	151.521	1.97669	1083.31 (1.2236788924410991,)
430	100  	104.816	181.497	1.75552	1201.62 (1.2236788924410991,)
431	100  	117.363	183.147	2.00991	1297.05 (1.2236788924410991,)
432	100  	104.967	173.019	1.65539	1224.09 (1.2236788924410991,)
433	100  	113.318	170.294	1.61196	1088.69 (1.2236788924410991,)
434	100  	107.544	179.655	1.27309	1175.4  (1.2236788924410991,)
435	100  	108.071	189.893	1.40621	1176.87 (1.2236788924410991,)
436	100  	111.551	189.664	1.88657	1256.22 (1.2236788924410991,)
437	100  	105.106	165.472	1.45672	1171.36 (1.2236788924410991,)
438	100  	111.995	178.659	1.79227	1243.9  (1.2236788924410991,)
439	100  	100.54 	180.27 	1.77521	1182.09 (1.2236788924410991,)
440	100  	112.06 	186.136	2.00598	1375.34 (1.2236788924410991,)
441	100  	116.008	179.909	1.56769	1239.81 (1.2236788924410991,)
442	100  	115.833	169.145	1.5609 	1188.17 (1.2236788924410991,)
443	100  	107.102	156.357	1.56185	1197.19 (1.2236788924410991,)
444	100  	106.974	161.574	1.77622	1117.43 (1.2236788924410991,)
445	100  	98.9209	145.483	1.67111	1060.2  (1.2236788924410991,)
446	100  	93.6872	194.514	1.35868	1237.4  (1.2236788924410991,)
447	100  	108.036	171.407	1.62005	1136.05 (1.2236788924410991,)
448	100  	100.983	160.757	1.42917	1171.56 (1.2236788924410991,)
449	100  	94.3934	154.674	1.81709	1079.57 (1.2236788924410991,)
450	100  	103.138	150.158	1.54832	956.051 (1.2236788924410991,)
451	100  	108.523	167.73 	2.0965 	1012.82 (1.2236788924410991,)
452	100  	108.502	154.21 	1.39394	1044.97 (1.2236788924410991,)
453	100  	92.4792	139.767	1.60565	899.866 (1.2236788924410991,)
454	100  	106.355	183.06 	1.61573	1091.44 (1.2236788924410991,)
455	100  	99.7711	169.755	1.90647	1176.69 (1.2236788924410991,)
456	100  	98.6568	158.911	2.81129	1241.66 (1.2236788924410991,)
457	100  	92.4418	156.707	1.48881	1136.42 (1.2236788924410991,)
458	100  	102.428	167.445	1.44782	1148.94 (1.2236788924410991,)
459	100  	95.7953	166.052	1.80188	1156.29 (1.2236788924410991,)
460	100  	93.9508	143.591	1.63684	984.264 (1.2236788924410991,)
461	100  	95.4855	152.005	1.60218	1048.3  (1.2236788924410991,)
462	100  	98.6466	169.064	1.55526	1313.72 (1.2236788924410991,)
463	100  	88.4152	175.561	1.46827	1261.62 (1.2236788924410991,)
464	100  	93.9377	170.337	2.16429	1181.12 (1.2236788924410991,)
465	100  	89.8108	149.119	1.8464 	1047.73 (1.2236788924410991,)
466	100  	91.7292	134.512	1.34592	947.178 (1.2236788924410991,)
467	100  	89.933 	145.626	1.87951	1057.53 (1.2236788924410991,)
468	100  	99.1688	174.137	1.90287	1146.67 (1.2236788924410991,)
469	100  	106.021	157.11 	1.38589	1066.29 (1.2236788924410991,)
470	100  	108.736	157.088	1.65405	1013.52 (1.2236788924410991,)
471	100  	105.731	173.7  	2.04524	1038.82 (1.2236788924410991,)
472	100  	114.726	169.757	2.0717 	1033.18 (1.2236788924410991,)
473	100  	111.63 	185.267	1.95568	1175.65 (1.2236788924410991,)
474	100  	115.665	184.392	1.77756	1118.23 (1.2236788924410991,)
475	100  	97.6487	183.089	1.63232	1224.7  (1.2236788924410991,)
476	100  	103.423	170.206	1.94117	1152.85 (1.2236788924410991,)
477	100  	116.933	169.263	1.71897	1158.35 (1.2236788924410991,)
478	100  	117.194	169.787	1.69437	1021.88 (1.2236788924410991,)
479	100  	105.512	179.141	1.60553	1109.77 (1.2236788924410991,)
480	100  	119.126	186.066	1.63326	1235.17 (1.2236788924410991,)
481	100  	110.758	186.121	1.72335	1201.27 (1.2236788924410991,)
482	100  	101.126	176.89 	2.03939	1137.29 (1.2236788924410991,)
483	100  	104.574	174.606	1.44566	1113.81 (1.2236788924410991,)
484	100  	108.363	178.165	1.5745 	1176.69 (1.2236788924410991,)
485	100  	98.1737	167.486	1.96493	1147.32 (1.2236788924410991,)
486	100  	97.5262	177.082	2.33837	1141.85 (1.2236788924410991,)
487	100  	107.234	159.518	1.4057 	1081.62 (1.2236788924410991,)
488	100  	103.94 	169.493	1.33191	1135.93 (1.2236788924410991,)
489	100  	98.0282	164.51 	1.86403	1263.82 (1.2236788924410991,)
490	100  	92.3582	152.433	1.59595	1087.08 (1.2236788924410991,)
491	100  	98.5898	156.946	1.32012	1128.12 (1.2236788924410991,)
492	100  	107.117	178.474	1.44676	1238.3  (1.2236788924410991,)
493	100  	107.728	179.799	1.61163	1204.79 (1.2236788924410991,)
494	100  	111.919	179.282	1.79355	1205.26 (1.2236788924410991,)
495	100  	96.9962	174.819	1.52093	1180.53 (1.2236788924410991,)
496	100  	104.447	185.306	1.57224	1198.3  (1.2236788924410991,)
497	100  	95.8373	160.428	1.64698	1156.25 (1.2236788924410991,)
498	100  	99.9598	182.915	2.55049	1208.53 (1.2236788924410991,)
499	100  	98.1327	142.857	1.3839 	991.735 (1.2236788924410991,)
