In file included from /usr/lib/python2.7/dist-packages/numpy/core/include/numpy/ndarraytypes.h:1761:0,
                 from /usr/lib/python2.7/dist-packages/numpy/core/include/numpy/ndarrayobject.h:17,
                 from /usr/lib/python2.7/dist-packages/numpy/core/include/numpy/arrayobject.h:4,
                 from /home/pinojc/.cache/scipy/python27_compiled/sc_9bade30717731f645b30a512f757f0fa1654.cpp:22:
/usr/lib/python2.7/dist-packages/numpy/core/include/numpy/npy_1_7_deprecated_api.h:15:2: warning: #warning "Using deprecated NumPy API, disable it by " "#defining NPY_NO_DEPRECATED_API NPY_1_7_API_VERSION" [-Wcpp]
 #warning "Using deprecated NumPy API, disable it by " \
  ^
gen	evals	avg   	std    	min    	max   
0  	100  	838.86	389.326	39.5715	1647.4 (39.571547182123986,)
1  	100  	823.127	383.415	81.8716	1715.38 (39.571547182123986,)
2  	100  	773.339	401.299	27.4804	1720.59 (27.480392789061554,)
3  	100  	733.285	414.132	29.8839	1672.59 (27.480392789061554,)
4  	100  	682.995	411.464	41.8029	1673.71 (27.480392789061554,)
5  	100  	612.159	418.156	37.918 	1612.4  (27.480392789061554,)
6  	100  	580.548	382.385	45.1375	1546.7  (27.480392789061554,)
7  	100  	522.162	391.346	31.3371	1521.85 (27.480392789061554,)
8  	100  	470.789	376.699	23.8788	1520.27 (23.87876201096439,)
9  	100  	392.063	354.417	21.3751	1438.23 (21.375056856452488,)
10 	100  	269.547	337.309	14.2213	1235.1  (14.221302283412314,)
11 	100  	216.325	270.874	13.3204	1226.69 (13.320371471556443,)
12 	100  	184.411	241.091	11.5928	1126.74 (11.592758244748021,)
13 	100  	161.67 	224.89 	11.5835	1035.26 (11.583506304884677,)
14 	100  	143.773	190.74 	10.4373	1007.84 (10.437271223263,)
15 	100  	130.648	205.096	11.3454	1133.64 (10.437271223263,)
16 	100  	117.582	180.968	10.9677	1115.79 (10.437271223263,)
17 	100  	122.682	183.546	10.0555	1279.79 (10.055461247385027,)
18 	100  	112.128	180.492	11.5221	1354.75 (10.055461247385027,)
19 	100  	96.3871	160.723	10.1708	1240.4  (10.055461247385027,)
20 	100  	93.6222	171.79 	10.4433	1465.08 (10.055461247385027,)
21 	100  	90.2795	151.606	9.74061	1317.26 (9.7406073439722167,)
22 	100  	96.0488	135.342	8.73655	1071.03 (8.73655317290706,)
23 	100  	99.7621	140.252	8.82418	1014.18 (8.73655317290706,)
24 	100  	97.3402	157.014	9.53193	1085.35 (8.73655317290706,)
25 	100  	83.737 	150.992	9.52971	1209.27 (8.73655317290706,)
26 	100  	70.3885	135.684	7.7667 	1080.16 (7.7666975849536639,)
27 	100  	88.6366	146.815	10.2698	1313.88 (7.7666975849536639,)
28 	100  	81.7015	150.824	8.4803 	1359.21 (7.7666975849536639,)
29 	100  	88.4199	127.682	8.78362	1109.79 (7.7666975849536639,)
30 	100  	74.4042	122.475	8.94866	1117.16 (7.7666975849536639,)
31 	100  	85.7317	141.35 	9.55228	1337.61 (7.7666975849536639,)
32 	100  	91.1043	135.243	8.64355	1244.56 (7.7666975849536639,)
33 	100  	80.9612	149.389	7.08191	1426.44 (7.0819123758836939,)
34 	100  	85.3676	123.083	7.35118	1136.99 (7.0819123758836939,)
35 	100  	76.6475	139.416	7.24375	1331.66 (7.0819123758836939,)
36 	100  	76.7613	145.463	7.70253	1421.52 (7.0819123758836939,)
37 	100  	72.6179	119.864	5.90492	1094.42 (5.9049204607238517,)
38 	100  	85.9516	122.698	6.15777	1110.6  (5.9049204607238517,)
39 	100  	82.781 	133.29 	6.81902	1239.42 (5.9049204607238517,)
40 	100  	85.9825	120.261	6.69708	1103.31 (5.9049204607238517,)
41 	100  	85.8405	119.201	5.1551 	1074.21 (5.155100169388291,)
42 	100  	76.5274	123.165	4.9582 	1147.06 (4.9582034822791323,)
43 	100  	78.9054	116.944	6.15022	1072.81 (4.9582034822791323,)
44 	100  	71.3145	145.534	5.07315	1404.81 (4.9582034822791323,)
45 	100  	97.4549	167.415	6.58272	1506.78 (4.9582034822791323,)
46 	100  	86.4038	114.389	4.66052	913.767 (4.6605232180960865,)
47 	100  	68.2672	63.1714	5.13581	320.543 (4.6605232180960865,)
48 	100  	83.9267	76.2648	5.12236	479.815 (4.6605232180960865,)
49 	100  	68.8452	68.8667	4.48288	302.651 (4.4828760929995086,)
50 	100  	87.4783	73.9352	4.14531	345.384 (4.1453088317003726,)
51 	100  	79.5744	76.9875	5.03461	382.125 (4.1453088317003726,)
52 	100  	68.1394	64.6221	5.07314	303.744 (4.1453088317003726,)
53 	100  	76.5208	76.1187	5.18833	433.969 (4.1453088317003726,)
54 	100  	68.5247	58.6983	3.53914	348.909 (3.5391407196065678,)
55 	100  	79.1225	77.6897	6.10747	392.126 (3.5391407196065678,)
56 	100  	74.0022	79.1356	4.76481	407.331 (3.5391407196065678,)
57 	100  	83.1561	82.0244	4.01594	561.145 (3.5391407196065678,)
58 	100  	85.1305	83.0447	6.08324	429.55  (3.5391407196065678,)
59 	100  	71.311 	80.511 	3.37548	577.081 (3.375477079714674,)
60 	100  	64.7853	62.1413	3.76374	367.635 (3.375477079714674,)
61 	100  	70.7756	76.6803	3.41597	527.376 (3.375477079714674,)
62 	100  	58.2822	55.8287	5.26801	312.455 (3.375477079714674,)
63 	100  	68.8626	57.2537	3.48046	224.688 (3.375477079714674,)
64 	100  	73.3218	61.7165	3.84534	238.552 (3.375477079714674,)
65 	100  	70.5396	68.4444	4.53526	408.678 (3.375477079714674,)
66 	100  	82.304 	80.3626	4.36054	329.249 (3.375477079714674,)
67 	100  	82.9106	76.5712	4.1903 	312.808 (3.375477079714674,)
68 	100  	76.4366	69.2012	3.96464	320.911 (3.375477079714674,)
69 	100  	83.3278	69.6579	4.009  	292.203 (3.375477079714674,)
70 	100  	83.5239	71.9239	3.61738	321.978 (3.375477079714674,)
71 	100  	73.7815	72.0471	3.1398 	339.323 (3.1398011598359101,)
72 	100  	75.3053	73.4179	4.54595	409.605 (3.1398011598359101,)
73 	100  	68.1451	59.1906	3.66248	280.018 (3.1398011598359101,)
74 	100  	73.1027	74.7085	3.47327	347.006 (3.1398011598359101,)
75 	100  	83.2179	81.029 	4.55318	467.176 (3.1398011598359101,)
76 	100  	71.0226	70.1357	4.8476 	503.847 (3.1398011598359101,)
77 	100  	77.5867	71.1556	3.84425	358.391 (3.1398011598359101,)
78 	100  	72.7425	71.1786	4.15242	382.468 (3.1398011598359101,)
79 	100  	72.1987	84.9092	4.10474	524.861 (3.1398011598359101,)
80 	100  	65.0493	65.0532	3.46707	305.678 (3.1398011598359101,)
81 	100  	83.3368	90.0509	3.77874	458.012 (3.1398011598359101,)
82 	100  	75.5427	66.1164	3.4185 	272.26  (3.1398011598359101,)
83 	100  	68.1513	65.0269	3.80424	316.999 (3.1398011598359101,)
84 	100  	66.8302	63.3461	3.60383	347.887 (3.1398011598359101,)
85 	100  	69.7695	66.392 	3.43447	267.873 (3.1398011598359101,)
86 	100  	79.4675	69.6154	3.69489	291.024 (3.1398011598359101,)
87 	100  	73.7498	73.3266	3.97254	381.821 (3.1398011598359101,)
88 	100  	78.8682	75.5663	7.01371	452.929 (3.1398011598359101,)
89 	100  	72.5429	72.1672	3.06373	334.574 (3.0637260777880053,)
90 	100  	93.9436	89.2247	3.20229	420.164 (3.0637260777880053,)
91 	100  	82.6888	66.4565	3.40421	315.413 (3.0637260777880053,)
92 	100  	85.2009	79.1159	5.19736	431.47  (3.0637260777880053,)
93 	100  	73.9962	65.1444	3.73532	248.982 (3.0637260777880053,)
94 	100  	78.6492	75.3827	4.29567	300.412 (3.0637260777880053,)
95 	100  	78.961 	67.6062	6.20172	328     (3.0637260777880053,)
96 	100  	83.2189	69.4348	5.16617	392.562 (3.0637260777880053,)
97 	100  	85.0607	85.0984	3.75213	521.224 (3.0637260777880053,)
98 	100  	75.3464	93.9728	3.73189	498.764 (3.0637260777880053,)
99 	100  	70.5591	68.5661	4.80142	327.213 (3.0637260777880053,)
100	100  	75.7952	75.1347	3.72589	315.133 (3.0637260777880053,)
101	100  	69.5675	59.1522	3.38495	253.777 (3.0637260777880053,)
102	100  	54.5705	53.5723	3.88341	286.231 (3.0637260777880053,)
103	100  	68.8339	79.682 	3.54069	390.709 (3.0637260777880053,)
104	100  	77.0489	84.794 	4.75554	484.71  (3.0637260777880053,)
105	100  	69.7344	66.6044	3.30254	333.829 (3.0637260777880053,)
106	100  	70.0966	59.9337	4.49618	299.182 (3.0637260777880053,)
107	100  	71.596 	66.0877	2.63994	284.177 (2.6399430131708792,)
108	100  	78.4124	79.7444	3.36858	407.125 (2.6399430131708792,)
109	100  	80.5793	78.2896	2.81907	402.08  (2.6399430131708792,)
110	100  	86.2944	70.0489	2.6716 	292.759 (2.6399430131708792,)
111	100  	87.841 	81.004 	3.47952	449.969 (2.6399430131708792,)
112	100  	89.1614	80.2918	4.78462	394.876 (2.6399430131708792,)
113	100  	84.1807	90.6717	3.16554	503.875 (2.6399430131708792,)
114	100  	86.7294	79.9605	3.37596	410.951 (2.6399430131708792,)
115	100  	88.9494	81.2702	3.44774	389.789 (2.6399430131708792,)
116	100  	89.9086	76.7187	4.30202	360.432 (2.6399430131708792,)
117	100  	72.6339	73.1937	3.39775	425.194 (2.6399430131708792,)
118	100  	91.1019	77.7393	3.12388	339.855 (2.6399430131708792,)
119	100  	78.9764	76.8231	3.21692	434.404 (2.6399430131708792,)
120	100  	83.3396	87.2287	3.38212	613.22  (2.6399430131708792,)
121	100  	88.0529	73.9271	5.16996	360.283 (2.6399430131708792,)
122	100  	77.5779	81.9541	3.07153	561.137 (2.6399430131708792,)
123	100  	72.7014	77.0045	3.13895	370.81  (2.6399430131708792,)
124	100  	67.3648	61.2053	4.18788	254.859 (2.6399430131708792,)
125	100  	83.1609	74.4224	2.89436	291.024 (2.6399430131708792,)
126	100  	85.4897	80.8539	3.29642	434.279 (2.6399430131708792,)
127	100  	67.9934	64.2084	3.13213	260.022 (2.6399430131708792,)
128	100  	76.5527	70.9692	3.32422	379.08  (2.6399430131708792,)
129	100  	74.6341	65.6172	2.99559	310.993 (2.6399430131708792,)
130	100  	77.3074	69.2493	4.16297	311.04  (2.6399430131708792,)
131	100  	94.89  	104.377	3.87919	575.554 (2.6399430131708792,)
132	100  	82.9208	70.6031	3.25065	337.401 (2.6399430131708792,)
133	100  	79.148 	79.8523	3.07681	416.478 (2.6399430131708792,)
134	100  	68.2343	71.0305	3.11318	419.989 (2.6399430131708792,)
135	100  	81.9724	77.4792	2.23719	423.653 (2.2371870152306776,)
136	100  	71.9996	65.8793	2.43356	348.067 (2.2371870152306776,)
137	100  	78.6212	74.1025	2.60678	337.402 (2.2371870152306776,)
138	100  	77.4194	73.7789	3.18664	292.357 (2.2371870152306776,)
139	100  	76.1556	61.5971	2.75553	228.122 (2.2371870152306776,)
140	100  	90.1009	74.8733	3.37346	374.017 (2.2371870152306776,)
141	100  	85.1699	77.6204	3.63386	496.33  (2.2371870152306776,)
142	100  	78.087 	74.0597	3.47171	333.586 (2.2371870152306776,)
143	100  	87.3105	86.4547	2.72826	540.916 (2.2371870152306776,)
144	100  	75.7654	72.2313	3.08797	343.718 (2.2371870152306776,)
145	100  	63.878 	62.4203	2.11651	300.738 (2.1165141901814213,)
146	100  	77.6098	74.5372	2.93293	393.908 (2.1165141901814213,)
147	100  	84.9099	80.4918	3.11425	391.252 (2.1165141901814213,)
148	100  	90.8946	80.748 	2.08074	395.917 (2.0807353104110042,)
149	100  	91.4227	83.8124	2.69753	364.349 (2.0807353104110042,)
150	100  	82.3869	70.091 	2.24461	329.36  (2.0807353104110042,)
151	100  	58.8842	55.267 	2.70222	266.774 (2.0807353104110042,)
152	100  	67.1128	65.9466	2.61243	235.558 (2.0807353104110042,)
153	100  	65.3657	63.9258	2.57727	283.84  (2.0807353104110042,)
154	100  	92.3301	79.4381	3.37938	361.191 (2.0807353104110042,)
155	100  	82.7214	69.917 	3.59079	265.914 (2.0807353104110042,)
156	100  	70.8113	68.2557	2.58059	339.871 (2.0807353104110042,)
157	100  	69.9706	71.7594	2.24469	330.939 (2.0807353104110042,)
158	100  	74.6903	71.9291	2.19122	374.981 (2.0807353104110042,)
159	100  	60.617 	61.2318	2.9867 	265.655 (2.0807353104110042,)
160	100  	76.3334	97.9608	2.50026	604.552 (2.0807353104110042,)
161	100  	101.768	95.0225	2.86919	493.85  (2.0807353104110042,)
162	100  	103.073	90.6343	3.05242	519.009 (2.0807353104110042,)
163	100  	96.5964	89.4114	2.61743	485.582 (2.0807353104110042,)
164	100  	90.2054	89.4072	2.88711	395.489 (2.0807353104110042,)
165	100  	78.0646	67.8319	2.52292	360.559 (2.0807353104110042,)
166	100  	85.2548	70.4596	2.06637	339.882 (2.0663675266696022,)
167	100  	83.8752	73.5444	3.54756	382.491 (2.0663675266696022,)
168	100  	71.8055	71.3937	2.83797	346.008 (2.0663675266696022,)
169	100  	87.1384	74.5762	2.72322	305.527 (2.0663675266696022,)
170	100  	87.1573	84.7583	2.1094 	453.55  (2.0663675266696022,)
171	100  	68.3834	72.5632	2.89497	404.117 (2.0663675266696022,)
172	100  	83.365 	71.0087	2.38275	427.151 (2.0663675266696022,)
173	100  	84.8542	70.7514	2.09346	335.139 (2.0663675266696022,)
174	100  	90.8828	96.338 	2.49025	610.327 (2.0663675266696022,)
175	100  	86.7109	91.7037	2.80969	597.433 (2.0663675266696022,)
176	100  	86.2979	75.2651	3.49786	364.384 (2.0663675266696022,)
177	100  	82.5752	85.0207	2.2121 	508.027 (2.0663675266696022,)
178	100  	78.3776	63.4113	3.65214	288.831 (2.0663675266696022,)
179	100  	76.4555	67.1112	3.29219	284.023 (2.0663675266696022,)
180	100  	80.2978	73.6574	2.49657	344.88  (2.0663675266696022,)
181	100  	94.5251	91.8201	3.3615 	391.109 (2.0663675266696022,)
182	100  	77.0548	73.1776	2.64795	356.161 (2.0663675266696022,)
183	100  	83.4393	77.2818	3.11157	331.724 (2.0663675266696022,)
184	100  	82.2495	76.886 	3.72179	389.133 (2.0663675266696022,)
185	100  	71.9382	72.1516	2.81678	439.545 (2.0663675266696022,)
186	100  	75.3874	74.0227	2.24315	346.432 (2.0663675266696022,)
187	100  	78.2336	75.0444	2.88411	323.19  (2.0663675266696022,)
188	100  	79.0653	74.4251	2.20298	361.194 (2.0663675266696022,)
189	100  	80.806 	79.8578	2.77003	458.666 (2.0663675266696022,)
190	100  	77.717 	74.3615	3.03198	336.199 (2.0663675266696022,)
191	100  	76.2412	73.7894	2.24607	305.893 (2.0663675266696022,)
192	100  	82.0322	75.2889	2.22409	311.711 (2.0663675266696022,)
193	100  	76.6274	68.4499	1.9828 	294.677 (1.982803242920899,)
194	100  	84.8992	85.8032	2.5531 	320.487 (1.982803242920899,)
195	100  	82.4729	87.24  	2.44858	464.793 (1.982803242920899,)
196	100  	78.2709	86.3028	2.11447	456.895 (1.982803242920899,)
197	100  	80.1973	78.2293	2.25573	305.258 (1.982803242920899,)
198	100  	72.945 	63.7798	2.28039	298.94  (1.982803242920899,)
199	100  	71.0485	60.8499	2.47453	229.546 (1.982803242920899,)
200	100  	73.7808	72.3212	3.27552	388.947 (1.982803242920899,)
201	100  	84.3303	75.9162	2.20219	306.891 (1.982803242920899,)
202	100  	79.3066	65.6596	2.0603 	258.908 (1.982803242920899,)
203	100  	71.4602	58.712 	2.48956	300.385 (1.982803242920899,)
204	100  	72.877 	69.6031	2.69183	414.701 (1.982803242920899,)
205	100  	77.3672	72.1928	2.44892	345.516 (1.982803242920899,)
206	100  	70.9471	62.3852	2.65631	239.147 (1.982803242920899,)
207	100  	81.8787	77.9458	3.16432	381.354 (1.982803242920899,)
208	100  	80.4086	81.348 	3.36168	454.965 (1.982803242920899,)
209	100  	84.6694	78.2688	2.35149	318.559 (1.982803242920899,)
210	100  	81.5362	80.8873	2.73543	525.063 (1.982803242920899,)
211	100  	76.4552	75.4576	2.84536	418.714 (1.982803242920899,)
212	100  	71.7057	69.3213	2.5961 	291.291 (1.982803242920899,)
213	100  	75.8145	82.6246	2.35676	406.712 (1.982803242920899,)
214	100  	79.4667	85.8171	3.25942	535.569 (1.982803242920899,)
215	100  	72.0716	65.1355	2.01121	266.489 (1.982803242920899,)
216	100  	72.5483	66.3185	3.06209	258.617 (1.982803242920899,)
217	100  	66.3684	58.1934	2.57574	245.549 (1.982803242920899,)
218	100  	73.2814	60.7334	4.00354	263.217 (1.982803242920899,)
219	100  	62.1227	50.5682	3.61291	246.027 (1.982803242920899,)
220	100  	68.5924	63.3854	3.52485	369.842 (1.982803242920899,)
221	100  	63.4047	54.8999	3.06834	304.136 (1.982803242920899,)
222	100  	69.455 	67.6599	2.25547	396.61  (1.982803242920899,)
223	100  	71.2909	88.8451	2.36769	690.223 (1.982803242920899,)
224	100  	82.2021	79.91  	3.53742	355.63  (1.982803242920899,)
225	100  	87.7121	77.1454	2.26848	306.258 (1.982803242920899,)
226	100  	76.3075	75.149 	2.65402	425.329 (1.982803242920899,)
227	100  	71.0891	74.4239	2.23433	477.371 (1.982803242920899,)
228	100  	71.7445	71.2634	2.69288	339.13  (1.982803242920899,)
229	100  	86.1727	71.5438	2.6547 	331.956 (1.982803242920899,)
230	100  	66.4374	69.0136	1.67163	285.526 (1.6716310648928083,)
231	100  	79.0882	68.2183	3.612  	269.614 (1.6716310648928083,)
232	100  	68.5387	74.5961	2.3584 	345.211 (1.6716310648928083,)
233	100  	73.9419	71.9731	2.30033	367.259 (1.6716310648928083,)
234	100  	68.973 	63.9262	1.85859	325.228 (1.6716310648928083,)
235	100  	68.7126	60.4877	2.39549	291.984 (1.6716310648928083,)
236	100  	79.9968	73.3944	1.92681	337.578 (1.6716310648928083,)
237	100  	69.7358	66.9001	2.26325	292.272 (1.6716310648928083,)
238	100  	84.1135	74.1894	2.62774	364.014 (1.6716310648928083,)
239	100  	73.7155	67.7404	2.6447 	308.744 (1.6716310648928083,)
240	100  	92.6912	85.25  	4.46222	473.088 (1.6716310648928083,)
241	100  	91.6065	86.8116	2.37296	435.065 (1.6716310648928083,)
242	100  	84.6024	77.2373	1.76996	400.269 (1.6716310648928083,)
243	100  	76.948 	71.9873	2.17466	322.619 (1.6716310648928083,)
244	100  	75.669 	69.5555	1.50438	358.241 (1.5043785865537811,)
245	100  	64.0145	60.9764	2.08575	292.191 (1.5043785865537811,)
246	100  	75.5268	71.1767	1.97905	244.303 (1.5043785865537811,)
247	100  	75.4034	65.3044	2.44158	339.144 (1.5043785865537811,)
248	100  	86.0771	82.727 	2.28687	414.756 (1.5043785865537811,)
249	100  	82.6536	83.6667	2.21097	385.156 (1.5043785865537811,)
250	100  	72.9785	65.1236	2.70643	325.071 (1.5043785865537811,)
251	100  	79.6008	82.6078	1.57416	518.099 (1.5043785865537811,)
252	100  	70.549 	65.6542	3.31677	259.893 (1.5043785865537811,)
253	100  	88.9175	95.0352	2.1642 	634.8   (1.5043785865537811,)
254	100  	74.5297	68.522 	2.95027	311.753 (1.5043785865537811,)
255	100  	69.5888	61.4536	2.24422	278.409 (1.5043785865537811,)
256	100  	74.0293	63.8677	2.03677	269.599 (1.5043785865537811,)
257	100  	87.2635	84.7748	2.5085 	540.685 (1.5043785865537811,)
258	100  	80.9274	80.9037	2.3441 	360.205 (1.5043785865537811,)
259	100  	82.1517	85.8748	2.95684	548.784 (1.5043785865537811,)
260	100  	66.9955	69.2037	2.50282	356.201 (1.5043785865537811,)
261	100  	80.4144	71.4597	1.9523 	314.584 (1.5043785865537811,)
262	100  	68.2814	58.326 	2.35456	288.55  (1.5043785865537811,)
263	100  	69.4847	60.2812	2.1697 	280.335 (1.5043785865537811,)
264	100  	71.1499	72.8491	2.89606	397.516 (1.5043785865537811,)
265	100  	71.703 	75.295 	1.77329	418.003 (1.5043785865537811,)
266	100  	79.8709	63.2649	2.90469	282.772 (1.5043785865537811,)
267	100  	61.4396	59.6162	2.62301	369.883 (1.5043785865537811,)
268	100  	71.2471	63.839 	1.97463	259.417 (1.5043785865537811,)
269	100  	91.8067	75.3597	4.42612	337.274 (1.5043785865537811,)
270	100  	81.9413	75.0879	2.26585	363.485 (1.5043785865537811,)
271	100  	77.7029	61.7732	2.9603 	276.257 (1.5043785865537811,)
272	100  	81.4741	69.8162	2.96883	271.124 (1.5043785865537811,)
273	100  	92.107 	88.8033	2.07467	435.002 (1.5043785865537811,)
274	100  	85.8948	73.8652	2.59757	406.786 (1.5043785865537811,)
275	100  	86.554 	77.3797	2.63525	338.494 (1.5043785865537811,)
276	100  	75.5486	69.5972	2.09822	306.047 (1.5043785865537811,)
277	100  	77.1886	66.4712	2.80848	328.895 (1.5043785865537811,)
278	100  	79.6127	78.4328	2.2043 	353.423 (1.5043785865537811,)
279	100  	80.6114	80.6376	1.94612	385.32  (1.5043785865537811,)
280	100  	76.9369	72.025 	2.00414	324.04  (1.5043785865537811,)
281	100  	71.2213	69.7552	2.3657 	315.111 (1.5043785865537811,)
282	100  	76.1332	75.164 	2.20609	336.41  (1.5043785865537811,)
283	100  	76.1593	74.6345	3.62514	310.024 (1.5043785865537811,)
284	100  	75.6911	72.8766	2.76286	455.041 (1.5043785865537811,)
285	100  	71.3946	65.1798	2.11556	256.999 (1.5043785865537811,)
286	100  	68.3496	53.9476	2.71991	245.343 (1.5043785865537811,)
287	100  	80.671 	83.2735	1.92948	386.26  (1.5043785865537811,)
288	100  	81.4828	72.7581	1.76578	367.636 (1.5043785865537811,)
289	100  	86.7883	83.3867	2.02992	393.726 (1.5043785865537811,)
290	100  	79.0576	76.7209	2.45624	353.863 (1.5043785865537811,)
291	100  	82.936 	77.0369	1.90085	396.783 (1.5043785865537811,)
292	100  	79.5895	77.9014	1.65201	395.546 (1.5043785865537811,)
293	100  	84.9862	81.2684	2.40062	355.698 (1.5043785865537811,)
294	100  	69.5246	66.5944	2.54829	306.958 (1.5043785865537811,)
295	100  	90.5657	87.9989	2.3349 	456.368 (1.5043785865537811,)
296	100  	78.1831	73.3647	2.35948	479.114 (1.5043785865537811,)
297	100  	71.0198	77.5982	2.09909	408.115 (1.5043785865537811,)
298	100  	62.3222	56.5879	2.30465	283.429 (1.5043785865537811,)
299	100  	80.4136	76.734 	3.04727	335.335 (1.5043785865537811,)
300	100  	84.2573	79.3659	2.26351	400.866 (1.5043785865537811,)
301	100  	80.4323	67.5358	3.03707	391.122 (1.5043785865537811,)
302	100  	80.2435	81.5429	2.45797	436.468 (1.5043785865537811,)
303	100  	79.1395	77.3209	2.23399	327.51  (1.5043785865537811,)
304	100  	82.3238	72.2135	2.67835	266.249 (1.5043785865537811,)
305	100  	65.2039	52.7093	1.71599	222.863 (1.5043785865537811,)
306	100  	68.4075	62.045 	2.44329	266.039 (1.5043785865537811,)
307	100  	70.7158	71.093 	1.67888	328.32  (1.5043785865537811,)
308	100  	73.5329	70.8597	2.06619	360.742 (1.5043785865537811,)
309	100  	90.9904	89.3957	3.62342	472.534 (1.5043785865537811,)
310	100  	76.2119	63.0291	1.97214	250.222 (1.5043785865537811,)
311	100  	66.268 	73.0438	1.62208	458.919 (1.5043785865537811,)
312	100  	72.0704	71.0156	2.72442	323.042 (1.5043785865537811,)
313	100  	69.9836	68.0408	2.15623	362.282 (1.5043785865537811,)
314	100  	84.595 	81.7788	2.79975	405.885 (1.5043785865537811,)
315	100  	74.3018	67.4987	2.4814 	282.381 (1.5043785865537811,)
316	100  	76.8123	78.3443	1.4676 	372.444 (1.4676001848576616,)
317	100  	96.495 	96.8945	2.86068	496.159 (1.4676001848576616,)
318	100  	99.8532	86.8538	1.69114	462.888 (1.4676001848576616,)
319	100  	85.0684	82.353 	1.82998	315.238 (1.4676001848576616,)
320	100  	73.1632	70.8418	3.14017	431.575 (1.4676001848576616,)
321	100  	71.0828	67.381 	1.76917	295.162 (1.4676001848576616,)
322	100  	78.7782	66.4374	1.95834	277.973 (1.4676001848576616,)
323	100  	80.8213	74.0619	3.71955	347.268 (1.4676001848576616,)
324	100  	78.5504	88.4311	1.36867	724.602 (1.3686733932800836,)
325	100  	85.437 	70.3335	2.69452	342.169 (1.3686733932800836,)
326	100  	81.9024	69.7291	2.23464	450.612 (1.3686733932800836,)
327	100  	78.9795	76.5745	1.92684	350.382 (1.3686733932800836,)
328	100  	90.0269	89.3674	2.28901	342.219 (1.3686733932800836,)
329	100  	79.7398	67.6845	2.77413	313.652 (1.3686733932800836,)
330	100  	71.5195	77.888 	2.17649	361.251 (1.3686733932800836,)
331	100  	86.8685	82.3166	2.76027	359.622 (1.3686733932800836,)
332	100  	80.1385	73.6307	2.32011	426.773 (1.3686733932800836,)
333	100  	87.2361	76.6172	1.65338	326.771 (1.3686733932800836,)
334	100  	86.1125	69.7342	1.76721	282.449 (1.3686733932800836,)
335	100  	83.3591	79.8291	2.80447	365.115 (1.3686733932800836,)
336	100  	76.8532	65.8258	2.08598	269.346 (1.3686733932800836,)
337	100  	68.1385	57.634 	1.59313	262.408 (1.3686733932800836,)
338	100  	69.995 	64.4338	1.55366	324.288 (1.3686733932800836,)
339	100  	75.7475	69.33  	1.61775	310.172 (1.3686733932800836,)
340	100  	76.4091	75.6512	2.40797	382.064 (1.3686733932800836,)
341	100  	74.472 	71.0263	1.8762 	321.592 (1.3686733932800836,)
342	100  	77.6943	81.0865	1.86583	364.788 (1.3686733932800836,)
343	100  	80.4725	72.5926	2.29492	325.604 (1.3686733932800836,)
344	100  	87.1694	77.2521	3.47706	350.163 (1.3686733932800836,)
345	100  	83.8541	69.4217	1.52141	301.446 (1.3686733932800836,)
346	100  	75.3277	71.0831	1.67741	365.396 (1.3686733932800836,)
347	100  	92.1592	92.9011	2.07781	564.649 (1.3686733932800836,)
348	100  	82.2255	75.3913	2.07741	423.413 (1.3686733932800836,)
349	100  	81.4522	85.5348	1.23067	452.202 (1.2306697551774377,)
350	100  	81.6263	72.5066	1.45853	389.168 (1.2306697551774377,)
351	100  	85.7314	98.0126	1.65119	708.833 (1.2306697551774377,)
352	100  	89.1793	71.6567	3.21486	379.14  (1.2306697551774377,)
353	100  	72.9186	65.563 	2.45431	295.347 (1.2306697551774377,)
354	100  	82.9343	79.2096	1.67605	322.175 (1.2306697551774377,)
355	100  	74.7859	74.5282	1.73411	337.265 (1.2306697551774377,)
356	100  	87.5229	92.1748	1.6626 	519.389 (1.2306697551774377,)
357	100  	90.102 	80.3878	1.50188	361.051 (1.2306697551774377,)
358	100  	73.9759	72.2685	1.91594	417.012 (1.2306697551774377,)
359	100  	79.7328	73.19  	1.85721	340.2   (1.2306697551774377,)
360	100  	78.9713	74.9242	1.70015	266.313 (1.2306697551774377,)
361	100  	75.1027	72.6945	1.63017	430.483 (1.2306697551774377,)
362	100  	100.277	85.819 	3.80314	341.364 (1.2306697551774377,)
363	100  	88.0357	80.4615	2.11691	403.509 (1.2306697551774377,)
364	100  	74.1281	66.7094	2.10956	298.172 (1.2306697551774377,)
365	100  	75.9665	76.2729	1.27532	366.411 (1.2306697551774377,)
366	100  	73.1225	85.5651	1.39841	648.78  (1.2306697551774377,)
367	100  	69.3074	73.3033	1.61181	539.308 (1.2306697551774377,)
368	100  	72.8294	77.9249	1.45567	342.564 (1.2306697551774377,)
369	100  	77.5522	71.6409	2.22976	374.491 (1.2306697551774377,)
370	100  	73.7427	72.0233	1.69619	362.073 (1.2306697551774377,)
371	100  	65.3706	57.0158	1.90119	279.77  (1.2306697551774377,)
372	100  	79.4127	69.2741	1.70972	295.251 (1.2306697551774377,)
373	100  	78.9446	65.1691	1.67779	372.219 (1.2306697551774377,)
374	100  	68.7116	52.6438	1.88429	219.796 (1.2306697551774377,)
375	100  	79.2126	71.8957	1.89025	410.424 (1.2306697551774377,)
376	100  	79.2117	74.7465	1.64912	348.136 (1.2306697551774377,)
377	100  	81.3784	78.7756	1.99254	322.837 (1.2306697551774377,)
378	100  	94.505 	77.7379	1.78652	337.871 (1.2306697551774377,)
379	100  	76.4208	74.7775	1.48306	316.576 (1.2306697551774377,)
380	100  	75.1979	78.2081	1.81128	394.215 (1.2306697551774377,)
381	100  	73.0519	69.7856	1.5    	329.7   (1.2306697551774377,)
382	100  	78.6715	71.776 	1.21116	307.416 (1.2111598533085106,)
383	100  	69.8742	73.4726	1.88519	417.819 (1.2111598533085106,)
384	100  	82.0576	85.8691	1.45056	583.939 (1.2111598533085106,)
385	100  	83.9993	80.0072	1.41669	330.835 (1.2111598533085106,)
386	100  	77.6747	66.8728	1.20636	300.737 (1.2063600309433127,)
387	100  	75.4606	66.4204	1.22913	419.123 (1.2063600309433127,)
388	100  	75.4296	72.319 	2.07488	349.139 (1.2063600309433127,)
389	100  	92.6213	81.0793	2.3189 	308.224 (1.2063600309433127,)
390	100  	87.7321	94.988 	2.32746	555.062 (1.2063600309433127,)
391	100  	92.093 	106.433	2.03781	661.26  (1.2063600309433127,)
392	100  	91.0556	86.8682	2.34768	427.656 (1.2063600309433127,)
393	100  	85.0018	73.9118	1.56715	337.739 (1.2063600309433127,)
394	100  	81.546 	78.1987	2.24694	397.807 (1.2063600309433127,)
395	100  	92.3399	92.6956	1.79981	547.447 (1.2063600309433127,)
396	100  	92.3438	78.8954	2.45755	474.116 (1.2063600309433127,)
397	100  	82.0762	75.1265	2.38509	366.277 (1.2063600309433127,)
398	100  	77.6129	81.9501	1.75196	410.348 (1.2063600309433127,)
399	100  	79.3424	85.3357	1.37696	487.057 (1.2063600309433127,)
400	100  	99.7658	85.5977	2.12871	327.857 (1.2063600309433127,)
401	100  	83.1084	79.4647	2.04402	404.419 (1.2063600309433127,)
402	100  	62.2138	60.6389	1.56499	261.64  (1.2063600309433127,)
403	100  	90.9411	77.2066	3.18156	318.992 (1.2063600309433127,)
404	100  	100.953	122.763	1.76717	869.678 (1.2063600309433127,)
405	100  	84.2047	80.2596	2.64547	386.135 (1.2063600309433127,)
406	100  	90.1526	80.9256	1.69094	351.491 (1.2063600309433127,)
407	100  	78.3755	72.9906	2.20042	364.221 (1.2063600309433127,)
408	100  	73.7076	76.4409	2.62418	349.237 (1.2063600309433127,)
409	100  	74.6062	72.5728	1.86991	346.337 (1.2063600309433127,)
410	100  	81.4012	69.7501	2.97658	285.178 (1.2063600309433127,)
411	100  	75.7288	71.0095	1.76786	308.847 (1.2063600309433127,)
412	100  	88.0563	86.5493	1.61414	324.385 (1.2063600309433127,)
413	100  	95.1162	83.8861	1.52055	455.554 (1.2063600309433127,)
414	100  	79.5191	64.4353	2.4676 	293.358 (1.2063600309433127,)
415	100  	97.4506	90.4183	4.35835	420.495 (1.2063600309433127,)
416	100  	69.6177	60.2155	2.76038	241.777 (1.2063600309433127,)
417	100  	84.026 	81.7047	1.64457	334.584 (1.2063600309433127,)
418	100  	79.744 	82.0668	1.58537	375.291 (1.2063600309433127,)
419	100  	72.5976	63.2127	1.93084	259.23  (1.2063600309433127,)
420	100  	88.1593	73.2277	1.64345	267.018 (1.2063600309433127,)
421	100  	85.7212	73.0702	1.93277	323.629 (1.2063600309433127,)
422	100  	76.169 	78.1805	1.66628	417.975 (1.2063600309433127,)
423	100  	81.5228	87.5727	1.36887	454.486 (1.2063600309433127,)
424	100  	87.4843	69.1412	3.11749	265.729 (1.2063600309433127,)
425	100  	90.0114	87.6796	2.10677	367.386 (1.2063600309433127,)
426	100  	88.1502	84.8438	1.27087	386.216 (1.2063600309433127,)
427	100  	90.583 	79.0288	1.52419	333.242 (1.2063600309433127,)
428	100  	85.0429	73.5968	1.81639	280.717 (1.2063600309433127,)
429	100  	87.2102	81.803 	1.36575	445.655 (1.2063600309433127,)
430	100  	74.7093	71.8067	1.53091	366.493 (1.2063600309433127,)
431	100  	75.3297	70.2089	1.77004	308.493 (1.2063600309433127,)
432	100  	76.6906	72.201 	1.60883	293.532 (1.2063600309433127,)
433	100  	83.5027	83.042 	1.87026	369.803 (1.2063600309433127,)
434	100  	87.7205	88.8564	2.23743	367.838 (1.2063600309433127,)
435	100  	82.417 	82.0664	1.57253	413.941 (1.2063600309433127,)
436	100  	100.525	100.573	2.59166	459.783 (1.2063600309433127,)
437	100  	85.1361	76.4173	1.58298	407.074 (1.2063600309433127,)
438	100  	78.467 	65.2391	3.48541	293.91  (1.2063600309433127,)
439	100  	73.1004	62.4341	1.45453	270.207 (1.2063600309433127,)
440	100  	91.5811	86.0135	1.79631	373.48  (1.2063600309433127,)
441	100  	77.9687	56.5193	2.1573 	238.261 (1.2063600309433127,)
442	100  	83.2273	77.1361	1.3337 	332.315 (1.2063600309433127,)
443	100  	82.4936	81.3208	1.26666	394.63  (1.2063600309433127,)
444	100  	75.9166	82.0785	1.5143 	454.806 (1.2063600309433127,)
445	100  	87.6302	71.1746	1.25427	309.92  (1.2063600309433127,)
446	100  	76.6614	63.9534	1.6877 	292.907 (1.2063600309433127,)
447	100  	79.5891	69.249 	1.54806	283.046 (1.2063600309433127,)
448	100  	84.9401	78.6216	1.51197	552.718 (1.2063600309433127,)
449	100  	90.6479	71.015 	2.47087	275.05  (1.2063600309433127,)
450	100  	78.2881	75.9789	2.02314	373.645 (1.2063600309433127,)
451	100  	80.8308	76.1802	2.68603	386.176 (1.2063600309433127,)
452	100  	78.7434	74.707 	2.34532	361.802 (1.2063600309433127,)
453	100  	81.5497	68.7244	1.31319	266.232 (1.2063600309433127,)
454	100  	93.0034	92.7306	1.8462 	525.877 (1.2063600309433127,)
455	100  	90.0422	78.8465	1.94681	330.598 (1.2063600309433127,)
456	100  	86.8576	93.7876	1.43972	507.267 (1.2063600309433127,)
457	100  	85.3583	70.6526	1.6784 	310.358 (1.2063600309433127,)
458	100  	78.624 	66.8316	2.2462 	303.092 (1.2063600309433127,)
459	100  	84.7792	75.4348	1.98374	337.862 (1.2063600309433127,)
460	100  	84.9899	71.9066	1.7926 	342.329 (1.2063600309433127,)
461	100  	82.8746	67.5553	1.90709	258.502 (1.2063600309433127,)
462	100  	81.7179	81.3812	1.82578	424.952 (1.2063600309433127,)
463	100  	72.4244	59.5693	2.27586	285.69  (1.2063600309433127,)
464	100  	71.3795	59.735 	2.23489	245.298 (1.2063600309433127,)
465	100  	82.3028	86.6455	1.74123	521.91  (1.2063600309433127,)
466	100  	77.0705	68.0504	1.45832	241.083 (1.2063600309433127,)
467	100  	79.7695	64.5   	1.2937 	310.803 (1.2063600309433127,)
468	100  	79.2945	73.6652	1.86409	361.107 (1.2063600309433127,)
469	100  	72.1581	76.3996	1.77946	398.949 (1.2063600309433127,)
470	100  	77.8897	77.5931	1.85198	337.227 (1.2063600309433127,)
471	100  	85.6102	68.601 	2.51664	431.048 (1.2063600309433127,)
472	100  	80.0564	66.2537	3.0943 	331.406 (1.2063600309433127,)
473	100  	68.6722	63.1002	1.97465	310.461 (1.2063600309433127,)
474	100  	75.109 	69.9177	2.53579	306.036 (1.2063600309433127,)
475	100  	82.6087	69.6386	2.38498	387.623 (1.2063600309433127,)
476	100  	75.7473	70.4387	1.76567	288.387 (1.2063600309433127,)
477	100  	84.2763	84.2228	2.43928	441.114 (1.2063600309433127,)
478	100  	69.5409	56.7591	1.95876	257.088 (1.2063600309433127,)
479	100  	77.8808	72.3317	1.60027	366.171 (1.2063600309433127,)
480	100  	82.3403	74.6641	1.33136	343.821 (1.2063600309433127,)
481	100  	71.1339	64.4757	1.53101	278.099 (1.2063600309433127,)
482	100  	85.5871	72.4531	2.63369	286.196 (1.2063600309433127,)
483	100  	95.803 	86.303 	1.65094	520.476 (1.2063600309433127,)
484	100  	94.2801	101.602	1.62437	600.082 (1.2063600309433127,)
485	100  	91.325 	82.1003	1.94719	382.488 (1.2063600309433127,)
486	100  	93.3443	88.1325	1.37962	467.996 (1.2063600309433127,)
487	100  	82.1729	71.4708	2.22017	300.801 (1.2063600309433127,)
488	100  	93.9856	76.0875	4.71768	341.254 (1.2063600309433127,)
489	100  	81.3613	83.6095	1.64688	517.162 (1.2063600309433127,)
490	100  	91.8706	90.0747	1.56295	447.924 (1.2063600309433127,)
491	100  	76.1717	60.4197	1.891  	279.665 (1.2063600309433127,)
492	100  	82.5882	80.4931	1.36783	510.085 (1.2063600309433127,)
493	100  	78.1686	73.1356	1.46548	328.141 (1.2063600309433127,)
494	100  	82.2737	78.1112	1.97937	304.98  (1.2063600309433127,)
495	100  	82.6205	70.529 	2.46311	310.537 (1.2063600309433127,)
496	100  	87.1226	88.909 	1.96425	538.866 (1.2063600309433127,)
497	100  	91.4064	90.482 	1.7257 	439.509 (1.2063600309433127,)
498	100  	81.179 	68.8084	1.90668	254.613 (1.2063600309433127,)
499	100  	93.5277	82.5769	3.58351	333.561 (1.2063600309433127,)
