In file included from /usr/lib/python2.7/dist-packages/numpy/core/include/numpy/ndarraytypes.h:1761:0,
                 from /usr/lib/python2.7/dist-packages/numpy/core/include/numpy/ndarrayobject.h:17,
                 from /usr/lib/python2.7/dist-packages/numpy/core/include/numpy/arrayobject.h:4,
                 from /home/pinojc/.cache/scipy/python27_compiled/sc_9bade30717731f645b30a512f757f0fa1671.cpp:22:
/usr/lib/python2.7/dist-packages/numpy/core/include/numpy/npy_1_7_deprecated_api.h:15:2: warning: #warning "Using deprecated NumPy API, disable it by " "#defining NPY_NO_DEPRECATED_API NPY_1_7_API_VERSION" [-Wcpp]
 #warning "Using deprecated NumPy API, disable it by " \
  ^
gen	evals	avg    	std    	min    	max   
0  	100  	831.796	350.716	129.486	1728.3 (129.48637489578874,)
1  	100  	806.434	377.211	132.4  	1710.56 (129.48637489578874,)
2  	100  	738.689	400.463	117.091	1583.66 (117.09109105487515,)
3  	100  	683.357	410.501	44.2847	1539.93 (44.284717312920243,)
4  	100  	626.151	383.328	48.3035	1430.27 (44.284717312920243,)
5  	100  	554.016	361.885	36.7866	1588.4  (36.786576708165889,)
6  	100  	474.846	357.151	36.8334	1703.5  (36.786576708165889,)
7  	100  	372.531	348.214	33.2521	1797.37 (33.25208981056403,)
8  	100  	287.597	316.581	20.7798	1633.29 (20.779836159478332,)
9  	100  	236.631	315.148	19.6382	1646.87 (19.638242818774817,)
10 	100  	181.499	288.488	19.1085	1485.42 (19.108458935986334,)
11 	100  	176.174	296.566	17.6706	1763.33 (17.670611811027264,)
12 	100  	162.529	267.656	15.6878	1345.76 (15.687798692512496,)
13 	100  	142.327	251.011	14.9167	1399.84 (14.916675004395657,)
14 	100  	152.809	250.099	14.3327	1321.08 (14.332674809716631,)
15 	100  	139.745	258.296	15.203 	1539.66 (14.332674809716631,)
16 	100  	136.76 	270.247	14.3385	1710.07 (14.332674809716631,)
17 	100  	124.017	261.867	13.9911	1561.88 (13.991056238704456,)
18 	100  	145.156	272.919	12.8192	1778.09 (12.819160647644566,)
19 	100  	132.181	256.828	13.2777	1585.89 (12.819160647644566,)
20 	100  	131.185	242.24 	13.171 	1430.28 (12.819160647644566,)
21 	100  	120.116	242.093	12.6675	1510.29 (12.667546111520128,)
22 	100  	121.078	266.384	12.0744	1737.82 (12.074441975065108,)
23 	100  	136.037	242.928	12.8042	1493.03 (12.074441975065108,)
24 	100  	119.647	226.095	12.4006	1278.7  (12.074441975065108,)
25 	100  	120.452	236.653	12.0542	1586.22 (12.054220089999289,)
26 	100  	105.525	234.283	12.1695	1563.54 (12.054220089999289,)
27 	100  	109.869	212.211	11.7205	1375.46 (11.720463162142179,)
28 	100  	106.699	218.238	11.3461	1330.27 (11.346059582347875,)
29 	100  	121.218	235.014	12.326 	1659.73 (11.346059582347875,)
30 	100  	104.169	194.603	12.9808	1235.59 (11.346059582347875,)
31 	100  	115.378	204.711	11.7569	1419.22 (11.346059582347875,)
32 	100  	118.283	210.977	12.5641	1425.61 (11.346059582347875,)
33 	100  	107.171	215.968	11.4505	1702.21 (11.346059582347875,)
34 	100  	103.988	198.126	11.4819	1281.52 (11.346059582347875,)
35 	100  	110.318	205.305	11.9343	1385.28 (11.346059582347875,)
36 	100  	98.9613	188.418	10.0724	1294.54 (10.072418212418986,)
37 	100  	101.082	188.826	10.766 	1344.3  (10.072418212418986,)
38 	100  	105.71 	196.849	9.12927	1473.01 (9.1292663838186172,)
39 	100  	113.162	225.571	10.0163	1665.82 (9.1292663838186172,)
40 	100  	108.474	185.69 	8.71436	1338.22 (8.71436480851367,)
41 	100  	93.2615	168.07 	10.3858	1231.69 (8.71436480851367,)
42 	100  	91.7575	146.629	11.3261	1166.25 (8.71436480851367,)
43 	100  	92.5256	152.947	9.41359	1157.57 (8.71436480851367,)
44 	100  	86.2238	151.735	8.70284	1257.93 (8.7028394255311738,)
45 	100  	94.2597	161.263	7.71418	1316.37 (7.7141848739790868,)
46 	100  	100.123	157.915	9.62707	1191.86 (7.7141848739790868,)
47 	100  	99.3954	154.571	11.3465	1204.46 (7.7141848739790868,)
48 	100  	96.7353	158.461	7.26404	1220.6  (7.2640423352360077,)
49 	100  	97.6105	145.956	7.98286	1004.25 (7.2640423352360077,)
50 	100  	96.9731	153.297	7.89109	1149.88 (7.2640423352360077,)
51 	100  	107.752	165.358	7.80637	1225.12 (7.2640423352360077,)
52 	100  	99.5455	159.74 	7.76914	1252.12 (7.2640423352360077,)
53 	100  	99.9361	159.826	8.24156	1263.02 (7.2640423352360077,)
54 	100  	91.4   	172.815	6.6277 	1366.77 (6.6277044560565805,)
55 	100  	80.391 	159.496	7.56067	1278.29 (6.6277044560565805,)
56 	100  	87.2458	137.254	6.6963 	1121.89 (6.6277044560565805,)
57 	100  	95.1824	153.788	6.86171	1188.65 (6.6277044560565805,)
58 	100  	86.2501	147.194	7.74668	1186.72 (6.6277044560565805,)
59 	100  	87.3344	147.762	6.6686 	1232.1  (6.6277044560565805,)
60 	100  	88.2382	143.037	7.35548	1121.39 (6.6277044560565805,)
61 	100  	89.8509	158.283	6.84956	1311.87 (6.6277044560565805,)
62 	100  	84.6455	140.684	7.23242	1170.46 (6.6277044560565805,)
63 	100  	87.8062	159.406	7.43828	1302.06 (6.6277044560565805,)
64 	100  	91.191 	147.727	8.57154	1046.5  (6.6277044560565805,)
65 	100  	102.025	165.537	7.08161	1290.91 (6.6277044560565805,)
66 	100  	96.8505	132.827	8.99707	1056.13 (6.6277044560565805,)
67 	100  	99.1701	158.449	8.4288 	1321.7  (6.6277044560565805,)
68 	100  	96.8239	141.137	6.96506	1110.23 (6.6277044560565805,)
69 	100  	86.4545	161.856	6.80621	1340.49 (6.6277044560565805,)
70 	100  	84.9857	164.079	7.01561	1285.92 (6.6277044560565805,)
71 	100  	86.2516	143.183	6.8355 	1164.79 (6.6277044560565805,)
72 	100  	88.8502	152.726	7.65172	1231.15 (6.6277044560565805,)
73 	100  	90.5711	149.909	6.41277	1198.27 (6.412770552761998,)
74 	100  	85.4893	148.102	7.33268	1318.28 (6.412770552761998,)
75 	100  	90.6547	140.085	7.70865	1172.03 (6.412770552761998,)
76 	100  	103.582	147.866	6.58569	1132.01 (6.412770552761998,)
77 	100  	111.66 	149.952	8.2315 	1113.22 (6.412770552761998,)
78 	100  	106.764	162.37 	7.47191	1207.76 (6.412770552761998,)
79 	100  	108.126	154.385	7.20524	1146.01 (6.412770552761998,)
80 	100  	92.9672	149.2  	7.41101	1244.52 (6.412770552761998,)
81 	100  	81.8586	149.558	7.03209	1243.01 (6.412770552761998,)
82 	100  	105.067	144.101	8.81749	1140.97 (6.412770552761998,)
83 	100  	92.0713	155.92 	8.47798	1226.8  (6.412770552761998,)
84 	100  	84.6706	158.861	7.17984	1264.5  (6.412770552761998,)
85 	100  	92.4413	185.878	6.67826	1344.18 (6.412770552761998,)
86 	100  	89.7118	169.208	7.78085	1260.74 (6.412770552761998,)
87 	100  	86.7066	161.085	6.55939	1222.29 (6.412770552761998,)
88 	100  	93.3464	161.094	6.4278 	1248.28 (6.412770552761998,)
89 	100  	77.0031	155.889	7.1622 	1155.35 (6.412770552761998,)
90 	100  	83.73  	157.638	7.40949	1255.07 (6.412770552761998,)
91 	100  	89.5876	158.791	6.32928	1291.49 (6.3292758219499827,)
92 	100  	94.3134	154.727	6.73531	1234.98 (6.3292758219499827,)
93 	100  	88.116 	147.146	6.6402 	1333.36 (6.3292758219499827,)
94 	100  	82.9822	156.584	6.86801	1342.87 (6.3292758219499827,)
95 	100  	91.6572	155.818	7.32474	1295.34 (6.3292758219499827,)
96 	100  	87.0188	160.206	7.27545	1229.42 (6.3292758219499827,)
97 	100  	96.3886	154.14 	6.87375	1227.36 (6.3292758219499827,)
98 	100  	96.7333	159.038	6.84645	1245.64 (6.3292758219499827,)
99 	100  	99.7198	155.978	7.17567	1228.32 (6.3292758219499827,)
100	100  	104.076	171.068	6.74291	1315.56 (6.3292758219499827,)
101	100  	107.152	157.188	6.87748	1174.35 (6.3292758219499827,)
102	100  	93.4831	148.549	5.9304 	1034.66 (5.9303995456859626,)
103	100  	101.071	157.473	7.30549	1232.34 (5.9303995456859626,)
104	100  	86.6389	141.986	6.49888	1131.41 (5.9303995456859626,)
105	100  	102.681	162.842	7.49842	1206.39 (5.9303995456859626,)
106	100  	87.6916	148.766	6.94681	1281.07 (5.9303995456859626,)
107	100  	92.5456	159.309	8.32462	1328.24 (5.9303995456859626,)
108	100  	89.2982	146.907	6.75833	1280.3  (5.9303995456859626,)
109	100  	80.7459	151.584	8.33407	1260.96 (5.9303995456859626,)
110	100  	86.8037	146.387	7.00759	1345.71 (5.9303995456859626,)
111	100  	88.1322	154.314	6.4757 	1303.99 (5.9303995456859626,)
112	100  	88.1262	136.627	6.72819	1159.4  (5.9303995456859626,)
113	100  	96.3464	150.127	7.37421	1244.53 (5.9303995456859626,)
114	100  	71.7015	140.397	5.48072	1167.02 (5.4807174096292997,)
115	100  	83.5309	134.932	6.88436	1109.39 (5.4807174096292997,)
116	100  	94.8454	161.051	6.52142	1206.59 (5.4807174096292997,)
117	100  	91.1883	137.022	6.96624	1010.39 (5.4807174096292997,)
118	100  	95.4858	166.388	6.5968 	1374.8  (5.4807174096292997,)
119	100  	83.772 	161.266	6.22914	1224.05 (5.4807174096292997,)
120	100  	80.5114	160.905	6.22185	1222.81 (5.4807174096292997,)
121	100  	79.4303	148.946	6.48179	1240.36 (5.4807174096292997,)
122	100  	79.9119	166.567	6.04161	1309.95 (5.4807174096292997,)
123	100  	93.341 	159.07 	6.36482	1271.68 (5.4807174096292997,)
124	100  	102.923	158.004	6.43963	1169.62 (5.4807174096292997,)
125	100  	101.268	158.66 	7.68323	1211.52 (5.4807174096292997,)
126	100  	92.5512	160.658	5.97495	1186.48 (5.4807174096292997,)
127	100  	89.2017	158.573	5.27356	1262.08 (5.2735616586877185,)
128	100  	84.5344	138.237	5.68119	1034.88 (5.2735616586877185,)
129	100  	95.0965	162.268	6.32299	1294.01 (5.2735616586877185,)
130	100  	99.0258	164.845	5.27424	1213.77 (5.2735616586877185,)
131	100  	92.2034	156.646	6.28714	1181.34 (5.2735616586877185,)
132	100  	84.8169	171.279	6.16142	1374.42 (5.2735616586877185,)
133	100  	86.2459	154.598	6.90002	1231.26 (5.2735616586877185,)
134	100  	89.6429	151.634	5.15768	1253.82 (5.1576833081913813,)
135	100  	94.2179	159.729	6.55984	1220.12 (5.1576833081913813,)
136	100  	92.0672	147.423	6.72808	1151.59 (5.1576833081913813,)
137	100  	94.0043	167.632	4.75856	1308.7  (4.7585604006167221,)
138	100  	93.8453	147.611	7.72574	1271.78 (4.7585604006167221,)
139	100  	87.2549	155.062	6.44864	1227.38 (4.7585604006167221,)
140	100  	86.3915	144.983	5.81174	1202.08 (4.7585604006167221,)
141	100  	82.1545	143.23 	5.67189	1160.66 (4.7585604006167221,)
142	100  	98.3823	152.744	5.03168	1129.93 (4.7585604006167221,)
143	100  	101.859	157.758	5.24506	1255.63 (4.7585604006167221,)
144	100  	104.237	166.312	4.79523	1247.26 (4.7585604006167221,)
145	100  	90.6753	158.023	4.15235	1116.47 (4.1523484914394997,)
146	100  	92.144 	175.858	4.96797	1353.27 (4.1523484914394997,)
147	100  	87.0299	174.246	5.32723	1331.6  (4.1523484914394997,)
148	100  	99.5706	164.9  	4.33455	1262.7  (4.1523484914394997,)
149	100  	84.8755	163.297	4.38468	1304.41 (4.1523484914394997,)
150	100  	95.5232	153.242	5.56497	1189.09 (4.1523484914394997,)
151	100  	101.999	159.444	4.74768	1175.83 (4.1523484914394997,)
152	100  	97.7604	159.683	4.00561	1239.2  (4.0056128306439547,)
153	100  	94.4398	175.258	3.21749	1276.74 (3.2174904116905303,)
154	100  	97.8899	164.351	5.99913	1283.42 (3.2174904116905303,)
155	100  	86.818 	138.485	4.09602	1204.98 (3.2174904116905303,)
156	100  	90.8448	154.334	3.90014	1241.78 (3.2174904116905303,)
157	100  	97.316 	157.024	4.94361	1281.5  (3.2174904116905303,)
158	100  	81.486 	140.731	3.44837	1120.98 (3.2174904116905303,)
159	100  	93.5476	146.741	5.47188	1160.71 (3.2174904116905303,)
160	100  	85.892 	158.027	3.45449	1317.33 (3.2174904116905303,)
161	100  	91.1362	152.882	5.57457	1158.04 (3.2174904116905303,)
162	100  	98.0583	154.572	4.86346	1194.09 (3.2174904116905303,)
163	100  	99.2943	152.86 	4.27397	1114.41 (3.2174904116905303,)
164	100  	95.5863	149.953	4.30558	1158.21 (3.2174904116905303,)
165	100  	99.2312	156.397	4.72536	1175.83 (3.2174904116905303,)
166	100  	90.1674	147.267	4.93624	1193.18 (3.2174904116905303,)
167	100  	95.5864	147.593	3.90347	1108.44 (3.2174904116905303,)
168	100  	89.7301	142.972	3.97494	1237.95 (3.2174904116905303,)
169	100  	98.6106	154.172	3.87431	1259.07 (3.2174904116905303,)
170	100  	87.9321	138.74 	4.79775	1035.09 (3.2174904116905303,)
171	100  	76.2955	142.564	4.69589	1264.17 (3.2174904116905303,)
172	100  	97.1428	154.736	4.21631	1323.95 (3.2174904116905303,)
173	100  	90.7629	129.578	4.68343	1080.14 (3.2174904116905303,)
174	100  	90.6445	135.983	4.17764	1079.55 (3.2174904116905303,)
175	100  	96.4492	158.127	3.62039	1288.32 (3.2174904116905303,)
176	100  	80.7755	145.135	3.00217	1185.33 (3.0021738072182713,)
177	100  	88.2783	140.525	3.50955	1115.59 (3.0021738072182713,)
178	100  	82.707 	152.425	3.66288	1203.85 (3.0021738072182713,)
179	100  	93.7759	155.036	3.68223	1288.71 (3.0021738072182713,)
180	100  	90.8671	141.742	3.14702	1023.47 (3.0021738072182713,)
181	100  	92.7601	134.542	4.42519	1063.08 (3.0021738072182713,)
182	100  	96.8745	157.751	4.1228 	1336.09 (3.0021738072182713,)
183	100  	92.5456	163.904	4.37035	1280.39 (3.0021738072182713,)
184	100  	93.3874	151.51 	3.98384	1143.7  (3.0021738072182713,)
185	100  	89.1567	156.144	3.05093	1252.47 (3.0021738072182713,)
186	100  	85.3989	142.849	4.64557	1238.07 (3.0021738072182713,)
187	100  	90.6708	142.364	3.50223	1268.18 (3.0021738072182713,)
188	100  	84.1129	147.462	3.15368	1271.41 (3.0021738072182713,)
189	100  	102.416	163.956	3.4212 	1294.74 (3.0021738072182713,)
190	100  	86.2064	152.572	3.05854	1232.84 (3.0021738072182713,)
191	100  	106.156	164.073	4.11033	1188.21 (3.0021738072182713,)
192	100  	96.6152	153.597	4.26975	1237.64 (3.0021738072182713,)
193	100  	91.08  	168.042	3.46058	1310.62 (3.0021738072182713,)
194	100  	89.4841	158.181	3.50081	1310.97 (3.0021738072182713,)
195	100  	95.8712	141.753	4.29899	1212.86 (3.0021738072182713,)
196	100  	98.2232	166.658	4.42102	1266.82 (3.0021738072182713,)
197	100  	88.2217	134.024	2.74604	1047.26 (2.7460396616851757,)
198	100  	93.8204	171.823	3.63945	1277.05 (2.7460396616851757,)
199	100  	98.8796	172.115	3.63841	1303.76 (2.7460396616851757,)
200	100  	90.0422	168.842	3.94913	1293.23 (2.7460396616851757,)
201	100  	102.913	169.158	3.25187	1297.63 (2.7460396616851757,)
202	100  	106.491	162.944	3.63858	1296.34 (2.7460396616851757,)
203	100  	93.8364	152.557	3.4978 	1163.44 (2.7460396616851757,)
204	100  	95.0769	154.854	3.47685	1234.12 (2.7460396616851757,)
205	100  	94.8814	175.149	4.44038	1377.12 (2.7460396616851757,)
206	100  	108.048	173.875	3.81953	1398.59 (2.7460396616851757,)
207	100  	96.5526	162.912	3.65625	1242.02 (2.7460396616851757,)
208	100  	89.3312	136.798	3.25626	1157.28 (2.7460396616851757,)
209	100  	102.773	163.017	3.37032	1252.74 (2.7460396616851757,)
210	100  	85.8061	140.847	4.17427	1213.54 (2.7460396616851757,)
211	100  	90.3732	161.002	3.36425	1334.41 (2.7460396616851757,)
212	100  	89.2742	148.496	4.15982	1294.07 (2.7460396616851757,)
213	100  	88.0176	145.404	3.21742	1135.43 (2.7460396616851757,)
214	100  	91.1917	157.298	3.89654	1221.13 (2.7460396616851757,)
215	100  	101.369	169.98 	4.14246	1370.95 (2.7460396616851757,)
216	100  	104.623	163.352	4.58879	1234.01 (2.7460396616851757,)
217	100  	90.9371	163.771	5.06588	1227.65 (2.7460396616851757,)
218	100  	86.3566	160.032	3.4378 	1281.04 (2.7460396616851757,)
219	100  	99.4464	155.36 	5.2429 	1223.05 (2.7460396616851757,)
220	100  	91.6022	132.967	3.3414 	1060.4  (2.7460396616851757,)
221	100  	89.0219	145.03 	3.23462	1283.19 (2.7460396616851757,)
222	100  	79.761 	161.412	3.30404	1345.46 (2.7460396616851757,)
223	100  	85.8753	144.028	3.52495	1090.8  (2.7460396616851757,)
224	100  	104.14 	147.433	4.15207	1046.37 (2.7460396616851757,)
225	100  	90.0971	149.188	4.08228	1312.8  (2.7460396616851757,)
226	100  	90.131 	151.927	3.57091	1169.85 (2.7460396616851757,)
227	100  	90.6737	164.057	2.98349	1279.51 (2.7460396616851757,)
228	100  	93.6117	146.555	3.19788	1210.31 (2.7460396616851757,)
229	100  	96.7279	162.056	4.57023	1312.06 (2.7460396616851757,)
230	100  	92.2678	143.787	3.23787	1149.38 (2.7460396616851757,)
231	100  	94.1938	164.101	5.17349	1354.65 (2.7460396616851757,)
232	100  	100.84 	149.173	4.25959	1105.88 (2.7460396616851757,)
233	100  	94.6101	163.167	4.38945	1347.11 (2.7460396616851757,)
234	100  	98.6388	147.631	4.0146 	1182.38 (2.7460396616851757,)
235	100  	96.2966	153.319	3.59439	1252.99 (2.7460396616851757,)
236	100  	89.0655	157.084	3.44363	1266.18 (2.7460396616851757,)
237	100  	94.5521	154.265	3.05823	1176.2  (2.7460396616851757,)
238	100  	90.0499	164.847	3.96151	1281.62 (2.7460396616851757,)
239	100  	106.11 	148.786	3.60969	1169.96 (2.7460396616851757,)
240	100  	103.014	164.25 	3.73648	1277.2  (2.7460396616851757,)
241	100  	81.3918	149.287	3.16721	1226.23 (2.7460396616851757,)
242	100  	88.9415	157.017	2.89469	1238.05 (2.7460396616851757,)
243	100  	83.524 	152.772	3.43694	1226.59 (2.7460396616851757,)
244	100  	91.8187	158.241	3.84237	1283.82 (2.7460396616851757,)
245	100  	83.1763	148.786	4.68257	1252.65 (2.7460396616851757,)
246	100  	97.0354	165.881	2.85336	1274.31 (2.7460396616851757,)
247	100  	85.8353	145.655	5.48266	1063.92 (2.7460396616851757,)
248	100  	78.6157	154.282	4.4939 	1275.8  (2.7460396616851757,)
249	100  	86.1026	144.513	3.27519	1144.48 (2.7460396616851757,)
250	100  	89.9349	149.074	3.5814 	1252.05 (2.7460396616851757,)
251	100  	97.9853	146.065	3.65123	1198.54 (2.7460396616851757,)
252	100  	92.3391	161.781	3.23099	1297.17 (2.7460396616851757,)
253	100  	90.1246	159.539	3.74663	1241.16 (2.7460396616851757,)
254	100  	97.5984	167.166	3.42079	1308.72 (2.7460396616851757,)
255	100  	91.7034	151.752	3.70746	1168.51 (2.7460396616851757,)
256	100  	91.9901	152.178	5.07966	1227.7  (2.7460396616851757,)
257	100  	83.7282	139.143	5.39796	1140.03 (2.7460396616851757,)
258	100  	103.363	153.161	3.40311	1080    (2.7460396616851757,)
259	100  	98.6665	143.182	3.32803	1094.42 (2.7460396616851757,)
260	100  	106.009	147.98 	3.11977	1194.33 (2.7460396616851757,)
261	100  	99.2349	157.453	3.96296	1195.6  (2.7460396616851757,)
262	100  	98.0415	156.921	3.83105	1297.74 (2.7460396616851757,)
263	100  	103.649	165.707	3.25267	1240.58 (2.7460396616851757,)
264	100  	90.3413	151.679	4.76886	1203.81 (2.7460396616851757,)
265	100  	89.6131	150.429	3.28129	1219.99 (2.7460396616851757,)
266	100  	84.5982	153.271	3.43957	1178.76 (2.7460396616851757,)
267	100  	97.9708	160.626	3.73908	1259.29 (2.7460396616851757,)
268	100  	92.458 	148.521	3.346  	1192.77 (2.7460396616851757,)
269	100  	92.3553	140.201	4.4037 	1049.62 (2.7460396616851757,)
270	100  	80.8147	139.203	3.70759	1242.96 (2.7460396616851757,)
271	100  	90.6076	148.347	2.87123	1253.17 (2.7460396616851757,)
272	100  	82.1639	158.678	3.24016	1353.34 (2.7460396616851757,)
273	100  	89.6223	143.957	3.02425	1080.99 (2.7460396616851757,)
274	100  	86.8249	143.412	4.0805 	1235.18 (2.7460396616851757,)
275	100  	94.7481	156.384	2.43145	1273.82 (2.431451254873505,)
276	100  	95.035 	140.993	5.24226	1082.11 (2.431451254873505,)
277	100  	91.5   	97.0348	3.32992	801.394 (2.431451254873505,)
278	100  	79.793 	112.411	4.5087 	1009.75 (2.431451254873505,)
279	100  	76.0111	95.172 	4.68236	829.157 (2.431451254873505,)
280	100  	84.1665	96.1365	3.58747	796.585 (2.431451254873505,)
281	100  	82.7619	104.485	3.23772	874.344 (2.431451254873505,)
282	100  	85.3054	96.4812	2.75365	810.471 (2.431451254873505,)
283	100  	86.4035	112.779	3.7939 	904.745 (2.431451254873505,)
284	100  	84.6886	109.722	3.20528	852.449 (2.431451254873505,)
285	100  	95.8013	119.08 	2.73146	1052.38 (2.431451254873505,)
286	100  	93.0782	113.473	3.09944	926.592 (2.431451254873505,)
287	100  	83.8397	124.373	4.41025	1059.25 (2.431451254873505,)
288	100  	84.6778	112.97 	4.71558	987.419 (2.431451254873505,)
289	100  	81.9213	109.293	2.85792	913.81  (2.431451254873505,)
290	100  	84.11  	104.164	3.23315	886.342 (2.431451254873505,)
291	100  	89.7773	105.886	2.91522	846.288 (2.431451254873505,)
292	100  	82.6857	95.7452	3.65944	669.467 (2.431451254873505,)
293	100  	89.437 	85.0404	3.93216	593.912 (2.431451254873505,)
294	100  	108.117	105.577	3.80935	578.869 (2.431451254873505,)
295	100  	92.7155	106.174	5.06955	832.38  (2.431451254873505,)
296	100  	83.1976	93.0983	4.4697 	762.104 (2.431451254873505,)
297	100  	93.0344	110.841	3.0477 	907.932 (2.431451254873505,)
298	100  	86.5504	107.229	3.53493	886.152 (2.431451254873505,)
299	100  	93.3101	107.652	2.49771	782.739 (2.431451254873505,)
300	100  	92.2562	111.448	3.07633	843.501 (2.431451254873505,)
301	100  	84.724 	108.779	3.3046 	950.288 (2.431451254873505,)
302	100  	82.0059	109.313	2.89692	957.289 (2.431451254873505,)
303	100  	86.6511	100.534	5.62722	854.168 (2.431451254873505,)
304	100  	89.0332	94.4055	3.08798	686.281 (2.431451254873505,)
305	100  	81.9451	99.9096	3.46992	787.201 (2.431451254873505,)
306	100  	88.451 	95.6729	3.00109	690.534 (2.431451254873505,)
307	100  	95.267 	112.568	4.62347	844.929 (2.431451254873505,)
308	100  	85.0923	96.2994	3.09387	674.624 (2.431451254873505,)
309	100  	75.0266	111.087	2.72551	952.202 (2.431451254873505,)
310	100  	91.7297	102.149	3.42305	910.373 (2.431451254873505,)
311	100  	85.7509	106.427	3.45238	887.083 (2.431451254873505,)
312	100  	89.8892	99.2188	3.53003	712.838 (2.431451254873505,)
313	100  	81.5705	102.752	3.39634	928.34  (2.431451254873505,)
314	100  	84.9466	96.9757	3.24962	600.159 (2.431451254873505,)
315	100  	81.3689	100.269	5.36584	671.977 (2.431451254873505,)
316	100  	81.0587	106.699	3.70965	950.057 (2.431451254873505,)
317	100  	73.1161	85.562 	4.16908	700.782 (2.431451254873505,)
318	100  	86.0109	116.066	3.54241	975.282 (2.431451254873505,)
319	100  	80.8252	100.766	3.54891	848.928 (2.431451254873505,)
320	100  	94.5529	120.236	2.57788	1011.28 (2.431451254873505,)
321	100  	80.0935	93.8189	3.28435	787.132 (2.431451254873505,)
322	100  	88.2814	107.729	3.40071	975.657 (2.431451254873505,)
323	100  	76.8342	92.347 	2.78187	728.657 (2.431451254873505,)
324	100  	74.9715	101.672	3.27685	890.485 (2.431451254873505,)
325	100  	93.5882	108.374	3.36982	848.699 (2.431451254873505,)
326	100  	92.4736	102.742	3.21406	811.568 (2.431451254873505,)
327	100  	84.1147	94.6234	2.93984	749.061 (2.431451254873505,)
328	100  	73.8528	85.5941	2.79508	692.518 (2.431451254873505,)
329	100  	75.5043	101.474	3.2376 	827.216 (2.431451254873505,)
330	100  	75.0158	100.36 	4.13782	715.499 (2.431451254873505,)
331	100  	93.537 	116.652	4.90674	911.57  (2.431451254873505,)
332	100  	89.4764	96.4964	4.34704	768.777 (2.431451254873505,)
333	100  	88.647 	112.355	3.46049	936.539 (2.431451254873505,)
334	100  	82.7388	100.822	2.40095	856.133 (2.4009462093829925,)
335	100  	73.8537	104.113	3.30255	904.512 (2.4009462093829925,)
336	100  	91.3831	113.464	2.60756	968.39  (2.4009462093829925,)
337	100  	88.9481	108.309	4.06698	944.427 (2.4009462093829925,)
338	100  	80.5184	118.344	3.39115	1086.45 (2.4009462093829925,)
339	100  	82.1271	118.342	2.9738 	1050.3  (2.4009462093829925,)
340	100  	103.572	116.741	3.18928	842.315 (2.4009462093829925,)
341	100  	99.7265	119.889	2.88895	919.23  (2.4009462093829925,)
342	100  	82.462 	106.075	3.04899	918.994 (2.4009462093829925,)
343	100  	81.0405	106.714	2.55823	875.761 (2.4009462093829925,)
344	100  	86.6736	107.862	2.77285	926.415 (2.4009462093829925,)
345	100  	79.7456	91.1006	2.97907	684.489 (2.4009462093829925,)
346	100  	75.51  	103.966	3.59677	917.291 (2.4009462093829925,)
347	100  	94.0515	104.547	2.77197	787.241 (2.4009462093829925,)
348	100  	95.2984	113.513	2.87236	1018.91 (2.4009462093829925,)
349	100  	85.7282	111.361	3.20523	967.162 (2.4009462093829925,)
350	100  	83.9864	113.345	3.18991	969.887 (2.4009462093829925,)
351	100  	89.4606	105.086	2.71695	877.745 (2.4009462093829925,)
352	100  	84.6263	98.4022	3.63906	853.993 (2.4009462093829925,)
353	100  	86.4558	114.663	3.60073	885.244 (2.4009462093829925,)
354	100  	89.3808	113.043	2.65404	959.277 (2.4009462093829925,)
355	100  	91.4993	106.64 	3.01386	853.266 (2.4009462093829925,)
356	100  	98.825 	104.477	3.56911	744.43  (2.4009462093829925,)
357	100  	104.798	117.062	3.33236	909.619 (2.4009462093829925,)
358	100  	98.8733	99.993 	3.4273 	843.345 (2.4009462093829925,)
359	100  	88.0629	106.789	3.73049	928.307 (2.4009462093829925,)
360	100  	86.1172	96.533 	3.16434	768.816 (2.4009462093829925,)
361	100  	83.3126	113.18 	2.95119	875.684 (2.4009462093829925,)
362	100  	71.2495	111.239	2.42361	960.935 (2.4009462093829925,)
363	100  	85.6355	114.069	2.10313	976.482 (2.1031263391250166,)
364	100  	80.0246	113.655	3.44476	1026.99 (2.1031263391250166,)
365	100  	90.2354	111.617	2.50992	876.382 (2.1031263391250166,)
366	100  	93.1493	122.988	5.07154	1054.24 (2.1031263391250166,)
367	100  	93.8469	126.491	2.47072	1041.57 (2.1031263391250166,)
368	100  	87.9645	119.011	2.55952	996.4   (2.1031263391250166,)
369	100  	85.6754	104.345	3.21678	863.383 (2.1031263391250166,)
370	100  	90.1755	116.249	4.8057 	869.859 (2.1031263391250166,)
371	100  	82.3897	104.34 	2.99307	798.607 (2.1031263391250166,)
372	100  	97.4084	100.047	2.73088	722.3   (2.1031263391250166,)
373	100  	97.152 	98.6489	2.67007	632.297 (2.1031263391250166,)
374	100  	80.9156	110.152	3.11409	892.58  (2.1031263391250166,)
375	100  	80.9782	106.506	3.17721	797.948 (2.1031263391250166,)
376	100  	81.0774	102.997	2.72967	827.291 (2.1031263391250166,)
377	100  	88.9947	107.823	3.31011	845.549 (2.1031263391250166,)
378	100  	80.1423	101.354	2.38185	800.072 (2.1031263391250166,)
379	100  	93.2975	119.956	3.25019	1035.01 (2.1031263391250166,)
380	100  	88.5432	117.154	2.34444	982.167 (2.1031263391250166,)
381	100  	81.7115	97.029 	3.26074	771.052 (2.1031263391250166,)
382	100  	88.9933	102.939	2.94112	873.305 (2.1031263391250166,)
383	100  	86.2045	98.059 	2.16669	659.727 (2.1031263391250166,)
384	100  	90.0618	108.897	2.1916 	757.542 (2.1031263391250166,)
385	100  	74.3671	90.0955	3.02348	597.475 (2.1031263391250166,)
386	100  	90.816 	94.1252	2.48752	665.813 (2.1031263391250166,)
387	100  	70.9577	85.731 	2.72201	673.234 (2.1031263391250166,)
388	100  	82.6456	88.241 	2.11035	670.357 (2.1031263391250166,)
389	100  	87.7685	100.042	2.45396	765.104 (2.1031263391250166,)
390	100  	86.5569	98.965 	3.24662	784.577 (2.1031263391250166,)
391	100  	94.9664	112.951	3.52005	809.692 (2.1031263391250166,)
392	100  	93.2343	110.809	2.68612	940.255 (2.1031263391250166,)
393	100  	100.136	120.652	3.45457	936.254 (2.1031263391250166,)
394	100  	88.891 	100.578	2.92928	741.317 (2.1031263391250166,)
395	100  	79.0044	85.2305	3.10334	681.643 (2.1031263391250166,)
396	100  	84.8461	107.776	3.94923	869.415 (2.1031263391250166,)
397	100  	92.9087	107.116	2.064  	806.012 (2.0639992419489532,)
398	100  	82.011 	91.2849	2.74474	678.468 (2.0639992419489532,)
399	100  	83.6612	116.493	2.76985	943.941 (2.0639992419489532,)
400	100  	77.7138	98.9316	2.70119	759     (2.0639992419489532,)
401	100  	84.6067	120.837	2.90055	982.117 (2.0639992419489532,)
402	100  	86.5018	98.2674	4.72434	754.045 (2.0639992419489532,)
403	100  	85.8732	108.93 	2.9335 	764.802 (2.0639992419489532,)
404	100  	79.5866	96.8069	2.75719	740.602 (2.0639992419489532,)
405	100  	90.3206	106.403	2.40875	879.282 (2.0639992419489532,)
406	100  	83.348 	119.103	2.68349	1049.44 (2.0639992419489532,)
407	100  	84.8507	114.224	3.26509	896.695 (2.0639992419489532,)
408	100  	86.0275	116.054	2.74664	1009.53 (2.0639992419489532,)
409	100  	78.2041	102.351	2.35263	831.386 (2.0639992419489532,)
410	100  	84.6581	121.658	2.33486	1071.22 (2.0639992419489532,)
411	100  	76.4178	101.28 	2.09891	860.604 (2.0639992419489532,)
412	100  	77.2741	102.518	2.6429 	830.577 (2.0639992419489532,)
413	100  	79.2878	90.9369	3.01999	704.678 (2.0639992419489532,)
414	100  	87.9246	116.498	3.01254	983.947 (2.0639992419489532,)
415	100  	70.9542	94.3519	3.30992	790.487 (2.0639992419489532,)
416	100  	83.0823	115.8  	3.03243	1044.8  (2.0639992419489532,)
417	100  	106.359	128.323	2.52545	1040.87 (2.0639992419489532,)
418	100  	99.6635	124.103	3.00437	1019.48 (2.0639992419489532,)
419	100  	98.2971	121.996	3.42826	1095.68 (2.0639992419489532,)
420	100  	92.7534	121.89 	3.31483	1065.08 (2.0639992419489532,)
421	100  	87.6448	124.117	3.15839	1068.37 (2.0639992419489532,)
422	100  	81.504 	107.042	2.38502	832.347 (2.0639992419489532,)
423	100  	86.9322	99.4803	2.37161	828.242 (2.0639992419489532,)
424	100  	88.8348	91.2791	2.65672	701.479 (2.0639992419489532,)
425	100  	85.4848	98.9029	2.60612	682.398 (2.0639992419489532,)
426	100  	96.4998	98.4543	2.21617	772.005 (2.0639992419489532,)
427	100  	90.1681	109.449	2.87306	855.421 (2.0639992419489532,)
428	100  	85.3369	100.791	2.82144	837.463 (2.0639992419489532,)
429	100  	85.6454	111.003	2.50575	923.245 (2.0639992419489532,)
430	100  	78.0001	100.488	3.07743	811.881 (2.0639992419489532,)
431	100  	67.2983	92.2039	2.71459	760.901 (2.0639992419489532,)
432	100  	83.1197	102.558	2.8748 	867.811 (2.0639992419489532,)
433	100  	76.8495	112.153	2.46921	1008.21 (2.0639992419489532,)
434	100  	83.498 	124.383	2.43708	1047.09 (2.0639992419489532,)
435	100  	76.2754	99.3845	2.35901	851.236 (2.0639992419489532,)
436	100  	80.7952	93.0761	3.37228	743.807 (2.0639992419489532,)
437	100  	75.6202	84.4522	3.54799	710.052 (2.0639992419489532,)
438	100  	72.1922	88.0618	2.62607	664.632 (2.0639992419489532,)
439	100  	88.0262	107.168	3.21704	815.022 (2.0639992419489532,)
440	100  	82.9398	101.213	2.37434	771.993 (2.0639992419489532,)
441	100  	85.6119	110.849	2.6531 	910.663 (2.0639992419489532,)
442	100  	69.413 	87.6526	2.42977	750.107 (2.0639992419489532,)
443	100  	77.9939	90.8505	2.94695	727.316 (2.0639992419489532,)
444	100  	91.927 	104.412	2.30184	729.892 (2.0639992419489532,)
445	100  	92.0176	108.624	2.46487	839.293 (2.0639992419489532,)
446	100  	86.1835	122.033	2.44616	998.719 (2.0639992419489532,)
447	100  	81.2527	102.231	2.16068	868.456 (2.0639992419489532,)
448	100  	77.2603	112.055	3.43116	987.242 (2.0639992419489532,)
449	100  	84.5183	88.6035	2.71936	678.44  (2.0639992419489532,)
450	100  	80.9682	87.9917	3.44475	691.787 (2.0639992419489532,)
451	100  	82.9738	94.1345	2.29056	577.85  (2.0639992419489532,)
452	100  	78.5661	98.5679	3.57309	793.887 (2.0639992419489532,)
453	100  	69.0961	99.8045	4.61589	886.238 (2.0639992419489532,)
454	100  	77.9314	84.5211	2.59323	622.62  (2.0639992419489532,)
455	100  	83.6459	97.3769	5.01681	862.618 (2.0639992419489532,)
456	100  	75.2022	90.0659	2.76175	765.121 (2.0639992419489532,)
457	100  	94.5709	118.391	2.22577	920.371 (2.0639992419489532,)
458	100  	81.3591	89.9448	2.24948	697.802 (2.0639992419489532,)
459	100  	66.2379	106.868	2.48314	980.749 (2.0639992419489532,)
460	100  	71.0545	121.081	2.85017	961.221 (2.0639992419489532,)
461	100  	74.8029	103.589	2.65445	900.884 (2.0639992419489532,)
462	100  	106.283	139.285	2.35286	1077.99 (2.0639992419489532,)
463	100  	94.7354	108.724	2.30663	913.352 (2.0639992419489532,)
464	100  	84.6951	115.404	3.22061	974.562 (2.0639992419489532,)
465	100  	92.4308	111.491	2.82511	930.318 (2.0639992419489532,)
466	100  	89.3024	114.42 	2.87362	970.204 (2.0639992419489532,)
467	100  	93.3259	129.644	2.6546 	1140.52 (2.0639992419489532,)
468	100  	78.9451	122.005	2.46681	1098.31 (2.0639992419489532,)
469	100  	77.4585	115.419	3.04578	1093.77 (2.0639992419489532,)
470	100  	82.2708	116.816	2.14257	1052.49 (2.0639992419489532,)
471	100  	88.6582	113.963	2.71112	990.042 (2.0639992419489532,)
472	100  	84.966 	110.927	2.88582	886.146 (2.0639992419489532,)
473	100  	84.4662	94.1676	2.529  	718.21  (2.0639992419489532,)
474	100  	78.8393	99.6736	2.34322	825.932 (2.0639992419489532,)
475	100  	85.9183	103.985	2.59449	739.252 (2.0639992419489532,)
476	100  	84.8789	97.685 	2.95446	783.186 (2.0639992419489532,)
477	100  	89.4903	118.66 	2.39247	846.011 (2.0639992419489532,)
478	100  	86.745 	96.9605	2.98444	595.79  (2.0639992419489532,)
479	100  	82.1501	98.9652	2.58954	812.77  (2.0639992419489532,)
480	100  	89.9846	110.371	3.0146 	946.24  (2.0639992419489532,)
481	100  	77.3649	107.173	2.72487	917.254 (2.0639992419489532,)
482	100  	90.0455	112.065	3.19299	937.019 (2.0639992419489532,)
483	100  	88.7707	115.682	2.44191	845.71  (2.0639992419489532,)
484	100  	66.6031	99.8066	2.51541	877.024 (2.0639992419489532,)
485	100  	72.0816	95.6603	3.3776 	833.823 (2.0639992419489532,)
486	100  	66.3207	84.296 	2.18599	662.519 (2.0639992419489532,)
487	100  	75.8338	84.3606	1.92075	552.146 (1.9207546395924604,)
488	100  	82.6767	95.1854	2.8132 	679.997 (1.9207546395924604,)
489	100  	70.493 	89.2924	2.9964 	735.356 (1.9207546395924604,)
490	100  	84.2048	117.567	2.05836	972.653 (1.9207546395924604,)
491	100  	77.6185	114.253	3.16844	952.41  (1.9207546395924604,)
492	100  	92.1426	108.308	3.46995	855.39  (1.9207546395924604,)
493	100  	80.2989	128.406	2.74103	1131.22 (1.9207546395924604,)
494	100  	90.5415	117.066	3.19262	967.017 (1.9207546395924604,)
495	100  	81.3608	110.009	2.30449	1028.3  (1.9207546395924604,)
496	100  	86.2556	113.09 	2.53406	961.364 (1.9207546395924604,)
497	100  	79.3907	102.895	2.65135	930.967 (1.9207546395924604,)
498	100  	94.6146	99.7825	3.5089 	806.25  (1.9207546395924604,)
499	100  	102.346	136.45 	2.03484	1091.66 (1.9207546395924604,)
