In file included from /usr/lib/python2.7/dist-packages/numpy/core/include/numpy/ndarraytypes.h:1761:0,
                 from /usr/lib/python2.7/dist-packages/numpy/core/include/numpy/ndarrayobject.h:17,
                 from /usr/lib/python2.7/dist-packages/numpy/core/include/numpy/arrayobject.h:4,
                 from /home/pinojc/.cache/scipy/python27_compiled/sc_9bade30717731f645b30a512f757f0fa1496.cpp:22:
/usr/lib/python2.7/dist-packages/numpy/core/include/numpy/npy_1_7_deprecated_api.h:15:2: warning: #warning "Using deprecated NumPy API, disable it by " "#defining NPY_NO_DEPRECATED_API NPY_1_7_API_VERSION" [-Wcpp]
 #warning "Using deprecated NumPy API, disable it by " \
  ^
gen	evals	avg    	std    	min    	max    
0  	100  	807.498	348.039	88.7292	1438.94 (88.729232984539706,)
1  	100  	754.727	382.603	87.8313	1720.02 (87.831347920356407,)
2  	100  	655.407	359.135	32.9082	1462.04 (32.908155580229128,)
3  	100  	580.398	398.542	32.4962	1687.71 (32.496181444539012,)
4  	100  	530.542	370.458	54.008 	1656.17 (32.496181444539012,)
5  	100  	461.717	377.712	17.7235	1528.35 (17.72350426960914,)
6  	100  	404.781	363.248	21.4067	1579.74 (17.72350426960914,)
7  	100  	336.691	338.02 	15.8426	1542.7  (15.842556545644285,)
8  	100  	261.428	295.925	13.9348	1393.8  (13.934834937426086,)
9  	100  	235.549	277.343	12.9571	1214.51 (12.95705830588215,)
10 	100  	188.36 	272.432	12.1014	1289.25 (12.101443681153837,)
11 	100  	182.698	269.797	10.6092	1394.95 (10.609176517311528,)
12 	100  	189.574	268.653	9.74469	1412.52 (9.7446887915808169,)
13 	100  	171.128	271.19 	11.0484	1461.13 (9.7446887915808169,)
14 	100  	163.515	234.405	9.92074	1324.73 (9.7446887915808169,)
15 	100  	169.519	251.919	8.83338	1402.87 (8.8333804471407955,)
16 	100  	143.338	225.606	8.7609 	1392.99 (8.7609026336131617,)
17 	100  	167.069	249.848	8.55454	1354.68 (8.5545422596027372,)
18 	100  	141.638	241.356	8.2098 	1460.54 (8.2098010311748588,)
19 	100  	147.7  	261.108	9.42579	1462.99 (8.2098010311748588,)
20 	100  	156.526	237.714	8.38838	1345.11 (8.2098010311748588,)
21 	100  	154.75 	239.317	9.45463	1435.53 (8.2098010311748588,)
22 	100  	141.217	245.41 	9.02363	1347.12 (8.2098010311748588,)
23 	100  	143.115	229.877	8.3462 	1398.56 (8.2098010311748588,)
24 	100  	142.107	238.755	8.75098	1474.14 (8.2098010311748588,)
25 	100  	134.594	249.91 	7.97971	1496.22 (7.9797119716912803,)
26 	100  	119.015	228.163	7.66501	1417.8  (7.6650126182826481,)
27 	100  	138.692	254.818	8.1494 	1504.27 (7.6650126182826481,)
28 	100  	140.851	244.354	9.46834	1490.31 (7.6650126182826481,)
29 	100  	133.288	256.87 	8.36255	1419.16 (7.6650126182826481,)
30 	100  	136.531	232.437	7.39054	1348.9  (7.3905355127270367,)
31 	100  	133.899	225.435	7.09497	1439.6  (7.0949701229360249,)
32 	100  	132.823	232.5  	8.3268 	1512.14 (7.0949701229360249,)
33 	100  	130.807	226.062	7.88894	1481.87 (7.0949701229360249,)
34 	100  	122.024	205.906	6.82055	1418.14 (6.8205458007342301,)
35 	100  	124.844	228.744	7.48468	1357.46 (6.8205458007342301,)
36 	100  	132.304	225.358	7.92721	1367.31 (6.8205458007342301,)
37 	100  	124.318	221.392	7.25598	1267.51 (6.8205458007342301,)
38 	100  	122.835	223.063	7.4864 	1423.77 (6.8205458007342301,)
39 	100  	121.603	207.791	7.09225	1384.74 (6.8205458007342301,)
40 	100  	121.962	214.246	7.2975 	1355.16 (6.8205458007342301,)
41 	100  	117.585	203.893	6.23609	1353.37 (6.2360927158486463,)
42 	100  	124.644	220.998	7.57641	1473.45 (6.2360927158486463,)
43 	100  	125.346	241.412	6.82027	1338.53 (6.2360927158486463,)
44 	100  	115.417	214.409	6.90328	1345.34 (6.2360927158486463,)
45 	100  	117.523	195.851	7.77735	1338.16 (6.2360927158486463,)
46 	100  	126.315	206.128	7.33438	1369.02 (6.2360927158486463,)
47 	100  	125.543	217.439	7.85828	1400.64 (6.2360927158486463,)
48 	100  	120.038	227.298	6.95265	1438.5  (6.2360927158486463,)
49 	100  	115.884	223.86 	6.51201	1415.46 (6.2360927158486463,)
50 	100  	112.719	213.499	7.3191 	1334.48 (6.2360927158486463,)
51 	100  	114.449	195.473	7.70552	1346.82 (6.2360927158486463,)
52 	100  	114.534	199.458	7.35884	1249.68 (6.2360927158486463,)
53 	100  	116.38 	213.715	7.12433	1424.62 (6.2360927158486463,)
54 	100  	112.037	214.249	7.57381	1468.62 (6.2360927158486463,)
55 	100  	107.683	214.711	6.53573	1540.29 (6.2360927158486463,)
56 	100  	110.122	202.757	7.07199	1365.39 (6.2360927158486463,)
57 	100  	104.661	213.881	7.02201	1550.87 (6.2360927158486463,)
58 	100  	101.26 	190.674	6.02138	1395.66 (6.0213774737829562,)
59 	100  	87.7689	182.935	6.30835	1383.51 (6.0213774737829562,)
60 	100  	101.637	197.613	5.78222	1412.36 (5.7822177068791305,)
61 	100  	121.737	221.591	6.74607	1489.97 (5.7822177068791305,)
62 	100  	117.246	211.361	7.5888 	1471.84 (5.7822177068791305,)
63 	100  	116.444	220.991	6.73202	1417.32 (5.7822177068791305,)
64 	100  	118.529	230.91 	5.53838	1551.73 (5.5383826146618818,)
65 	100  	137.494	226.203	5.62644	1405.72 (5.5383826146618818,)
66 	100  	128.891	233.733	5.221  	1361.23 (5.2209987347925422,)
67 	100  	129.086	226.035	5.79298	1326.85 (5.2209987347925422,)
68 	100  	117.774	226.112	5.64212	1417.29 (5.2209987347925422,)
69 	100  	128.36 	225.804	6.94518	1455.75 (5.2209987347925422,)
70 	100  	117.989	223.313	5.81371	1417.22 (5.2209987347925422,)
71 	100  	127.454	218.983	4.5735 	1465.76 (4.5735000318291332,)
72 	100  	117.761	196.588	5.5371 	1392.64 (4.5735000318291332,)
73 	100  	125.573	205.727	7.78239	1302.29 (4.5735000318291332,)
74 	100  	119.846	198.973	5.12163	1242.78 (4.5735000318291332,)
75 	100  	131.509	219.892	5.61774	1372.64 (4.5735000318291332,)
76 	100  	120.051	217.769	4.19156	1272.14 (4.1915568249936834,)
77 	100  	109.994	216.007	6.42453	1301    (4.1915568249936834,)
78 	100  	120.388	215.116	5.17073	1398.31 (4.1915568249936834,)
79 	100  	121.173	224.336	6.5285 	1478.94 (4.1915568249936834,)
80 	100  	120.498	227.788	4.78594	1468.03 (4.1915568249936834,)
81 	100  	111.995	216.327	4.4754 	1399.33 (4.1915568249936834,)
82 	100  	119.817	222.896	5.64762	1235.41 (4.1915568249936834,)
83 	100  	108.537	230.782	4.99023	1377.51 (4.1915568249936834,)
84 	100  	122.854	226.096	5.64919	1371.49 (4.1915568249936834,)
85 	100  	117.907	224.962	4.57463	1345.92 (4.1915568249936834,)
86 	100  	124.718	228.102	4.39402	1399.47 (4.1915568249936834,)
87 	100  	121.419	229.466	4.44298	1353.7  (4.1915568249936834,)
88 	100  	126.209	222.991	5.55269	1331.55 (4.1915568249936834,)
89 	100  	130.147	229.887	5.46672	1386.91 (4.1915568249936834,)
90 	100  	140.545	233.21 	4.1773 	1400.07 (4.1773005700786836,)
91 	100  	123.503	213.575	4.28844	1413.84 (4.1773005700786836,)
92 	100  	121.689	215.537	5.24708	1425.2  (4.1773005700786836,)
93 	100  	135.816	227.436	4.72426	1418.76 (4.1773005700786836,)
94 	100  	127.338	213.909	5.00592	1466.86 (4.1773005700786836,)
95 	100  	110.869	198.335	4.36517	1484.46 (4.1773005700786836,)
96 	100  	111.932	204.169	4.75864	1475.61 (4.1773005700786836,)
97 	100  	120.678	213.672	4.52051	1390.73 (4.1773005700786836,)
98 	100  	116.007	208.329	3.99285	1310.54 (3.9928513142899598,)
99 	100  	126.649	220.647	4.28369	1366.48 (3.9928513142899598,)
100	100  	137.139	212.051	5.35442	1360.63 (3.9928513142899598,)
101	100  	111.148	216.739	4.35713	1357.41 (3.9928513142899598,)
102	100  	133.288	225.057	4.83082	1299.13 (3.9928513142899598,)
103	100  	121.547	194.164	4.79524	1120.13 (3.9928513142899598,)
104	100  	132.717	194.449	4.06986	1102.37 (3.9928513142899598,)
105	100  	121.265	199.89 	5.34559	1072.67 (3.9928513142899598,)
106	100  	140.264	193.513	5.48813	1226.19 (3.9928513142899598,)
107	100  	131.428	179.435	4.77707	1043.87 (3.9928513142899598,)
108	100  	117.107	182.714	4.51019	1112.74 (3.9928513142899598,)
109	100  	110.277	169.964	3.5206 	963.646 (3.5205978090800811,)
110	100  	109.551	171.334	5.62763	1064.54 (3.5205978090800811,)
111	100  	118.255	192.477	4.99744	1118.01 (3.5205978090800811,)
112	100  	113.436	166.575	4.44055	1080.51 (3.5205978090800811,)
113	100  	114.962	184.033	3.62166	1061.32 (3.5205978090800811,)
114	100  	101.873	171.833	3.75862	1001.35 (3.5205978090800811,)
115	100  	97.321 	157.567	7.30001	1031.29 (3.5205978090800811,)
116	100  	113.258	182.689	3.76906	1160.66 (3.5205978090800811,)
117	100  	101.37 	171.513	3.89469	1054.09 (3.5205978090800811,)
118	100  	115.261	162.708	3.96525	1086.23 (3.5205978090800811,)
119	100  	98.4052	145.756	4.61894	916.059 (3.5205978090800811,)
120	100  	115.621	176.512	5.17038	1057.59 (3.5205978090800811,)
121	100  	116.699	170.63 	4.48593	1022.97 (3.5205978090800811,)
122	100  	110.426	178.286	4.17176	1071.94 (3.5205978090800811,)
123	100  	102.981	169.919	4.38194	1018.3  (3.5205978090800811,)
124	100  	101.197	159.464	4.27921	997.042 (3.5205978090800811,)
125	100  	105.122	177.664	4.38285	1060.79 (3.5205978090800811,)
126	100  	105.608	182.145	4.15175	1030.57 (3.5205978090800811,)
127	100  	106.516	157.967	5.29835	909.254 (3.5205978090800811,)
128	100  	106.173	156.308	4.26247	1035.7  (3.5205978090800811,)
129	100  	110.746	155.594	4.13206	1017.91 (3.5205978090800811,)
130	100  	109.493	151.046	3.56324	927.5   (3.5205978090800811,)
131	100  	101.612	175.181	3.82121	1039.64 (3.5205978090800811,)
132	100  	105.455	197.885	5.78544	1240.54 (3.5205978090800811,)
133	100  	108.54 	203.052	3.19105	1285.81 (3.191051654718601,)
134	100  	106.042	189.948	4.31146	1196.87 (3.191051654718601,)
135	100  	112.15 	199.372	5.00826	1232.45 (3.191051654718601,)
136	100  	104.997	176.386	5.25778	1099.89 (3.191051654718601,)
137	100  	99.5798	147.66 	3.66635	1016.79 (3.191051654718601,)
138	100  	103.16 	152.198	4.51859	987.614 (3.191051654718601,)
139	100  	111.212	173.869	4.36355	1062.34 (3.191051654718601,)
140	100  	111.619	182.909	3.66374	1096.03 (3.191051654718601,)
141	100  	114.662	171.495	3.85215	1020.9  (3.191051654718601,)
142	100  	106.599	181.591	3.7773 	1124.7  (3.191051654718601,)
143	100  	117.896	171.401	3.81413	1111.08 (3.191051654718601,)
144	100  	104.834	166.485	2.79875	1177.34 (2.7987453263784157,)
145	100  	108.096	161.23 	3.62907	1140.62 (2.7987453263784157,)
146	100  	94.1172	145.971	3.11316	1100.38 (2.7987453263784157,)
147	100  	106.916	155.089	4.42749	1119.94 (2.7987453263784157,)
148	100  	115.438	174.957	3.44773	1076.08 (2.7987453263784157,)
149	100  	124.204	168.154	4.79965	1280.18 (2.7987453263784157,)
150	100  	111.115	186.573	2.85424	1199.18 (2.7987453263784157,)
151	100  	108.152	182.363	3.56611	1178.8  (2.7987453263784157,)
152	100  	123.696	184.314	3.16131	1052.32 (2.7987453263784157,)
153	100  	113.754	182.33 	4.6659 	1167.08 (2.7987453263784157,)
154	100  	118.619	168.602	3.48909	1144.46 (2.7987453263784157,)
155	100  	111.751	176.58 	3.61649	1137.78 (2.7987453263784157,)
156	100  	101.816	174.789	3.21278	1172.89 (2.7987453263784157,)
157	100  	103.481	167.775	3.39508	1196.92 (2.7987453263784157,)
158	100  	94.7588	166.969	3.83618	1004.77 (2.7987453263784157,)
159	100  	119.726	174.124	3.4548 	1076.93 (2.7987453263784157,)
160	100  	112.426	180.683	5.21118	1123.25 (2.7987453263784157,)
161	100  	110.75 	168.183	4.28856	1190.02 (2.7987453263784157,)
162	100  	112.166	159.622	4.66963	1077.65 (2.7987453263784157,)
163	100  	117.352	173.077	4.45823	1152.18 (2.7987453263784157,)
164	100  	108.009	194.335	5.81712	1238.14 (2.7987453263784157,)
165	100  	109.072	178.186	2.89711	1140.83 (2.7987453263784157,)
166	100  	118.485	167.532	3.4731 	1031.48 (2.7987453263784157,)
167	100  	114.458	167.933	2.92561	1057.3  (2.7987453263784157,)
168	100  	122.351	185.167	4.25618	1139.94 (2.7987453263784157,)
169	100  	124.313	189.078	2.73695	1144.58 (2.736954815786814,)
170	100  	105.485	174.548	3.73344	1048.73 (2.736954815786814,)
171	100  	105.588	173.688	3.6548 	1075.98 (2.736954815786814,)
172	100  	112.106	191.332	3.75308	1246.38 (2.736954815786814,)
173	100  	104.126	182.528	3.4812 	1232.3  (2.736954815786814,)
174	100  	112.885	161.314	5.41908	1051.58 (2.736954815786814,)
175	100  	114.586	174.445	3.61694	1196.15 (2.736954815786814,)
176	100  	107.879	178.983	3.87553	1146.56 (2.736954815786814,)
177	100  	114.41 	172.005	4.76001	1105.26 (2.736954815786814,)
178	100  	103.759	167.029	4.033  	1031.85 (2.736954815786814,)
179	100  	113.209	190.991	5.56096	1172.44 (2.736954815786814,)
180	100  	120.737	192.187	3.35747	1222.14 (2.736954815786814,)
181	100  	108.898	173.469	3.50567	1152.14 (2.736954815786814,)
182	100  	121.246	188.869	3.38904	1221.27 (2.736954815786814,)
183	100  	110.727	170.727	2.9954 	1129.92 (2.736954815786814,)
184	100  	107.768	152.478	4.23806	908.298 (2.736954815786814,)
185	100  	96.4809	161.041	3.74118	1000.18 (2.736954815786814,)
186	100  	106.912	158.405	3.60259	1006.09 (2.736954815786814,)
187	100  	113.627	171.66 	3.00902	1113.83 (2.736954815786814,)
188	100  	117.809	172.839	3.24132	1181.16 (2.736954815786814,)
189	100  	109.188	161.604	3.45107	1026.28 (2.736954815786814,)
190	100  	96.0881	153.838	3.1325 	1062.75 (2.736954815786814,)
191	100  	123.361	183.14 	3.84087	1083.35 (2.736954815786814,)
192	100  	108.715	179.125	3.95494	1204.62 (2.736954815786814,)
193	100  	115.962	176.25 	3.8813 	1089.77 (2.736954815786814,)
194	100  	112.342	173.625	3.54653	1072.2  (2.736954815786814,)
195	100  	114.594	171.491	3.42675	1078.64 (2.736954815786814,)
196	100  	113.642	151.001	3.81254	1069.35 (2.736954815786814,)
197	100  	101.251	160.552	3.40255	1019.1  (2.736954815786814,)
198	100  	109.616	189.703	2.39499	1239.8  (2.3949890712320387,)
199	100  	108.698	175.84 	2.57947	1176.37 (2.3949890712320387,)
200	100  	104.729	155.777	4.16186	1120.23 (2.3949890712320387,)
201	100  	115.264	163.852	5.37788	1085.63 (2.3949890712320387,)
202	100  	122.034	173.884	4.2671 	1031.42 (2.3949890712320387,)
203	100  	121.644	171.803	3.3936 	1181.37 (2.3949890712320387,)
204	100  	117.409	183.617	2.96125	1231.64 (2.3949890712320387,)
205	100  	120.417	184.367	2.57344	1073.7  (2.3949890712320387,)
206	100  	114.81 	177.592	4.36505	1184.36 (2.3949890712320387,)
207	100  	103.193	188.812	3.39452	1285.22 (2.3949890712320387,)
208	100  	103.368	177.558	3.34523	1223.08 (2.3949890712320387,)
209	100  	98.0799	162.252	2.95206	977.339 (2.3949890712320387,)
210	100  	112.71 	186.961	3.82349	1087.84 (2.3949890712320387,)
211	100  	114.994	181.966	3.0224 	1199.04 (2.3949890712320387,)
212	100  	112.127	175.785	5.65026	1151.31 (2.3949890712320387,)
213	100  	109.73 	168.452	5.51922	1234.23 (2.3949890712320387,)
214	100  	105.281	168.987	2.31588	1148.66 (2.315876206074194,)
215	100  	98.0323	147.292	2.76248	1175.44 (2.315876206074194,)
216	100  	105.612	160.724	3.98367	1105.3  (2.315876206074194,)
217	100  	107.23 	169.36 	3.58848	1069.26 (2.315876206074194,)
218	100  	114.448	166.961	4.21723	1211.33 (2.315876206074194,)
219	100  	128.573	190.327	2.78714	1323.67 (2.315876206074194,)
220	100  	112.84 	181.221	2.40332	1139.14 (2.315876206074194,)
221	100  	92.607 	149.449	3.40127	989.954 (2.315876206074194,)
222	100  	108.652	181.724	2.92204	1265.38 (2.315876206074194,)
223	100  	102.01 	165.854	3.71776	1135.54 (2.315876206074194,)
224	100  	96.8608	152.696	2.56013	1038.76 (2.315876206074194,)
225	100  	107.924	172.433	4.85194	1122.92 (2.315876206074194,)
226	100  	121.695	184.101	4.65512	1245.17 (2.315876206074194,)
227	100  	109.643	162.823	5.86312	1054.57 (2.315876206074194,)
228	100  	116.618	175.314	3.87887	1069.28 (2.315876206074194,)
229	100  	109.864	173.57 	2.58351	1108.09 (2.315876206074194,)
230	100  	108.472	154.068	3.1917 	971.729 (2.315876206074194,)
231	100  	116.97 	176.005	5.54996	1072.34 (2.315876206074194,)
232	100  	104.989	168.116	3.71482	1129.34 (2.315876206074194,)
233	100  	101.051	140.303	3.54013	921.384 (2.315876206074194,)
234	100  	98.781 	146.853	4.50327	921.671 (2.315876206074194,)
235	100  	108.395	168.424	2.91788	1125.01 (2.315876206074194,)
236	100  	101.17 	141.15 	3.4858 	1021.34 (2.315876206074194,)
237	100  	107.789	130.343	4.06177	894.48  (2.315876206074194,)
238	100  	109.615	153.135	4.26613	955.342 (2.315876206074194,)
239	100  	113.462	159.059	3.48992	970.047 (2.315876206074194,)
240	100  	102.784	174.345	3.94168	1106.55 (2.315876206074194,)
241	100  	105.922	177.098	3.21241	1202.24 (2.315876206074194,)
242	100  	102.676	156.522	3.2635 	1018.1  (2.315876206074194,)
243	100  	104.03 	152.99 	2.79478	1077.62 (2.315876206074194,)
244	100  	113.887	161.05 	4.49088	1088.89 (2.315876206074194,)
245	100  	93.4614	152.595	2.56857	972.599 (2.315876206074194,)
246	100  	110.526	160.627	3.86178	1023.79 (2.315876206074194,)
247	100  	110.281	153.599	3.32197	1023.24 (2.315876206074194,)
248	100  	110.958	159.669	3.31413	1189.55 (2.315876206074194,)
249	100  	108.929	158.888	3.27027	1031.14 (2.315876206074194,)
250	100  	103.169	161.526	4.22394	1036.25 (2.315876206074194,)
251	100  	103.564	156.793	2.57906	1004.43 (2.315876206074194,)
252	100  	113.463	158.762	2.62573	974.335 (2.315876206074194,)
253	100  	126.945	168.338	5.27268	997.309 (2.315876206074194,)
254	100  	112.297	156.136	2.74855	978.235 (2.315876206074194,)
255	100  	100.166	148.099	3.85274	1014.52 (2.315876206074194,)
256	100  	95.2809	162.749	3.319  	975.304 (2.315876206074194,)
257	100  	103.359	170.497	2.29718	1046.69 (2.2971822942286795,)
258	100  	95.5154	171.208	2.4186 	1095.41 (2.2971822942286795,)
259	100  	122.357	188.908	3.25049	1211.48 (2.2971822942286795,)
260	100  	106.3  	173.761	3.0899 	1181.55 (2.2971822942286795,)
261	100  	111.419	173.239	4.10905	1158.47 (2.2971822942286795,)
262	100  	105.645	176.27 	4.01439	1155.15 (2.2971822942286795,)
263	100  	116.67 	167.466	3.41308	1111.78 (2.2971822942286795,)
264	100  	106.914	157.43 	3.58864	1049.89 (2.2971822942286795,)
265	100  	106.12 	168.078	2.7923 	1154.43 (2.2971822942286795,)
266	100  	101.702	157.519	2.72597	982.72  (2.2971822942286795,)
267	100  	115.94 	152.638	4.26812	910.259 (2.2971822942286795,)
268	100  	106.217	171.766	2.97535	1121.76 (2.2971822942286795,)
269	100  	99.4175	159.285	4.10683	1022.21 (2.2971822942286795,)
270	100  	113.816	165.99 	2.56069	1053.36 (2.2971822942286795,)
271	100  	102.743	166.241	4.53309	1099.04 (2.2971822942286795,)
272	100  	111.567	168.531	3.50893	1046.03 (2.2971822942286795,)
273	100  	106.412	171.826	3.035  	1175.01 (2.2971822942286795,)
274	100  	120.412	157.77 	3.35733	1053.99 (2.2971822942286795,)
275	100  	116.285	186.503	3.26129	1152.07 (2.2971822942286795,)
276	100  	107.836	178.236	2.76147	1193.29 (2.2971822942286795,)
277	100  	105.329	178.202	3.3613 	1158.83 (2.2971822942286795,)
278	100  	113.883	169.561	5.77707	1115.49 (2.2971822942286795,)
279	100  	118.657	176.281	4.41037	1106.61 (2.2971822942286795,)
280	100  	101.275	173.956	3.25639	1065.51 (2.2971822942286795,)
281	100  	107.961	171.543	3.17777	1117.16 (2.2971822942286795,)
282	100  	110.503	163.828	2.77769	1137.68 (2.2971822942286795,)
283	100  	124.383	177.872	2.6775 	1089.2  (2.2971822942286795,)
284	100  	104.739	159.428	3.68051	1000.66 (2.2971822942286795,)
285	100  	102.212	155.125	3.10636	934.999 (2.2971822942286795,)
286	100  	95.0924	163.312	3.96891	1136.91 (2.2971822942286795,)
287	100  	105.241	161.515	3.24522	940.339 (2.2971822942286795,)
288	100  	87.5512	154.942	2.60278	1024.1  (2.2971822942286795,)
289	100  	106.162	170.1  	3.05268	1155.83 (2.2971822942286795,)
290	100  	100.629	170.796	2.4916 	1083.58 (2.2971822942286795,)
291	100  	118.711	163.939	3.49193	1208.1  (2.2971822942286795,)
292	100  	102.045	151.394	3.05966	1080.75 (2.2971822942286795,)
293	100  	119.437	158.214	3.64925	937.722 (2.2971822942286795,)
294	100  	103.231	168.263	2.64365	1053.34 (2.2971822942286795,)
295	100  	100.82 	148.356	4.84269	989.684 (2.2971822942286795,)
296	100  	106.086	183.08 	2.98399	1159.38 (2.2971822942286795,)
297	100  	107.45 	181.798	3.35875	1162.45 (2.2971822942286795,)
298	100  	99.5601	159.662	2.66955	1040.72 (2.2971822942286795,)
299	100  	95.7544	163.839	2.41221	1043.24 (2.2971822942286795,)
300	100  	113.039	164.567	2.93583	1101.7  (2.2971822942286795,)
301	100  	100.38 	174.531	2.61927	1102.04 (2.2971822942286795,)
302	100  	102.792	171.569	4.47052	1170.2  (2.2971822942286795,)
303	100  	106.977	169.473	2.70491	1041.3  (2.2971822942286795,)
304	100  	105.432	168.151	3.1634 	1121.31 (2.2971822942286795,)
305	100  	110.069	181.111	3.49486	1123.15 (2.2971822942286795,)
306	100  	126.543	179.507	2.39528	1033.42 (2.2971822942286795,)
307	100  	109.846	183.966	4.00327	1142.84 (2.2971822942286795,)
308	100  	104.818	138.895	3.41117	871.986 (2.2971822942286795,)
309	100  	97.4444	154.072	3.73558	1061.89 (2.2971822942286795,)
310	100  	111.955	149.231	3.21851	890.843 (2.2971822942286795,)
311	100  	105.834	157.074	2.79385	976.51  (2.2971822942286795,)
312	100  	126.024	166.34 	5.41978	1126.58 (2.2971822942286795,)
313	100  	122.049	177.729	2.54764	976.461 (2.2971822942286795,)
314	100  	110.02 	167.797	3.42668	1063.81 (2.2971822942286795,)
315	100  	107.203	148.252	3.58882	910.846 (2.2971822942286795,)
316	100  	115.329	170.902	2.92454	1072.25 (2.2971822942286795,)
317	100  	112.787	163.36 	3.84246	1113.39 (2.2971822942286795,)
318	100  	107.62 	151.317	3.68378	992.446 (2.2971822942286795,)
319	100  	111.445	162.905	2.91061	1051.83 (2.2971822942286795,)
320	100  	95.0062	152.522	3.2759 	924.428 (2.2971822942286795,)
321	100  	104.36 	158.373	2.50957	985.885 (2.2971822942286795,)
322	100  	111.291	183.324	4.31769	1219.62 (2.2971822942286795,)
323	100  	108.735	186.287	3.65845	1122.22 (2.2971822942286795,)
324	100  	115.857	191.858	2.63067	1189.02 (2.2971822942286795,)
325	100  	100.368	162.463	3.78034	1002.71 (2.2971822942286795,)
326	100  	105.689	185.754	4.10838	1229.86 (2.2971822942286795,)
327	100  	106.205	158.749	2.72341	941.426 (2.2971822942286795,)
328	100  	103.404	163.838	3.20916	1106.97 (2.2971822942286795,)
329	100  	100.025	163.106	3.79326	1030.78 (2.2971822942286795,)
330	100  	112.468	165.156	3.32218	1019.66 (2.2971822942286795,)
331	100  	113.91 	159.423	2.09455	1098.29 (2.0945487747785783,)
332	100  	99.7938	130.359	3.49669	826.876 (2.0945487747785783,)
333	100  	104.828	174.956	3.35847	1086.29 (2.0945487747785783,)
334	100  	107.886	153.795	4.78692	1087.93 (2.0945487747785783,)
335	100  	112.052	172.316	2.57835	1116.24 (2.0945487747785783,)
336	100  	114.486	154.538	2.97079	1024.69 (2.0945487747785783,)
337	100  	118.209	156.154	2.58179	1091.28 (2.0945487747785783,)
338	100  	110.721	170.581	3.35914	1065.22 (2.0945487747785783,)
339	100  	108.91 	154.479	3.02215	968.212 (2.0945487747785783,)
340	100  	115.455	169.313	2.76014	1032.44 (2.0945487747785783,)
341	100  	116.003	169.507	4.37662	1142.25 (2.0945487747785783,)
342	100  	118.683	173.488	4.0963 	1069.94 (2.0945487747785783,)
343	100  	105.017	168.994	3.22711	1003.74 (2.0945487747785783,)
344	100  	91.5285	169.593	2.7063 	1171.07 (2.0945487747785783,)
345	100  	102.045	150.03 	3.23672	947.659 (2.0945487747785783,)
346	100  	110.319	160.597	2.47637	1002.86 (2.0945487747785783,)
347	100  	104.752	164.827	3.74897	984.666 (2.0945487747785783,)
348	100  	120.388	169.703	4.03367	1064.27 (2.0945487747785783,)
349	100  	123.062	167.421	5.04846	1140.84 (2.0945487747785783,)
350	100  	102.332	162.648	3.26963	1100.9  (2.0945487747785783,)
351	100  	111.963	168.09 	4.06556	1225.63 (2.0945487747785783,)
352	100  	116.812	179.384	3.66679	1214.02 (2.0945487747785783,)
353	100  	123.858	186.321	3.3821 	1197.7  (2.0945487747785783,)
354	100  	122.661	162.321	2.67739	987.425 (2.0945487747785783,)
355	100  	122.12 	164.619	2.53203	1177.52 (2.0945487747785783,)
356	100  	110.031	176.716	3.35165	1167.1  (2.0945487747785783,)
357	100  	98.0733	166.2  	3.32662	1175.24 (2.0945487747785783,)
358	100  	95.3735	161.294	3.36108	1135    (2.0945487747785783,)
359	100  	109.683	165.414	3.11735	1127.55 (2.0945487747785783,)
360	100  	119.202	167.962	3.56238	947.77  (2.0945487747785783,)
361	100  	108.31 	158.108	3.96834	985.352 (2.0945487747785783,)
362	100  	106.35 	177.014	3.1939 	1152.06 (2.0945487747785783,)
363	100  	122.305	169.371	3.3312 	1078.28 (2.0945487747785783,)
364	100  	119.625	161.484	2.9    	1068.62 (2.0945487747785783,)
365	100  	107.26 	166.313	2.37282	1075.2  (2.0945487747785783,)
366	100  	120.282	173.702	2.78162	1025.26 (2.0945487747785783,)
367	100  	114.703	170.306	2.68393	1011.94 (2.0945487747785783,)
368	100  	109.154	177.143	2.66682	1121.16 (2.0945487747785783,)
369	100  	110.561	177.729	3.06486	1331.96 (2.0945487747785783,)
370	100  	120.01 	183.072	2.382  	1185.37 (2.0945487747785783,)
371	100  	119.773	186.537	2.76329	1242.42 (2.0945487747785783,)
372	100  	105.479	181.456	2.95386	1211.41 (2.0945487747785783,)
373	100  	119.99 	178.522	2.53196	1183.6  (2.0945487747785783,)
374	100  	109.076	178.216	2.78744	1108.19 (2.0945487747785783,)
375	100  	114.585	187.099	2.04525	1208.75 (2.0452519478512219,)
376	100  	106.764	172.321	2.62118	1064.81 (2.0452519478512219,)
377	100  	116.347	155.669	2.61204	1071    (2.0452519478512219,)
378	100  	115.657	167.935	2.7556 	1033.43 (2.0452519478512219,)
379	100  	117.109	167.458	2.22481	966.956 (2.0452519478512219,)
380	100  	119.88 	171.483	2.80698	1077.76 (2.0452519478512219,)
381	100  	112.398	164.79 	6.55567	1057.93 (2.0452519478512219,)
382	100  	111.735	177.431	2.4521 	1224.45 (2.0452519478512219,)
383	100  	118.67 	191.67 	4.2769 	1209.02 (2.0452519478512219,)
384	100  	112.766	196.444	2.29747	1208.44 (2.0452519478512219,)
385	100  	105.668	169.424	3.22761	1089.42 (2.0452519478512219,)
386	100  	106.408	142.506	2.75616	953.568 (2.0452519478512219,)
387	100  	104.285	159.904	3.52456	938.105 (2.0452519478512219,)
388	100  	117.609	163.478	4.10854	1002.12 (2.0452519478512219,)
389	100  	109.801	165.924	3.41508	1165.81 (2.0452519478512219,)
390	100  	116.266	161.808	2.04035	1097.39 (2.0403521801783859,)
391	100  	119.824	168.726	3.5316 	1097.92 (2.0403521801783859,)
392	100  	113.475	176.469	2.23148	1244.42 (2.0403521801783859,)
393	100  	105.454	177.636	2.4449 	1207.42 (2.0403521801783859,)
394	100  	110.456	155.28 	2.68035	1215.65 (2.0403521801783859,)
395	100  	112.203	154.965	2.27793	933.411 (2.0403521801783859,)
396	100  	116.307	163.998	2.7852 	1148.6  (2.0403521801783859,)
397	100  	116.929	187.537	3.3695 	1309.91 (2.0403521801783859,)
398	100  	110.438	173.041	2.20625	1214.3  (2.0403521801783859,)
399	100  	100.923	171.886	2.78031	1193.31 (2.0403521801783859,)
400	100  	98.3056	171.374	3.48242	1067.77 (2.0403521801783859,)
401	100  	102.532	175.565	1.79929	1191.68 (1.7992859816197058,)
402	100  	97.2808	156.117	2.87445	950.436 (1.7992859816197058,)
403	100  	99.3288	149.792	2.78788	893.038 (1.7992859816197058,)
404	100  	108.864	160.566	2.55362	990.362 (1.7992859816197058,)
405	100  	98.2662	148.732	2.37009	986.523 (1.7992859816197058,)
406	100  	91.2399	162.816	1.87837	1062.07 (1.7992859816197058,)
407	100  	93.9221	148.459	2.4361 	1051.28 (1.7992859816197058,)
408	100  	83.0834	135.688	2.3693 	842.18  (1.7992859816197058,)
409	100  	114.93 	159.494	5.42824	1095.67 (1.7992859816197058,)
410	100  	121.082	167.929	2.88663	1035.06 (1.7992859816197058,)
411	100  	127.173	175.878	6.33401	1093.08 (1.7992859816197058,)
412	100  	121.386	168.245	4.08887	1092.76 (1.7992859816197058,)
413	100  	117.598	189.139	3.98087	1161.95 (1.7992859816197058,)
414	100  	113.984	190.509	2.44446	1221.55 (1.7992859816197058,)
415	100  	119.968	175.962	2.94676	1150.6  (1.7992859816197058,)
416	100  	107.737	163.987	3.75194	1078.64 (1.7992859816197058,)
417	100  	97.3921	170.134	2.27271	1186.18 (1.7992859816197058,)
418	100  	103.92 	156.597	2.61823	1158.85 (1.7992859816197058,)
419	100  	103.444	169.194	2.47674	1184.82 (1.7992859816197058,)
420	100  	104.336	180.968	3.40375	1078.24 (1.7992859816197058,)
421	100  	109.177	169.002	4.238  	1065.68 (1.7992859816197058,)
422	100  	116.553	172.596	3.15348	1215.19 (1.7992859816197058,)
423	100  	102.32 	168.102	3.72389	1109.49 (1.7992859816197058,)
424	100  	116.953	171.622	2.47173	1127.28 (1.7992859816197058,)
425	100  	110.929	167.608	3.24596	1103.77 (1.7992859816197058,)
426	100  	119.928	170.761	3.06936	1105.96 (1.7992859816197058,)
427	100  	110.653	155.804	2.96434	1026.78 (1.7992859816197058,)
428	100  	107.523	163.604	3.59074	1125.12 (1.7992859816197058,)
429	100  	108.094	165.237	5.27679	1161.49 (1.7992859816197058,)
430	100  	102.228	186.212	3.81524	1223.44 (1.7992859816197058,)
431	100  	104.043	187.152	2.59622	1174.2  (1.7992859816197058,)
432	100  	100.92 	177.765	3.91848	1088.18 (1.7992859816197058,)
433	100  	106.419	164.287	3.85492	1140.57 (1.7992859816197058,)
434	100  	107.757	173.062	1.86715	1165.78 (1.7992859816197058,)
435	100  	110.286	162.02 	2.31765	998.729 (1.7992859816197058,)
436	100  	111.951	167.426	3.16351	1136.28 (1.7992859816197058,)
437	100  	110.262	165.753	2.5985 	1150.91 (1.7992859816197058,)
438	100  	105.429	169.329	2.73976	1224.06 (1.7992859816197058,)
439	100  	96.7697	163.16 	2.77926	1106.55 (1.7992859816197058,)
440	100  	106.216	164.074	2.77923	1071.51 (1.7992859816197058,)
441	100  	113.185	170.923	2.3519 	1052.91 (1.7992859816197058,)
442	100  	110.109	166.879	3.32011	1172.33 (1.7992859816197058,)
443	100  	107.61 	175.137	2.34482	1154.53 (1.7992859816197058,)
444	100  	106.505	180.041	2.43354	1231.38 (1.7992859816197058,)
445	100  	96.9466	174.434	2.96025	1128.79 (1.7992859816197058,)
446	100  	106.911	168.355	3.23899	1091.63 (1.7992859816197058,)
447	100  	101.59 	174.339	2.38514	1069.94 (1.7992859816197058,)
448	100  	114.292	185.467	2.14296	1179.04 (1.7992859816197058,)
449	100  	97.7372	161.657	2.34476	1061.59 (1.7992859816197058,)
450	100  	94.7314	153.065	4.18018	1035.56 (1.7992859816197058,)
451	100  	91.7188	153.822	2.77007	1054.12 (1.7992859816197058,)
452	100  	98.91  	158.043	2.86491	1135.92 (1.7992859816197058,)
453	100  	107.572	154.247	3.76491	1053.55 (1.7992859816197058,)
454	100  	114.003	181.941	3.09369	1171.42 (1.7992859816197058,)
455	100  	94.1398	156.757	3.09235	957.354 (1.7992859816197058,)
456	100  	91.5038	169.371	2.18738	1138.11 (1.7992859816197058,)
457	100  	107.101	143.551	3.62351	964.682 (1.7992859816197058,)
458	100  	108.382	146.512	4.3073 	943.43  (1.7992859816197058,)
459	100  	106.019	145.457	3.12126	937.579 (1.7992859816197058,)
460	100  	97.7777	173.738	2.61844	1004.25 (1.7992859816197058,)
461	100  	118.165	189.656	3.34904	1126.21 (1.7992859816197058,)
462	100  	104.238	160.998	2.98749	961.06  (1.7992859816197058,)
463	100  	107.699	172.062	2.34844	1066.6  (1.7992859816197058,)
464	100  	104.697	181.02 	3.41923	1175.38 (1.7992859816197058,)
465	100  	110.987	191.522	3.37651	1174.46 (1.7992859816197058,)
466	100  	111.641	165.963	5.07786	1072.97 (1.7992859816197058,)
467	100  	107.637	162.253	4.43836	1084.52 (1.7992859816197058,)
468	100  	108.181	161.535	2.93186	1023.27 (1.7992859816197058,)
469	100  	105.006	146.942	2.25747	978.789 (1.7992859816197058,)
470	100  	104.513	161.984	4.50647	1012.76 (1.7992859816197058,)
471	100  	100.362	176.003	2.30279	1102.9  (1.7992859816197058,)
472	100  	107.365	173.307	3.3638 	1153.91 (1.7992859816197058,)
473	100  	106.885	162.706	2.03345	1062.45 (1.7992859816197058,)
474	100  	109.603	161.681	2.25636	947.714 (1.7992859816197058,)
475	100  	117.936	163.514	2.94349	1031.83 (1.7992859816197058,)
476	100  	109.877	174.657	3.04202	1204.28 (1.7992859816197058,)
477	100  	100.605	169.043	2.57876	1264.92 (1.7992859816197058,)
478	100  	95.9995	164.564	2.62711	1110.33 (1.7992859816197058,)
479	100  	96.8031	167.69 	2.39593	1043.33 (1.7992859816197058,)
480	100  	109.067	178.474	3.80631	1223.25 (1.7992859816197058,)
481	100  	99.8337	176.387	2.40098	1243.96 (1.7992859816197058,)
482	100  	100.006	189.05 	3.73523	1223.7  (1.7992859816197058,)
483	100  	105.648	181.087	2.20082	1186.8  (1.7992859816197058,)
484	100  	112.826	192.245	2.37112	1171.62 (1.7992859816197058,)
485	100  	117.201	180.474	2.66975	1146.25 (1.7992859816197058,)
486	100  	115.158	158.839	2.62263	1069.23 (1.7992859816197058,)
487	100  	108.291	152.833	4.26137	914.075 (1.7992859816197058,)
488	100  	120.664	173.749	3.03501	1178.17 (1.7992859816197058,)
489	100  	111.761	178.059	2.44369	1185.51 (1.7992859816197058,)
490	100  	118.707	172.029	2.81435	1199.42 (1.7992859816197058,)
491	100  	98.8032	178.165	2.72473	1162.24 (1.7992859816197058,)
492	100  	97.7533	163.267	2.37169	1130.15 (1.7992859816197058,)
493	100  	118.387	173.861	2.97889	1049.89 (1.7992859816197058,)
494	100  	115.697	162.143	4.42578	1114.92 (1.7992859816197058,)
495	100  	117.337	186.469	2.52014	1098.22 (1.7992859816197058,)
496	100  	106.89 	183.033	2.72132	1265.86 (1.7992859816197058,)
497	100  	119.046	177.75 	2.57442	1143.34 (1.7992859816197058,)
498	100  	107.644	173.355	2.87251	1168.99 (1.7992859816197058,)
499	100  	100.715	179.173	2.48875	1202.46 (1.7992859816197058,)
