In file included from /usr/lib/python2.7/dist-packages/numpy/core/include/numpy/ndarraytypes.h:1761:0,
                 from /usr/lib/python2.7/dist-packages/numpy/core/include/numpy/ndarrayobject.h:17,
                 from /usr/lib/python2.7/dist-packages/numpy/core/include/numpy/arrayobject.h:4,
                 from /home/pinojc/.cache/scipy/python27_compiled/sc_9bade30717731f645b30a512f757f0fa1548.cpp:22:
/usr/lib/python2.7/dist-packages/numpy/core/include/numpy/npy_1_7_deprecated_api.h:15:2: warning: #warning "Using deprecated NumPy API, disable it by " "#defining NPY_NO_DEPRECATED_API NPY_1_7_API_VERSION" [-Wcpp]
 #warning "Using deprecated NumPy API, disable it by " \
  ^
gen	evals	avg    	std    	min    	max    
0  	100  	839.619	404.614	69.4756	1770.39 (69.475599469875462,)
1  	100  	819.479	386.868	95.442 	1799.11 (69.475599469875462,)
2  	100  	736.081	400.499	44.0401	1808.35 (44.040063754107052,)
3  	100  	647.222	413.459	37.8295	1642.99 (37.829495438098604,)
4  	100  	573.127	401.912	22.8154	1617.91 (22.815373401627021,)
5  	100  	501.759	399.664	18.2007	1584.18 (18.200710504203233,)
6  	100  	402.66 	343.082	15.8326	1431.71 (15.832637446066723,)
7  	100  	296.571	326.336	12.7047	1391.04 (12.704733205219796,)
8  	100  	247.306	320.031	10.9747	1611.55 (10.974695247962813,)
9  	100  	265.725	343.656	9.47191	1702.74 (9.4719135194550841,)
10 	100  	229.361	323.973	17.5053	1504.42 (9.4719135194550841,)
11 	100  	203.633	319.832	10.4946	1481.59 (9.4719135194550841,)
12 	100  	183.324	281.448	9.9117 	1402.11 (9.4719135194550841,)
13 	100  	174.018	270.18 	8.57781	1315.99 (8.5778072416572506,)
14 	100  	158.49 	267.828	8.6666 	1585.75 (8.5778072416572506,)
15 	100  	138.981	238.084	8.20578	1185.41 (8.2057848842595131,)
16 	100  	148.838	267.626	9.33533	1558.9  (8.2057848842595131,)
17 	100  	138.672	270.24 	9.76208	1442.58 (8.2057848842595131,)
18 	100  	134.241	257.713	8.32064	1432.02 (8.2057848842595131,)
19 	100  	138.912	265.907	9.40641	1665.75 (8.2057848842595131,)
20 	100  	140.928	263.238	8.06196	1758.13 (8.0619603573434127,)
21 	100  	149.907	263.304	9.03684	1590.19 (8.0619603573434127,)
22 	100  	126.941	207.127	7.47756	1163.13 (7.4775560885592247,)
23 	100  	108.134	202.304	9.28304	1170.23 (7.4775560885592247,)
24 	100  	108.374	185.341	8.43612	1170.2  (7.4775560885592247,)
25 	100  	113.219	173.394	9.42321	1191.56 (7.4775560885592247,)
26 	100  	106.552	150.477	7.63517	1191.49 (7.4775560885592247,)
27 	100  	98.2722	135.163	9.11523	1081.06 (7.4775560885592247,)
28 	100  	104.128	148.172	7.11519	1079.1  (7.1151898508079769,)
29 	100  	100.598	149.877	7.90431	1171.3  (7.1151898508079769,)
30 	100  	86.9441	137.611	7.4092 	1103.47 (7.1151898508079769,)
31 	100  	98.6948	129.437	7.5767 	1116.02 (7.1151898508079769,)
32 	100  	93.7958	139.314	8.15039	1148.35 (7.1151898508079769,)
33 	100  	85.2659	151.826	6.9037 	1111.55 (6.9036956538146397,)
34 	100  	84.7832	144.567	6.6173 	1098.57 (6.6172972963076271,)
35 	100  	78.0568	123.101	5.98479	1039.29 (5.984789939239394,)
36 	100  	80.707 	114.987	5.18767	914.247 (5.1876729777587842,)
37 	100  	87.9634	114.261	5.55258	981.772 (5.1876729777587842,)
38 	100  	94.3225	118.755	5.97761	895.24  (5.1876729777587842,)
39 	100  	85.2547	112.84 	6.08527	881.643 (5.1876729777587842,)
40 	100  	94.1384	140.409	6.61528	937.057 (5.1876729777587842,)
41 	100  	96.8838	143.95 	6.20861	1103.74 (5.1876729777587842,)
42 	100  	91.1177	135.388	7.34121	1055.15 (5.1876729777587842,)
43 	100  	94.6229	132.654	9.28473	960.497 (5.1876729777587842,)
44 	100  	95.1171	133.63 	7.61675	1058.99 (5.1876729777587842,)
45 	100  	89.808 	143.872	6.4622 	1125.5  (5.1876729777587842,)
46 	100  	91.4627	145.979	6.30177	1144.79 (5.1876729777587842,)
47 	100  	89.1416	125.986	6.37975	1084.58 (5.1876729777587842,)
48 	100  	78.8057	134.061	5.27433	1048.34 (5.1876729777587842,)
49 	100  	91.8678	139.235	5.32939	1169.72 (5.1876729777587842,)
50 	100  	83.6868	124.744	6.01051	1091.79 (5.1876729777587842,)
51 	100  	82.4935	124.04 	5.53217	1045.68 (5.1876729777587842,)
52 	100  	84.0192	133.919	7.63988	1094.83 (5.1876729777587842,)
53 	100  	85.379 	124.311	6.73624	953.498 (5.1876729777587842,)
54 	100  	86.272 	132.468	5.01458	911.497 (5.0145779676555815,)
55 	100  	92.2532	143.109	5.81057	1163.94 (5.0145779676555815,)
56 	100  	89.2636	132.952	5.17431	1018.38 (5.0145779676555815,)
57 	100  	92.2431	126.025	5.78345	987.303 (5.0145779676555815,)
58 	100  	91.3006	118.43 	4.18707	950.319 (4.1870688951375259,)
59 	100  	72.0019	127.556	5.81069	1222.18 (4.1870688951375259,)
60 	100  	74.0411	130.317	5.73232	1193.29 (4.1870688951375259,)
61 	100  	82.0198	130.218	5.37725	1172.35 (4.1870688951375259,)
62 	100  	77.9858	110.137	4.39547	1015.02 (4.1870688951375259,)
63 	100  	89.9398	126.895	5.47286	1116.48 (4.1870688951375259,)
64 	100  	75.6254	117.308	5.28285	1097.47 (4.1870688951375259,)
65 	100  	74.1735	121.202	4.94904	1100.76 (4.1870688951375259,)
66 	100  	73.1678	106.764	6.1126 	936.465 (4.1870688951375259,)
67 	100  	69.1028	113.797	4.5832 	1049.39 (4.1870688951375259,)
68 	100  	77.3208	123.923	5.55225	1145.6  (4.1870688951375259,)
69 	100  	82.7515	123.1  	5.22824	1141.98 (4.1870688951375259,)
70 	100  	74.1127	124.792	5.69728	1176.03 (4.1870688951375259,)
71 	100  	79.8483	120.601	5.79986	1142.79 (4.1870688951375259,)
72 	100  	79.4315	123.592	5.15311	1127.68 (4.1870688951375259,)
73 	100  	81.804 	120.776	7.22845	1059.67 (4.1870688951375259,)
74 	100  	80.9923	114.609	4.94769	969.238 (4.1870688951375259,)
75 	100  	86.5719	121.475	4.24347	1127.53 (4.1870688951375259,)
76 	100  	83.2756	129.845	4.92974	1185.61 (4.1870688951375259,)
77 	100  	79.9985	117.64 	5.3835 	1089.81 (4.1870688951375259,)
78 	100  	82.9016	117.229	4.56214	1064.12 (4.1870688951375259,)
79 	100  	77.4417	104.534	5.28692	922.415 (4.1870688951375259,)
80 	100  	74.5092	105.959	5.42885	908.956 (4.1870688951375259,)
81 	100  	79.7791	110.708	5.78948	978.957 (4.1870688951375259,)
82 	100  	75.6253	133.394	4.2083 	1173.22 (4.1870688951375259,)
83 	100  	77.9839	118.722	4.6371 	1129.27 (4.1870688951375259,)
84 	100  	84.3977	114.041	4.01131	1042.58 (4.0113102608260149,)
85 	100  	73.4523	102.974	4.43646	920.357 (4.0113102608260149,)
86 	100  	79.8596	125.08 	4.72021	1148.44 (4.0113102608260149,)
87 	100  	77.3734	126.016	5.21091	1166.45 (4.0113102608260149,)
88 	100  	78.3651	121.755	4.41247	1080.59 (4.0113102608260149,)
89 	100  	83.1566	124.276	5.24638	1134.44 (4.0113102608260149,)
90 	100  	82.6885	123.475	6.44982	1146.27 (4.0113102608260149,)
91 	100  	86.6551	126.005	4.66466	1133.35 (4.0113102608260149,)
92 	100  	77.4275	122.479	4.59846	1162.44 (4.0113102608260149,)
93 	100  	75.9265	115.584	4.12271	1055.75 (4.0113102608260149,)
94 	100  	81.7251	114.111	6.12389	957.235 (4.0113102608260149,)
95 	100  	76.1206	118.803	4.52115	1074.94 (4.0113102608260149,)
96 	100  	89.4258	123.436	4.63686	1120.19 (4.0113102608260149,)
97 	100  	77.7949	129.525	5.13285	1188.28 (4.0113102608260149,)
98 	100  	85.3777	124.769	5.20957	1160.22 (4.0113102608260149,)
99 	100  	81.1985	118.383	3.86952	1050.64 (3.8695234331762651,)
100	100  	81.0781	117.16 	3.67299	1047.11 (3.6729882978022701,)
101	100  	81.1079	122.629	5.58647	1090.59 (3.6729882978022701,)
102	100  	82.1087	119.145	4.61997	1045.75 (3.6729882978022701,)
103	100  	84.0179	127.012	4.95208	1110.45 (3.6729882978022701,)
104	100  	84.2173	122.332	4.14024	1125.81 (3.6729882978022701,)
105	100  	83.3792	125.519	2.45188	1169.98 (2.4518841605785311,)
106	100  	89.4167	139.24 	3.65139	1179.05 (2.4518841605785311,)
107	100  	87.4935	119.274	3.5591 	1075.84 (2.4518841605785311,)
108	100  	96.8126	125.369	3.83744	1069.26 (2.4518841605785311,)
109	100  	82.3231	120.058	3.98138	1123.25 (2.4518841605785311,)
110	100  	90.7861	137.204	3.52226	1220.09 (2.4518841605785311,)
111	100  	85.8573	137.025	3.04943	1217.02 (2.4518841605785311,)
112	100  	88.6246	129.527	5.40615	1144.08 (2.4518841605785311,)
113	100  	93.2067	133.489	2.83618	1119.56 (2.4518841605785311,)
114	100  	86.4123	110.548	3.51109	952.034 (2.4518841605785311,)
115	100  	85.09  	104.928	3.05206	800.473 (2.4518841605785311,)
116	100  	92.3314	115.731	2.49568	989.236 (2.4518841605785311,)
117	100  	94.7828	127.621	2.35525	1016.2  (2.3552497584177003,)
118	100  	81.5414	106.27 	4.23954	820.828 (2.3552497584177003,)
119	100  	74.0805	120.453	5.04896	1090.08 (2.3552497584177003,)
120	100  	94.2789	126.008	5.40391	1149.89 (2.3552497584177003,)
121	100  	90.978 	128.698	2.13504	1160.25 (2.135042030254831,)
122	100  	86.8236	115.195	6.08582	1045.47 (2.135042030254831,)
123	100  	77.0794	120.567	3.71851	1130.15 (2.135042030254831,)
124	100  	82.4626	120.304	3.48384	1105.87 (2.135042030254831,)
125	100  	88.7046	116.391	3.41471	968.107 (2.135042030254831,)
126	100  	99.5217	124.729	6.14906	1040.23 (2.135042030254831,)
127	100  	91.4261	131.883	2.20388	1159.51 (2.135042030254831,)
128	100  	81.1783	134.815	3.93392	1256.21 (2.135042030254831,)
129	100  	97.6058	140.235	4.137  	1218.99 (2.135042030254831,)
130	100  	92.0855	122.257	3.43234	1002.71 (2.135042030254831,)
131	100  	94.407 	126.552	2.84134	1139.3  (2.135042030254831,)
132	100  	93.1121	137.725	3.19472	1267.36 (2.135042030254831,)
133	100  	87.7935	130.23 	3.08685	1212.03 (2.135042030254831,)
134	100  	76.8183	130.662	2.61804	1195.6  (2.135042030254831,)
135	100  	71.5774	124.833	4.19423	1205.07 (2.135042030254831,)
136	100  	83.8919	125.784	2.57334	1075.96 (2.135042030254831,)
137	100  	85.3062	136.427	2.86399	1228.24 (2.135042030254831,)
138	100  	92.831 	142.461	2.31275	1225.32 (2.135042030254831,)
139	100  	76.4835	132.357	2.84029	1211.12 (2.135042030254831,)
140	100  	88.3935	124.282	2.21899	1035.84 (2.135042030254831,)
141	100  	84.9488	116.434	5.44069	1020.31 (2.135042030254831,)
142	100  	75.2504	120.75 	3.33946	1091.75 (2.135042030254831,)
143	100  	86.3788	125.373	3.11605	1125.77 (2.135042030254831,)
144	100  	85.0992	122.854	3.85925	1127.13 (2.135042030254831,)
145	100  	75.117 	125.445	3.12566	1111.81 (2.135042030254831,)
146	100  	80.2892	126.112	3.38189	1204.47 (2.135042030254831,)
147	100  	95.7687	126.065	2.84974	1104.91 (2.135042030254831,)
148	100  	87.7163	124.54 	3.29465	1106.34 (2.135042030254831,)
149	100  	87.3354	132.927	3.69577	1181.79 (2.135042030254831,)
150	100  	73.1424	132.742	3.67978	1221.31 (2.135042030254831,)
151	100  	79.108 	125.814	2.62272	1181.31 (2.135042030254831,)
152	100  	90.5141	129.265	2.38876	1155.89 (2.135042030254831,)
153	100  	73.8198	115.537	3.77162	1075.37 (2.135042030254831,)
154	100  	85.5652	119.788	2.45806	1069.13 (2.135042030254831,)
155	100  	81.3104	122.239	4.29672	1129.48 (2.135042030254831,)
156	100  	83.433 	110.136	2.51482	1033.58 (2.135042030254831,)
157	100  	80.6504	109.06 	4.25901	928.558 (2.135042030254831,)
158	100  	77.7874	107.409	2.73839	927.656 (2.135042030254831,)
159	100  	83.6346	127.732	2.3476 	1175.4  (2.135042030254831,)
160	100  	89.762 	129.582	3.29293	1136.61 (2.135042030254831,)
161	100  	84.9246	134.178	2.01482	1206.49 (2.0148204854270921,)
162	100  	87.6554	133.546	2.43237	1156.7  (2.0148204854270921,)
163	100  	85.5838	130.537	2.48951	1195.07 (2.0148204854270921,)
164	100  	81.2529	135.626	2.22345	1162.66 (2.0148204854270921,)
165	100  	93.5216	131.577	3.92295	1199.23 (2.0148204854270921,)
166	100  	72.3438	114.45 	2.04901	1075.59 (2.0148204854270921,)
167	100  	75.5283	121.642	3.00057	1120.57 (2.0148204854270921,)
168	100  	78.0399	122.282	2.90276	1047.06 (2.0148204854270921,)
169	100  	88.3522	116.317	5.75889	982.155 (2.0148204854270921,)
170	100  	88.6795	118.569	3.6726 	1020.37 (2.0148204854270921,)
171	100  	89.126 	116.064	3.51158	1007.01 (2.0148204854270921,)
172	100  	86.9083	114.059	2.23256	1056.59 (2.0148204854270921,)
173	100  	78.0678	124.089	3.68684	1164.44 (2.0148204854270921,)
174	100  	87.0124	127.807	3.32383	1165.92 (2.0148204854270921,)
175	100  	74.6865	124.652	3.23125	1144.24 (2.0148204854270921,)
176	100  	86.7194	130.628	3.01878	1153.64 (2.0148204854270921,)
177	100  	88.9795	118.137	3.68969	1077.48 (2.0148204854270921,)
178	100  	92.1156	133.044	2.14899	1182.54 (2.0148204854270921,)
179	100  	91.8238	132.721	2.53474	1187.73 (2.0148204854270921,)
180	100  	83.8435	126.899	2.95229	1151.77 (2.0148204854270921,)
181	100  	81.3407	118.645	2.47301	1007.11 (2.0148204854270921,)
182	100  	91.424 	119.789	4.5729 	1048.33 (2.0148204854270921,)
183	100  	90.1364	120.838	2.34306	1048.06 (2.0148204854270921,)
184	100  	85.3737	126.137	3.55049	1156.94 (2.0148204854270921,)
185	100  	85.2792	125.132	1.79046	1135.97 (1.790460868325205,)
186	100  	77.8857	119.377	4.08993	1090.11 (1.790460868325205,)
187	100  	100.324	140.046	2.86911	1144.57 (1.790460868325205,)
188	100  	88.4961	135.18 	2.58463	1184.46 (1.790460868325205,)
189	100  	111.864	146.444	2.13788	1232.81 (1.790460868325205,)
190	100  	93.2954	132.522	2.47884	1205.68 (1.790460868325205,)
191	100  	85.6582	128.433	1.8194 	1175.64 (1.790460868325205,)
192	100  	86.9997	126.207	2.19836	1124.44 (1.790460868325205,)
193	100  	86.363 	122.74 	3.15439	1111.19 (1.790460868325205,)
194	100  	89.4383	130.472	4.13951	1165    (1.790460868325205,)
195	100  	92.9458	132.537	2.44354	1165.83 (1.790460868325205,)
196	100  	116.597	141.998	3.21326	1033.26 (1.790460868325205,)
197	100  	92.8443	116.743	2.6668 	962.23  (1.790460868325205,)
198	100  	92.457 	135.714	2.40583	1230.76 (1.790460868325205,)
199	100  	89.0894	134.119	2.87913	1134.81 (1.790460868325205,)
200	100  	91.7276	133.906	2.72345	1198.72 (1.790460868325205,)
201	100  	101.736	126.631	2.27506	1016.38 (1.790460868325205,)
202	100  	92.8249	117.979	3.56775	1000.47 (1.790460868325205,)
203	100  	93.324 	129.087	2.50993	1080.96 (1.790460868325205,)
204	100  	89.8168	124.117	3.45789	1072.58 (1.790460868325205,)
205	100  	80.6972	117.837	2.03711	1045.9  (1.790460868325205,)
206	100  	83.8081	115.914	3.62601	1017.98 (1.790460868325205,)
207	100  	73.4882	118.431	2.59098	1069.62 (1.790460868325205,)
208	100  	71.6712	113.722	2.43177	1023.69 (1.790460868325205,)
209	100  	82.7033	114.82 	1.82163	1046.85 (1.790460868325205,)
210	100  	88.8706	112.867	2.83802	944.86  (1.790460868325205,)
211	100  	83.458 	120.509	2.64503	1087.03 (1.790460868325205,)
212	100  	90.3009	116.752	2.41068	892.864 (1.790460868325205,)
213	100  	79.2086	106.342	2.76312	937.457 (1.790460868325205,)
214	100  	74.7633	108.574	2.63461	995.534 (1.790460868325205,)
215	100  	77.7213	120.881	2.28753	1088.86 (1.790460868325205,)
216	100  	79.5133	118.853	2.31451	1051.67 (1.790460868325205,)
217	100  	73.9739	124.243	2.38333	1139.78 (1.790460868325205,)
218	100  	79.9694	117.874	2.30831	1012.32 (1.790460868325205,)
219	100  	76.8189	117.687	3.0398 	1061.06 (1.790460868325205,)
220	100  	98.9851	125.557	2.05468	1039.04 (1.790460868325205,)
221	100  	93.1278	137.858	2.05552	1192.84 (1.790460868325205,)
222	100  	101.79 	139.191	1.48574	1243.01 (1.4857440405570155,)
223	100  	86.0706	123.614	2.10347	1119.19 (1.4857440405570155,)
224	100  	87.4888	110.84 	2.85881	850.093 (1.4857440405570155,)
225	100  	95.707 	114.729	2.19306	949.044 (1.4857440405570155,)
226	100  	83.3167	118.872	2.73045	1062.26 (1.4857440405570155,)
227	100  	85.6201	127.489	3.16525	1188.82 (1.4857440405570155,)
228	100  	88.3042	118.222	2.78648	1065.12 (1.4857440405570155,)
229	100  	83.399 	122.259	2.64847	1106.25 (1.4857440405570155,)
230	100  	89.475 	123.165	1.80614	1114.5  (1.4857440405570155,)
231	100  	76.9964	101.53 	3.17688	886.454 (1.4857440405570155,)
232	100  	78.4847	102.263	2.16755	860.557 (1.4857440405570155,)
233	100  	73.4606	107.513	2.29212	943.801 (1.4857440405570155,)
234	100  	90.9862	131.173	2.09361	1071.52 (1.4857440405570155,)
235	100  	98.7485	132.296	3.71054	1114.21 (1.4857440405570155,)
236	100  	94.0786	118.019	3.62557	1060.49 (1.4857440405570155,)
237	100  	92.2671	127.797	2.3673 	995.061 (1.4857440405570155,)
238	100  	85.5258	133.923	2.48582	1237.53 (1.4857440405570155,)
239	100  	82.0441	114.677	2.27179	921.096 (1.4857440405570155,)
240	100  	88.6464	124.038	2.7454 	1082.73 (1.4857440405570155,)
241	100  	82.4854	124.189	2.18077	1165.58 (1.4857440405570155,)
242	100  	97.4673	129.192	2.96452	1148.69 (1.4857440405570155,)
243	100  	74.8017	112.874	2.27653	1018.64 (1.4857440405570155,)
244	100  	96.2208	131.264	1.68748	1163.51 (1.4857440405570155,)
245	100  	86.6874	126.231	2.86321	1207.65 (1.4857440405570155,)
246	100  	78.9684	121.995	1.69805	1098.58 (1.4857440405570155,)
247	100  	87.6214	125.066	5.17931	1084.92 (1.4857440405570155,)
248	100  	83.8519	133.096	3.34984	1219.95 (1.4857440405570155,)
249	100  	80.8862	109.132	2.46178	984.292 (1.4857440405570155,)
250	100  	89.3337	134.766	2.13264	1108.78 (1.4857440405570155,)
251	100  	95.3713	122.747	2.16996	1056.92 (1.4857440405570155,)
252	100  	115.718	144.493	4.29405	1205.04 (1.4857440405570155,)
253	100  	93.8528	127.726	1.89855	1134.07 (1.4857440405570155,)
254	100  	90.2888	116.463	3.19901	994.017 (1.4857440405570155,)
255	100  	84.1255	120.897	2.3674 	1103.8  (1.4857440405570155,)
256	100  	98.1325	134.606	2.05475	1133.63 (1.4857440405570155,)
257	100  	84.8472	113.802	2.61044	1001.66 (1.4857440405570155,)
258	100  	87.5837	122.408	3.31634	1028.51 (1.4857440405570155,)
259	100  	90.4953	120.553	2.33006	1001.31 (1.4857440405570155,)
260	100  	86.579 	128.553	2.92225	1172.18 (1.4857440405570155,)
261	100  	90.4146	125.621	2.34496	1145.52 (1.4857440405570155,)
262	100  	80.7578	128.199	1.85412	1169.76 (1.4857440405570155,)
263	100  	84.4048	105.304	3.95214	962.66  (1.4857440405570155,)
264	100  	87.9445	123.098	2.16638	1105.75 (1.4857440405570155,)
265	100  	99.3578	110.155	2.62316	915.967 (1.4857440405570155,)
266	100  	91.2942	125.308	2.09216	1124.93 (1.4857440405570155,)
267	100  	80.8275	123.407	1.68759	1128.18 (1.4857440405570155,)
268	100  	88.3959	128.69 	2.8322 	1175.92 (1.4857440405570155,)
269	100  	78.1575	122.007	2.8537 	1132.29 (1.4857440405570155,)
270	100  	75.5327	119.741	2.641  	1057.85 (1.4857440405570155,)
271	100  	80.4881	133.338	3.79647	1209.71 (1.4857440405570155,)
272	100  	84.7455	119.696	2.73501	1108.4  (1.4857440405570155,)
273	100  	76.7192	112.747	3.02308	1073.24 (1.4857440405570155,)
274	100  	88.5853	123.455	3.41726	1137.46 (1.4857440405570155,)
275	100  	95.696 	123.93 	2.54799	1126.52 (1.4857440405570155,)
276	100  	97.5467	113.648	2.63553	1009.88 (1.4857440405570155,)
277	100  	95.1653	129.673	2.90879	1162.56 (1.4857440405570155,)
278	100  	99.5366	120.462	3.31488	939.364 (1.4857440405570155,)
279	100  	90.1309	115.622	2.44521	947.198 (1.4857440405570155,)
280	100  	83.7417	123.834	1.84989	1099.26 (1.4857440405570155,)
281	100  	87.7441	126.973	1.97776	1114.67 (1.4857440405570155,)
282	100  	79.1871	126.133	2.26213	1203    (1.4857440405570155,)
283	100  	77.2947	115.529	2.10059	1082.53 (1.4857440405570155,)
284	100  	83.3582	120.082	2.03388	1102.55 (1.4857440405570155,)
285	100  	86.5908	126.873	1.83239	1014.28 (1.4857440405570155,)
286	100  	88.169 	117.726	2.21444	1030.23 (1.4857440405570155,)
287	100  	88.5115	124.339	2.84298	1099.76 (1.4857440405570155,)
288	100  	85.0217	131.284	3.74114	1250.84 (1.4857440405570155,)
289	100  	92.3207	127.827	2.17469	1200.7  (1.4857440405570155,)
290	100  	79.8279	133.315	2.20625	1233.99 (1.4857440405570155,)
291	100  	78.5654	136.791	2.38148	1234.95 (1.4857440405570155,)
292	100  	94.6204	136.925	2.20338	1204.13 (1.4857440405570155,)
293	100  	98.688 	148.286	2.40405	1271.92 (1.4857440405570155,)
294	100  	90.7969	123.631	2.88645	1154.82 (1.4857440405570155,)
295	100  	88.7237	117.106	3.63935	1050.54 (1.4857440405570155,)
296	100  	84.8812	107.619	2.56018	967.548 (1.4857440405570155,)
297	100  	81.0714	123.68 	2.57894	1150.98 (1.4857440405570155,)
298	100  	83.7121	137.451	1.8164 	1234.93 (1.4857440405570155,)
299	100  	84.0183	125.876	2.91993	1108.38 (1.4857440405570155,)
300	100  	98.8334	124.401	1.77989	1038.12 (1.4857440405570155,)
301	100  	97.2158	122.633	2.53096	1063.29 (1.4857440405570155,)
302	100  	88.0717	113.653	2.6382 	934.847 (1.4857440405570155,)
303	100  	86.7788	101.181	2.74999	786.886 (1.4857440405570155,)
304	100  	80.3207	113.809	1.8426 	1004.59 (1.4857440405570155,)
305	100  	79.8865	113.673	2.19744	981.43  (1.4857440405570155,)
306	100  	73.8573	115.73 	1.47317	1047.16 (1.4731737331968069,)
307	100  	88.5165	127.304	2.21094	1162.6  (1.4731737331968069,)
308	100  	84.7666	120.997	2.5006 	1080.46 (1.4731737331968069,)
309	100  	79.1157	126.291	4.02309	1153.18 (1.4731737331968069,)
310	100  	84.1008	137.821	1.54147	1282.15 (1.4731737331968069,)
311	100  	91.8514	125.722	1.83372	1064.84 (1.4731737331968069,)
312	100  	88.2248	127.606	1.9669 	1150.71 (1.4731737331968069,)
313	100  	96.0846	130.569	2.00813	1074.8  (1.4731737331968069,)
314	100  	90.2982	123.87 	1.96192	1109.94 (1.4731737331968069,)
315	100  	91.1673	122.176	2.64162	1078.52 (1.4731737331968069,)
316	100  	80.9395	121.627	2.75038	1069.66 (1.4731737331968069,)
317	100  	83.0358	123.473	2.08303	1115.75 (1.4731737331968069,)
318	100  	89.0883	132.155	1.46614	1153.74 (1.4661409507237906,)
319	100  	93.9723	140.99 	2.58362	1161.78 (1.4661409507237906,)
320	100  	95.3674	128.663	2.81485	1119.52 (1.4661409507237906,)
321	100  	85.6254	123.41 	2.20329	1070.97 (1.4661409507237906,)
322	100  	71.3668	118.201	1.91784	1114.43 (1.4661409507237906,)
323	100  	81.3143	125.383	2.03397	1112.31 (1.4661409507237906,)
324	100  	98.4488	133.906	3.84743	1133.09 (1.4661409507237906,)
325	100  	108.556	129.079	2.32015	1116.8  (1.4661409507237906,)
326	100  	109.812	140.297	2.45717	1109.26 (1.4661409507237906,)
327	100  	102.936	134.083	2.34853	1121.4  (1.4661409507237906,)
328	100  	92.7675	122.419	2.82645	1102.43 (1.4661409507237906,)
329	100  	87.7172	110.372	1.65814	916.138 (1.4661409507237906,)
330	100  	100.509	118.471	2.36729	978.299 (1.4661409507237906,)
331	100  	93.3376	117.226	2.13631	926.924 (1.4661409507237906,)
332	100  	95.1488	124.718	2.94088	1026.87 (1.4661409507237906,)
333	100  	100.502	119.722	2.44067	1005.41 (1.4661409507237906,)
334	100  	98.7511	143.826	2.53131	1285    (1.4661409507237906,)
335	100  	92.5526	136.463	3.35051	1228.58 (1.4661409507237906,)
336	100  	79.71  	116.33 	1.98561	992.073 (1.4661409507237906,)
337	100  	87.1474	108.718	2.22457	915.13  (1.4661409507237906,)
338	100  	77.4005	113.506	1.67911	988.598 (1.4661409507237906,)
339	100  	84.1767	112.027	2.26345	970.912 (1.4661409507237906,)
340	100  	95.452 	125.405	2.59069	1005    (1.4661409507237906,)
341	100  	75.8699	121.412	1.95781	1115.79 (1.4661409507237906,)
342	100  	88.9619	120.931	1.78916	1109.74 (1.4661409507237906,)
343	100  	92.7368	119.034	2.90922	998.044 (1.4661409507237906,)
344	100  	88.6262	111.826	2.33023	882.087 (1.4661409507237906,)
345	100  	84.1928	101.735	2.01822	846.657 (1.4661409507237906,)
346	100  	89.5127	118.167	2.39889	1011.61 (1.4661409507237906,)
347	100  	93.4633	112.045	2.40566	972.605 (1.4661409507237906,)
348	100  	78.6016	118.444	4.13289	1019.82 (1.4661409507237906,)
349	100  	79.7343	122.033	3.89878	1079.54 (1.4661409507237906,)
350	100  	89.2552	119.321	1.31515	1112.76 (1.3151532032299258,)
351	100  	87.8689	120.718	2.61531	1065.47 (1.3151532032299258,)
352	100  	88.0332	115.686	2.09089	962.245 (1.3151532032299258,)
353	100  	106.05 	132.637	1.62053	1102.64 (1.3151532032299258,)
354	100  	99.7758	134.209	1.58382	1132.41 (1.3151532032299258,)
355	100  	106.855	127.498	1.50829	1137.96 (1.3151532032299258,)
356	100  	95.9407	122.803	3.16082	1048.46 (1.3151532032299258,)
357	100  	98.7784	121.485	2.13989	1044.52 (1.3151532032299258,)
358	100  	99.8825	111.324	2.04511	915.375 (1.3151532032299258,)
359	100  	97.6769	127.502	2.57058	1093.97 (1.3151532032299258,)
360	100  	95.646 	133.567	1.47077	1167.7  (1.3151532032299258,)
361	100  	103.618	137.295	1.88934	1213.61 (1.3151532032299258,)
362	100  	98.3586	130.932	2.80801	1146.46 (1.3151532032299258,)
363	100  	92.3958	123.677	2.54394	1106.54 (1.3151532032299258,)
364	100  	93.0817	126.292	1.43318	1073.69 (1.3151532032299258,)
365	100  	102.306	141.089	2.48954	1207.88 (1.3151532032299258,)
366	100  	90.5183	129.95 	1.52363	1140.23 (1.3151532032299258,)
367	100  	92.6622	136.448	1.62159	1227.96 (1.3151532032299258,)
368	100  	84.3059	129.656	2.10142	1187.71 (1.3151532032299258,)
369	100  	89.3707	118.184	5.32993	1006.27 (1.3151532032299258,)
370	100  	82.368 	120.024	1.56656	1061.07 (1.3151532032299258,)
371	100  	88.2353	120.676	2.76995	1076.08 (1.3151532032299258,)
372	100  	96.7036	119.71 	1.86256	1025.7  (1.3151532032299258,)
373	100  	91.6388	128.544	2.32622	1168.33 (1.3151532032299258,)
374	100  	92.9402	148.124	2.23745	1207.18 (1.3151532032299258,)
375	100  	103.079	133.131	2.41831	1158.57 (1.3151532032299258,)
376	100  	101.386	136.263	1.82164	1143.73 (1.3151532032299258,)
377	100  	99.4485	136.76 	2.00332	1150.63 (1.3151532032299258,)
378	100  	90.9368	129.98 	2.35721	1166.96 (1.3151532032299258,)
379	100  	83.2826	122.719	1.97564	1083.33 (1.3151532032299258,)
380	100  	81.4598	128.263	1.44144	1114.01 (1.3151532032299258,)
381	100  	86.8144	137.689	3.09328	1264.34 (1.3151532032299258,)
382	100  	82.4669	129.75 	2.4143 	1169.64 (1.3151532032299258,)
383	100  	93.9455	119.608	2.39528	963.246 (1.3151532032299258,)
384	100  	91.8744	128.193	1.86298	1140.66 (1.3151532032299258,)
385	100  	98.0094	123.975	2.44677	1073.67 (1.3151532032299258,)
386	100  	92.6169	131.943	2.75201	1196.74 (1.3151532032299258,)
387	100  	98.511 	142.504	2.39841	1280.38 (1.3151532032299258,)
388	100  	87.953 	125.736	1.37158	1144.14 (1.3151532032299258,)
389	100  	90.7589	133.768	3.83438	1194.2  (1.3151532032299258,)
390	100  	98.6965	127.237	2.16241	1132.24 (1.3151532032299258,)
391	100  	107.425	128.542	2.59365	1089.39 (1.3151532032299258,)
392	100  	88.0856	126.208	2.62473	1118.28 (1.3151532032299258,)
393	100  	82.7906	124.873	2.8779 	1141.33 (1.3151532032299258,)
394	100  	89.8287	114.411	1.44858	1021.9  (1.3151532032299258,)
395	100  	94.9941	124.575	2.43726	1048.46 (1.3151532032299258,)
396	100  	99.9569	135.788	3.56962	1169.27 (1.3151532032299258,)
397	100  	101.859	137.278	2.83978	1229    (1.3151532032299258,)
398	100  	90.1544	128.849	1.87289	1164.22 (1.3151532032299258,)
399	100  	107.548	137.204	1.65967	1104.04 (1.3151532032299258,)
400	100  	84.5219	124.762	1.64774	1159.67 (1.3151532032299258,)
401	100  	89.008 	127.616	2.10802	1127.78 (1.3151532032299258,)
402	100  	91.7586	103.354	3.08526	898.912 (1.3151532032299258,)
403	100  	86.504 	110.469	1.28241	956.138 (1.2824137340317641,)
404	100  	86.7663	124.199	2.14529	1035.52 (1.2824137340317641,)
405	100  	87.453 	132.545	1.87447	1163.68 (1.2824137340317641,)
406	100  	97.2983	136.537	1.54122	1093.25 (1.2824137340317641,)
407	100  	82.3384	108.354	2.45867	974.527 (1.2824137340317641,)
408	100  	93.8422	128.409	2.43727	1073.8  (1.2824137340317641,)
409	100  	91.2801	118.723	3.8794 	1024.68 (1.2824137340317641,)
410	100  	91.8652	116.32 	1.74701	998.868 (1.2824137340317641,)
411	100  	101.003	119.005	2.25914	960.966 (1.2824137340317641,)
412	100  	92.0865	122.679	2.22558	1104.64 (1.2824137340317641,)
413	100  	89.957 	131.306	1.80859	1188.34 (1.2824137340317641,)
414	100  	92.1436	131.278	2.91961	1151.52 (1.2824137340317641,)
415	100  	101.484	125.609	1.74555	1112.68 (1.2824137340317641,)
416	100  	92.8189	132.245	3.44857	1144.2  (1.2824137340317641,)
417	100  	84.1305	135.007	2.07288	1278.3  (1.2824137340317641,)
418	100  	88.9137	129.883	3.2005 	1199.75 (1.2824137340317641,)
419	100  	85.3709	133.966	1.89065	1252.73 (1.2824137340317641,)
420	100  	99.1159	136.836	1.33377	1267.18 (1.2824137340317641,)
421	100  	91.4084	131.753	1.87071	1146.03 (1.2824137340317641,)
422	100  	92.4141	121.07 	1.50265	1055.73 (1.2824137340317641,)
423	100  	99.6082	121.548	1.80518	1036.33 (1.2824137340317641,)
424	100  	110.885	136.264	2.74878	1166.93 (1.2824137340317641,)
425	100  	101.567	124.347	3.54225	1087.43 (1.2824137340317641,)
426	100  	92.185 	128.285	1.85175	1126.02 (1.2824137340317641,)
427	100  	110.481	138.711	1.60178	1135.27 (1.2824137340317641,)
428	100  	107.231	122.509	1.72242	1062.97 (1.2824137340317641,)
429	100  	90.0089	127.287	1.56742	1100.52 (1.2824137340317641,)
430	100  	92.8109	117.379	2.65196	958.717 (1.2824137340317641,)
431	100  	102.7  	122.722	1.64697	1054.02 (1.2824137340317641,)
432	100  	88.8099	137.243	3.15023	1026.28 (1.2824137340317641,)
433	100  	94.8358	122.518	2.50103	1054.04 (1.2824137340317641,)
434	100  	100.476	127.855	2.12895	1078.29 (1.2824137340317641,)
435	100  	96.8318	130.331	2.39097	1062.73 (1.2824137340317641,)
436	100  	99.5845	124.061	3.68342	1066.34 (1.2824137340317641,)
437	100  	89.3715	126.522	2.15739	1070.32 (1.2824137340317641,)
438	100  	87.08  	122.416	2.04554	1024.94 (1.2824137340317641,)
439	100  	101.082	124.679	3.12191	1029.33 (1.2824137340317641,)
440	100  	95.1952	138.168	1.98037	1205.5  (1.2824137340317641,)
441	100  	74.963 	110.647	1.968  	996.962 (1.2824137340317641,)
442	100  	94.3376	131.154	1.70186	1101.28 (1.2824137340317641,)
443	100  	88.7727	132.981	1.63791	1195.57 (1.2824137340317641,)
444	100  	91.8924	138.176	1.27425	1185.69 (1.274246491560957,)
445	100  	100.854	141.821	2.33212	1207.54 (1.274246491560957,)
446	100  	105.961	135.001	1.35822	1168.75 (1.274246491560957,)
447	100  	106.307	138.206	2.10254	1183.37 (1.274246491560957,)
448	100  	94.1943	126.348	1.98894	1099.57 (1.274246491560957,)
449	100  	98.2867	137.928	1.59009	1151.1  (1.274246491560957,)
450	100  	98.4911	143.785	2.7127 	1155.16 (1.274246491560957,)
451	100  	110.411	131.325	2.32086	1098.19 (1.274246491560957,)
452	100  	103.594	129.257	2.0853 	1109.11 (1.274246491560957,)
453	100  	105.904	130.722	3.19401	1127.77 (1.274246491560957,)
454	100  	92.3146	125.512	2.28088	1081.64 (1.274246491560957,)
455	100  	105.934	125.219	2.00344	1022.78 (1.274246491560957,)
456	100  	116.274	139.586	1.64454	1024.18 (1.274246491560957,)
457	100  	100.374	122.385	2.66959	1015.13 (1.274246491560957,)
458	100  	96.9189	121.962	3.49679	1076.07 (1.274246491560957,)
459	100  	79.6222	119.405	1.88139	1127.46 (1.274246491560957,)
460	100  	90.2127	114.926	2.55822	969.658 (1.274246491560957,)
461	100  	106.846	131.507	4.10391	1097.85 (1.274246491560957,)
462	100  	98.6751	128.728	1.56686	1094.81 (1.274246491560957,)
463	100  	87.9026	114.132	1.41219	956.885 (1.274246491560957,)
464	100  	89.1846	126.426	2.1838 	1093.52 (1.274246491560957,)
465	100  	102.983	126.888	1.28106	1027.2  (1.274246491560957,)
466	100  	109.008	119.341	2.03377	1027.58 (1.274246491560957,)
467	100  	100.865	123.638	1.35283	1050.49 (1.274246491560957,)
468	100  	97.5389	126.989	1.73536	1041.3  (1.274246491560957,)
469	100  	92.6921	133.697	1.96736	1144.82 (1.274246491560957,)
470	100  	77.7149	118.564	2.58626	1058.14 (1.274246491560957,)
471	100  	82.4884	115.517	2.84131	1033.86 (1.274246491560957,)
472	100  	83.9494	126.746	2.33036	1069.06 (1.274246491560957,)
473	100  	93.4154	123.942	2.58638	1094.48 (1.274246491560957,)
474	100  	80.3799	115.89 	2.26347	1039.56 (1.274246491560957,)
475	100  	86.567 	127.684	2.9111 	1137.17 (1.274246491560957,)
476	100  	86.8872	117.457	1.86581	1006.65 (1.274246491560957,)
477	100  	97.9059	117.731	1.892  	1016.01 (1.274246491560957,)
478	100  	100.499	135.544	2.8063 	1106.08 (1.274246491560957,)
479	100  	101.838	127.33 	2.49789	1020.64 (1.274246491560957,)
480	100  	94.0812	119.414	2.6683 	822.762 (1.274246491560957,)
481	100  	121.226	141.776	4.56404	1039.1  (1.274246491560957,)
482	100  	81.9747	124.567	2.42616	1147.94 (1.274246491560957,)
483	100  	97.659 	137.01 	2.56703	1214    (1.274246491560957,)
484	100  	92.9707	123.157	1.8265 	1129.88 (1.274246491560957,)
485	100  	91.4344	130.923	2.19815	1164.53 (1.274246491560957,)
486	100  	85.8315	132.253	1.63368	1206.05 (1.274246491560957,)
487	100  	90.9827	116.586	2.37272	1005.85 (1.274246491560957,)
488	100  	89.3664	126.998	2.04421	1081.21 (1.274246491560957,)
489	100  	92.461 	134.805	1.68091	1233.52 (1.274246491560957,)
490	100  	86.9885	113.131	1.58832	991.803 (1.274246491560957,)
491	100  	91.0137	119.46 	1.64723	1015.45 (1.274246491560957,)
492	100  	97.3536	130.13 	2.48406	1165.57 (1.274246491560957,)
493	100  	97.4765	138.308	1.34925	1166.05 (1.274246491560957,)
494	100  	103.679	131.859	1.67564	1142.73 (1.274246491560957,)
495	100  	103.627	129.043	2.41641	1146.18 (1.274246491560957,)
496	100  	100.865	141.707	2.25732	1254.57 (1.274246491560957,)
497	100  	107.103	134.499	2.79509	1210.23 (1.274246491560957,)
498	100  	82.4045	116.332	2.05354	1078.83 (1.274246491560957,)
499	100  	101.95 	122.131	1.49294	1023.08 (1.274246491560957,)
