In file included from /usr/local/lib/python2.7/dist-packages/numpy/core/include/numpy/ndarraytypes.h:1804:0,
                 from /usr/local/lib/python2.7/dist-packages/numpy/core/include/numpy/ndarrayobject.h:17,
                 from /usr/local/lib/python2.7/dist-packages/numpy/core/include/numpy/arrayobject.h:4,
                 from /home/pinojc/.cache/scipy/python27_compiled/sc_9bade30717731f645b30a512f757f0fa4517.cpp:22:
/usr/local/lib/python2.7/dist-packages/numpy/core/include/numpy/npy_1_7_deprecated_api.h:15:2: warning: #warning "Using deprecated NumPy API, disable it by " "#defining NPY_NO_DEPRECATED_API NPY_1_7_API_VERSION" [-Wcpp]
 #warning "Using deprecated NumPy API, disable it by " \
  ^
gen	evals	avg              	std              	min           	max              
1  	50   	[ 38885.93188732]	[ 53464.36352929]	[ 12.36248844]	[ 167619.8605301] (12.362488444929742,)
2  	50   	[ 37594.73595692]	[ 55896.31083301]	[ 16.67406471]	[ 167717.03382542] (12.362488444929742,)
3  	50   	[ 34006.04706169]	[ 54422.76449477]	[ 11.71592091]	[ 167725.93732053] (11.715920905911936,)
4  	50   	[ 32354.79552231]	[ 52829.86800178]	[ 10.61766742]	[ 167206.36222274] (10.617667422934886,)
5  	50   	[ 27521.32927592]	[ 50916.51200595]	[ 16.89600745]	[ 167000.87847721] (10.617667422934886,)
6  	50   	[ 24365.1358032] 	[ 48000.78777082]	[ 13.3343971] 	[ 166990.39884024] (10.617667422934886,)
7  	50   	[ 22030.36450703]	[ 46313.94808465]	[ 9.30941191] 	[ 166989.58414082] (9.3094119068984185,)
8  	50   	[ 20956.13449106]	[ 42870.4691783] 	[ 13.61405752]	[ 166979.73051562] (9.3094119068984185,)
9  	50   	[ 21493.43260075]	[ 43525.42453108]	[ 7.83228333] 	[ 166971.05057058] (7.8322833299415819,)
10 	50   	[ 15483.62163527]	[ 37137.61047409]	[ 4.80405985] 	[ 166967.17517645] (4.8040598457833976,)
11 	50   	[ 10689.07559617]	[ 31379.73247129]	[ 3.22205975] 	[ 166963.55404805] (3.2220597479250506,)
12 	50   	[ 15053.60720259]	[ 36571.83513]   	[ 3.23318999] 	[ 166987.64591131] (3.2220597479250506,)
13 	50   	[ 8372.31170047] 	[ 28464.41787573]	[ 1.91751055] 	[ 166798.67537651] (1.9175105455544326,)
14 	50   	[ 14734.47655673]	[ 35424.44955978]	[ 4.9908935]  	[ 142881.19529402] (1.9175105455544326,)
15 	50   	[ 3503.35400075] 	[ 14818.85520036]	[ 2.91932511] 	[ 100000.]         (1.9175105455544326,)
16 	50   	[ 3101.20640042] 	[ 14385.924439]  	[ 2.83917688] 	[ 100000.]         (1.9175105455544326,)
17 	50   	[ 12582.36001308]	[ 32397.8990824] 	[ 11.1640351] 	[ 100000.]         (1.9175105455544326,)
18 	50   	[ 10542.13594006]	[ 29909.40663529]	[ 6.67835504] 	[ 100000.]         (1.9175105455544326,)
19 	50   	[ 10345.90008002]	[ 29921.07828172]	[ 2.67094115] 	[ 100000.]         (1.9175105455544326,)
20 	50   	[ 8232.4602155]  	[ 27073.93345398]	[ 1.6908892]  	[ 100000.]         (1.6908892001464926,)
21 	50   	[ 4150.98915804] 	[ 19570.38502568]	[ 1.47285557] 	[ 100000.]         (1.4728555680569646,)
22 	50   	[ 10106.6345729] 	[ 29965.68840072]	[ 1.86022021] 	[ 100000.]         (1.4728555680569646,)
23 	50   	[ 10081.35838384]	[ 29973.43426743]	[ 1.86624422] 	[ 100000.]         (1.4728555680569646,)
24 	50   	[ 16057.22138192]	[ 36635.83154987]	[ 1.901598]   	[ 100000.]         (1.4728555680569646,)
25 	50   	[ 20044.41000128]	[ 39977.95595506]	[ 2.78065217] 	[ 100000.]         (1.4728555680569646,)
26 	50   	[ 30034.45196701]	[ 45803.29827688]	[ 2.82155423] 	[ 100000.]         (1.4728555680569646,)
27 	50   	[ 22026.11566344]	[ 41410.79620905]	[ 1.92063176] 	[ 100000.]         (1.4728555680569646,)
28 	50   	[ 26022.17320407]	[ 43850.29943163]	[ 1.51390655] 	[ 100000.]         (1.4728555680569646,)
29 	50   	[ 16027.23382658]	[ 36648.76464718]	[ 1.08217023] 	[ 100000.]         (1.082170229205796,)
30 	50   	[ 28024.76546738]	[ 44884.50603484]	[ 1.30735741] 	[ 100000.]         (1.082170229205796,)
31 	50   	[ 14020.56876486]	[ 34690.44637266]	[ 0.91589783] 	[ 100000.]         (0.9158978261161439,)
32 	50   	[ 22024.04604045]	[ 41411.97555656]	[ 0.79356834] 	[ 100000.]         (0.79356834075955907,)
33 	50   	[ 20026.4844954] 	[ 39986.9346317] 	[ 0.68008607] 	[ 100000.]         (0.68008607179567615,)
34 	50   	[ 14019.89855544]	[ 34690.76373005]	[ 0.57134522] 	[ 100000.]         (0.57134521894845569,)
35 	50   	[ 12015.18722801]	[ 32490.58942639]	[ 0.62777781] 	[ 100000.]         (0.57134521894845569,)
36 	50   	[ 6019.78062889] 	[ 23743.82562239]	[ 0.48865512] 	[ 100000.]         (0.48865512449277265,)
37 	50   	[ 2015.26962889] 	[ 13997.93625471]	[ 0.51476507] 	[ 100000.]         (0.48865512449277265,)
38 	50   	[ 4010.43109259] 	[ 19593.82615953]	[ 0.43436323] 	[ 100000.]         (0.43436323465904503,)
39 	50   	[ 10.96907903]   	[ 34.25721548]   	[ 0.38830088] 	[ 190.80116907]    (0.38830087625659593,)
40 	50   	[ 9.61973607]    	[ 28.62051508]   	[ 0.35379294] 	[ 140.08274084]    (0.35379293748213114,)
41 	50   	[ 9.12611629]    	[ 26.20838189]   	[ 0.27357281] 	[ 107.44102165]    (0.27357280772417825,)
42 	50   	[ 7.60549616]    	[ 21.53757922]   	[ 0.21164294] 	[ 100.96791184]    (0.21164293617781427,)
43 	50   	[ 7.42495772]    	[ 21.23511833]   	[ 0.19850476] 	[ 100.92926896]    (0.19850475556223771,)
44 	50   	[ 7.76241807]    	[ 22.41593288]   	[ 0.18150603] 	[ 104.7765022]     (0.18150603204331098,)
45 	50   	[ 7.98871845]    	[ 23.84231616]   	[ 0.14418266] 	[ 115.44221044]    (0.14418265844779937,)
46 	50   	[ 7.94608191]    	[ 23.73100234]   	[ 0.17524903] 	[ 107.45025649]    (0.14418265844779937,)
47 	50   	[ 7.91716845]    	[ 24.11719915]   	[ 0.13406551] 	[ 112.51239682]    (0.13406550909011739,)
48 	50   	[ 7.10744262]    	[ 21.54313111]   	[ 0.13371797] 	[ 100.83957695]    (0.13371797364813998,)
49 	50   	[ 7.24361485]    	[ 22.24293845]   	[ 0.12464574] 	[ 104.21318021]    (0.12464573543953422,)
50 	50   	[ 7.54627942]    	[ 22.5169683]    	[ 0.1284012]  	[ 108.91145406]    (0.12464573543953422,)
51 	50   	[ 7.59154146]    	[ 24.42585154]   	[ 0.14575715] 	[ 115.99519861]    (0.12464573543953422,)
52 	50   	[ 7.25933451]    	[ 22.54063281]   	[ 0.14007941] 	[ 113.55286819]    (0.12464573543953422,)
53 	50   	[ 6.70542349]    	[ 20.76089901]   	[ 0.1313254]  	[ 108.80082934]    (0.12464573543953422,)
54 	50   	[ 6.40137764]    	[ 19.4306893]    	[ 0.15531885] 	[ 101.87506262]    (0.12464573543953422,)
55 	50   	[ 6.50231264]    	[ 19.98049505]   	[ 0.14957475] 	[ 106.45545339]    (0.12464573543953422,)
56 	50   	[ 7.04626048]    	[ 21.78977265]   	[ 0.14078448] 	[ 108.17869369]    (0.12464573543953422,)
57 	50   	[ 6.56633427]    	[ 20.58734427]   	[ 0.15021784] 	[ 103.69157705]    (0.12464573543953422,)
58 	50   	[ 6.70490528]    	[ 20.92877238]   	[ 0.1332663]  	[ 102.97764737]    (0.12464573543953422,)
59 	50   	[ 6.75625887]    	[ 22.24213967]   	[ 0.12467103] 	[ 109.09377706]    (0.12464573543953422,)
60 	50   	[ 7.52134767]    	[ 23.14628826]   	[ 0.12411084] 	[ 106.40447495]    (0.12411084491478924,)
61 	50   	[ 6.73602439]    	[ 20.48687918]   	[ 0.12766759] 	[ 97.74778723]     (0.12411084491478924,)
62 	50   	[ 6.88029598]    	[ 23.0296964]    	[ 0.11469707] 	[ 129.36566541]    (0.11469706548923543,)
63 	50   	[ 7.25808417]    	[ 23.68945902]   	[ 0.13235338] 	[ 137.96617045]    (0.11469706548923543,)
64 	50   	[ 7.38547337]    	[ 24.25968771]   	[ 0.11483023] 	[ 126.37508538]    (0.11469706548923543,)
65 	50   	[ 7.29834275]    	[ 23.54241276]   	[ 0.11935808] 	[ 111.02976524]    (0.11469706548923543,)
66 	50   	[ 6.59236652]    	[ 20.93225171]   	[ 0.14503397] 	[ 94.02921509]     (0.11469706548923543,)
67 	50   	[ 6.17019743]    	[ 18.65052873]   	[ 0.11035113] 	[ 93.44064796]     (0.11035113161834188,)
68 	50   	[ 6.42696769]    	[ 19.92804538]   	[ 0.11643863] 	[ 100.99967733]    (0.11035113161834188,)
69 	50   	[ 6.59407187]    	[ 21.68193851]   	[ 0.14295717] 	[ 107.97330343]    (0.11035113161834188,)
70 	50   	[ 6.44782192]    	[ 21.16651457]   	[ 0.11536717] 	[ 104.12599787]    (0.11035113161834188,)
71 	50   	[ 6.59016296]    	[ 21.12240755]   	[ 0.12690963] 	[ 108.03021076]    (0.11035113161834188,)
72 	50   	[ 6.64061963]    	[ 21.13908092]   	[ 0.12238228] 	[ 106.86795973]    (0.11035113161834188,)
73 	50   	[ 6.86801973]    	[ 21.33936685]   	[ 0.11370144] 	[ 103.98365102]    (0.11035113161834188,)
74 	50   	[ 6.52483209]    	[ 20.71472624]   	[ 0.10284294] 	[ 103.52385817]    (0.10284294136448131,)
75 	50   	[ 6.34302361]    	[ 20.60872057]   	[ 0.12979854] 	[ 107.04265094]    (0.10284294136448131,)
76 	50   	[ 6.3111952]     	[ 20.55893199]   	[ 0.11088643] 	[ 114.69946642]    (0.10284294136448131,)
77 	50   	[ 6.7913545]     	[ 22.22618672]   	[ 0.12024028] 	[ 126.59783385]    (0.10284294136448131,)
78 	50   	[ 6.33264242]    	[ 19.95327348]   	[ 0.12251095] 	[ 101.56390682]    (0.10284294136448131,)
79 	50   	[ 6.67194069]    	[ 21.19364048]   	[ 0.10436826] 	[ 105.86310728]    (0.10284294136448131,)
80 	50   	[ 7.73002961]    	[ 25.07056183]   	[ 0.11791038] 	[ 112.72498473]    (0.10284294136448131,)
81 	50   	[ 7.53872491]    	[ 24.24612915]   	[ 0.13804505] 	[ 113.01730944]    (0.10284294136448131,)
82 	50   	[ 7.30519032]    	[ 22.49484616]   	[ 0.10985895] 	[ 108.90307914]    (0.10284294136448131,)
83 	50   	[ 6.74442563]    	[ 21.86482572]   	[ 0.09364633] 	[ 107.48513433]    (0.093646334994331379,)
84 	50   	[ 6.704396]      	[ 21.14344079]   	[ 0.10018917] 	[ 109.66048986]    (0.093646334994331379,)
85 	50   	[ 6.55120547]    	[ 20.89115541]   	[ 0.09506977] 	[ 112.85068809]    (0.093646334994331379,)
86 	50   	[ 6.4322396]     	[ 20.63789788]   	[ 0.1048033]  	[ 112.74707675]    (0.093646334994331379,)
87 	50   	[ 6.34797296]    	[ 20.7903825]    	[ 0.13398524] 	[ 108.31553244]    (0.093646334994331379,)
88 	50   	[ 7.01871082]    	[ 21.80780618]   	[ 0.12051798] 	[ 103.85668203]    (0.093646334994331379,)
89 	50   	[ 7.04674146]    	[ 23.14643304]   	[ 0.1061792]  	[ 109.93939485]    (0.093646334994331379,)
90 	50   	[ 6.99708702]    	[ 22.98105701]   	[ 0.11420695] 	[ 116.24884275]    (0.093646334994331379,)
91 	50   	[ 6.86205504]    	[ 23.12709413]   	[ 0.13507187] 	[ 118.98220146]    (0.093646334994331379,)
92 	50   	[ 6.74060104]    	[ 22.26624159]   	[ 0.10804656] 	[ 115.37049285]    (0.093646334994331379,)
93 	50   	[ 2005.04435723] 	[ 13999.29089775]	[ 0.10921767] 	[ 100000.]         (0.093646334994331379,)
94 	50   	[ 7.19904833]    	[ 22.92741282]   	[ 0.1292884]  	[ 115.05923208]    (0.093646334994331379,)
95 	50   	[ 6.53713653]    	[ 21.78887085]   	[ 0.10570133] 	[ 121.92591394]    (0.093646334994331379,)
96 	50   	[ 6.55796592]    	[ 21.28026991]   	[ 0.09043051] 	[ 109.46389481]    (0.090430508578196886,)
97 	50   	[ 6.54012002]    	[ 20.96705395]   	[ 0.11691633] 	[ 107.02706182]    (0.090430508578196886,)
98 	50   	[ 7.16066777]    	[ 22.96363108]   	[ 0.09303364] 	[ 118.68075303]    (0.090430508578196886,)
99 	50   	[ 7.33903293]    	[ 23.94558898]   	[ 0.09645481] 	[ 116.92788107]    (0.090430508578196886,)
100	50   	[ 7.17809566]    	[ 23.54016872]   	[ 0.11151764] 	[ 120.12357338]    (0.090430508578196886,)
