In file included from /usr/local/lib/python2.7/dist-packages/numpy/core/include/numpy/ndarraytypes.h:1804:0,
                 from /usr/local/lib/python2.7/dist-packages/numpy/core/include/numpy/ndarrayobject.h:17,
                 from /usr/local/lib/python2.7/dist-packages/numpy/core/include/numpy/arrayobject.h:4,
                 from /home/pinojc/.cache/scipy/python27_compiled/sc_9bade30717731f645b30a512f757f0fa4587.cpp:22:
/usr/local/lib/python2.7/dist-packages/numpy/core/include/numpy/npy_1_7_deprecated_api.h:15:2: warning: #warning "Using deprecated NumPy API, disable it by " "#defining NPY_NO_DEPRECATED_API NPY_1_7_API_VERSION" [-Wcpp]
 #warning "Using deprecated NumPy API, disable it by " \
  ^
gen	evals	avg              	std              	min           	max               
1  	50   	[ 58046.66876334]	[ 69868.32077331]	[ 22.71267866]	[ 167470.05134316] (22.712678664300064,)
2  	50   	[ 51116.77666295]	[ 64097.53656432]	[ 24.70338062]	[ 167508.75723365] (22.712678664300064,)
3  	50   	[ 37138.50811223]	[ 58179.69286541]	[ 20.9723462] 	[ 167398.06472545] (20.97234620451265,)
4  	50   	[ 35425.88509392]	[ 56938.72949333]	[ 18.63356641]	[ 166978.8927845]  (18.633566409902013,)
5  	50   	[ 26369.70936134]	[ 49024.28525596]	[ 17.30670393]	[ 166962.63918126] (17.306703933256856,)
6  	50   	[ 22969.0746685] 	[ 44700.43064431]	[ 16.40627607]	[ 166063.13877386] (16.406276074984447,)
7  	50   	[ 17299.92852443]	[ 36288.83263887]	[ 16.04169103]	[ 144970.83696817] (16.041691028747096,)
8  	50   	[ 11703.63112046]	[ 28724.07990593]	[ 16.06177245]	[ 129704.61958455] (16.041691028747096,)
9  	50   	[ 7547.05399331] 	[ 21466.95624101]	[ 16.58388793]	[ 119584.64042685] (16.041691028747096,)
10 	50   	[ 6261.83604404] 	[ 19013.08591193]	[ 16.06801174]	[ 105233.84814319] (16.041691028747096,)
11 	50   	[ 9181.19940556] 	[ 24894.98922905]	[ 15.32239523]	[ 100000.]         (15.322395229396797,)
12 	50   	[ 4320.03077652] 	[ 14925.80747888]	[ 14.74895067]	[ 76604.85145911]  (14.748950673860108,)
13 	50   	[ 3655.04490903] 	[ 13660.64565234]	[ 14.24180649]	[ 70586.58413832]  (14.241806492552289,)
14 	50   	[ 2986.52139731] 	[ 11837.03212727]	[ 13.85942035]	[ 64243.85199254]  (13.859420350785907,)
15 	50   	[ 6267.79174357] 	[ 21330.92104945]	[ 13.59325364]	[ 100000.]         (13.593253643729067,)
16 	50   	[ 1593.40548754] 	[ 6793.65166758] 	[ 13.45098164]	[ 41214.39399826]  (13.450981641628692,)
17 	50   	[ 1013.18562938] 	[ 4373.51850579] 	[ 13.45123802]	[ 27846.19421372]  (13.450981641628692,)
18 	50   	[ 580.32012078]  	[ 2450.19694106] 	[ 13.51126438]	[ 15957.23633654]  (13.450981641628692,)
19 	50   	[ 316.21247492]  	[ 1248.88127563] 	[ 12.59327227]	[ 8269.45796156]   (12.593272273394447,)
20 	50   	[ 178.39730301]  	[ 632.87251659]  	[ 13.30583198]	[ 4277.76915967]   (12.593272273394447,)
21 	50   	[ 103.7660943]   	[ 294.69844985]  	[ 12.37534837]	[ 2028.79735774]   (12.375348366289817,)
22 	50   	[ 64.82537307]   	[ 129.61797792]  	[ 11.50796017]	[ 904.44567398]    (11.507960171427142,)
23 	50   	[ 45.39384378]   	[ 59.26285312]   	[ 10.74990535]	[ 386.73508288]    (10.749905347980146,)
24 	50   	[ 36.47014744]   	[ 42.00039312]   	[ 10.87180178]	[ 261.88964357]    (10.749905347980146,)
25 	50   	[ 30.21797606]   	[ 29.4464794]    	[ 9.95520446] 	[ 188.02236411]    (9.9552044610802533,)
26 	50   	[ 26.87247499]   	[ 31.70282655]   	[ 10.00462551]	[ 222.1681029]     (9.9552044610802533,)
27 	50   	[ 25.80396095]   	[ 35.97392251]   	[ 10.00530519]	[ 241.44267546]    (9.9552044610802533,)
28 	50   	[ 23.78435296]   	[ 38.53143475]   	[ 9.95824392] 	[ 272.08834672]    (9.9552044610802533,)
29 	50   	[ 2020.4687255]  	[ 13997.1258915] 	[ 8.58276254] 	[ 100000.]         (8.5827625379789261,)
30 	50   	[ 2018.87959394] 	[ 13997.35103016]	[ 8.37877566] 	[ 100000.]         (8.3787756648347891,)
31 	50   	[ 18.51704784]   	[ 33.18784663]   	[ 7.9164123]  	[ 227.0661816]     (7.9164123017688368,)
32 	50   	[ 16.29017968]   	[ 29.42130875]   	[ 7.12932228] 	[ 194.31717922]    (7.1293222814538399,)
33 	50   	[ 14.67985222]   	[ 25.9528673]    	[ 6.71268139] 	[ 166.62469258]    (6.7126813938490546,)
34 	50   	[ 13.21300688]   	[ 24.8715392]    	[ 5.79736586] 	[ 159.39764721]    (5.7973658630723159,)
35 	50   	[ 11.69746637]   	[ 21.54741436]   	[ 5.42232861] 	[ 131.49726068]    (5.4223286079154729,)
36 	50   	[ 9.86900662]    	[ 16.31339316]   	[ 4.83409664] 	[ 83.8553794]      (4.8340966411619402,)
37 	50   	[ 9.48845699]    	[ 16.93065168]   	[ 4.09116079] 	[ 94.51229921]     (4.0911607910466419,)
38 	50   	[ 10.05756974]   	[ 21.57861404]   	[ 3.93487843] 	[ 117.13393304]    (3.9348784296836521,)
39 	50   	[ 10.55697464]   	[ 28.26642443]   	[ 3.54006615] 	[ 185.15420336]    (3.5400661534876745,)
40 	50   	[ 10.36637614]   	[ 29.91059345]   	[ 3.30285414] 	[ 202.32494861]    (3.3028541404090168,)
41 	50   	[ 9.09646008]    	[ 23.81552237]   	[ 3.23258474] 	[ 159.40115433]    (3.23258473545514,)
42 	50   	[ 8.29123943]    	[ 19.53994549]   	[ 3.09111556] 	[ 119.79335686]    (3.0911155608873462,)
43 	50   	[ 8.45935468]    	[ 19.31413006]   	[ 3.14737146] 	[ 109.61977736]    (3.0911155608873462,)
44 	50   	[ 8.30959946]    	[ 20.22549557]   	[ 2.96890015] 	[ 118.2845167]     (2.9689001488155338,)
45 	50   	[ 8.16757782]    	[ 20.3949797]    	[ 2.92545406] 	[ 124.5740174]     (2.925454056502411,)
46 	50   	[ 7.76667772]    	[ 18.33245918]   	[ 2.83599858] 	[ 113.8986826]     (2.8359985810194446,)
47 	50   	[ 7.6762017]     	[ 16.76188539]   	[ 2.7384937]  	[ 85.89019979]     (2.7384936983223849,)
48 	50   	[ 7.7211524]     	[ 18.52365803]   	[ 2.68321808] 	[ 112.08330846]    (2.6832180788492472,)
49 	50   	[ 7.61079725]    	[ 18.91951786]   	[ 2.65388771] 	[ 119.41193256]    (2.6538877134087198,)
50 	50   	[ 8.3644706]     	[ 22.87871441]   	[ 2.5176668]  	[ 153.75098945]    (2.5176668037606316,)
51 	50   	[ 7.08353576]    	[ 16.71883522]   	[ 2.52575381] 	[ 96.69536642]     (2.5176668037606316,)
52 	50   	[ 7.33595922]    	[ 18.15647554]   	[ 2.44312856] 	[ 110.22010412]    (2.443128564610999,)
53 	50   	[ 6.89285384]    	[ 16.50142526]   	[ 2.34887006] 	[ 107.94744384]    (2.348870056572478,)
54 	50   	[ 6.10001344]    	[ 13.01855178]   	[ 2.24220543] 	[ 82.37170983]     (2.2422054301630263,)
55 	50   	[ 6.14158656]    	[ 12.05825898]   	[ 2.16773038] 	[ 72.56116948]     (2.1677303847121725,)
56 	50   	[ 6.6440364]     	[ 15.54559909]   	[ 2.16580588] 	[ 95.25802217]     (2.1658058801779974,)
57 	50   	[ 6.59158251]    	[ 14.67597092]   	[ 2.17600421] 	[ 87.24292695]     (2.1658058801779974,)
58 	50   	[ 6.28214359]    	[ 16.86796031]   	[ 2.17705575] 	[ 100.21371248]    (2.1658058801779974,)
59 	50   	[ 5.69550874]    	[ 12.4869243]    	[ 2.1249889]  	[ 66.93987443]     (2.1249889038399523,)
60 	50   	[ 4.84132976]    	[ 10.89461449]   	[ 2.1138243]  	[ 70.21262158]     (2.113824297628343,)
61 	50   	[ 5.13619615]    	[ 9.24112498]    	[ 2.14582833] 	[ 59.74079936]     (2.113824297628343,)
62 	50   	[ 4.7461899]     	[ 9.48559312]    	[ 2.1266279]  	[ 62.96376973]     (2.113824297628343,)
63 	50   	[ 4.43545867]    	[ 7.84140339]    	[ 2.09764114] 	[ 49.74133278]     (2.0976411392887719,)
64 	50   	[ 4.75205348]    	[ 7.91469596]    	[ 2.08328404] 	[ 53.61810821]     (2.0832840398858612,)
65 	50   	[ 4.56388913]    	[ 8.76251652]    	[ 2.09208047] 	[ 61.49995883]     (2.0832840398858612,)
66 	50   	[ 4.92646771]    	[ 9.49521074]    	[ 2.1150262]  	[ 66.92980161]     (2.0832840398858612,)
67 	50   	[ 4.98289591]    	[ 9.2431646]     	[ 2.07270899] 	[ 66.02169445]     (2.0727089860186103,)
68 	50   	[ 4.45912846]    	[ 7.31180431]    	[ 2.06891424] 	[ 50.83814915]     (2.0689142396535907,)
69 	50   	[ 4.10106069]    	[ 6.37659331]    	[ 2.07521193] 	[ 45.24220206]     (2.0689142396535907,)
70 	50   	[ 4.25912333]    	[ 7.81649315]    	[ 2.06155725] 	[ 57.57523192]     (2.0615572527823165,)
71 	50   	[ 3.98014135]    	[ 6.18427891]    	[ 2.06956248] 	[ 46.30624269]     (2.0615572527823165,)
72 	50   	[ 3.86360332]    	[ 7.36296286]    	[ 2.07233885] 	[ 55.05334135]     (2.0615572527823165,)
73 	50   	[ 4.00408536]    	[ 6.94730033]    	[ 2.08393568] 	[ 51.10442861]     (2.0615572527823165,)
74 	50   	[ 3.81109646]    	[ 6.89363816]    	[ 2.05269546] 	[ 51.62733904]     (2.0526954592856486,)
75 	50   	[ 3.80781356]    	[ 6.2134242]     	[ 2.06380079] 	[ 46.45521356]     (2.0526954592856486,)
76 	50   	[ 4.01257382]    	[ 8.90183205]    	[ 2.09944321] 	[ 66.08336948]     (2.0526954592856486,)
77 	50   	[ 4.2546661]     	[ 9.07438883]    	[ 2.04601544] 	[ 67.18237404]     (2.0460154449471655,)
78 	50   	[ 3.79676823]    	[ 7.22589914]    	[ 2.05578903] 	[ 53.97660312]     (2.0460154449471655,)
79 	50   	[ 3.77646679]    	[ 7.14589685]    	[ 2.04165115] 	[ 53.3920464]      (2.0416511493670741,)
80 	50   	[ 3.79440893]    	[ 7.16122475]    	[ 2.03834835] 	[ 53.23203095]     (2.0383483508475417,)
81 	50   	[ 4.11283885]    	[ 9.69387871]    	[ 2.04226858] 	[ 71.67385048]     (2.0383483508475417,)
82 	50   	[ 4.34838461]    	[ 11.83183773]   	[ 2.06159853] 	[ 86.96557655]     (2.0383483508475417,)
83 	50   	[ 2003.86309448] 	[ 13999.45140535]	[ 2.05039933] 	[ 100000.]         (2.0383483508475417,)
84 	50   	[ 4.1065876]     	[ 9.18979482]    	[ 2.05814792] 	[ 68.20422884]     (2.0383483508475417,)
85 	50   	[ 3.93962133]    	[ 8.30833555]    	[ 2.06845455] 	[ 61.84347901]     (2.0383483508475417,)
86 	50   	[ 3.9049069]     	[ 8.88825636]    	[ 2.06557889] 	[ 65.86084868]     (2.0383483508475417,)
87 	50   	[ 4.12814199]    	[ 9.4925271]     	[ 2.08330542] 	[ 70.18269295]     (2.0383483508475417,)
88 	50   	[ 4.45800226]    	[ 11.2820523]    	[ 2.051665]   	[ 83.10224187]     (2.0383483508475417,)
89 	50   	[ 3.98578886]    	[ 10.03824337]   	[ 2.03904183] 	[ 74.08985558]     (2.0383483508475417,)
90 	50   	[ 4.03924706]    	[ 9.14207025]    	[ 2.06565573] 	[ 67.82008554]     (2.0383483508475417,)
91 	50   	[ 3.61195587]    	[ 7.70514719]    	[ 2.0643472]  	[ 57.33193977]     (2.0383483508475417,)
92 	50   	[ 3.64809111]    	[ 6.07287296]    	[ 2.03786918] 	[ 45.78877235]     (2.0378691830365634,)
93 	50   	[ 3.544165]      	[ 4.72200295]    	[ 2.07006233] 	[ 35.89187976]     (2.0378691830365634,)
94 	50   	[ 3.57745784]    	[ 4.77300942]    	[ 2.04563125] 	[ 36.04860634]     (2.0378691830365634,)
95 	50   	[ 3.83878178]    	[ 5.61516807]    	[ 2.05824893] 	[ 42.26866935]     (2.0378691830365634,)
96 	50   	[ 4.12946705]    	[ 8.02278398]    	[ 2.03849507] 	[ 59.83361513]     (2.0378691830365634,)
97 	50   	[ 4.34200232]    	[ 8.75590623]    	[ 2.05200543] 	[ 64.79729677]     (2.0378691830365634,)
98 	50   	[ 4.05283627]    	[ 7.98109848]    	[ 2.04686878] 	[ 59.41019825]     (2.0378691830365634,)
99 	50   	[ 3.93140177]    	[ 7.39863066]    	[ 2.04593793] 	[ 55.01965067]     (2.0378691830365634,)
100	50   	[ 3.79951604]    	[ 6.69781935]    	[ 2.03391196] 	[ 50.26325476]     (2.0339119609363423,)
