In file included from /usr/local/lib/python2.7/dist-packages/numpy/core/include/numpy/ndarraytypes.h:1804:0,
                 from /usr/local/lib/python2.7/dist-packages/numpy/core/include/numpy/ndarrayobject.h:17,
                 from /usr/local/lib/python2.7/dist-packages/numpy/core/include/numpy/arrayobject.h:4,
                 from /home/pinojc/.cache/scipy/python27_compiled/sc_9bade30717731f645b30a512f757f0fa4478.cpp:22:
/usr/local/lib/python2.7/dist-packages/numpy/core/include/numpy/npy_1_7_deprecated_api.h:15:2: warning: #warning "Using deprecated NumPy API, disable it by " "#defining NPY_NO_DEPRECATED_API NPY_1_7_API_VERSION" [-Wcpp]
 #warning "Using deprecated NumPy API, disable it by " \
  ^
gen	evals	avg              	std             	min          	max               
1  	50   	[ 71849.80977116]	[ 70049.8874724]	[ 18.6387753]	[ 168699.52121983] (18.638775302897333,)
2  	50   	[ 61428.19375123]	[ 67061.81916631]	[ 17.57850408]	[ 167568.68890277] (17.578504083551948,)
3  	50   	[ 55720.95687133]	[ 67088.4488635] 	[ 17.70142173]	[ 167575.61150517] (17.578504083551948,)
4  	50   	[ 52968.56955195]	[ 65126.56826212]	[ 18.25292962]	[ 167615.89843471] (17.578504083551948,)
5  	50   	[ 45065.25724331]	[ 62109.02195024]	[ 18.10650023]	[ 167632.96141653] (17.578504083551948,)
6  	50   	[ 42502.26662722]	[ 59995.15560603]	[ 16.82273299]	[ 167306.83464939] (16.822732985432694,)
7  	50   	[ 37567.67560866]	[ 56412.36322048]	[ 16.64511416]	[ 167117.32392074] (16.645114164700992,)
8  	50   	[ 28468.84669351]	[ 47890.56869904]	[ 18.82681313]	[ 167121.16212747] (16.645114164700992,)
9  	50   	[ 27816.53086912]	[ 46652.6597834] 	[ 16.99124253]	[ 167163.09485723] (16.645114164700992,)
10 	50   	[ 20854.52639002]	[ 42832.77435759]	[ 16.21736219]	[ 167199.10562054] (16.217362192921144,)
11 	50   	[ 20485.44268126]	[ 43565.87202153]	[ 16.35046667]	[ 167371.45533724] (16.217362192921144,)
12 	50   	[ 20200.80862976]	[ 42948.10785806]	[ 16.98030212]	[ 167452.70630073] (16.217362192921144,)
13 	50   	[ 16385.91574711]	[ 39837.57154153]	[ 11.02564368]	[ 167485.28993582] (11.02564367975606,)
14 	50   	[ 5823.3430657]  	[ 24067.2987326] 	[ 12.71641556]	[ 167455.02313455] (11.02564367975606,)
15 	50   	[ 8191.55712056] 	[ 29967.77121177]	[ 12.0911951] 	[ 167413.13764569] (11.02564367975606,)
16 	50   	[ 3899.82897188] 	[ 23385.76095199]	[ 16.25768342]	[ 167355.1906791]  (11.02564367975606,)
17 	50   	[ 9724.53511048] 	[ 32641.47058876]	[ 9.96727247] 	[ 167165.38490945] (9.9672724723353436,)
18 	50   	[ 5599.06143469] 	[ 26842.63284236]	[ 8.22546539] 	[ 166025.26323814] (8.2254653863220284,)
19 	50   	[ 5618.636238]   	[ 21893.33660254]	[ 10.08126989]	[ 100000.]         (8.2254653863220284,)
20 	50   	[ 4080.88601982] 	[ 19579.84972153]	[ 9.23462392] 	[ 100000.]         (8.2254653863220284,)
21 	50   	[ 2060.17614542] 	[ 13991.70899405]	[ 9.23054152] 	[ 100000.]         (8.2254653863220284,)
22 	50   	[ 2042.89815574] 	[ 13994.00267517]	[ 7.36699504] 	[ 100000.]         (7.3669950360285714,)
23 	50   	[ 2031.91379173] 	[ 13995.49904895]	[ 6.20090046] 	[ 100000.]         (6.2009004633137756,)
24 	50   	[ 4021.96203583] 	[ 19591.44689074]	[ 6.11275165] 	[ 100000.]         (6.1127516475702546,)
25 	50   	[ 2015.49309695] 	[ 13997.79030506]	[ 6.02912445] 	[ 100000.]         (6.0291244457694138,)
26 	50   	[ 11.89964235]   	[ 5.68732969]    	[ 5.40323587] 	[ 32.11957445]     (5.4032358667941303,)
27 	50   	[ 9.7356078]     	[ 4.91059528]    	[ 5.03481476] 	[ 31.67944048]     (5.0348147627544844,)
28 	50   	[ 8.74475849]    	[ 4.39057578]    	[ 4.74029481] 	[ 31.87605923]     (4.7402948130863507,)
29 	50   	[ 7.61625937]    	[ 3.39714962]    	[ 4.3405172]  	[ 22.27428596]     (4.3405171959720796,)
30 	50   	[ 6.36477854]    	[ 2.29522656]    	[ 3.93954623] 	[ 15.54535385]     (3.9395462287957015,)
31 	50   	[ 5.63981432]    	[ 1.5430262]     	[ 3.85301742] 	[ 11.01815316]     (3.8530174233033994,)
32 	50   	[ 5.05109294]    	[ 1.30791255]    	[ 3.72655902] 	[ 10.01868822]     (3.7265590206167056,)
33 	50   	[ 4.83491278]    	[ 0.85433757]    	[ 3.82857224] 	[ 7.45574228]      (3.7265590206167056,)
34 	50   	[ 4.67035575]    	[ 0.62067314]    	[ 3.74594851] 	[ 6.21610938]      (3.7265590206167056,)
35 	50   	[ 4.59565303]    	[ 0.93964784]    	[ 3.69540976] 	[ 8.72847928]      (3.6954097601712412,)
36 	50   	[ 4.35598701]    	[ 0.74966839]    	[ 3.65746705] 	[ 6.5424464]       (3.6574670476157651,)
37 	50   	[ 4.56606377]    	[ 0.87043038]    	[ 3.54529257] 	[ 8.25916969]      (3.5452925700822107,)
38 	50   	[ 4.27976289]    	[ 0.65197688]    	[ 3.62911143] 	[ 6.98183733]      (3.5452925700822107,)
39 	50   	[ 4.40237225]    	[ 0.71317036]    	[ 3.59859757] 	[ 6.53492397]      (3.5452925700822107,)
40 	50   	[ 4.27584505]    	[ 0.71079842]    	[ 3.50207851] 	[ 6.89377206]      (3.5020785146574758,)
41 	50   	[ 4.18737956]    	[ 0.55904169]    	[ 3.50483355] 	[ 6.19434682]      (3.5020785146574758,)
42 	50   	[ 4.26113114]    	[ 0.69481721]    	[ 3.42051487] 	[ 6.91388821]      (3.4205148657276396,)
43 	50   	[ 4.06115999]    	[ 0.61665723]    	[ 3.33471887] 	[ 6.65092672]      (3.3347188722386418,)
44 	50   	[ 4.07986017]    	[ 0.66914995]    	[ 3.28991062] 	[ 7.18905521]      (3.2899106222064827,)
45 	50   	[ 4.18521027]    	[ 0.85098632]    	[ 3.19397242] 	[ 6.85933341]      (3.193972417064602,)
46 	50   	[ 4.09496947]    	[ 0.71018349]    	[ 3.23043851] 	[ 6.464435]        (3.193972417064602,)
47 	50   	[ 3.93632397]    	[ 0.85772888]    	[ 3.11293758] 	[ 8.77628842]      (3.1129375751352732,)
48 	50   	[ 3.83775608]    	[ 0.54984662]    	[ 3.24273608] 	[ 5.44011478]      (3.1129375751352732,)
49 	50   	[ 4.08457098]    	[ 0.95540652]    	[ 3.12871203] 	[ 6.70080488]      (3.1129375751352732,)
50 	50   	[ 3.76693408]    	[ 0.64646045]    	[ 3.03810506] 	[ 5.70586697]      (3.0381050644158334,)
51 	50   	[ 3.98241284]    	[ 1.15157979]    	[ 3.00039432] 	[ 8.88417742]      (3.0003943154000705,)
52 	50   	[ 3.8790877]     	[ 0.89775319]    	[ 3.01210562] 	[ 8.02406446]      (3.0003943154000705,)
53 	50   	[ 4.04913188]    	[ 1.05778002]    	[ 3.02506181] 	[ 9.3855853]       (3.0003943154000705,)
54 	50   	[ 3.93778384]    	[ 0.93378625]    	[ 3.0157973]  	[ 7.76613243]      (3.0003943154000705,)
55 	50   	[ 3.83972459]    	[ 0.87439447]    	[ 3.03633011] 	[ 6.56747926]      (3.0003943154000705,)
56 	50   	[ 3.90384975]    	[ 0.97302695]    	[ 2.98598889] 	[ 7.80023082]      (2.9859888871510067,)
57 	50   	[ 3.76951054]    	[ 0.62022713]    	[ 2.9823344]  	[ 5.35320613]      (2.9823344027299439,)
58 	50   	[ 3.46247411]    	[ 0.43638918]    	[ 2.96756174] 	[ 4.65363489]      (2.9675617366241944,)
59 	50   	[ 3.61686552]    	[ 0.55638726]    	[ 2.93750042] 	[ 4.80009855]      (2.9375004191247029,)
60 	50   	[ 3.60825257]    	[ 0.58926794]    	[ 2.93046084] 	[ 5.81499195]      (2.9304608436034689,)
61 	50   	[ 3.48622749]    	[ 0.48989331]    	[ 2.87615455] 	[ 4.8582719]       (2.8761545535724782,)
62 	50   	[ 3.43804624]    	[ 0.8096089]     	[ 2.86723467] 	[ 8.08761506]      (2.8672346675435962,)
63 	50   	[ 3.44899357]    	[ 0.62494738]    	[ 2.87128997] 	[ 6.41930925]      (2.8672346675435962,)
64 	50   	[ 3.5517703]     	[ 0.97041457]    	[ 2.85429368] 	[ 8.76009096]      (2.8542936823578886,)
65 	50   	[ 3.55176636]    	[ 0.81780402]    	[ 2.87157264] 	[ 7.56834817]      (2.8542936823578886,)
66 	50   	[ 3.49715852]    	[ 0.77438811]    	[ 2.84847197] 	[ 6.50084969]      (2.8484719735614141,)
67 	50   	[ 3.51979913]    	[ 0.84821522]    	[ 2.75817333] 	[ 8.33385238]      (2.7581733272172091,)
68 	50   	[ 3.39787661]    	[ 0.73408377]    	[ 2.73527486] 	[ 5.88155838]      (2.7352748557293545,)
69 	50   	[ 3.40636616]    	[ 0.65574837]    	[ 2.72740389] 	[ 5.5934332]       (2.7274038897010895,)
70 	50   	[ 3.22762845]    	[ 0.39857073]    	[ 2.75644832] 	[ 4.88447551]      (2.7274038897010895,)
71 	50   	[ 3.27355939]    	[ 0.46089484]    	[ 2.74035643] 	[ 4.642394]        (2.7274038897010895,)
72 	50   	[ 3.2424709]     	[ 0.47174135]    	[ 2.71096724] 	[ 4.45082739]      (2.7109672442261887,)
73 	50   	[ 3.22436455]    	[ 0.60640687]    	[ 2.65249419] 	[ 5.43629198]      (2.6524941941826352,)
74 	50   	[ 3.11399582]    	[ 0.35027389]    	[ 2.6847355]  	[ 4.11979619]      (2.6524941941826352,)
75 	50   	[ 3.3099857]     	[ 0.60124985]    	[ 2.57079038] 	[ 5.57105288]      (2.5707903778548227,)
76 	50   	[ 3.26616797]    	[ 0.567875]      	[ 2.50144593] 	[ 5.08978598]      (2.5014459256586834,)
77 	50   	[ 3.17205059]    	[ 0.56662715]    	[ 2.4618538]  	[ 5.09332357]      (2.4618537976618038,)
78 	50   	[ 3.15929793]    	[ 0.5857315]     	[ 2.47116623] 	[ 5.11861689]      (2.4618537976618038,)
79 	50   	[ 3.15318293]    	[ 0.71768724]    	[ 2.54084823] 	[ 6.62390319]      (2.4618537976618038,)
80 	50   	[ 3.16098731]    	[ 0.72566214]    	[ 2.45245762] 	[ 6.26601767]      (2.4524576150978872,)
81 	50   	[ 3.16701706]    	[ 0.64413068]    	[ 2.57814523] 	[ 5.49682462]      (2.4524576150978872,)
82 	50   	[ 3.07374891]    	[ 0.60783264]    	[ 2.47810349] 	[ 5.35435938]      (2.4524576150978872,)
83 	50   	[ 3.04590014]    	[ 0.48374714]    	[ 2.49054529] 	[ 4.78118374]      (2.4524576150978872,)
84 	50   	[ 3.06069651]    	[ 0.5434453]     	[ 2.48377556] 	[ 4.46575862]      (2.4524576150978872,)
85 	50   	[ 3.17062905]    	[ 0.77957834]    	[ 2.49090709] 	[ 6.59226303]      (2.4524576150978872,)
86 	50   	[ 3.03924256]    	[ 0.58393026]    	[ 2.45558903] 	[ 5.16712702]      (2.4524576150978872,)
87 	50   	[ 3.06546512]    	[ 0.63171106]    	[ 2.45931861] 	[ 5.19328921]      (2.4524576150978872,)
88 	50   	[ 3.02212715]    	[ 0.58160161]    	[ 2.45831147] 	[ 4.87459862]      (2.4524576150978872,)
89 	50   	[ 3.1343647]     	[ 0.61468799]    	[ 2.47961612] 	[ 4.62189992]      (2.4524576150978872,)
90 	50   	[ 2.87812509]    	[ 0.35262316]    	[ 2.42619958] 	[ 3.67298881]      (2.4261995820780946,)
91 	50   	[ 2.98576304]    	[ 0.46487373]    	[ 2.43113554] 	[ 4.62054111]      (2.4261995820780946,)
92 	50   	[ 2.76219456]    	[ 0.30641503]    	[ 2.41717888] 	[ 3.66665744]      (2.4171788766666964,)
93 	50   	[ 3.06983135]    	[ 0.54760231]    	[ 2.37479372] 	[ 4.83138967]      (2.374793721071927,)
94 	50   	[ 3.01514872]    	[ 0.76616232]    	[ 2.39923937] 	[ 6.37090312]      (2.374793721071927,)
95 	50   	[ 2.89608669]    	[ 0.58593209]    	[ 2.3602032]  	[ 4.71057177]      (2.3602032026244881,)
96 	50   	[ 2.89592679]    	[ 0.57552559]    	[ 2.39232946] 	[ 5.09411936]      (2.3602032026244881,)
97 	50   	[ 2.8546082]     	[ 0.54619869]    	[ 2.41904984] 	[ 5.45324741]      (2.3602032026244881,)
98 	50   	[ 2.98935115]    	[ 0.54645819]    	[ 2.33210204] 	[ 4.93965682]      (2.3321020423534558,)
99 	50   	[ 2.93567089]    	[ 0.56666251]    	[ 2.34987888] 	[ 4.81014218]      (2.3321020423534558,)
100	50   	[ 2.9471458]     	[ 0.94942561]    	[ 2.23450886] 	[ 8.49439064]      (2.234508860234115,)
