In file included from /usr/lib/python2.7/dist-packages/numpy/core/include/numpy/ndarraytypes.h:1761:0,
                 from /usr/lib/python2.7/dist-packages/numpy/core/include/numpy/ndarrayobject.h:17,
                 from /usr/lib/python2.7/dist-packages/numpy/core/include/numpy/arrayobject.h:4,
                 from /home/pinojc/.cache/scipy/python27_compiled/sc_9bade30717731f645b30a512f757f0fa1804.cpp:22:
/usr/lib/python2.7/dist-packages/numpy/core/include/numpy/npy_1_7_deprecated_api.h:15:2: warning: #warning "Using deprecated NumPy API, disable it by " "#defining NPY_NO_DEPRECATED_API NPY_1_7_API_VERSION" [-Wcpp]
 #warning "Using deprecated NumPy API, disable it by " \
  ^
gen	evals	avg    	std   	min  	max    
0  	100  	1084.62	311.96	438.8	1796.29 (438.79965273799326,)
1  	100  	1062.72	294.887	438.242	1734.37 (438.24206652237694,)
2  	100  	989.646	266.726	430.207	1600.16 (430.20728519138953,)
3  	100  	931.315	228.154	382.306	1422.38 (382.30583519028124,)
4  	100  	837.809	229.123	384.201	1499.57 (382.30583519028124,)
5  	100  	757.973	225.848	356.503	1562.77 (356.50255260096827,)
6  	100  	624.984	251.86 	296.977	1443.65 (296.97713196958483,)
7  	100  	551.8  	268.791	274.482	1373.47 (274.48176263109883,)
8  	100  	496.905	257.742	229.19 	1371.9  (229.19026097806432,)
9  	100  	425.603	272.595	230.129	1372.5  (229.19026097806432,)
10 	100  	391.615	279.968	204.532	1373.38 (204.53213994095029,)
11 	100  	362.421	287.65 	196.742	1484.05 (196.74162749443772,)
12 	100  	338.173	285.149	183.94 	1456.38 (183.94010090857643,)
13 	100  	308.718	268.239	178.074	1332.83 (178.07365138830215,)
14 	100  	285.609	256.12 	169.151	1263.03 (169.15080091190271,)
15 	100  	278.103	239.774	167.789	1259.95 (167.78936451542222,)
16 	100  	268.507	230.965	165.387	1438.78 (165.38680961606141,)
17 	100  	261.426	201.65 	160.897	1226.05 (160.89657666984112,)
18 	100  	245.024	182.291	160.665	1204.63 (160.66467368439436,)
19 	100  	246.228	206.017	160.424	1429.6  (160.4242009999586,)
20 	100  	246.265	195.33 	159.551	1326.43 (159.55114691042493,)
21 	100  	244.236	190.895	158.786	1258.23 (158.78612235821808,)
22 	100  	236.012	183.159	154.947	1208.52 (154.94701773112104,)
23 	100  	232.54 	176.738	149.225	1076.42 (149.22463092504614,)
24 	100  	230.7  	167.824	146.943	1054.03 (146.94252930427314,)
25 	100  	227.759	180.192	142.738	1114.83 (142.73823494289525,)
26 	100  	230.881	180.3  	141.199	1117.08 (141.19911995957256,)
27 	100  	226.403	188.422	142.095	1178.29 (141.19911995957256,)
28 	100  	223.86 	168.639	141.155	1129.21 (141.15515843271686,)
29 	100  	226.898	163.18 	138.663	1059.73 (138.66338838898014,)
30 	100  	232.272	168.756	136.283	1054.51 (136.28284989062649,)
31 	100  	208.804	154.216	137.039	1012.33 (136.28284989062649,)
32 	100  	207.233	123.557	135.088	841.893 (135.0884002142742,)
33 	100  	198.57 	123.492	133.177	820.638 (133.17706522782234,)
34 	100  	199.117	140.393	132.08 	986.153 (132.08004906104878,)
35 	100  	195.243	113.656	132.068	761.306 (132.06825465318681,)
36 	100  	203.185	120.995	132.107	912.167 (132.06825465318681,)
37 	100  	197.652	135.39 	131.554	996.61  (131.55375944841711,)
38 	100  	201.559	108.812	131.92 	807.718 (131.55375944841711,)
39 	100  	194.656	115.567	130.369	889.798 (130.36874413017134,)
40 	100  	198.053	109.407	129.28 	922.917 (129.27996076321048,)
41 	100  	191.6  	108.934	127.718	965.232 (127.71817856454817,)
42 	100  	187.885	100.098	126.881	863.609 (126.88139377910093,)
43 	100  	205.287	119.989	127.535	861.975 (126.88139377910093,)
44 	100  	200.741	105.864	125.257	757.227 (125.25719457545922,)
45 	100  	194.574	100.91 	124.852	736.621 (124.85166388883574,)
46 	100  	203.748	101.541	122.659	738.807 (122.65884956114094,)
47 	100  	195.005	111.357	125.432	985.52  (122.65884956114094,)
48 	100  	203.575	101.267	125.43 	716.219 (122.65884956114094,)
49 	100  	192.512	93.0731	122.921	738.104 (122.65884956114094,)
50 	100  	208.816	106.016	122.224	758.529 (122.2241380566565,)
51 	100  	203.957	127.19 	121.161	1102.17 (121.16114363619721,)
52 	100  	209.554	106.163	120.848	776.299 (120.8484944596055,)
53 	100  	204.248	98.6934	121.079	668.304 (120.8484944596055,)
54 	100  	215.654	114.673	120.28 	670.57  (120.27955455643317,)
55 	100  	196.795	95.9067	120.821	749.004 (120.27955455643317,)
56 	100  	198.695	98.0458	119.177	716.613 (119.1773134873882,)
57 	100  	186.608	96.5297	119.168	848.269 (119.16833718158735,)
58 	100  	194.543	87.8071	119.284	694.449 (119.16833718158735,)
59 	100  	196.977	94.0461	118.707	651.069 (118.70701383379613,)
60 	100  	187.338	75.6692	116.366	488.809 (116.36560106481502,)
61 	100  	182.945	80.7756	114.445	568.284 (114.4448788181375,)
62 	100  	168.73 	58.7271	114.2  	380.236 (114.19959594851238,)
63 	100  	177.909	72.3393	113.469	474.568 (113.46886789908754,)
64 	100  	183.278	76.8895	112.09 	505.455 (112.08995898189436,)
65 	100  	175.243	76.4672	112.301	637.326 (112.08995898189436,)
66 	100  	198.409	118.509	108.546	794.846 (108.54600573861148,)
67 	100  	194.222	108.832	108.03 	736.108 (108.02978241419765,)
68 	100  	183.107	65.6515	107.832	441.912 (107.83204519070837,)
69 	100  	176.407	71.6972	103.624	511.427 (103.6236372976105,)
70 	100  	168.039	61.5899	106.131	457.713 (103.6236372976105,)
71 	100  	180.125	72.3001	101.857	499.567 (101.85723689187245,)
72 	100  	179.792	89.8654	105.361	772.718 (101.85723689187245,)
73 	100  	164.797	73.682 	101.417	500.738 (101.41661027258338,)
74 	100  	157.681	50.67  	98.4812	309.675 (98.481168966285708,)
75 	100  	155.732	69.3892	95.4433	473.159 (95.443289198745603,)
76 	100  	152.638	53.1239	87.2231	307.823 (87.223114869959034,)
77 	100  	145.22 	54.1978	88.5579	397.306 (87.223114869959034,)
78 	100  	152.109	60.686 	86.8878	429.276 (86.887773640355846,)
79 	100  	148.024	55.1903	85.7191	372.164 (85.719068882607402,)
80 	100  	159.011	66.9128	86.6156	417.002 (85.719068882607402,)
81 	100  	147.027	73.4616	87.0897	699.11  (85.719068882607402,)
82 	100  	168.81 	83.1724	87.3384	488.389 (85.719068882607402,)
83 	100  	160.033	72.9851	83.7237	482.76  (83.723710089045255,)
84 	100  	155.001	70.848 	79.9032	471.132 (79.903241903444751,)
85 	100  	134.607	47.4532	82.6619	346.404 (79.903241903444751,)
86 	100  	133.904	52.5716	77.6991	381.86  (77.699116591911306,)
87 	100  	143.109	63.4491	78.0973	348.269 (77.699116591911306,)
88 	100  	137.615	56.361 	72.6639	386.579 (72.66386092495884,)
89 	100  	140.646	58.7685	66.2394	327.441 (66.23938176739928,)
90 	100  	145.45 	64.8257	67.2531	388.015 (66.23938176739928,)
91 	100  	157.236	85.5714	69.8515	469.631 (66.23938176739928,)
92 	100  	157.149	80.9297	67.4105	447.181 (66.23938176739928,)
93 	100  	145.48 	62.6179	66.3653	338.829 (66.23938176739928,)
94 	100  	160.332	105.807	68.0014	699.502 (66.23938176739928,)
95 	100  	160.931	86.4584	68.8767	467.68  (66.23938176739928,)
96 	100  	154.072	72.9025	69.5851	494.574 (66.23938176739928,)
97 	100  	149.996	84.0264	70.4666	496.73  (66.23938176739928,)
98 	100  	139.155	72.743 	67.8017	490.897 (66.23938176739928,)
99 	100  	141.372	68.9379	67.8439	460.676 (66.23938176739928,)
100	100  	146.358	72.2991	67.5396	396.006 (66.23938176739928,)
101	100  	137.841	54.1068	64.7588	332.861 (64.758839514615119,)
102	100  	167.837	99.7962	61.3707	783.715 (61.370705848395609,)
103	100  	140.327	73.9268	63.8213	428.551 (61.370705848395609,)
104	100  	157.349	97.6311	66.1663	525.134 (61.370705848395609,)
105	100  	144.923	86.5699	66.024 	597.126 (61.370705848395609,)
106	100  	144.725	78.7477	63.3706	396.779 (61.370705848395609,)
107	100  	141.509	64.2587	58.8079	457.237 (58.807938803028215,)
108	100  	151.276	85.2833	60.6198	517.433 (58.807938803028215,)
109	100  	151.515	81.967 	60.1438	509.057 (58.807938803028215,)
110	100  	161.384	108.781	55.8448	636.746 (55.844796124112072,)
111	100  	146.471	97.0993	59.2871	732.327 (55.844796124112072,)
112	100  	137.415	64.7154	57.5244	376.121 (55.844796124112072,)
113	100  	152.934	100.318	58.142 	648.019 (55.844796124112072,)
114	100  	152.063	85.1801	64.4812	496.967 (55.844796124112072,)
115	100  	161.183	120.725	53.5638	866.021 (53.563816734670922,)
116	100  	183.757	124.216	46.6106	500.885 (46.610599848198945,)
117	100  	130.528	65.6465	43.2788	393.422 (43.27884101865358,)
118	100  	185.718	133.771	50.5902	696.654 (43.27884101865358,)
119	100  	151.051	106.267	37.0445	613.48  (37.044474882615411,)
120	100  	175.209	104.702	34.8276	582.213 (34.827621947460763,)
121	100  	189.637	139.564	29.154 	845.861 (29.154011570049555,)
122	100  	174.292	117.298	36.2768	614.366 (29.154011570049555,)
123	100  	181.458	145.766	51.401 	1113.79 (29.154011570049555,)
124	100  	157.758	109.053	31.7445	580.198 (29.154011570049555,)
125	100  	172.787	118.373	31.0804	711.435 (29.154011570049555,)
126	100  	170.672	119.035	26.8064	555.152 (26.806410460017585,)
127	100  	183.128	148.654	22.8523	734.466 (22.852287796227632,)
128	100  	145.743	101.678	25.1885	666.032 (22.852287796227632,)
129	100  	196.47 	135.644	20.1855	688.676 (20.185465149469376,)
130	100  	185.725	139.099	29.2838	817.109 (20.185465149469376,)
131	100  	189.846	141.467	26.0195	731.741 (20.185465149469376,)
132	100  	187.168	159.524	30.9944	909.322 (20.185465149469376,)
133	100  	166.645	142.373	26.5707	639.815 (20.185465149469376,)
134	100  	165.242	122.58 	23.9188	786.639 (20.185465149469376,)
135	100  	168.359	148.149	24.0484	985.134 (20.185465149469376,)
136	100  	166.17 	108.745	21.2741	591.497 (20.185465149469376,)
137	100  	187.043	162.647	26.5262	865.594 (20.185465149469376,)
138	100  	173.576	134.837	32.8944	726.027 (20.185465149469376,)
139	100  	169.964	116.454	39.5182	677.514 (20.185465149469376,)
140	100  	175.874	137.189	23.0948	747.351 (20.185465149469376,)
141	100  	158.261	124.006	29.4591	567.707 (20.185465149469376,)
142	100  	174.035	128.068	28.8461	602.977 (20.185465149469376,)
143	100  	169.148	143.112	27.1515	707.305 (20.185465149469376,)
144	100  	155.418	100.143	24.7136	555.406 (20.185465149469376,)
145	100  	176.985	118.697	25.5006	490.304 (20.185465149469376,)
146	100  	155.761	108.957	28.5126	504.856 (20.185465149469376,)
147	100  	184.456	134.397	25.5742	695.787 (20.185465149469376,)
148	100  	168.324	114.212	18.16  	586.543 (18.160008330528839,)
149	100  	179.778	138.715	25.5095	782.728 (18.160008330528839,)
150	100  	166.246	111.529	20.2291	638.502 (18.160008330528839,)
151	100  	169.461	139.678	20.4608	673.244 (18.160008330528839,)
152	100  	154.396	113.731	21.5107	796.217 (18.160008330528839,)
153	100  	160.166	106.942	22.2881	597.6   (18.160008330528839,)
154	100  	163.597	126.544	26.2276	695.143 (18.160008330528839,)
155	100  	166.963	114.899	22.1883	656.033 (18.160008330528839,)
156	100  	182.714	126.748	27.0444	576.543 (18.160008330528839,)
157	100  	172.989	133    	21.8506	753.282 (18.160008330528839,)
158	100  	176.568	150.422	17.3602	672.892 (17.36015261655314,)
159	100  	185.545	147.13 	20.3654	755.824 (17.36015261655314,)
160	100  	179.243	102.792	26.9911	515.668 (17.36015261655314,)
161	100  	199.254	149.496	24.6213	682.937 (17.36015261655314,)
162	100  	164.679	110.371	29.2474	578.917 (17.36015261655314,)
163	100  	165.728	124.167	24.603 	638.779 (17.36015261655314,)
164	100  	189.605	129.443	27.9553	614.146 (17.36015261655314,)
165	100  	180.672	138.003	18.4238	692.126 (17.36015261655314,)
166	100  	171.484	137.614	19.5563	800.595 (17.36015261655314,)
167	100  	172.005	142.715	25.1239	847.633 (17.36015261655314,)
168	100  	201.283	139.039	25.0955	587.91  (17.36015261655314,)
169	100  	187.107	136.317	21.4489	773.437 (17.36015261655314,)
170	100  	188.54 	141.55 	22.8959	685.419 (17.36015261655314,)
171	100  	158.068	109.414	19.1999	518.833 (17.36015261655314,)
172	100  	175.899	132.18 	17.9484	675.373 (17.36015261655314,)
173	100  	186.435	144.112	26.197 	790.349 (17.36015261655314,)
174	100  	166.802	116.005	32.1259	618.678 (17.36015261655314,)
175	100  	182.047	138.257	26.635 	792.364 (17.36015261655314,)
176	100  	172.598	128.426	22.1315	752.57  (17.36015261655314,)
177	100  	161.4  	120.11 	19.5636	615.279 (17.36015261655314,)
178	100  	184.513	146.92 	13.1262	682.239 (13.12619089670147,)
179	100  	171.95 	137.951	20.7198	764.198 (13.12619089670147,)
180	100  	185.424	137.159	17.1518	783.099 (13.12619089670147,)
181	100  	182.847	116.624	17.2943	642.153 (13.12619089670147,)
182	100  	207.252	145.863	14.8197	726.668 (13.12619089670147,)
183	100  	180.267	132.784	21.6943	773.307 (13.12619089670147,)
184	100  	194.282	159.385	19.6949	1010.46 (13.12619089670147,)
185	100  	187.415	146.47 	21.7061	728.095 (13.12619089670147,)
186	100  	192.032	126.986	15.0581	623.811 (13.12619089670147,)
187	100  	199.158	146.266	23.8245	618.961 (13.12619089670147,)
188	100  	181.061	115.521	23.6392	668.528 (13.12619089670147,)
189	100  	200.424	152.498	22.9182	854.223 (13.12619089670147,)
190	100  	185.128	138.678	27.2726	910.882 (13.12619089670147,)
191	100  	177.511	138.861	20.7931	697.271 (13.12619089670147,)
192	100  	207.325	127.185	27.1075	676.047 (13.12619089670147,)
193	100  	218.016	170.152	33.7305	817.804 (13.12619089670147,)
194	100  	214.846	183.647	12.8444	1083.64 (12.844416715268057,)
195	100  	175.241	117.105	19.664 	636.659 (12.844416715268057,)
196	100  	178.57 	112.504	23.6852	637.438 (12.844416715268057,)
197	100  	176.137	122.187	11.562 	788.329 (11.561958896963368,)
198	100  	180.468	122.521	12.9004	662.11  (11.561958896963368,)
199	100  	179.26 	131.978	19.7618	605.223 (11.561958896963368,)
200	100  	190.56 	128.932	11.2872	685.878 (11.287189370515742,)
201	100  	160.69 	103.291	25.863 	702.569 (11.287189370515742,)
202	100  	165.752	101.052	18.7762	583.08  (11.287189370515742,)
203	100  	170.899	125.484	11.0196	669.279 (11.019587247825145,)
204	100  	178.978	140.602	19.9574	687.293 (11.019587247825145,)
205	100  	180.476	142.089	18.6956	657.361 (11.019587247825145,)
206	100  	176.48 	122.465	16.6224	568.295 (11.019587247825145,)
207	100  	198.464	156.976	19.9508	987.398 (11.019587247825145,)
208	100  	177.884	126.68 	22.4488	716.038 (11.019587247825145,)
209	100  	184.247	137.141	16.5358	782.513 (11.019587247825145,)
210	100  	175.954	117.506	19.6852	655.331 (11.019587247825145,)
211	100  	179.247	143.196	14.7627	902.587 (11.019587247825145,)
212	100  	184.715	136.31 	14.9883	790.952 (11.019587247825145,)
213	100  	197.072	140.291	18.0046	658.671 (11.019587247825145,)
214	100  	179.118	127.148	19.7713	691.312 (11.019587247825145,)
215	100  	171.298	117.316	18.4513	652.815 (11.019587247825145,)
216	100  	167.314	120.16 	15.7384	677.588 (11.019587247825145,)
217	100  	187.511	147.182	14.0429	937.335 (11.019587247825145,)
218	100  	175.725	134.195	9.66612	694.59  (9.6661152047078751,)
219	100  	151.623	111.326	10.581 	774.312 (9.6661152047078751,)
220	100  	172.983	109.626	11.8014	573.967 (9.6661152047078751,)
221	100  	164.7  	115.039	10.983 	701.409 (9.6661152047078751,)
222	100  	172.721	112.573	16.0783	576.576 (9.6661152047078751,)
223	100  	166.685	118.892	12.8033	704.099 (9.6661152047078751,)
224	100  	173.859	117.827	18.5033	521.523 (9.6661152047078751,)
225	100  	155.849	108.63 	14.4525	557.985 (9.6661152047078751,)
226	100  	194.327	144.052	10.9227	737.962 (9.6661152047078751,)
227	100  	178.378	123.557	22.0532	815.759 (9.6661152047078751,)
228	100  	179.921	141.549	18.9933	832.875 (9.6661152047078751,)
229	100  	178.904	130.164	10.8327	662.79  (9.6661152047078751,)
230	100  	174.956	116.99 	12.8192	591.292 (9.6661152047078751,)
231	100  	176.08 	122.189	13.1328	573.582 (9.6661152047078751,)
232	100  	165.799	121.217	8.06355	727.689 (8.0635509745683436,)
233	100  	175.044	128.981	13.7177	674.515 (8.0635509745683436,)
234	100  	165    	124.654	16.5531	688.969 (8.0635509745683436,)
235	100  	152.774	113.5  	15.6213	554.85  (8.0635509745683436,)
236	100  	163.18 	96.8941	14.2431	476.014 (8.0635509745683436,)
237	100  	169.265	118.628	15.8905	571.858 (8.0635509745683436,)
238	100  	164.72 	120.641	14.6472	661.142 (8.0635509745683436,)
239	100  	156.294	125.809	14.8038	841.244 (8.0635509745683436,)
240	100  	159.903	118.338	11.0616	607.781 (8.0635509745683436,)
241	100  	195.88 	150.752	20.3414	754.157 (8.0635509745683436,)
242	100  	201.371	149.554	14.7777	805.036 (8.0635509745683436,)
243	100  	155.468	89.1826	14.1377	416.249 (8.0635509745683436,)
244	100  	179.083	125.287	13.7056	559.149 (8.0635509745683436,)
245	100  	158.779	132.874	11.9952	851.76  (8.0635509745683436,)
246	100  	168.07 	114.164	12.5803	544.672 (8.0635509745683436,)
247	100  	175.607	134.774	14.6468	737.354 (8.0635509745683436,)
248	100  	156.478	115.139	15.8174	754.328 (8.0635509745683436,)
249	100  	166.839	117.895	9.75947	682.497 (8.0635509745683436,)
250	100  	175.355	122.939	15.0723	663.852 (8.0635509745683436,)
251	100  	176.055	131.737	22.0525	973.069 (8.0635509745683436,)
252	100  	139.368	114.85 	12.4771	846.545 (8.0635509745683436,)
253	100  	167.644	131.252	7.6256 	752.776 (7.6255987438614055,)
254	100  	178.161	109.937	11.4158	646.117 (7.6255987438614055,)
255	100  	146.776	93.9952	13.8632	449.482 (7.6255987438614055,)
256	100  	157.529	115.805	12.9722	608.741 (7.6255987438614055,)
257	100  	168.11 	108.858	12.8686	520.078 (7.6255987438614055,)
258	100  	148.364	107.786	8.30468	517.853 (7.6255987438614055,)
259	100  	155.341	110.003	13.4269	589.608 (7.6255987438614055,)
260	100  	162.676	105.807	11.6276	504.955 (7.6255987438614055,)
261	100  	158.3  	104.886	14.0512	433.331 (7.6255987438614055,)
262	100  	160.646	118.862	11.7003	728.352 (7.6255987438614055,)
263	100  	152.842	118.77 	13.1854	750.756 (7.6255987438614055,)
264	100  	139.112	94.538 	19.407 	460.806 (7.6255987438614055,)
265	100  	165.573	132.912	9.32264	736.39  (7.6255987438614055,)
266	100  	162.274	108.854	14.7573	554.122 (7.6255987438614055,)
267	100  	165.792	115.918	17.4759	622.044 (7.6255987438614055,)
268	100  	160.997	113.629	9.46889	628.755 (7.6255987438614055,)
269	100  	160.553	96.1026	17.0502	409.989 (7.6255987438614055,)
270	100  	142.502	90.5366	6.33493	435.117 (6.3349314312869351,)
271	100  	174.385	110.501	11.5575	668.529 (6.3349314312869351,)
272	100  	158.008	116.482	15.1029	602.442 (6.3349314312869351,)
273	100  	163.806	115.245	10.8166	522.453 (6.3349314312869351,)
274	100  	175.515	124.982	10.622 	717.457 (6.3349314312869351,)
275	100  	152.243	98.4653	11.2426	448.077 (6.3349314312869351,)
276	100  	184.274	137.803	15.2853	693.991 (6.3349314312869351,)
277	100  	157.902	110.54 	6.95502	549.412 (6.3349314312869351,)
278	100  	161.095	110.108	9.58803	481.641 (6.3349314312869351,)
279	100  	150.8  	122.3  	13.5092	749.575 (6.3349314312869351,)
280	100  	147.748	104.948	10.4299	551.367 (6.3349314312869351,)
281	100  	171.633	122.853	13.1181	559.466 (6.3349314312869351,)
282	100  	158.074	97.0156	15.7518	632.486 (6.3349314312869351,)
283	100  	162.11 	123.516	16.9025	660.071 (6.3349314312869351,)
284	100  	149.433	99.5512	13.3251	503.682 (6.3349314312869351,)
285	100  	147.695	93.3403	8.42458	361.184 (6.3349314312869351,)
286	100  	149.579	120.557	13.4108	872.712 (6.3349314312869351,)
287	100  	145.179	104.575	14.5253	436.247 (6.3349314312869351,)
288	100  	180.426	109.159	13.2915	663.769 (6.3349314312869351,)
289	100  	162.669	133.981	9.05212	712.585 (6.3349314312869351,)
290	100  	152.061	122.67 	9.85031	716.385 (6.3349314312869351,)
291	100  	180.287	119.156	15.6088	801.911 (6.3349314312869351,)
292	100  	193.844	137.802	17.9716	651.627 (6.3349314312869351,)
293	100  	163.85 	124.223	11.8191	637.298 (6.3349314312869351,)
294	100  	161.141	105.139	9.21584	481.061 (6.3349314312869351,)
295	100  	148.676	101.437	8.86864	559.742 (6.3349314312869351,)
296	100  	148.329	103.277	10.3031	645.742 (6.3349314312869351,)
297	100  	144.764	104.883	10.9301	542.878 (6.3349314312869351,)
298	100  	150.583	110.891	8.73993	501.404 (6.3349314312869351,)
299	100  	147.378	99.7057	14.0944	561.9   (6.3349314312869351,)
300	100  	155.654	118.145	18.5941	622.859 (6.3349314312869351,)
301	100  	165.386	137.004	13.9215	1006.07 (6.3349314312869351,)
302	100  	148.251	110.375	10.9838	661.223 (6.3349314312869351,)
303	100  	142.486	88.2333	7.67763	440.923 (6.3349314312869351,)
304	100  	137.867	98.5506	10.0277	520.622 (6.3349314312869351,)
305	100  	166.154	133.567	7.22354	952.02  (6.3349314312869351,)
306	100  	153.191	108.942	15.5555	536.178 (6.3349314312869351,)
307	100  	160.067	110.754	9.53185	513.462 (6.3349314312869351,)
308	100  	145.949	97.3434	15.2659	520.442 (6.3349314312869351,)
309	100  	141.853	101.364	9.73845	571.914 (6.3349314312869351,)
310	100  	149.597	104.981	10.4137	481.099 (6.3349314312869351,)
311	100  	163.035	106.356	19.5192	460.484 (6.3349314312869351,)
312	100  	147.066	103.29 	11.7944	510.857 (6.3349314312869351,)
313	100  	153.581	109.64 	12.5965	567.436 (6.3349314312869351,)
314	100  	146.769	110.176	12.0631	585.422 (6.3349314312869351,)
315	100  	149.904	105.31 	12.8693	539.146 (6.3349314312869351,)
316	100  	164.763	123.29 	11.7111	815.709 (6.3349314312869351,)
317	100  	144.566	91.6291	8.68745	421.947 (6.3349314312869351,)
318	100  	140.186	97.0402	10.7898	499.511 (6.3349314312869351,)
319	100  	158.999	116.408	15.3363	624.808 (6.3349314312869351,)
320	100  	141.858	111.304	9.97073	587.18  (6.3349314312869351,)
321	100  	137.136	97.1539	6.26709	418.144 (6.26709475196634,)
322	100  	136.944	103.941	8.75342	575.361 (6.26709475196634,)
323	100  	152.593	115.365	12.783 	694.267 (6.26709475196634,)
324	100  	160.972	101.524	13.0518	582.442 (6.26709475196634,)
325	100  	156.448	98.3508	12.0588	491.806 (6.26709475196634,)
326	100  	147.759	107.84 	11.154 	619.666 (6.26709475196634,)
327	100  	172.908	138.687	9.86894	794.496 (6.26709475196634,)
328	100  	145.933	95.8052	8.33238	484.519 (6.26709475196634,)
329	100  	144.346	93.243 	8.92154	450.335 (6.26709475196634,)
330	100  	152.268	104.621	9.00839	520.837 (6.26709475196634,)
331	100  	161.555	111.434	10.2995	576.511 (6.26709475196634,)
332	100  	165.431	128.495	12.686 	871.921 (6.26709475196634,)
333	100  	144.029	98.8901	16.4025	572.205 (6.26709475196634,)
334	100  	155.366	104.13 	18.3088	529.272 (6.26709475196634,)
335	100  	152.076	89.1752	23.2532	413.731 (6.26709475196634,)
336	100  	154.328	99.1636	14.7033	451.205 (6.26709475196634,)
337	100  	148.101	107.251	15.4664	548.42  (6.26709475196634,)
338	100  	150.257	95.8807	14.5705	456.242 (6.26709475196634,)
339	100  	151.366	119.856	9.91117	697.392 (6.26709475196634,)
340	100  	141.067	102.349	8.46598	593.557 (6.26709475196634,)
341	100  	172.935	131.287	7.58936	558.627 (6.26709475196634,)
342	100  	161.56 	99.2453	12.2672	435.835 (6.26709475196634,)
343	100  	159.004	100.633	15.921 	385.561 (6.26709475196634,)
344	100  	159.73 	127.384	10.3211	593.055 (6.26709475196634,)
345	100  	156.797	104.969	6.34435	542.622 (6.26709475196634,)
346	100  	148.027	105.79 	8.24451	465.115 (6.26709475196634,)
347	100  	155.036	129.4  	8.15708	759.98  (6.26709475196634,)
348	100  	137.459	97.9533	14.8579	499.185 (6.26709475196634,)
349	100  	155.268	111.692	11.3022	522.62  (6.26709475196634,)
350	100  	143.829	103.43 	12.0188	609.155 (6.26709475196634,)
351	100  	152.573	96.0626	8.46186	527.684 (6.26709475196634,)
352	100  	157.514	108.739	14.4694	644.026 (6.26709475196634,)
353	100  	156.078	95.4293	12.9185	530.948 (6.26709475196634,)
354	100  	143.298	98.3288	23.4887	546.311 (6.26709475196634,)
355	100  	160.701	119.688	10.7781	625.165 (6.26709475196634,)
356	100  	153.149	99.0674	9.07883	509.511 (6.26709475196634,)
357	100  	163.856	125.87 	12.0732	574.327 (6.26709475196634,)
358	100  	135.209	97.2218	5.04296	445.793 (5.0429599261224061,)
359	100  	163.231	108.678	13.3023	617.692 (5.0429599261224061,)
360	100  	141.642	101.81 	8.79516	428.182 (5.0429599261224061,)
361	100  	131.128	102.745	11.4694	525.342 (5.0429599261224061,)
362	100  	141.647	103.939	9.16799	599.955 (5.0429599261224061,)
363	100  	131.569	88.7374	5.89073	399.516 (5.0429599261224061,)
364	100  	157.567	100.911	13.1095	448.561 (5.0429599261224061,)
365	100  	149.402	108.155	13.3265	794.982 (5.0429599261224061,)
366	100  	164.81 	117.104	5.10182	591.786 (5.0429599261224061,)
367	100  	167.574	135.313	10.5562	886.073 (5.0429599261224061,)
368	100  	161.442	108.216	8.9147 	491.741 (5.0429599261224061,)
369	100  	146.799	89.9572	11.8305	429.402 (5.0429599261224061,)
370	100  	153.361	103.27 	8.91446	421.214 (5.0429599261224061,)
371	100  	163.695	120.752	11.637 	587.699 (5.0429599261224061,)
372	100  	150.158	101.351	11.0504	543.229 (5.0429599261224061,)
373	100  	159.269	123.593	10.4197	720.907 (5.0429599261224061,)
374	100  	156.198	114.991	11.5451	580.158 (5.0429599261224061,)
375	100  	151.36 	136.027	10.5514	947.523 (5.0429599261224061,)
376	100  	142.555	112.238	10.355 	506.444 (5.0429599261224061,)
377	100  	157.566	100.85 	10.4383	468.949 (5.0429599261224061,)
378	100  	136.886	116.233	10.3195	818.958 (5.0429599261224061,)
379	100  	189.043	132.916	16.3774	697.815 (5.0429599261224061,)
380	100  	136.051	80.4882	7.53902	374.816 (5.0429599261224061,)
381	100  	146.941	115.205	14.9383	667.004 (5.0429599261224061,)
382	100  	144.995	88.7938	10.2894	500.389 (5.0429599261224061,)
383	100  	156.558	107.725	5.17448	620.351 (5.0429599261224061,)
384	100  	155.984	101.814	7.60521	604.385 (5.0429599261224061,)
385	100  	141.939	97.7834	11.4254	501.993 (5.0429599261224061,)
386	100  	146.92 	87.1095	11.5365	438.277 (5.0429599261224061,)
387	100  	162.372	106.076	12.6395	556.744 (5.0429599261224061,)
388	100  	144.006	110.463	8.09293	497.765 (5.0429599261224061,)
389	100  	160.497	121.714	6.46202	611.719 (5.0429599261224061,)
390	100  	166.881	129.314	12.7148	661.433 (5.0429599261224061,)
391	100  	157.776	123.159	6.5003 	585.527 (5.0429599261224061,)
392	100  	169.696	105.876	10.7229	546.121 (5.0429599261224061,)
393	100  	163.449	101.389	8.55209	434.321 (5.0429599261224061,)
394	100  	179.821	111.352	12.0706	533.365 (5.0429599261224061,)
395	100  	148.983	104.016	16.4323	433.495 (5.0429599261224061,)
396	100  	142.689	104.047	8.12896	531.919 (5.0429599261224061,)
397	100  	153.003	113.946	13.517 	676.063 (5.0429599261224061,)
398	100  	160.956	108.955	16.4352	620.671 (5.0429599261224061,)
399	100  	132.376	92.2924	5.37581	422.63  (5.0429599261224061,)
400	100  	139.648	93.3306	15.406 	483.032 (5.0429599261224061,)
401	100  	138.112	105.232	11.1189	539.899 (5.0429599261224061,)
402	100  	146.33 	107.455	9.92674	540.693 (5.0429599261224061,)
403	100  	162.766	130.992	7.1502 	835.508 (5.0429599261224061,)
404	100  	159.615	138.135	9.66142	1013.55 (5.0429599261224061,)
405	100  	170.23 	135.183	16.0615	997.128 (5.0429599261224061,)
406	100  	138.781	81.5516	14.2501	394.345 (5.0429599261224061,)
407	100  	156.798	102.699	15.191 	456.035 (5.0429599261224061,)
408	100  	152.133	97.9977	5.86675	418.556 (5.0429599261224061,)
409	100  	163.386	119.493	8.02518	698.089 (5.0429599261224061,)
410	100  	150.074	102.583	7.71993	500.584 (5.0429599261224061,)
411	100  	138.592	97.7697	9.15361	513.438 (5.0429599261224061,)
412	100  	142.023	104.293	8.55046	606.545 (5.0429599261224061,)
413	100  	149.12 	94.1021	8.11697	492.641 (5.0429599261224061,)
414	100  	150.26 	115.428	8.31635	685.241 (5.0429599261224061,)
415	100  	130.162	92.4092	11.4187	402.024 (5.0429599261224061,)
416	100  	155.251	112.194	6.12773	680.958 (5.0429599261224061,)
417	100  	173.739	118.495	16.1356	680.688 (5.0429599261224061,)
418	100  	152.09 	103.836	6.11154	494.871 (5.0429599261224061,)
419	100  	152.812	118.445	7.21266	702.173 (5.0429599261224061,)
420	100  	145.959	103.786	22.1276	707.162 (5.0429599261224061,)
421	100  	145.774	108.884	9.81931	603.484 (5.0429599261224061,)
422	100  	146.237	96.2396	8.36574	392.14  (5.0429599261224061,)
423	100  	153.826	108.596	11.5448	499.424 (5.0429599261224061,)
424	100  	153.379	102.249	10.4149	439.407 (5.0429599261224061,)
425	100  	141.523	105.574	9.78029	494.826 (5.0429599261224061,)
426	100  	136.54 	100.976	10.2214	506.837 (5.0429599261224061,)
427	100  	133.713	108.007	9.86772	615.721 (5.0429599261224061,)
428	100  	156.214	110.823	15.4787	659.989 (5.0429599261224061,)
429	100  	159.286	115.091	21.2259	583.144 (5.0429599261224061,)
430	100  	164.873	122.338	6.88116	629.389 (5.0429599261224061,)
431	100  	149.57 	111.781	13.5591	506.576 (5.0429599261224061,)
432	100  	140.457	93.3512	8.17531	412.888 (5.0429599261224061,)
433	100  	156.871	99.7315	14.535 	594.334 (5.0429599261224061,)
434	100  	159.517	114.402	7.56942	500.651 (5.0429599261224061,)
435	100  	140.517	109.068	3.88793	558.341 (3.8879347913402933,)
436	100  	135.183	90.4526	11.5334	462.037 (3.8879347913402933,)
437	100  	149.677	106.027	17.9887	537.095 (3.8879347913402933,)
438	100  	152.346	107.203	11.1933	567.821 (3.8879347913402933,)
439	100  	150.529	85.56  	17.3838	493.97  (3.8879347913402933,)
440	100  	134.985	94.6476	14.8167	576.94  (3.8879347913402933,)
441	100  	140.943	96.0633	10.7407	541.419 (3.8879347913402933,)
442	100  	142.584	97.5328	7.74986	467.298 (3.8879347913402933,)
443	100  	136.063	89.42  	9.68286	361.906 (3.8879347913402933,)
444	100  	160.841	102.977	12.1779	489.588 (3.8879347913402933,)
445	100  	144.181	94.1262	20.5905	474.414 (3.8879347913402933,)
446	100  	155.045	114.515	14.0661	613.066 (3.8879347913402933,)
447	100  	138.555	96.7688	12.6428	611.208 (3.8879347913402933,)
448	100  	162.83 	117.31 	8.76674	582.172 (3.8879347913402933,)
449	100  	145.47 	103.756	7.31538	456.363 (3.8879347913402933,)
450	100  	156.186	110.497	6.4444 	544.354 (3.8879347913402933,)
451	100  	148.715	98.0451	6.89953	521.346 (3.8879347913402933,)
452	100  	147.491	93.011 	11.0993	494.316 (3.8879347913402933,)
453	100  	150.322	96.1597	9.92601	444.135 (3.8879347913402933,)
454	100  	164.882	130.646	7.60588	774.819 (3.8879347913402933,)
455	100  	154.539	99.6613	13.0208	535.28  (3.8879347913402933,)
456	100  	156.462	113.387	10.3627	574.538 (3.8879347913402933,)
457	100  	128.564	85.1207	9.43797	384.208 (3.8879347913402933,)
458	100  	124.23 	77.9303	17.5896	355.516 (3.8879347913402933,)
459	100  	165.578	120.421	7.04589	620.38  (3.8879347913402933,)
460	100  	152.127	109.923	8.16374	496.445 (3.8879347913402933,)
461	100  	141.409	130.268	13.6849	769.708 (3.8879347913402933,)
462	100  	130.666	93.3098	4.391  	463.925 (3.8879347913402933,)
463	100  	131.05 	90.1897	7.79492	485.831 (3.8879347913402933,)
464	100  	163.341	128.876	8.19668	645.95  (3.8879347913402933,)
465	100  	148.215	99.256 	13.5248	463.226 (3.8879347913402933,)
466	100  	159.533	109.698	14.9573	504.685 (3.8879347913402933,)
467	100  	138.686	91.8652	7.38084	417.789 (3.8879347913402933,)
468	100  	143.024	96.3377	22.1836	547.353 (3.8879347913402933,)
469	100  	140.841	92.2615	12.3517	451.374 (3.8879347913402933,)
470	100  	148.085	91.8917	15.8673	583.8   (3.8879347913402933,)
471	100  	154.878	104.583	10.9689	643.59  (3.8879347913402933,)
472	100  	163.334	131.265	7.39029	569.517 (3.8879347913402933,)
473	100  	156.974	101.384	7.95032	505.029 (3.8879347913402933,)
474	100  	151.098	113.681	15.8539	608.144 (3.8879347913402933,)
475	100  	137.556	98.8148	9.05574	578.649 (3.8879347913402933,)
476	100  	127.183	104.79 	11.5724	703.075 (3.8879347913402933,)
477	100  	145.126	95.1099	12.6931	435.287 (3.8879347913402933,)
478	100  	164.408	128.565	13.0689	541.623 (3.8879347913402933,)
479	100  	146.855	102.811	9.25652	555.923 (3.8879347913402933,)
480	100  	142.56 	105.606	13.7029	565.723 (3.8879347913402933,)
481	100  	157.339	118.478	12.5589	488.755 (3.8879347913402933,)
482	100  	149.79 	93.5928	12.4087	389.259 (3.8879347913402933,)
483	100  	125.327	98.4133	12.2563	521.27  (3.8879347913402933,)
484	100  	139.96 	107.348	10.4753	481.384 (3.8879347913402933,)
485	100  	140.27 	114.951	14.8659	588.283 (3.8879347913402933,)
486	100  	140.459	98.7509	8.70646	434.693 (3.8879347913402933,)
487	100  	130.335	97.9523	8.55432	530.168 (3.8879347913402933,)
488	100  	142.68 	98.6258	8.16585	501.611 (3.8879347913402933,)
489	100  	149.195	109.929	10.3699	608.146 (3.8879347913402933,)
490	100  	141.516	96.5209	5.20561	570.162 (3.8879347913402933,)
491	100  	153.216	108.856	10.1402	518.731 (3.8879347913402933,)
492	100  	143.144	96.8596	6.58807	461.892 (3.8879347913402933,)
493	100  	140.112	104.564	9.62866	473.81  (3.8879347913402933,)
494	100  	141.347	82.0104	19.5506	504.324 (3.8879347913402933,)
495	100  	146.078	101.703	7.27511	487.092 (3.8879347913402933,)
496	100  	157.213	110.5  	6.45605	570.548 (3.8879347913402933,)
497	100  	137.027	90.2861	8.82493	421.599 (3.8879347913402933,)
498	100  	140.686	93.0561	9.01523	476.686 (3.8879347913402933,)
499	100  	144.083	118.624	7.64458	579.81  (3.8879347913402933,)
