In file included from /usr/lib/python2.7/dist-packages/numpy/core/include/numpy/ndarraytypes.h:1761:0,
                 from /usr/lib/python2.7/dist-packages/numpy/core/include/numpy/ndarrayobject.h:17,
                 from /usr/lib/python2.7/dist-packages/numpy/core/include/numpy/arrayobject.h:4,
                 from /home/pinojc/.cache/scipy/python27_compiled/sc_9bade30717731f645b30a512f757f0fa1847.cpp:22:
/usr/lib/python2.7/dist-packages/numpy/core/include/numpy/npy_1_7_deprecated_api.h:15:2: warning: #warning "Using deprecated NumPy API, disable it by " "#defining NPY_NO_DEPRECATED_API NPY_1_7_API_VERSION" [-Wcpp]
 #warning "Using deprecated NumPy API, disable it by " \
  ^
gen	evals	avg    	std    	min    	max    
0  	100  	1140.52	315.877	410.655	1795.01 (410.65501083887744,)
1  	100  	1148.23	340.449	371.089	1790.22 (371.08873260452373,)
2  	100  	1084.69	367.837	262.302	1761.21 (262.30183924256431,)
3  	100  	973.147	396.545	251.631	1723.96 (251.63086686041467,)
4  	100  	861.392	397.709	242.564	1669.15 (242.56378284749766,)
5  	100  	740.895	397.804	193.796	1561.81 (193.79585688396386,)
6  	100  	644.812	418.5  	187.007	1624.99 (187.00710185910222,)
7  	100  	550.056	416.082	179.748	1597.53 (179.74767788371418,)
8  	100  	451.9  	374.597	174.564	1546.18 (174.56420587369544,)
9  	100  	404.447	362.386	173.033	1534.1  (173.03308626698353,)
10 	100  	356.41 	336.975	168.964	1675.83 (168.96411997127001,)
11 	100  	326.133	311.77 	169.723	1651.69 (168.96411997127001,)
12 	100  	306.86 	304.985	168.423	1610.76 (168.42294185043244,)
13 	100  	306.363	286.718	169.696	1604.01 (168.42294185043244,)
14 	100  	293.102	283.753	169.266	1539.2  (168.42294185043244,)
15 	100  	290.043	293.616	167.34 	1650.09 (167.34041481020182,)
16 	100  	292.765	292.322	165.037	1686.4  (165.03722697428188,)
17 	100  	284.653	294.47 	164.654	1602.81 (164.65402734792946,)
18 	100  	277.654	278.056	164.47 	1533.86 (164.47042698901859,)
19 	100  	291.659	298.757	161.831	1527.86 (161.83145478658153,)
20 	100  	289.401	283.015	160.429	1443.23 (160.42922867991729,)
21 	100  	286.248	286.602	161.696	1502.33 (160.42922867991729,)
22 	100  	299.259	302.712	160.202	1617.24 (160.2020079176159,)
23 	100  	277.372	286.151	159.961	1607.55 (159.9607851182416,)
24 	100  	295.127	279.488	160.674	1566.83 (159.9607851182416,)
25 	100  	296.69 	291.202	160.721	1399.43 (159.9607851182416,)
26 	100  	297.713	291.941	161.006	1453.05 (159.9607851182416,)
27 	100  	297.485	290.162	160.214	1471.03 (159.9607851182416,)
28 	100  	269.975	262.825	159.142	1546.47 (159.14245559673088,)
29 	100  	274.959	269.207	158.856	1540.41 (158.85607342422125,)
30 	100  	272.692	246.207	157.66 	1353.48 (157.65983540553773,)
31 	100  	283.419	259.968	157.255	1449.99 (157.25530313204925,)
32 	100  	282.518	248.982	157.778	1436.87 (157.25530313204925,)
33 	100  	260.539	223.698	156.248	1528.78 (156.24830520640401,)
34 	100  	264.072	235.274	155.48 	1379.71 (155.48015300943405,)
35 	100  	259.026	236.31 	156.486	1411.69 (155.48015300943405,)
36 	100  	266.186	223.087	156.875	1440.2  (155.48015300943405,)
37 	100  	262.574	222.374	155.711	1443.58 (155.48015300943405,)
38 	100  	251.201	230.728	153.607	1530.83 (153.60650267649601,)
39 	100  	268.042	229.168	153.592	1523.92 (153.5921204919797,)
40 	100  	241.222	212.372	151.415	1432.06 (151.41534083158859,)
41 	100  	254.198	236.125	149.879	1565.44 (149.8792359980024,)
42 	100  	250.664	229.411	152.663	1461.76 (149.8792359980024,)
43 	100  	254.137	223.738	149.609	1411.19 (149.60940768808194,)
44 	100  	250.595	226.893	148.077	1421.02 (148.07718339963819,)
45 	100  	235.801	206.877	147.951	1370.3  (147.95111992760894,)
46 	100  	248.884	229.65 	144.91 	1449.07 (144.90985316112278,)
47 	100  	240.548	215.638	143.445	1529.22 (143.44457210328244,)
48 	100  	234.089	208.74 	138.748	1486.31 (138.74793035785621,)
49 	100  	234.301	225.119	135.021	1606.21 (135.02135439178565,)
50 	100  	235.305	221.931	129.472	1482.77 (129.47199182864583,)
51 	100  	233.593	217.763	123.728	1454.45 (123.72756397523686,)
52 	100  	219.089	212.427	121.736	1472.02 (121.73626294220834,)
53 	100  	231.786	223.798	110.513	1418.93 (110.51254903797012,)
54 	100  	210.385	207.346	96.7785	1440.5  (96.778543242820675,)
55 	100  	205.202	219.27 	91.6142	1599.75 (91.614201236428471,)
56 	100  	189.042	195.171	89.0387	1481.12 (89.038700830481673,)
57 	100  	182.029	201.303	89.691 	1401.85 (89.038700830481673,)
58 	100  	176.3  	209.123	86.7766	1481.56 (86.776565657806046,)
59 	100  	179.373	189.698	87.2782	1359.62 (86.776565657806046,)
60 	100  	172.775	171.853	85.7068	1243.42 (85.706821178161718,)
61 	100  	173.478	173.474	86.6621	1424.61 (85.706821178161718,)
62 	100  	174.858	182.872	84.736 	1439.09 (84.736045610201217,)
63 	100  	171.352	177.17 	81.7531	1434.28 (81.753141504755277,)
64 	100  	165.078	165.355	81.7886	1443.31 (81.753141504755277,)
65 	100  	157.095	154.663	81.028 	1444.91 (81.028019059427493,)
66 	100  	165.752	136.867	80.7485	1331.35 (80.748489390601478,)
67 	100  	156.217	146.909	77.506 	1503.93 (77.506005097619365,)
68 	100  	160.633	151.245	77.2164	1539.05 (77.216373246176971,)
69 	100  	143.754	133.319	77.0722	1353.15 (77.0721719369255,)
70 	100  	151.344	149.937	79.4726	1534.83 (77.0721719369255,)
71 	100  	145.885	149.273	76.6498	1556.76 (76.649814133301476,)
72 	100  	171.496	139.918	76.7266	1406.57 (76.649814133301476,)
73 	100  	167.48 	141.381	78.414 	1386.36 (76.649814133301476,)
74 	100  	166.519	140.029	78.9694	1392.98 (76.649814133301476,)
75 	100  	165.855	148.049	77.9642	1430.51 (76.649814133301476,)
76 	100  	150.936	141.348	76.2473	1434.24 (76.247318824157077,)
77 	100  	163.505	126.888	75.7668	1091.82 (75.766802923532083,)
78 	100  	156.57 	124.869	77.5235	1243.74 (75.766802923532083,)
79 	100  	167.637	127.082	79.645 	1154.94 (75.766802923532083,)
80 	100  	155.469	125.5  	78.768 	1176.35 (75.766802923532083,)
81 	100  	158.2  	106.88 	74.842 	938.795 (74.841999837116305,)
82 	100  	157.662	90.9488	74.2879	633.954 (74.287869620816821,)
83 	100  	161.852	87.2644	72.8415	567.106 (72.841546414228276,)
84 	100  	154.623	81.4156	70.4969	533.919 (70.496916499896258,)
85 	100  	155.62 	70.4613	73.6608	423.306 (70.496916499896258,)
86 	100  	155.021	76.7629	73.3594	420.436 (70.496916499896258,)
87 	100  	161.002	95.2754	69.8069	524.681 (69.806890382653989,)
88 	100  	162.698	82.4715	70.2945	453.724 (69.806890382653989,)
89 	100  	nan    	nan    	nan    	nan     (69.806890382653989,)
90 	100  	153.661	95.8133	68.2187	570.438 (68.218732181172015,)
91 	100  	146.961	71.558 	70.7016	473.881 (68.218732181172015,)
92 	100  	160.532	81.8779	70.4127	497.462 (68.218732181172015,)
93 	100  	157.678	79.4796	75.4185	484.739 (68.218732181172015,)
94 	100  	149.79 	74.4036	69.4038	499.672 (68.218732181172015,)
95 	100  	nan    	nan    	nan    	nan     (68.218732181172015,)
96 	100  	159.527	87.8975	69.4703	529.273 (68.218732181172015,)
97 	100  	157.355	89.5194	69.3418	559.871 (68.218732181172015,)
98 	100  	159.153	107.506	73.2722	699.678 (68.218732181172015,)
99 	100  	157.61 	101.41 	74.693 	776.56  (68.218732181172015,)
100	100  	152.497	77.8514	69.0354	524.666 (68.218732181172015,)
101	100  	148.577	62.552 	69.9538	339.676 (68.218732181172015,)
102	100  	158.345	87.7194	72.058 	589.318 (68.218732181172015,)
103	100  	153.728	74.9788	70.8191	412.113 (68.218732181172015,)
104	100  	148.696	79.5922	70.1693	389.629 (68.218732181172015,)
105	100  	147.325	75.507 	70.1662	422.949 (68.218732181172015,)
106	100  	140.248	77.3056	70.4085	466.353 (68.218732181172015,)
107	100  	158.786	90.1735	69.7191	479.066 (68.218732181172015,)
108	100  	136.519	63.5941	70.4132	489.587 (68.218732181172015,)
109	100  	147.396	74.4822	66.9972	472.42  (66.997229565481604,)
110	100  	158.219	100.64 	69.9975	637.702 (66.997229565481604,)
111	100  	160.123	96.4848	69.4707	541.103 (66.997229565481604,)
112	100  	nan    	nan    	nan    	nan     (66.997229565481604,)
113	100  	151.015	81.0085	69.6361	521.811 (66.997229565481604,)
114	100  	nan    	nan    	nan    	nan     (66.997229565481604,)
115	100  	157.018	73.6592	69.1723	379.39  (66.997229565481604,)
116	100  	155.816	84.3416	66.6029	589.552 (66.602946599068162,)
117	100  	153.842	81.1079	65.6563	531.591 (65.656311048023667,)
118	100  	163.748	88.201 	68.3786	470.826 (65.656311048023667,)
119	100  	165.659	110.58 	70.3446	644.537 (65.656311048023667,)
120	100  	152.895	62.5266	66.1162	337.137 (65.656311048023667,)
121	100  	161.132	82.472 	68.2405	430.955 (65.656311048023667,)
122	100  	149.443	98.4697	68.8272	697.415 (65.656311048023667,)
123	100  	159.385	94.9111	70.9785	720.945 (65.656311048023667,)
124	100  	173.808	97.3583	68.3617	615.561 (65.656311048023667,)
125	100  	174.308	109.582	67.6871	831.813 (65.656311048023667,)
126	100  	157.728	89.2636	66.6442	538.317 (65.656311048023667,)
127	100  	nan    	nan    	nan    	nan     (65.656311048023667,)
128	100  	140.444	70.4162	63.762 	479.695 (63.761954092602231,)
129	100  	136.835	71.1354	64.6811	406.31  (63.761954092602231,)
130	100  	138.414	75.3888	67.4565	552.001 (63.761954092602231,)
131	100  	157.803	88.0595	67.545 	455.558 (63.761954092602231,)
132	100  	150.456	79.2019	64.1382	447.186 (63.761954092602231,)
133	100  	143.84 	86.8263	64.8854	491.015 (63.761954092602231,)
134	100  	149.856	80.9224	66.3306	532.44  (63.761954092602231,)
135	100  	134.678	71.337 	63.2349	573.089 (63.23491442465378,)
136	100  	136.225	77.8474	65.7432	520.042 (63.23491442465378,)
137	100  	151.772	95.6678	64.2059	622.197 (63.23491442465378,)
138	100  	165.648	99.7368	65.5995	618.947 (63.23491442465378,)
139	100  	143.405	77.7889	65.9849	404.72  (63.23491442465378,)
140	100  	131.952	73.372 	64.5036	572.227 (63.23491442465378,)
141	100  	135.794	71.1001	65.1723	350.459 (63.23491442465378,)
142	100  	146.535	92.2517	64.0404	516.204 (63.23491442465378,)
143	100  	137.849	77.4726	66.0848	474.957 (63.23491442465378,)
144	100  	141.265	81.2832	64.5004	467.506 (63.23491442465378,)
145	100  	142.506	70.9944	65.581 	375.394 (63.23491442465378,)
146	100  	141.172	69.1028	67.9319	421.591 (63.23491442465378,)
147	100  	142.607	87.4797	65.0728	534.71  (63.23491442465378,)
148	100  	146.777	77.9333	64.3821	445.683 (63.23491442465378,)
149	100  	134.048	69.8068	64.8968	496.174 (63.23491442465378,)
150	100  	118.62 	57.6225	63.8451	374.88  (63.23491442465378,)
151	100  	123.74 	63.3419	63.904 	495.127 (63.23491442465378,)
152	100  	129.498	70.354 	67.313 	452.803 (63.23491442465378,)
153	100  	129.226	79.8077	64.4742	539.573 (63.23491442465378,)
154	100  	148.097	79.7967	64.7484	477.548 (63.23491442465378,)
155	100  	140.612	72.4556	63.3054	440.564 (63.23491442465378,)
156	100  	141.849	67.8939	66.7018	416.781 (63.23491442465378,)
157	100  	140.257	106.544	63.7224	723.314 (63.23491442465378,)
158	100  	135.938	66.384 	64.4782	354.869 (63.23491442465378,)
159	100  	131.023	75.251 	63.1401	508.977 (63.140083212066472,)
160	100  	139.874	73.8593	65.7814	388.95  (63.140083212066472,)
161	100  	129.692	55.5424	66.148 	335.733 (63.140083212066472,)
162	100  	151.588	84.1179	65.9642	518.485 (63.140083212066472,)
163	100  	128.973	69.7858	63.2724	499.471 (63.140083212066472,)
164	100  	131.085	80.3231	63.1762	438.283 (63.140083212066472,)
165	100  	118.046	51.1126	64.2943	300.186 (63.140083212066472,)
166	100  	129.407	74.2327	64.2533	433.19  (63.140083212066472,)
167	100  	142.089	72.1661	65.6389	421.307 (63.140083212066472,)
168	100  	152.241	99.69  	65.1381	647.611 (63.140083212066472,)
169	100  	147.828	86.4808	64.4501	561.735 (63.140083212066472,)
170	100  	153.088	86.9068	63.8181	706.719 (63.140083212066472,)
171	100  	145.577	68.8549	65.545 	378.395 (63.140083212066472,)
172	100  	148.497	94.0049	66.0811	638.527 (63.140083212066472,)
173	100  	146.331	80.7412	65.2647	488.786 (63.140083212066472,)
174	100  	160.172	98.5242	64.8159	511.952 (63.140083212066472,)
175	100  	135.935	69.5629	64.7379	487.297 (63.140083212066472,)
176	100  	144.277	85.516 	65.1748	594.936 (63.140083212066472,)
177	100  	144.291	85.523 	64.5993	515.832 (63.140083212066472,)
178	100  	146.893	92.5041	67.5125	549.145 (63.140083212066472,)
179	100  	149.798	92.0131	63.3638	498.786 (63.140083212066472,)
180	100  	134.399	65.2798	63.4188	311.714 (63.140083212066472,)
181	100  	134.797	69.3387	63.6409	517.781 (63.140083212066472,)
182	100  	138.647	61.6319	63.4796	309.733 (63.140083212066472,)
183	100  	164.225	110.298	64.8289	670.717 (63.140083212066472,)
184	100  	132.446	70.0099	63.4829	429.711 (63.140083212066472,)
185	100  	130.88 	62.8293	65.1674	398.349 (63.140083212066472,)
186	100  	134.486	70.7379	65.4973	428.383 (63.140083212066472,)
187	100  	136.04 	72.0292	67.4099	483.867 (63.140083212066472,)
188	100  	129.996	58.8328	63.318 	356.738 (63.140083212066472,)
189	100  	128.729	60.9943	64.6931	348.25  (63.140083212066472,)
190	100  	126.885	80.8227	64.7027	620.633 (63.140083212066472,)
191	100  	145.236	78.2404	65.0569	408.921 (63.140083212066472,)
192	100  	127.877	63.7451	62.3025	403.723 (62.30249443144718,)
193	100  	127.765	63.162 	63.9354	371.355 (62.30249443144718,)
194	100  	128.881	60.5012	62.5725	337.431 (62.30249443144718,)
195	100  	141.387	80.2138	64.1359	430.967 (62.30249443144718,)
196	100  	135.263	76.5403	63.7004	491.22  (62.30249443144718,)
197	100  	147.329	103.382	64.5187	734.579 (62.30249443144718,)
198	100  	128.266	73.0075	65.491 	448.66  (62.30249443144718,)
199	100  	149.373	95.9875	62.7024	688.877 (62.30249443144718,)
200	100  	146.773	87.2767	62.8062	499.407 (62.30249443144718,)
201	100  	124.826	82.9482	63.2818	706.878 (62.30249443144718,)
202	100  	131.085	91.5641	66.3809	697.454 (62.30249443144718,)
203	100  	133.721	61.7157	64.7942	349.867 (62.30249443144718,)
204	100  	129.185	83.5698	62.8218	604.414 (62.30249443144718,)
205	100  	138.465	71.6498	62.9685	350.973 (62.30249443144718,)
206	100  	143.075	72.7186	64.7508	454.208 (62.30249443144718,)
207	100  	139.439	70.0316	62.2074	458.966 (62.207443201013533,)
208	100  	135.618	106.037	64.6199	952.223 (62.207443201013533,)
209	100  	138.427	73.6243	64.1871	408.632 (62.207443201013533,)
210	100  	143.891	75.1613	66.2595	431.519 (62.207443201013533,)
211	100  	151.45 	105.528	63.4606	580.023 (62.207443201013533,)
212	100  	144.917	79.3534	63.3563	396.271 (62.207443201013533,)
213	100  	141.194	82.0659	64.1723	495.345 (62.207443201013533,)
214	100  	136.669	76.109 	64.3665	436.808 (62.207443201013533,)
215	100  	140.568	90.0142	62.8689	558.097 (62.207443201013533,)
216	100  	138.752	82.5689	63.6498	555.966 (62.207443201013533,)
217	100  	143.904	98.6319	63.7137	685.231 (62.207443201013533,)
218	100  	143.596	93.33  	63.0426	515.316 (62.207443201013533,)
219	100  	139.014	97.4619	63.881 	623.367 (62.207443201013533,)
220	100  	123.877	64.4565	62.3813	427.7   (62.207443201013533,)
221	100  	145.992	91.6403	66.2194	622.287 (62.207443201013533,)
222	100  	137.265	90.5945	62.6025	623.741 (62.207443201013533,)
223	100  	140.09 	105.555	64.6881	802.455 (62.207443201013533,)
224	100  	135.522	77.0181	64.8876	482.274 (62.207443201013533,)
225	100  	140.359	95.4444	63.59  	736.621 (62.207443201013533,)
226	100  	141.625	102.94 	63.8414	788.05  (62.207443201013533,)
227	100  	140.505	80.2948	63.7639	516.054 (62.207443201013533,)
228	100  	146.556	87.5968	67.2541	462.948 (62.207443201013533,)
229	100  	140.672	76.5764	64.7178	570.367 (62.207443201013533,)
230	100  	132.497	75.2058	63.904 	592.551 (62.207443201013533,)
231	100  	140.962	75.9853	64.3754	402.566 (62.207443201013533,)
232	100  	135.828	66.3809	64.276 	381.677 (62.207443201013533,)
233	100  	146.879	91.5995	64.3465	456.088 (62.207443201013533,)
234	100  	143.509	89.1048	65.1963	553.592 (62.207443201013533,)
235	100  	144.225	93.9307	65.9531	631.224 (62.207443201013533,)
236	100  	134.911	73.1975	63.501 	520.032 (62.207443201013533,)
237	100  	151.081	116.015	64.3429	840.852 (62.207443201013533,)
238	100  	128.224	76.7553	64.2038	478.273 (62.207443201013533,)
239	100  	131.087	74.4562	63.6938	380.992 (62.207443201013533,)
240	100  	138.758	88.2372	64.52  	567.776 (62.207443201013533,)
241	100  	126.958	78.8822	64.2926	647.213 (62.207443201013533,)
242	100  	132.731	77.0591	63.0703	405.655 (62.207443201013533,)
243	100  	145.046	89.7423	63.3343	510.313 (62.207443201013533,)
244	100  	133.977	84.4415	63.2411	524.65  (62.207443201013533,)
245	100  	133.356	78.014 	64.8256	560.374 (62.207443201013533,)
246	100  	144.581	83.3789	64.206 	598.774 (62.207443201013533,)
247	100  	131.864	65.0022	65.241 	435.752 (62.207443201013533,)
248	100  	140.065	71.6667	65.898 	379.026 (62.207443201013533,)
249	100  	130.56 	65.7684	62.9614	375.929 (62.207443201013533,)
250	100  	142.7  	96.8924	63.1149	632.127 (62.207443201013533,)
251	100  	154.767	97.5731	62.4508	549.846 (62.207443201013533,)
252	100  	149.544	99.4842	63.4789	663.061 (62.207443201013533,)
253	100  	140.772	85.2207	63.6667	523.572 (62.207443201013533,)
254	100  	141.369	79.0373	62.7496	410.452 (62.207443201013533,)
255	100  	149.964	101.722	64.0395	666.974 (62.207443201013533,)
256	100  	144.393	84.4967	64.2538	536.103 (62.207443201013533,)
257	100  	154.705	91.3834	63.7015	636.213 (62.207443201013533,)
258	100  	139.596	75.4719	62.8074	363.643 (62.207443201013533,)
259	100  	129.003	62.1653	64.6461	431.97  (62.207443201013533,)
260	100  	132.35 	71.1744	65.3274	456.47  (62.207443201013533,)
261	100  	136.309	79.124 	62.7541	486.33  (62.207443201013533,)
262	100  	134.001	73.355 	63.4039	512.903 (62.207443201013533,)
263	100  	136.999	80.4852	64.473 	417.544 (62.207443201013533,)
264	100  	146.438	99.5849	63.5724	629.238 (62.207443201013533,)
265	100  	131.386	76.168 	63.188 	520.67  (62.207443201013533,)
266	100  	140.71 	102.027	61.8705	653.035 (61.870531957516192,)
267	100  	141.913	84.0964	63.1939	552.287 (61.870531957516192,)
268	100  	141.432	89.0812	63.962 	540.072 (61.870531957516192,)
269	100  	133.698	78.2903	64.2051	447.798 (61.870531957516192,)
270	100  	124.961	60.9698	62.9607	335.662 (61.870531957516192,)
271	100  	144.697	84.2021	62.0563	484.701 (61.870531957516192,)
272	100  	141.39 	77.4707	62.519 	402.381 (61.870531957516192,)
273	100  	131.427	81.3036	62.3769	520.438 (61.870531957516192,)
274	100  	137.998	68.3608	63.57  	357.91  (61.870531957516192,)
275	100  	124.606	67.5332	62.6975	386.297 (61.870531957516192,)
276	100  	142.409	97.7358	62.7484	667.217 (61.870531957516192,)
277	100  	138.881	62.8601	63.9044	406.936 (61.870531957516192,)
278	100  	136.263	100.031	63.9738	763.914 (61.870531957516192,)
279	100  	134.256	73.0838	63.0806	487.786 (61.870531957516192,)
280	100  	120.232	59.4791	62.1253	316.669 (61.870531957516192,)
281	100  	134.528	76.0362	64.054 	529.43  (61.870531957516192,)
282	100  	132.601	69.3748	63.856 	446.843 (61.870531957516192,)
283	100  	146.953	94.9566	62.9872	571.004 (61.870531957516192,)
284	100  	129.968	69.2997	63.365 	376.555 (61.870531957516192,)
285	100  	138.086	92.0148	64.6093	647.391 (61.870531957516192,)
286	100  	141.549	83.2115	62.7111	516.537 (61.870531957516192,)
287	100  	131.614	77.2228	62.9027	407.388 (61.870531957516192,)
288	100  	145.419	87.6272	63.1314	498.346 (61.870531957516192,)
289	100  	134.736	72.9694	63.6026	418.27  (61.870531957516192,)
290	100  	153.167	112.394	63.5482	663.456 (61.870531957516192,)
291	100  	146.813	87.3199	63.2232	500.346 (61.870531957516192,)
292	100  	147.76 	96.7175	63.8351	554     (61.870531957516192,)
293	100  	146.922	88.7912	66.4975	501.479 (61.870531957516192,)
294	100  	147.912	115.267	62.866 	660.22  (61.870531957516192,)
295	100  	143.297	101.588	62.6812	548.887 (61.870531957516192,)
296	100  	157.564	110.83 	62.6647	642.636 (61.870531957516192,)
297	100  	152.806	104.308	62.7596	634.209 (61.870531957516192,)
298	100  	136.161	73.785 	64.4771	394.944 (61.870531957516192,)
299	100  	141.84 	88.8339	63.4528	499.693 (61.870531957516192,)
300	100  	138.77 	78.0334	63.6443	449.014 (61.870531957516192,)
301	100  	135.201	79.9941	63.3087	469.342 (61.870531957516192,)
302	100  	131.361	86.5307	63.1461	628.378 (61.870531957516192,)
303	100  	134.577	81.9606	65.7529	514.736 (61.870531957516192,)
304	100  	138.775	89.3316	66.4067	652.491 (61.870531957516192,)
305	100  	131.187	71.515 	63.312 	440.509 (61.870531957516192,)
306	100  	133.418	72.2027	63.1488	518.047 (61.870531957516192,)
307	100  	146.813	93.5932	63.1826	619.376 (61.870531957516192,)
308	100  	139.627	78.951 	62.0242	515.218 (61.870531957516192,)
309	100  	136.974	90.4583	63.0865	620.527 (61.870531957516192,)
310	100  	131.739	62.5288	62.9539	326.308 (61.870531957516192,)
311	100  	128.456	81.4304	63.263 	552.382 (61.870531957516192,)
312	100  	126.665	69.3509	62.5771	414.406 (61.870531957516192,)
313	100  	122.706	52.2295	63.6377	373.024 (61.870531957516192,)
314	100  	145.481	80.4961	63.2188	447.906 (61.870531957516192,)
315	100  	134.283	82.3154	62.3266	625.99  (61.870531957516192,)
316	100  	142.428	85.299 	63.0335	503.399 (61.870531957516192,)
317	100  	135.772	70.425 	63.9949	349.736 (61.870531957516192,)
318	100  	141.411	80.2973	62.794 	440.396 (61.870531957516192,)
319	100  	150.32 	102.189	62.8987	695.624 (61.870531957516192,)
320	100  	137.013	76.7766	65.4547	462.105 (61.870531957516192,)
321	100  	135.497	89.49  	62.3181	578.635 (61.870531957516192,)
322	100  	145.433	89.252 	63.3612	482.687 (61.870531957516192,)
323	100  	128.55 	68.8413	65.0545	526.672 (61.870531957516192,)
324	100  	139.106	96.9717	63.0935	625.966 (61.870531957516192,)
325	100  	144.964	105.883	62.7493	673.723 (61.870531957516192,)
326	100  	131.129	105.557	63.0231	999.015 (61.870531957516192,)
327	100  	131.771	82.4082	63.1298	565.991 (61.870531957516192,)
328	100  	138.231	91.9397	62.781 	529.274 (61.870531957516192,)
329	100  	128.957	61.9671	64.15  	330.857 (61.870531957516192,)
330	100  	144.051	97.02  	62.8494	557.272 (61.870531957516192,)
331	100  	136.731	107.733	62.8005	859.404 (61.870531957516192,)
332	100  	165.452	100.894	62.7624	473.391 (61.870531957516192,)
333	100  	128.962	72.8961	62.5559	439.378 (61.870531957516192,)
334	100  	165.445	123.155	66.0226	744.951 (61.870531957516192,)
335	100  	144.384	80.0858	65.033 	490.614 (61.870531957516192,)
336	100  	144.737	85.509 	62.0411	523.487 (61.870531957516192,)
337	100  	133.585	85.7174	62.9487	587.229 (61.870531957516192,)
338	100  	138.392	72.501 	63.7483	533.505 (61.870531957516192,)
339	100  	139.394	80.4059	64.7046	589.947 (61.870531957516192,)
340	100  	127.294	69.0419	62.0995	386.687 (61.870531957516192,)
341	100  	140.246	96.2538	62.6189	550.836 (61.870531957516192,)
342	100  	133.463	72.5154	66.454 	507.951 (61.870531957516192,)
343	100  	146.59 	102.283	63.2303	650.458 (61.870531957516192,)
344	100  	143.57 	75.8407	63.9026	474.45  (61.870531957516192,)
345	100  	145.67 	83.312 	62.0066	530.338 (61.870531957516192,)
346	100  	143.795	86.7936	61.5926	464.027 (61.592594121604478,)
347	100  	130.049	79.5969	62.7114	604.841 (61.592594121604478,)
348	100  	134.937	80.0561	63.8277	476.596 (61.592594121604478,)
349	100  	142.544	85.2248	63.3583	499.379 (61.592594121604478,)
350	100  	124.75 	65.501 	64.3656	459.702 (61.592594121604478,)
351	100  	135.98 	88.0983	64.6303	586.806 (61.592594121604478,)
352	100  	124.217	71.0179	62.6621	546.654 (61.592594121604478,)
353	100  	118.808	49.9759	63.1534	308.455 (61.592594121604478,)
354	100  	142.809	93.0466	65.6921	546.818 (61.592594121604478,)
355	100  	141.913	78.5232	66.6698	455.522 (61.592594121604478,)
356	100  	145.367	97.5512	63.0739	644.05  (61.592594121604478,)
357	100  	122.202	70.6276	62.4228	604.471 (61.592594121604478,)
358	100  	138.69 	88.4758	65.2425	599.058 (61.592594121604478,)
359	100  	134.914	75.6634	63.0303	561.505 (61.592594121604478,)
360	100  	124.747	73.503 	62.2058	431.596 (61.592594121604478,)
361	100  	139.178	87.6033	63.9428	531.405 (61.592594121604478,)
362	100  	143.238	92.9208	62.8342	636.002 (61.592594121604478,)
363	100  	142.533	93.8479	62.7539	648.561 (61.592594121604478,)
364	100  	131.158	72.9167	64.0863	559.867 (61.592594121604478,)
365	100  	140.807	102.048	62.5922	618.955 (61.592594121604478,)
366	100  	144.526	85.0928	63.1351	421.353 (61.592594121604478,)
367	100  	142.087	77.9366	63.4892	446.021 (61.592594121604478,)
368	100  	136.179	87.0085	62.6608	464.375 (61.592594121604478,)
369	100  	140.321	88.6855	63.1522	517.909 (61.592594121604478,)
370	100  	144.551	80.2485	62.7769	434.012 (61.592594121604478,)
371	100  	143.347	74.0231	64.5924	448.01  (61.592594121604478,)
372	100  	137.562	71.3842	62.9524	437.415 (61.592594121604478,)
373	100  	147.867	86.6312	64.071 	487.548 (61.592594121604478,)
374	100  	138.376	82.6506	66.1433	513.744 (61.592594121604478,)
375	100  	143.875	105.835	63.5422	799.594 (61.592594121604478,)
376	100  	126.365	58.73  	64.314 	396.201 (61.592594121604478,)
377	100  	151.009	110.802	62.7443	845.121 (61.592594121604478,)
378	100  	142.122	107.115	62.1752	562.48  (61.592594121604478,)
379	100  	124.509	72.1181	62.0387	490.165 (61.592594121604478,)
380	100  	130.854	81.4122	61.8901	624.881 (61.592594121604478,)
381	100  	118.994	66.309 	63.7014	487.708 (61.592594121604478,)
382	100  	124.133	70.8982	62.7352	464.85  (61.592594121604478,)
383	100  	135.892	82.6076	62.2119	467.015 (61.592594121604478,)
384	100  	146.6  	84.3556	64.2225	458.438 (61.592594121604478,)
385	100  	148.048	91.6727	65.5074	541.881 (61.592594121604478,)
386	100  	136.518	106.316	65.3864	754.847 (61.592594121604478,)
387	100  	127.154	73.105 	64.119 	618.535 (61.592594121604478,)
388	100  	136.982	88.012 	63.9977	579.926 (61.592594121604478,)
389	100  	141.476	106.936	62.6621	673.525 (61.592594121604478,)
390	100  	137.621	73.6724	63.8604	373.236 (61.592594121604478,)
391	100  	135.844	85.2244	61.846 	539.926 (61.592594121604478,)
392	100  	136.118	87.6341	64.5284	586.62  (61.592594121604478,)
393	100  	151.344	126.4  	63.2991	671.331 (61.592594121604478,)
394	100  	132.55 	69.5457	62.6192	507.666 (61.592594121604478,)
395	100  	129.125	68.8348	63.7806	456.751 (61.592594121604478,)
396	100  	133.555	80.5952	63.8093	538.097 (61.592594121604478,)
397	100  	132.933	83.8345	63.1147	486.907 (61.592594121604478,)
398	100  	133.887	67.4667	63.9432	409.573 (61.592594121604478,)
399	100  	145.501	93.0416	62.7911	639.976 (61.592594121604478,)
400	100  	142.716	95.0508	62.4264	593.581 (61.592594121604478,)
401	100  	140.197	91.5243	62.4787	640.191 (61.592594121604478,)
402	100  	146.177	95.928 	63.243 	579.654 (61.592594121604478,)
403	100  	153.067	102.254	63.9064	626.436 (61.592594121604478,)
404	100  	140.263	71.6518	62.9035	428.445 (61.592594121604478,)
405	100  	132.915	75.4226	63.6651	486.46  (61.592594121604478,)
406	100  	128.029	73.6615	63.6458	563.631 (61.592594121604478,)
407	100  	150.747	120.219	63.4469	895.47  (61.592594121604478,)
408	100  	128.586	81.3483	63.611 	621.435 (61.592594121604478,)
409	100  	135.505	82.3491	65.4992	571.266 (61.592594121604478,)
410	100  	132.151	91.1778	62.3674	582.347 (61.592594121604478,)
411	100  	133.524	80.7535	63.3356	435.783 (61.592594121604478,)
412	100  	140.031	73.7884	62.4684	443.128 (61.592594121604478,)
413	100  	137.643	83.2707	64.218 	551.789 (61.592594121604478,)
414	100  	131.393	79.0012	62.0856	537.51  (61.592594121604478,)
415	100  	126.788	69.0868	65.9915	481.252 (61.592594121604478,)
416	100  	136.775	78.0749	62.8202	480.647 (61.592594121604478,)
417	100  	134.122	85.2462	61.8881	596.109 (61.592594121604478,)
418	100  	122.632	80.195 	63.9639	489.285 (61.592594121604478,)
419	100  	133.577	79.3687	63.178 	482.162 (61.592594121604478,)
420	100  	141.923	105.968	62.351 	843.26  (61.592594121604478,)
421	100  	122.187	61.2539	61.9777	423.008 (61.592594121604478,)
422	100  	123.54 	66.755 	64.7741	426.304 (61.592594121604478,)
423	100  	126.803	77.9307	62.7912	516.158 (61.592594121604478,)
424	100  	127.198	85.6342	63.2921	675.716 (61.592594121604478,)
425	100  	133.573	91.0358	63.3127	660.677 (61.592594121604478,)
426	100  	130.796	80.4764	62.1052	494.987 (61.592594121604478,)
427	100  	123.041	74.305 	63.7689	588.788 (61.592594121604478,)
428	100  	147.939	98.2271	63.7757	578.349 (61.592594121604478,)
429	100  	126.112	60.6602	64.1135	304.825 (61.592594121604478,)
430	100  	151.38 	96.6365	62.3186	599.481 (61.592594121604478,)
431	100  	136.348	79.5523	63.1248	544.107 (61.592594121604478,)
432	100  	139.255	75.3909	64.5355	389.901 (61.592594121604478,)
433	100  	118.3  	54.1359	62.8775	334.418 (61.592594121604478,)
434	100  	136.961	81.0358	64.3302	608.652 (61.592594121604478,)
435	100  	120.916	53.8212	63.3459	292.202 (61.592594121604478,)
436	100  	137.421	96.3717	63.2074	739.682 (61.592594121604478,)
437	100  	147.8  	108.373	63.8603	745.049 (61.592594121604478,)
438	100  	156.237	117.365	62.0949	764.875 (61.592594121604478,)
439	100  	138.387	67.7384	63.1087	378.272 (61.592594121604478,)
440	100  	147.271	95.288 	62.1177	553.941 (61.592594121604478,)
441	100  	137.734	86.4692	64.2899	537.049 (61.592594121604478,)
442	100  	144.46 	95.5477	62.7593	626.317 (61.592594121604478,)
443	100  	140.753	80.5223	63.5886	431.155 (61.592594121604478,)
444	100  	144.614	87.6858	62.5733	544.232 (61.592594121604478,)
445	100  	133.774	84.292 	63.729 	564.737 (61.592594121604478,)
446	100  	123.578	51.5629	62.9928	260.625 (61.592594121604478,)
447	100  	130.445	84.1439	63.4216	522.951 (61.592594121604478,)
448	100  	128.324	78.7449	62.6772	590.298 (61.592594121604478,)
449	100  	128.254	62.6151	63.6385	338.045 (61.592594121604478,)
450	100  	134.768	75.7013	65.5875	510.36  (61.592594121604478,)
451	100  	144.019	86.5672	64.7254	638.773 (61.592594121604478,)
452	100  	140.86 	88.3917	62.4874	558.058 (61.592594121604478,)
453	100  	135.241	82.4478	62.3482	561.774 (61.592594121604478,)
454	100  	144.324	88.6418	63.8391	606.164 (61.592594121604478,)
455	100  	140.117	103.244	63.0109	682.931 (61.592594121604478,)
456	100  	134.587	71.8229	61.849 	403.889 (61.592594121604478,)
457	100  	140.407	82.2427	64.2645	475.876 (61.592594121604478,)
458	100  	132.442	67.479 	66.8361	402.729 (61.592594121604478,)
459	100  	121.281	74.2452	62.4696	461.878 (61.592594121604478,)
460	100  	129.148	83.9448	61.6738	550.451 (61.592594121604478,)
461	100  	129.159	72.5777	62.9659	431.593 (61.592594121604478,)
462	100  	119.14 	68.9786	63.5336	512.357 (61.592594121604478,)
463	100  	130.861	81.2485	63.3051	570.392 (61.592594121604478,)
464	100  	142.898	110.15 	62.8644	742.887 (61.592594121604478,)
465	100  	146.549	96.3391	64.1289	554.513 (61.592594121604478,)
466	100  	143.954	77.6677	62.85  	403.464 (61.592594121604478,)
467	100  	132.896	86.5264	63.3552	517.96  (61.592594121604478,)
468	100  	132.774	77.9861	63.4712	473.327 (61.592594121604478,)
469	100  	127.657	85.695 	63.1566	550.327 (61.592594121604478,)
470	100  	130.525	72.9986	62.7545	400.39  (61.592594121604478,)
471	100  	128.155	73.566 	62.9227	423.489 (61.592594121604478,)
472	100  	136.475	71.021 	62.4191	380.991 (61.592594121604478,)
473	100  	136.058	88.0152	61.9509	562.417 (61.592594121604478,)
474	100  	129.074	72.3393	63.3815	407.531 (61.592594121604478,)
475	100  	125.873	76.0032	65.5591	504.735 (61.592594121604478,)
476	100  	120.192	58.0408	62.256 	361.449 (61.592594121604478,)
477	100  	125.219	59.5619	62.6244	362.482 (61.592594121604478,)
478	100  	132.215	75.294 	62.0111	466.518 (61.592594121604478,)
479	100  	149.388	95.2649	62.6712	687.583 (61.592594121604478,)
480	100  	146.847	93.2991	65.2395	578.943 (61.592594121604478,)
481	100  	151.523	100.062	63.2674	597.92  (61.592594121604478,)
482	100  	135.872	88.898 	62.2436	732.198 (61.592594121604478,)
483	100  	121.697	59.9223	63.4719	443.509 (61.592594121604478,)
484	100  	131.733	76.9953	62.5838	603.588 (61.592594121604478,)
485	100  	143.11 	98.2463	63.3289	775.663 (61.592594121604478,)
486	100  	151.205	84.4417	64.1555	500.083 (61.592594121604478,)
487	100  	145.357	83.6448	62.2063	449.046 (61.592594121604478,)
488	100  	140.185	80.7997	63.6218	470.312 (61.592594121604478,)
489	100  	140.411	87.0797	62.543 	510.304 (61.592594121604478,)
490	100  	149.706	115.171	62.7031	1025.94 (61.592594121604478,)
491	100  	140.4  	83.7936	62.3513	491.519 (61.592594121604478,)
492	100  	130.598	79.9151	63.6758	498.808 (61.592594121604478,)
493	100  	127.056	70.3454	62.4565	492.283 (61.592594121604478,)
494	100  	128.984	75.3075	63.0524	519.578 (61.592594121604478,)
495	100  	133.004	85.0783	65.0106	536.856 (61.592594121604478,)
496	100  	118.596	55.3174	63.3153	320.642 (61.592594121604478,)
497	100  	125.282	70.9293	62.1462	404.857 (61.592594121604478,)
498	100  	135.335	76.3471	62.9898	436.036 (61.592594121604478,)
499	100  	141.585	88.666 	65.6578	647.034 (61.592594121604478,)
