In file included from /usr/lib/python2.7/dist-packages/numpy/core/include/numpy/ndarraytypes.h:1761:0,
                 from /usr/lib/python2.7/dist-packages/numpy/core/include/numpy/ndarrayobject.h:17,
                 from /usr/lib/python2.7/dist-packages/numpy/core/include/numpy/arrayobject.h:4,
                 from /home/pinojc/.cache/scipy/python27_compiled/sc_9bade30717731f645b30a512f757f0fa1766.cpp:22:
/usr/lib/python2.7/dist-packages/numpy/core/include/numpy/npy_1_7_deprecated_api.h:15:2: warning: #warning "Using deprecated NumPy API, disable it by " "#defining NPY_NO_DEPRECATED_API NPY_1_7_API_VERSION" [-Wcpp]
 #warning "Using deprecated NumPy API, disable it by " \
  ^
gen	evals	avg    	std    	min    	max    
0  	100  	1105.49	325.242	256.495	1736.21 (256.49468610702928,)
1  	100  	1186.38	327.102	212.266	1733.97 (212.26584308824965,)
2  	100  	1192.86	306.446	166.747	1709.4  (166.74662494442597,)
3  	100  	1187.04	312.908	181.255	1657.28 (166.74662494442597,)
4  	100  	1164.92	320.475	311.488	1642.58 (166.74662494442597,)
5  	100  	1129.45	323.284	139.398	1663.16 (139.39842998386962,)
6  	100  	1028.92	380.704	116.469	1637.11 (116.46873242421285,)
7  	100  	946.608	443.208	116.442	1664.32 (116.44227013466788,)
8  	100  	876.551	514.321	100.018	1690.91 (100.01847273247219,)
9  	100  	803.269	548.025	93.8345	1662.57 (93.83453613317009,)
10 	100  	806.286	542.443	86.7577	1645.8  (86.757709666115701,)
11 	100  	764.69 	542.895	79.6225	1679.88 (79.622457829280322,)
12 	100  	747.159	539.025	79.4183	1658.99 (79.418288927253016,)
13 	100  	689.755	525.299	65.9512	1652.38 (65.951194558549844,)
14 	100  	718.241	539.371	58.743 	1679.96 (58.742973901871267,)
15 	100  	686.642	546.106	57.9632	1684.86 (57.96316515184165,)
16 	100  	671.347	545.578	60.1941	1712.83 (57.96316515184165,)
17 	100  	676.625	538.261	56.4406	1686.39 (56.440576171829015,)
18 	100  	700.737	551.84 	54.1701	1683.06 (54.170090466307435,)
19 	100  	663.496	537.771	58.1625	1641.29 (54.170090466307435,)
20 	100  	659.004	523.802	48.9202	1709.62 (48.920212394698773,)
21 	100  	651.437	550.905	47.1323	1710.67 (47.132278888370372,)
22 	100  	659.424	562.258	44.3884	1678.57 (44.388449481885381,)
23 	100  	670.421	537.472	55.198 	1696.02 (44.388449481885381,)
24 	100  	647.252	560.253	54.3154	1696.76 (44.388449481885381,)
25 	100  	641.156	574.359	48.4786	1655.87 (44.388449481885381,)
26 	100  	656.268	574.251	48.1035	1646.37 (44.388449481885381,)
27 	100  	642.215	563.96 	45.4046	1626.92 (44.388449481885381,)
28 	100  	668.817	541.534	50.5021	1645.84 (44.388449481885381,)
29 	100  	618.876	557.404	43.1171	1696.85 (43.117068347713818,)
30 	100  	621.368	544.359	41.2344	1644.71 (41.234409925654163,)
31 	100  	637.908	544.164	46.663 	1659.35 (41.234409925654163,)
32 	100  	638.288	537.709	40.7515	1675    (40.751536454736744,)
33 	100  	625.247	533.056	47.7936	1631.27 (40.751536454736744,)
34 	100  	605.058	530.277	37.9273	1668.71 (37.927260584591771,)
35 	100  	607.111	557.343	38.9967	1659.86 (37.927260584591771,)
36 	100  	614.805	550.429	39.8088	1669.24 (37.927260584591771,)
37 	100  	608.222	545.778	37.53  	1672.73 (37.530001904634076,)
38 	100  	641.361	546.505	38.7539	1628.07 (37.530001904634076,)
39 	100  	617.294	548.343	43.4802	1659.89 (37.530001904634076,)
40 	100  	606.883	545.49 	36.8872	1706.76 (36.887194660043086,)
41 	100  	624.146	559.767	43.3452	1724.77 (36.887194660043086,)
42 	100  	593.855	580.63 	41.7099	1722.02 (36.887194660043086,)
43 	100  	634.431	567.899	43.8094	1750.21 (36.887194660043086,)
44 	100  	610.265	585.837	39.6721	1754.36 (36.887194660043086,)
45 	100  	618.748	567.796	32.2261	1740.99 (32.226120306373829,)
46 	100  	638.888	574.017	33.4513	1741.33 (32.226120306373829,)
47 	100  	625.244	565.685	35.8258	1744.45 (32.226120306373829,)
48 	100  	644.524	561.819	39.8191	1741.19 (32.226120306373829,)
49 	100  	616.526	572.507	31.6552	1740.73 (31.65522141324707,)
50 	100  	595.284	562.055	33.7561	1681.45 (31.65522141324707,)
51 	100  	626.358	571.548	38.6508	1681.24 (31.65522141324707,)
52 	100  	607.566	555.941	29.896 	1708.33 (29.896030537789276,)
53 	100  	627.458	555.747	37.6377	1694.03 (29.896030537789276,)
54 	100  	649.269	549.519	41.4271	1680.27 (29.896030537789276,)
55 	100  	643.165	557.148	41.2771	1749.66 (29.896030537789276,)
56 	100  	625.98 	554.132	32.7331	1731.67 (29.896030537789276,)
57 	100  	630.922	551.973	37.2175	1704.18 (29.896030537789276,)
58 	100  	608.276	569.971	37.0943	1682.65 (29.896030537789276,)
59 	100  	628.68 	534.854	34.8109	1672.87 (29.896030537789276,)
60 	100  	646.138	541.982	31.5947	1705.68 (29.896030537789276,)
61 	100  	649.856	556.406	34.1023	1747.37 (29.896030537789276,)
62 	100  	634.003	546.151	32.6552	1727.94 (29.896030537789276,)
63 	100  	613.418	566.99 	26.1941	1667.56 (26.194079200843916,)
64 	100  	619.816	574.894	28.2179	1719.9  (26.194079200843916,)
65 	100  	638.181	554.995	28.7538	1749.18 (26.194079200843916,)
66 	100  	618.03 	555.928	33.7202	1748.2  (26.194079200843916,)
67 	100  	622.127	560.411	33.0138	1735.26 (26.194079200843916,)
68 	100  	606.117	548.091	28.8948	1740.75 (26.194079200843916,)
69 	100  	621.055	564.99 	27.8097	1706.86 (26.194079200843916,)
70 	100  	617.57 	559.915	25.8951	1711.4  (25.895147433910275,)
71 	100  	593.982	572.688	28.8436	1723.8  (25.895147433910275,)
72 	100  	597.433	563.674	30.0517	1676.86 (25.895147433910275,)
73 	100  	613.557	545.64 	33.5517	1705.71 (25.895147433910275,)
74 	100  	628.436	529.941	29.9257	1729.92 (25.895147433910275,)
75 	100  	635.061	532.081	27.1719	1720.32 (25.895147433910275,)
76 	100  	604.134	550.953	29.44  	1699.24 (25.895147433910275,)
77 	100  	596.184	531.399	34.6751	1723.41 (25.895147433910275,)
78 	100  	627.502	536.197	25.7979	1725.64 (25.797917312565115,)
79 	100  	630.287	580.757	30.9835	1732.42 (25.797917312565115,)
80 	100  	616.358	559.094	25.7074	1704.92 (25.70736269070856,)
81 	100  	637.69 	539.804	30.1504	1746.23 (25.70736269070856,)
82 	100  	621.95 	540.97 	36.7906	1729.2  (25.70736269070856,)
83 	100  	595.012	560.796	30.7513	1703.03 (25.70736269070856,)
84 	100  	612.293	555.985	33.9773	1706.94 (25.70736269070856,)
85 	100  	620.598	548.13 	30.0473	1738.88 (25.70736269070856,)
86 	100  	629.727	543.315	35.4643	1724.62 (25.70736269070856,)
87 	100  	619.697	540.29 	42.2886	1729.11 (25.70736269070856,)
88 	100  	641.007	542.077	29.8171	1705.51 (25.70736269070856,)
89 	100  	604.467	564.777	26.6698	1690.8  (25.70736269070856,)
90 	100  	645.705	545.851	24.7112	1670.05 (24.71117926501827,)
91 	100  	602.922	566.247	31.0963	1677.09 (24.71117926501827,)
92 	100  	592.301	544.552	27.7285	1736.05 (24.71117926501827,)
93 	100  	600.418	566.995	25.1252	1700.73 (24.71117926501827,)
94 	100  	599.959	541.744	27.3629	1700.66 (24.71117926501827,)
95 	100  	623.844	553.181	30.3014	1686.27 (24.71117926501827,)
96 	100  	606.276	538.494	28.4442	1627.22 (24.71117926501827,)
97 	100  	599.504	534.278	24.0589	1651.82 (24.058885859463359,)
98 	100  	612.671	524.549	23.959 	1631.83 (23.958986714643586,)
99 	100  	604.936	541.444	29.4388	1734.68 (23.958986714643586,)
100	100  	595.184	555.895	32.6835	1706.68 (23.958986714643586,)
101	100  	612.605	556.1  	28.1634	1708.31 (23.958986714643586,)
102	100  	599.465	566.799	24.2715	1744.92 (23.958986714643586,)
103	100  	642.461	557.072	25.2405	1723.99 (23.958986714643586,)
104	100  	623.165	566.662	28.568 	1693.8  (23.958986714643586,)
105	100  	658.959	539.001	30.7122	1731.75 (23.958986714643586,)
106	100  	625.419	552.776	27.5554	1677.13 (23.958986714643586,)
107	100  	628.225	543.88 	24.7712	1699.16 (23.958986714643586,)
108	100  	625.495	547.533	25.8824	1680.9  (23.958986714643586,)
109	100  	619.804	553.675	34.4109	1716.05 (23.958986714643586,)
110	100  	661.072	544.761	26.5995	1696.89 (23.958986714643586,)
111	100  	644.538	528.659	32.6279	1694.37 (23.958986714643586,)
112	100  	645.257	552.109	26.7089	1742.94 (23.958986714643586,)
113	100  	596.608	558.455	28.0475	1745.21 (23.958986714643586,)
114	100  	622.344	555.492	25.4701	1776.83 (23.958986714643586,)
115	100  	623.81 	549.927	27.7848	1702.41 (23.958986714643586,)
116	100  	622.208	548.493	27.2378	1669.92 (23.958986714643586,)
117	100  	602.359	566.34 	31.9687	1717.71 (23.958986714643586,)
118	100  	585.747	565.408	26.572 	1736.42 (23.958986714643586,)
119	100  	578.586	557.696	27.3835	1674.79 (23.958986714643586,)
120	100  	606.174	566.689	24.5143	1729.19 (23.958986714643586,)
121	100  	601.834	549.564	31.6579	1753.62 (23.958986714643586,)
122	100  	602.19 	541.577	23.9885	1733.21 (23.958986714643586,)
123	100  	606.13 	560.961	20.835 	1724.74 (20.834966454407745,)
124	100  	591.672	554.823	23.1202	1666.93 (20.834966454407745,)
125	100  	590.548	564.143	21.8342	1704.05 (20.834966454407745,)
126	100  	591.502	557.338	22.2674	1693.2  (20.834966454407745,)
127	100  	605.229	546.807	28.2215	1747.4  (20.834966454407745,)
128	100  	625.426	560.779	24.7201	1730.89 (20.834966454407745,)
129	100  	629.341	550.594	28.669 	1704.9  (20.834966454407745,)
130	100  	596.309	555.729	24.7778	1692.86 (20.834966454407745,)
131	100  	633.442	542.454	24.719 	1706.51 (20.834966454407745,)
132	100  	613.403	534.522	24.9135	1709.34 (20.834966454407745,)
133	100  	605.878	542.454	23.3594	1699.15 (20.834966454407745,)
134	100  	613.535	552.759	25.813 	1652.23 (20.834966454407745,)
135	100  	615.163	554.8  	20.3224	1690.6  (20.322432617104404,)
136	100  	622.216	576.71 	22.4092	1703.91 (20.322432617104404,)
137	100  	610.587	579.762	26.1408	1680.01 (20.322432617104404,)
138	100  	596.033	565.707	22.8546	1739.35 (20.322432617104404,)
139	100  	615.843	568.513	21.2973	1762.21 (20.322432617104404,)
140	100  	599.005	569.432	23.6782	1770.37 (20.322432617104404,)
141	100  	603.915	556.888	22.9219	1772.38 (20.322432617104404,)
142	100  	623.272	558.082	27.9146	1732.99 (20.322432617104404,)
143	100  	629.963	548.619	21.1125	1774.78 (20.322432617104404,)
144	100  	620.245	547.354	38.5626	1749.41 (20.322432617104404,)
145	100  	600.95 	551.923	23.2058	1740.77 (20.322432617104404,)
146	100  	595.685	562.627	26.2486	1753.7  (20.322432617104404,)
147	100  	611.781	551.628	18.3391	1733.88 (18.339120025699696,)
148	100  	607.749	558.029	18.6665	1749.34 (18.339120025699696,)
149	100  	611.186	557.483	24.2538	1752.14 (18.339120025699696,)
150	100  	610.446	581.527	21.226 	1761.56 (18.339120025699696,)
151	100  	650.003	569.177	19.4907	1749.42 (18.339120025699696,)
152	100  	627.804	554.401	22.8503	1663.41 (18.339120025699696,)
153	100  	603.108	557.098	23.2555	1716.94 (18.339120025699696,)
154	100  	629.577	553.28 	25.4521	1712.68 (18.339120025699696,)
155	100  	646.52 	547.243	25.8966	1723.75 (18.339120025699696,)
156	100  	643.404	548.459	21.6651	1709.8  (18.339120025699696,)
157	100  	624.694	576.818	20.075 	1714.53 (18.339120025699696,)
158	100  	658.237	554.732	22.415 	1733.01 (18.339120025699696,)
159	100  	638.698	573.797	19.903 	1725.73 (18.339120025699696,)
160	100  	641.789	565.773	22.1485	1731.74 (18.339120025699696,)
161	100  	641.25 	563.443	32.4304	1731.07 (18.339120025699696,)
162	100  	604.188	570.466	21.6055	1693.84 (18.339120025699696,)
163	100  	652.917	545.884	23.7135	1728.05 (18.339120025699696,)
164	100  	605.13 	558.312	25.2771	1684.6  (18.339120025699696,)
165	100  	619.805	555.303	23.9501	1665.81 (18.339120025699696,)
166	100  	617.156	545.009	27.4061	1712.05 (18.339120025699696,)
167	100  	598.261	563.28 	21.1453	1712.91 (18.339120025699696,)
168	100  	629.405	574.483	21.0124	1752.69 (18.339120025699696,)
169	100  	641.72 	547.65 	28.8691	1744.91 (18.339120025699696,)
170	100  	635.574	567.739	19.2097	1738.58 (18.339120025699696,)
171	100  	616.078	566.74 	19.568 	1721.03 (18.339120025699696,)
172	100  	613.067	565.941	22.2172	1745.04 (18.339120025699696,)
173	100  	633.818	551.49 	27.9369	1746.74 (18.339120025699696,)
174	100  	599.666	560.028	25.8428	1744.72 (18.339120025699696,)
175	100  	611.16 	542.429	19.7988	1680.38 (18.339120025699696,)
176	100  	609.856	551.656	21.2088	1704.31 (18.339120025699696,)
177	100  	602.471	552.925	18.7564	1669.1  (18.339120025699696,)
178	100  	618.626	576.333	20.5031	1703.17 (18.339120025699696,)
179	100  	602.92 	560.209	16.1638	1718.39 (16.163771598907431,)
180	100  	607.142	574.627	15.061 	1702.13 (15.060951927083806,)
181	100  	592.877	559.393	18.7358	1724.42 (15.060951927083806,)
182	100  	617.657	558.228	16.4253	1708.68 (15.060951927083806,)
183	100  	623.378	563.752	23.4504	1672.25 (15.060951927083806,)
184	100  	602.047	560.483	17.4553	1679.69 (15.060951927083806,)
185	100  	619.328	563.363	18.1573	1737.11 (15.060951927083806,)
186	100  	635.411	577.891	18.0584	1700.65 (15.060951927083806,)
187	100  	636.252	553.26 	18.8999	1732.63 (15.060951927083806,)
188	100  	620.873	568.488	22.4287	1719.56 (15.060951927083806,)
189	100  	608.615	565.347	18.197 	1772.11 (15.060951927083806,)
190	100  	626.473	558.131	21.4937	1753.63 (15.060951927083806,)
191	100  	619.901	562.871	21.0073	1735.25 (15.060951927083806,)
192	100  	625.74 	555.809	26.6984	1737.52 (15.060951927083806,)
193	100  	612.6  	558.709	19.1717	1694.93 (15.060951927083806,)
194	100  	610.26 	571.041	18.4947	1717.47 (15.060951927083806,)
195	100  	592.592	568.13 	21.9229	1723.67 (15.060951927083806,)
196	100  	599.869	564.886	23.3032	1723.56 (15.060951927083806,)
197	100  	584.215	565.972	16.3066	1664.93 (15.060951927083806,)
198	100  	568.148	558.752	15.1787	1694.38 (15.060951927083806,)
199	100  	595.5  	548.117	16.0058	1725.26 (15.060951927083806,)
200	100  	614.564	557.493	24.6428	1711.31 (15.060951927083806,)
201	100  	607.152	553.334	17.3981	1710.19 (15.060951927083806,)
202	100  	597.969	530.26 	19.5868	1687.28 (15.060951927083806,)
203	100  	579.872	548.812	19.8324	1664.97 (15.060951927083806,)
204	100  	579.384	563.431	15.4763	1665.29 (15.060951927083806,)
205	100  	574.153	565.305	17.6754	1712.93 (15.060951927083806,)
206	100  	609.677	560.58 	16.2209	1734.36 (15.060951927083806,)
207	100  	604.934	558.375	19.8588	1761.14 (15.060951927083806,)
208	100  	632.683	557.126	23.9094	1740.56 (15.060951927083806,)
209	100  	627.211	550.459	21.8026	1676.83 (15.060951927083806,)
210	100  	613.391	548.878	18.4535	1677.57 (15.060951927083806,)
211	100  	606.642	550.519	21.2121	1706.86 (15.060951927083806,)
212	100  	604.637	556.565	19.501 	1698.74 (15.060951927083806,)
213	100  	611.106	552.125	20.5708	1668.92 (15.060951927083806,)
214	100  	608.401	540.226	16.0964	1664.42 (15.060951927083806,)
215	100  	594.596	558.793	15.3834	1671.64 (15.060951927083806,)
216	100  	604.011	538.874	16.3571	1681.97 (15.060951927083806,)
217	100  	616.044	541.109	15.5911	1730.2  (15.060951927083806,)
218	100  	595.497	556.533	17.0256	1740.89 (15.060951927083806,)
219	100  	606.294	551.625	23.0343	1725.45 (15.060951927083806,)
220	100  	619.47 	555.613	17.0167	1720.11 (15.060951927083806,)
221	100  	611.364	559.266	17.4179	1684.3  (15.060951927083806,)
222	100  	597    	584.139	11.6202	1726.86 (11.620154020705677,)
223	100  	589.743	569.801	12.0783	1727.75 (11.620154020705677,)
224	100  	609.515	569.265	17.892 	1687.27 (11.620154020705677,)
225	100  	627.125	548.359	22.6606	1686.61 (11.620154020705677,)
226	100  	616.484	562.555	12.8502	1705.19 (11.620154020705677,)
227	100  	598.495	573.365	15.3191	1716.54 (11.620154020705677,)
228	100  	595.216	586.986	14.3991	1738.12 (11.620154020705677,)
229	100  	585.787	583.738	15.0505	1734.91 (11.620154020705677,)
230	100  	606.641	581.608	13.3462	1694.86 (11.620154020705677,)
231	100  	594.625	571.667	14.7072	1690.42 (11.620154020705677,)
232	100  	596.896	578.328	12.3543	1693.4  (11.620154020705677,)
233	100  	601.677	570.593	17.7311	1699.74 (11.620154020705677,)
234	100  	592.376	569.376	15.1264	1718.8  (11.620154020705677,)
235	100  	615.634	576.352	12.4234	1699.24 (11.620154020705677,)
236	100  	623.674	582.807	13.3232	1754.76 (11.620154020705677,)
237	100  	601.128	578.053	13.756 	1735.97 (11.620154020705677,)
238	100  	612.283	579.757	17.8096	1770.55 (11.620154020705677,)
239	100  	601.744	570.344	12.8643	1725    (11.620154020705677,)
240	100  	606.249	574.556	14.4798	1737.05 (11.620154020705677,)
241	100  	597.839	580.625	14.7002	1721.37 (11.620154020705677,)
242	100  	579.788	582.917	22.1133	1741.77 (11.620154020705677,)
243	100  	590.186	574.014	18.0078	1752.73 (11.620154020705677,)
244	100  	580.227	575.26 	11.8328	1709.12 (11.620154020705677,)
245	100  	599.28 	587.204	22.467 	1722.82 (11.620154020705677,)
246	100  	585.421	580.479	13.8221	1705.36 (11.620154020705677,)
247	100  	578.87 	568.884	12.1439	1745.95 (11.620154020705677,)
248	100  	617.202	552.818	12.7411	1731.8  (11.620154020705677,)
249	100  	616.76 	558.719	15.5887	1750.48 (11.620154020705677,)
250	100  	602.388	573.74 	12.0397	1708.23 (11.620154020705677,)
251	100  	627.035	545.894	10.7289	1726.34 (10.728862462876883,)
252	100  	580    	587.752	15.3517	1713.52 (10.728862462876883,)
253	100  	607.064	563.176	11.2297	1718.97 (10.728862462876883,)
254	100  	620.367	542.316	9.69995	1735.34 (9.6999503694879579,)
255	100  	579.058	586.876	12.9261	1746    (9.6999503694879579,)
256	100  	582.858	588.497	10.3761	1718.19 (9.6999503694879579,)
257	100  	562.076	577.605	17.9618	1729.64 (9.6999503694879579,)
258	100  	584.779	580.508	11.464 	1746.06 (9.6999503694879579,)
259	100  	586.816	584.726	14.2574	1752.84 (9.6999503694879579,)
260	100  	573.414	586.546	12.6456	1743.48 (9.6999503694879579,)
261	100  	565.931	589.352	12.931 	1719.9  (9.6999503694879579,)
262	100  	589.718	580.4  	14.9139	1743.94 (9.6999503694879579,)
263	100  	595.956	579.185	12.9129	1756.98 (9.6999503694879579,)
264	100  	591.356	573.049	16.5355	1773.79 (9.6999503694879579,)
265	100  	580.083	576.374	10.6991	1741.46 (9.6999503694879579,)
266	100  	586.817	586.032	9.92849	1736.3  (9.6999503694879579,)
267	100  	574.307	590.412	13.7225	1771.34 (9.6999503694879579,)
268	100  	587.63 	584.62 	13.2958	1770.37 (9.6999503694879579,)
269	100  	604.103	559.768	16.4517	1711.18 (9.6999503694879579,)
270	100  	556.398	585.796	10.4244	1685.79 (9.6999503694879579,)
271	100  	607.755	586.54 	10.7952	1696.72 (9.6999503694879579,)
272	100  	572.609	581.916	11.5898	1710.74 (9.6999503694879579,)
273	100  	564.877	583.637	11.411 	1739.43 (9.6999503694879579,)
274	100  	583.599	565.506	11.132 	1698.6  (9.6999503694879579,)
275	100  	635.019	557.454	17.2121	1685.88 (9.6999503694879579,)
276	100  	583.394	566.05 	10.1948	1731.55 (9.6999503694879579,)
277	100  	598.302	588.721	11.1302	1756.32 (9.6999503694879579,)
278	100  	578.21 	572.47 	11.085 	1777.58 (9.6999503694879579,)
279	100  	568.483	595.081	11.4359	1749.34 (9.6999503694879579,)
280	100  	559.888	589.157	11.1157	1727.43 (9.6999503694879579,)
281	100  	616.726	585.43 	11.5785	1707.82 (9.6999503694879579,)
282	100  	608.131	592.915	12.1306	1762.14 (9.6999503694879579,)
283	100  	580.159	573.108	18.6227	1773.11 (9.6999503694879579,)
284	100  	585.659	583.731	11.7123	1700.53 (9.6999503694879579,)
285	100  	566.304	573.689	10.1331	1701.34 (9.6999503694879579,)
286	100  	569.006	588.238	8.89806	1722.97 (8.8980609419083727,)
287	100  	576.056	603.827	11.3393	1759.93 (8.8980609419083727,)
288	100  	595.411	580.801	9.45842	1728.92 (8.8980609419083727,)
289	100  	601.127	582.396	9.89373	1763.19 (8.8980609419083727,)
290	100  	602.587	577.868	10.5819	1751.8  (8.8980609419083727,)
291	100  	569.133	589.049	11.6445	1752.74 (8.8980609419083727,)
292	100  	598.228	584.244	14.8797	1770.71 (8.8980609419083727,)
293	100  	600.99 	595.242	9.89888	1762.41 (8.8980609419083727,)
294	100  	599.806	573.96 	16.9048	1787.6  (8.8980609419083727,)
295	100  	627.029	587.135	12.5918	1756.59 (8.8980609419083727,)
296	100  	603.365	577.052	11.5133	1744.46 (8.8980609419083727,)
297	100  	570.577	589.171	11.8399	1723.76 (8.8980609419083727,)
298	100  	582.361	575.519	8.9722 	1783.12 (8.8980609419083727,)
299	100  	577.323	575.353	13.4009	1746.51 (8.8980609419083727,)
300	100  	587.809	571.571	15.1275	1748.22 (8.8980609419083727,)
301	100  	582.063	588.982	9.87519	1734.99 (8.8980609419083727,)
302	100  	574.07 	590.707	9.54505	1732.4  (8.8980609419083727,)
303	100  	578.555	591.305	11.8749	1746.21 (8.8980609419083727,)
304	100  	588.709	585.028	11.5133	1719.42 (8.8980609419083727,)
305	100  	592.737	581.017	11.8214	1733.81 (8.8980609419083727,)
306	100  	586.931	579.934	13.072 	1720.03 (8.8980609419083727,)
307	100  	611.83 	574.919	9.64741	1722.86 (8.8980609419083727,)
308	100  	634.381	556.606	8.9983 	1738.47 (8.8980609419083727,)
309	100  	601.035	582.476	13.196 	1719.48 (8.8980609419083727,)
310	100  	595.853	580.852	13.6316	1732.43 (8.8980609419083727,)
311	100  	638.073	561.109	11.3877	1736.61 (8.8980609419083727,)
312	100  	617.766	580.944	10.1101	1760.82 (8.8980609419083727,)
313	100  	580.781	580.332	8.87832	1718.14 (8.8783157894254074,)
314	100  	593.695	575.166	13.7239	1716.38 (8.8783157894254074,)
315	100  	576.418	584.562	11.1728	1732.81 (8.8783157894254074,)
316	100  	573.275	564.271	10.2502	1736.09 (8.8783157894254074,)
317	100  	567.092	582.879	16.2469	1742.74 (8.8783157894254074,)
318	100  	574.917	581.639	9.00447	1755.6  (8.8783157894254074,)
319	100  	601.024	576.427	10.4404	1729.92 (8.8783157894254074,)
320	100  	587.506	574.6  	10.2406	1726.52 (8.8783157894254074,)
321	100  	602.959	569.414	11.1006	1740.43 (8.8783157894254074,)
322	100  	593.674	559.205	16.6394	1749.07 (8.8783157894254074,)
323	100  	578.21 	580.232	9.95709	1704.8  (8.8783157894254074,)
324	100  	584.422	572.185	10.1625	1706.65 (8.8783157894254074,)
325	100  	575.368	569.55 	14.4479	1684.14 (8.8783157894254074,)
326	100  	539.002	580.198	10.0769	1778.74 (8.8783157894254074,)
327	100  	558.33 	573.03 	15.3091	1775.69 (8.8783157894254074,)
328	100  	591.477	565.058	10.9201	1756.43 (8.8783157894254074,)
329	100  	567.937	574.691	10.5531	1752.18 (8.8783157894254074,)
330	100  	565.494	568.445	12.1179	1749.23 (8.8783157894254074,)
331	100  	584.596	569.044	15.077 	1744.65 (8.8783157894254074,)
332	100  	554.796	563.486	10.924 	1720.9  (8.8783157894254074,)
333	100  	582.068	574.29 	9.9787 	1727.39 (8.8783157894254074,)
334	100  	606.926	550.825	13.0129	1706.99 (8.8783157894254074,)
335	100  	620.862	561.688	9.69419	1717.96 (8.8783157894254074,)
336	100  	622.064	551.13 	14.2366	1750.41 (8.8783157894254074,)
337	100  	596.846	569.082	10.2784	1718.28 (8.8783157894254074,)
338	100  	633.882	544.701	11.757 	1702.04 (8.8783157894254074,)
339	100  	580.529	564.116	10.1043	1737.86 (8.8783157894254074,)
340	100  	581.94 	576.858	10.621 	1746.25 (8.8783157894254074,)
341	100  	566.546	575.17 	8.69338	1735.36 (8.6933819426695056,)
342	100  	581.645	573.487	10.0802	1712.52 (8.6933819426695056,)
343	100  	588.222	571.056	12.4194	1761.39 (8.6933819426695056,)
344	100  	581.611	573.169	12.3489	1723.37 (8.6933819426695056,)
345	100  	600.014	560.775	10.0231	1766.56 (8.6933819426695056,)
346	100  	568.399	565.791	14.9653	1712.29 (8.6933819426695056,)
347	100  	542.667	572.889	11.1217	1761.57 (8.6933819426695056,)
348	100  	558.21 	567.055	10.874 	1763.08 (8.6933819426695056,)
349	100  	569.268	564.583	11.0923	1730.36 (8.6933819426695056,)
350	100  	532.511	584.299	9.43973	1719.01 (8.6933819426695056,)
351	100  	540.714	584.315	9.13797	1742.39 (8.6933819426695056,)
352	100  	543.677	586.037	8.31247	1750.62 (8.3124709129035335,)
353	100  	567.246	590.762	10.6203	1740.4  (8.3124709129035335,)
354	100  	549.901	579.439	10.4525	1770.23 (8.3124709129035335,)
355	100  	562.605	569.678	11.9374	1732.34 (8.3124709129035335,)
356	100  	571.017	575.265	11.4488	1777.36 (8.3124709129035335,)
357	100  	579.319	572.984	12.4098	1721.14 (8.3124709129035335,)
358	100  	599.474	562.355	10.6105	1772.57 (8.3124709129035335,)
359	100  	608.931	566.696	9.10538	1726.88 (8.3124709129035335,)
360	100  	595.741	561.745	9.55357	1714.73 (8.3124709129035335,)
361	100  	560.276	581.952	10.7811	1681.63 (8.3124709129035335,)
362	100  	562.093	592.647	8.7368 	1729.94 (8.3124709129035335,)
363	100  	574.577	571.573	11.9213	1743.08 (8.3124709129035335,)
364	100  	558.773	574.39 	9.26346	1711.96 (8.3124709129035335,)
365	100  	553.721	584.844	11.4607	1761.91 (8.3124709129035335,)
366	100  	576.081	566.135	10.2663	1733.22 (8.3124709129035335,)
367	100  	594.83 	578.571	10.5882	1761.25 (8.3124709129035335,)
368	100  	559.191	573.932	12.3927	1722.77 (8.3124709129035335,)
369	100  	574    	568.559	10.3544	1688.53 (8.3124709129035335,)
370	100  	573.056	560.472	15.3228	1763.23 (8.3124709129035335,)
371	100  	573.713	573.721	7.57706	1722.33 (7.5770588298839714,)
372	100  	561.027	582.346	9.63128	1732.18 (7.5770588298839714,)
373	100  	558.946	584.37 	8.75828	1768.89 (7.5770588298839714,)
374	100  	587.093	586.248	9.4499 	1765.27 (7.5770588298839714,)
375	100  	586.449	579.888	9.27403	1735.65 (7.5770588298839714,)
376	100  	556.909	582.839	12.0924	1760.07 (7.5770588298839714,)
377	100  	569.198	572.318	8.60222	1762.57 (7.5770588298839714,)
378	100  	568.441	596.196	9.98329	1714.52 (7.5770588298839714,)
379	100  	550.738	589.823	10.6177	1716.42 (7.5770588298839714,)
380	100  	587.711	586.509	10.0184	1734.07 (7.5770588298839714,)
381	100  	566.646	592.034	11.4446	1714.23 (7.5770588298839714,)
382	100  	539.199	603.69 	9.23426	1775.91 (7.5770588298839714,)
383	100  	546.614	575.642	10.1209	1732.75 (7.5770588298839714,)
384	100  	542.672	603.495	10.4282	1714.58 (7.5770588298839714,)
385	100  	540.418	592.307	8.29006	1749.07 (7.5770588298839714,)
386	100  	565.037	592.347	10.3965	1731.43 (7.5770588298839714,)
387	100  	535.133	591.355	9.93153	1775.26 (7.5770588298839714,)
388	100  	544.044	571.984	12.492 	1763.64 (7.5770588298839714,)
389	100  	539.452	585.423	13.9646	1757.56 (7.5770588298839714,)
390	100  	556.793	590.613	9.84402	1727.41 (7.5770588298839714,)
391	100  	550.763	593.934	10.0641	1752.7  (7.5770588298839714,)
392	100  	542.365	588.981	7.56505	1748.89 (7.565045044772206,)
393	100  	546.798	589.652	13.721 	1718.9  (7.565045044772206,)
394	100  	561.439	586.553	9.97243	1712.97 (7.565045044772206,)
395	100  	583.83 	579.251	9.41084	1740.79 (7.565045044772206,)
396	100  	577.31 	581.812	8.32612	1744.67 (7.565045044772206,)
397	100  	557.756	575.352	11.6937	1739.25 (7.565045044772206,)
398	100  	575.518	573.225	10.394 	1738.46 (7.565045044772206,)
399	100  	578.477	568.677	12.1697	1685.37 (7.565045044772206,)
400	100  	598.887	555.683	12.8819	1697.33 (7.565045044772206,)
401	100  	555.094	596.114	10.0246	1735.94 (7.565045044772206,)
402	100  	598.304	568.064	8.39792	1729.59 (7.565045044772206,)
403	100  	594.139	578.817	8.35489	1759.18 (7.565045044772206,)
404	100  	592.538	584.252	9.28762	1720.7  (7.565045044772206,)
405	100  	588.18 	572.676	8.92356	1763.84 (7.565045044772206,)
406	100  	608.391	583.577	11.6097	1754.72 (7.565045044772206,)
407	100  	547.697	579.755	8.34213	1719.33 (7.565045044772206,)
408	100  	547.256	597.478	10.4679	1744.24 (7.565045044772206,)
409	100  	554.106	595.488	12.6703	1769.19 (7.565045044772206,)
410	100  	588.924	584.11 	9.92157	1735.03 (7.565045044772206,)
411	100  	565.975	589.446	9.5553 	1729.38 (7.565045044772206,)
412	100  	568.554	577.456	7.44851	1711.76 (7.4485050122833067,)
413	100  	528.947	601.962	12.7003	1766.39 (7.4485050122833067,)
414	100  	550.869	586.517	10.2805	1755.44 (7.4485050122833067,)
415	100  	549.947	589.046	8.30886	1766.41 (7.4485050122833067,)
416	100  	570.158	591.038	9.81681	1768.86 (7.4485050122833067,)
417	100  	549.819	586.871	8.64037	1735.63 (7.4485050122833067,)
418	100  	563.438	574.081	8.96551	1697.49 (7.4485050122833067,)
419	100  	556.581	585.606	11.0755	1695.38 (7.4485050122833067,)
420	100  	577.281	568.813	8.49254	1715.92 (7.4485050122833067,)
421	100  	543.605	582.387	11.4854	1727.89 (7.4485050122833067,)
422	100  	562.94 	575.363	7.94697	1736.37 (7.4485050122833067,)
423	100  	552.362	581.954	9.13828	1721.48 (7.4485050122833067,)
424	100  	546.198	598.323	9.27689	1750.84 (7.4485050122833067,)
425	100  	562.848	586.782	10.8852	1752.61 (7.4485050122833067,)
426	100  	560.268	589.008	8.79226	1757.78 (7.4485050122833067,)
427	100  	564.997	583.752	7.14077	1706.05 (7.140772688574895,)
428	100  	539.617	603.205	8.40518	1743.6  (7.140772688574895,)
429	100  	532.275	594.508	8.01624	1739.52 (7.140772688574895,)
430	100  	539.651	606.263	11.4484	1739.92 (7.140772688574895,)
431	100  	571.403	582.708	9.23894	1758.8  (7.140772688574895,)
432	100  	584.217	586.507	9.56887	1760.13 (7.140772688574895,)
433	100  	539.814	585.275	8.5027 	1729.41 (7.140772688574895,)
434	100  	546.53 	599.724	10.0838	1709.37 (7.140772688574895,)
435	100  	562.886	598.622	8.92338	1727.01 (7.140772688574895,)
436	100  	552.108	592.493	9.47919	1691.76 (7.140772688574895,)
437	100  	549.702	591.252	10.3636	1741.69 (7.140772688574895,)
438	100  	541.973	606.567	10.3564	1735.45 (7.140772688574895,)
439	100  	577.537	594.55 	8.74914	1751.07 (7.140772688574895,)
440	100  	550.825	597.46 	11.7997	1773.26 (7.140772688574895,)
441	100  	528.409	606.903	9.17718	1769.22 (7.140772688574895,)
442	100  	532.298	604.022	10.4282	1768.12 (7.140772688574895,)
443	100  	530.315	591.542	9.15944	1765.69 (7.140772688574895,)
444	100  	523.173	596.901	8.74681	1754.19 (7.140772688574895,)
445	100  	551.255	593.451	8.27708	1737.72 (7.140772688574895,)
446	100  	558.466	576.38 	10.4269	1752.22 (7.140772688574895,)
447	100  	558.266	584.675	9.49246	1762.17 (7.140772688574895,)
448	100  	552.85 	589.935	9.45813	1753.52 (7.140772688574895,)
449	100  	503.849	575.197	9.22627	1736.95 (7.140772688574895,)
450	100  	538.852	578.335	11.2779	1733.98 (7.140772688574895,)
451	100  	522.184	591.85 	8.30909	1742.49 (7.140772688574895,)
452	100  	515.888	594.789	12.9994	1758.07 (7.140772688574895,)
453	100  	550.869	589.795	8.43748	1761.52 (7.140772688574895,)
454	100  	533.902	582.411	9.60045	1749.5  (7.140772688574895,)
455	100  	534.317	578.888	11.0196	1727.52 (7.140772688574895,)
456	100  	537.293	589.932	9.49361	1735.02 (7.140772688574895,)
457	100  	559.217	594.425	7.99382	1741.15 (7.140772688574895,)
458	100  	541.633	570.897	7.168  	1726.41 (7.140772688574895,)
459	100  	543.614	579.55 	8.35452	1758.96 (7.140772688574895,)
460	100  	508.707	592.371	7.01291	1763.12 (7.0129065206268928,)
461	100  	526.815	574.257	12.0824	1724.76 (7.0129065206268928,)
462	100  	522.774	575.9  	7.50846	1757.17 (7.0129065206268928,)
463	100  	526.735	570.632	10.9064	1754.42 (7.0129065206268928,)
464	100  	520.245	582.637	7.17957	1738.87 (7.0129065206268928,)
465	100  	530.812	587.395	10.2689	1759.59 (7.0129065206268928,)
466	100  	558.806	563.979	12.189 	1750.92 (7.0129065206268928,)
467	100  	543.301	577.721	16.3497	1735.24 (7.0129065206268928,)
468	100  	541.838	574.242	12.0688	1742.21 (7.0129065206268928,)
469	100  	548.244	576.474	7.77253	1722.2  (7.0129065206268928,)
470	100  	553.517	578.469	15.7565	1706.86 (7.0129065206268928,)
471	100  	549.598	586.616	7.73896	1728.15 (7.0129065206268928,)
472	100  	549.245	584.653	8.4184 	1765.46 (7.0129065206268928,)
473	100  	523.69 	592.663	11.4421	1732.05 (7.0129065206268928,)
474	100  	558.461	585.672	10.3463	1744.04 (7.0129065206268928,)
475	100  	552.459	576.551	13.3813	1739.51 (7.0129065206268928,)
476	100  	543.637	587.629	10.3041	1744.22 (7.0129065206268928,)
477	100  	523.305	598.351	10.3432	1728.21 (7.0129065206268928,)
478	100  	558.091	588.872	8.88043	1740.55 (7.0129065206268928,)
479	100  	541.476	590.423	7.63044	1774.55 (7.0129065206268928,)
480	100  	558.245	579.452	9.08796	1766.46 (7.0129065206268928,)
481	100  	523.547	587.474	9.94295	1722.59 (7.0129065206268928,)
482	100  	529.367	581.189	12.1689	1731.7  (7.0129065206268928,)
483	100  	538.606	562.312	12.7394	1750.96 (7.0129065206268928,)
484	100  	543.464	561.948	18.1464	1691.9  (7.0129065206268928,)
485	100  	561.552	576.685	10.6869	1733.86 (7.0129065206268928,)
486	100  	541.185	579.751	12.3959	1717.89 (7.0129065206268928,)
487	100  	552.473	578.689	9.86464	1764.27 (7.0129065206268928,)
488	100  	521.696	590.115	12.0534	1754.51 (7.0129065206268928,)
489	100  	511.67 	592.586	10.8628	1723.13 (7.0129065206268928,)
490	100  	542.381	581.178	8.63872	1699.41 (7.0129065206268928,)
491	100  	546.707	573.147	9.94585	1700.38 (7.0129065206268928,)
492	100  	525.21 	576.749	8.58415	1728.24 (7.0129065206268928,)
493	100  	542.703	583.432	8.47738	1759.28 (7.0129065206268928,)
494	100  	543.539	586.078	9.18349	1744.18 (7.0129065206268928,)
495	100  	533.141	581.263	8.55398	1719.64 (7.0129065206268928,)
496	100  	525.002	590.13 	10.3517	1721.43 (7.0129065206268928,)
497	100  	534.945	574.782	9.7333 	1720.88 (7.0129065206268928,)
498	100  	511.355	588.788	7.71288	1764.8  (7.0129065206268928,)
499	100  	525.152	576.521	9.14267	1743.14 (7.0129065206268928,)
