In file included from /usr/lib/python2.7/dist-packages/numpy/core/include/numpy/ndarraytypes.h:1761:0,
                 from /usr/lib/python2.7/dist-packages/numpy/core/include/numpy/ndarrayobject.h:17,
                 from /usr/lib/python2.7/dist-packages/numpy/core/include/numpy/arrayobject.h:4,
                 from /home/pinojc/.cache/scipy/python27_compiled/sc_9bade30717731f645b30a512f757f0fa1228.cpp:22:
/usr/lib/python2.7/dist-packages/numpy/core/include/numpy/npy_1_7_deprecated_api.h:15:2: warning: #warning "Using deprecated NumPy API, disable it by " "#defining NPY_NO_DEPRECATED_API NPY_1_7_API_VERSION" [-Wcpp]
 #warning "Using deprecated NumPy API, disable it by " \
  ^
gen	evals	avg    	std    	min    	max    
0  	100  	909.886	371.507	94.3911	1820.42 (94.391099255651724,)
1  	100  	883.212	362.247	130.149	1827.42 (94.391099255651724,)
2  	100  	854.684	374.411	84.0668	1795.76 (84.066767458638367,)
3  	100  	834.148	367.449	58.4317	1703.44 (58.431680901299053,)
4  	100  	759.22 	378.906	65.1592	1619.7  (58.431680901299053,)
5  	100  	684.567	396.3  	59.8784	1858.4  (58.431680901299053,)
6  	100  	613.75 	366.731	41.4264	1675.72 (41.42644646534962,)
7  	100  	550.908	368.219	25.4841	1500.07 (25.484125655617834,)
8  	100  	483.745	362.051	25.9727	1481.51 (25.484125655617834,)
9  	100  	415.514	370.691	30.5484	1470.73 (25.484125655617834,)
10 	100  	381.233	394.336	18.6542	1748.55 (18.654237073231197,)
11 	100  	331.355	367.298	22.8726	1664.96 (18.654237073231197,)
12 	100  	294.443	361.938	22.7977	1612.8  (18.654237073231197,)
13 	100  	270.683	384.766	14.1989	1813.68 (14.198906406366342,)
14 	100  	238.258	357.925	17.2765	1727.46 (14.198906406366342,)
15 	100  	241.528	375.103	15.1305	1745.64 (14.198906406366342,)
16 	100  	211.953	340.58 	15.2994	1577.41 (14.198906406366342,)
17 	100  	229.027	362.259	16.11  	1687.83 (14.198906406366342,)
18 	100  	204.896	359.338	13.4454	1737.85 (13.445410823404501,)
19 	100  	206.784	384.699	12.4228	1653.51 (12.422807387115288,)
20 	100  	216.733	374.497	12.1496	1679.68 (12.149636834486865,)
21 	100  	206.561	373.215	11.6088	1583.67 (11.608789314098699,)
22 	100  	198.284	375.874	11.2423	1849.8  (11.242295667398047,)
23 	100  	227.282	384.723	10.7769	1696.24 (10.776890182647438,)
24 	100  	224.488	389.76 	10.8238	1689.78 (10.776890182647438,)
25 	100  	220.088	386.126	11.143 	1683.36 (10.776890182647438,)
26 	100  	214.708	368.16 	10.6653	1611.12 (10.665270047808461,)
27 	100  	206.653	346.639	10.9479	1392.04 (10.665270047808461,)
28 	100  	209.438	361.54 	10.7757	1655.01 (10.665270047808461,)
29 	100  	215.865	356.642	10.0779	1556.48 (10.077864964570823,)
30 	100  	228.339	378.954	9.83239	1700.59 (9.8323938921678824,)
31 	100  	221.584	384.628	9.89824	1679.42 (9.8323938921678824,)
32 	100  	237.86 	389.213	10.1708	1648.77 (9.8323938921678824,)
33 	100  	214.047	365.346	10.0092	1570.53 (9.8323938921678824,)
34 	100  	216.953	382.007	9.76068	1669.32 (9.7606820399358316,)
35 	100  	208.559	372.36 	10.3251	1637.19 (9.7606820399358316,)
36 	100  	208.43 	373.046	10.4491	1590.75 (9.7606820399358316,)
37 	100  	211.063	386.109	10.1285	1776.69 (9.7606820399358316,)
38 	100  	219.164	369.662	9.54546	1555.33 (9.5454579329588132,)
39 	100  	215.204	386.736	9.49663	1561.63 (9.4966334577598293,)
40 	100  	214.582	385.662	9.73605	1591.27 (9.4966334577598293,)
41 	100  	220.116	375.457	9.07446	1472.94 (9.0744606351073287,)
42 	100  	209.598	373.719	9.37884	1638.48 (9.0744606351073287,)
43 	100  	206.191	369.778	9.39578	1675.47 (9.0744606351073287,)
44 	100  	216.716	373.997	8.84905	1667.77 (8.849053556228565,)
45 	100  	213.268	379.365	8.79829	1586.47 (8.7982880701224584,)
46 	100  	215.44 	363.668	9.03588	1425.92 (8.7982880701224584,)
47 	100  	193.293	351.68 	8.98738	1333.44 (8.7982880701224584,)
48 	100  	200.979	371.437	9.53571	1656.46 (8.7982880701224584,)
49 	100  	204.961	375.913	8.21367	1642.53 (8.2136690172340998,)
50 	100  	207.978	385.31 	8.38203	1663.77 (8.2136690172340998,)
51 	100  	190.336	355.429	8.47081	1566.06 (8.2136690172340998,)
52 	100  	197.705	376.425	7.71218	1648.63 (7.7121753952948948,)
53 	100  	196.107	377.701	8.04753	1668.74 (7.7121753952948948,)
54 	100  	192.592	372.45 	8.10541	1619.37 (7.7121753952948948,)
55 	100  	185.26 	370.863	7.38964	1562.63 (7.3896396059214418,)
56 	100  	196.059	366.739	8.3332 	1546.78 (7.3896396059214418,)
57 	100  	202.423	388.873	7.93   	1562.3  (7.3896396059214418,)
58 	100  	194.852	361.866	7.38899	1463.36 (7.3889872548149054,)
59 	100  	183.141	357.689	7.59025	1586.77 (7.3889872548149054,)
60 	100  	196.943	372.773	7.4072 	1757.45 (7.3889872548149054,)
61 	100  	197.629	357.634	7.94343	1422.62 (7.3889872548149054,)
62 	100  	197.621	371.317	7.35431	1759.25 (7.354305453309629,)
63 	100  	196.505	366.351	7.39638	1472.4  (7.354305453309629,)
64 	100  	199.517	373.272	6.67033	1731.46 (6.6703251318863215,)
65 	100  	191.487	363.774	6.43233	1601.67 (6.4323308473248844,)
66 	100  	173.55 	350.272	7.42583	1429.33 (6.4323308473248844,)
67 	100  	168.914	338.016	6.65323	1549.39 (6.4323308473248844,)
68 	100  	187.158	360.932	6.5147 	1581.41 (6.4323308473248844,)
69 	100  	177.182	342.748	7.13218	1555.53 (6.4323308473248844,)
70 	100  	177.884	335.985	6.71855	1522.56 (6.4323308473248844,)
71 	100  	189.43 	359.952	7.44633	1814.29 (6.4323308473248844,)
72 	100  	175.077	333.16 	7.29911	1553.58 (6.4323308473248844,)
73 	100  	179.363	337.52 	6.76863	1760.64 (6.4323308473248844,)
74 	100  	162.67 	325.352	6.96756	1466.32 (6.4323308473248844,)
75 	100  	171.133	348.522	6.88304	1594.06 (6.4323308473248844,)
76 	100  	181.948	338.776	6.88239	1454.88 (6.4323308473248844,)
77 	100  	179.827	371.904	6.52444	1760.01 (6.4323308473248844,)
78 	100  	168.874	359.633	6.53133	1561.58 (6.4323308473248844,)
79 	100  	174.665	346.359	6.76226	1353.07 (6.4323308473248844,)
80 	100  	176.128	344.437	6.59624	1497.03 (6.4323308473248844,)
81 	100  	164.789	342.378	6.78851	1538.26 (6.4323308473248844,)
82 	100  	161.295	325.766	7.05272	1520.12 (6.4323308473248844,)
83 	100  	163.448	323.9  	5.94543	1467.15 (5.9454276958825449,)
84 	100  	163.056	327.487	5.98286	1306.78 (5.9454276958825449,)
85 	100  	163.12 	332.67 	6.06452	1489.33 (5.9454276958825449,)
86 	100  	160.292	318.492	6.6707 	1476.9  (5.9454276958825449,)
87 	100  	163.842	321.328	5.76671	1564.66 (5.7667119335299226,)
88 	100  	161.022	314.61 	6.77511	1585.03 (5.7667119335299226,)
89 	100  	153.026	312.56 	5.70906	1573.4  (5.709060640378735,)
90 	100  	146.822	311.52 	5.4637 	1456.69 (5.4636979216330586,)
91 	100  	146.667	292.005	5.65776	1182.61 (5.4636979216330586,)
92 	100  	153.268	331.016	5.2666 	1506.62 (5.2665960221832764,)
93 	100  	156.085	325.501	5.71037	1484.83 (5.2665960221832764,)
94 	100  	161.233	323.43 	5.44626	1552.25 (5.2665960221832764,)
95 	100  	153.454	325.793	6.41708	1373.62 (5.2665960221832764,)
96 	100  	160.718	340.681	5.91222	1608.92 (5.2665960221832764,)
97 	100  	157.159	319.272	4.94015	1423.77 (4.9401482221988369,)
98 	100  	161.941	343.373	4.65071	1543.84 (4.6507056377031191,)
99 	100  	167.042	347.083	4.84836	1685.79 (4.6507056377031191,)
100	100  	164.071	320.537	5.26529	1700.48 (4.6507056377031191,)
101	100  	154.233	314.113	5.18424	1490.97 (4.6507056377031191,)
102	100  	149.796	314.673	5.29473	1578.63 (4.6507056377031191,)
103	100  	143.487	298.583	4.89414	1648.43 (4.6507056377031191,)
104	100  	135.914	272.384	4.92362	1213.52 (4.6507056377031191,)
105	100  	149.894	293.366	4.88957	1271.24 (4.6507056377031191,)
106	100  	149.388	288.02 	4.03987	1175.32 (4.0398660918183937,)
107	100  	137.55 	285.274	5.0957 	1314.25 (4.0398660918183937,)
108	100  	140.47 	306.611	6.09339	1620.41 (4.0398660918183937,)
109	100  	154.612	324.129	4.40538	1501.26 (4.0398660918183937,)
110	100  	149.591	314.469	4.39921	1425.06 (4.0398660918183937,)
111	100  	151.642	319.629	4.24752	1496.63 (4.0398660918183937,)
112	100  	147.409	327.957	5.22912	1434.54 (4.0398660918183937,)
113	100  	141.825	310.275	4.72815	1691.51 (4.0398660918183937,)
114	100  	150.673	326.289	4.93281	1571.25 (4.0398660918183937,)
115	100  	152.719	325.922	4.4881 	1576.52 (4.0398660918183937,)
116	100  	157    	317.54 	4.77869	1450.6  (4.0398660918183937,)
117	100  	138.339	290.531	4.64932	1296.29 (4.0398660918183937,)
118	100  	142.901	306.46 	4.31144	1420.98 (4.0398660918183937,)
119	100  	134.878	277.797	4.04249	1147.61 (4.0398660918183937,)
120	100  	130.698	291.294	4.57502	1242.79 (4.0398660918183937,)
121	100  	145.076	328.402	4.71955	1646.16 (4.0398660918183937,)
122	100  	148.203	327.18 	4.33808	1589.48 (4.0398660918183937,)
123	100  	150.785	319.675	4.27299	1516.44 (4.0398660918183937,)
124	100  	150.26 	318.111	4.71058	1534.96 (4.0398660918183937,)
125	100  	146.867	317.355	4.32396	1599.18 (4.0398660918183937,)
126	100  	150.928	311.992	4.5867 	1652.39 (4.0398660918183937,)
127	100  	142.042	309.713	4.6824 	1405.09 (4.0398660918183937,)
128	100  	154.445	327.33 	4.07662	1556.88 (4.0398660918183937,)
129	100  	149.64 	322.148	4.79413	1538.68 (4.0398660918183937,)
130	100  	148.853	315.727	3.83571	1504.55 (3.8357085357710101,)
131	100  	139.28 	313.885	4.5117 	1421.33 (3.8357085357710101,)
132	100  	139.33 	321.201	4.24285	1430.47 (3.8357085357710101,)
133	100  	146.527	330.347	4.48565	1558.11 (3.8357085357710101,)
134	100  	148.689	331.965	4.33408	1665.75 (3.8357085357710101,)
135	100  	149.591	315.551	3.9889 	1472.82 (3.8357085357710101,)
136	100  	150.459	303.526	4.04954	1256.8  (3.8357085357710101,)
137	100  	153.187	321.789	4.5867 	1524.56 (3.8357085357710101,)
138	100  	145.161	319.756	3.95041	1552.81 (3.8357085357710101,)
139	100  	146.239	316.85 	4.9003 	1524.15 (3.8357085357710101,)
140	100  	139.819	291.762	4.30164	1388.89 (3.8357085357710101,)
141	100  	139.823	296.364	4.88417	1328.82 (3.8357085357710101,)
142	100  	146.713	315.916	4.56914	1518.82 (3.8357085357710101,)
143	100  	145.665	296.445	4.18918	1273.95 (3.8357085357710101,)
144	100  	142.136	320.954	3.83177	1680.57 (3.8317676727150078,)
145	100  	141.214	318.68 	4.49463	1538.63 (3.8317676727150078,)
146	100  	139.112	309.102	4.52918	1587.95 (3.8317676727150078,)
147	100  	139.502	285.541	4.12054	1285.58 (3.8317676727150078,)
148	100  	136.463	293.489	4.63711	1405.89 (3.8317676727150078,)
149	100  	138.254	306.838	4.14641	1508.95 (3.8317676727150078,)
150	100  	133.557	296.643	4.76805	1507.48 (3.8317676727150078,)
151	100  	141.01 	296.51 	3.49912	1387.44 (3.4991235044800404,)
152	100  	139.02 	291.156	3.71802	1358.1  (3.4991235044800404,)
153	100  	141.378	317.455	3.41906	1603.72 (3.4190552798611562,)
154	100  	149.209	330.569	4.06783	1625.47 (3.4190552798611562,)
155	100  	150.311	321.956	3.37011	1678.1  (3.3701063183091242,)
156	100  	139.307	303.016	3.25465	1306.6  (3.2546458230877691,)
157	100  	165.498	327.369	4.27438	1548.31 (3.2546458230877691,)
158	100  	149.821	320.959	3.92173	1509.7  (3.2546458230877691,)
159	100  	141.701	300.485	3.89515	1315.52 (3.2546458230877691,)
160	100  	158.291	302.447	3.70552	1325.5  (3.2546458230877691,)
161	100  	140.011	289.249	4.33011	1375.32 (3.2546458230877691,)
162	100  	156.939	327.29 	4.15433	1496.61 (3.2546458230877691,)
163	100  	156.236	309.617	3.49965	1478.91 (3.2546458230877691,)
164	100  	148.71 	285.23 	3.44932	1320.93 (3.2546458230877691,)
165	100  	146.543	293.653	3.3117 	1401.86 (3.2546458230877691,)
166	100  	148.661	292.486	2.78144	1192.78 (2.7814438600865419,)
167	100  	132.353	271.221	2.74865	1129.56 (2.7486478544429218,)
168	100  	140.61 	280.84 	3.12489	1478.84 (2.7486478544429218,)
169	100  	147.135	292.504	2.89602	1336.18 (2.7486478544429218,)
170	100  	149.846	302.53 	3.14223	1386.45 (2.7486478544429218,)
171	100  	146.074	303.777	2.32769	1401.76 (2.3276938501291484,)
172	100  	144.087	314.655	3.52742	1554.55 (2.3276938501291484,)
173	100  	142.712	315.527	2.91542	1597.07 (2.3276938501291484,)
174	100  	142.096	314.581	2.84353	1530.8  (2.3276938501291484,)
175	100  	143.338	317.205	2.91643	1571.98 (2.3276938501291484,)
176	100  	132.591	280.607	4.79142	1220.03 (2.3276938501291484,)
177	100  	125.568	283.552	2.95467	1232.7  (2.3276938501291484,)
178	100  	132.919	298.559	2.88454	1546.13 (2.3276938501291484,)
179	100  	131.737	283.683	2.47864	1423.12 (2.3276938501291484,)
180	100  	135.667	293.804	2.81912	1451.32 (2.3276938501291484,)
181	100  	137.506	277.236	2.95059	1506.2  (2.3276938501291484,)
182	100  	139.417	287.9  	2.6565 	1457.58 (2.3276938501291484,)
183	100  	140.62 	321.022	2.48967	1631.86 (2.3276938501291484,)
184	100  	139.809	299.071	3.07208	1450.19 (2.3276938501291484,)
185	100  	148.262	303.742	3.46367	1583.93 (2.3276938501291484,)
186	100  	126.906	298.539	2.99501	1548.15 (2.3276938501291484,)
187	100  	144.319	303.597	2.7449 	1552.41 (2.3276938501291484,)
188	100  	132.777	295.286	2.64638	1423.46 (2.3276938501291484,)
189	100  	138.584	299.802	2.33526	1457.42 (2.3276938501291484,)
190	100  	126.807	284.034	3.20738	1471.08 (2.3276938501291484,)
191	100  	124.32 	296.109	2.73439	1493.3  (2.3276938501291484,)
192	100  	131.206	311.102	2.77292	1574.95 (2.3276938501291484,)
193	100  	122.32 	275.402	3.36903	1366.73 (2.3276938501291484,)
194	100  	114.741	241.267	2.95732	1440.74 (2.3276938501291484,)
195	100  	120.616	275.789	2.46125	1474.64 (2.3276938501291484,)
196	100  	118.042	254.865	2.62208	1603.1  (2.3276938501291484,)
197	100  	120.277	262.159	2.95502	1288.8  (2.3276938501291484,)
198	100  	128.836	275.739	2.44795	1461.89 (2.3276938501291484,)
199	100  	121.733	276.421	2.94641	1398.69 (2.3276938501291484,)
200	100  	121.33 	257.358	2.77676	1340.54 (2.3276938501291484,)
201	100  	110.416	240.813	2.73137	1186.47 (2.3276938501291484,)
202	100  	114.691	241.485	3.51276	1310.29 (2.3276938501291484,)
203	100  	116.409	244.824	3.87455	1352.22 (2.3276938501291484,)
204	100  	104.852	217.742	2.89847	1135.08 (2.3276938501291484,)
205	100  	103.114	233.116	2.78383	1287.86 (2.3276938501291484,)
206	100  	108.511	245.169	3.23762	1339.74 (2.3276938501291484,)
207	100  	108.924	240.13 	2.45611	1293.89 (2.3276938501291484,)
208	100  	106.186	236.852	2.77994	1286.51 (2.3276938501291484,)
209	100  	112.477	241.686	2.70092	1340.34 (2.3276938501291484,)
210	100  	118.776	264.631	3.00998	1494.41 (2.3276938501291484,)
211	100  	116.419	254.444	2.78848	1275.98 (2.3276938501291484,)
212	100  	113.709	252.884	3.15619	1304.37 (2.3276938501291484,)
213	100  	109.079	251.256	2.46583	1291.14 (2.3276938501291484,)
214	100  	98.6139	236.136	2.81417	1338.85 (2.3276938501291484,)
215	100  	105.583	236.734	2.43599	1238.88 (2.3276938501291484,)
216	100  	100.009	229.781	3.39507	1212.6  (2.3276938501291484,)
217	100  	97.6587	213.049	2.58115	1077.96 (2.3276938501291484,)
218	100  	112.144	221.32 	2.79264	1126.07 (2.3276938501291484,)
219	100  	106.09 	219.492	2.89481	1253.1  (2.3276938501291484,)
220	100  	110.252	235.497	2.89676	1290.97 (2.3276938501291484,)
221	100  	100.016	230.377	2.63789	1132.73 (2.3276938501291484,)
222	100  	104.258	225.185	2.23122	1155.54 (2.2312186627975747,)
223	100  	108.663	236.175	2.74096	1199.63 (2.2312186627975747,)
224	100  	112.895	226.999	2.44593	1317.78 (2.2312186627975747,)
225	100  	110.957	225.429	2.98915	1177.74 (2.2312186627975747,)
226	100  	121.755	237.452	2.99038	1217.85 (2.2312186627975747,)
227	100  	112.981	245.284	2.60287	1249.02 (2.2312186627975747,)
228	100  	108.545	242.432	2.53008	1235.41 (2.2312186627975747,)
229	100  	117.47 	242.227	2.75402	1368.33 (2.2312186627975747,)
230	100  	105.626	232.705	2.02328	1249.79 (2.0232809329120593,)
231	100  	99.9607	216.599	2.65097	1149.58 (2.0232809329120593,)
232	100  	103.972	246.362	2.54081	1262.1  (2.0232809329120593,)
233	100  	104.8  	249.566	2.61261	1327    (2.0232809329120593,)
234	100  	112.334	266.177	3.39462	1451.4  (2.0232809329120593,)
235	100  	108.65 	241.406	2.15876	1142.51 (2.0232809329120593,)
236	100  	117.45 	261.468	2.26223	1367.28 (2.0232809329120593,)
237	100  	118.941	255.245	2.11709	1329.57 (2.0232809329120593,)
238	100  	114.508	245.691	2.6876 	1283.38 (2.0232809329120593,)
239	100  	108.762	238.071	2.18939	1260.89 (2.0232809329120593,)
240	100  	111.555	242.711	2.18228	1207.86 (2.0232809329120593,)
241	100  	117.322	258.3  	2.94858	1311.88 (2.0232809329120593,)
242	100  	110.383	242.031	2.54044	1272.15 (2.0232809329120593,)
243	100  	111.92 	240.307	1.80442	1150.21 (1.804421332930404,)
244	100  	111.364	254.82 	2.20067	1282.36 (1.804421332930404,)
245	100  	108.898	247.359	1.80267	1330.69 (1.8026682255714972,)
246	100  	109.386	228.718	2.27334	1108.52 (1.8026682255714972,)
247	100  	112.223	240.754	1.99614	1225.91 (1.8026682255714972,)
248	100  	110.319	231.923	1.96593	1216.26 (1.8026682255714972,)
249	100  	104.835	223.725	2.19025	1174.92 (1.8026682255714972,)
