In file included from /usr/lib/python2.7/dist-packages/numpy/core/include/numpy/ndarraytypes.h:1761:0,
                 from /usr/lib/python2.7/dist-packages/numpy/core/include/numpy/ndarrayobject.h:17,
                 from /usr/lib/python2.7/dist-packages/numpy/core/include/numpy/arrayobject.h:4,
                 from /home/pinojc/.cache/scipy/python27_compiled/sc_9bade30717731f645b30a512f757f0fa1301.cpp:22:
/usr/lib/python2.7/dist-packages/numpy/core/include/numpy/npy_1_7_deprecated_api.h:15:2: warning: #warning "Using deprecated NumPy API, disable it by " "#defining NPY_NO_DEPRECATED_API NPY_1_7_API_VERSION" [-Wcpp]
 #warning "Using deprecated NumPy API, disable it by " \
  ^
gen	evals	avg    	std    	min    	max    
0  	100  	858.541	402.535	87.8578	1749.68 (87.857760655613276,)
1  	100  	838.402	417.731	45.4682	1735.68 (45.46817717308835,)
2  	100  	786.208	422.43 	62.3899	1706.56 (45.46817717308835,)
3  	100  	739.25 	423.217	42.9418	1778.28 (42.941825203983832,)
4  	100  	674.765	422.351	42.3719	1816.71 (42.371930719852514,)
5  	100  	614.497	420.755	39.3996	1756.07 (39.399592336919277,)
6  	100  	541.146	367.8  	35.064 	1521.52 (35.064023591976991,)
7  	100  	499.257	352.642	35.202 	1374.38 (35.064023591976991,)
8  	100  	420.401	325.019	32.8409	1413.35 (32.84093791744175,)
9  	100  	353.736	294.631	38.0509	1425.18 (32.84093791744175,)
10 	100  	305.205	293.442	27.0729	1538.2  (27.072883429839763,)
11 	100  	256.972	293.278	25.9482	1461.23 (25.948237605410146,)
12 	100  	220.989	261.921	25.0992	1330.09 (25.099214156956577,)
13 	100  	192.107	271.854	21.7472	1481.67 (21.747214674322766,)
14 	100  	155.413	251.064	17.6034	1404.38 (17.603378095388258,)
15 	100  	147.786	250.483	21.3555	1377.5  (17.603378095388258,)
16 	100  	149.316	265.719	16.8042	1412.05 (16.804155715883201,)
17 	100  	135.283	243.723	16.8541	1295.69 (16.804155715883201,)
18 	100  	139.732	260.599	16.8749	1325.57 (16.804155715883201,)
19 	100  	137.259	253.809	15.8177	1396.23 (15.817733976061866,)
20 	100  	144.04 	283.377	16.3959	1443.99 (15.817733976061866,)
21 	100  	141.784	271.962	14.3371	1363.94 (14.337146109634501,)
22 	100  	139.734	258.237	14.418 	1339.22 (14.337146109634501,)
23 	100  	129.914	242.854	15.4921	1318.36 (14.337146109634501,)
24 	100  	130.937	235.182	12.9686	1414.61 (12.968579434315769,)
25 	100  	135.085	240.193	13.1016	1187.88 (12.968579434315769,)
26 	100  	135.22 	222.07 	13.7653	1078.93 (12.968579434315769,)
27 	100  	129.148	222.638	13.0225	1272.86 (12.968579434315769,)
28 	100  	116.154	198.013	14.49  	1176.5  (12.968579434315769,)
29 	100  	110.412	204.79 	12.3346	1205.84 (12.334566921546134,)
30 	100  	112.521	210.283	13.1517	1113.73 (12.334566921546134,)
31 	100  	105.855	214.569	13.0838	1244.58 (12.334566921546134,)
32 	100  	107.762	210.701	12.0743	1174.74 (12.074341845455301,)
33 	100  	115.432	207.242	11.7572	1278.13 (11.75717745091139,)
34 	100  	108.393	194.646	11.6373	1147.84 (11.637320279075743,)
35 	100  	102.61 	195.451	11.3993	1291.78 (11.399268428141465,)
36 	100  	103.641	215.128	11.9005	1313.77 (11.399268428141465,)
37 	100  	92.3763	207.915	10.5784	1366.65 (10.578353700208389,)
38 	100  	113.779	220.411	11.0207	1361.84 (10.578353700208389,)
39 	100  	105.552	206.647	11.5932	1240.76 (10.578353700208389,)
40 	100  	100.334	202.937	11.2672	1281.39 (10.578353700208389,)
41 	100  	101.921	197.777	11.2473	1411.44 (10.578353700208389,)
42 	100  	90.6262	196.064	10.6407	1351.88 (10.578353700208389,)
43 	100  	95.6785	191.949	10.4923	1275.31 (10.492259616109481,)
44 	100  	95.7769	195.103	11.1997	1193.35 (10.492259616109481,)
45 	100  	96.1323	201.666	10.8749	1307.3  (10.492259616109481,)
46 	100  	91.0531	194.871	10.8354	1272.64 (10.492259616109481,)
47 	100  	94.7034	198.892	10.2564	1160.97 (10.256425193719679,)
48 	100  	99.2568	192.328	10.6637	1149.67 (10.256425193719679,)
49 	100  	93.4308	206.867	10.8374	1364.45 (10.256425193719679,)
50 	100  	101.621	208.332	10.9234	1262.24 (10.256425193719679,)
51 	100  	99.2445	203.643	10.8611	1203.16 (10.256425193719679,)
52 	100  	96.5195	195.015	10.7642	1177.09 (10.256425193719679,)
53 	100  	99.3601	196.49 	11.4797	1241.95 (10.256425193719679,)
54 	100  	108.609	197.389	10.4981	1095.51 (10.256425193719679,)
55 	100  	102.321	213.079	11.4391	1170.33 (10.256425193719679,)
56 	100  	102.668	215.875	10.6456	1232.78 (10.256425193719679,)
57 	100  	105.901	214.679	10.5683	1293.65 (10.256425193719679,)
58 	100  	103.32 	205.631	10.5712	1365.45 (10.256425193719679,)
59 	100  	106.213	199.854	10.3979	1232.23 (10.256425193719679,)
60 	100  	104.881	197.567	10.5995	1185.26 (10.256425193719679,)
61 	100  	101.058	190.867	10.5369	1283.74 (10.256425193719679,)
62 	100  	107.563	207.241	10.4045	1233.98 (10.256425193719679,)
63 	100  	103.944	209.577	10.5493	1296.87 (10.256425193719679,)
64 	100  	98.6086	195.693	10.2954	1297.49 (10.256425193719679,)
65 	100  	98.3351	191.894	10.3702	1220.17 (10.256425193719679,)
66 	100  	93.0943	203.743	10.5118	1483.06 (10.256425193719679,)
67 	100  	100.197	208.141	10.1168	1327.63 (10.11680205741774,)
68 	100  	93.0206	198.716	10.0839	1299.25 (10.083878145148169,)
69 	100  	103.964	202.4  	10.2453	1420.71 (10.083878145148169,)
70 	100  	99.3453	200.4  	9.8318 	1332.25 (9.831802315859882,)
71 	100  	90.8695	174.76 	10.4721	1100.69 (9.831802315859882,)
72 	100  	90.844 	187.62 	9.82001	1349.88 (9.8200133159764071,)
73 	100  	90.3612	201.987	9.60862	1330.23 (9.6086155288034494,)
74 	100  	86.9746	189.67 	10.5949	1271.98 (9.6086155288034494,)
75 	100  	97.3786	199.613	10.3849	1277.1  (9.6086155288034494,)
76 	100  	94.433 	202.013	10.3179	1376.62 (9.6086155288034494,)
77 	100  	99.3334	206.673	9.44589	1398.26 (9.4458868038086301,)
78 	100  	92.9291	197.611	9.33966	1323.34 (9.3396640321823394,)
79 	100  	93.6448	208.558	9.90862	1370.04 (9.3396640321823394,)
80 	100  	92.2986	195.625	10.001 	1275.94 (9.3396640321823394,)
81 	100  	97.4102	203.576	10.238 	1376.8  (9.3396640321823394,)
82 	100  	91.8678	192.573	10.1517	1397.89 (9.3396640321823394,)
83 	100  	99.3554	195.055	9.82247	1260.33 (9.3396640321823394,)
84 	100  	105.124	204.249	9.94517	1260.83 (9.3396640321823394,)
85 	100  	100.127	219.352	9.27921	1298.18 (9.2792051202044803,)
86 	100  	106.175	209.23 	9.24451	1301.96 (9.2445079574959834,)
87 	100  	102.073	212.01 	10.2552	1246.03 (9.2445079574959834,)
88 	100  	98.7849	214.949	9.56447	1270.57 (9.2445079574959834,)
89 	100  	102.57 	214.324	10.2137	1196.36 (9.2445079574959834,)
90 	100  	99.5307	206.995	10.4915	1177.83 (9.2445079574959834,)
91 	100  	95.102 	213.629	10.4259	1332.6  (9.2445079574959834,)
92 	100  	86.8739	182.271	9.57493	1113.97 (9.2445079574959834,)
93 	100  	86.7382	197.87 	9.82257	1504.26 (9.2445079574959834,)
94 	100  	87.4282	192.385	10.1425	1332.04 (9.2445079574959834,)
95 	100  	85.7891	173.581	9.26469	1257.09 (9.2445079574959834,)
96 	100  	82.6032	189.979	9.76722	1324.08 (9.2445079574959834,)
97 	100  	88.2561	197.902	9.35885	1320.64 (9.2445079574959834,)
98 	100  	90.0207	191.721	9.78207	1213.21 (9.2445079574959834,)
99 	100  	85.9818	185.275	9.60496	1163    (9.2445079574959834,)
100	100  	99.6511	205.361	8.61016	1212.25 (8.6101561810187857,)
101	100  	99.5526	221.387	9.01236	1377.28 (8.6101561810187857,)
102	100  	98.0771	214.74 	9.35912	1361.06 (8.6101561810187857,)
103	100  	98.3968	187.456	9.01387	1158.77 (8.6101561810187857,)
104	100  	94.4706	189.574	8.88842	1231.14 (8.6101561810187857,)
105	100  	92.9958	198.786	8.4796 	1248.5  (8.4796026498134704,)
106	100  	92.0673	186.001	8.75971	1109.14 (8.4796026498134704,)
107	100  	89.9607	184.257	8.22825	1223.16 (8.2282486277499913,)
108	100  	93.7151	177.054	8.3239 	1248.76 (8.2282486277499913,)
109	100  	97.8098	202.224	8.4464 	1441.21 (8.2282486277499913,)
110	100  	94.1083	208.256	8.76195	1232.63 (8.2282486277499913,)
111	100  	87.4229	203.343	9.24844	1440.32 (8.2282486277499913,)
112	100  	89.5285	195.209	8.41108	1341.73 (8.2282486277499913,)
113	100  	101.917	199.309	8.81214	1282.03 (8.2282486277499913,)
114	100  	102.604	202.757	8.36281	1378.59 (8.2282486277499913,)
115	100  	103.199	192.349	8.2545 	1140.18 (8.2282486277499913,)
116	100  	100.472	201.218	8.48495	1243.04 (8.2282486277499913,)
117	100  	95.5398	192.36 	8.99404	1174.61 (8.2282486277499913,)
118	100  	96.0615	193.63 	9.02053	1202.99 (8.2282486277499913,)
119	100  	93.7373	193.621	8.41665	1282.9  (8.2282486277499913,)
120	100  	93.6226	207.432	8.13837	1255.95 (8.1383691050197058,)
121	100  	94.0354	198.528	8.15259	1243.98 (8.1383691050197058,)
122	100  	102.375	209.751	8.37437	1165.95 (8.1383691050197058,)
123	100  	101.369	202.258	8.47906	1122.65 (8.1383691050197058,)
124	100  	97.133 	190.054	8.22214	1112.14 (8.1383691050197058,)
125	100  	95.212 	193.404	8.58148	1255.67 (8.1383691050197058,)
126	100  	83.2965	167.818	9.22808	1131.51 (8.1383691050197058,)
127	100  	97.8316	205.242	8.48963	1400.1  (8.1383691050197058,)
128	100  	108.01 	200.479	8.80802	1266.42 (8.1383691050197058,)
129	100  	102.413	217.731	8.05038	1372.7  (8.0503820534434087,)
130	100  	104.382	220.165	7.88991	1384.58 (7.8899148046355529,)
131	100  	101.659	199.438	7.97684	1319.63 (7.8899148046355529,)
132	100  	102.592	196.239	8.3662 	1207.49 (7.8899148046355529,)
133	100  	112.751	199.868	8.1727 	1270.66 (7.8899148046355529,)
134	100  	98.0969	191.363	7.78775	1127.02 (7.7877469485089863,)
135	100  	93.037 	199.095	7.39854	1266.67 (7.3985378273724614,)
136	100  	90.261 	164.868	8.52867	1131.42 (7.3985378273724614,)
137	100  	99.4821	169.935	7.3731 	1176.22 (7.3730960351951813,)
138	100  	101.982	168.404	7.46481	1221.32 (7.3730960351951813,)
139	100  	95.108 	177.676	8.01641	1498.6  (7.3730960351951813,)
140	100  	98.8323	182.17 	7.62548	1363.88 (7.3730960351951813,)
141	100  	91.46  	181.454	7.74388	1322.62 (7.3730960351951813,)
142	100  	82.2538	157.741	8.08158	1103.12 (7.3730960351951813,)
143	100  	81.4788	147.528	8.24   	1019.07 (7.3730960351951813,)
144	100  	81.6771	160.491	7.31569	1067.82 (7.3156935296123677,)
145	100  	91.8994	178.639	7.42341	1225.18 (7.3156935296123677,)
146	100  	94.8758	174.699	7.46297	1173.06 (7.3156935296123677,)
147	100  	83.4133	164.674	7.33392	1178.85 (7.3156935296123677,)
148	100  	92.8979	160.506	6.64056	1097.07 (6.640561375531993,)
149	100  	87.9195	168.695	7.30877	1217.09 (6.640561375531993,)
150	100  	102.912	165.344	7.24737	1144.81 (6.640561375531993,)
151	100  	86.7776	163.691	8.14831	1126.04 (6.640561375531993,)
152	100  	80.1544	167.579	7.06932	1108.41 (6.640561375531993,)
153	100  	77.0944	163.362	7.59411	1090.33 (6.640561375531993,)
154	100  	80.2861	157.268	6.91648	1009.55 (6.640561375531993,)
155	100  	86.2656	171.982	7.03472	1133.96 (6.640561375531993,)
156	100  	81.495 	163.572	6.78332	1189.44 (6.640561375531993,)
157	100  	81.2895	184.321	7.13647	1524.68 (6.640561375531993,)
158	100  	78.7516	178.692	7.72932	1455.87 (6.640561375531993,)
159	100  	79.9939	177.53 	6.99597	1450.13 (6.640561375531993,)
160	100  	78.6894	145.063	6.88461	1283.61 (6.640561375531993,)
161	100  	82.0154	151.672	6.91343	1390.71 (6.640561375531993,)
162	100  	83.9265	164.31 	7.27265	1442.4  (6.640561375531993,)
163	100  	83.3979	145.007	8.21896	1227.21 (6.640561375531993,)
164	100  	77.9262	130.615	7.50506	1102.61 (6.640561375531993,)
165	100  	76.4116	164.214	6.33298	1433.02 (6.3329769318865887,)
166	100  	78.3447	135.768	6.80879	1029.99 (6.3329769318865887,)
167	100  	78.4057	155.791	7.79559	1176.73 (6.3329769318865887,)
168	100  	78.9546	165.162	7.29962	1385.33 (6.3329769318865887,)
169	100  	78.3406	154.965	6.96524	1105.72 (6.3329769318865887,)
170	100  	74.5397	145.628	7.86698	1127.26 (6.3329769318865887,)
171	100  	83.6443	161.914	6.47887	1136.44 (6.3329769318865887,)
172	100  	85.9659	171.25 	6.70952	1372.87 (6.3329769318865887,)
173	100  	81.6472	170.931	6.8853 	1376.15 (6.3329769318865887,)
174	100  	79.6867	144.886	6.99627	1072.65 (6.3329769318865887,)
175	100  	76.896 	144.372	6.93513	1007.92 (6.3329769318865887,)
176	100  	70.7791	136.762	6.84085	1082.29 (6.3329769318865887,)
177	100  	80.3435	145.728	6.8555 	1088.48 (6.3329769318865887,)
178	100  	80.986 	163.318	6.17046	1268.96 (6.1704583221219194,)
179	100  	84.1914	175.075	6.31915	1454.65 (6.1704583221219194,)
180	100  	76.1373	151.06 	6.74779	1117.79 (6.1704583221219194,)
181	100  	81.5026	144.049	6.26603	1077.46 (6.1704583221219194,)
182	100  	79.0845	152.575	6.61362	1231.05 (6.1704583221219194,)
183	100  	82.9945	164.092	7.09259	1252.91 (6.1704583221219194,)
184	100  	72.698 	143.704	7.01562	1114.53 (6.1704583221219194,)
185	100  	73.5277	144.325	6.04543	1169.12 (6.0454312886130426,)
186	100  	71.3222	146.178	6.30368	1146.62 (6.0454312886130426,)
187	100  	70.2326	140.72 	6.13763	1111.87 (6.0454312886130426,)
188	100  	77.9473	154.852	6.99363	1126.11 (6.0454312886130426,)
189	100  	74.6575	140.533	7.00503	1025.81 (6.0454312886130426,)
190	100  	71.5458	127.547	5.666  	1052.39 (5.6659952103763134,)
191	100  	70.1441	149.574	7.3775 	1105.28 (5.6659952103763134,)
192	100  	69.9064	125.928	6.99446	1052.79 (5.6659952103763134,)
193	100  	64.5524	151.408	6.22677	1306.98 (5.6659952103763134,)
194	100  	71.5219	159.718	6.06118	1354.55 (5.6659952103763134,)
195	100  	74.8447	134.89 	5.71836	1118.2  (5.6659952103763134,)
196	100  	68.8856	138.434	6.10619	1197.47 (5.6659952103763134,)
197	100  	80.3345	148.296	6.127  	1235.74 (5.6659952103763134,)
198	100  	74.8278	144.677	6.55251	1135.44 (5.6659952103763134,)
199	100  	70.9878	130.892	5.46957	1095.28 (5.4695732081671995,)
200	100  	72.1997	131.971	6.65321	1174.99 (5.4695732081671995,)
201	100  	65.0038	125.658	5.21978	1095.85 (5.2197814046151034,)
202	100  	78.0863	127.826	6.1519 	1088.83 (5.2197814046151034,)
203	100  	73.4223	148.344	6.34807	1284.5  (5.2197814046151034,)
204	100  	68.6841	148.522	5.59829	1244.82 (5.2197814046151034,)
205	100  	78.6506	139.395	4.94669	1297.28 (4.9466891953933443,)
206	100  	71.5757	171.256	5.1565 	1490.33 (4.9466891953933443,)
207	100  	70.8875	151.137	5.54053	1098.58 (4.9466891953933443,)
208	100  	63.6426	143.493	5.83059	1206.45 (4.9466891953933443,)
209	100  	64.9996	135.866	5.21733	1233.28 (4.9466891953933443,)
210	100  	65.0634	121.519	5.25188	1136.17 (4.9466891953933443,)
211	100  	71.0715	125.58 	5.61695	1088.93 (4.9466891953933443,)
212	100  	69.9035	143.346	4.98244	1252.47 (4.9466891953933443,)
213	100  	65.671 	130.187	5.85074	1105.28 (4.9466891953933443,)
214	100  	69.465 	121.893	5.14107	1102.56 (4.9466891953933443,)
215	100  	56.5256	125.446	6.21999	1174.49 (4.9466891953933443,)
216	100  	70.3384	154.298	5.62992	1219.36 (4.9466891953933443,)
217	100  	64.0193	123.185	5.56059	1070.08 (4.9466891953933443,)
218	100  	57.5436	111.821	5.32405	1020.17 (4.9466891953933443,)
219	100  	68.0778	126.451	5.15081	1058.47 (4.9466891953933443,)
220	100  	58.4123	124.96 	4.79971	1153.08 (4.7997077146287843,)
221	100  	65.5899	146.874	5.40661	1336.88 (4.7997077146287843,)
222	100  	69.8843	125.84 	4.45   	1134.36 (4.4499973890771258,)
223	100  	57.2629	137.866	4.45597	1158.31 (4.4499973890771258,)
224	100  	77.424 	141.881	5.80241	1221.71 (4.4499973890771258,)
225	100  	66.5126	127.409	4.45302	1058.07 (4.4499973890771258,)
226	100  	70.2922	116.559	4.662  	997.867 (4.4499973890771258,)
227	100  	67.3995	112.921	4.55684	1028.93 (4.4499973890771258,)
228	100  	64.3148	122.148	3.99401	1070.14 (3.9940094918610756,)
229	100  	77.6336	128.723	5.29584	1140.46 (3.9940094918610756,)
230	100  	67.4375	147.366	4.35004	1252.01 (3.9940094918610756,)
231	100  	75.0002	147.612	4.92518	1141.74 (3.9940094918610756,)
232	100  	69.5477	147.992	4.07287	1176.45 (3.9940094918610756,)
233	100  	65.0658	146.09 	4.41974	1274.12 (3.9940094918610756,)
234	100  	62.8889	138.478	4.84523	1091.7  (3.9940094918610756,)
235	100  	58.3898	142.006	4.3917 	1109.47 (3.9940094918610756,)
236	100  	64.2484	136.225	4.27181	1042.11 (3.9940094918610756,)
237	100  	70.3718	149.778	4.85513	1073.7  (3.9940094918610756,)
238	100  	68.8338	141.206	4.11363	1187.23 (3.9940094918610756,)
239	100  	60.839 	123.148	5.34532	1110.83 (3.9940094918610756,)
240	100  	64.2168	139.863	4.39801	1071.68 (3.9940094918610756,)
241	100  	71.3155	148.068	4.55012	1115.8  (3.9940094918610756,)
242	100  	76.2478	160.282	3.89092	1216.82 (3.8909226343004928,)
243	100  	74.9282	156.004	4.33177	1212.06 (3.8909226343004928,)
244	100  	67.7971	151.624	4.38694	1175.33 (3.8909226343004928,)
245	100  	80.4093	162.01 	4.35987	1257.22 (3.8909226343004928,)
246	100  	76.7744	153.053	4.63392	1168.49 (3.8909226343004928,)
247	100  	64.6766	129.841	3.48948	1115.03 (3.4894760758204142,)
248	100  	70.3147	119.542	3.96367	1039.89 (3.4894760758204142,)
249	100  	78.3018	147.323	3.64355	1256.37 (3.4894760758204142,)
