In file included from /usr/lib/python2.7/dist-packages/numpy/core/include/numpy/ndarraytypes.h:1761:0,
                 from /usr/lib/python2.7/dist-packages/numpy/core/include/numpy/ndarrayobject.h:17,
                 from /usr/lib/python2.7/dist-packages/numpy/core/include/numpy/arrayobject.h:4,
                 from /home/pinojc/.cache/scipy/python27_compiled/sc_9bade30717731f645b30a512f757f0fa1132.cpp:22:
/usr/lib/python2.7/dist-packages/numpy/core/include/numpy/npy_1_7_deprecated_api.h:15:2: warning: #warning "Using deprecated NumPy API, disable it by " "#defining NPY_NO_DEPRECATED_API NPY_1_7_API_VERSION" [-Wcpp]
 #warning "Using deprecated NumPy API, disable it by " \
  ^
gen	evals	avg    	std    	min    	max    
0  	100  	947.744	375.076	44.9991	1719.32 (44.999124077497591,)
1  	100  	922.738	379.041	50.0698	1681.2  (44.999124077497591,)
2  	100  	885.124	386.849	41.0531	1654.59 (41.053149658554645,)
3  	100  	844.7  	405.055	42.3708	1619.58 (41.053149658554645,)
4  	100  	814.24 	425.616	28.9145	1610.84 (28.914450149423725,)
5  	100  	790.476	426.594	25.1407	1608.07 (25.140664959197075,)
6  	100  	767.837	421.77 	35.8215	1611.9  (25.140664959197075,)
7  	100  	746.032	418.052	39.3518	1468.09 (25.140664959197075,)
8  	100  	710.101	413.574	24.4359	1456.62 (24.435906059710732,)
9  	100  	677.933	421.669	22.026 	1423.16 (22.026001843888878,)
10 	100  	645.188	441.056	25.8466	1504.52 (22.026001843888878,)
11 	100  	608.47 	444.875	33.07  	1423    (22.026001843888878,)
12 	100  	596.817	446.728	21.0434	1491.03 (21.043408834136503,)
13 	100  	574.615	457.281	24.4773	1586.53 (21.043408834136503,)
14 	100  	542.279	443.698	14.8538	1549.69 (14.853811023502489,)
15 	100  	501.636	411.572	11.4901	1460.07 (11.49013422173855,)
16 	100  	468.02 	417.038	19.0185	1567.47 (11.49013422173855,)
17 	100  	426.884	407.896	5.09847	1503.32 (5.0984654396404654,)
18 	100  	401.051	408.571	10.4851	1541.43 (5.0984654396404654,)
19 	100  	371.732	417.109	5.47892	1583.32 (5.0984654396404654,)
20 	100  	352.497	409.217	4.93024	1600.64 (4.9302370929523143,)
21 	100  	324.809	400.236	9.35067	1571.62 (4.9302370929523143,)
22 	100  	294.991	386.106	5.72038	1539.35 (4.9302370929523143,)
23 	100  	278.477	394.439	6.93098	1543.69 (4.9302370929523143,)
24 	100  	254.943	381.839	6.13313	1498.58 (4.9302370929523143,)
25 	100  	234.116	382.436	5.24819	1479.89 (4.9302370929523143,)
26 	100  	217.834	372.408	4.4031 	1403.71 (4.4031022562893414,)
27 	100  	200.413	368.707	4.50638	1497.75 (4.4031022562893414,)
28 	100  	189.822	370.257	4.82392	1581.38 (4.4031022562893414,)
29 	100  	179.283	355.923	4.25496	1490.84 (4.2549558915110417,)
30 	100  	175.328	357.317	3.98003	1519.58 (3.9800317882958129,)
31 	100  	165.606	362.622	3.99419	1504.68 (3.9800317882958129,)
32 	100  	153.502	347.456	4.05781	1528.53 (3.9800317882958129,)
33 	100  	156.612	353.876	4.15232	1543.67 (3.9800317882958129,)
34 	100  	147.362	330.917	4.01436	1523.77 (3.9800317882958129,)
35 	100  	144.888	326.644	3.85333	1533.06 (3.8533294856689255,)
36 	100  	141.794	329.428	3.95642	1469.15 (3.8533294856689255,)
37 	100  	138.465	329.592	3.96386	1481.25 (3.8533294856689255,)
38 	100  	134.923	332.678	3.77808	1509.23 (3.7780791775654867,)
39 	100  	132.966	328.884	3.8011 	1513.85 (3.7780791775654867,)
40 	100  	131.448	328.21 	3.79946	1530.28 (3.7780791775654867,)
41 	100  	135.606	335.464	3.83537	1536.83 (3.7780791775654867,)
42 	100  	128.56 	328.54 	3.84041	1511.27 (3.7780791775654867,)
43 	100  	127.43 	319.741	3.92246	1488.13 (3.7780791775654867,)
44 	100  	121.203	308.378	3.76885	1502.36 (3.7688547274561102,)
45 	100  	122.218	317.937	3.68937	1486.39 (3.6893683250496929,)
46 	100  	118.942	309.659	3.88644	1352.85 (3.6893683250496929,)
47 	100  	120.617	322.043	3.73462	1510.85 (3.6893683250496929,)
48 	100  	121.751	326.909	3.64906	1530.97 (3.649055346632637,)
49 	100  	114.64 	318.018	3.82872	1459.73 (3.649055346632637,)
50 	100  	116.838	324.012	3.8067 	1504.38 (3.649055346632637,)
51 	100  	115.909	319.563	3.63935	1515.94 (3.6393489258373153,)
52 	100  	115.212	310.177	3.63531	1480.8  (3.635306877837083,)
53 	100  	114.563	314.631	3.71368	1457.54 (3.635306877837083,)
54 	100  	118.468	316.892	3.53218	1493.12 (3.5321811398715894,)
55 	100  	117.555	311.62 	3.5184 	1508.8  (3.5184031746743272,)
56 	100  	115.541	314.692	3.42697	1500.64 (3.4269699810837797,)
57 	100  	113.092	317.388	3.46069	1439.92 (3.4269699810837797,)
58 	100  	119.892	319.243	3.38607	1521.51 (3.3860666387826606,)
59 	100  	111.119	296.898	3.48365	1305.78 (3.3860666387826606,)
60 	100  	109.957	300.533	3.26817	1374.44 (3.2681714438347638,)
61 	100  	117.028	322.758	3.33644	1459.95 (3.2681714438347638,)
62 	100  	117.656	317.741	3.24001	1461.65 (3.2400093326860291,)
63 	100  	115.489	314.856	3.30138	1443.05 (3.2400093326860291,)
64 	100  	112.041	306.724	3.37804	1458.81 (3.2400093326860291,)
65 	100  	110.094	292.682	3.18179	1405.25 (3.1817895440138573,)
66 	100  	105.727	283.042	3.31502	1397.92 (3.1817895440138573,)
67 	100  	104.859	285.245	3.2619 	1381.86 (3.1817895440138573,)
68 	100  	99.8331	274.499	3.22516	1371.16 (3.1817895440138573,)
69 	100  	101.311	283.921	3.40167	1479.05 (3.1817895440138573,)
70 	100  	101.58 	288.111	3.24726	1468.42 (3.1817895440138573,)
71 	100  	102.921	281.337	3.55268	1430.98 (3.1817895440138573,)
72 	100  	102.098	277.318	3.23921	1421.04 (3.1817895440138573,)
73 	100  	99.639 	281.449	3.18509	1443.8  (3.1817895440138573,)
74 	100  	100.173	284.303	3.41389	1464.24 (3.1817895440138573,)
75 	100  	100.07 	288.218	3.24074	1500.96 (3.1817895440138573,)
76 	100  	101.5  	294.745	3.21522	1552.31 (3.1817895440138573,)
77 	100  	101.194	293.967	3.01578	1510.34 (3.0157845369556853,)
78 	100  	100.795	293.636	2.90389	1531.33 (2.9038931763185349,)
79 	100  	100.642	293.117	2.9527 	1415.58 (2.9038931763185349,)
80 	100  	101.754	291.207	3.11527	1450.11 (2.9038931763185349,)
81 	100  	105.319	299.289	3.11701	1482.92 (2.9038931763185349,)
82 	100  	100.553	288.879	2.98884	1430.52 (2.9038931763185349,)
83 	100  	102.371	290.726	3.04885	1459.18 (2.9038931763185349,)
84 	100  	104.416	298.243	3.05621	1493.77 (2.9038931763185349,)
85 	100  	105.693	302.941	2.99527	1488.75 (2.9038931763185349,)
86 	100  	105.01 	299.26 	3.07369	1532.15 (2.9038931763185349,)
87 	100  	104.317	299.973	3.17207	1584.11 (2.9038931763185349,)
88 	100  	104.582	298.346	2.90201	1513.65 (2.902011388890493,)
89 	100  	104.691	299.482	2.95841	1522.14 (2.902011388890493,)
90 	100  	105.674	295.061	2.88006	1478.17 (2.8800594504265984,)
91 	100  	104.817	298.125	3.16038	1485.4  (2.8800594504265984,)
92 	100  	104.638	297.011	2.92266	1397.22 (2.8800594504265984,)
93 	100  	105.553	306.463	3.02484	1427.7  (2.8800594504265984,)
94 	100  	105.807	299.649	2.96198	1443.92 (2.8800594504265984,)
95 	100  	101.767	293.009	2.89437	1525.54 (2.8800594504265984,)
96 	100  	99.2904	290.953	3.06393	1533.61 (2.8800594504265984,)
97 	100  	102.043	282.255	2.90792	1321.78 (2.8800594504265984,)
98 	100  	103.73 	285.566	2.96185	1476.2  (2.8800594504265984,)
99 	100  	102.622	288.796	3.05783	1485.84 (2.8800594504265984,)
100	100  	100.633	283.843	2.96185	1434.1  (2.8800594504265984,)
101	100  	101.089	282.739	2.88023	1430.87 (2.8800594504265984,)
102	100  	99.6391	281.052	2.92482	1361.42 (2.8800594504265984,)
103	100  	101.032	277.867	2.9897 	1378.12 (2.8800594504265984,)
104	100  	96.892 	269.261	3.12804	1417.77 (2.8800594504265984,)
105	100  	101.511	281.897	3.09446	1357.99 (2.8800594504265984,)
106	100  	99.042 	279.684	3.18039	1394.63 (2.8800594504265984,)
107	100  	97.312 	284.208	2.86605	1419.89 (2.8660457115564033,)
108	100  	98.7918	284.956	2.91298	1329.82 (2.8660457115564033,)
109	100  	98.9499	284.34 	2.99021	1383.63 (2.8660457115564033,)
110	100  	98.079 	286.647	3.17487	1378.28 (2.8660457115564033,)
111	100  	99.7313	285.973	2.81331	1355.17 (2.8133093350969065,)
112	100  	99.9624	285.703	2.89338	1361.92 (2.8133093350969065,)
113	100  	97.9875	278.564	2.88911	1316.72 (2.8133093350969065,)
114	100  	98.6001	280.758	2.82044	1349.83 (2.8133093350969065,)
115	100  	95.0175	278.047	2.70688	1374.55 (2.7068821087271688,)
116	100  	92.8786	276.628	2.793  	1380.52 (2.7068821087271688,)
117	100  	93.309 	281.031	2.8675 	1523.02 (2.7068821087271688,)
118	100  	94.9061	278.327	2.7262 	1356.86 (2.7068821087271688,)
119	100  	95.3524	281.107	2.7868 	1439.38 (2.7068821087271688,)
120	100  	96.1999	286.924	2.73963	1419.78 (2.7068821087271688,)
121	100  	98.0288	287.126	2.8284 	1378.47 (2.7068821087271688,)
122	100  	97.1531	287.24 	2.96081	1441.58 (2.7068821087271688,)
123	100  	97.6088	290.641	2.79183	1490.88 (2.7068821087271688,)
124	100  	100.956	288.904	2.77642	1409.29 (2.7068821087271688,)
125	100  	97.3834	280.598	2.75185	1358.36 (2.7068821087271688,)
126	100  	96.0762	280.425	2.78001	1350.09 (2.7068821087271688,)
127	100  	96.1713	274.323	2.86262	1311.03 (2.7068821087271688,)
128	100  	94.2198	268.833	2.55021	1376.17 (2.5502120602770315,)
129	100  	93.3736	274.855	2.6151 	1434.41 (2.5502120602770315,)
130	100  	94.9359	275.887	2.7723 	1449.37 (2.5502120602770315,)
131	100  	98.0271	282.698	2.8612 	1483.68 (2.5502120602770315,)
132	100  	95.7769	281.737	2.57926	1422.35 (2.5502120602770315,)
133	100  	97.1979	276.389	2.62617	1371.64 (2.5502120602770315,)
134	100  	95.8863	280.24 	2.69154	1403.51 (2.5502120602770315,)
135	100  	94.1083	286.469	2.47681	1432.52 (2.476806514470375,)
136	100  	97.3373	289.257	2.59829	1395.17 (2.476806514470375,)
137	100  	97.9668	283.654	2.85393	1418.43 (2.476806514470375,)
138	100  	95.7497	272.362	2.5251 	1396.02 (2.476806514470375,)
139	100  	94.1851	278.831	2.61091	1421.38 (2.476806514470375,)
140	100  	99.1284	282.314	2.55707	1410.74 (2.476806514470375,)
141	100  	99.3865	288.683	2.51072	1491.92 (2.476806514470375,)
142	100  	97.3336	285.602	2.41943	1475.66 (2.4194328007796937,)
143	100  	93.0589	267.756	2.49163	1487.49 (2.4194328007796937,)
144	100  	89.1262	257.01 	2.5449 	1450.86 (2.4194328007796937,)
145	100  	87.5629	257.254	2.65054	1470.13 (2.4194328007796937,)
146	100  	86.5051	263.157	2.41515	1532.22 (2.4151458206067011,)
147	100  	83.22  	256.01 	2.40223	1378.92 (2.4022344053324454,)
148	100  	83.9021	258.507	2.46855	1354.51 (2.4022344053324454,)
149	100  	87.7254	261.556	2.56624	1481.38 (2.4022344053324454,)
150	100  	87.159 	258.703	2.4669 	1449.51 (2.4022344053324454,)
151	100  	82.9716	262.167	2.42027	1402.52 (2.4022344053324454,)
152	100  	86.4287	275.522	2.52175	1469.94 (2.4022344053324454,)
153	100  	83.5604	264.817	2.37391	1380.45 (2.3739094725027905,)
154	100  	83.2662	258.602	2.36074	1389.6  (2.360741027270473,)
155	100  	84.3065	263.551	2.34622	1412.88 (2.3462190061133605,)
156	100  	87.1549	269.87 	2.36314	1454.35 (2.3462190061133605,)
157	100  	87.0894	268.923	2.39463	1486.41 (2.3462190061133605,)
158	100  	86.4588	267.168	2.39693	1463.48 (2.3462190061133605,)
159	100  	87.0905	262.852	2.41814	1480.67 (2.3462190061133605,)
160	100  	80.1546	245.42 	2.48095	1450.54 (2.3462190061133605,)
161	100  	78.4145	243.337	2.28822	1468.99 (2.2882208730392866,)
162	100  	77.6652	240.771	2.22183	1412.92 (2.2218330402642947,)
163	100  	78.8953	237.973	2.35817	1361.36 (2.2218330402642947,)
164	100  	76.7622	232.347	2.35816	1334.69 (2.2218330402642947,)
165	100  	75.4872	232.299	2.36766	1407.35 (2.2218330402642947,)
166	100  	70.1332	231.198	2.28023	1478.54 (2.2218330402642947,)
167	100  	71.6396	235.253	2.47075	1468.47 (2.2218330402642947,)
168	100  	75.5181	239.827	2.16295	1532.54 (2.1629463156446311,)
169	100  	72.8549	238.064	2.14547	1509.08 (2.1454671135038796,)
170	100  	71.8263	229.471	2.39116	1485.73 (2.1454671135038796,)
171	100  	69.2699	224.786	2.23997	1416.03 (2.1454671135038796,)
172	100  	72.6526	220.905	2.32942	1410.14 (2.1454671135038796,)
173	100  	71.8551	230.544	2.20358	1461.44 (2.1454671135038796,)
174	100  	67.171 	232.987	2.12613	1470.48 (2.1261305110980318,)
175	100  	69.9462	235.045	2.18302	1506.44 (2.1261305110980318,)
176	100  	67.2601	232.364	2.26033	1476.49 (2.1261305110980318,)
177	100  	68.9322	226.353	2.20529	1442.96 (2.1261305110980318,)
178	100  	65.5526	220.619	2.13655	1364.43 (2.1261305110980318,)
179	100  	70.7134	228.303	2.15791	1452.57 (2.1261305110980318,)
180	100  	69.006 	230.2  	2.10669	1496.66 (2.1066946789050647,)
181	100  	66.7726	224.656	2.07161	1447.94 (2.0716147755048624,)
182	100  	61.7481	218.512	2.13878	1401.37 (2.0716147755048624,)
183	100  	63.6425	222.213	2.1951 	1443.41 (2.0716147755048624,)
184	100  	68.1591	222.88 	2.10286	1468.24 (2.0716147755048624,)
185	100  	67.3085	226.74 	2.0629 	1540.51 (2.0628951127842172,)
186	100  	64.3937	222.547	2.13174	1539.2  (2.0628951127842172,)
187	100  	64.6832	220.518	2.078  	1525.3  (2.0628951127842172,)
188	100  	64.5852	220.668	2.00117	1524.41 (2.0011667618611426,)
189	100  	63.659 	218.585	1.98779	1542.89 (1.9877878124106432,)
190	100  	63.0773	216.738	2.06701	1539.97 (1.9877878124106432,)
191	100  	62.8626	216.2  	1.99349	1492.16 (1.9877878124106432,)
192	100  	62.6673	212.625	2.01809	1413.84 (1.9877878124106432,)
193	100  	64.8247	215.303	2.00732	1447.51 (1.9877878124106432,)
194	100  	62.4911	217.781	1.92707	1433.72 (1.9270690440654346,)
195	100  	69.2984	225.342	1.95119	1451.66 (1.9270690440654346,)
196	100  	67.5061	219.953	1.98991	1437.69 (1.9270690440654346,)
197	100  	66.4161	215.848	2.06582	1402.38 (1.9270690440654346,)
198	100  	64.4406	218.404	2.09043	1431.39 (1.9270690440654346,)
199	100  	63.9034	216.223	2.01611	1396.37 (1.9270690440654346,)
200	100  	66.3909	214.505	2.15095	1397.56 (1.9270690440654346,)
201	100  	67.2117	215.9  	1.98662	1401.52 (1.9270690440654346,)
202	100  	65.91  	218.274	1.95787	1500.29 (1.9270690440654346,)
203	100  	66.2772	222.532	1.99772	1505.09 (1.9270690440654346,)
204	100  	66.4684	217.582	2.15039	1430.72 (1.9270690440654346,)
205	100  	66.2155	223.222	2.14308	1545.21 (1.9270690440654346,)
206	100  	68.4441	228.401	1.97262	1523.42 (1.9270690440654346,)
207	100  	63.9546	221.895	1.9104 	1484.15 (1.9103987398383964,)
208	100  	62.7571	216.741	1.95858	1446.76 (1.9103987398383964,)
209	100  	64.1242	212.44 	1.91122	1335.86 (1.9103987398383964,)
210	100  	65.5314	221.908	2.16028	1472    (1.9103987398383964,)
211	100  	68.5243	226.267	1.88879	1460.36 (1.8887857768928695,)
212	100  	66.2967	218.544	1.79785	1423.58 (1.7978474473467667,)
213	100  	66.499 	219.865	1.95529	1441.04 (1.7978474473467667,)
214	100  	66.7477	218.493	2.00045	1438.48 (1.7978474473467667,)
215	100  	65.7161	210.092	1.89599	1409.65 (1.7978474473467667,)
216	100  	64.4956	210.809	1.92159	1426.51 (1.7978474473467667,)
217	100  	67.1892	217.976	1.90518	1427.31 (1.7978474473467667,)
218	100  	66.6266	213.362	1.90623	1446.19 (1.7978474473467667,)
219	100  	63.7727	216.941	1.79302	1426.26 (1.7930237307743304,)
220	100  	64.5021	216.545	1.94222	1440.92 (1.7930237307743304,)
221	100  	63.9774	214.277	2.02268	1370.27 (1.7930237307743304,)
222	100  	63.9727	211.754	1.88481	1361.88 (1.7930237307743304,)
223	100  	60.5677	211.338	1.74793	1312.54 (1.7479304461038585,)
224	100  	63.0888	210.555	1.81909	1284.89 (1.7479304461038585,)
225	100  	64.2741	213.908	1.87493	1346.5  (1.7479304461038585,)
226	100  	64.583 	217.184	1.79334	1357.1  (1.7479304461038585,)
227	100  	64.7299	217.233	1.85157	1360.95 (1.7479304461038585,)
228	100  	65.6108	216.995	1.80131	1362.16 (1.7479304461038585,)
229	100  	64.8707	216.858	1.73644	1361.19 (1.7364422135799826,)
230	100  	62.7267	211.817	1.78756	1270.17 (1.7364422135799826,)
231	100  	66.0383	216.862	1.92549	1327.21 (1.7364422135799826,)
232	100  	63.4058	217.574	1.67405	1350.01 (1.6740544706236054,)
233	100  	62.2864	213.287	1.70185	1346.63 (1.6740544706236054,)
234	100  	65.8475	213.074	1.74562	1309.48 (1.6740544706236054,)
235	100  	64.1151	209.159	1.87592	1326.69 (1.6740544706236054,)
236	100  	63.9167	207.416	1.75107	1281.95 (1.6740544706236054,)
237	100  	62.4632	203.835	1.81456	1222.98 (1.6740544706236054,)
238	100  	65.3903	217.303	1.6987 	1394.52 (1.6740544706236054,)
239	100  	64.7016	218.528	1.73465	1432.81 (1.6740544706236054,)
240	100  	67.3478	220.407	1.80388	1416.66 (1.6740544706236054,)
241	100  	65.2069	215.119	1.68584	1424.85 (1.6740544706236054,)
242	100  	61.7121	208.052	1.79109	1354.94 (1.6740544706236054,)
243	100  	64.4088	211.899	1.70705	1377.9  (1.6740544706236054,)
244	100  	61.7912	210.387	1.66533	1365.56 (1.6653299533028425,)
245	100  	63.8436	216.994	1.75037	1359.04 (1.6653299533028425,)
246	100  	65.5561	215.959	1.67093	1360.17 (1.6653299533028425,)
247	100  	68.9594	224.061	1.73882	1428    (1.6653299533028425,)
248	100  	66.5237	222.525	1.73786	1453.84 (1.6653299533028425,)
249	100  	66.5482	228.676	1.70742	1518.51 (1.6653299533028425,)
